<<<<<<<< HEAD:logs/roofline/resnet18_children_bramble-4-5/1/10_size/4_1/speed_heatbramble-4-5-11.log
TIME:14:08:57
38628
cpu:average: 0.60, 0.73,,freq:frequency(48)=900000000,throttle_flag:throttled=0x50000,voltage:volt=1.2625V,volt=1.2500V,volt=1.2500V,volt=1.2250V
TIME:14:08:58
39166
cpu:average: 0.60, 0.73,,freq:frequency(48)=800000000,throttle_flag:throttled=0x50000,voltage:volt=1.2625V,volt=1.2500V,volt=1.2500V,volt=1.2250V
TIME:14:08:59
38628
cpu:average: 0.60, 0.73,,freq:frequency(48)=800000000,throttle_flag:throttled=0x50000,voltage:volt=1.2625V,volt=1.2500V,volt=1.2500V,volt=1.2250V
TIME:14:09:00
39166
cpu:average: 0.60, 0.73,,freq:frequency(48)=800000000,throttle_flag:throttled=0x50000,voltage:volt=1.2625V,volt=1.2500V,volt=1.2500V,volt=1.2250V
TIME:14:09:02
39704
cpu:average: 0.80, 0.77,,freq:frequency(48)=600000000,throttle_flag:throttled=0x50005,voltage:volt=1.2000V,volt=1.2500V,volt=1.2500V,volt=1.2250V
TIME:14:09:03
39704
cpu:average: 0.80, 0.77,,freq:frequency(48)=600000000,throttle_flag:throttled=0x50005,voltage:volt=1.2000V,volt=1.2500V,volt=1.2500V,volt=1.2250V
TIME:14:09:04
39704
cpu:average: 0.80, 0.77,,freq:frequency(48)=1400000000,throttle_flag:throttled=0x50000,voltage:volt=1.3625V,volt=1.2500V,volt=1.2500V,volt=1.2250V
TIME:14:09:05
39704
cpu:average: 0.80, 0.77,,freq:frequency(48)=1400000000,throttle_flag:throttled=0x50000,voltage:volt=1.3625V,volt=1.2500V,volt=1.2500V,volt=1.2250V
TIME:14:09:06
39704
cpu:average: 0.73, 0.76,,freq:frequency(48)=1400000000,throttle_flag:throttled=0x50000,voltage:volt=1.3625V,volt=1.2500V,volt=1.2500V,volt=1.2250V
TIME:14:09:07
40242
cpu:average: 0.73, 0.76,,freq:frequency(48)=1400000000,throttle_flag:throttled=0x50000,voltage:volt=1.3625V,volt=1.2500V,volt=1.2500V,volt=1.2250V
TIME:14:09:08
40242
cpu:average: 0.73, 0.76,,freq:frequency(48)=1400000000,throttle_flag:throttled=0x50000,voltage:volt=1.3625V,volt=1.2500V,volt=1.2500V,volt=1.2250V
TIME:14:09:09
40242
cpu:average: 0.73, 0.76,,freq:frequency(48)=1400000000,throttle_flag:throttled=0x50000,voltage:volt=1.3625V,volt=1.2500V,volt=1.2500V,volt=1.2250V
TIME:14:09:10
39704
cpu:average: 0.73, 0.76,,freq:frequency(48)=1400002000,throttle_flag:throttled=0x50000,voltage:volt=1.3625V,volt=1.2500V,volt=1.2500V,volt=1.2250V
TIME:14:09:12
40242
cpu:average: 0.83, 0.78,,freq:frequency(48)=1400000000,throttle_flag:throttled=0x50000,voltage:volt=1.3625V,volt=1.2500V,volt=1.2500V,volt=1.2250V
TIME:14:09:13
39704
cpu:average: 0.83, 0.78,,freq:frequency(48)=700000000,throttle_flag:throttled=0x50000,voltage:volt=1.2625V,volt=1.2500V,volt=1.2500V,volt=1.2250V
TIME:14:09:14
39704
cpu:average: 0.83, 0.78,,freq:frequency(48)=700000000,throttle_flag:throttled=0x50000,voltage:volt=1.2625V,volt=1.2500V,volt=1.2500V,volt=1.2250V
TIME:14:09:15
39166
cpu:average: 0.83, 0.78,,freq:frequency(48)=700000000,throttle_flag:throttled=0x50000,voltage:volt=1.2625V,volt=1.2500V,volt=1.2500V,volt=1.2250V
TIME:14:09:16
39704
cpu:average: 0.77, 0.77,,freq:frequency(48)=700000000,throttle_flag:throttled=0x50000,voltage:volt=1.2625V,volt=1.2500V,volt=1.2500V,volt=1.2250V
TIME:14:09:17
39166
cpu:average: 0.77, 0.77,,freq:frequency(48)=700000000,throttle_flag:throttled=0x50000,voltage:volt=1.2625V,volt=1.2500V,volt=1.2500V,volt=1.2250V
TIME:14:09:18
39704
cpu:average: 0.77, 0.77,,freq:frequency(48)=700000000,throttle_flag:throttled=0x50000,voltage:volt=1.2625V,volt=1.2500V,volt=1.2500V,volt=1.2250V
TIME:14:09:19
39704
cpu:average: 0.77, 0.77,,freq:frequency(48)=700000000,throttle_flag:throttled=0x50000,voltage:volt=1.2625V,volt=1.2500V,volt=1.2500V,volt=1.2250V
TIME:14:09:20
39704
cpu:average: 0.77, 0.77,,freq:frequency(48)=700000000,throttle_flag:throttled=0x50000,voltage:volt=1.2625V,volt=1.2500V,volt=1.2500V,volt=1.2250V
TIME:14:09:22
39166
cpu:average: 0.71, 0.75,,freq:frequency(48)=800000000,throttle_flag:throttled=0x50000,voltage:volt=1.2625V,volt=1.2500V,volt=1.2500V,volt=1.2250V
TIME:14:09:23
39166
cpu:average: 0.71, 0.75,,freq:frequency(48)=800000000,throttle_flag:throttled=0x50000,voltage:volt=1.2625V,volt=1.2500V,volt=1.2500V,volt=1.2250V
TIME:14:09:24
39166
cpu:average: 0.71, 0.75,,freq:frequency(48)=700000000,throttle_flag:throttled=0x50000,voltage:volt=1.2625V,volt=1.2500V,volt=1.2500V,volt=1.2250V
TIME:14:09:25
39166
cpu:average: 0.71, 0.75,,freq:frequency(48)=700000000,throttle_flag:throttled=0x50000,voltage:volt=1.2625V,volt=1.2500V,volt=1.2500V,volt=1.2250V
TIME:14:09:26
39166
cpu:average: 0.65, 0.74,,freq:frequency(48)=700000000,throttle_flag:throttled=0x50000,voltage:volt=1.2625V,volt=1.2500V,volt=1.2500V,volt=1.2250V
TIME:14:09:27
39704
cpu:average: 0.65, 0.74,,freq:frequency(48)=700000000,throttle_flag:throttled=0x50000,voltage:volt=1.2625V,volt=1.2500V,volt=1.2500V,volt=1.2250V
TIME:14:09:28
38628
cpu:average: 0.65, 0.74,,freq:frequency(48)=700000000,throttle_flag:throttled=0x50000,voltage:volt=1.2625V,volt=1.2500V,volt=1.2500V,volt=1.2250V
TIME:14:09:29
39704
cpu:average: 0.65, 0.74,,freq:frequency(48)=700000000,throttle_flag:throttled=0x50000,voltage:volt=1.2625V,volt=1.2500V,volt=1.2500V,volt=1.2250V
TIME:14:09:30
38628
cpu:average: 0.65, 0.74,,freq:frequency(48)=700000000,throttle_flag:throttled=0x50000,voltage:volt=1.2625V,volt=1.2500V,volt=1.2500V,volt=1.2250V
TIME:14:09:32
39704
cpu:average: 0.60, 0.73,,freq:frequency(48)=600000000,throttle_flag:throttled=0x50000,voltage:volt=1.2625V,volt=1.2500V,volt=1.2500V,volt=1.2250V
TIME:14:09:33
39166
cpu:average: 0.60, 0.73,,freq:frequency(48)=600000000,throttle_flag:throttled=0x50000,voltage:volt=1.2625V,volt=1.2500V,volt=1.2500V,volt=1.2250V
TIME:14:09:34
39166
cpu:average: 0.60, 0.73,,freq:frequency(48)=700000000,throttle_flag:throttled=0x50000,voltage:volt=1.2625V,volt=1.2500V,volt=1.2500V,volt=1.2250V
TIME:14:09:35
39704
cpu:average: 0.60, 0.73,,freq:frequency(48)=800000000,throttle_flag:throttled=0x50000,voltage:volt=1.2625V,volt=1.2500V,volt=1.2500V,volt=1.2250V
TIME:14:09:36
39166
cpu:average: 0.55, 0.72,,freq:frequency(48)=700000000,throttle_flag:throttled=0x50000,voltage:volt=1.2625V,volt=1.2500V,volt=1.2500V,volt=1.2250V
TIME:14:09:37
39704
cpu:average: 0.55, 0.72,,freq:frequency(48)=600000000,throttle_flag:throttled=0x50005,voltage:volt=1.2000V,volt=1.2500V,volt=1.2500V,volt=1.2250V
TIME:14:09:38
39704
cpu:average: 0.55, 0.72,,freq:frequency(48)=600000000,throttle_flag:throttled=0x50005,voltage:volt=1.2000V,volt=1.2500V,volt=1.2500V,volt=1.2250V
TIME:14:09:39
39704
cpu:average: 0.55, 0.72,,freq:frequency(48)=1400000000,throttle_flag:throttled=0x50000,voltage:volt=1.3625V,volt=1.2500V,volt=1.2500V,volt=1.2250V
TIME:14:09:40
39704
cpu:average: 0.55, 0.72,,freq:frequency(48)=1400000000,throttle_flag:throttled=0x50000,voltage:volt=1.3625V,volt=1.2500V,volt=1.2500V,volt=1.2250V
TIME:14:09:42
39704
cpu:average: 0.50, 0.70,,freq:frequency(48)=700000000,throttle_flag:throttled=0x50000,voltage:volt=1.2625V,volt=1.2500V,volt=1.2500V,volt=1.2250V
TIME:14:09:43
39704
cpu:average: 0.50, 0.70,,freq:frequency(48)=600000000,throttle_flag:throttled=0x50000,voltage:volt=1.2625V,volt=1.2500V,volt=1.2500V,volt=1.2250V
TIME:14:09:44
39704
cpu:average: 0.50, 0.70,,freq:frequency(48)=600000000,throttle_flag:throttled=0x50000,voltage:volt=1.2625V,volt=1.2500V,volt=1.2500V,volt=1.2250V
TIME:14:09:45
39704
cpu:average: 0.50, 0.70,,freq:frequency(48)=800000000,throttle_flag:throttled=0x50000,voltage:volt=1.2625V,volt=1.2500V,volt=1.2500V,volt=1.2250V
TIME:14:09:46
39166
cpu:average: 0.46, 0.69,,freq:frequency(48)=700000000,throttle_flag:throttled=0x50000,voltage:volt=1.2625V,volt=1.2500V,volt=1.2500V,volt=1.2250V
TIME:14:09:47
39704
cpu:average: 0.46, 0.69,,freq:frequency(48)=800000000,throttle_flag:throttled=0x50000,voltage:volt=1.2625V,volt=1.2500V,volt=1.2500V,volt=1.2250V
TIME:14:09:48
39704
cpu:average: 0.46, 0.69,,freq:frequency(48)=900000000,throttle_flag:throttled=0x50000,voltage:volt=1.2625V,volt=1.2500V,volt=1.2500V,volt=1.2250V
TIME:14:09:49
39166
cpu:average: 0.46, 0.69,,freq:frequency(48)=800000000,throttle_flag:throttled=0x50000,voltage:volt=1.2625V,volt=1.2500V,volt=1.2500V,volt=1.2250V
TIME:14:09:50
39166
cpu:average: 0.46, 0.69,,freq:frequency(48)=800000000,throttle_flag:throttled=0x50000,voltage:volt=1.2625V,volt=1.2500V,volt=1.2500V,volt=1.2250V
TIME:14:09:52
39166
cpu:average: 0.51, 0.70,,freq:frequency(48)=800000000,throttle_flag:throttled=0x50000,voltage:volt=1.2625V,volt=1.2500V,volt=1.2500V,volt=1.2250V
TIME:14:09:53
38628
cpu:average: 0.51, 0.70,,freq:frequency(48)=800000000,throttle_flag:throttled=0x50000,voltage:volt=1.2625V,volt=1.2500V,volt=1.2500V,volt=1.2250V
TIME:14:09:54
39166
cpu:average: 0.51, 0.70,,freq:frequency(48)=800000000,throttle_flag:throttled=0x50000,voltage:volt=1.2625V,volt=1.2500V,volt=1.2500V,volt=1.2250V
TIME:14:09:55
39166
cpu:average: 0.51, 0.70,,freq:frequency(48)=799998000,throttle_flag:throttled=0x50000,voltage:volt=1.2625V,volt=1.2500V,volt=1.2500V,volt=1.2250V
TIME:14:09:56
38628
cpu:average: 0.55, 0.70,,freq:frequency(48)=800000000,throttle_flag:throttled=0x50000,voltage:volt=1.2625V,volt=1.2500V,volt=1.2500V,volt=1.2250V
TIME:14:09:57
38628
cpu:average: 0.55, 0.70,,freq:frequency(48)=800000000,throttle_flag:throttled=0x50000,voltage:volt=1.2625V,volt=1.2500V,volt=1.2500V,volt=1.2250V
TIME:14:09:58
38628
cpu:average: 0.55, 0.70,,freq:frequency(48)=800000000,throttle_flag:throttled=0x50000,voltage:volt=1.2625V,volt=1.2500V,volt=1.2500V,volt=1.2250V
TIME:14:09:59
39166
cpu:average: 0.55, 0.70,,freq:frequency(48)=800000000,throttle_flag:throttled=0x50000,voltage:volt=1.2625V,volt=1.2500V,volt=1.2500V,volt=1.2250V
TIME:14:10:00
38628
cpu:average: 0.55, 0.70,,freq:frequency(48)=800000000,throttle_flag:throttled=0x50000,voltage:volt=1.2625V,volt=1.2500V,volt=1.2500V,volt=1.2250V
TIME:14:10:02
38628
cpu:average: 0.50, 0.69,,freq:frequency(48)=600000000,throttle_flag:throttled=0x50000,voltage:volt=1.2625V,volt=1.2500V,volt=1.2500V,volt=1.2250V
TIME:14:10:03
39166
cpu:average: 0.50, 0.69,,freq:frequency(48)=600000000,throttle_flag:throttled=0x50000,voltage:volt=1.2625V,volt=1.2500V,volt=1.2500V,volt=1.2250V
TIME:14:10:04
39166
cpu:average: 0.50, 0.69,,freq:frequency(48)=800000000,throttle_flag:throttled=0x50000,voltage:volt=1.2625V,volt=1.2500V,volt=1.2500V,volt=1.2250V
TIME:14:10:05
38628
cpu:average: 0.50, 0.69,,freq:frequency(48)=800000000,throttle_flag:throttled=0x50000,voltage:volt=1.2625V,volt=1.2500V,volt=1.2500V,volt=1.2250V
TIME:14:10:06
39166
cpu:average: 0.46, 0.68,,freq:frequency(48)=800000000,throttle_flag:throttled=0x50000,voltage:volt=1.2625V,volt=1.2500V,volt=1.2500V,volt=1.2250V
TIME:14:10:07
39166
cpu:average: 0.46, 0.68,,freq:frequency(48)=800000000,throttle_flag:throttled=0x50000,voltage:volt=1.2625V,volt=1.2500V,volt=1.2500V,volt=1.2250V
TIME:14:10:08
39166
cpu:average: 0.46, 0.68,,freq:frequency(48)=800000000,throttle_flag:throttled=0x50000,voltage:volt=1.2625V,volt=1.2500V,volt=1.2500V,volt=1.2250V
TIME:14:10:09
39166
cpu:average: 0.46, 0.68,,freq:frequency(48)=600000000,throttle_flag:throttled=0x50000,voltage:volt=1.2625V,volt=1.2500V,volt=1.2500V,volt=1.2250V
TIME:14:10:10
39166
cpu:average: 0.46, 0.68,,freq:frequency(48)=600000000,throttle_flag:throttled=0x50000,voltage:volt=1.2625V,volt=1.2500V,volt=1.2500V,volt=1.2250V
TIME:14:10:12
39166
cpu:average: 0.42, 0.67,,freq:frequency(48)=600000000,throttle_flag:throttled=0x50005,voltage:volt=1.2000V,volt=1.2500V,volt=1.2500V,volt=1.2250V
TIME:14:10:13
39704
cpu:average: 0.42, 0.67,,freq:frequency(48)=600000000,throttle_flag:throttled=0x50005,voltage:volt=1.2000V,volt=1.2500V,volt=1.2500V,volt=1.2250V
TIME:14:10:14
39704
cpu:average: 0.42, 0.67,,freq:frequency(48)=1400000000,throttle_flag:throttled=0x50000,voltage:volt=1.3625V,volt=1.2500V,volt=1.2500V,volt=1.2250V
TIME:14:10:15
40780
cpu:average: 0.42, 0.67,,freq:frequency(48)=1400000000,throttle_flag:throttled=0x50000,voltage:volt=1.3625V,volt=1.2500V,volt=1.2500V,volt=1.2250V
TIME:14:10:16
41318
cpu:average: 0.47, 0.67,,freq:frequency(48)=1400000000,throttle_flag:throttled=0x50000,voltage:volt=1.3625V,volt=1.2500V,volt=1.2500V,volt=1.2250V
========
TIME:14:08:08
39704
cpu:average: 1.08, 0.94,,freq:frequency(48)=800000000,throttle_flag:throttled=0x50000,voltage:volt=1.2625V,volt=1.2500V,volt=1.2500V,volt=1.2250V
TIME:14:08:09
40780
cpu:average: 1.08, 0.94,,freq:frequency(48)=600000000,throttle_flag:throttled=0x50005,voltage:volt=1.2000V,volt=1.2500V,volt=1.2500V,volt=1.2250V
TIME:14:08:11
41318
cpu:average: 1.31, 0.99,,freq:frequency(48)=600000000,throttle_flag:throttled=0x50005,voltage:volt=1.2000V,volt=1.2500V,volt=1.2500V,volt=1.2250V
TIME:14:08:12
41318
cpu:average: 1.31, 0.99,,freq:frequency(48)=1400000000,throttle_flag:throttled=0x50000,voltage:volt=1.3625V,volt=1.2500V,volt=1.2500V,volt=1.2250V
TIME:14:08:13
40780
cpu:average: 1.31, 0.99,,freq:frequency(48)=1400002000,throttle_flag:throttled=0x50000,voltage:volt=1.3625V,volt=1.2500V,volt=1.2500V,volt=1.2250V
TIME:14:08:14
40780
cpu:average: 1.31, 0.99,,freq:frequency(48)=800000000,throttle_flag:throttled=0x50000,voltage:volt=1.2625V,volt=1.2500V,volt=1.2500V,volt=1.2250V
TIME:14:08:15
40780
cpu:average: 1.21, 0.97,,freq:frequency(48)=1400000000,throttle_flag:throttled=0x50000,voltage:volt=1.3625V,volt=1.2500V,volt=1.2500V,volt=1.2250V
TIME:14:08:16
40780
cpu:average: 1.21, 0.97,,freq:frequency(48)=1400000000,throttle_flag:throttled=0x50000,voltage:volt=1.3625V,volt=1.2500V,volt=1.2500V,volt=1.2250V
TIME:14:08:17
40242
cpu:average: 1.21, 0.97,,freq:frequency(48)=1400000000,throttle_flag:throttled=0x50000,voltage:volt=1.3625V,volt=1.2500V,volt=1.2500V,volt=1.2250V
TIME:14:08:18
40780
cpu:average: 1.21, 0.97,,freq:frequency(48)=1400000000,throttle_flag:throttled=0x50000,voltage:volt=1.3625V,volt=1.2500V,volt=1.2500V,volt=1.2250V
TIME:14:08:19
40780
cpu:average: 1.21, 0.97,,freq:frequency(48)=700000000,throttle_flag:throttled=0x50000,voltage:volt=1.2625V,volt=1.2500V,volt=1.2500V,volt=1.2250V
TIME:14:08:20
40780
cpu:average: 1.11, 0.96,,freq:frequency(48)=600000000,throttle_flag:throttled=0x50000,voltage:volt=1.2625V,volt=1.2500V,volt=1.2500V,volt=1.2250V
TIME:14:08:22
39704
cpu:average: 1.11, 0.96,,freq:frequency(48)=600000000,throttle_flag:throttled=0x50000,voltage:volt=1.2625V,volt=1.2500V,volt=1.2500V,volt=1.2250V
TIME:14:08:23
39704
cpu:average: 1.11, 0.96,,freq:frequency(48)=600000000,throttle_flag:throttled=0x50000,voltage:volt=1.2625V,volt=1.2500V,volt=1.2500V,volt=1.2250V
TIME:14:08:24
39704
cpu:average: 1.11, 0.96,,freq:frequency(48)=600000000,throttle_flag:throttled=0x50000,voltage:volt=1.2625V,volt=1.2500V,volt=1.2500V,volt=1.2250V
TIME:14:08:25
39704
cpu:average: 1.02, 0.94,,freq:frequency(48)=900000000,throttle_flag:throttled=0x50000,voltage:volt=1.2625V,volt=1.2500V,volt=1.2500V,volt=1.2250V
TIME:14:08:26
39704
cpu:average: 1.02, 0.94,,freq:frequency(48)=800000000,throttle_flag:throttled=0x50000,voltage:volt=1.2625V,volt=1.2500V,volt=1.2500V,volt=1.2250V
TIME:14:08:27
40780
cpu:average: 1.02, 0.94,,freq:frequency(48)=600000000,throttle_flag:throttled=0x50000,voltage:volt=1.2625V,volt=1.2500V,volt=1.2500V,volt=1.2250V
TIME:14:08:28
39704
cpu:average: 1.02, 0.94,,freq:frequency(48)=800000000,throttle_flag:throttled=0x50000,voltage:volt=1.2625V,volt=1.2500V,volt=1.2500V,volt=1.2250V
TIME:14:08:29
39704
cpu:average: 1.02, 0.94,,freq:frequency(48)=800000000,throttle_flag:throttled=0x50000,voltage:volt=1.2625V,volt=1.2500V,volt=1.2500V,volt=1.2250V
TIME:14:08:30
39704
cpu:average: 1.02, 0.94,,freq:frequency(48)=800000000,throttle_flag:throttled=0x50000,voltage:volt=1.2625V,volt=1.2500V,volt=1.2500V,volt=1.2250V
TIME:14:08:32
39166
cpu:average: 1.02, 0.94,,freq:frequency(48)=800000000,throttle_flag:throttled=0x50000,voltage:volt=1.2625V,volt=1.2500V,volt=1.2500V,volt=1.2250V
TIME:14:08:33
39704
cpu:average: 1.02, 0.94,,freq:frequency(48)=800000000,throttle_flag:throttled=0x50000,voltage:volt=1.2625V,volt=1.2500V,volt=1.2500V,volt=1.2250V
TIME:14:08:34
39704
cpu:average: 1.02, 0.94,,freq:frequency(48)=800000000,throttle_flag:throttled=0x50000,voltage:volt=1.2625V,volt=1.2500V,volt=1.2500V,volt=1.2250V
TIME:14:08:35
39166
cpu:average: 0.94, 0.93,,freq:frequency(48)=700000000,throttle_flag:throttled=0x50000,voltage:volt=1.2625V,volt=1.2500V,volt=1.2500V,volt=1.2250V
TIME:14:08:36
39704
cpu:average: 0.94, 0.93,,freq:frequency(48)=800000000,throttle_flag:throttled=0x50000,voltage:volt=1.2625V,volt=1.2500V,volt=1.2500V,volt=1.2250V
TIME:14:08:37
39704
cpu:average: 0.94, 0.93,,freq:frequency(48)=1400000000,throttle_flag:throttled=0x50000,voltage:volt=1.3625V,volt=1.2500V,volt=1.2500V,volt=1.2250V
TIME:14:08:38
40242
cpu:average: 0.94, 0.93,,freq:frequency(48)=1400000000,throttle_flag:throttled=0x50000,voltage:volt=1.3625V,volt=1.2500V,volt=1.2500V,volt=1.2250V
TIME:14:08:39
40780
cpu:average: 0.94, 0.93,,freq:frequency(48)=1400000000,throttle_flag:throttled=0x50000,voltage:volt=1.3625V,volt=1.2500V,volt=1.2500V,volt=1.2250V
TIME:14:08:40
40242
cpu:average: 0.86, 0.91,,freq:frequency(48)=1400000000,throttle_flag:throttled=0x50000,voltage:volt=1.3625V,volt=1.2500V,volt=1.2500V,volt=1.2250V
TIME:14:08:42
40780
cpu:average: 0.86, 0.91,,freq:frequency(48)=600000000,throttle_flag:throttled=0x50005,voltage:volt=1.2000V,volt=1.2500V,volt=1.2500V,volt=1.2250V
TIME:14:08:43
40780
cpu:average: 0.86, 0.91,,freq:frequency(48)=600000000,throttle_flag:throttled=0x50005,voltage:volt=1.3625V,volt=1.2500V,volt=1.2500V,volt=1.2250V
TIME:14:08:44
41856
cpu:average: 0.86, 0.91,,freq:frequency(48)=600000000,throttle_flag:throttled=0x50005,voltage:volt=1.2000V,volt=1.2500V,volt=1.2500V,volt=1.2250V
TIME:14:08:45
41318
cpu:average: 0.79, 0.89,,freq:frequency(48)=1400000000,throttle_flag:throttled=0x50000,voltage:volt=1.3625V,volt=1.2500V,volt=1.2500V,volt=1.2250V
TIME:14:08:46
41318
cpu:average: 0.79, 0.89,,freq:frequency(48)=1400000000,throttle_flag:throttled=0x50000,voltage:volt=1.3625V,volt=1.2500V,volt=1.2500V,volt=1.2250V
TIME:14:08:47
40780
cpu:average: 0.79, 0.89,,freq:frequency(48)=700000000,throttle_flag:throttled=0x50000,voltage:volt=1.2625V,volt=1.2500V,volt=1.2500V,volt=1.2250V
TIME:14:08:49
40780
cpu:average: 0.79, 0.89,,freq:frequency(48)=1400000000,throttle_flag:throttled=0x50000,voltage:volt=1.3625V,volt=1.2500V,volt=1.2500V,volt=1.2250V
TIME:14:08:50
40780
cpu:average: 0.73, 0.88,,freq:frequency(48)=1400000000,throttle_flag:throttled=0x50000,voltage:volt=1.3625V,volt=1.2500V,volt=1.2500V,volt=1.2250V
TIME:14:08:51
40780
cpu:average: 0.73, 0.88,,freq:frequency(48)=1399998000,throttle_flag:throttled=0x50000,voltage:volt=1.3625V,volt=1.2500V,volt=1.2500V,volt=1.2250V
TIME:14:08:52
40780
cpu:average: 0.73, 0.88,,freq:frequency(48)=1400000000,throttle_flag:throttled=0x50000,voltage:volt=1.3625V,volt=1.2500V,volt=1.2500V,volt=1.2250V
TIME:14:08:53
40780
cpu:average: 0.73, 0.88,,freq:frequency(48)=1400000000,throttle_flag:throttled=0x50000,voltage:volt=1.3625V,volt=1.2500V,volt=1.2500V,volt=1.2250V
TIME:14:08:54
40780
cpu:average: 0.73, 0.88,,freq:frequency(48)=800000000,throttle_flag:throttled=0x50000,voltage:volt=1.2625V,volt=1.2500V,volt=1.2500V,volt=1.2250V
TIME:14:08:55
39704
cpu:average: 0.67, 0.86,,freq:frequency(48)=700000000,throttle_flag:throttled=0x50000,voltage:volt=1.2625V,volt=1.2500V,volt=1.2500V,volt=1.2250V
TIME:14:08:56
39704
cpu:average: 0.67, 0.86,,freq:frequency(48)=700000000,throttle_flag:throttled=0x50000,voltage:volt=1.2625V,volt=1.2500V,volt=1.2500V,volt=1.2250V
TIME:14:08:57
40242
cpu:average: 0.67, 0.86,,freq:frequency(48)=600000000,throttle_flag:throttled=0x50000,voltage:volt=1.2625V,volt=1.2500V,volt=1.2500V,volt=1.2250V
TIME:14:08:58
40242
cpu:average: 0.67, 0.86,,freq:frequency(48)=600000000,throttle_flag:throttled=0x50000,voltage:volt=1.2625V,volt=1.2500V,volt=1.2500V,volt=1.2250V
TIME:14:09:00
40780
cpu:average: 0.67, 0.86,,freq:frequency(48)=600000000,throttle_flag:throttled=0x50000,voltage:volt=1.2625V,volt=1.2500V,volt=1.2500V,volt=1.2250V
TIME:14:09:01
39704
cpu:average: 0.70, 0.87,,freq:frequency(48)=600000000,throttle_flag:throttled=0x50000,voltage:volt=1.2625V,volt=1.2500V,volt=1.2500V,volt=1.2250V
TIME:14:09:02
39166
cpu:average: 0.70, 0.87,,freq:frequency(48)=800000000,throttle_flag:throttled=0x50000,voltage:volt=1.2625V,volt=1.2500V,volt=1.2500V,volt=1.2250V
TIME:14:09:03
39704
cpu:average: 0.70, 0.87,,freq:frequency(48)=800000000,throttle_flag:throttled=0x50000,voltage:volt=1.2625V,volt=1.2500V,volt=1.2500V,volt=1.2250V
TIME:14:09:04
39166
cpu:average: 0.70, 0.87,,freq:frequency(48)=800000000,throttle_flag:throttled=0x50000,voltage:volt=1.2625V,volt=1.2500V,volt=1.2500V,volt=1.2250V
TIME:14:09:05
39166
cpu:average: 0.64, 0.85,,freq:frequency(48)=800000000,throttle_flag:throttled=0x50000,voltage:volt=1.2625V,volt=1.2500V,volt=1.2500V,volt=1.2250V
TIME:14:09:06
39704
cpu:average: 0.64, 0.85,,freq:frequency(48)=800000000,throttle_flag:throttled=0x50000,voltage:volt=1.2625V,volt=1.2500V,volt=1.2500V,volt=1.2250V
TIME:14:09:07
39704
cpu:average: 0.64, 0.85,,freq:frequency(48)=800000000,throttle_flag:throttled=0x50000,voltage:volt=1.2625V,volt=1.2500V,volt=1.2500V,volt=1.2250V
TIME:14:09:08
39704
cpu:average: 0.64, 0.85,,freq:frequency(48)=800000000,throttle_flag:throttled=0x50000,voltage:volt=1.2625V,volt=1.2500V,volt=1.2500V,volt=1.2250V
TIME:14:09:10
39166
cpu:average: 0.59, 0.84,,freq:frequency(48)=700000000,throttle_flag:throttled=0x50000,voltage:volt=1.2625V,volt=1.2500V,volt=1.2500V,volt=1.2250V
TIME:14:09:11
39704
cpu:average: 0.59, 0.84,,freq:frequency(48)=700000000,throttle_flag:throttled=0x50000,voltage:volt=1.2625V,volt=1.2500V,volt=1.2500V,volt=1.2250V
TIME:14:09:12
39704
cpu:average: 0.59, 0.84,,freq:frequency(48)=700000000,throttle_flag:throttled=0x50000,voltage:volt=1.2625V,volt=1.2500V,volt=1.2500V,volt=1.2250V
TIME:14:09:13
39704
cpu:average: 0.59, 0.84,,freq:frequency(48)=700000000,throttle_flag:throttled=0x50000,voltage:volt=1.2625V,volt=1.2500V,volt=1.2500V,volt=1.2250V
TIME:14:09:14
39704
cpu:average: 0.59, 0.84,,freq:frequency(48)=700000000,throttle_flag:throttled=0x50000,voltage:volt=1.2625V,volt=1.2500V,volt=1.2500V,volt=1.2250V
TIME:14:09:15
39704
cpu:average: 0.62, 0.84,,freq:frequency(48)=600000000,throttle_flag:throttled=0x50005,voltage:volt=1.2000V,volt=1.2500V,volt=1.2500V,volt=1.2250V
TIME:14:09:16
40780
cpu:average: 0.62, 0.84,,freq:frequency(48)=600000000,throttle_flag:throttled=0x50005,voltage:volt=1.2000V,volt=1.2500V,volt=1.2500V,volt=1.2250V
TIME:14:09:18
40780
cpu:average: 0.62, 0.84,,freq:frequency(48)=600000000,throttle_flag:throttled=0x50005,voltage:volt=1.2000V,volt=1.2500V,volt=1.2500V,volt=1.2250V
TIME:14:09:19
40780
cpu:average: 0.62, 0.84,,freq:frequency(48)=1400000000,throttle_flag:throttled=0x50000,voltage:volt=1.3625V,volt=1.2500V,volt=1.2500V,volt=1.2250V
TIME:14:09:20
41856
cpu:average: 0.65, 0.84,,freq:frequency(48)=1400000000,throttle_flag:throttled=0x50000,voltage:volt=1.3625V,volt=1.2500V,volt=1.2500V,volt=1.2250V
TIME:14:09:21
42932
cpu:average: 0.65, 0.84,,freq:frequency(48)=1400002000,throttle_flag:throttled=0x50000,voltage:volt=1.3625V,volt=1.2500V,volt=1.2500V,volt=1.2250V
>>>>>>>> 978dcc83 (emergency commit?):logs/roofline/resnet18_children_bramble-4-5/8/2_size/2_2/speed_heatbramble-4-5-11.log
