ALL SYNC
2026-04-21 13:54:16.910318 Sync done -> model run start
2026-04-21 13:54:16.910318 Sync done -> model run start
2026-04-21 13:54:16.910328 Sync done -> model run start
2026-04-21 13:54:16.910324 Sync done -> model run start
2 11.942 [2.433877940988168, 2.382880808087066, 2.345108559122309, 2.339231471065432, 2.440982043975964]
1 12.199 [2.4372479771263897, 2.3795060850679874, 2.3451184548903257, 2.339231990976259, 2.6980393058620393]
0 12.452 [2.4462074649054557, 2.3876885978970677, 2.3650657029356807, 2.3631891689728945, 2.889862976036966]
3 12.639 [2.5759072068613023, 2.489407798042521, 2.4475895820651203, 2.4511902078520507, 2.6744346318300813]
2026-04-21 13:54:32.649657 Sync done -> model run start
2026-04-21 13:54:32.666717 Sync done -> model run start
2026-04-21 13:54:32.696220 Sync done -> model run start
2026-04-21 13:54:32.697698 Sync done -> model run start
0 11.501 [2.3240480120293796, 2.3222055910155177, 2.2805660131853074, 2.286913759075105, 2.2867659630719572]
1 11.519 [2.3204857369419187, 2.329714670078829, 2.2857573421206325, 2.2912357181776315, 2.2913749010767788]
3 11.551 [2.3251237880904227, 2.332930956967175, 2.282205848954618, 2.293005293002352, 2.3175422770436853]
2 12.022 [2.4092729198746383, 2.4250351551454514, 2.373324742075056, 2.378354891901836, 2.435528493952006]
2026-04-21 13:54:47.695471 Sync done -> model run start
2026-04-21 13:54:47.733394 Sync done -> model run start
2026-04-21 13:54:47.756109 Sync done -> model run start
2026-04-21 13:54:47.756109 Sync done -> model run start
0 11.555 [2.36585787194781, 2.3251810499932617, 2.2911378918215632, 2.2940237279981375, 2.2784758480265737]
2 11.581 [2.3594407150521874, 2.325014747912064, 2.2910878921393305, 2.2923156630713493, 2.313025686889887]
3 11.577 [2.358917176956311, 2.3356501678936183, 2.294219597009942, 2.2882185471244156, 2.299626946914941]
1 11.998 [2.4469101999420673, 2.4194400350097567, 2.3891237881034613, 2.3827824820764363, 2.359865313861519]
2026-04-21 13:55:02.867857 Sync done -> model run start
2026-04-21 13:55:02.904143 Sync done -> model run start
2026-04-21 13:55:02.909907 Sync done -> model run start
2026-04-21 13:55:02.943954 Sync done -> model run start
0 11.496 [2.3217215198092163, 2.308509045979008, 2.269839189015329, 2.285040382994339, 2.3102736670989543]
1 11.505 [2.321533186826855, 2.3134144390933216, 2.2669468061067164, 2.282489927019924, 2.320341954007745]
3 11.536 [2.3195384580176324, 2.3141717279795557, 2.2652211380191147, 2.282592425821349, 2.354629660025239]
2 12.048 [2.4195893979631364, 2.399597737006843, 2.357402116060257, 2.369778845924884, 2.5014738249592483]
2026-04-21 13:55:18.044377 Sync done -> model run start
2026-04-21 13:55:18.050585 Sync done -> model run start
2026-04-21 13:55:18.098750 Sync done -> model run start
2026-04-21 13:55:18.116307 Sync done -> model run start
1 11.59 [2.339916487922892, 2.350411610910669, 2.3074896368198097, 2.301530981902033, 2.290583389811218]
0 11.625 [2.370017441920936, 2.349119168939069, 2.30411361111328, 2.3071552789770067, 2.2941312389448285]
2026-04-21 13:55:32.294308 Sync done -> model run start
net_times: [[29.826, 2.101, 1210368, 1210368], [0.002, 1.939, 1210368, 1210368], [0.002, 2.087, 1210368, 1210368], [0.002, 2.077, 1210368, 1210368], [0.002, 2.089, 1210368, 1210368]]
echo 'race4fun' | sudo -S sh -c 'journalctl --since "2026-04-21 13:53:45.041616" --until "2026-04-21 13:55:32.294308" -k -o short-iso '| grep -i -E 'throttle|throttled|thermal|cpufreq|under-voltage|voltage'
