ALL SYNC
2026-04-21 13:50:52.892057 Sync done -> model run start
2026-04-21 13:50:52.892057 Sync done -> model run start
2026-04-21 13:50:52.892057 Sync done -> model run start
2026-04-21 13:50:52.928227 Sync done -> model run start
3 23.153 [5.279421769082546, 4.5574008859694, 4.531086390139535, 4.982975271996111, 3.801762822084129]
0 23.224 [5.265874263131991, 4.5681959008798, 4.545365821104497, 4.997084910981357, 3.8468198569025844]
1 23.016 [5.211153771961108, 4.497366453986615, 4.520310958148912, 4.960600919788703, 3.8258564909920096]
2 23.329 [5.508642605971545, 5.000777713023126, 4.6813549948856235, 4.539226307999343, 3.598306742031127]
2026-04-21 13:51:17.699164 Sync done -> model run start
2026-04-21 13:51:17.730126 Sync done -> model run start
2026-04-21 13:51:17.762628 Sync done -> model run start
2026-04-21 13:51:17.771342 Sync done -> model run start
1 26.76 [6.309659044956788, 4.925553950946778, 5.489087868947536, 6.050034138839692, 3.98514162003994]
3 26.735 [6.322429573861882, 4.924887183122337, 5.478366499999538, 6.117721617920324, 3.8917740208562464]
2 26.908 [6.2555899049621075, 4.913493626983836, 5.46473409794271, 6.441142915049568, 3.833041616016999]
0 27.384 [6.429974521975964, 5.3199921431951225, 5.420948361046612, 6.661240241024643, 3.5511814791243523]
2026-04-21 13:51:46.649548 Sync done -> model run start
2026-04-21 13:51:46.669308 Sync done -> model run start
2026-04-21 13:51:46.670493 Sync done -> model run start
2026-04-21 13:51:46.699890 Sync done -> model run start
3 29.117 [5.149913287954405, 5.205081224208698, 5.887604736024514, 6.570324444910511, 6.304088578093797]
2 29.15 [5.124595351982862, 5.205017943168059, 5.792648496106267, 6.775912184966728, 6.251537244999781]
0 30.181 [5.300089339027181, 5.388416536850855, 6.432740591932088, 6.5166896800510585, 6.542233652900904]
1 29.24 [5.230954366037622, 5.208102305885404, 5.9083336759358644, 6.6528472900390625, 6.239599630003795]
2026-04-21 13:52:18.287359 Sync done -> model run start
2026-04-21 13:52:18.305340 Sync done -> model run start
2026-04-21 13:52:18.324832 Sync done -> model run start
2026-04-21 13:52:18.324832 Sync done -> model run start
0 31.583 [5.240593334892765, 6.37319708801806, 6.6735457519534975, 7.136380427051336, 6.159402705030516]
3 31.491 [5.249515439849347, 6.361045150086284, 6.690192935988307, 7.045338392956182, 6.145110773853958]
2 31.593 [5.222652354976162, 6.367759137880057, 6.660977878142148, 7.156373952049762, 6.18464459804818]
1 32.274 [5.502381873084232, 6.786058912985027, 7.030864588916302, 7.143374620936811, 5.811440502060577]
2026-04-21 13:52:52.091031 Sync done -> model run start
2026-04-21 13:52:52.116699 Sync done -> model run start
2026-04-21 13:52:52.120718 Sync done -> model run start
2026-04-21 13:52:52.141592 Sync done -> model run start
2 25.48 [5.651391356950626, 3.559217584086582, 6.277516777161509, 5.40047798701562, 4.590976207982749]
3 25.602 [5.654469470959157, 3.5489629830699414, 6.257916426984593, 5.529719630954787, 4.610637339064851]
1 25.743 [5.782369662076235, 3.711246650898829, 6.2386607110966, 5.371110742911696, 4.639650312950835]
0 26.04 [5.880821253173053, 3.9403025899082422, 6.7120931630488485, 4.994929417967796, 4.511876425007358]
2026-04-21 13:53:18.273578 Sync done -> model run start
net_times: [[22.713, 0.0, 1210368, 0], [0.004, 0.0, 1210368, 0], [0.003, 0.0, 1210368, 0], [0.002, 0.0, 1210368, 0], [0.002, 0.0, 1210368, 0]]
echo 'race4fun' | sudo -S sh -c 'journalctl --since "2026-04-21 13:50:27.384134" --until "2026-04-21 13:53:18.273578" -k -o short-iso '| grep -i -E 'throttle|throttled|thermal|cpufreq|under-voltage|voltage'
