ALL SYNC
2026-04-21 13:50:29.194685 Sync done -> model run start
2026-04-21 13:50:29.194685 Sync done -> model run start
2026-04-21 13:50:29.196724 Sync done -> model run start
2026-04-21 13:50:29.196661 Sync done -> model run start
3 18.035 [3.6818861891515553, 3.6199658950790763, 3.566097828093916, 3.5784937660209835, 3.5885383139830083]
0 18.038 [3.684701897902414, 3.619965842925012, 3.5610963518265635, 3.5830237860791385, 3.588998884893954]
1 18.107 [3.7060049739666283, 3.635203806916252, 3.576815668027848, 3.594792401883751, 3.5938180710654706]
2 18.692 [3.8816560569684952, 3.7707663839682937, 3.6868791640736163, 3.703167997067794, 3.649223524844274]
2026-04-21 13:50:51.429131 Sync done -> model run start
2026-04-21 13:50:51.432721 Sync done -> model run start
2026-04-21 13:50:51.451809 Sync done -> model run start
2026-04-21 13:50:51.509960 Sync done -> model run start
1 18.978 [3.620297501096502, 3.6234586618375033, 3.5436167020816356, 4.640200522029772, 3.550181432859972]
2 19.069 [3.6388601320795715, 3.6455222070217133, 3.547564750071615, 4.714450008003041, 3.522657564841211]
0 19.136 [3.616632421966642, 3.6228309581056237, 3.5391155348625034, 4.644761374918744, 3.7118997930083424]
3 19.52 [3.7742113701533526, 3.7574004370253533, 3.6796760759316385, 4.730400328058749, 3.578097086166963]
2026-04-21 13:51:17.807799 Sync done -> model run start
2026-04-21 13:51:17.807795 Sync done -> model run start
2026-04-21 13:51:17.830373 Sync done -> model run start
2026-04-21 13:51:17.863949 Sync done -> model run start
1 19.15 [3.614420152036473, 3.608463347889483, 3.5677142310887575, 3.5632615808863193, 4.795846043853089]
0 19.186 [3.614419891964644, 3.605973782017827, 3.5701965568587184, 3.5618775270413607, 4.833347612991929]
2 19.349 [3.630719623994082, 3.600719547830522, 3.5737462220713496, 3.558701768051833, 4.984909925144166]
3 20.456 [3.801696683978662, 3.7108031769748777, 3.6911866271402687, 3.68659127689898, 5.565088008996099]
2026-04-21 13:51:46.638491 Sync done -> model run start
2026-04-21 13:51:46.648827 Sync done -> model run start
2026-04-21 13:51:46.653955 Sync done -> model run start
2026-04-21 13:51:46.708788 Sync done -> model run start
2 19.267 [5.302082891808823, 3.5625142350327224, 3.4753992608748376, 3.466881890082732, 3.4601797650102526]
0 19.327 [5.3237337889149785, 3.5697812179569155, 3.48079057992436, 3.482879858929664, 3.469441371038556]
1 19.433 [5.370651914039627, 3.651142815127969, 3.469756697071716, 3.4676326690241694, 3.4733492131344974]
3 19.856 [5.460494860075414, 3.6704025340732187, 3.612644403008744, 3.6011299721430987, 3.511166579090059]
2026-04-21 13:52:18.355222 Sync done -> model run start
2026-04-21 13:52:18.376365 Sync done -> model run start
2026-04-21 13:52:18.386200 Sync done -> model run start
2026-04-21 13:52:18.411506 Sync done -> model run start
3 18.588 [4.5686073820106685, 3.554316079011187, 3.482407131930813, 3.4934102569241077, 3.489244933007285]
0 18.655 [4.545231543015689, 3.6312001121696085, 3.497389744967222, 3.4871544640045613, 3.4938695919699967]
1 18.68 [4.560598683077842, 3.634903735946864, 3.4837405108846724, 3.4920283909887075, 3.5083841348532587]
2 19.222 [4.698905914090574, 3.7075529568828642, 3.612125212093815, 3.6266445650253445, 3.577009332133457]
2026-04-21 13:52:50.759419 Sync done -> model run start
net_times: [[0.0, 2.114, 0, 1210368], [0.0, 5.225, 0, 1210368], [0.0, 6.786, 0, 1210368], [0.0, 10.301, 0, 1210368], [0.0, 12.964, 0, 1210368]]
echo 'race4fun' | sudo -S sh -c 'journalctl --since "2026-04-21 13:50:26.354136" --until "2026-04-21 13:52:50.759419" -k -o short-iso '| grep -i -E 'throttle|throttled|thermal|cpufreq|under-voltage|voltage'
