ALL SYNC
2026-04-21 13:54:40.085563 Sync done -> model run start
2026-04-21 13:54:40.085563 Sync done -> model run start
2026-04-21 13:54:40.085563 Sync done -> model run start
2026-04-21 13:54:40.085563 Sync done -> model run start
0 0.039 [0.030806916998699307, 0.002235662192106247, 0.002016392070800066, 0.0020927449222654104, 0.001991966040804982]
2 0.039 [0.030812385957688093, 0.0022348801139742136, 0.0020168600603938103, 0.002092850161716342, 0.001991808880120516]
3 0.039 [0.03081243811175227, 0.0022364428732544184, 0.002016443992033601, 0.0020929540041834116, 0.0019917041063308716]
1 0.039 [0.030812177807092667, 0.002234828192740679, 0.0020168081391602755, 0.002092901151627302, 0.0019915481097996235]
2026-04-21 13:54:52.379850 Sync done -> model run start
2026-04-21 13:54:52.394048 Sync done -> model run start
2026-04-21 13:54:52.400022 Sync done -> model run start
2026-04-21 13:54:52.408499 Sync done -> model run start
1 0.012 [0.00563891907222569, 0.0014278548769652843, 0.0013869169633835554, 0.0014561358839273453, 0.0015465510077774525]
2 0.01 [0.004610956879332662, 0.0015505619812756777, 0.0014395220205187798, 0.001351136015728116, 0.0010330139193683863]
0 0.013 [0.005446888040751219, 0.001959725981578231, 0.0021055061370134354, 0.0015336349606513977, 0.0019491531420499086]
3 0.007 [0.003389298915863037, 0.000966294901445508, 0.0007420780602842569, 0.0007518699858337641, 0.0007457239553332329]
2026-04-21 13:55:07.649107 Sync done -> model run start
2026-04-21 13:55:07.655476 Sync done -> model run start
2026-04-21 13:55:07.669574 Sync done -> model run start
2026-04-21 13:55:07.681129 Sync done -> model run start
0 0.014 [0.006572557846084237, 0.0018886839970946312, 0.0017017070204019547, 0.0018607161473482847, 0.0018594139255583286]
1 0.014 [0.0063243829645216465, 0.0019528509583324194, 0.0018621750641614199, 0.002036183839663863, 0.0020286832004785538]
2 0.01 [0.0049588188994675875, 0.0013690011110156775, 0.001311189029365778, 0.001329626189544797, 0.0011627529747784138]
3 0.008 [0.004055388038977981, 0.0011530129704624414, 0.0009615560993552208, 0.0009847849141806364, 0.0010613459162414074]
2026-04-21 13:55:22.816005 Sync done -> model run start
2026-04-21 13:55:22.823977 Sync done -> model run start
2026-04-21 13:55:22.834382 Sync done -> model run start
2026-04-21 13:55:22.846983 Sync done -> model run start
0 0.015 [0.006907295202836394, 0.0019299869891256094, 0.0019483189098536968, 0.001979829976335168, 0.0018578509334474802]
1 0.016 [0.007006409112364054, 0.0025909189134836197, 0.0031161238439381123, 0.0016249881591647863, 0.0018248830456286669]
2 0.013 [0.006458183983340859, 0.0017813420854508877, 0.001953632105141878, 0.001436135033145547, 0.001245616003870964]
3 0.009 [0.004552572965621948, 0.0012238980270922184, 0.0011295231524854898, 0.001117076026275754, 0.0010460340417921543]
2026-04-21 13:55:38.553725 Sync done -> model run start
2026-04-21 13:55:38.562588 Sync done -> model run start
2026-04-21 13:55:38.572213 Sync done -> model run start
2026-04-21 13:55:38.581275 Sync done -> model run start
0 0.016 [0.0074501559138298035, 0.0019051949493587017, 0.0019662887789309025, 0.0017532699275761843, 0.0023454001639038324]
1 0.014 [0.006867086980491877, 0.001682071015238762, 0.0017959768883883953, 0.0016534789465367794, 0.0014408230781555176]
2 0.011 [0.005422619171440601, 0.0016334259416908026, 0.001320927869528532, 0.0010277011897414923, 0.0010361901950091124]
3 0.008 [0.0037692440673708916, 0.001253324095159769, 0.0010055659804493189, 0.0010493681766092777, 0.0010574411135166883]
2026-04-21 13:55:38.665851 Sync done -> model run start
net_times: [[54.559, 0.0, 605184, 0], [12.061, 0.0, 605184, 0], [15.059, 0.0, 605184, 0], [14.936, 0.0, 605184, 0], [15.502, 0.0, 605184, 0]]
echo 'race4fun' | sudo -S sh -c 'journalctl --since "2026-04-21 13:53:45.034715" --until "2026-04-21 13:55:38.665851" -k -o short-iso '| grep -i -E 'throttle|throttled|thermal|cpufreq|under-voltage|voltage'
