ALL SYNC
2026-04-21 13:54:32.951485 Sync done -> model run start
2026-04-21 13:54:32.951408 Sync done -> model run start
2026-04-21 13:54:32.951408 Sync done -> model run start
2026-04-21 13:54:32.951408 Sync done -> model run start
3 5.209 [1.0755380049813539, 0.9401601329445839, 1.19557155482471, 1.0216408441774547, 0.9754281900823116]
0 5.36 [1.143867877079174, 0.9379569629672915, 1.2760670089628547, 0.945656520081684, 1.0564746849704534]
2 5.366 [1.0730692627839744, 0.9404006530530751, 1.2335645509883761, 1.0473190902266651, 1.0716739029157907]
1 5.407 [1.0755381609778851, 0.9430635599419475, 1.3893828729633242, 0.9205935320351273, 1.078416224103421]
2026-04-21 13:54:47.022648 Sync done -> model run start
2026-04-21 13:54:47.053350 Sync done -> model run start
2026-04-21 13:54:47.070023 Sync done -> model run start
2026-04-21 13:54:47.108335 Sync done -> model run start
0 3.99 [0.5994071778841317, 0.6129666629713029, 0.9400614351034164, 1.2656922009773552, 0.5713338349014521]
2 3.995 [0.5931661049835384, 0.6130099960137159, 0.9872573148459196, 1.2278712880797684, 0.573400235036388]
1 4.07 [0.5976386941038072, 0.6192765890154988, 0.981737385969609, 1.2871121279895306, 0.584384832996875]
3 4.058 [0.5925530351232737, 0.6473955560941249, 1.140999761177227, 1.0979907410219312, 0.578612978104502]
2026-04-21 13:55:02.245615 Sync done -> model run start
2026-04-21 13:55:02.258579 Sync done -> model run start
2026-04-21 13:55:02.284192 Sync done -> model run start
2026-04-21 13:55:02.303915 Sync done -> model run start
1 4.019 [0.6018853459972888, 0.6061842900235206, 0.5853092570323497, 1.020657462067902, 1.2045968871098012]
3 4.007 [0.5952990141231567, 0.6106725558638573, 0.5816981750540435, 1.0530748509336263, 1.1657792071346194]
0 4.139 [0.6014933679252863, 0.621704445919022, 0.5855420690495521, 1.0199506408534944, 1.3102594439405948]
2 4.167 [0.6413360969163477, 0.6177585730329156, 0.6311808188911527, 1.2019111150875688, 1.0748396730050445]
2026-04-21 13:55:17.422690 Sync done -> model run start
2026-04-21 13:55:17.434739 Sync done -> model run start
2026-04-21 13:55:17.495020 Sync done -> model run start
2026-04-21 13:55:17.498142 Sync done -> model run start
1 4.006 [0.608367406995967, 0.5905371550470591, 0.9759330819360912, 1.2566398340277374, 0.5741515860427171]
3 4.011 [0.6055101251695305, 0.5904834060929716, 1.050108975963667, 1.1921886480413377, 0.572328832000494]
0 4.106 [0.6086007400881499, 0.5923123571556062, 1.130893856054172, 1.1982918039429933, 0.5751555920578539]
2 4.099 [0.6049921058584005, 0.6349979939404875, 1.1550776278600097, 1.1359695678111166, 0.5678549399599433]
2026-04-21 13:55:32.578979 Sync done -> model run start
2026-04-21 13:55:32.598102 Sync done -> model run start
2026-04-21 13:55:32.616153 Sync done -> model run start
2026-04-21 13:55:32.628951 Sync done -> model run start
2 4.44 [0.6164747751317918, 1.123190965037793, 1.1795525958295912, 0.5835050949826837, 0.9375077439472079]
3 4.509 [0.6084183438215405, 1.1104263209272176, 1.2073220321908593, 0.5980947860516608, 0.9848789360839874]
1 4.558 [0.6013761279173195, 1.2182656929362565, 1.1528152390383184, 0.5833736381027848, 1.0017583051230758]
0 4.662 [0.6534837109502405, 1.0889651959296316, 1.24210816482082, 0.60511231306009, 1.0723513988777995]
2026-04-21 13:55:38.469145 Sync done -> model run start
net_times: [[46.679, 1.163, 1210368, 605184], [7.109, 1.048, 1210368, 605184], [9.628, 1.046, 1210368, 605184], [9.537, 1.045, 1210368, 605184], [9.518, 1.124, 1210368, 605184]]
echo 'race4fun' | sudo -S sh -c 'journalctl --since "2026-04-21 13:53:45.036871" --until "2026-04-21 13:55:38.469145" -k -o short-iso '| grep -i -E 'throttle|throttled|thermal|cpufreq|under-voltage|voltage'
