ALL SYNC
2026-04-21 13:54:01.437749 Sync done -> model run start
2026-04-21 13:54:01.437749 Sync done -> model run start
2026-04-21 13:54:01.437749 Sync done -> model run start
2026-04-21 13:54:01.485516 Sync done -> model run start
0 10.808 [2.238724294118583, 2.196939639048651, 2.122067930875346, 2.086868451908231, 2.163045500870794]
3 10.844 [2.238760804058984, 2.197060002014041, 2.126465378096327, 2.092279271921143, 2.188965192064643]
1 11.025 [2.2333366498351097, 2.193755354033783, 2.118135998956859, 2.0802507179323584, 2.398921638028696]
2 11.221 [2.321740584913641, 2.2712334361858666, 2.2021381210070103, 2.172415297012776, 2.253578227944672]
2026-04-21 13:54:15.755483 Sync done -> model run start
2026-04-21 13:54:15.755483 Sync done -> model run start
2026-04-21 13:54:15.798332 Sync done -> model run start
2026-04-21 13:54:15.801078 Sync done -> model run start
0 10.463 [2.1380052440799773, 2.124710134929046, 2.081783294910565, 2.0588809000328183, 2.0596823398955166]
1 10.516 [2.149580263067037, 2.1234391620382667, 2.0921151519287378, 2.070584981003776, 2.079681425821036]
3 10.525 [2.1510300380177796, 2.1355847478844225, 2.088394729187712, 2.068443706026301, 2.081549529917538]
2 10.862 [2.209650798002258, 2.220052027143538, 2.1797154180239886, 2.1495203538797796, 2.103020376060158]
2026-04-21 13:54:32.676477 Sync done -> model run start
2026-04-21 13:54:32.676477 Sync done -> model run start
2026-04-21 13:54:32.703866 Sync done -> model run start
2026-04-21 13:54:32.722033 Sync done -> model run start
0 10.658 [2.161007361020893, 2.148781248135492, 2.120160795049742, 2.1181236740667373, 2.1094673071056604]
2 10.703 [2.1750642808619887, 2.164677052060142, 2.1226095689926296, 2.122515863040462, 2.117947262013331]
1 10.658 [2.1610067358706146, 2.151009920053184, 2.117941654054448, 2.118119820021093, 2.109277620911598]
3 11.08 [2.257006079191342, 2.2585464760195464, 2.2066184340510517, 2.214287139941007, 2.143685456831008]
2026-04-21 13:54:48.322840 Sync done -> model run start
2026-04-21 13:54:48.337863 Sync done -> model run start
2026-04-21 13:54:48.342423 Sync done -> model run start
2026-04-21 13:54:48.360576 Sync done -> model run start
0 10.385 [2.0995886041782796, 2.0946306819096208, 2.066848597023636, 2.0610460459720343, 2.0628278360236436]
2 10.406 [2.1056412430480123, 2.102547883056104, 2.067135885823518, 2.0624873840715736, 2.0679131431970745]
3 10.428 [2.108433503191918, 2.1084198460448533, 2.0779486768878996, 2.0620790040120482, 2.0710964400786906]
1 10.784 [2.19175425497815, 2.1897554169408977, 2.161255321931094, 2.104418311966583, 2.136201372835785]
2026-04-21 13:55:02.871646 Sync done -> model run start
2026-04-21 13:55:02.903528 Sync done -> model run start
2026-04-21 13:55:02.913339 Sync done -> model run start
2026-04-21 13:55:02.933725 Sync done -> model run start
0 10.414 [2.1062331339344382, 2.1033928950782865, 2.059559633024037, 2.0764501029625535, 2.067671180004254]
1 10.454 [2.110948756802827, 2.1140395959373564, 2.071094345068559, 2.0823758700862527, 2.0756879639811814]
2 10.504 [2.1449590970296413, 2.113361114868894, 2.0876266579143703, 2.0749861118383706, 2.082684030989185]
3 10.79 [2.1904005559626967, 2.190863458905369, 2.1551566179841757, 2.1205220031552017, 2.1331176289822906]
2026-04-21 13:55:17.188539 Sync done -> model run start
net_times: [[14.45, 2.082, 1210368, 1210368], [0.002, 5.016, 1210368, 1210368], [0.002, 2.899, 1210368, 1210368], [0.649, 2.773, 1210368, 1210368], [0.002, 3.357, 1210368, 1210368]]
echo 'race4fun' | sudo -S sh -c 'journalctl --since "2026-04-21 13:53:45.038144" --until "2026-04-21 13:55:17.188539" -k -o short-iso '| grep -i -E 'throttle|throttled|thermal|cpufreq|under-voltage|voltage'
