ALL SYNC
2026-04-21 13:53:45.807838 Sync done -> model run start
2026-04-21 13:53:45.807837 Sync done -> model run start
2026-04-21 13:53:45.807838 Sync done -> model run start
2026-04-21 13:53:45.808260 Sync done -> model run start
0 11.103 [2.1837715059518814, 2.109409268014133, 2.0497752209194005, 2.763703875010833, 1.9957814239896834]
2 11.19 [2.1625419470947236, 2.0973787158727646, 2.044958374928683, 2.822857998078689, 2.061818945920095]
3 11.234 [2.1629101738799363, 2.0973788190167397, 2.0448830109089613, 2.929140797816217, 1.999844266101718]
1 11.499 [2.280808525159955, 2.200093566905707, 2.2460373770445585, 2.7908244461286813, 1.9805182388518006]
2026-04-21 13:54:00.278938 Sync done -> model run start
2026-04-21 13:54:00.278938 Sync done -> model run start
2026-04-21 13:54:00.303548 Sync done -> model run start
2026-04-21 13:54:00.336443 Sync done -> model run start
1 10.326 [2.086577703943476, 2.0973650568630546, 2.048870834056288, 2.050960684893653, 2.041836799820885]
0 10.329 [2.084722768049687, 2.099220982985571, 2.0488710429053754, 2.050986621994525, 2.0454309459310025]
2 10.355 [2.094053545035422, 2.1029507010243833, 2.04780240310356, 2.0508314149919897, 2.059041230008006]
3 10.697 [2.1794789738487452, 2.200395590160042, 2.1036939478944987, 2.125422484939918, 2.0879831979982555]
2026-04-21 13:54:15.770317 Sync done -> model run start
2026-04-21 13:54:15.770534 Sync done -> model run start
2026-04-21 13:54:15.800950 Sync done -> model run start
2026-04-21 13:54:15.828823 Sync done -> model run start
1 10.363 [2.093426251085475, 2.0946253270376474, 2.0579670721199363, 2.0619787347968668, 2.0552480118349195]
0 10.364 [2.0934260431677103, 2.094625534955412, 2.057967019965872, 2.0617714959662408, 2.055517854169011]
3 10.38 [2.1021860961336643, 2.090245561208576, 2.056517289020121, 2.060899470001459, 2.070086049847305]
2 10.704 [2.1916712978854775, 2.140726463869214, 2.1654157659504563, 2.1394750538747758, 2.0665864911861718]
2026-04-21 13:54:32.694296 Sync done -> model run start
2026-04-21 13:54:32.710839 Sync done -> model run start
2026-04-21 13:54:32.710839 Sync done -> model run start
2026-04-21 13:54:32.798544 Sync done -> model run start
2 11.983 [2.767745666904375, 2.354926011990756, 2.0239819118287414, 2.0113733569160104, 2.824954509967938]
0 12.038 [2.7683589968364686, 2.354086640989408, 2.0285097490996122, 2.0200735148973763, 2.8670240591745824]
1 12.048 [2.76774545898661, 2.3705204529687762, 2.0416369140148163, 2.0481185091193765, 2.819793290924281]
3 12.638 [3.2348677970003337, 2.121887161163613, 2.2216893120203167, 2.7433487130329013, 2.3164691778365523]
2026-04-21 13:54:48.297020 Sync done -> model run start
2026-04-21 13:54:48.309584 Sync done -> model run start
2026-04-21 13:54:48.320932 Sync done -> model run start
2026-04-21 13:54:48.330870 Sync done -> model run start
1 10.22 [2.041047269012779, 2.0465424640569836, 2.018987691961229, 2.0598592460155487, 2.053238468011841]
2 10.252 [2.044965945184231, 2.0495206241030246, 2.0336958370171487, 2.0592318021226674, 2.064570487011224]
0 10.564 [2.112392642069608, 2.1243359250947833, 2.1278887358494103, 2.1368905268609524, 2.062624929007143]
2026-04-21 13:55:02.048669 Sync done -> model run start
net_times: [[0.0, 2.09, 0, 1210368], [0.0, 3.789, 0, 1210368], [0.0, 5.205, 0, 1210368], [0.0, 1.957, 0, 1210368], [0.0, 3.035, 0, 1210368]]
echo 'race4fun' | sudo -S sh -c 'journalctl --since "2026-04-21 13:53:44.022727" --until "2026-04-21 13:55:02.048669" -k -o short-iso '| grep -i -E 'throttle|throttled|thermal|cpufreq|under-voltage|voltage'
