ALL SYNC
2026-04-21 13:28:35.342991 Sync done -> model run start
2026-04-21 13:28:35.342991 Sync done -> model run start
2026-04-21 13:28:35.342991 Sync done -> model run start
2026-04-21 13:28:35.342991 Sync done -> model run start
2 0.497 [0.12716671894304454, 0.1046505980193615, 0.10596408904530108, 0.08035473502241075, 0.07838181592524052]
1 0.509 [0.13051937986165285, 0.1095841450151056, 0.10889247804880142, 0.08415807294659317, 0.07597488607279956]
0 0.498 [0.1276978140231222, 0.10695133008994162, 0.109922792064026, 0.08191077783703804, 0.07173613016493618]
3 0.536 [0.1271689070854336, 0.10476825409568846, 0.10598335997201502, 0.08026082790456712, 0.11750899907201529]
2026-04-21 13:28:41.283950 Sync done -> model run start
2026-04-21 13:28:41.290830 Sync done -> model run start
2026-04-21 13:28:41.296629 Sync done -> model run start
2026-04-21 13:28:41.304791 Sync done -> model run start
0 0.427 [0.08646630495786667, 0.09842090308666229, 0.08260942506603897, 0.07950671296566725, 0.0793496819678694]
1 0.423 [0.09241224988363683, 0.0913117800373584, 0.07894452498294413, 0.08008035877719522, 0.08014577580615878]
2 0.421 [0.09651032788679004, 0.09281730302609503, 0.07718993909657001, 0.07643264718353748, 0.07755665900185704]
3 0.437 [0.09637673408724368, 0.09311511507257819, 0.0794667131267488, 0.0784746811259538, 0.08913521491922438]
2026-04-21 13:28:47.294607 Sync done -> model run start
2026-04-21 13:28:47.299782 Sync done -> model run start
2026-04-21 13:28:47.309872 Sync done -> model run start
2026-04-21 13:28:47.316494 Sync done -> model run start
1 0.409 [0.08716885792091489, 0.09354412695392966, 0.07888317108154297, 0.07393582118675113, 0.07470441609621048]
0 0.411 [0.08623677399009466, 0.09412001282908022, 0.07582327094860375, 0.07801785808987916, 0.07622077199630439]
2 0.417 [0.09384933509863913, 0.091479801107198, 0.07417655014432967, 0.07654441799968481, 0.08027567295357585]
3 0.432 [0.09608116094022989, 0.09237870899960399, 0.0759695740416646, 0.07627681409940124, 0.09091323800384998]
2026-04-21 13:28:53.295459 Sync done -> model run start
2026-04-21 13:28:53.299829 Sync done -> model run start
2026-04-21 13:28:53.311004 Sync done -> model run start
2026-04-21 13:28:53.320421 Sync done -> model run start
0 0.409 [0.08778380788862705, 0.0922802200075239, 0.07488868688233197, 0.07700410718098283, 0.07651577284559608]
1 0.405 [0.08761828695423901, 0.09357537818141282, 0.07665462698787451, 0.0737468630541116, 0.07293993490748107]
2 0.415 [0.09326834604144096, 0.0915535509120673, 0.07330582104623318, 0.07589249103330076, 0.08055770513601601]
3 0.427 [0.09460261790081859, 0.09113105083815753, 0.07447879086248577, 0.0754456149879843, 0.09111396805383265]
2026-04-21 13:28:59.254861 Sync done -> model run start
2026-04-21 13:28:59.268942 Sync done -> model run start
2026-04-21 13:28:59.268938 Sync done -> model run start
2026-04-21 13:28:59.289560 Sync done -> model run start
1 0.402 [0.08919151802547276, 0.08943834179081023, 0.07462905184365809, 0.07403707201592624, 0.0741021758876741]
0 0.416 [0.0854155239649117, 0.0957531409803778, 0.08085072599351406, 0.07721702312119305, 0.07674280391074717]
2 0.412 [0.08919110102578998, 0.09028599807061255, 0.07623009500093758, 0.0768055128864944, 0.07943712989799678]
3 0.452 [0.09462522296234965, 0.09179256297647953, 0.07866176497191191, 0.07928244397044182, 0.10731008206494153]
2026-04-21 13:29:05.100537 Sync done -> model run start
net_times: [[0.0, 5.044, 0, 3211264], [0.0, 5.204, 0, 3211264], [0.0, 5.187, 0, 3211264], [0.0, 5.156, 0, 3211264], [0.0, 5.132, 0, 3211264]]
echo 'race4fun' | sudo -S sh -c 'journalctl --since "2026-04-21 13:28:34.920518" --until "2026-04-21 13:29:05.100537" -k -o short-iso '| grep -i -E 'throttle|throttled|thermal|cpufreq|under-voltage|voltage'
