ALL SYNC
2026-04-21 13:28:47.096038 Sync done -> model run start
2026-04-21 13:28:47.096038 Sync done -> model run start
2026-04-21 13:28:47.096038 Sync done -> model run start
2026-04-21 13:28:47.096038 Sync done -> model run start
1 1.686 [0.3657421611715108, 0.33483760012313724, 0.3281451789662242, 0.32832496985793114, 0.32845590612851083]
3 1.686 [0.36574200517497957, 0.33483728603459895, 0.32850658404640853, 0.32797585683874786, 0.3284676258917898]
0 1.686 [0.3657414838671684, 0.33483999501913786, 0.3286616881377995, 0.3278223150409758, 0.3286176770925522]
2 1.721 [0.3657420580275357, 0.378916067071259, 0.3252945651765913, 0.3260346669703722, 0.3246094649657607]
2026-04-21 13:28:51.459169 Sync done -> model run start
2026-04-21 13:28:51.467108 Sync done -> model run start
2026-04-21 13:28:51.474061 Sync done -> model run start
2026-04-21 13:28:51.499737 Sync done -> model run start
0 1.613 [0.32371113589033484, 0.3184021469205618, 0.33434390486218035, 0.318739176960662, 0.31790808704681695]
3 1.62 [0.3227770768571645, 0.3178677740506828, 0.34289611014537513, 0.31825126288458705, 0.31807115906849504]
1 1.655 [0.32198958098888397, 0.3179252741392702, 0.342340748058632, 0.36066713207401335, 0.31167805986478925]
2 1.62 [0.3220855169929564, 0.3180333978962153, 0.34384980401955545, 0.31781808799132705, 0.31762595288455486]
2026-04-21 13:28:57.569341 Sync done -> model run start
2026-04-21 13:28:57.581957 Sync done -> model run start
2026-04-21 13:28:57.584717 Sync done -> model run start
2026-04-21 13:28:57.620629 Sync done -> model run start
0 1.601 [0.32975595793686807, 0.31834121188148856, 0.3179579849820584, 0.31787605793215334, 0.31732215406373143]
2 1.601 [0.32935762498527765, 0.31877897097729146, 0.3179970469791442, 0.3168893961701542, 0.31721220607869327]
3 1.603 [0.32874820102006197, 0.3195174050051719, 0.3185666280332953, 0.3178119440563023, 0.31820610887371004]
1 1.636 [0.32397754304111004, 0.31849053502082825, 0.31789835006929934, 0.3625025958754122, 0.31331284809857607]
2026-04-21 13:29:03.482146 Sync done -> model run start
2026-04-21 13:29:03.483696 Sync done -> model run start
2026-04-21 13:29:03.486614 Sync done -> model run start
2026-04-21 13:29:03.500818 Sync done -> model run start
0 1.593 [0.32227052189409733, 0.31771116494201124, 0.3176090819761157, 0.31771168601699173, 0.31742783286608756]
1 1.597 [0.3246644698083401, 0.31800652807578444, 0.31798611115664244, 0.3182888710871339, 0.3181221531704068]
2026-04-21 13:29:09.490667 Sync done -> model run start
2026-04-21 13:29:09.509775 Sync done -> model run start
2026-04-21 13:29:09.517596 Sync done -> model run start
2026-04-21 13:29:09.530958 Sync done -> model run start
0 1.606 [0.3294907028321177, 0.3203815210144967, 0.31822439399547875, 0.31850121612660587, 0.31865173601545393]
1 1.602 [0.3251488448586315, 0.3197144919540733, 0.3183624141383916, 0.31850746599957347, 0.3201717820484191]
3 1.629 [0.3321868381462991, 0.3244824940338731, 0.32394754816778004, 0.3233448420651257, 0.32490707584656775]
2 1.68 [0.36789487092755735, 0.3184973099268973, 0.3190138698555529, 0.3359323958866298, 0.3389769149944186]
2026-04-21 13:29:11.452709 Sync done -> model run start
net_times: [[10.067, 0.181, 401408, 100352], [2.078, 0.155, 401408, 100352], [3.907, 0.179, 401408, 100352], [3.661, 0.182, 401408, 100352], [3.752, 0.18, 401408, 100352]]
echo 'race4fun' | sudo -S sh -c 'journalctl --since "2026-04-21 13:28:35.929256" --until "2026-04-21 13:29:11.452709" -k -o short-iso '| grep -i -E 'throttle|throttled|thermal|cpufreq|under-voltage|voltage'
