ALL SYNC
2026-04-21 13:28:43.037368 Sync done -> model run start
2026-04-21 13:28:43.037366 Sync done -> model run start
2026-04-21 13:28:43.037366 Sync done -> model run start
2026-04-21 13:28:43.037366 Sync done -> model run start
3 2.109 [0.49110600096173584, 0.41999677405692637, 0.4082748629152775, 0.3963472228497267, 0.39291415410116315]
0 2.119 [0.4911057411227375, 0.4207061480265111, 0.4133702728431672, 0.39952294807881117, 0.3945103499572724]
1 2.146 [0.49477755813859403, 0.4293763970490545, 0.4140138130169362, 0.40289731812663376, 0.4046564819291234]
2 2.197 [0.5153586249798536, 0.4439283558167517, 0.40608522994443774, 0.4350632638670504, 0.3960771181154996]
2026-04-21 13:28:48.405890 Sync done -> model run start
2026-04-21 13:28:48.426111 Sync done -> model run start
2026-04-21 13:28:48.429870 Sync done -> model run start
2026-04-21 13:28:48.440454 Sync done -> model run start
0 1.987 [0.41152938501909375, 0.3975105509161949, 0.39134894381277263, 0.393832742003724, 0.3925557117909193]
2 1.989 [0.41162693803198636, 0.39706190512515604, 0.39213347411714494, 0.3930939929559827, 0.3947978438809514]
3 1.99 [0.4109307930339128, 0.39745065406896174, 0.3930100351572037, 0.3932731600943953, 0.3956289370544255]
1 2.066 [0.445549548137933, 0.3978551849722862, 0.42644946789368987, 0.41032266709953547, 0.38526671193540096]
2026-04-21 13:28:54.420154 Sync done -> model run start
2026-04-21 13:28:54.425870 Sync done -> model run start
2026-04-21 13:28:54.437856 Sync done -> model run start
2026-04-21 13:28:54.448932 Sync done -> model run start
0 2.019 [0.4179206220433116, 0.4031758501660079, 0.4016344449482858, 0.3963713280390948, 0.3991955420933664]
1 2.037 [0.4227426468860358, 0.40415918198414147, 0.40233397600241005, 0.39916559401899576, 0.4082715699914843]
3 2.028 [0.4199018171057105, 0.40439991001039743, 0.4013877788092941, 0.3995898119173944, 0.4020681930705905]
2 2.108 [0.46545368107035756, 0.405174127779901, 0.4202252000104636, 0.4284909178968519, 0.38799102581106126]
2026-04-21 13:29:00.363427 Sync done -> model run start
2026-04-21 13:29:00.367994 Sync done -> model run start
2026-04-21 13:29:00.385559 Sync done -> model run start
2026-04-21 13:29:00.397803 Sync done -> model run start
1 1.991 [0.41261353995651007, 0.3949196580797434, 0.3931811701040715, 0.39315882697701454, 0.3963874669279903]
2 1.985 [0.41000911593437195, 0.39349080598913133, 0.3922680988907814, 0.3910627360455692, 0.39809376699849963]
3 1.988 [0.4108557300642133, 0.39749637292698026, 0.3916031001135707, 0.39148502703756094, 0.39659767504781485]
0 2.084 [0.4572265511378646, 0.3938784101046622, 0.39224341115914285, 0.441104541067034, 0.39933449402451515]
2026-04-21 13:29:06.323512 Sync done -> model run start
2026-04-21 13:29:06.334778 Sync done -> model run start
2026-04-21 13:29:06.350741 Sync done -> model run start
2026-04-21 13:29:06.358584 Sync done -> model run start
0 2.024 [0.4200858159456402, 0.41095650591887534, 0.39833766920492053, 0.3934788729529828, 0.4005631860345602]
2 2.009 [0.4125117650255561, 0.401844278909266, 0.3949381939601153, 0.39382929005660117, 0.40541932499036193]
3 2.023 [0.4145263449754566, 0.40191146614961326, 0.39600319298915565, 0.40044698817655444, 0.4095481210388243]
1 2.1 [0.4601668531540781, 0.3972964729182422, 0.3943147580139339, 0.4433508859947324, 0.40415125293657184]
2026-04-21 13:29:09.217975 Sync done -> model run start
net_times: [[6.624, 0.71, 802816, 401408], [2.243, 0.638, 802816, 401408], [3.07, 0.7, 802816, 401408], [2.901, 0.694, 802816, 401408], [2.967, 0.7, 802816, 401408]]
echo 'race4fun' | sudo -S sh -c 'journalctl --since "2026-04-21 13:28:35.925411" --until "2026-04-21 13:29:09.217975" -k -o short-iso '| grep -i -E 'throttle|throttled|thermal|cpufreq|under-voltage|voltage'
