ALL SYNC
2026-04-21 13:27:52.444784 Sync done -> model run start
2026-04-21 13:27:52.444784 Sync done -> model run start
2026-04-21 13:27:52.444784 Sync done -> model run start
2026-04-21 13:27:52.444794 Sync done -> model run start
0 2.666 [0.5562153731007129, 0.5102956299670041, 0.5322884758934379, 0.5248235689941794, 0.5425091469660401]
3 2.71 [0.5573776578530669, 0.5106027121655643, 0.5278938128612936, 0.5225944151170552, 0.5911524158436805]
2 2.896 [0.5549856920260936, 0.5047810778487474, 0.5269794429186732, 0.5555271469056606, 0.7533747889101505]
1 3.037 [0.5573769288603216, 0.5991984128486365, 0.6352133671753109, 0.7883263630792499, 0.4571276989299804]
2026-04-21 13:27:55.882419 Sync done -> model run start
2026-04-21 13:27:55.882420 Sync done -> model run start
2026-04-21 13:27:55.901956 Sync done -> model run start
2026-04-21 13:27:55.909136 Sync done -> model run start
1 2.568 [0.512015932938084, 0.5029327541124076, 0.4972794000059366, 0.5310784301254898, 0.5247688300441951]
0 2.57 [0.5120118190534413, 0.5029352018609643, 0.49757617013528943, 0.5319896750152111, 0.52557742013596]
3 2.555 [0.5095563640352339, 0.4980444489046931, 0.4956851389724761, 0.5287915160879493, 0.5227171750739217]
2 2.801 [0.5082094960380346, 0.5444345008581877, 0.5026761929038912, 0.6929039289243519, 0.5525412790011615]
2026-04-21 13:27:59.389064 Sync done -> model run start
2026-04-21 13:27:59.401535 Sync done -> model run start
2026-04-21 13:27:59.412985 Sync done -> model run start
2026-04-21 13:27:59.419101 Sync done -> model run start
3 2.519 [0.4996205340139568, 0.48813143116422, 0.488499813945964, 0.5162101800087839, 0.5262563731521368]
1 2.526 [0.4992533999029547, 0.49006220092996955, 0.4888978849630803, 0.5204171878285706, 0.5268482968676835]
2 2.692 [0.49885496497154236, 0.4895054860971868, 0.48820710787549615, 0.6202607951126993, 0.5951611960772425]
0 2.609 [0.4979764281306416, 0.5066062230616808, 0.5160454409196973, 0.5222444690298289, 0.5658006828743964]
2026-04-21 13:28:02.846739 Sync done -> model run start
2026-04-21 13:28:02.847630 Sync done -> model run start
2026-04-21 13:28:02.876317 Sync done -> model run start
2026-04-21 13:28:02.876284 Sync done -> model run start
0 2.582 [0.5107048989739269, 0.5033176490105689, 0.5019660929683596, 0.5254797108937055, 0.5404411379713565]
1 2.573 [0.5097461540717632, 0.5033184289932251, 0.5016330219805241, 0.5330110751092434, 0.5255102321971208]
2 2.815 [0.534155183006078, 0.5014223461039364, 0.5783702482003719, 0.6351604508236051, 0.5634090299718082]
3 2.566 [0.5101657349150628, 0.5034794700331986, 0.5051334190648049, 0.5245215909089893, 0.5226720708888024]
2026-04-21 13:28:06.301558 Sync done -> model run start
2026-04-21 13:28:06.306839 Sync done -> model run start
2026-04-21 13:28:06.318559 Sync done -> model run start
2026-04-21 13:28:06.332879 Sync done -> model run start
0 2.467 [0.5016127100680023, 0.49137891293503344, 0.49291807087138295, 0.49108365387655795, 0.48939267499372363]
1 2.471 [0.5030384310521185, 0.49251875118352473, 0.49351525492966175, 0.4914563079364598, 0.49045589682646096]
3 2.472 [0.5018996349535882, 0.49526863102801144, 0.49527175608091056, 0.49188016005791724, 0.48758658999577165]
2 2.595 [0.5526950270868838, 0.5036628020461649, 0.5478526591323316, 0.49718242208473384, 0.49318015296012163]
2026-04-21 13:28:08.991251 Sync done -> model run start
net_times: [[2.794, 0.0, 802816, 0], [0.002, 0.0, 802816, 0], [0.288, 0.0, 802816, 0], [0.349, 0.0, 802816, 0], [0.205, 0.0, 802816, 0]]
echo 'race4fun' | sudo -S sh -c 'journalctl --since "2026-04-21 13:27:48.688460" --until "2026-04-21 13:28:08.991251" -k -o short-iso '| grep -i -E 'throttle|throttled|thermal|cpufreq|under-voltage|voltage'
