ALL SYNC
2026-04-21 13:28:49.519825 Sync done -> model run start
2026-04-21 13:28:49.519825 Sync done -> model run start
2026-04-21 13:28:49.519825 Sync done -> model run start
2026-04-21 13:28:49.519825 Sync done -> model run start
1 0.043 [0.035558030009269714, 0.0020086350850760937, 0.0017616050317883492, 0.0017935321666300297, 0.0017422819510102272]
3 0.043 [0.03557302989065647, 0.001996394945308566, 0.0017614478711038828, 0.0017906669527292252, 0.0017418649513274431]
2 0.043 [0.035552144050598145, 0.0020087389275431633, 0.001761656953021884, 0.0017905631102621555, 0.0017420740332454443]
0 0.043 [0.035557977855205536, 0.002009103074669838, 0.0017617607954889536, 0.0017901980318129063, 0.0017419180367141962]
2026-04-21 13:28:53.418056 Sync done -> model run start
2026-04-21 13:28:53.418060 Sync done -> model run start
2026-04-21 13:28:53.423580 Sync done -> model run start
2026-04-21 13:28:53.426718 Sync done -> model run start
1 0.012 [0.005355854984372854, 0.0018942600581794977, 0.001687072915956378, 0.0016424909699708223, 0.0017009279690682888]
0 0.012 [0.005356063833460212, 0.00189452082850039, 0.0016876468434929848, 0.0016423871275037527, 0.0017012921161949635]
2 0.012 [0.0067835040390491486, 0.0015593140851706266, 0.0016098348423838615, 0.0010675981175154448, 0.0008981719147413969]
3 0.011 [0.005819029873237014, 0.0014394719619303942, 0.001075203064829111, 0.0008911930490285158, 0.0011517638340592384]
2026-04-21 13:28:59.577600 Sync done -> model run start
2026-04-21 13:28:59.577583 Sync done -> model run start
2026-04-21 13:28:59.583556 Sync done -> model run start
2026-04-21 13:28:59.583565 Sync done -> model run start
1 0.015 [0.006618713028728962, 0.0023413929156959057, 0.0018531670793890953, 0.0018361879047006369, 0.002179361879825592]
0 0.015 [0.006621941924095154, 0.002332329982891679, 0.001861135009676218, 0.0018233750015497208, 0.0021793099585920572]
3 0.015 [0.007195323938503861, 0.002170040039345622, 0.0017479588277637959, 0.0018208748660981655, 0.0016738960985094309]
2 0.015 [0.007196677848696709, 0.002149675041437149, 0.0017661361489444971, 0.0018211361020803452, 0.0016740530263632536]
2026-04-21 13:29:05.483471 Sync done -> model run start
2026-04-21 13:29:05.483471 Sync done -> model run start
2026-04-21 13:29:05.487887 Sync done -> model run start
2026-04-21 13:29:05.490318 Sync done -> model run start
0 0.015 [0.006676889955997467, 0.0019401970785111189, 0.002042175969108939, 0.001841863850131631, 0.0018532190006226301]
1 0.015 [0.006655847886577249, 0.0019562391098588705, 0.0020420709624886513, 0.0018420731648802757, 0.0018522809259593487]
2 0.016 [0.0074854271952062845, 0.0023663928732275963, 0.0017186878249049187, 0.00196733302436769, 0.0017693128902465105]
3 0.014 [0.007810842012986541, 0.0017110318876802921, 0.0017878550570458174, 0.0016769180074334145, 0.0012760870158672333]
2026-04-21 13:29:11.507255 Sync done -> model run start
2026-04-21 13:29:11.507248 Sync done -> model run start
2026-04-21 13:29:11.514622 Sync done -> model run start
2026-04-21 13:29:11.515507 Sync done -> model run start
1 0.015 [0.006779857911169529, 0.0019450411200523376, 0.0019674370996654034, 0.0019220721442252398, 0.001879936782643199]
0 0.015 [0.006786629091948271, 0.0019387910142540932, 0.001968009863048792, 0.0019219170790165663, 0.0018947809003293514]
2 0.015 [0.0076712071895599365, 0.0018904060125350952, 0.0018434268422424793, 0.0015706159174442291, 0.0012793159112334251]
3 0.014 [0.007248031906783581, 0.0020374890882521868, 0.0017861351370811462, 0.001454159151762724, 0.0011279101017862558]
2026-04-21 13:29:11.599227 Sync done -> model run start
net_times: [[13.139, 0.0, 100352, 0], [3.702, 0.0, 100352, 0], [5.967, 0.0, 100352, 0], [5.718, 0.0, 100352, 0], [5.842, 0.0, 100352, 0]]
echo 'race4fun' | sudo -S sh -c 'journalctl --since "2026-04-21 13:28:35.921376" --until "2026-04-21 13:29:11.599227" -k -o short-iso '| grep -i -E 'throttle|throttled|thermal|cpufreq|under-voltage|voltage'
