ALL SYNC
2026-04-21 13:28:41.623563 Sync done -> model run start
2026-04-21 13:28:41.623558 Sync done -> model run start
2026-04-21 13:28:41.623558 Sync done -> model run start
2026-04-21 13:28:41.625080 Sync done -> model run start
2 0.129 [0.036227735225111246, 0.027765172999352217, 0.0231872268486768, 0.021078124176710844, 0.02071302104741335]
0 0.127 [0.03354295599274337, 0.02812126511707902, 0.022832802031189203, 0.02088041603565216, 0.021092707058414817]
1 0.129 [0.036228358978405595, 0.027746787993237376, 0.023193633882328868, 0.020996873965486884, 0.020731041906401515]
3 0.135 [0.04179760301485658, 0.03171036089770496, 0.020705938106402755, 0.023356550140306354, 0.017296007135882974]
2026-04-21 13:28:47.257839 Sync done -> model run start
2026-04-21 13:28:47.339267 Sync done -> model run start
2026-04-21 13:28:47.385260 Sync done -> model run start
2026-04-21 13:28:47.486006 Sync done -> model run start
0 0.071 [0.01701366389170289, 0.02100515505298972, 0.010672081960365176, 0.010814788984134793, 0.010843538912013173]
1 0.095 [0.03374061197973788, 0.019425996113568544, 0.013547848910093307, 0.013819409999996424, 0.014578260015696287]
2 0.079 [0.023730556946247816, 0.02214582613669336, 0.014185554115101695, 0.01007651211693883, 0.008982923114672303]
3 0.044 [0.011690097162500024, 0.010913642821833491, 0.006854027975350618, 0.006850485922768712, 0.007165068062022328]
2026-04-21 13:28:53.242974 Sync done -> model run start
2026-04-21 13:28:53.297242 Sync done -> model run start
2026-04-21 13:28:53.404639 Sync done -> model run start
2026-04-21 13:28:53.451614 Sync done -> model run start
0 0.081 [0.024506282992661, 0.01797647215425968, 0.010616143932566047, 0.014094667974859476, 0.013634723145514727]
1 0.086 [0.02943094610236585, 0.018675114028155804, 0.014835289912298322, 0.011648430023342371, 0.01107994420453906]
2 0.078 [0.025166695937514305, 0.023090769071131945, 0.011127860052511096, 0.009037089999765158, 0.009880783036351204]
3 0.064 [0.019351049093529582, 0.014139304170385003, 0.01608705404214561, 0.007310379995033145, 0.006991266971454024]
2026-04-21 13:28:59.230841 Sync done -> model run start
2026-04-21 13:28:59.282132 Sync done -> model run start
2026-04-21 13:28:59.334975 Sync done -> model run start
2026-04-21 13:28:59.405685 Sync done -> model run start
0 0.084 [0.020348855992779136, 0.017646576976403594, 0.016939185094088316, 0.01481002988293767, 0.01346378680318594]
1 0.11 [0.035406540147960186, 0.021396870957687497, 0.02227618917822838, 0.018616989022120833, 0.011923898011446]
2 0.08 [0.02488148887641728, 0.02078078081831336, 0.011516087921336293, 0.009883804013952613, 0.012584364041686058]
3 0.057 [0.019475788110867143, 0.013731337152421474, 0.009705106960609555, 0.006897153099998832, 0.006893870886415243]
2026-04-21 13:29:05.160021 Sync done -> model run start
2026-04-21 13:29:05.203018 Sync done -> model run start
2026-04-21 13:29:05.262228 Sync done -> model run start
2026-04-21 13:29:05.346174 Sync done -> model run start
1 0.121 [0.035100760171189904, 0.02208332601003349, 0.018407198833301663, 0.02809965005144477, 0.016703144181519747]
2 0.093 [0.033039365196600556, 0.023371184011921287, 0.01214327197521925, 0.011595096904784441, 0.012361343950033188]
0 0.101 [0.026025546016171575, 0.01778813893906772, 0.02518664300441742, 0.01769220200367272, 0.014142480911687016]
3 0.057 [0.021310361102223396, 0.013685294892638922, 0.00793152186088264, 0.007006267085671425, 0.006801266921684146]
2026-04-21 13:29:06.221686 Sync done -> model run start
net_times: [[5.191, 0.703, 3211264, 802816], [4.544, 0.703, 3211264, 802816], [4.814, 0.718, 3211264, 802816], [4.774, 0.714, 3211264, 802816], [4.758, 0.742, 3211264, 802816]]
echo 'race4fun' | sudo -S sh -c 'journalctl --since "2026-04-21 13:28:35.928530" --until "2026-04-21 13:29:06.221686" -k -o short-iso '| grep -i -E 'throttle|throttled|thermal|cpufreq|under-voltage|voltage'
