ALL SYNC
2026-04-21 13:27:48.335304 Sync done -> model run start
2026-04-21 13:27:48.335308 Sync done -> model run start
2026-04-21 13:27:48.335296 Sync done -> model run start
2026-04-21 13:27:48.335296 Sync done -> model run start
2 1.741 [0.4171928439754993, 0.3481577089987695, 0.3307814379222691, 0.32512684795074165, 0.31980798789300025]
1 1.776 [0.42154383892193437, 0.35520058195106685, 0.3429412969853729, 0.326375599950552, 0.32931680092588067]
0 1.837 [0.4597441959194839, 0.3524739120621234, 0.3512629219330847, 0.3777661300264299, 0.2951734270900488]
2026-04-21 13:27:51.613200 Sync done -> model run start
2026-04-21 13:27:51.619057 Sync done -> model run start
2026-04-21 13:27:51.628462 Sync done -> model run start
2026-04-21 13:27:51.636684 Sync done -> model run start
1 1.684 [0.3386218131054193, 0.32778851804323494, 0.3709232590626925, 0.32582679810002446, 0.32044127001427114]
2 1.683 [0.34069624193944037, 0.3272382579743862, 0.3652382509317249, 0.3282945610117167, 0.3214533550199121]
3 1.694 [0.34665551991201937, 0.3395927520468831, 0.361444704933092, 0.3243740350008011, 0.32152423984371126]
0 1.755 [0.33776493603363633, 0.3809355089906603, 0.3540399041958153, 0.32684778794646263, 0.3550491249188781]
2026-04-21 13:27:55.702652 Sync done -> model run start
2026-04-21 13:27:55.708117 Sync done -> model run start
2026-04-21 13:27:55.724415 Sync done -> model run start
2026-04-21 13:27:55.726697 Sync done -> model run start
1 1.586 [0.33387602702714503, 0.3286228438373655, 0.3095627680886537, 0.3067370359785855, 0.30710932798683643]
2 1.595 [0.3348798309452832, 0.3301821160130203, 0.3106876139063388, 0.30804620403796434, 0.31111683300696313]
0 1.666 [0.3618301758542657, 0.3276105511467904, 0.30897891405038536, 0.3727540948893875, 0.2946641049347818]
3 1.598 [0.33697275002487004, 0.33027555397711694, 0.310026936000213, 0.3114837089087814, 0.3093017789069563]
2026-04-21 13:27:59.233376 Sync done -> model run start
2026-04-21 13:27:59.239451 Sync done -> model run start
2026-04-21 13:27:59.246327 Sync done -> model run start
2026-04-21 13:27:59.254740 Sync done -> model run start
2 1.581 [0.3398374409880489, 0.3244574230629951, 0.3036178150214255, 0.30472443089820445, 0.30776656907983124]
1 1.575 [0.33638603100553155, 0.32401112001389265, 0.3034451580606401, 0.3036765120923519, 0.3067597970366478]
0 1.682 [0.3861374461557716, 0.32286596205085516, 0.3039901591837406, 0.31546355900354683, 0.3534871458541602]
3 1.592 [0.3433900501113385, 0.3239281000569463, 0.30498729506507516, 0.30475885793566704, 0.31468907790258527]
2026-04-21 13:28:02.665539 Sync done -> model run start
2026-04-21 13:28:02.671820 Sync done -> model run start
2026-04-21 13:28:02.680308 Sync done -> model run start
2026-04-21 13:28:02.688832 Sync done -> model run start
1 1.58 [0.3383048891555518, 0.32815149100497365, 0.304747347952798, 0.30433776415884495, 0.30395891005173326]
2 1.587 [0.3420925489626825, 0.3251267990563065, 0.30559636000543833, 0.3047050558961928, 0.3094525618944317]
0 1.679 [0.36244861502200365, 0.35212719696573913, 0.30387776298448443, 0.3043022430501878, 0.3557397020049393]
3 1.595 [0.35058136098086834, 0.3223001810256392, 0.3047811498399824, 0.3043629201129079, 0.3123903260566294]
2026-04-21 13:28:06.038196 Sync done -> model run start
net_times: [[0.0, 1.266, 0, 802816], [0.0, 2.158, 0, 802816], [0.0, 1.651, 0, 802816], [0.0, 1.584, 0, 802816], [0.0, 1.611, 0, 802816]]
echo 'race4fun' | sudo -S sh -c 'journalctl --since "2026-04-21 13:27:47.700880" --until "2026-04-21 13:28:06.038196" -k -o short-iso '| grep -i -E 'throttle|throttled|thermal|cpufreq|under-voltage|voltage'
