Code start -> moving to subprocess
[Gloo] Rank 1 is connected to 8 peer ranks. Expected number of connected peer ranks is : 8
Model resnet18 and split children
10 ['conv1', 'bn1', 'relu', 'maxpool', 'layer1']
[2, 1, 1, 1, 1, 1, 1, 1, 1]
{'bn1': <SplitPoint.END: 2>, 'relu': <SplitPoint.END: 2>, 'maxpool': <SplitPoint.END: 2>, 'layer1': <SplitPoint.END: 2>, 'layer2': <SplitPoint.END: 2>, 'layer3': <SplitPoint.END: 2>, 'layer4': <SplitPoint.END: 2>, 'avgpool': <SplitPoint.END: 2>, 'fc': <SplitPoint.END: 2>}
9
<<<<<<<< HEAD:logs/roofline/resnet18_children_bramble-4-5/2/9_size/4_1/speed_chronosbramble-4-5-17.log
2026-03-30 17:46:18.222664 Split done -> model sync start
2026-03-30 17:46:54.534220 Sync done -> model run start
2026-03-30 17:47:29.632926 Sync done -> model run start
2026-03-30 17:48:04.444651 Sync done -> model run start
rank 1 FLOP count: 0 and full time*10**9 s/op: inf
Time taken by rank:1 in total(avg): 1.1216s Batch time sets raw:[[0.0156, 0.0156, 0.0]] Network sets raw:[[0.7362, 0, 0.3661]] bytes sent:[[12845056]] bytes recv:12845056 on avg per image: 0.2804s with std: 0.0000s network time: 0.3674s and network std: 0.3005s network time per img: 0.0919 compute time: 0.1886s compute/network ratio: 0.5132 and throughput 3.5663 img/s
========
2026-03-31 13:14:35.299282 Split done -> model sync start
2026-03-31 13:15:12.266757 Sync done -> model run start
2026-03-31 13:15:47.061074 Sync done -> model run start
2026-03-31 13:16:21.464530 Sync done -> model run start
rank 1 FLOP count: 0 and full time*10**9 s/op: inf
Time taken by rank:1 in total(avg): 1.1032s Batch time sets raw:[[0.0145, 0.0145, 0.0]] Network sets raw:[[0.7312, 0, 0.3533]] bytes sent:[[12845056]] bytes recv:12845056 on avg per image: 0.2758s with std: 0.0000s network time: 0.3615s and network std: 0.2986s network time per img: 0.0904 compute time: 0.1854s compute/network ratio: 0.5129 and throughput 3.6259 img/s
>>>>>>>> 978dcc83 (emergency commit?):logs/roofline/resnet18_children_bramble-4-5/7/9_size/4_1/speed_chronosbramble-4-5-24.log
