Code start -> moving to subprocess
[Gloo] Rank 1 is connected to 3 peer ranks. Expected number of connected peer ranks is : 3
Model resnet18 and split children
10 ['conv1', 'bn1', 'relu', 'maxpool', 'layer1']
[3, 3, 2, 2]
{'relu': <SplitPoint.END: 2>, 'layer2': <SplitPoint.END: 2>, 'layer4': <SplitPoint.END: 2>, 'fc': <SplitPoint.END: 2>}
4
2026-04-07 06:09:32.971552 Split done -> model sync start
2026-04-07 06:10:04.273058 Sync done -> model run start
2026-04-07 06:10:41.035616 Sync done -> model run start
2026-04-07 06:11:17.572813 Sync done -> model run start
2026-04-07 06:11:54.163325 Sync done -> model run start
2026-04-07 06:12:30.774407 Sync done -> model run start
2026-04-07 06:13:07.395050 Sync done -> model run start
2026-04-07 06:13:44.140847 Sync done -> model run start
2026-04-07 06:14:20.767268 Sync done -> model run start
2026-04-07 06:14:57.374219 Sync done -> model run start
2026-04-07 06:15:33.769543 Sync done -> model run start
2026-04-07 06:16:10.406861 Sync done -> model run start
2026-04-07 06:16:46.993902 Sync done -> model run start
2026-04-07 06:17:23.581608 Sync done -> model run start
2026-04-07 06:18:00.131339 Sync done -> model run start
2026-04-07 06:18:36.729370 Sync done -> model run start
2026-04-07 06:19:13.199115 Sync done -> model run start
2026-04-07 06:19:49.596143 Sync done -> model run start
2026-04-07 06:20:26.042617 Sync done -> model run start
2026-04-07 06:21:04.502307 Sync done -> model run start
2026-04-07 06:21:41.083521 Sync done -> model run start
2026-04-07 06:22:17.556677 Sync done -> model run start
2026-04-07 06:22:54.100492 Sync done -> model run start
2026-04-07 06:23:30.864869 Sync done -> model run start
2026-04-07 06:24:07.496692 Sync done -> model run start
2026-04-07 06:24:44.037294 Sync done -> model run start
2026-04-07 06:25:20.542793 Sync done -> model run start
2026-04-07 06:25:57.410410 Sync done -> model run start
2026-04-07 06:26:33.773497 Sync done -> model run start
2026-04-07 06:27:10.050807 Sync done -> model run start
2026-04-07 06:27:46.303771 Sync done -> model run start
2026-04-07 06:28:22.818219 Sync done -> model run start
rank 1 FLOP count: 3493855232 and full time*10**9 s/op: 0.1644
Time taken by rank:1 in total(avg): 5.7437s Batch time sets raw:[[0.7452, 0.7452, 0.9944, 0.9944, 0.879, 0.879, 0.9075, 0.9075, 0.9241, 0.9241], [1.0339, 1.0339, 0.911, 0.911, 0.8353, 0.8353, 0.9198, 0.9198, 0.8651, 0.8651], [1.051, 1.051, 0.8927, 0.8927, 0.8864, 0.8864, 0.7437, 0.7437, 0.8891, 0.8891], [0.9228, 0.9228, 1.0262, 1.0262, 0.9412, 0.9412, 0.8906, 0.8906, 0.8311, 0.8311], [0.8786, 0.8786, 1.0446, 1.0446, 0.8595, 0.8595, 0.909, 0.909, 0.8329, 0.8329], [0.7931, 0.7931, 1.0764, 1.0764, 0.8897, 0.8897, 0.8118, 0.8118, 0.8931, 0.8931], [0.9869, 0.9869, 0.9485, 0.9485, 0.8294, 0.8294, 0.7292, 0.7292, 0.8273, 0.8273], [1.0062, 1.0062, 0.8784, 0.8784, 0.8975, 0.8975, 0.8952, 0.8952, 0.8789, 0.8789], [1.0253, 1.0253, 0.8597, 0.8597, 0.8584, 0.8584, 0.8241, 0.8241, 0.8905, 0.8905], [0.8431, 0.8431, 0.8153, 0.8153, 1.0114, 1.0114, 0.8971, 0.8971, 0.9095, 0.9095], [0.7866, 0.7866, 1.0757, 1.0757, 0.8966, 0.8966, 0.8554, 0.8554, 0.8689, 0.8689], [0.7913, 0.7913, 1.0588, 1.0588, 0.8653, 0.8653, 0.8057, 0.8057, 0.9259, 0.9259], [0.8008, 0.8008, 1.0799, 1.0799, 0.7884, 0.7884, 0.8849, 0.8849, 0.8534, 0.8534], [0.8516, 0.8516, 0.9837, 0.9837, 0.777, 0.777, 0.8843, 0.8843, 0.8294, 0.8294], [0.8401, 0.8401, 0.9803, 0.9803, 0.8115, 0.8115, 0.8011, 0.8011, 0.9145, 0.9145], [1.0197, 1.0197, 1.3875, 1.3875, 1.1347, 1.1347, 1.4228, 1.4228, 1.3958, 1.3958], [0.9523, 0.9523, 0.9229, 0.9229, 0.8512, 0.8512, 0.9015, 0.9015, 0.8407, 0.8407], [0.8657, 0.8657, 0.8288, 0.8288, 0.9261, 0.9261, 0.8439, 0.8439, 0.9043, 0.9043], [0.8569, 0.8569, 0.8802, 0.8802, 0.9463, 0.9463, 0.8642, 0.8642, 0.8392, 0.8392], [0.8689, 0.8689, 0.9833, 0.9833, 0.9697, 0.9697, 0.8898, 0.8898, 0.8828, 0.8828], [0.8231, 0.8231, 1.1057, 1.1057, 0.8925, 0.8925, 0.8427, 0.8427, 0.9163, 0.9163], [0.8086, 0.8086, 1.0534, 1.0534, 0.8149, 0.8149, 0.9182, 0.9182, 0.8574, 0.8574], [0.9083, 0.9083, 0.8979, 0.8979, 0.804, 0.804, 0.9093, 0.9093, 0.8337, 0.8337], [1.0471, 1.0471, 0.8943, 0.8943, 0.8877, 0.8877, 0.844, 0.844, 0.8933, 0.8933], [0.8092, 0.8092, 0.8413, 0.8413, 0.9581, 0.9581, 0.7247, 0.7247, 0.9222, 0.9222], [0.856, 0.856, 0.8822, 0.8822, 0.8586, 0.8586, 0.7046, 0.7046, 0.9068, 0.9068], [0.7508, 0.7508, 0.84, 0.84, 0.8511, 0.8511, 0.7984, 0.7984, 0.9087, 0.9087], [0.7577, 0.7577, 0.879, 0.879, 0.9682, 0.9682, 0.8728, 0.8728, 0.9421, 0.9421], [0.8053, 0.8053, 1.0175, 1.0175, 0.7885, 0.7885, 0.8704, 0.8704, 0.796, 0.796]] Network sets raw:[[0.3466, 0, 0.2196, 0, 0.2083, 0, 0.2179, 0, 0.204, 0.0105], [0.3519, 0, 0.2152, 0, 0.2028, 0, 0.2165, 0, 0.2048, 0.0156], [0.3569, 0, 0.2204, 0, 0.2058, 0, 0.2178, 0, 0.2184, 0.0034], [0.3818, 0, 0.2182, 0, 0.2052, 0, 0.2174, 0, 0.2053, 0.0019], [0.3378, 0, 0.2175, 0, 0.205, 0, 0.2169, 0, 0.2036, 0.0039], [0.3875, 0, 0.2196, 0, 0.2082, 0, 0.2163, 0, 0.2031, 0.0038], [0.3281, 0, 0.2179, 0, 0.2041, 0, 0.2165, 0, 0.2035, 0.0035], [0.403, 0, 0.219, 0, 0.2043, 0, 0.2167, 0, 0.2045, 0.0041], [0.3814, 0, 0.2217, 0, 0.2063, 0, 0.2179, 0, 0.2062, 0.0038], [0.3705, 0, 0.224, 0, 0.2075, 0, 0.2237, 0, 0.2041, 0.0041], [0.3515, 0, 0.2192, 0, 0.2044, 0, 0.2174, 0, 0.2073, 0.0036], [0.3711, 0, 0.2157, 0, 0.2052, 0, 0.2176, 0, 0.2061, 0.0181], [0.3607, 0, 0.218, 0, 0.2186, 0, 0.2119, 0, 0.2172, 0.0036], [0.3575, 0, 0.2177, 0, 0.2056, 0, 0.221, 0, 0.2105, 0.004], [0.3483, 0, 0.2198, 0, 0.218, 0, 0.2098, 0, 0.2155, 0.0039], [0.348, 0, 0.2235, 0, 0.2044, 0, 0.2156, 0, 0.218, 0.0042], [0.3342, 0, 0.2175, 0, 0.2072, 0, 0.2161, 0, 0.2068, 0.017], [0.3341, 0, 0.218, 0, 0.2069, 0, 0.2227, 0, 0.2047, 0.0036], [0.3644, 0, 0.2183, 0, 0.203, 0, 0.2158, 0, 0.2038, 0.0035], [0.3331, 0, 0.2197, 0, 0.2051, 0, 0.2172, 0, 0.2048, 0.0046], [0.3677, 0, 0.2172, 0, 0.2064, 0, 0.2162, 0, 0.2022, 0.0065], [0.3501, 0, 0.2248, 0, 0.2056, 0, 0.2235, 0, 0.2065, 0.0186], [0.4179, 0, 0.2179, 0, 0.2168, 0, 0.2124, 0, 0.2165, 0.0039], [0.448, 0, 0.2175, 0, 0.218, 0, 0.205, 0, 0.2176, 0.0039], [0.3575, 0, 0.2191, 0, 0.2067, 0, 0.2176, 0, 0.2088, 0.0035], [0.3455, 0, 0.2214, 0, 0.2054, 0, 0.2221, 0, 0.217, 0.0037], [0.3617, 0, 0.2332, 0, 0.2108, 0, 0.2208, 0, 0.2078, 0.0039], [0.3578, 0, 0.2218, 0, 0.2079, 0, 0.2242, 0, 0.2063, 0.0038], [0.3883, 0, 0.216, 0, 0.2163, 0, 0.2064, 0, 0.2165, 0.0044]] bytes sent:[[802816], [802816], [802816], [802816], [802816]] bytes recv:6422528 on avg per image: 0.5744s with std: 0.0374s network time: 0.1223s and network std: 0.1287s network time per img: 0.0122 compute time: 0.5621s compute/network ratio: 4.5978 and throughput 1.7410 img/s
