Code start -> moving to subprocess
[Gloo] Rank 2 is connected to 3 peer ranks. Expected number of connected peer ranks is : 3
Model resnet18 and split children
10 ['conv1', 'bn1', 'relu', 'maxpool', 'layer1']
[3, 3, 2, 2]
{'relu': <SplitPoint.END: 2>, 'layer2': <SplitPoint.END: 2>, 'layer4': <SplitPoint.END: 2>, 'fc': <SplitPoint.END: 2>}
4
2026-04-07 06:09:30.829569 Split done -> model sync start
2026-04-07 06:10:06.586762 Sync done -> model run start
2026-04-07 06:10:41.950203 Sync done -> model run start
2026-04-07 06:11:17.640004 Sync done -> model run start
2026-04-07 06:11:53.079018 Sync done -> model run start
2026-04-07 06:12:28.601906 Sync done -> model run start
2026-04-07 06:13:04.020308 Sync done -> model run start
2026-04-07 06:13:39.922932 Sync done -> model run start
2026-04-07 06:14:15.322707 Sync done -> model run start
2026-04-07 06:14:50.707593 Sync done -> model run start
2026-04-07 06:15:25.985182 Sync done -> model run start
2026-04-07 06:16:01.339020 Sync done -> model run start
2026-04-07 06:16:36.717369 Sync done -> model run start
2026-04-07 06:17:12.022605 Sync done -> model run start
2026-04-07 06:17:47.519164 Sync done -> model run start
2026-04-07 06:18:23.444763 Sync done -> model run start
2026-04-07 06:18:59.118024 Sync done -> model run start
2026-04-07 06:19:34.475335 Sync done -> model run start
2026-04-07 06:20:10.336775 Sync done -> model run start
2026-04-07 06:20:46.362715 Sync done -> model run start
2026-04-07 06:21:21.621427 Sync done -> model run start
2026-04-07 06:21:57.174366 Sync done -> model run start
2026-04-07 06:22:32.502781 Sync done -> model run start
2026-04-07 06:23:07.929817 Sync done -> model run start
2026-04-07 06:23:43.294002 Sync done -> model run start
2026-04-07 06:24:18.750547 Sync done -> model run start
2026-04-07 06:24:54.116459 Sync done -> model run start
2026-04-07 06:25:29.404037 Sync done -> model run start
2026-04-07 06:26:04.755901 Sync done -> model run start
2026-04-07 06:26:40.081586 Sync done -> model run start
2026-04-07 06:27:15.549586 Sync done -> model run start
2026-04-07 06:27:50.863333 Sync done -> model run start
rank 2 FLOP count: 3288334336 and full time*10**9 s/op: 0.1647
Time taken by rank:2 in total(avg): 5.4165s Batch time sets raw:[[1.0868, 1.0868, 0.821, 0.821, 0.8513, 0.8513, 0.8009, 0.8009, 0.8149, 0.8149], [0.8418, 0.8418, 1.0616, 1.0616, 0.8233, 0.8233, 0.6971, 0.6971, 0.8582, 0.8582], [0.9276, 0.9276, 0.8298, 0.8298, 0.9237, 0.9237, 0.8712, 0.8712, 0.7999, 0.7999], [0.8418, 0.8418, 1.0425, 1.0425, 0.7859, 0.7859, 0.9056, 0.9056, 0.8955, 0.8955], [0.7345, 0.7345, 1.1295, 1.1295, 0.8602, 0.8602, 0.7361, 0.7361, 0.8493, 0.8493], [0.9538, 0.9538, 0.8041, 0.8041, 0.7913, 0.7913, 0.7561, 0.7561, 0.8976, 0.8976], [0.7721, 0.7721, 0.9006, 0.9006, 0.846, 0.846, 0.7909, 0.7909, 0.8739, 0.8739], [0.8412, 0.8412, 0.8212, 0.8212, 1.0669, 1.0669, 0.7656, 0.7656, 0.8157, 0.8157], [0.8407, 0.8407, 0.955, 0.955, 0.8408, 0.8408, 0.7899, 0.7899, 0.8777, 0.8777], [0.8169, 0.8169, 0.8608, 0.8608, 0.9481, 0.9481, 0.8618, 0.8618, 0.7717, 0.7717], [0.7266, 0.7266, 1.0837, 1.0837, 0.9105, 0.9105, 0.7938, 0.7938, 0.8531, 0.8531], [0.7486, 0.7486, 1.0805, 1.0805, 0.8319, 0.8319, 0.7052, 0.7052, 0.8554, 0.8554], [0.7807, 0.7807, 0.8871, 0.8871, 1.0512, 1.0512, 0.7181, 0.7181, 0.7834, 0.7834], [0.8001, 0.8001, 0.9082, 0.9082, 0.8802, 0.8802, 0.8938, 0.8938, 0.7809, 0.7809], [0.7768, 0.7768, 1.0633, 1.0633, 0.8211, 0.8211, 0.8073, 0.8073, 0.8931, 0.8931], [0.7979, 0.7979, 1.0369, 1.0369, 0.8226, 0.8226, 0.8111, 0.8111, 0.8403, 0.8403], [0.9056, 0.9056, 0.7957, 0.7957, 0.8503, 0.8503, 0.8708, 0.8708, 0.7803, 0.7803], [0.8215, 0.8215, 1.0434, 1.0434, 0.8282, 0.8282, 0.849, 0.849, 0.9015, 0.9015], [0.7903, 0.7903, 0.8324, 0.8324, 1.0104, 1.0104, 0.8351, 0.8351, 0.8209, 0.8209], [0.8418, 0.8418, 1.0381, 1.0381, 0.8045, 0.8045, 0.8122, 0.8122, 0.8709, 0.8709], [0.8238, 0.8238, 0.8565, 0.8565, 0.9495, 0.9495, 0.7693, 0.7693, 0.8973, 0.8973], [1.0243, 1.0243, 0.864, 0.864, 0.831, 0.831, 0.726, 0.726, 0.9332, 0.9332], [0.8201, 0.8201, 1.0726, 1.0726, 0.8215, 0.8215, 0.7698, 0.7698, 0.843, 0.843], [0.8141, 0.8141, 0.8656, 0.8656, 0.844, 0.844, 0.824, 0.824, 0.8433, 0.8433], [0.6766, 0.6766, 1.1049, 1.1049, 0.8775, 0.8775, 0.8467, 0.8467, 0.7746, 0.7746], [0.9614, 0.9614, 0.801, 0.801, 0.8635, 0.8635, 0.849, 0.849, 0.7834, 0.7834], [0.7468, 0.7468, 1.0121, 1.0121, 0.8841, 0.8841, 0.8983, 0.8983, 0.795, 0.795], [1.0166, 1.0166, 0.8126, 0.8126, 0.8169, 0.8169, 0.782, 0.782, 0.8242, 0.8242], [0.8641, 0.8641, 0.9887, 0.9887, 0.7902, 0.7902, 0.7767, 0.7767, 0.8097, 0.8097]] Network sets raw:[[0.8873, 0, 0.0277, 0, 0.0272, 0, 0.0296, 0, 0.0273, 0.0022], [0.8731, 0, 0.0271, 0, 0.0276, 0, 0.0339, 0, 0.2137, 0.002], [0.8823, 0, 0.0303, 0, 0.0283, 0, 0.0294, 0, 0.032, 0.0028], [0.8149, 0, 0.0419, 0, 0.0445, 0, 0.2559, 0, 0.2115, 0.0021], [0.8253, 0, 0.1074, 0, 0.0374, 0, 0.0276, 0, 0.0271, 0.0021], [0.831, 0, 0.0398, 0, 0.1933, 0, 0.0278, 0, 0.0277, 0.0021], [0.9117, 0, 0.0366, 0, 0.0275, 0, 0.0285, 0, 0.0267, 0.0022], [0.8612, 0, 0.0301, 0, 0.0301, 0, 0.0282, 0, 0.0288, 0.0026], [0.8497, 0, 0.029, 0, 0.029, 0, 0.0304, 0, 0.075, 0.0021], [0.8651, 0, 0.0295, 0, 0.0286, 0, 0.0289, 0, 0.0226, 0.002], [0.9361, 0, 0.036, 0, 0.0303, 0, 0.0286, 0, 0.0209, 0.0022], [1.2429, 0, 0.3001, 0, 0.0304, 0, 0.0384, 0, 0.0267, 0.0022], [0.8322, 0, 0.1166, 0, 0.2742, 0, 0.0301, 0, 0.136, 0.0028], [0.8925, 0, 0.0361, 0, 0.0385, 0, 0.0332, 0, 0.0273, 0.0021], [0.9519, 0, 0.035, 0, 0.0295, 0, 0.2523, 0, 0.168, 0.0021], [1.0585, 0, 0.5115, 0, 0.0287, 0, 0.0279, 0, 0.0287, 0.0021], [0.8751, 0, 0.0298, 0, 0.028, 0, 0.029, 0, 0.0284, 0.0026], [0.9306, 0, 0.0293, 0, 0.0289, 0, 0.0288, 0, 0.028, 0.0021], [0.8482, 0, 0.0432, 0, 0.0286, 0, 0.0286, 0, 0.0278, 0.0022], [0.8776, 0, 0.0296, 0, 0.0299, 0, 0.0285, 0, 0.028, 0.0021], [0.8895, 0, 0.0301, 0, 0.0293, 0, 0.0277, 0, 0.0281, 0.0022], [0.8919, 0, 0.0297, 0, 0.029, 0, 0.0289, 0, 0.029, 0.0021], [0.8626, 0, 0.0292, 0, 0.0294, 0, 0.028, 0, 0.0278, 0.0021], [0.9178, 0, 0.0292, 0, 0.029, 0, 0.0288, 0, 0.0283, 0.0021], [0.884, 0, 0.039, 0, 0.0288, 0, 0.0284, 0, 0.0289, 0.0029], [0.889, 0, 0.0296, 0, 0.0294, 0, 0.0287, 0, 0.0283, 0.0021], [0.9391, 0, 0.0409, 0, 0.0293, 0, 0.0287, 0, 0.0277, 0.0022], [0.8606, 0, 0.0295, 0, 0.0291, 0, 0.0286, 0, 0.0274, 0.0022], [0.8635, 0, 0.0295, 0, 0.0292, 0, 0.028, 0, 0.0273, 0.0051]] bytes sent:[[200704], [200704], [200704], [200704], [200704]] bytes recv:802816 on avg per image: 0.5416s with std: 0.0208s network time: 0.1104s and network std: 0.2685s network time per img: 0.0110 compute time: 0.5306s compute/network ratio: 4.8063 and throughput 1.8462 img/s
