Code start -> moving to subprocess
[Gloo] Rank 1 is connected to 3 peer ranks. Expected number of connected peer ranks is : 3
Model resnet18 and split children
10 ['conv1', 'bn1', 'relu', 'maxpool', 'layer1']
[3, 3, 2, 2]
{'relu': <SplitPoint.END: 2>, 'layer2': <SplitPoint.END: 2>, 'layer4': <SplitPoint.END: 2>, 'fc': <SplitPoint.END: 2>}
4
2026-04-07 06:09:27.394388 Split done -> model sync start
2026-04-07 06:10:06.575494 Sync done -> model run start
2026-04-07 06:10:41.938258 Sync done -> model run start
2026-04-07 06:11:17.628615 Sync done -> model run start
2026-04-07 06:11:53.066041 Sync done -> model run start
2026-04-07 06:12:28.588473 Sync done -> model run start
2026-04-07 06:13:04.008567 Sync done -> model run start
2026-04-07 06:13:39.911089 Sync done -> model run start
2026-04-07 06:14:15.311059 Sync done -> model run start
2026-04-07 06:14:50.696195 Sync done -> model run start
2026-04-07 06:15:25.973420 Sync done -> model run start
2026-04-07 06:16:01.327542 Sync done -> model run start
2026-04-07 06:16:36.705909 Sync done -> model run start
2026-04-07 06:17:12.010900 Sync done -> model run start
2026-04-07 06:17:47.507318 Sync done -> model run start
2026-04-07 06:18:23.434569 Sync done -> model run start
2026-04-07 06:18:59.106861 Sync done -> model run start
2026-04-07 06:19:34.466448 Sync done -> model run start
2026-04-07 06:20:10.324773 Sync done -> model run start
2026-04-07 06:20:46.351047 Sync done -> model run start
2026-04-07 06:21:21.609771 Sync done -> model run start
2026-04-07 06:21:57.162461 Sync done -> model run start
2026-04-07 06:22:32.490538 Sync done -> model run start
2026-04-07 06:23:07.918046 Sync done -> model run start
2026-04-07 06:23:43.281622 Sync done -> model run start
2026-04-07 06:24:18.738874 Sync done -> model run start
2026-04-07 06:24:54.104609 Sync done -> model run start
2026-04-07 06:25:29.392271 Sync done -> model run start
2026-04-07 06:26:04.744126 Sync done -> model run start
2026-04-07 06:26:40.070275 Sync done -> model run start
2026-04-07 06:27:15.537862 Sync done -> model run start
2026-04-07 06:27:50.851527 Sync done -> model run start
rank 1 FLOP count: 3493855232 and full time*10**9 s/op: 0.1302
Time taken by rank:1 in total(avg): 4.5501s Batch time sets raw:[[0.4307, 0.4307, 0.4578, 0.4578, 0.4174, 0.4174, 0.4203, 0.4203, 0.4403, 0.4403], [0.4692, 0.4692, 0.4493, 0.4493, 0.417, 0.417, 0.5973, 0.5973, 0.9059, 0.9059], [0.4832, 0.4832, 0.4131, 0.4131, 0.4798, 0.4798, 0.4306, 0.4306, 0.4192, 0.4192], [0.4429, 0.4429, 0.6141, 0.6141, 0.8762, 0.8762, 0.8828, 0.8828, 0.9206, 0.9206], [0.4335, 0.4335, 0.6233, 0.6233, 0.8055, 0.8055, 0.5567, 0.5567, 0.4431, 0.4431], [0.4446, 0.4446, 0.7716, 0.7716, 0.7902, 0.7902, 0.4156, 0.4156, 0.4741, 0.4741], [0.4946, 0.4946, 0.4306, 0.4306, 0.4694, 0.4694, 0.4501, 0.4501, 0.4501, 0.4501], [0.4496, 0.4496, 0.465, 0.465, 0.6304, 0.6304, 0.8236, 0.8236, 0.5395, 0.5395], [0.4541, 0.4541, 0.4679, 0.4679, 0.419, 0.419, 0.5792, 0.5792, 0.8697, 0.8697], [0.4344, 0.4344, 0.4203, 0.4203, 0.4271, 0.4271, 0.4485, 0.4485, 0.4608, 0.4608], [0.5126, 0.5126, 0.4155, 0.4155, 0.7176, 0.7176, 0.7417, 0.7417, 0.4175, 0.4175], [0.8197, 0.8197, 0.8288, 0.8288, 0.6276, 0.6276, 0.8296, 0.8296, 0.4326, 0.4326], [0.4539, 0.4539, 0.6845, 0.6845, 0.9442, 0.9442, 0.6736, 0.6736, 0.8612, 0.8612], [0.4586, 0.4586, 0.4519, 0.4519, 0.7458, 0.7458, 0.6842, 0.6842, 0.495, 0.495], [0.4809, 0.4809, 0.4252, 0.4252, 0.7472, 0.7472, 1.0717, 1.0717, 0.7633, 0.7633], [0.6373, 0.6373, 1.0943, 1.0943, 0.4595, 0.4595, 0.4615, 0.4615, 0.4214, 0.4214], [0.4744, 0.4744, 0.4462, 0.4462, 0.432, 0.432, 0.4599, 0.4599, 0.4665, 0.4665], [0.4987, 0.4987, 0.4206, 0.4206, 0.4777, 0.4777, 0.4891, 0.4891, 0.4304, 0.4304], [0.4388, 0.4388, 0.4433, 0.4433, 0.4487, 0.4487, 0.4553, 0.4553, 0.4583, 0.4583], [0.4297, 0.4297, 0.476, 0.476, 0.4178, 0.4178, 0.4195, 0.4195, 0.4902, 0.4902], [0.459, 0.459, 0.4479, 0.4479, 0.4576, 0.4576, 0.42, 0.42, 0.4414, 0.4414], [0.4558, 0.4558, 0.4305, 0.4305, 0.4383, 0.4383, 0.4223, 0.4223, 0.4681, 0.4681], [0.4335, 0.4335, 0.4221, 0.4221, 0.4497, 0.4497, 0.4208, 0.4208, 0.4189, 0.4189], [0.5286, 0.5286, 0.4145, 0.4145, 0.4705, 0.4705, 0.4514, 0.4514, 0.4191, 0.4191], [0.4533, 0.4533, 0.4575, 0.4575, 0.4469, 0.4469, 0.4173, 0.4173, 0.4549, 0.4549], [0.4804, 0.4804, 0.4314, 0.4314, 0.4774, 0.4774, 0.4321, 0.4321, 0.4199, 0.4199], [0.5249, 0.5249, 0.4175, 0.4175, 0.4562, 0.4562, 0.4814, 0.4814, 0.4234, 0.4234], [0.4593, 0.4593, 0.4526, 0.4526, 0.4199, 0.4199, 0.4524, 0.4524, 0.4642, 0.4642], [0.4811, 0.4811, 0.4314, 0.4314, 0.4241, 0.4241, 0.4431, 0.4431, 0.4204, 0.4204]] Network sets raw:[[0.4217, 0, 0.2171, 0, 0.4587, 0, 0.4319, 0, 0.4616, 0.3925], [0.3633, 0, 0.2132, 0, 0.2337, 0, 0.673, 0, 0.2569, 0.0117], [0.3577, 0, 0.2138, 0, 0.357, 0, 0.3808, 0, 0.5236, 0.4851], [0.3312, 0, 0.2135, 0, 0.206, 0, 0.2271, 0, 0.2021, 0.0115], [0.3561, 0, 0.2177, 0, 0.2192, 0, 0.2145, 0, 0.2798, 0.3249], [0.3479, 0, 0.2156, 0, 0.2189, 0, 0.2178, 0, 0.2046, 0.3126], [0.3766, 0, 0.2154, 0, 0.2141, 0, 0.4211, 0, 0.4253, 0.3719], [0.3729, 0, 0.2138, 0, 0.2021, 0, 0.2209, 0, 0.273, 0.2563], [0.3586, 0, 0.2163, 0, 0.1976, 0, 0.5609, 0, 0.2922, 0.0036], [0.3938, 0, 0.2163, 0, 0.2172, 0, 0.4647, 0, 0.5293, 0.4343], [0.3843, 0, 0.2133, 0, 0.2023, 0, 0.3383, 0, 0.2005, 0.4161], [0.3868, 0, 0.2202, 0, 0.2049, 0, 0.2836, 0, 0.2017, 0.1446], [0.3376, 0, 0.2148, 0, 0.2153, 0, 0.2142, 0, 0.2001, 0.0024], [0.3971, 0, 0.2151, 0, 0.2015, 0, 0.2328, 0, 0.2171, 0.3877], [0.4333, 0, 0.2171, 0, 0.2024, 0, 0.3186, 0, 0.2165, 0.005], [0.3838, 0, 0.2176, 0, 0.2046, 0, 0.4051, 0, 0.3911, 0.4202], [0.3612, 0, 0.2127, 0, 0.2867, 0, 0.3946, 0, 0.4199, 0.4372], [0.3914, 0, 0.2134, 0, 0.2279, 0, 0.5957, 0, 0.3706, 0.4496], [0.3677, 0, 0.2128, 0, 0.2099, 0, 0.391, 0, 0.585, 0.4081], [0.4075, 0, 0.214, 0, 0.1987, 0, 0.6461, 0, 0.4162, 0.3539], [0.3926, 0, 0.2142, 0, 0.1997, 0, 0.4298, 0, 0.5605, 0.359], [0.3964, 0, 0.2119, 0, 0.4284, 0, 0.457, 0, 0.4392, 0.2894], [0.3832, 0, 0.2161, 0, 0.2278, 0, 0.6525, 0, 0.4312, 0.3827], [0.3511, 0, 0.2159, 0, 0.2226, 0, 0.425, 0, 0.423, 0.4379], [0.3919, 0, 0.2179, 0, 0.2025, 0, 0.5354, 0, 0.4917, 0.4213], [0.3734, 0, 0.2146, 0, 0.3514, 0, 0.3537, 0, 0.4626, 0.4614], [0.3722, 0, 0.2165, 0, 0.2021, 0, 0.5503, 0, 0.4336, 0.5066], [0.3615, 0, 0.213, 0, 0.3912, 0, 0.4232, 0, 0.3953, 0.3488], [0.3437, 0, 0.2137, 0, 0.2581, 0, 0.5983, 0, 0.3771, 0.3872]] bytes sent:[[802816], [802816], [802816], [802816], [802816]] bytes recv:6422528 on avg per image: 0.4550s with std: 0.0199s network time: 0.1940s and network std: 0.1861s network time per img: 0.0194 compute time: 0.4356s compute/network ratio: 2.2454 and throughput 2.1978 img/s
