Code start -> moving to subprocess
[Gloo] Rank 3 is connected to 3 peer ranks. Expected number of connected peer ranks is : 3
Model resnet18 and split children
10 ['conv1', 'bn1', 'relu', 'maxpool', 'layer1']
[3, 3, 2, 2]
{'relu': <SplitPoint.END: 2>, 'layer2': <SplitPoint.END: 2>, 'layer4': <SplitPoint.END: 2>, 'fc': <SplitPoint.END: 2>}
4
2026-04-07 06:09:31.130366 Split done -> model sync start
2026-04-07 06:10:06.573157 Sync done -> model run start
2026-04-07 06:10:41.936209 Sync done -> model run start
2026-04-07 06:11:17.626148 Sync done -> model run start
2026-04-07 06:11:53.063861 Sync done -> model run start
2026-04-07 06:12:28.586490 Sync done -> model run start
2026-04-07 06:13:04.006557 Sync done -> model run start
2026-04-07 06:13:39.909038 Sync done -> model run start
2026-04-07 06:14:15.309011 Sync done -> model run start
2026-04-07 06:14:50.694185 Sync done -> model run start
2026-04-07 06:15:25.971346 Sync done -> model run start
2026-04-07 06:16:01.325471 Sync done -> model run start
2026-04-07 06:16:36.703531 Sync done -> model run start
2026-04-07 06:17:12.008693 Sync done -> model run start
2026-04-07 06:17:47.504996 Sync done -> model run start
2026-04-07 06:18:23.432564 Sync done -> model run start
2026-04-07 06:18:59.105196 Sync done -> model run start
2026-04-07 06:19:34.463852 Sync done -> model run start
2026-04-07 06:20:10.322767 Sync done -> model run start
2026-04-07 06:20:46.348946 Sync done -> model run start
2026-04-07 06:21:21.607374 Sync done -> model run start
2026-04-07 06:21:57.160454 Sync done -> model run start
2026-04-07 06:22:32.488357 Sync done -> model run start
2026-04-07 06:23:07.915822 Sync done -> model run start
2026-04-07 06:23:43.279457 Sync done -> model run start
2026-04-07 06:24:18.736870 Sync done -> model run start
2026-04-07 06:24:54.102289 Sync done -> model run start
2026-04-07 06:25:29.390086 Sync done -> model run start
2026-04-07 06:26:04.742261 Sync done -> model run start
2026-04-07 06:26:40.068029 Sync done -> model run start
2026-04-07 06:27:15.535593 Sync done -> model run start
2026-04-07 06:27:50.849402 Sync done -> model run start
rank 3 FLOP count: 2048000 and full time*10**9 s/op: 265.2276
Time taken by rank:3 in total(avg): 5.4319s Batch time sets raw:[[0.009, 0.0103, 0.0104, 0.0103, 0.0094], [0.0095, 0.0102, 0.0103, 0.0085, 0.0086], [0.0103, 0.0103, 0.0103, 0.0112, 0.0102], [0.0103, 0.0103, 0.0104, 0.0103, 0.0102], [0.0103, 0.0103, 0.0104, 0.0089, 0.0098], [0.0181, 0.0102, 0.0089, 0.0095, 0.0105], [0.0094, 0.0112, 0.0104, 0.0103, 0.0096], [0.0088, 0.0103, 0.0104, 0.0102, 0.0089], [0.0091, 0.0104, 0.0103, 0.0103, 0.0088], [0.0102, 0.0095, 0.0089, 0.0102, 0.0094], [0.0103, 0.0095, 0.0089, 0.0104, 0.0103], [0.0102, 0.0103, 0.0103, 0.0095, 0.0114], [0.0142, 0.0102, 0.0104, 0.0104, 0.0102], [0.0103, 0.0084, 0.0103, 0.0104, 0.0103], [0.0103, 0.0104, 0.009, 0.0108, 0.0104], [0.0094, 0.0116, 0.0104, 0.0104, 0.0102], [0.0103, 0.0103, 0.0116, 0.0089, 0.0104], [0.0102, 0.0103, 0.0105, 0.0141, 0.0102], [0.0102, 0.0088, 0.0089, 0.0154, 0.0104], [0.0102, 0.0103, 0.0102, 0.0089, 0.0096], [0.0153, 0.0114, 0.0103, 0.0095, 0.0105], [0.0101, 0.0102, 0.0103, 0.0084, 0.0088], [0.0088, 0.0083, 0.0102, 0.0103, 0.0094], [0.0103, 0.0108, 0.0103, 0.0099, 0.0102], [0.012, 0.011, 0.0102, 0.0102, 0.0104], [0.0102, 0.0102, 0.0095, 0.0134, 0.0103], [0.0102, 0.0104, 0.0089, 0.0102, 0.0104], [0.0101, 0.0103, 0.0123, 0.0101, 0.0104], [0.0103, 0.0104, 0.0094, 0.0085, 0.0104]] Network sets raw:[[1.9856, 0.8415, 0.8695, 0.8231, 0.8314], [1.7276, 1.0814, 0.843, 0.72, 1.0653], [1.8228, 0.8514, 0.9439, 0.8926, 0.8189], [1.667, 1.0756, 0.8201, 1.1531, 1.0987], [1.569, 1.2296, 0.89, 0.7548, 0.8709], [1.7944, 0.8257, 0.978, 0.7788, 0.9153], [1.6936, 0.9294, 0.8645, 0.8112, 0.8906], [1.7127, 0.8441, 1.0888, 0.7851, 0.8336], [1.7007, 0.9755, 0.8618, 0.8098, 0.9439], [1.6937, 0.8805, 0.9693, 0.8833, 0.7911], [1.6731, 1.1098, 0.9353, 0.8191, 0.8735], [2.0008, 1.3741, 0.8532, 0.7373, 0.8711], [1.62, 0.9904, 1.3191, 0.7379, 0.9111], [1.7021, 0.9343, 0.9139, 0.9188, 0.7975], [1.7374, 1.0892, 0.8405, 1.0531, 1.052], [1.8654, 1.5422, 0.8418, 0.8303, 0.8579], [1.7921, 0.8176, 0.8683, 0.8892, 0.8012], [1.7632, 1.0638, 0.8473, 0.8712, 0.9149], [1.6492, 0.8666, 1.0323, 0.8572, 0.8333], [1.7308, 1.0576, 0.8272, 0.8332, 0.8904], [1.7244, 0.8732, 0.9684, 0.7892, 0.9157], [1.9314, 0.8854, 0.8539, 0.7463, 0.9536], [1.6928, 1.094, 0.8445, 0.7913, 0.8593], [1.743, 0.886, 0.8645, 0.8439, 0.8626], [1.5709, 1.1334, 0.8969, 0.8669, 0.7921], [1.861, 0.821, 0.8848, 0.8712, 0.7975], [1.6957, 1.0447, 0.9053, 0.9203, 0.8131], [1.8881, 0.8334, 0.8396, 0.7979, 0.8418], [1.7385, 1.0103, 0.8111, 0.7978, 0.8315]] bytes sent:[] bytes recv:200704 on avg per image: 0.5432s with std: 0.0208s network time: 1.0752s and network std: 0.3598s network time per img: 0.1075 compute time: 0.4357s compute/network ratio: 0.4052 and throughput 1.8410 img/s
