ALL SYNC
2026-04-21 11:27:55.908094 Sync done -> model run start
2026-04-21 11:27:55.908094 Sync done -> model run start
2026-04-21 11:27:55.908094 Sync done -> model run start
2026-04-21 11:27:55.908094 Sync done -> model run start
0 17.671 [3.6848566739354283, 3.535963454982266, 3.473513145931065, 3.5009474959224463, 3.475806468864903]
2 17.716 [3.7010266699362546, 3.558214504038915, 3.4716239920817316, 3.501902385149151, 3.4832455329596996]
1 17.778 [3.6939625509548932, 3.6157220359891653, 3.482524855993688, 3.5022677478846163, 3.4831231380812824]
3 18.4 [3.881918217986822, 3.7543331391643733, 3.6291887189727277, 3.6068904851563275, 3.52794773504138]
2026-04-21 11:28:16.889894 Sync done -> model run start
2026-04-21 11:28:16.890431 Sync done -> model run start
2026-04-21 11:28:16.911783 Sync done -> model run start
2026-04-21 11:28:16.980367 Sync done -> model run start
1 17.585 [3.6233567339368165, 3.5687651231419295, 3.4618305801413953, 3.4710776559077203, 3.4602147100958973]
2 17.603 [3.645635699853301, 3.560112993000075, 3.462944896193221, 3.4687801708932966, 3.4648740540724248]
0 17.667 [3.6237751690205187, 3.6392718909773976, 3.4692568329628557, 3.4664324270561337, 3.4678808571770787]
3 18.192 [3.789442654931918, 3.7074019559659064, 3.6065477379597723, 3.604576555080712, 3.484131685923785]
2026-04-21 11:28:41.014864 Sync done -> model run start
2026-04-21 11:28:41.015564 Sync done -> model run start
2026-04-21 11:28:41.047943 Sync done -> model run start
2026-04-21 11:28:41.122319 Sync done -> model run start
1 17.699 [3.605649158824235, 3.585964761907235, 3.5119923430029303, 3.4972044229507446, 3.4982184800319374]
0 17.772 [3.5994895140174776, 3.6285563530400395, 3.5356280179694295, 3.4950473529752344, 3.5134230139665306]
2 17.781 [3.613272233866155, 3.6275600569788367, 3.522949821082875, 3.49586437898688, 3.521563220070675]
3 18.243 [3.739343316992745, 3.6881267870776355, 3.6316598758567125, 3.6367839057929814, 3.546461491845548]
2026-04-21 11:29:09.250978 Sync done -> model run start
2026-04-21 11:29:09.252623 Sync done -> model run start
2026-04-21 11:29:09.273828 Sync done -> model run start
2026-04-21 11:29:09.313721 Sync done -> model run start
0 17.69 [3.6299248470459133, 3.6046136119402945, 3.5012946689967066, 3.47360188793391, 3.480003929929808]
1 17.726 [3.627383040962741, 3.6458920859731734, 3.5032233549281955, 3.4683099950198084, 3.480922829825431]
3 17.749 [3.647397855995223, 3.6428463249467313, 3.5069782249629498, 3.4627256591338664, 3.489145118976012]
2 18.261 [3.77740964316763, 3.7077373501379043, 3.6381197969894856, 3.5985164169687778, 3.5392577529419214]
2026-04-21 11:29:37.143172 Sync done -> model run start
2026-04-21 11:29:37.143172 Sync done -> model run start
2026-04-21 11:29:37.143172 Sync done -> model run start
2026-04-21 11:29:37.196593 Sync done -> model run start
1 17.77 [3.700490484945476, 3.59936465206556, 3.514441991923377, 3.4764602158684283, 3.478743796935305]
3 17.808 [3.7004903808701783, 3.6290986731182784, 3.5092326519079506, 3.4746216870844364, 3.494806294096634]
2 17.853 [3.74269598396495, 3.5927484980784357, 3.5226964680477977, 3.4904246549122036, 3.5045168539509177]
0 18.376 [3.867058746982366, 3.7043462430592626, 3.637185911880806, 3.6162422520574182, 3.5510732610709965]
2026-04-21 11:30:05.445437 Sync done -> model run start
2026-04-21 11:30:05.458019 Sync done -> model run start
2026-04-21 11:30:05.458216 Sync done -> model run start
2026-04-21 11:30:05.521843 Sync done -> model run start
0 17.783 [3.661491280887276, 3.6029031849466264, 3.4971684240736067, 3.487103024031967, 3.5340813570655882]
1 17.733 [3.66657853894867, 3.5628560557961464, 3.485275430139154, 3.484063981100917, 3.533595735905692]
3 17.959 [3.794155030976981, 3.646695184055716, 3.501179127022624, 3.489217957947403, 3.527094790013507]
2 18.303 [3.666579111944884, 3.7248283599037677, 3.649203293956816, 3.6319074740167707, 3.6303566531278193]
2026-04-21 11:30:35.471437 Sync done -> model run start
2026-04-21 11:30:35.477088 Sync done -> model run start
2026-04-21 11:30:35.492709 Sync done -> model run start
2026-04-21 11:30:35.557965 Sync done -> model run start
1 17.749 [3.6190988179296255, 3.5724386628717184, 3.5711703919805586, 3.48069495591335, 3.504869222873822]
2 17.805 [3.6435406859964132, 3.584242803044617, 3.5887639729771763, 3.479866679990664, 3.50829987693578]
0 17.863 [3.627027411945164, 3.657521531917155, 3.586030449019745, 3.4846678969915956, 3.5076931100338697]
3 18.375 [3.750005496898666, 3.7735466440208256, 3.643995844060555, 3.6292517771944404, 3.578052954049781]
2026-04-21 11:31:03.718197 Sync done -> model run start
2026-04-21 11:31:03.726097 Sync done -> model run start
2026-04-21 11:31:03.738077 Sync done -> model run start
2026-04-21 11:31:03.805415 Sync done -> model run start
0 17.729 [3.545111773069948, 3.6330129068810493, 3.5201836091000587, 3.5364654811564833, 3.493621082045138]
1 17.68 [3.5546296269167215, 3.577845826977864, 3.5178495100699365, 3.5381133870687336, 3.4911203689407557]
2 17.91 [3.564443622948602, 3.5762540670111775, 3.5258080509956926, 3.634017694974318, 3.6096124430187047]
3 18.103 [3.6955163429956883, 3.7333610930945724, 3.652228144928813, 3.5769097949378192, 3.4452360388822854]
2026-04-21 11:31:34.620453 Sync done -> model run start
2026-04-21 11:31:34.621791 Sync done -> model run start
2026-04-21 11:31:34.642423 Sync done -> model run start
2026-04-21 11:31:34.659084 Sync done -> model run start
1 17.691 [3.5771609470248222, 3.5708554179873317, 3.5195301370695233, 3.53390827216208, 3.4890199271030724]
3 17.752 [3.585490372031927, 3.622391741955653, 3.5159839631523937, 3.547436515102163, 3.48013227712363]
0 17.995 [3.7062131608836353, 3.7656419849954545, 3.507087720790878, 3.5553416709881276, 3.4603263679891825]
2 18.221 [3.5679964260198176, 3.6976535317953676, 3.652268054196611, 3.695253655081615, 3.607810073066503]
2026-04-21 11:32:03.428957 Sync done -> model run start
2026-04-21 11:32:03.430146 Sync done -> model run start
2026-04-21 11:32:03.445392 Sync done -> model run start
2026-04-21 11:32:03.481589 Sync done -> model run start
2 17.674 [3.639532471075654, 3.5574916128534824, 3.5376807569991797, 3.4674154450185597, 3.4714701590128243]
0 17.63 [3.6297879011835903, 3.5531769550871104, 3.5055047729983926, 3.4715326570440084, 3.4695806929375976]
1 17.764 [3.6284839510917664, 3.6441035359166563, 3.5350811381358653, 3.4646456718910486, 3.49181387713179]
3 18.264 [3.768178801983595, 3.714788377052173, 3.6224324840586632, 3.6038528690114617, 3.5540966398548335]
2026-04-21 11:32:27.991555 Sync done -> model run start
net_times: [[0.0, 1.111, 0, 1210368], [0.0, 4.339, 0, 1210368], [0.0, 8.379, 0, 1210368], [0.0, 8.031, 0, 1210368], [0.0, 8.362, 0, 1210368], [0.0, 10.203, 0, 1210368], [0.0, 8.31, 0, 1210368], [0.0, 11.194, 0, 1210368], [0.0, 9.096, 0, 1210368], [0.0, 6.108, 0, 1210368]]
echo 'race4fun' | sudo -S sh -c 'journalctl --since "2026-04-21 11:27:53.041983" --until "2026-04-21 11:32:27.991555" -k -o short-iso '| grep -i -E 'throttle|throttled|thermal|cpufreq|under-voltage|voltage'
