ALL SYNC
2026-04-21 11:33:39.533672 Sync done -> model run start
2026-04-21 11:33:39.533671 Sync done -> model run start
2026-04-21 11:33:39.533671 Sync done -> model run start
2026-04-21 11:33:39.533671 Sync done -> model run start
3 10.568 [2.2149712019599974, 2.1222334869671613, 2.061961075058207, 2.0632878900505602, 2.105365111026913]
1 10.619 [2.223737915046513, 2.1235049879178405, 2.074139275122434, 2.066645158920437, 2.1303574959747493]
2 10.654 [2.230012300191447, 2.129515260923654, 2.076854622224346, 2.0629559131339192, 2.154805978992954]
0 11.008 [2.3220514801796526, 2.21453016391024, 2.1268868930637836, 2.139251863816753, 2.2053896011784673]
2026-04-21 11:33:53.585277 Sync done -> model run start
2026-04-21 11:33:53.612059 Sync done -> model run start
2026-04-21 11:33:53.640401 Sync done -> model run start
2026-04-21 11:33:53.656155 Sync done -> model run start
0 10.494 [2.1115504959598184, 2.0992991148959845, 2.060813933843747, 2.152550777886063, 2.0698089911602437]
2 10.503 [2.1070560631342232, 2.099261842202395, 2.0668870040681213, 2.153318224940449, 2.0766465400811285]
3 10.516 [2.1107314249966294, 2.1036500930786133, 2.0655773680191487, 2.1526879121083766, 2.0834719019476324]
2026-04-21 11:34:10.604386 Sync done -> model run start
2026-04-21 11:34:10.645463 Sync done -> model run start
2026-04-21 11:34:10.664443 Sync done -> model run start
2026-04-21 11:34:10.675078 Sync done -> model run start
0 10.4 [2.139696944039315, 2.0906491088680923, 2.050215076189488, 2.0602286199573427, 2.0593135240487754]
2 10.424 [2.1307390830479562, 2.095881085842848, 2.049590335926041, 2.059404816944152, 2.0881738180760294]
3 10.428 [2.1444023039657623, 2.1014736860524863, 2.0529700729530305, 2.0611022107768804, 2.068192839855328]
1 10.734 [2.1895376979373395, 2.187421971000731, 2.1351746059954166, 2.1429236168041825, 2.0786426179111004]
2026-04-21 11:34:26.278177 Sync done -> model run start
2026-04-21 11:34:26.278174 Sync done -> model run start
2026-04-21 11:34:26.329714 Sync done -> model run start
2026-04-21 11:34:26.339075 Sync done -> model run start
1 10.705 [2.1560042910277843, 2.1522946630138904, 2.1208772948011756, 2.14606113685295, 2.129453759873286]
3 10.746 [2.1596360590774566, 2.1521113300696015, 2.116524798097089, 2.1481445720419288, 2.1692258110269904]
2 11.098 [2.244211106095463, 2.2537475069984794, 2.20607233280316, 2.22495804913342, 2.168378252070397]
2026-04-21 11:34:41.379632 Sync done -> model run start
2026-04-21 11:34:41.393097 Sync done -> model run start
2026-04-21 11:34:41.426542 Sync done -> model run start
2026-04-21 11:34:41.449637 Sync done -> model run start
0 10.465 [2.11704717297107, 2.1344899779651314, 2.0674825950991362, 2.0871908687986434, 2.0583590818569064]
1 10.491 [2.116347537143156, 2.1423102831467986, 2.0667622829787433, 2.0934487271588296, 2.071440318832174]
3 10.489 [2.1167611819691956, 2.140728513011709, 2.0705839979927987, 2.0921151859220117, 2.068856518017128]
2 10.861 [2.196699344087392, 2.2138948030769825, 2.1353657611180097, 2.1829664008691907, 2.131955307908356]
2026-04-21 11:34:56.745971 Sync done -> model run start
2026-04-21 11:34:56.767129 Sync done -> model run start
2026-04-21 11:34:56.794454 Sync done -> model run start
2026-04-21 11:34:56.843632 Sync done -> model run start
0 10.424 [2.135282772826031, 2.1021978659555316, 2.0688832739833742, 2.0641188120935112, 2.05351768899709]
1 10.446 [2.141779380850494, 2.1085278082173318, 2.0695812408812344, 2.0666074021719396, 2.0590519518591464]
2 10.485 [2.1425063591450453, 2.118019724963233, 2.079917376860976, 2.0743174450471997, 2.070053033065051]
3 10.776 [2.1789220520295203, 2.2007208890281618, 2.1590367201715708, 2.1509736620355397, 2.085714938119054]
2026-04-21 11:35:12.016874 Sync done -> model run start
2026-04-21 11:35:12.016874 Sync done -> model run start
2026-04-21 11:35:12.074504 Sync done -> model run start
2026-04-21 11:35:12.076032 Sync done -> model run start
0 10.691 [2.1664086771197617, 2.1614233790896833, 2.1227101508993655, 2.1239388580434024, 2.115930285071954]
1 10.691 [2.1664098750334233, 2.161505826981738, 2.1226309328339994, 2.1239550050813705, 2.1159349200315773]
3 10.705 [2.1687476839870214, 2.1606166600249708, 2.12256035907194, 2.12314338888973, 2.1292843820992857]
2 11.068 [2.2472349910531193, 2.256995922885835, 2.215999308973551, 2.1702507238369435, 2.1777784309815615]
2026-04-21 11:35:27.533396 Sync done -> model run start
2026-04-21 11:35:27.551146 Sync done -> model run start
2026-04-21 11:35:27.590247 Sync done -> model run start
2026-04-21 11:35:27.613759 Sync done -> model run start
0 10.417 [2.102083656936884, 2.0997791930567473, 2.066868363879621, 2.0682985831517726, 2.0793446239549667]
1 10.442 [2.1029242291115224, 2.1079789740033448, 2.0690328390337527, 2.071630713995546, 2.0898696091026068]
3 10.437 [2.1018889169208705, 2.1077684010379016, 2.06498935399577, 2.070103423902765, 2.0920808559749275]
2 10.831 [2.1877950062043965, 2.151325687067583, 2.164428543066606, 2.1537816401105374, 2.173829176928848]
2026-04-21 11:35:43.016684 Sync done -> model run start
2026-04-21 11:35:43.042816 Sync done -> model run start
2026-04-21 11:35:43.066239 Sync done -> model run start
2026-04-21 11:35:43.066440 Sync done -> model run start
1 10.394 [2.118206416023895, 2.105485456995666, 2.0529280460905284, 2.0571095659397542, 2.059973743977025]
2 10.399 [2.107325023971498, 2.1040822297800332, 2.057906528003514, 2.062578255077824, 2.067206806037575]
0 10.737 [2.168362125987187, 2.1879278898704797, 2.1472285320051014, 2.143997923936695, 2.0890222880989313]
3 10.414 [2.112815952859819, 2.111143365036696, 2.059458557050675, 2.0599394568707794, 2.070844039088115]
2026-04-21 11:35:58.237765 Sync done -> model run start
2026-04-21 11:35:58.271078 Sync done -> model run start
2026-04-21 11:35:58.296438 Sync done -> model run start
2026-04-21 11:35:58.327574 Sync done -> model run start
0 10.546 [2.1226932120043784, 2.1117205349728465, 2.0902989159803838, 2.0866805508267134, 2.134672885062173]
1 10.513 [2.128686536103487, 2.1165533389430493, 2.0839290290605277, 2.0757643699180335, 2.1080871468875557]
2 10.541 [2.13487058901228, 2.121740517904982, 2.0811894489452243, 2.074950985144824, 2.12847628002055]
3 10.849 [2.207375162979588, 2.1963747749105096, 2.1355733200907707, 2.139373744139448, 2.169673810945824]
2026-04-21 11:36:12.545874 Sync done -> model run start
net_times: [[13.792, 2.09, 1210368, 1210368], [0.002, 5.088, 1210368, 1210368], [0.002, 3.869, 1210368, 1210368], [0.002, 2.951, 1210368, 1210368], [0.002, 3.471, 1210368, 1210368], [0.002, 3.395, 1210368, 1210368], [0.002, 3.411, 1210368, 1210368], [0.002, 3.565, 1210368, 1210368], [0.002, 3.448, 1210368, 1210368], [0.002, 3.247, 1210368, 1210368]]
echo 'race4fun' | sudo -S sh -c 'journalctl --since "2026-04-21 11:33:23.812989" --until "2026-04-21 11:36:12.545874" -k -o short-iso '| grep -i -E 'throttle|throttled|thermal|cpufreq|under-voltage|voltage'
