ALL SYNC
2026-04-21 11:33:24.893578 Sync done -> model run start
2026-04-21 11:33:24.893571 Sync done -> model run start
2026-04-21 11:33:24.893571 Sync done -> model run start
2026-04-21 11:33:24.897371 Sync done -> model run start
1 11.025 [2.1611456458922476, 2.737715772120282, 2.15580019983463, 1.9897328249644488, 1.9800589070655406]
3 11.07 [2.1555113459471613, 2.7248736899346113, 2.2117716821376234, 1.9954754579812288, 1.9824705647770315]
0 11.092 [2.1668180180713534, 2.733936047879979, 2.17129190498963, 2.028062976896763, 1.9912444329820573]
2 11.507 [2.263111206004396, 2.9042259559500962, 2.20319692697376, 2.0879146000370383, 2.0479682059958577]
2026-04-21 11:33:38.434139 Sync done -> model run start
2026-04-21 11:33:38.434597 Sync done -> model run start
2026-04-21 11:33:38.434855 Sync done -> model run start
2026-04-21 11:33:38.503286 Sync done -> model run start
0 11.2 [2.867767933057621, 2.319336438085884, 2.0106771120335907, 2.0037105788942426, 1.9986073710024357]
3 11.262 [2.972657178994268, 2.2331737279891968, 2.058770087081939, 1.9938556212000549, 2.0030876130331308]
1 11.361 [2.8894039359875023, 2.311777148162946, 2.160739241866395, 1.9995429930277169, 1.999095493927598]
2 11.517 [2.915258565917611, 2.3892864040099084, 2.098675908986479, 2.0457427471410483, 2.0677177058532834]
2026-04-21 11:33:53.576323 Sync done -> model run start
2026-04-21 11:33:53.578932 Sync done -> model run start
2026-04-21 11:33:53.589686 Sync done -> model run start
2026-04-21 11:33:53.600165 Sync done -> model run start
1 10.303 [2.067526456899941, 2.067825466161594, 2.055200622882694, 2.061097057070583, 2.0507745479699224]
2 10.3 [2.070729046827182, 2.062813507858664, 2.0543032840359956, 2.0610970039851964, 2.0507747048977762]
3 10.321 [2.0767620420083404, 2.0655816209036857, 2.058734461897984, 2.0587763369549066, 2.061293513979763]
0 10.666 [2.1630875130649656, 2.1158668778371066, 2.1402865671552718, 2.155823898036033, 2.0902825070079416]
2026-04-21 11:34:10.626320 Sync done -> model run start
2026-04-21 11:34:10.634037 Sync done -> model run start
2026-04-21 11:34:10.634099 Sync done -> model run start
2026-04-21 11:34:10.651474 Sync done -> model run start
3 12.23 [3.2503842930309474, 2.9445875589735806, 2.0101739380043, 2.033897224115208, 1.9911472469102591]
2 12.4 [3.500605531036854, 2.8166671588551253, 2.0975427888333797, 2.001111424062401, 1.9842108699958771]
0 12.289 [3.270692175021395, 2.9407226268667728, 2.0076371249742806, 2.0569006679579616, 2.0124140330590308]
1 12.623 [3.5466062750201672, 2.8663643458858132, 2.1020913121756166, 2.0831270159687847, 2.0249128858558834]
2026-04-21 11:34:26.221921 Sync done -> model run start
2026-04-21 11:34:26.221921 Sync done -> model run start
2026-04-21 11:34:26.246644 Sync done -> model run start
2026-04-21 11:34:26.288393 Sync done -> model run start
0 11.106 [2.0901892269030213, 2.0859515878837556, 2.0400302710477263, 2.8772286239545792, 2.0125846569426358]
1 11.148 [2.09016526886262, 2.0876434561796486, 2.03883402608335, 2.90118425199762, 2.029593179933727]
3 11.344 [2.09165270999074, 2.0910904209595174, 2.0410020898561925, 3.018281624186784, 2.1021989681757987]
2 11.455 [2.1782533349469304, 2.125291891861707, 2.2083511769305915, 2.8500191539060324, 2.092438176041469]
2026-04-21 11:34:41.327950 Sync done -> model run start
2026-04-21 11:34:41.334037 Sync done -> model run start
2026-04-21 11:34:41.344094 Sync done -> model run start
2026-04-21 11:34:41.349939 Sync done -> model run start
0 11.208 [2.067029271973297, 3.129081625957042, 1.969186401925981, 2.0443585340399295, 1.998160342918709]
2 11.241 [2.069888062076643, 3.141350480960682, 1.9747609111946076, 2.0465712330769747, 2.00874706893228]
3 11.36 [2.067501770099625, 3.208344731014222, 1.9835857169236988, 2.1138131888583302, 1.986999399960041]
1 11.579 [2.1666879151016474, 3.2419237040448934, 2.0244790338911116, 2.1014110029209405, 2.044283535098657]
2026-04-21 11:34:56.743770 Sync done -> model run start
2026-04-21 11:34:56.744019 Sync done -> model run start
2026-04-21 11:34:56.753127 Sync done -> model run start
2026-04-21 11:34:56.770046 Sync done -> model run start
2 11.305 [3.18799184798263, 2.0616984087973833, 2.037598771043122, 2.006889316951856, 2.010899612912908]
0 11.372 [3.2531181881204247, 2.064597563119605, 2.037954862928018, 2.006284423870966, 2.0103712810669094]
3 11.424 [3.1842803531326354, 2.0621320009231567, 2.1594384138006717, 2.0044708370696753, 2.013770537916571]
1 11.634 [3.270986811025068, 2.104725311975926, 2.1236832530703396, 2.0927386949770153, 2.041770732961595]
2026-04-21 11:35:11.970524 Sync done -> model run start
2026-04-21 11:35:11.974318 Sync done -> model run start
2026-04-21 11:35:11.989303 Sync done -> model run start
2026-04-21 11:35:12.004342 Sync done -> model run start
2 13.067 [3.021073800045997, 2.972031870856881, 2.06307772686705, 1.9865660171490163, 3.0235247800592333]
1 12.999 [3.010633427184075, 2.9848369730170816, 1.9961137368809432, 1.9957835820969194, 3.011729307938367]
0 13.104 [3.02400920400396, 2.9768409649841487, 2.102556674974039, 1.9872847120277584, 3.0127774809952825]
3 13.34 [3.1704882241319865, 2.993177198106423, 2.0831009240355343, 2.135590391000733, 2.957645368995145]
2026-04-21 11:35:27.521022 Sync done -> model run start
2026-04-21 11:35:27.548854 Sync done -> model run start
2026-04-21 11:35:27.555922 Sync done -> model run start
2026-04-21 11:35:27.678396 Sync done -> model run start
0 10.012 [2.0283595910295844, 2.0261647049337626, 1.9702823359984905, 1.9857624270953238, 2.0014056940563023]
2 10.003 [2.0232841440010816, 2.031776764895767, 1.9711636339779943, 1.9879573660437018, 1.9881275740917772]
3 9.989 [2.023744820151478, 2.0246580448001623, 1.9700246809516102, 1.9808178120292723, 1.9900528250727803]
1 10.406 [2.140185476047918, 2.1203172779642045, 2.0273866790812463, 2.0736018491443247, 2.044830460101366]
2026-04-21 11:35:42.973514 Sync done -> model run start
2026-04-21 11:35:42.973513 Sync done -> model run start
2026-04-21 11:35:42.998839 Sync done -> model run start
2026-04-21 11:35:43.012855 Sync done -> model run start
1 10.222 [2.0936334310099483, 2.0922702078241855, 2.0571963449474424, 2.0033824571873993, 1.9755136158782989]
2 10.249 [2.093633535085246, 2.0922700001392514, 2.0744506479240954, 2.001524183899164, 1.9864494549110532]
3 10.291 [2.1084380040410906, 2.1085011300165206, 2.085715599823743, 1.9911071960814297, 1.9972754521295428]
0 10.593 [2.205837385961786, 2.192598847905174, 2.10799920395948, 2.0749583020806313, 2.011239456012845]
2026-04-21 11:35:57.416933 Sync done -> model run start
net_times: [[0.0, 1.108, 0, 1210368], [0.0, 2.716, 0, 1210368], [0.0, 5.407, 0, 1210368], [0.0, 2.056, 0, 1210368], [0.0, 2.66, 0, 1210368], [0.0, 2.917, 0, 1210368], [0.0, 2.675, 0, 1210368], [0.0, 1.251, 0, 1210368], [0.0, 4.119, 0, 1210368], [0.0, 3.701, 0, 1210368]]
echo 'race4fun' | sudo -S sh -c 'journalctl --since "2026-04-21 11:33:22.789906" --until "2026-04-21 11:35:57.416933" -k -o short-iso '| grep -i -E 'throttle|throttled|thermal|cpufreq|under-voltage|voltage'
