ALL SYNC
2026-04-21 11:28:18.350295 Sync done -> model run start
2026-04-21 11:28:18.350285 Sync done -> model run start
2026-04-21 11:28:18.350285 Sync done -> model run start
2026-04-21 11:28:18.409236 Sync done -> model run start
2 20.394 [4.417271042941138, 4.4792750109918416, 4.49005340388976, 3.4512627490330487, 3.5555807121563703]
3 20.823 [4.456399583024904, 4.458839102881029, 4.572069114074111, 3.6688559849280864, 3.6667159411590546]
1 21.026 [4.451618767809123, 4.546197813004255, 4.636261042905971, 3.5013159308582544, 3.8906396210659295]
0 21.126 [4.41896332683973, 4.519734169822186, 4.757445762865245, 3.679127713898197, 3.750326541950926]
2026-04-21 11:28:40.990591 Sync done -> model run start
2026-04-21 11:28:40.990591 Sync done -> model run start
2026-04-21 11:28:41.031191 Sync done -> model run start
2026-04-21 11:28:41.047487 Sync done -> model run start
0 26.039 [5.272988575976342, 5.177533023059368, 4.485805551055819, 5.65806951909326, 5.444194964831695]
3 26.026 [5.251937774941325, 5.181415662867948, 4.505244015017524, 5.640221673995256, 5.446693288162351]
2 26.107 [5.216036253143102, 5.180330510949716, 4.473360757809132, 5.810791664058343, 5.426689201965928]
1 26.727 [5.366432521957904, 5.35900880000554, 5.0902702999301255, 5.382886931998655, 5.528540353057906]
2026-04-21 11:29:09.192329 Sync done -> model run start
2026-04-21 11:29:09.192329 Sync done -> model run start
2026-04-21 11:29:09.253823 Sync done -> model run start
2026-04-21 11:29:09.293019 Sync done -> model run start
3 25.544 [5.277511728927493, 3.4973492750432342, 5.952536450931802, 5.299811688018963, 5.516422010026872]
2 25.893 [5.445584488101304, 3.5640982768964022, 6.301548480056226, 5.3516705930233, 5.230095873819664]
0 26.393 [5.3774765860289335, 3.698677211999893, 6.376246669096872, 5.606007013935596, 5.3347728999797255]
1 25.503 [5.279046670999378, 3.479186796117574, 5.773493528133258, 5.320642957929522, 5.650440741097555]
2026-04-21 11:29:37.091014 Sync done -> model run start
2026-04-21 11:29:37.116828 Sync done -> model run start
2026-04-21 11:29:37.151564 Sync done -> model run start
2026-04-21 11:29:37.207443 Sync done -> model run start
2 26.022 [4.0524237509816885, 5.751072570914403, 6.18563847290352, 6.06651212903671, 3.9659075329545885]
1 26.074 [4.103677449980751, 5.73436383693479, 6.184605716029182, 6.085406167199835, 3.9655585770960897]
0 26.297 [4.098302263068035, 5.714035741053522, 6.182256089989096, 6.43297002511099, 3.869567714165896]
3 26.698 [4.391671860124916, 5.984387307194993, 6.423525064950809, 6.414443536894396, 3.483009275048971]
2026-04-21 11:30:05.379562 Sync done -> model run start
2026-04-21 11:30:05.393129 Sync done -> model run start
2026-04-21 11:30:05.413722 Sync done -> model run start
2026-04-21 11:30:05.470094 Sync done -> model run start
0 27.843 [5.531697307014838, 5.553895601071417, 6.307427922962233, 6.172290185000747, 4.277828613994643]
3 28.477 [5.643286334816366, 6.052199108991772, 6.425178176024929, 6.809910682961345, 3.5464842750225216]
1 28.031 [5.6153663960285485, 5.615769569994882, 6.2903487731236964, 6.445795851992443, 4.063388281967491]
2026-04-21 11:30:35.425219 Sync done -> model run start
2026-04-21 11:30:35.439649 Sync done -> model run start
2026-04-21 11:30:35.451232 Sync done -> model run start
2026-04-21 11:30:35.474104 Sync done -> model run start
1 25.997 [5.819490722147748, 5.492763655027375, 4.935271998168901, 5.566543146036565, 4.182268163189292]
2 26.049 [5.933181355940178, 5.495642964961007, 4.856519711902365, 5.5714817200787365, 4.192177810007706]
3 26.3 [6.0007361869793385, 5.483361609047279, 4.843150964006782, 5.814591466914862, 4.157765083946288]
0 26.777 [6.2460788420867175, 5.814915843075141, 5.143462355015799, 5.322401475859806, 4.24951419304125]
2026-04-21 11:31:03.691700 Sync done -> model run start
2026-04-21 11:31:03.699802 Sync done -> model run start
2026-04-21 11:31:03.722720 Sync done -> model run start
2026-04-21 11:31:03.784025 Sync done -> model run start
0 28.587 [5.726571142906323, 6.316547873895615, 6.2270046409685165, 5.844998682150617, 4.471708395984024]
1 28.617 [5.71675503696315, 6.331160472007468, 6.192923789145425, 5.900656583020464, 4.475268746027723]
2 28.739 [5.765965776052326, 6.325043621007353, 6.203038226813078, 5.982232867972925, 4.462775982916355]
3 29.288 [6.1629190689418465, 6.616461453959346, 6.4966938639990985, 5.49333880096674, 4.518148572882637]
2026-04-21 11:31:34.551713 Sync done -> model run start
2026-04-21 11:31:34.590869 Sync done -> model run start
2026-04-21 11:31:34.596103 Sync done -> model run start
2026-04-21 11:31:34.596099 Sync done -> model run start
1 26.679 [6.262490378925577, 5.168447870993987, 4.745431036921218, 5.200270187808201, 5.301960714859888]
3 26.696 [6.308307277038693, 5.137001955881715, 4.7664335570298135, 5.209340933011845, 5.274177284911275]
2 26.849 [6.312929185805842, 5.110847166040912, 4.798802851932123, 5.39100478310138, 5.235096921911463]
0 27.313 [6.499387598829344, 5.250738892937079, 5.30271899397485, 5.319577049929649, 4.939876864897087]
2026-04-21 11:32:03.381863 Sync done -> model run start
2026-04-21 11:32:03.436874 Sync done -> model run start
2026-04-21 11:32:03.457711 Sync done -> model run start
2026-04-21 11:32:03.486375 Sync done -> model run start
1 23.942 [5.483205033000559, 4.218964568106458, 3.557773384032771, 5.447654758114368, 5.234386817086488]
2 24.219 [5.573916750028729, 4.130799715174362, 3.5326567669399083, 5.523123463848606, 5.458773046033457]
0 24.29 [5.671853282023221, 4.067376273917034, 3.7734915241599083, 5.969814782962203, 4.80699427309446]
2026-04-21 11:32:29.316220 Sync done -> model run start
2026-04-21 11:32:29.339623 Sync done -> model run start
2026-04-21 11:32:29.380576 Sync done -> model run start
2026-04-21 11:32:29.399802 Sync done -> model run start
0 26.634 [4.239860939094797, 5.025555524043739, 6.461773677030578, 6.144913759082556, 4.761687943013385]
3 26.619 [4.272260912926868, 5.144907437963411, 6.339177870191634, 6.16636372404173, 4.696283153956756]
2 26.636 [4.281573999905959, 5.18444904894568, 6.342064318014309, 6.14520563185215, 4.682553417980671]
1 27.401 [4.546840532217175, 5.627820069901645, 6.444547339808196, 6.424742419039831, 4.356488278135657]
2026-04-21 11:32:56.854646 Sync done -> model run start
net_times: [[21.45, 0.0, 1210368, 0], [0.003, 0.0, 1210368, 0], [0.003, 0.0, 1210368, 0], [0.003, 0.0, 1210368, 0], [0.002, 0.0, 1210368, 0], [0.002, 0.0, 1210368, 0], [0.002, 0.0, 1210368, 0], [0.003, 0.0, 1210368, 0], [0.002, 0.0, 1210368, 0], [0.002, 0.0, 1210368, 0]]
echo 'race4fun' | sudo -S sh -c 'journalctl --since "2026-04-21 11:27:54.058419" --until "2026-04-21 11:32:56.854646" -k -o short-iso '| grep -i -E 'throttle|throttled|thermal|cpufreq|under-voltage|voltage'
