ALL SYNC
2026-04-21 11:34:16.935944 Sync done -> model run start
2026-04-21 11:34:16.935944 Sync done -> model run start
2026-04-21 11:34:16.935944 Sync done -> model run start
2026-04-21 11:34:16.935948 Sync done -> model run start
2 0.035 [0.026104650925844908, 0.0024594131391495466, 0.0022133211605250835, 0.0018480110447853804, 0.0021553528495132923]
0 0.035 [0.025571060832589865, 0.0030065979808568954, 0.0020656660199165344, 0.001994676887989044, 0.002405507955700159]
3 0.035 [0.02557079982943833, 0.0030051921494305134, 0.0020781659986823797, 0.0019892079290002584, 0.002154206857085228]
1 0.035 [0.02557126898318529, 0.0021413429640233517, 0.002894410863518715, 0.00201556202955544, 0.00260941288433969]
2026-04-21 11:34:32.577710 Sync done -> model run start
2026-04-21 11:34:32.585004 Sync done -> model run start
2026-04-21 11:34:32.598277 Sync done -> model run start
2026-04-21 11:34:32.607148 Sync done -> model run start
0 0.014 [0.006187414051964879, 0.0021259780041873455, 0.0016365021001547575, 0.0018978018779307604, 0.0018287920393049717]
1 0.015 [0.006329550174996257, 0.002401133067905903, 0.002584100002422929, 0.0014386901166290045, 0.0015600949991494417]
2 0.01 [0.005183045053854585, 0.0015267620328813791, 0.0011380140203982592, 0.0011205670889467, 0.0011954100336879492]
3 0.009 [0.0042006021831184626, 0.001129108015447855, 0.0010455150622874498, 0.000977962976321578, 0.0009536410216242075]
2026-04-21 11:34:47.113739 Sync done -> model run start
2026-04-21 11:34:47.120216 Sync done -> model run start
2026-04-21 11:34:47.136727 Sync done -> model run start
2026-04-21 11:34:47.146132 Sync done -> model run start
0 0.014 [0.005627261009067297, 0.002217749133706093, 0.0020829569548368454, 0.0016711368225514889, 0.001681396970525384]
1 0.015 [0.006850066827610135, 0.0019300419371575117, 0.0019042089115828276, 0.0019497810862958431, 0.0020982169080525637]
2 0.01 [0.0050862738862633705, 0.0013890028931200504, 0.0012888999190181494, 0.0011702021583914757, 0.001141764922067523]
3 0.009 [0.004229092039167881, 0.0011166599579155445, 0.0009821830317378044, 0.0011110880877822638, 0.0009664532262831926]
2026-04-21 11:35:01.820480 Sync done -> model run start
2026-04-21 11:35:01.830452 Sync done -> model run start
2026-04-21 11:35:01.839046 Sync done -> model run start
2026-04-21 11:35:01.846561 Sync done -> model run start
0 0.014 [0.006882671033963561, 0.0018008239567279816, 0.0014922830741852522, 0.0017352511640638113, 0.0019198330119252205]
1 0.013 [0.006676265969872475, 0.001597544178366661, 0.001513949828222394, 0.001547178952023387, 0.0014841589145362377]
2 0.011 [0.004895963007584214, 0.0015912940725684166, 0.0014486899599432945, 0.0011621289886534214, 0.0012916589621454477]
3 0.01 [0.004418310010805726, 0.0014110871125012636, 0.0010028069373220205, 0.0011645769700407982, 0.0013888468965888023]
2026-04-21 11:35:17.157106 Sync done -> model run start
2026-04-21 11:35:17.164333 Sync done -> model run start
2026-04-21 11:35:17.177478 Sync done -> model run start
2026-04-21 11:35:17.186418 Sync done -> model run start
0 0.013 [0.005896217888221145, 0.0020914990454912186, 0.0014719718601554632, 0.0016683239955455065, 0.0018663958180695772]
2 0.009 [0.004412527894601226, 0.0012050969526171684, 0.0010850459802895784, 0.0011429099831730127, 0.0009445259347558022]
3 0.007 [0.003653469029814005, 0.0009103589691221714, 0.0007457251194864511, 0.0007610369939357042, 0.0008219229057431221]
2026-04-21 11:35:33.322121 Sync done -> model run start
2026-04-21 11:35:33.333190 Sync done -> model run start
2026-04-21 11:35:33.344886 Sync done -> model run start
2026-04-21 11:35:33.352776 Sync done -> model run start
1 0.014 [0.006299029104411602, 0.0022316020913422108, 0.0014308260288089514, 0.0017008769791573286, 0.0019859790336340666]
2 0.011 [0.005656219087541103, 0.0012033788952976465, 0.0011945769656449556, 0.0012553571723401546, 0.0012013469822704792]
3 0.009 [0.004549349891021848, 0.001397805055603385, 0.0010634840000420809, 0.0011033269111067057, 0.0009786931332200766]
0 0.013 [0.005469813942909241, 0.0018987921066582203, 0.00229092501103878, 0.0019011360127478838, 0.001578273018822074]
2026-04-21 11:35:48.280996 Sync done -> model run start
2026-04-21 11:35:48.288109 Sync done -> model run start
2026-04-21 11:35:48.300085 Sync done -> model run start
2026-04-21 11:35:48.306509 Sync done -> model run start
0 0.013 [0.006020799977704883, 0.0015016580000519753, 0.0017175429966300726, 0.0017419180367141962, 0.0023177480325102806]
1 0.014 [0.0065729329362511635, 0.0019025939982384443, 0.001987281022593379, 0.0015636889729648829, 0.0015569699462503195]
2 0.009 [0.00482221320271492, 0.0011412440799176693, 0.000985202845185995, 0.0009818179532885551, 0.0010997860226780176]
3 0.007 [0.0035152940545231104, 0.0011357751209288836, 0.0010081720538437366, 0.000849578995257616, 0.0007676519453525543]
2026-04-21 11:36:02.930200 Sync done -> model run start
2026-04-21 11:36:02.937852 Sync done -> model run start
2026-04-21 11:36:02.951422 Sync done -> model run start
2026-04-21 11:36:02.959546 Sync done -> model run start
1 0.014 [0.006170955952256918, 0.002452538115903735, 0.002333112061023712, 0.0014223880134522915, 0.0015858770348131657]
2 0.011 [0.005914447130635381, 0.001218223012983799, 0.0011160359717905521, 0.0013561379164457321, 0.0012079100124537945]
3 0.009 [0.004267008043825626, 0.0014400968793779612, 0.0010423387866467237, 0.0009929109364748001, 0.0009616089519113302]
0 0.014 [0.006005175178870559, 0.00222618505358696, 0.0015293150208890438, 0.0018330628518015146, 0.0017829588614404202]
2026-04-21 11:36:18.711174 Sync done -> model run start
2026-04-21 11:36:18.714781 Sync done -> model run start
2026-04-21 11:36:18.725280 Sync done -> model run start
2026-04-21 11:36:18.737284 Sync done -> model run start
1 0.015 [0.007002722006291151, 0.002448319923132658, 0.0018241559155285358, 0.0018129588570445776, 0.002083165105432272]
2 0.012 [0.006346788024529815, 0.001869990024715662, 0.0013562950771301985, 0.0011919732205569744, 0.0011471288744360209]
3 0.008 [0.0042032061610370874, 0.0011190557852387428, 0.0009682760573923588, 0.0009758281521499157, 0.0010554101318120956]
2026-04-21 11:36:32.434368 Sync done -> model run start
2026-04-21 11:36:32.440802 Sync done -> model run start
2026-04-21 11:36:32.451004 Sync done -> model run start
2026-04-21 11:36:32.462357 Sync done -> model run start
0 0.015 [0.006602566922083497, 0.002063895110040903, 0.0018656151369214058, 0.0018669168930500746, 0.002501809038221836]
1 0.015 [0.006358767161145806, 0.0027265469543635845, 0.0018031669314950705, 0.0019245718140155077, 0.0018967599608004093]
2 0.013 [0.006306058960035443, 0.0017597300466150045, 0.0018184790387749672, 0.0014352528378367424, 0.0017054069321602583]
3 0.009 [0.0047715879045426846, 0.0011828059796243906, 0.0009670781437307596, 0.0009698898065835238, 0.0009570261463522911]
2026-04-21 11:36:32.541164 Sync done -> model run start
net_times: [[52.637, 0.0, 605184, 0], [15.406, 0.0, 605184, 0], [14.317, 0.0, 605184, 0], [14.488, 0.0, 605184, 0], [15.105, 0.0, 605184, 0], [15.947, 0.0, 605184, 0], [14.726, 0.0, 605184, 0], [14.435, 0.0, 605184, 0], [15.555, 0.0, 605184, 0], [13.491, 0.0, 605184, 0]]
echo 'race4fun' | sudo -S sh -c 'journalctl --since "2026-04-21 11:33:23.813264" --until "2026-04-21 11:36:32.541164" -k -o short-iso '| grep -i -E 'throttle|throttled|thermal|cpufreq|under-voltage|voltage'
