ALL SYNC
2026-04-21 11:33:54.751246 Sync done -> model run start
2026-04-21 11:33:54.751244 Sync done -> model run start
2026-04-21 11:33:54.751247 Sync done -> model run start
2026-04-21 11:33:54.797134 Sync done -> model run start
2 12.227 [2.440250966930762, 2.386232321849093, 2.349887388991192, 2.3418574950192124, 2.708245446207002]
0 12.379 [2.4406139871571213, 2.385699251201004, 2.3501680130138993, 2.341906193178147, 2.860604265006259]
1 12.649 [2.5498023871332407, 2.484209339832887, 2.4393195279408246, 2.4374545151367784, 2.737819697940722]
3 12.727 [2.4593538409098983, 2.40245067095384, 2.3563887800555676, 2.34564451710321, 3.1630597200710326]
2026-04-21 11:34:10.612832 Sync done -> model run start
2026-04-21 11:34:10.612821 Sync done -> model run start
2026-04-21 11:34:10.633787 Sync done -> model run start
2026-04-21 11:34:10.698937 Sync done -> model run start
0 11.845 [2.386886710068211, 2.3741301079280674, 2.3559651870746166, 2.3431318691000342, 2.384493318852037]
1 11.846 [2.386901918100193, 2.3754842719063163, 2.354634565068409, 2.3441333239898086, 2.384128527948633]
2 11.87 [2.3981626729946584, 2.378605200909078, 2.35493065812625, 2.346158215077594, 2.392191425897181]
3 12.444 [2.5030789938755333, 2.468495775014162, 2.436972392955795, 2.4406677330844104, 2.594159964006394]
2026-04-21 11:34:26.251499 Sync done -> model run start
2026-04-21 11:34:26.269281 Sync done -> model run start
2026-04-21 11:34:26.289419 Sync done -> model run start
2026-04-21 11:34:26.302536 Sync done -> model run start
1 11.531 [2.3247480541467667, 2.318815761944279, 2.290145033970475, 2.2894550210330635, 2.307526007061824]
0 11.5 [2.323139723856002, 2.3141229609027505, 2.2869869170244783, 2.282908109948039, 2.2928882280830294]
3 11.602 [2.325504509964958, 2.3207434660289437, 2.288728108862415, 2.2898712179157883, 2.3769388110376894]
2 11.951 [2.4130701390095055, 2.3998976019211113, 2.376262851059437, 2.373700549826026, 2.3882957091555]
2026-04-21 11:34:41.366239 Sync done -> model run start
2026-04-21 11:34:41.368787 Sync done -> model run start
2026-04-21 11:34:41.388117 Sync done -> model run start
2026-04-21 11:34:41.394148 Sync done -> model run start
3 11.847 [2.4046442289836705, 2.3969060541130602, 2.3397280517965555, 2.332861074944958, 2.3726223190315068]
2 11.849 [2.3923229039646685, 2.398455946939066, 2.337631129892543, 2.336675440892577, 2.3831432829611003]
1 11.985 [2.389406817033887, 2.3996385489590466, 2.336459308862686, 2.336691325996071, 2.5227921660989523]
0 12.241 [2.4806570680812, 2.472786705940962, 2.431497778976336, 2.4107347410172224, 2.445070840185508]
2026-04-21 11:34:56.751076 Sync done -> model run start
2026-04-21 11:34:56.769444 Sync done -> model run start
2026-04-21 11:34:56.791934 Sync done -> model run start
2026-04-21 11:34:56.799111 Sync done -> model run start
3 11.831 [2.3378756479360163, 2.33342283195816, 2.2996108180377632, 2.3369034740608186, 2.5232160249724984]
2 11.697 [2.332716442178935, 2.3283505539875478, 2.2967082210816443, 2.333043536171317, 2.4058944899588823]
1 11.674 [2.3371588790323585, 2.331083046970889, 2.3026319560594857, 2.3370494628325105, 2.3659665659070015]
0 12.075 [2.432211514096707, 2.4170230459421873, 2.3765678689815104, 2.4263930981978774, 2.422804550966248]
2026-04-21 11:35:11.988278 Sync done -> model run start
2026-04-21 11:35:11.988829 Sync done -> model run start
2026-04-21 11:35:12.009694 Sync done -> model run start
2026-04-21 11:35:12.057480 Sync done -> model run start
0 11.825 [2.3886566318105906, 2.3844772011507303, 2.346076031913981, 2.338706870097667, 2.3671687128953636]
1 11.911 [2.3889953289180994, 2.3847372520249337, 2.3458427521400154, 2.3386886408552527, 2.4525434491224587]
2 11.916 [2.410549910971895, 2.4030755409039557, 2.346380509901792, 2.345977736869827, 2.409633034840226]
3 12.349 [2.4957323579583317, 2.493232765002176, 2.440336266066879, 2.4391270889900625, 2.480010721832514]
2026-04-21 11:35:27.522582 Sync done -> model run start
2026-04-21 11:35:27.524343 Sync done -> model run start
2026-04-21 11:35:27.543168 Sync done -> model run start
2026-04-21 11:35:27.590839 Sync done -> model run start
0 11.854 [2.381126560969278, 2.39064470003359, 2.3485616149846464, 2.3471319179516286, 2.3862551918718964]
1 11.848 [2.379213284002617, 2.3885253299959004, 2.3500636951066554, 2.3471316581126302, 2.3831187409814447]
2 12.065 [2.399215109879151, 2.3917054780758917, 2.345997297903523, 2.3538884629961103, 2.573542376048863]
3 12.299 [2.4824460989329964, 2.4745925089810044, 2.436098476871848, 2.438915330916643, 2.466813736828044]
2026-04-21 11:35:43.002938 Sync done -> model run start
2026-04-21 11:35:43.019765 Sync done -> model run start
2026-04-21 11:35:43.042107 Sync done -> model run start
2026-04-21 11:35:43.050444 Sync done -> model run start
1 11.654 [2.3380349669605494, 2.324478219030425, 2.287879653973505, 2.3387120629195124, 2.3651094308588654]
2 11.825 [2.3332315939478576, 2.3237671270035207, 2.2813107119873166, 2.3351688960101455, 2.551264163805172]
0 12.072 [2.4371273720171303, 2.410429405979812, 2.3801461360417306, 2.4291441759560257, 2.414762479951605]
3 11.677 [2.3387310600373894, 2.329159092158079, 2.28596346010454, 2.3334742640145123, 2.3896498889662325]
2026-04-21 11:35:58.225258 Sync done -> model run start
2026-04-21 11:35:58.238596 Sync done -> model run start
2026-04-21 11:35:58.251018 Sync done -> model run start
2026-04-21 11:35:58.283311 Sync done -> model run start
1 11.586 [2.3326537020038813, 2.341319136787206, 2.282540421001613, 2.2876113860402256, 2.341934932162985]
0 11.558 [2.319658995838836, 2.334015093045309, 2.2813926110975444, 2.292593873804435, 2.3298903789836913]
2 11.622 [2.3320638069417328, 2.3442744410131127, 2.2907407640013844, 2.297134069027379, 2.3571221840102226]
3 12.007 [2.413181255105883, 2.428472870029509, 2.374077423941344, 2.3749840231612325, 2.4165389018598944]
2026-04-21 11:36:13.404299 Sync done -> model run start
2026-04-21 11:36:13.428059 Sync done -> model run start
2026-04-21 11:36:13.446823 Sync done -> model run start
2026-04-21 11:36:13.466615 Sync done -> model run start
3 11.683 [2.338744492037222, 2.3763766221236438, 2.323421486886218, 2.330227915896103, 2.313929979223758]
2 12.057 [2.4744620041456074, 2.444665349088609, 2.403012059861794, 2.4029157450422645, 2.3317159190773964]
1 11.647 [2.343305053887889, 2.368328883079812, 2.3140299490187317, 2.324134651804343, 2.297314813826233]
2026-04-21 11:36:27.792458 Sync done -> model run start
net_times: [[28.893, 2.111, 1210368, 1210368], [0.002, 2.093, 1210368, 1210368], [0.002, 2.087, 1210368, 1210368], [0.002, 2.088, 1210368, 1210368], [0.002, 2.085, 1210368, 1210368], [0.002, 2.101, 1210368, 1210368], [0.002, 2.08, 1210368, 1210368], [0.002, 2.081, 1210368, 1210368], [0.002, 2.079, 1210368, 1210368], [0.002, 2.138, 1210368, 1210368]]
echo 'race4fun' | sudo -S sh -c 'journalctl --since "2026-04-21 11:33:23.817007" --until "2026-04-21 11:36:27.792458" -k -o short-iso '| grep -i -E 'throttle|throttled|thermal|cpufreq|under-voltage|voltage'
