ALL SYNC
2026-04-21 11:34:10.527410 Sync done -> model run start
2026-04-21 11:34:10.527564 Sync done -> model run start
2026-04-21 11:34:10.531421 Sync done -> model run start
2026-04-21 11:34:10.537265 Sync done -> model run start
0 4.742 [1.1117590989451855, 1.1676506949588656, 1.0430592719931155, 0.8380136429332197, 0.5811062441207469]
2 4.682 [1.1139328400604427, 1.1546107481699437, 0.9336209120228887, 0.9019622909836471, 0.5775311030447483]
3 4.776 [1.1898968031164259, 1.174414105946198, 1.0395904839970171, 0.7940726748201996, 0.577863184036687]
1 4.821 [1.1021450750995427, 1.2191668930463493, 1.1160714249126613, 0.8103393281344324, 0.5727741429582238]
2026-04-21 11:34:25.644377 Sync done -> model run start
2026-04-21 11:34:25.652507 Sync done -> model run start
2026-04-21 11:34:25.677563 Sync done -> model run start
2026-04-21 11:34:25.695961 Sync done -> model run start
1 5.374 [1.0367522139567882, 1.109746762085706, 0.8635930698364973, 1.196794951800257, 1.1666468961630017]
3 5.408 [1.070305046858266, 1.072075820993632, 0.9067915419582278, 1.1945138680748641, 1.164474040037021]
2 5.638 [1.3133714590221643, 0.9418587961699814, 1.012944914167747, 1.1657414841465652, 1.203634507022798]
2026-04-21 11:34:40.736677 Sync done -> model run start
2026-04-21 11:34:40.751123 Sync done -> model run start
2026-04-21 11:34:40.763087 Sync done -> model run start
2026-04-21 11:34:40.782261 Sync done -> model run start
0 4.939 [0.5992096080444753, 0.9419869200792164, 1.2221939109731466, 0.9598408581223339, 1.2155823758803308]
2 4.934 [0.59888033894822, 0.9724863269366324, 1.176168940961361, 0.984145499067381, 1.202565501211211]
1 5.082 [0.5975693541113287, 0.9619094950612634, 1.2964695480186492, 1.107561041135341, 1.1178219369612634]
3 5.111 [0.6387555419933051, 1.0984056619927287, 1.1303012620192021, 1.203448518877849, 1.0402948029804975]
2026-04-21 11:34:56.127717 Sync done -> model run start
2026-04-21 11:34:56.140380 Sync done -> model run start
2026-04-21 11:34:56.161474 Sync done -> model run start
2026-04-21 11:34:56.181928 Sync done -> model run start
1 3.947 [0.6033678720705211, 1.058624312048778, 0.8670831599738449, 0.6222193578723818, 0.795392720028758]
2 3.978 [0.6019122011493891, 1.0767305409535766, 0.8432633080519736, 0.631523486925289, 0.823960781795904]
0 4.232 [0.6094489931128919, 1.1388546649832278, 0.8640350471250713, 0.6518266340717673, 0.9672149419784546]
3 4.25 [0.6012329328805208, 1.0956198391504586, 0.8627435939852148, 0.7146722141187638, 0.9753060028888285]
2026-04-21 11:35:11.377113 Sync done -> model run start
2026-04-21 11:35:11.394150 Sync done -> model run start
2026-04-21 11:35:11.405643 Sync done -> model run start
2026-04-21 11:35:11.424557 Sync done -> model run start
1 4.167 [0.5971223770175129, 0.993913791840896, 1.0643760589882731, 0.5748767890036106, 0.936603712150827]
0 4.254 [0.5980128941591829, 1.1088429098017514, 0.9930146811529994, 0.574537520064041, 0.9787641139701009]
2 4.256 [0.596245608991012, 1.062247369904071, 1.0276989680714905, 0.5772806329187006, 0.9921874450519681]
3 4.457 [0.6362452388275415, 1.1521412250585854, 0.9703707101289183, 0.5749234561808407, 1.123604882042855]
2026-04-21 11:35:26.917751 Sync done -> model run start
2026-04-21 11:35:26.930883 Sync done -> model run start
2026-04-21 11:35:26.949465 Sync done -> model run start
2026-04-21 11:35:26.969455 Sync done -> model run start
1 4.928 [0.5977183631621301, 1.010282319970429, 1.1898715931456536, 0.9356552769895643, 1.1940711070783436]
3 5.039 [0.5999305420555174, 1.0530454798135906, 1.1739260840695351, 1.017307864036411, 1.194139493163675]
2 5.078 [0.5997581460978836, 1.0336811831220984, 1.2229323969222605, 1.0243014809675515, 1.196744377957657]
0 5.197 [0.6575045799836516, 1.1149417399428785, 1.1295842330437154, 1.0669203188735992, 1.2282781570684165]
2026-04-21 11:35:42.382939 Sync done -> model run start
2026-04-21 11:35:42.397777 Sync done -> model run start
2026-04-21 11:35:42.411113 Sync done -> model run start
2026-04-21 11:35:42.430059 Sync done -> model run start
1 4.219 [0.5997637719847262, 0.5901911018881947, 0.9107569411862642, 1.107798903947696, 1.010449088877067]
3 4.282 [0.6010268391110003, 0.5913067220244557, 0.947717416100204, 1.0807294298429042, 1.0609373229090124]
2 4.454 [0.5998874688521028, 0.592063699150458, 0.9229664218146354, 1.2052368950098753, 1.1338036940433085]
0 4.545 [0.6030899039469659, 0.6442373939789832, 1.0164813559968024, 1.0876385169103742, 1.192841477226466]
2026-04-21 11:35:57.618154 Sync done -> model run start
2026-04-21 11:35:57.625029 Sync done -> model run start
2026-04-21 11:35:57.651235 Sync done -> model run start
2026-04-21 11:35:57.670664 Sync done -> model run start
0 3.919 [0.6144198051188141, 0.6001069988124073, 1.0860599291045219, 0.9820607150904834, 0.6355126369744539]
1 4.012 [0.6079655608627945, 0.5992789820302278, 1.2806217460893095, 0.8807337810285389, 0.642994690919295]
2 4.069 [0.6449704121332616, 0.6079550399444997, 1.3174208160489798, 0.8336721479427069, 0.6650037160143256]
2026-04-21 11:36:12.784388 Sync done -> model run start
2026-04-21 11:36:12.801880 Sync done -> model run start
2026-04-21 11:36:12.817236 Sync done -> model run start
2026-04-21 11:36:12.834099 Sync done -> model run start
2 4.46 [0.6002501240000129, 1.0609648211393505, 1.2506100970786065, 0.5721813829150051, 0.9755901149474084]
3 4.326 [0.6027085511013865, 1.0747563808690757, 1.1651261721272022, 0.5784342749975622, 0.9044339959509671]
1 4.535 [0.6009275170508772, 1.1272892931010574, 1.2288197679445148, 0.577081467024982, 1.0005906911101192]
0 4.573 [0.6045907309744507, 1.0280936011113226, 1.2837976710870862, 0.615980476140976, 1.0405657899100333]
2026-04-21 11:36:28.089095 Sync done -> model run start
2026-04-21 11:36:28.133795 Sync done -> model run start
2026-04-21 11:36:28.144435 Sync done -> model run start
2026-04-21 11:36:28.222080 Sync done -> model run start
0 2.947 [0.6064264001324773, 0.5846653950866312, 0.5822635809890926, 0.5883281920105219, 0.5847573732025921]
1 2.922 [0.5967035230714828, 0.5882834009826183, 0.5755571499466896, 0.5804405161179602, 0.5809502529446036]
2 2.952 [0.6053857279475778, 0.5988586710300297, 0.5784422950819135, 0.5796399989631027, 0.5896515718195587]
3 2.989 [0.594801135128364, 0.633510404964909, 0.5783569309860468, 0.623456905130297, 0.5587879470549524]
2026-04-21 11:36:32.346332 Sync done -> model run start
net_times: [[45.849, 1.047, 1210368, 605184], [8.827, 1.059, 1210368, 605184], [7.904, 1.05, 1210368, 605184], [8.771, 1.195, 1210368, 605184], [9.298, 1.09, 1210368, 605184], [9.51, 1.056, 1210368, 605184], [8.803, 1.148, 1210368, 605184], [9.096, 1.048, 1210368, 605184], [9.605, 1.154, 1210368, 605184], [9.127, 1.048, 1210368, 605184]]
echo 'race4fun' | sudo -S sh -c 'journalctl --since "2026-04-21 11:33:23.809662" --until "2026-04-21 11:36:32.346332" -k -o short-iso '| grep -i -E 'throttle|throttled|thermal|cpufreq|under-voltage|voltage'
