<<<<<<<< HEAD:logs/roofline/resnet18_children_bramble-4-5/2/3_size/2_2/speed_heatbramble-4-5-25.log
TIME:15:07:19
47236
cpu:0.59, 0.60, 0.42,freq:frequency(48)=600000000,throttle_flag:throttled=0x50005,voltage:volt=1.2000V,volt=1.2500V,volt=1.2500V,volt=1.2250V
TIME:15:07:21
48312
cpu:0.59, 0.60, 0.42,freq:frequency(48)=600000000,throttle_flag:throttled=0x50005,voltage:volt=1.2000V,volt=1.2500V,volt=1.2500V,volt=1.2250V
TIME:15:07:22
48312
cpu:0.59, 0.60, 0.42,freq:frequency(48)=1400000000,throttle_flag:throttled=0x50000,voltage:volt=1.3813V,volt=1.2500V,volt=1.2500V,volt=1.2250V
TIME:15:07:23
48312
cpu:0.59, 0.60, 0.42,freq:frequency(48)=1400000000,throttle_flag:throttled=0x50000,voltage:volt=1.3813V,volt=1.2500V,volt=1.2500V,volt=1.2250V
TIME:15:07:24
47774
cpu:0.54, 0.59, 0.42,freq:frequency(48)=700000000,throttle_flag:throttled=0x50000,voltage:volt=1.2813V,volt=1.2500V,volt=1.2500V,volt=1.2250V
TIME:15:07:25
47774
cpu:0.54, 0.59, 0.42,freq:frequency(48)=600000000,throttle_flag:throttled=0x50000,voltage:volt=1.2813V,volt=1.2500V,volt=1.2500V,volt=1.2250V
TIME:15:07:26
47774
cpu:0.54, 0.59, 0.42,freq:frequency(48)=1400000000,throttle_flag:throttled=0x50000,voltage:volt=1.3813V,volt=1.2500V,volt=1.2500V,volt=1.2250V
TIME:15:07:27
47774
cpu:0.54, 0.59, 0.42,freq:frequency(48)=1400000000,throttle_flag:throttled=0x50000,voltage:volt=1.3813V,volt=1.2500V,volt=1.2500V,volt=1.2250V
TIME:15:07:29
47774
cpu:0.54, 0.59, 0.42,freq:frequency(48)=1400000000,throttle_flag:throttled=0x50000,voltage:volt=1.3813V,volt=1.2500V,volt=1.2500V,volt=1.2250V
TIME:15:07:30
48312
cpu:0.58, 0.60, 0.43,freq:frequency(48)=1400000000,throttle_flag:throttled=0x50000,voltage:volt=1.3813V,volt=1.2500V,volt=1.2500V,volt=1.2250V
TIME:15:07:31
47236
cpu:0.58, 0.60, 0.43,freq:frequency(48)=700000000,throttle_flag:throttled=0x50000,voltage:volt=1.2813V,volt=1.2500V,volt=1.2500V,volt=1.2250V
TIME:15:07:32
47774
cpu:0.58, 0.60, 0.43,freq:frequency(48)=700000000,throttle_flag:throttled=0x50000,voltage:volt=1.2813V,volt=1.2500V,volt=1.2500V,volt=1.2250V
TIME:15:07:33
47236
cpu:0.58, 0.60, 0.43,freq:frequency(48)=700000000,throttle_flag:throttled=0x50000,voltage:volt=1.2813V,volt=1.2500V,volt=1.2500V,volt=1.2250V
TIME:15:07:34
47774
cpu:0.53, 0.59, 0.42,freq:frequency(48)=700000000,throttle_flag:throttled=0x50000,voltage:volt=1.2813V,volt=1.2500V,volt=1.2500V,volt=1.2250V
TIME:15:07:35
47236
cpu:0.53, 0.59, 0.42,freq:frequency(48)=800000000,throttle_flag:throttled=0x50000,voltage:volt=1.2813V,volt=1.2500V,volt=1.2500V,volt=1.2250V
TIME:15:07:36
47236
cpu:0.53, 0.59, 0.42,freq:frequency(48)=700000000,throttle_flag:throttled=0x50000,voltage:volt=1.2813V,volt=1.2500V,volt=1.2500V,volt=1.2250V
TIME:15:07:37
47236
cpu:0.53, 0.59, 0.42,freq:frequency(48)=700000000,throttle_flag:throttled=0x50000,voltage:volt=1.2813V,volt=1.2500V,volt=1.2500V,volt=1.2250V
TIME:15:07:39
47236
cpu:0.53, 0.59, 0.42,freq:frequency(48)=700000000,throttle_flag:throttled=0x50000,voltage:volt=1.2813V,volt=1.2500V,volt=1.2500V,volt=1.2250V
TIME:15:07:40
46698
cpu:0.57, 0.59, 0.43,freq:frequency(48)=600000000,throttle_flag:throttled=0x50000,voltage:volt=1.2813V,volt=1.2500V,volt=1.2500V,volt=1.2250V
TIME:15:07:41
47236
cpu:0.57, 0.59, 0.43,freq:frequency(48)=600000000,throttle_flag:throttled=0x50000,voltage:volt=1.2813V,volt=1.2500V,volt=1.2500V,volt=1.2250V
TIME:15:07:42
47236
cpu:0.57, 0.59, 0.43,freq:frequency(48)=600000000,throttle_flag:throttled=0x50000,voltage:volt=1.2813V,volt=1.2500V,volt=1.2500V,volt=1.2250V
TIME:15:07:43
46698
cpu:0.57, 0.59, 0.43,freq:frequency(48)=600000000,throttle_flag:throttled=0x50000,voltage:volt=1.2813V,volt=1.2500V,volt=1.2500V,volt=1.2250V
TIME:15:07:44
46698
cpu:0.61, 0.60, 0.43,freq:frequency(48)=600000000,throttle_flag:throttled=0x50000,voltage:volt=1.2813V,volt=1.2500V,volt=1.2500V,volt=1.2250V
TIME:15:07:45
47236
cpu:0.61, 0.60, 0.43,freq:frequency(48)=600000000,throttle_flag:throttled=0x50000,voltage:volt=1.2813V,volt=1.2500V,volt=1.2500V,volt=1.2250V
TIME:15:07:46
46698
cpu:0.61, 0.60, 0.43,freq:frequency(48)=600000000,throttle_flag:throttled=0x50000,voltage:volt=1.2813V,volt=1.2500V,volt=1.2500V,volt=1.2250V
TIME:15:07:47
46160
cpu:0.61, 0.60, 0.43,freq:frequency(48)=800000000,throttle_flag:throttled=0x50000,voltage:volt=1.2813V,volt=1.2500V,volt=1.2500V,volt=1.2250V
TIME:15:07:49
46698
cpu:0.61, 0.60, 0.43,freq:frequency(48)=800000000,throttle_flag:throttled=0x50000,voltage:volt=1.2813V,volt=1.2500V,volt=1.2500V,volt=1.2250V
TIME:15:07:50
46160
cpu:0.64, 0.61, 0.43,freq:frequency(48)=600000000,throttle_flag:throttled=0x50000,voltage:volt=1.2813V,volt=1.2500V,volt=1.2500V,volt=1.2250V
TIME:15:07:51
46698
cpu:0.64, 0.61, 0.43,freq:frequency(48)=800000000,throttle_flag:throttled=0x50000,voltage:volt=1.2813V,volt=1.2500V,volt=1.2500V,volt=1.2250V
TIME:15:07:52
46698
cpu:0.64, 0.61, 0.43,freq:frequency(48)=800000000,throttle_flag:throttled=0x50000,voltage:volt=1.2813V,volt=1.2500V,volt=1.2500V,volt=1.2250V
TIME:15:07:53
47774
cpu:0.64, 0.61, 0.43,freq:frequency(48)=600000000,throttle_flag:throttled=0x50005,voltage:volt=1.2000V,volt=1.2500V,volt=1.2500V,volt=1.2250V
TIME:15:07:54
48312
cpu:0.99, 0.68, 0.46,freq:frequency(48)=600000000,throttle_flag:throttled=0x50005,voltage:volt=1.2000V,volt=1.2500V,volt=1.2500V,volt=1.2250V
TIME:15:07:56
48312
cpu:0.99, 0.68, 0.46,freq:frequency(48)=600000000,throttle_flag:throttled=0x50005,voltage:volt=1.2000V,volt=1.2500V,volt=1.2500V,volt=1.2250V
TIME:15:07:57
47774
cpu:0.99, 0.68, 0.46,freq:frequency(48)=1400000000,throttle_flag:throttled=0x50000,voltage:volt=1.3813V,volt=1.2500V,volt=1.2500V,volt=1.2250V
TIME:15:07:58
47774
cpu:0.99, 0.68, 0.46,freq:frequency(48)=1400000000,throttle_flag:throttled=0x50000,voltage:volt=1.3813V,volt=1.2500V,volt=1.2500V,volt=1.2250V
TIME:15:07:59
48312
cpu:0.91, 0.67, 0.46,freq:frequency(48)=1400000000,throttle_flag:throttled=0x50000,voltage:volt=1.3813V,volt=1.2500V,volt=1.2500V,volt=1.2250V
TIME:15:08:00
48312
cpu:0.91, 0.67, 0.46,freq:frequency(48)=1400000000,throttle_flag:throttled=0x50000,voltage:volt=1.3813V,volt=1.2500V,volt=1.2500V,volt=1.2250V
TIME:15:08:01
48312
cpu:0.91, 0.67, 0.46,freq:frequency(48)=1400000000,throttle_flag:throttled=0x50000,voltage:volt=1.3813V,volt=1.2500V,volt=1.2500V,volt=1.2250V
TIME:15:08:02
48312
cpu:0.91, 0.67, 0.46,freq:frequency(48)=1400000000,throttle_flag:throttled=0x50000,voltage:volt=1.3813V,volt=1.2500V,volt=1.2500V,volt=1.2250V
TIME:15:08:03
47774
cpu:0.91, 0.67, 0.46,freq:frequency(48)=800000000,throttle_flag:throttled=0x50000,voltage:volt=1.2813V,volt=1.2500V,volt=1.2500V,volt=1.2250V
TIME:15:08:04
47774
cpu:0.84, 0.66, 0.45,freq:frequency(48)=800000000,throttle_flag:throttled=0x50000,voltage:volt=1.2813V,volt=1.2500V,volt=1.2500V,volt=1.2250V
TIME:15:08:05
47236
cpu:0.84, 0.66, 0.45,freq:frequency(48)=700000000,throttle_flag:throttled=0x50000,voltage:volt=1.2813V,volt=1.2500V,volt=1.2500V,volt=1.2250V
TIME:15:08:06
47236
cpu:0.84, 0.66, 0.45,freq:frequency(48)=700000000,throttle_flag:throttled=0x50000,voltage:volt=1.2813V,volt=1.2500V,volt=1.2500V,volt=1.2250V
TIME:15:08:08
47236
cpu:0.84, 0.66, 0.45,freq:frequency(48)=700000000,throttle_flag:throttled=0x50000,voltage:volt=1.2813V,volt=1.2500V,volt=1.2500V,volt=1.2250V
TIME:15:08:09
47236
cpu:0.77, 0.65, 0.45,freq:frequency(48)=700000000,throttle_flag:throttled=0x50000,voltage:volt=1.2813V,volt=1.2500V,volt=1.2500V,volt=1.2250V
TIME:15:08:10
47774
cpu:0.77, 0.65, 0.45,freq:frequency(48)=700000000,throttle_flag:throttled=0x50000,voltage:volt=1.2813V,volt=1.2500V,volt=1.2500V,volt=1.2250V
TIME:15:08:11
46698
cpu:0.77, 0.65, 0.45,freq:frequency(48)=600000000,throttle_flag:throttled=0x50000,voltage:volt=1.2813V,volt=1.2500V,volt=1.2500V,volt=1.2250V
TIME:15:08:12
46698
cpu:0.77, 0.65, 0.45,freq:frequency(48)=600000000,throttle_flag:throttled=0x50000,voltage:volt=1.2813V,volt=1.2500V,volt=1.2500V,volt=1.2250V
TIME:15:08:13
46698
cpu:0.77, 0.65, 0.45,freq:frequency(48)=600000000,throttle_flag:throttled=0x50000,voltage:volt=1.2813V,volt=1.2500V,volt=1.2500V,volt=1.2250V
TIME:15:08:14
46698
cpu:0.71, 0.64, 0.45,freq:frequency(48)=600000000,throttle_flag:throttled=0x50000,voltage:volt=1.2813V,volt=1.2500V,volt=1.2500V,volt=1.2250V
TIME:15:08:15
47236
cpu:0.71, 0.64, 0.45,freq:frequency(48)=800000000,throttle_flag:throttled=0x50000,voltage:volt=1.2813V,volt=1.2500V,volt=1.2500V,volt=1.2250V
TIME:15:08:17
47236
cpu:0.71, 0.64, 0.45,freq:frequency(48)=800000000,throttle_flag:throttled=0x50000,voltage:volt=1.2813V,volt=1.2500V,volt=1.2500V,volt=1.2250V
TIME:15:08:18
47236
cpu:0.71, 0.64, 0.45,freq:frequency(48)=600000000,throttle_flag:throttled=0x50000,voltage:volt=1.2813V,volt=1.2500V,volt=1.2500V,volt=1.2250V
TIME:15:08:19
47236
cpu:0.65, 0.62, 0.45,freq:frequency(48)=600000000,throttle_flag:throttled=0x50000,voltage:volt=1.2813V,volt=1.2500V,volt=1.2500V,volt=1.2250V
TIME:15:08:20
47236
cpu:0.65, 0.62, 0.45,freq:frequency(48)=600000000,throttle_flag:throttled=0x50000,voltage:volt=1.2813V,volt=1.2500V,volt=1.2500V,volt=1.2250V
TIME:15:08:21
47236
cpu:0.65, 0.62, 0.45,freq:frequency(48)=600000000,throttle_flag:throttled=0x50000,voltage:volt=1.2813V,volt=1.2500V,volt=1.2500V,volt=1.2250V
TIME:15:08:22
46160
cpu:0.65, 0.62, 0.45,freq:frequency(48)=800000000,throttle_flag:throttled=0x50000,voltage:volt=1.2813V,volt=1.2500V,volt=1.2500V,volt=1.2250V
TIME:15:08:23
47236
cpu:0.65, 0.62, 0.45,freq:frequency(48)=800000000,throttle_flag:throttled=0x50000,voltage:volt=1.2813V,volt=1.2500V,volt=1.2500V,volt=1.2250V
TIME:15:08:24
46698
cpu:0.60, 0.61, 0.44,freq:frequency(48)=800000000,throttle_flag:throttled=0x50000,voltage:volt=1.2813V,volt=1.2500V,volt=1.2500V,volt=1.2250V
TIME:15:08:25
46698
cpu:0.60, 0.61, 0.44,freq:frequency(48)=700000000,throttle_flag:throttled=0x50000,voltage:volt=1.2813V,volt=1.2500V,volt=1.2500V,volt=1.2250V
TIME:15:08:27
47774
cpu:0.60, 0.61, 0.44,freq:frequency(48)=600000000,throttle_flag:throttled=0x50005,voltage:volt=1.2000V,volt=1.2500V,volt=1.2500V,volt=1.2250V
TIME:15:08:28
48312
cpu:0.60, 0.61, 0.44,freq:frequency(48)=600000000,throttle_flag:throttled=0x50005,voltage:volt=1.2000V,volt=1.2500V,volt=1.2500V,volt=1.2250V
TIME:15:08:29
48312
cpu:0.71, 0.64, 0.45,freq:frequency(48)=1400000000,throttle_flag:throttled=0x50000,voltage:volt=1.3813V,volt=1.2500V,volt=1.2500V,volt=1.2250V
TIME:15:08:30
49388
cpu:0.71, 0.64, 0.45,freq:frequency(48)=1400000000,throttle_flag:throttled=0x50000,voltage:volt=1.3813V,volt=1.2500V,volt=1.2500V,volt=1.2250V
TIME:15:08:31
49388
cpu:0.71, 0.64, 0.45,freq:frequency(48)=1400000000,throttle_flag:throttled=0x50000,voltage:volt=1.3813V,volt=1.2500V,volt=1.2500V,volt=1.2250V
========
TIME:14:55:47
47236
cpu:0.53, 0.38, 0.27,freq:frequency(48)=600000000,throttle_flag:throttled=0x50005,voltage:volt=1.2000V,volt=1.2500V,volt=1.2500V,volt=1.2250V
TIME:14:55:49
47236
cpu:0.53, 0.38, 0.27,freq:frequency(48)=1400000000,throttle_flag:throttled=0x50000,voltage:volt=1.3813V,volt=1.2500V,volt=1.2500V,volt=1.2250V
TIME:14:55:50
47236
cpu:0.53, 0.38, 0.27,freq:frequency(48)=1400000000,throttle_flag:throttled=0x50000,voltage:volt=1.3813V,volt=1.2500V,volt=1.2500V,volt=1.2250V
TIME:14:55:51
47236
cpu:0.53, 0.38, 0.27,freq:frequency(48)=1400000000,throttle_flag:throttled=0x50000,voltage:volt=1.3813V,volt=1.2500V,volt=1.2500V,volt=1.2250V
TIME:14:55:52
47236
cpu:0.53, 0.38, 0.27,freq:frequency(48)=1400002000,throttle_flag:throttled=0x50000,voltage:volt=1.3813V,volt=1.2500V,volt=1.2500V,volt=1.2250V
TIME:14:55:53
47236
cpu:0.48, 0.37, 0.26,freq:frequency(48)=1400000000,throttle_flag:throttled=0x50000,voltage:volt=1.3813V,volt=1.2500V,volt=1.2500V,volt=1.2250V
TIME:14:55:54
47236
cpu:0.48, 0.37, 0.26,freq:frequency(48)=1400002000,throttle_flag:throttled=0x50000,voltage:volt=1.3813V,volt=1.2500V,volt=1.2500V,volt=1.2250V
TIME:14:55:55
47236
cpu:0.48, 0.37, 0.26,freq:frequency(48)=1400000000,throttle_flag:throttled=0x50000,voltage:volt=1.3813V,volt=1.2500V,volt=1.2500V,volt=1.2250V
TIME:14:55:56
47774
cpu:0.48, 0.37, 0.26,freq:frequency(48)=1400000000,throttle_flag:throttled=0x50000,voltage:volt=1.3813V,volt=1.2500V,volt=1.2500V,volt=1.2250V
TIME:14:55:57
47774
cpu:0.52, 0.39, 0.27,freq:frequency(48)=700000000,throttle_flag:throttled=0x50000,voltage:volt=1.2813V,volt=1.2500V,volt=1.2500V,volt=1.2250V
TIME:14:55:58
47236
cpu:0.52, 0.39, 0.27,freq:frequency(48)=700000000,throttle_flag:throttled=0x50000,voltage:volt=1.2813V,volt=1.2500V,volt=1.2500V,volt=1.2250V
TIME:14:55:59
46160
cpu:0.52, 0.39, 0.27,freq:frequency(48)=600000000,throttle_flag:throttled=0x50000,voltage:volt=1.2813V,volt=1.2500V,volt=1.2500V,volt=1.2250V
TIME:14:56:00
46160
cpu:0.52, 0.39, 0.27,freq:frequency(48)=700000000,throttle_flag:throttled=0x50000,voltage:volt=1.2813V,volt=1.2500V,volt=1.2500V,volt=1.2250V
TIME:14:56:02
47236
cpu:0.52, 0.39, 0.27,freq:frequency(48)=800000000,throttle_flag:throttled=0x50000,voltage:volt=1.2813V,volt=1.2500V,volt=1.2500V,volt=1.2250V
TIME:14:56:03
47236
cpu:0.48, 0.38, 0.27,freq:frequency(48)=700000000,throttle_flag:throttled=0x50000,voltage:volt=1.2813V,volt=1.2500V,volt=1.2500V,volt=1.2250V
TIME:14:56:04
47236
cpu:0.48, 0.38, 0.27,freq:frequency(48)=600000000,throttle_flag:throttled=0x50000,voltage:volt=1.2813V,volt=1.2500V,volt=1.2500V,volt=1.2250V
TIME:14:56:05
46160
cpu:0.48, 0.38, 0.27,freq:frequency(48)=600000000,throttle_flag:throttled=0x50000,voltage:volt=1.2813V,volt=1.2500V,volt=1.2500V,volt=1.2250V
TIME:14:56:06
46698
cpu:0.48, 0.38, 0.27,freq:frequency(48)=600000000,throttle_flag:throttled=0x50000,voltage:volt=1.2813V,volt=1.2500V,volt=1.2500V,volt=1.2250V
TIME:14:56:07
47236
cpu:0.44, 0.37, 0.27,freq:frequency(48)=600000000,throttle_flag:throttled=0x50000,voltage:volt=1.2813V,volt=1.2500V,volt=1.2500V,volt=1.2250V
TIME:14:56:08
46698
cpu:0.44, 0.37, 0.27,freq:frequency(48)=600000000,throttle_flag:throttled=0x50000,voltage:volt=1.2813V,volt=1.2500V,volt=1.2500V,volt=1.2250V
TIME:14:56:09
46160
cpu:0.44, 0.37, 0.27,freq:frequency(48)=800000000,throttle_flag:throttled=0x50000,voltage:volt=1.2813V,volt=1.2500V,volt=1.2500V,volt=1.2250V
TIME:14:56:11
46698
cpu:0.44, 0.37, 0.27,freq:frequency(48)=800000000,throttle_flag:throttled=0x50000,voltage:volt=1.2813V,volt=1.2500V,volt=1.2500V,volt=1.2250V
TIME:14:56:12
46160
cpu:0.44, 0.37, 0.27,freq:frequency(48)=800000000,throttle_flag:throttled=0x50000,voltage:volt=1.2813V,volt=1.2500V,volt=1.2500V,volt=1.2250V
TIME:14:56:13
46698
cpu:0.41, 0.37, 0.26,freq:frequency(48)=800000000,throttle_flag:throttled=0x50000,voltage:volt=1.2813V,volt=1.2500V,volt=1.2500V,volt=1.2250V
TIME:14:56:14
46698
cpu:0.41, 0.37, 0.26,freq:frequency(48)=800000000,throttle_flag:throttled=0x50000,voltage:volt=1.2813V,volt=1.2500V,volt=1.2500V,volt=1.2250V
TIME:14:56:15
46698
cpu:0.41, 0.37, 0.26,freq:frequency(48)=800000000,throttle_flag:throttled=0x50000,voltage:volt=1.2813V,volt=1.2500V,volt=1.2500V,volt=1.2250V
TIME:14:56:16
46160
cpu:0.41, 0.37, 0.26,freq:frequency(48)=800000000,throttle_flag:throttled=0x50000,voltage:volt=1.2813V,volt=1.2500V,volt=1.2500V,volt=1.2250V
TIME:14:56:17
45622
cpu:0.37, 0.36, 0.26,freq:frequency(48)=800000000,throttle_flag:throttled=0x50000,voltage:volt=1.2813V,volt=1.2500V,volt=1.2500V,volt=1.2250V
TIME:14:56:18
46160
cpu:0.37, 0.36, 0.26,freq:frequency(48)=700000000,throttle_flag:throttled=0x50000,voltage:volt=1.2813V,volt=1.2500V,volt=1.2500V,volt=1.2250V
TIME:14:56:19
46160
cpu:0.37, 0.36, 0.26,freq:frequency(48)=700000000,throttle_flag:throttled=0x50000,voltage:volt=1.2813V,volt=1.2500V,volt=1.2500V,volt=1.2250V
TIME:14:56:21
46698
cpu:0.37, 0.36, 0.26,freq:frequency(48)=700000000,throttle_flag:throttled=0x50000,voltage:volt=1.2813V,volt=1.2500V,volt=1.2500V,volt=1.2250V
TIME:14:56:22
46698
cpu:0.37, 0.36, 0.26,freq:frequency(48)=600000000,throttle_flag:throttled=0x50005,voltage:volt=1.2000V,volt=1.2500V,volt=1.2500V,volt=1.2250V
TIME:14:56:23
47236
cpu:0.42, 0.37, 0.27,freq:frequency(48)=1400000000,throttle_flag:throttled=0x50000,voltage:volt=1.3813V,volt=1.2500V,volt=1.2500V,volt=1.2250V
TIME:14:56:24
47236
cpu:0.42, 0.37, 0.27,freq:frequency(48)=1400002000,throttle_flag:throttled=0x50000,voltage:volt=1.3813V,volt=1.2500V,volt=1.2500V,volt=1.2250V
TIME:14:56:25
47236
cpu:0.42, 0.37, 0.27,freq:frequency(48)=1400000000,throttle_flag:throttled=0x50000,voltage:volt=1.3813V,volt=1.2500V,volt=1.2500V,volt=1.2250V
TIME:14:56:26
47236
cpu:0.42, 0.37, 0.27,freq:frequency(48)=1400000000,throttle_flag:throttled=0x50000,voltage:volt=1.3813V,volt=1.2500V,volt=1.2500V,volt=1.2250V
TIME:14:56:27
47236
cpu:0.42, 0.37, 0.27,freq:frequency(48)=1400000000,throttle_flag:throttled=0x50000,voltage:volt=1.3813V,volt=1.2500V,volt=1.2500V,volt=1.2250V
TIME:14:56:28
47236
cpu:0.47, 0.38, 0.27,freq:frequency(48)=1400000000,throttle_flag:throttled=0x50000,voltage:volt=1.3813V,volt=1.2500V,volt=1.2500V,volt=1.2250V
TIME:14:56:29
47236
cpu:0.47, 0.38, 0.27,freq:frequency(48)=1400000000,throttle_flag:throttled=0x50000,voltage:volt=1.3813V,volt=1.2500V,volt=1.2500V,volt=1.2250V
TIME:14:56:30
47236
cpu:0.47, 0.38, 0.27,freq:frequency(48)=1400000000,throttle_flag:throttled=0x50000,voltage:volt=1.3813V,volt=1.2500V,volt=1.2500V,volt=1.2250V
TIME:14:56:31
47774
cpu:0.47, 0.38, 0.27,freq:frequency(48)=800000000,throttle_flag:throttled=0x50000,voltage:volt=1.2813V,volt=1.2500V,volt=1.2500V,volt=1.2250V
TIME:14:56:33
46698
cpu:0.43, 0.37, 0.27,freq:frequency(48)=800000000,throttle_flag:throttled=0x50000,voltage:volt=1.2813V,volt=1.2500V,volt=1.2500V,volt=1.2250V
TIME:14:56:34
47236
cpu:0.43, 0.37, 0.27,freq:frequency(48)=800000000,throttle_flag:throttled=0x50000,voltage:volt=1.2813V,volt=1.2500V,volt=1.2500V,volt=1.2250V
TIME:14:56:35
47236
cpu:0.43, 0.37, 0.27,freq:frequency(48)=800000000,throttle_flag:throttled=0x50000,voltage:volt=1.2813V,volt=1.2500V,volt=1.2500V,volt=1.2250V
TIME:14:56:36
47236
cpu:0.43, 0.37, 0.27,freq:frequency(48)=700002000,throttle_flag:throttled=0x50000,voltage:volt=1.2813V,volt=1.2500V,volt=1.2500V,volt=1.2250V
TIME:14:56:37
46698
cpu:0.43, 0.37, 0.27,freq:frequency(48)=800000000,throttle_flag:throttled=0x50000,voltage:volt=1.2813V,volt=1.2500V,volt=1.2500V,volt=1.2250V
TIME:14:56:38
47236
cpu:0.40, 0.37, 0.27,freq:frequency(48)=800000000,throttle_flag:throttled=0x50000,voltage:volt=1.2813V,volt=1.2500V,volt=1.2500V,volt=1.2250V
TIME:14:56:39
46698
cpu:0.40, 0.37, 0.27,freq:frequency(48)=900000000,throttle_flag:throttled=0x50000,voltage:volt=1.2813V,volt=1.2500V,volt=1.2500V,volt=1.2250V
TIME:14:56:40
47236
cpu:0.40, 0.37, 0.27,freq:frequency(48)=800000000,throttle_flag:throttled=0x50000,voltage:volt=1.2813V,volt=1.2500V,volt=1.2500V,volt=1.2250V
TIME:14:56:41
46160
cpu:0.40, 0.37, 0.27,freq:frequency(48)=900000000,throttle_flag:throttled=0x50000,voltage:volt=1.2813V,volt=1.2500V,volt=1.2500V,volt=1.2250V
TIME:14:56:43
46160
cpu:0.37, 0.36, 0.27,freq:frequency(48)=800000000,throttle_flag:throttled=0x50000,voltage:volt=1.2813V,volt=1.2500V,volt=1.2500V,volt=1.2250V
TIME:14:56:44
46160
cpu:0.37, 0.36, 0.27,freq:frequency(48)=700000000,throttle_flag:throttled=0x50000,voltage:volt=1.2813V,volt=1.2500V,volt=1.2500V,volt=1.2250V
TIME:14:56:45
46698
cpu:0.37, 0.36, 0.27,freq:frequency(48)=700000000,throttle_flag:throttled=0x50000,voltage:volt=1.2813V,volt=1.2500V,volt=1.2500V,volt=1.2250V
TIME:14:56:46
46160
cpu:0.37, 0.36, 0.27,freq:frequency(48)=700000000,throttle_flag:throttled=0x50000,voltage:volt=1.2813V,volt=1.2500V,volt=1.2500V,volt=1.2250V
TIME:14:56:47
46160
cpu:0.37, 0.36, 0.27,freq:frequency(48)=700000000,throttle_flag:throttled=0x50000,voltage:volt=1.2813V,volt=1.2500V,volt=1.2500V,volt=1.2250V
TIME:14:56:48
46160
cpu:0.34, 0.36, 0.27,freq:frequency(48)=700000000,throttle_flag:throttled=0x50000,voltage:volt=1.2813V,volt=1.2500V,volt=1.2500V,volt=1.2250V
TIME:14:56:49
46698
cpu:0.34, 0.36, 0.27,freq:frequency(48)=700000000,throttle_flag:throttled=0x50000,voltage:volt=1.2813V,volt=1.2500V,volt=1.2500V,volt=1.2250V
TIME:14:56:50
47236
cpu:0.34, 0.36, 0.27,freq:frequency(48)=700000000,throttle_flag:throttled=0x50000,voltage:volt=1.2813V,volt=1.2500V,volt=1.2500V,volt=1.2250V
TIME:14:56:51
46698
cpu:0.34, 0.36, 0.27,freq:frequency(48)=800000000,throttle_flag:throttled=0x50000,voltage:volt=1.2813V,volt=1.2500V,volt=1.2500V,volt=1.2250V
TIME:14:56:53
46160
cpu:0.31, 0.35, 0.26,freq:frequency(48)=700000000,throttle_flag:throttled=0x50000,voltage:volt=1.2813V,volt=1.2500V,volt=1.2500V,volt=1.2250V
TIME:14:56:54
46698
cpu:0.31, 0.35, 0.26,freq:frequency(48)=600000000,throttle_flag:throttled=0x50000,voltage:volt=1.2813V,volt=1.2500V,volt=1.2500V,volt=1.2250V
TIME:14:56:55
46160
cpu:0.31, 0.35, 0.26,freq:frequency(48)=600000000,throttle_flag:throttled=0x50000,voltage:volt=1.2813V,volt=1.2500V,volt=1.2500V,volt=1.2250V
TIME:14:56:56
47236
cpu:0.31, 0.35, 0.26,freq:frequency(48)=600000000,throttle_flag:throttled=0x50005,voltage:volt=1.2000V,volt=1.2500V,volt=1.2500V,volt=1.2250V
TIME:14:56:57
47236
cpu:0.31, 0.35, 0.26,freq:frequency(48)=1400002000,throttle_flag:throttled=0x50000,voltage:volt=1.3813V,volt=1.2500V,volt=1.2500V,volt=1.2250V
TIME:14:56:58
47774
cpu:0.36, 0.36, 0.27,freq:frequency(48)=1400000000,throttle_flag:throttled=0x50000,voltage:volt=1.3813V,volt=1.2500V,volt=1.2500V,volt=1.2250V
TIME:14:56:59
47774
cpu:0.36, 0.36, 0.27,freq:frequency(48)=1400000000,throttle_flag:throttled=0x50000,voltage:volt=1.3813V,volt=1.2500V,volt=1.2500V,volt=1.2250V
>>>>>>>> 978dcc83 (emergency commit?):logs/roofline/resnet18_children_bramble-4-5/8/4_size/4_1/speed_heatbramble-4-5-25.log
