ALL SYNC
2026-04-21 11:07:56.008525 Sync done -> model run start
2026-04-21 11:07:56.008522 Sync done -> model run start
2026-04-21 11:07:56.008522 Sync done -> model run start
2026-04-21 11:07:56.008994 Sync done -> model run start
2 0.048 [0.04116970091126859, 0.001769365044310689, 0.0017636879347264767, 0.0016684799920767546, 0.0015809801407158375]
1 0.048 [0.04115631594322622, 0.001770145958289504, 0.0017635838594287634, 0.0016673339996486902, 0.0015819701366126537]
3 0.048 [0.04115668102167547, 0.0017817600164562464, 0.0017616038676351309, 0.0016672809142619371, 0.0015819179825484753]
0 0.053 [0.0473360710311681, 0.0014731681440025568, 0.0016460840124636889, 0.0012004089076071978, 0.0014388980343937874]
2026-04-21 11:08:00.247290 Sync done -> model run start
2026-04-21 11:08:00.247295 Sync done -> model run start
2026-04-21 11:08:00.251035 Sync done -> model run start
2026-04-21 11:08:00.251035 Sync done -> model run start
1 0.013 [0.005692465929314494, 0.001613740110769868, 0.0015475950203835964, 0.0018489991780370474, 0.0017534270882606506]
0 0.013 [0.0056927260011434555, 0.0016140011139214039, 0.0015473871026188135, 0.0018483740277588367, 0.0017532180063426495]
3 0.012 [0.005464238114655018, 0.0017031668685376644, 0.001613635802641511, 0.0015585320070385933, 0.0015931150410324335]
2 0.012 [0.005437467945739627, 0.0017373331356793642, 0.0016059798654168844, 0.0015585320070385933, 0.0015927511267364025]
2026-04-21 11:08:06.310289 Sync done -> model run start
2026-04-21 11:08:06.312031 Sync done -> model run start
2026-04-21 11:08:06.316014 Sync done -> model run start
2026-04-21 11:08:06.332513 Sync done -> model run start
1 0.014 [0.006970948074012995, 0.0016518128104507923, 0.001697801984846592, 0.0018790001049637794, 0.0016670739278197289]
0 0.014 [0.00663334596902132, 0.0019062389619648457, 0.0018786350265145302, 0.0016728548798710108, 0.0014978030230849981]
3 0.014 [0.007132718106731772, 0.001711708027869463, 0.0015210839919745922, 0.0015942088793963194, 0.0014459809754043818]
2 0.006 [0.0030707630794495344, 0.0008609839715063572, 0.0007614020723849535, 0.0006493190303444862, 0.0006245269905775785]
2026-04-21 11:08:12.368419 Sync done -> model run start
2026-04-21 11:08:12.371666 Sync done -> model run start
2026-04-21 11:08:12.374967 Sync done -> model run start
2026-04-21 11:08:12.398092 Sync done -> model run start
0 0.014 [0.006603502901270986, 0.0018276460468769073, 0.0016100939828902483, 0.0015710319858044386, 0.0017644159961491823]
1 0.014 [0.00676376186311245, 0.0017874371260404587, 0.00173249002546072, 0.0016587930731475353, 0.0017944688443094492]
2 0.014 [0.007056572008877993, 0.0016897290479391813, 0.0017792610451579094, 0.001337544061243534, 0.0016133759636431932]
3 0.006 [0.0028312329668551683, 0.0009165569208562374, 0.000678276875987649, 0.0006325480062514544, 0.0006085899658501148]
2026-04-21 11:08:18.289953 Sync done -> model run start
2026-04-21 11:08:18.289953 Sync done -> model run start
2026-04-21 11:08:18.302485 Sync done -> model run start
2026-04-21 11:08:18.311199 Sync done -> model run start
1 0.015 [0.0069489688612520695, 0.002239934867247939, 0.0019419682212173939, 0.0017914469353854656, 0.0020108220633119345]
0 0.015 [0.006948448019102216, 0.0022494138684123755, 0.00194228021427989, 0.0017985310405492783, 0.0020063938573002815]
3 0.011 [0.007302561076357961, 0.0010171809699386358, 0.0008631190285086632, 0.0009477550629526377, 0.0008972859941422939]
2 0.009 [0.003482165979221463, 0.0010091608855873346, 0.000997232971712947, 0.0020919661037623882, 0.0008556719403713942]
2026-04-21 11:08:24.421360 Sync done -> model run start
2026-04-21 11:08:24.423161 Sync done -> model run start
2026-04-21 11:08:24.426043 Sync done -> model run start
2026-04-21 11:08:24.439875 Sync done -> model run start
0 0.013 [0.005683924071490765, 0.0021687368862330914, 0.0015082720201462507, 0.0015089490916579962, 0.0018113960977643728]
1 0.013 [0.006229233928024769, 0.0015134289860725403, 0.0014759290497750044, 0.0018112908583134413, 0.0015746781136840582]
3 0.013 [0.006499596871435642, 0.001812228001654148, 0.0015535838901996613, 0.001752540934830904, 0.0013206170406192541]
2 0.009 [0.004078100901097059, 0.0008389009162783623, 0.0021423310972750187, 0.0015305120032280684, 0.0006984858773648739]
2026-04-21 11:08:30.477898 Sync done -> model run start
2026-04-21 11:08:30.477896 Sync done -> model run start
2026-04-21 11:08:30.488669 Sync done -> model run start
2026-04-21 11:08:30.503811 Sync done -> model run start
1 0.013 [0.006233453052118421, 0.0020464989356696606, 0.0018598318565636873, 0.0015059278812259436, 0.0014473868068307638]
0 0.013 [0.006232410902157426, 0.0020467061549425125, 0.002084570936858654, 0.0013783250469714403, 0.0013658769894391298]
2 0.006 [0.002909409813582897, 0.0008415060583502054, 0.0006694230251014233, 0.0006229130085557699, 0.0006651009898632765]
3 0.009 [0.005374758969992399, 0.001155670965090394, 0.0007894739974290133, 0.0007175470236688852, 0.0007445791270583868]
2026-04-21 11:08:36.512667 Sync done -> model run start
2026-04-21 11:08:36.512667 Sync done -> model run start
2026-04-21 11:08:36.521945 Sync done -> model run start
2026-04-21 11:08:36.528549 Sync done -> model run start
1 0.012 [0.0061095471028238535, 0.0016381668392568827, 0.0014686889480799437, 0.0014001999516040087, 0.0014579079579561949]
0 0.012 [0.006109389942139387, 0.0016380120068788528, 0.0014692621771246195, 0.001402336172759533, 0.001472125994041562]
3 0.01 [0.0056041330099105835, 0.0015358240343630314, 0.0009769208263605833, 0.0008741619531065226, 0.0009491608943790197]
2 0.007 [0.003767061047255993, 0.0010913999285548925, 0.000986712984740734, 0.0006929130759090185, 0.0006482780445367098]
2026-04-21 11:08:42.478025 Sync done -> model run start
2026-04-21 11:08:42.478016 Sync done -> model run start
2026-04-21 11:08:42.480688 Sync done -> model run start
2026-04-21 11:08:42.484430 Sync done -> model run start
1 0.013 [0.0057192889507859945, 0.0017898851074278355, 0.0015663448721170425, 0.0016983761452138424, 0.0016639488749206066]
2 0.013 [0.006270847981795669, 0.0019127491395920515, 0.0016219180542975664, 0.0014342619106173515, 0.0017586350440979004]
3 0.012 [0.006820739945396781, 0.0018764468841254711, 0.0015009280759841204, 0.0009824421722441912, 0.0009570771362632513]
0 0.013 [0.005707309814170003, 0.001789988949894905, 0.001571084139868617, 0.001693323953077197, 0.0016634801868349314]
2026-04-21 11:08:48.602613 Sync done -> model run start
2026-04-21 11:08:48.604520 Sync done -> model run start
2026-04-21 11:08:48.605168 Sync done -> model run start
2026-04-21 11:08:48.608663 Sync done -> model run start
2 0.012 [0.00579954800195992, 0.0016892601270228624, 0.0015978547744452953, 0.001611136132851243, 0.0015610321424901485]
0 0.013 [0.006137099117040634, 0.0017342600040137768, 0.0016823341138660908, 0.0017524368595331907, 0.001610980136319995]
1 0.013 [0.006196577101945877, 0.001925458200275898, 0.0017362909857183695, 0.001611397136002779, 0.0015583760105073452]
3 0.013 [0.006668450077995658, 0.0021281649824231863, 0.0014478559605777264, 0.0013829078525304794, 0.0009440041612833738]
2026-04-21 11:08:48.692271 Sync done -> model run start
net_times: [[13.775, 0.0, 100352, 0], [4.034, 0.0, 100352, 0], [5.883, 0.0, 100352, 0], [5.859, 0.0, 100352, 0], [5.716, 0.0, 100352, 0], [5.935, 0.0, 100352, 0], [5.85, 0.0, 100352, 0], [5.823, 0.0, 100352, 0], [5.774, 0.0, 100352, 0], [5.935, 0.0, 100352, 0]]
echo 'race4fun' | sudo -S sh -c 'journalctl --since "2026-04-21 11:07:41.791062" --until "2026-04-21 11:08:48.692271" -k -o short-iso '| grep -i -E 'throttle|throttled|thermal|cpufreq|under-voltage|voltage'
