ALL SYNC
2026-04-21 11:06:37.478480 Sync done -> model run start
2026-04-21 11:06:37.478489 Sync done -> model run start
2026-04-21 11:06:37.478640 Sync done -> model run start
2026-04-21 11:06:37.480346 Sync done -> model run start
1 1.788 [0.44452595012262464, 0.35091248806566, 0.3351869808975607, 0.3291244020219892, 0.3281372708734125]
3 1.827 [0.44734750082716346, 0.357120952103287, 0.3484420289751142, 0.33777785603888333, 0.3363077570684254]
2 1.894 [0.46284134197048843, 0.3791507030837238, 0.35800829203799367, 0.3356690099462867, 0.358025531983003]
2026-04-21 11:06:40.931935 Sync done -> model run start
2026-04-21 11:06:40.947848 Sync done -> model run start
2026-04-21 11:06:40.948519 Sync done -> model run start
2026-04-21 11:06:40.963407 Sync done -> model run start
0 1.638 [0.3426705440506339, 0.3405086260754615, 0.3230620319955051, 0.3175524198450148, 0.3136882169637829]
2 1.638 [0.34269580291584134, 0.3440012668725103, 0.31902882014401257, 0.3177752310875803, 0.31462300498969853]
1 1.645 [0.3419190358836204, 0.3440016321837902, 0.3204774078913033, 0.31905543408356607, 0.31944866199046373]
3 1.709 [0.3501901470590383, 0.42026401986368, 0.3226278671063483, 0.3193361621815711, 0.2959754790645093]
2026-04-21 11:06:44.966968 Sync done -> model run start
2026-04-21 11:06:44.974771 Sync done -> model run start
2026-04-21 11:06:44.982917 Sync done -> model run start
2026-04-21 11:06:44.991501 Sync done -> model run start
2 1.603 [0.33635942405089736, 0.3302775218617171, 0.31382300797849894, 0.3113091648556292, 0.31058588600717485]
0 1.602 [0.3388361851684749, 0.33040939713828266, 0.3138709249906242, 0.31168838194571435, 0.3074722019955516]
3 1.624 [0.34272403293289244, 0.3316215800587088, 0.3132805631030351, 0.3100374520290643, 0.3257099899929017]
1 1.693 [0.38362313294783235, 0.3355266680009663, 0.31225176504813135, 0.30494747310876846, 0.35614335210993886]
2026-04-21 11:06:48.498525 Sync done -> model run start
2026-04-21 11:06:48.504374 Sync done -> model run start
2026-04-21 11:06:48.514698 Sync done -> model run start
2026-04-21 11:06:48.523354 Sync done -> model run start
0 1.596 [0.33619744586758316, 0.33250985806807876, 0.31331498990766704, 0.3079249090515077, 0.3061363738961518]
2 1.605 [0.3402113870251924, 0.3322192330379039, 0.31264285696670413, 0.30803094897419214, 0.31136978999711573]
3 1.609 [0.34717500396072865, 0.32926351693458855, 0.31179254897870123, 0.3072977759875357, 0.3137302491813898]
1 1.688 [0.36167910997755826, 0.35906130890361965, 0.3063138739671558, 0.3044702878687531, 0.35595053993165493]
2026-04-21 11:06:51.951993 Sync done -> model run start
2026-04-21 11:06:51.958171 Sync done -> model run start
2026-04-21 11:06:51.968211 Sync done -> model run start
2026-04-21 11:06:51.975175 Sync done -> model run start
0 1.592 [0.33890483109280467, 0.3323858471121639, 0.3082485010381788, 0.30668131983838975, 0.30602194811217487]
2 1.601 [0.3425009099300951, 0.33060507383197546, 0.3102454198524356, 0.30793558596633375, 0.3097008392214775]
3 1.614 [0.3482718749437481, 0.33207819308154285, 0.31154650705866516, 0.30881079100072384, 0.31290874094702303]
1 1.674 [0.34066643891856074, 0.3875947310589254, 0.31358004198409617, 0.3091661538928747, 0.3225750559940934]
2026-04-21 11:06:55.395826 Sync done -> model run start
2026-04-21 11:06:55.401118 Sync done -> model run start
2026-04-21 11:06:55.408286 Sync done -> model run start
2026-04-21 11:06:55.416865 Sync done -> model run start
0 1.616 [0.34172606910578907, 0.3310106978751719, 0.3168313819915056, 0.3134005630854517, 0.31267608678899705]
2 1.622 [0.3467182880267501, 0.332011213991791, 0.31333452090620995, 0.3143804019782692, 0.31559544894844294]
1 1.67 [0.3451609509065747, 0.3308899679686874, 0.36638664407655597, 0.3137616030871868, 0.3140514448750764]
3 1.634 [0.35181665187701583, 0.332916263025254, 0.3154025860130787, 0.31439633993431926, 0.31918444484472275]
2026-04-21 11:06:58.876042 Sync done -> model run start
2026-04-21 11:06:58.881083 Sync done -> model run start
2026-04-21 11:06:58.891438 Sync done -> model run start
2026-04-21 11:06:58.899870 Sync done -> model run start
0 1.663 [0.3475715140812099, 0.34042638703249395, 0.3217861009761691, 0.3278443568851799, 0.32532629487104714]
1 1.658 [0.3425246081314981, 0.34042659611441195, 0.32185833994299173, 0.3277761279605329, 0.32532629393972456]
2 1.685 [0.3478284399025142, 0.34451569407247007, 0.3265078521799296, 0.33160267397761345, 0.3342887049075216]
3 1.74 [0.3550013790372759, 0.3450866809580475, 0.3987156751099974, 0.3326231390237808, 0.3079754300415516]
2026-04-21 11:07:02.394064 Sync done -> model run start
2026-04-21 11:07:02.406011 Sync done -> model run start
2026-04-21 11:07:02.417602 Sync done -> model run start
2026-04-21 11:07:02.425101 Sync done -> model run start
0 1.581 [0.3345265679527074, 0.3277051909826696, 0.3054171069525182, 0.3069097569677979, 0.3063322601374239]
2 1.584 [0.3344173498917371, 0.3277927949093282, 0.3057915319222957, 0.30548044107854366, 0.3107034401036799]
3 1.608 [0.33992305607534945, 0.3290137790609151, 0.3070009551011026, 0.308508604997769, 0.3237190619111061]
1 1.639 [0.3337132390588522, 0.3294631519820541, 0.3055012209806591, 0.36307571991346776, 0.3068856429308653]
2026-04-21 11:07:05.819307 Sync done -> model run start
2026-04-21 11:07:05.833033 Sync done -> model run start
2026-04-21 11:07:05.832215 Sync done -> model run start
2026-04-21 11:07:05.843290 Sync done -> model run start
0 1.623 [0.36999715003184974, 0.3285483638755977, 0.30495565105229616, 0.3042176850140095, 0.31488097412511706]
2 1.646 [0.38190996390767395, 0.32754274387843907, 0.3057310120202601, 0.3075168381910771, 0.32310114800930023]
3 1.611 [0.3583156359381974, 0.3264455609023571, 0.3061872080434114, 0.3065166862215847, 0.31356311519630253]
1 1.699 [0.39301783381961286, 0.32742467196658254, 0.3071978809311986, 0.3698060049209744, 0.30072598112747073]
2026-04-21 11:07:09.333976 Sync done -> model run start
2026-04-21 11:07:09.339090 Sync done -> model run start
2026-04-21 11:07:09.348351 Sync done -> model run start
2026-04-21 11:07:09.354131 Sync done -> model run start
0 1.599 [0.33979175495915115, 0.3312411659862846, 0.3114997379016131, 0.3115273420698941, 0.30507122399285436]
2 1.606 [0.3376170771662146, 0.3322617339435965, 0.3145429028663784, 0.3134489490184933, 0.3077969930600375]
1 1.711 [0.3906838861294091, 0.3372974949888885, 0.31961235986091197, 0.3273683700244874, 0.3355721889529377]
3 1.621 [0.34447314217686653, 0.334324955008924, 0.3179465860594064, 0.31415681005455554, 0.30998313007876277]
2026-04-21 11:07:12.727356 Sync done -> model run start
net_times: [[0.0, 1.384, 0, 802816], [0.0, 2.11, 0, 802816], [0.0, 1.629, 0, 802816], [0.0, 1.581, 0, 802816], [0.0, 1.594, 0, 802816], [0.0, 1.614, 0, 802816], [0.0, 1.569, 0, 802816], [0.0, 1.594, 0, 802816], [0.0, 1.599, 0, 802816], [0.0, 1.595, 0, 802816]]
echo 'race4fun' | sudo -S sh -c 'journalctl --since "2026-04-21 11:06:37.071330" --until "2026-04-21 11:07:12.727356" -k -o short-iso '| grep -i -E 'throttle|throttled|thermal|cpufreq|under-voltage|voltage'
