ALL SYNC
2026-04-21 11:07:48.122591 Sync done -> model run start
2026-04-21 11:07:48.122595 Sync done -> model run start
2026-04-21 11:07:48.122595 Sync done -> model run start
2026-04-21 11:07:48.122591 Sync done -> model run start
3 0.131 [0.03853632207028568, 0.029274360975250602, 0.02015349199064076, 0.02131426497362554, 0.02118660998530686]
0 0.131 [0.03663685801438987, 0.028359627816826105, 0.023210449144244194, 0.02099228883162141, 0.02127593196928501]
2 0.131 [0.03663685801438987, 0.02838967996649444, 0.023195709101855755, 0.021100881043821573, 0.02117759990505874]
1 0.134 [0.03853652998805046, 0.029270246857777238, 0.02317570918239653, 0.0222473309841007, 0.020780466962605715]
2026-04-21 11:07:53.845310 Sync done -> model run start
2026-04-21 11:07:53.903237 Sync done -> model run start
2026-04-21 11:07:53.977722 Sync done -> model run start
2026-04-21 11:07:54.048887 Sync done -> model run start
0 0.083 [0.02176827215589583, 0.01801017578691244, 0.011643089121207595, 0.013400992844253778, 0.017997780116274953]
1 0.093 [0.028747177915647626, 0.021307078888639808, 0.012320843990892172, 0.014273537090048194, 0.016115345992147923]
2 0.07 [0.023434925824403763, 0.0193120411131531, 0.011755380081012845, 0.007908637868240476, 0.007502495078369975]
3 0.049 [0.01456093112938106, 0.013147088000550866, 0.006837761029601097, 0.006994582014158368, 0.007392860949039459]
2026-04-21 11:07:59.828617 Sync done -> model run start
2026-04-21 11:07:59.885400 Sync done -> model run start
2026-04-21 11:07:59.961442 Sync done -> model run start
2026-04-21 11:08:00.039688 Sync done -> model run start
0 0.088 [0.02528657903894782, 0.017596742138266563, 0.013765312964096665, 0.014480775920674205, 0.016241961158812046]
1 0.104 [0.034508279990404844, 0.026031105080619454, 0.014547182014212012, 0.014314892003312707, 0.014602441107854247]
2 0.081 [0.031395283062011003, 0.019801673013716936, 0.013478127773851156, 0.008171083871275187, 0.008159573888406157]
3 0.054 [0.018814284820109606, 0.012986933114007115, 0.00777749321423471, 0.006889740005135536, 0.007139528868719935]
2026-04-21 11:08:05.850078 Sync done -> model run start
2026-04-21 11:08:05.905610 Sync done -> model run start
2026-04-21 11:08:05.979308 Sync done -> model run start
2026-04-21 11:08:06.073224 Sync done -> model run start
0 0.082 [0.021725408965721726, 0.017588356975466013, 0.011726891156286001, 0.013749480014666915, 0.016924767987802625]
1 0.098 [0.02755817794241011, 0.029830139130353928, 0.012070065131410956, 0.014318589819595218, 0.013963175006210804]
2 0.075 [0.02384226699359715, 0.019102771999314427, 0.009425136959180236, 0.011900067096576095, 0.010577889159321785]
3 0.043 [0.010382995009422302, 0.010961426887661219, 0.006937864003702998, 0.0072898410726338625, 0.006873124977573752]
2026-04-21 11:08:11.820822 Sync done -> model run start
2026-04-21 11:08:11.877539 Sync done -> model run start
2026-04-21 11:08:11.963146 Sync done -> model run start
2026-04-21 11:08:12.033996 Sync done -> model run start
1 0.096 [0.034429376013576984, 0.02055171993561089, 0.014759419951587915, 0.012035325868055224, 0.01383505086414516]
0 0.086 [0.024281847989186645, 0.017765959026291966, 0.013746303040534258, 0.014448537025600672, 0.015358946984633803]
2 0.072 [0.027584271039813757, 0.016590187093243003, 0.010963719105347991, 0.009215295081958175, 0.007689108140766621]
3 0.053 [0.018672098871320486, 0.011614911956712604, 0.008081813808530569, 0.00698510417714715, 0.007015520008280873]
2026-04-21 11:08:17.911646 Sync done -> model run start
2026-04-21 11:08:17.966139 Sync done -> model run start
2026-04-21 11:08:18.057049 Sync done -> model run start
2026-04-21 11:08:18.117819 Sync done -> model run start
0 0.076 [0.021271610166877508, 0.016920652939006686, 0.010659710969775915, 0.012912453850731254, 0.01370047009550035]
2 0.066 [0.021860096137970686, 0.0188233470544219, 0.008525768993422389, 0.007667182013392448, 0.008789777988567948]
3 0.05 [0.014227652922272682, 0.014245673082768917, 0.00695869792252779, 0.006954114185646176, 0.0069430728908628225]
1 0.092 [0.022378216963261366, 0.02591725206002593, 0.016461178194731474, 0.0131166719365865, 0.013334274990484118]
2026-04-21 11:08:23.925230 Sync done -> model run start
2026-04-21 11:08:23.983487 Sync done -> model run start
2026-04-21 11:08:24.056502 Sync done -> model run start
2026-04-21 11:08:24.137377 Sync done -> model run start
0 0.09 [0.02730927406810224, 0.01801043702289462, 0.013911769958212972, 0.014686763985082507, 0.015298582846298814]
1 0.114 [0.035133538069203496, 0.020898801973089576, 0.0293375919573009, 0.015272123971953988, 0.013228598050773144]
2 0.083 [0.03099044389091432, 0.021086768014356494, 0.01142507093027234, 0.011323872953653336, 0.008162491023540497]
3 0.053 [0.01911470014601946, 0.01168064191006124, 0.007923899218440056, 0.006974322954192758, 0.00687916693277657]
2026-04-21 11:08:29.992496 Sync done -> model run start
2026-04-21 11:08:30.048286 Sync done -> model run start
2026-04-21 11:08:30.126678 Sync done -> model run start
2026-04-21 11:08:30.205353 Sync done -> model run start
0 0.075 [0.020849009975790977, 0.017476066946983337, 0.010695336852222681, 0.012610842939466238, 0.013471357058733702]
1 0.09 [0.02219972899183631, 0.025425642961636186, 0.01439931895583868, 0.012072877958416939, 0.015807538060471416]
2 0.071 [0.023788623046129942, 0.018437360879033804, 0.011558559024706483, 0.008716029115021229, 0.007665514945983887]
3 0.045 [0.012549489038065076, 0.010983928106725216, 0.0068853129632771015, 0.007066977908834815, 0.007023385027423501]
2026-04-21 11:08:36.006355 Sync done -> model run start
2026-04-21 11:08:36.050558 Sync done -> model run start
2026-04-21 11:08:36.114886 Sync done -> model run start
2026-04-21 11:08:36.184248 Sync done -> model run start
1 0.107 [0.03744133305735886, 0.02164843212813139, 0.016801540041342378, 0.016241544159129262, 0.014822233002632856]
0 0.096 [0.0263952708337456, 0.01775903394445777, 0.02215514611452818, 0.014436140889301896, 0.014640931971371174]
2 0.093 [0.04454351984895766, 0.01991511113010347, 0.009347168961539865, 0.009723833994939923, 0.00878373603336513]
3 0.059 [0.019761934876441956, 0.013280316954478621, 0.00908316089771688, 0.00932914880104363, 0.006944114109501243]
2026-04-21 11:08:42.038036 Sync done -> model run start
2026-04-21 11:08:42.079417 Sync done -> model run start
2026-04-21 11:08:42.163826 Sync done -> model run start
2026-04-21 11:08:42.212457 Sync done -> model run start
1 0.105 [0.0331157420296222, 0.02449341001920402, 0.014284633100032806, 0.019316261867061257, 0.01361427316442132]
0 0.079 [0.019834591075778008, 0.015443738084286451, 0.012693654047325253, 0.01538676000200212, 0.01497269980609417]
2 0.07 [0.020945363910868764, 0.0225114980712533, 0.00827123993076384, 0.009209671057760715, 0.008700767997652292]
3 0.055 [0.015147750964388251, 0.014357184059917927, 0.010046696057543159, 0.008829985978081822, 0.0067744809202849865]
2026-04-21 11:08:43.689576 Sync done -> model run start
net_times: [[5.809, 1.387, 3211264, 802816], [3.927, 1.309, 3211264, 802816], [4.206, 1.336, 3211264, 802816], [4.199, 1.338, 3211264, 802816], [4.182, 1.323, 3211264, 802816], [4.276, 1.337, 3211264, 802816], [4.204, 1.329, 3211264, 802816], [4.253, 1.327, 3211264, 802816], [4.209, 1.323, 3211264, 802816], [4.239, 1.335, 3211264, 802816]]
echo 'race4fun' | sudo -S sh -c 'journalctl --since "2026-04-21 11:07:41.787331" --until "2026-04-21 11:08:43.689576" -k -o short-iso '| grep -i -E 'throttle|throttled|thermal|cpufreq|under-voltage|voltage'
