ALL SYNC
2026-04-21 11:06:41.821291 Sync done -> model run start
2026-04-21 11:06:41.821300 Sync done -> model run start
2026-04-21 11:06:41.821291 Sync done -> model run start
2026-04-21 11:06:41.832681 Sync done -> model run start
1 2.702 [0.5752545509021729, 0.5528469269629568, 0.5256615078542382, 0.5249809899833053, 0.5229182890616357]
0 2.724 [0.5737417449709028, 0.5777282398194075, 0.535007722908631, 0.5228330290410668, 0.5145819669123739]
2 2.761 [0.5621399129740894, 0.5683558790478855, 0.5461000769864768, 0.5265559840481728, 0.5575926890596747]
3 2.939 [0.5740148162003607, 0.5714495130814612, 0.6309248618781567, 0.6384768639691174, 0.5243865121155977]
2026-04-21 11:06:45.155330 Sync done -> model run start
2026-04-21 11:06:45.164876 Sync done -> model run start
2026-04-21 11:06:45.171832 Sync done -> model run start
2026-04-21 11:06:45.183837 Sync done -> model run start
3 2.558 [0.49750427016988397, 0.4884803460445255, 0.5272637929301709, 0.5224194889888167, 0.5221306348685175]
1 2.594 [0.49844770412892103, 0.488575188908726, 0.52376844198443, 0.5610660607926548, 0.5219725631177425]
0 2.636 [0.5457011722028255, 0.4878046710509807, 0.5404974410776049, 0.521580012049526, 0.5403307750821114]
2 2.683 [0.49938587797805667, 0.48927831184118986, 0.506667829118669, 0.5721038840711117, 0.6158402820583433]
2026-04-21 11:06:48.664371 Sync done -> model run start
2026-04-21 11:06:48.675426 Sync done -> model run start
2026-04-21 11:06:48.677612 Sync done -> model run start
2026-04-21 11:06:48.693366 Sync done -> model run start
1 2.548 [0.4984302558004856, 0.48821654403582215, 0.5131697300821543, 0.5193079370073974, 0.5284060789272189]
3 2.542 [0.49920124211348593, 0.4892578939907253, 0.5072776179295033, 0.523368805879727, 0.5228638090193272]
0 2.646 [0.545607628999278, 0.4880765969865024, 0.5363547999877483, 0.5554584781639278, 0.5204111619386822]
2 2.708 [0.5013902441132814, 0.48900945694185793, 0.5197330401279032, 0.6140907560475171, 0.5838898280635476]
2026-04-21 11:06:52.146467 Sync done -> model run start
2026-04-21 11:06:52.154738 Sync done -> model run start
2026-04-21 11:06:52.159368 Sync done -> model run start
2026-04-21 11:06:52.170296 Sync done -> model run start
3 2.519 [0.49985160306096077, 0.489328830037266, 0.48884346801787615, 0.5178089831024408, 0.5225484957918525]
2 2.618 [0.500577901955694, 0.48977002687752247, 0.48836190602742136, 0.6184803729411215, 0.5204772010911256]
1 2.608 [0.49984858208335936, 0.4886497699189931, 0.4877074300311506, 0.5211267829872668, 0.6099718639161438]
0 2.61 [0.5185222101863474, 0.5174840372055769, 0.4874993059784174, 0.5667640059255064, 0.5200315269175917]
2026-04-21 11:06:55.581763 Sync done -> model run start
2026-04-21 11:06:55.594419 Sync done -> model run start
2026-04-21 11:06:55.597216 Sync done -> model run start
2026-04-21 11:06:55.614462 Sync done -> model run start
0 2.546 [0.5037665870040655, 0.4927063169889152, 0.49101408291608095, 0.5247383299283683, 0.5333748089615256]
1 2.523 [0.49958347785286605, 0.49031007499434054, 0.49068845994770527, 0.5221778189297765, 0.52002032706514]
3 2.529 [0.5009349319152534, 0.4899986188393086, 0.4907603340689093, 0.5194664231967181, 0.5278936841059476]
2 2.771 [0.502517529996112, 0.5361554760020226, 0.4922541829291731, 0.6936861302237958, 0.5458385110832751]
2026-04-21 11:06:59.048716 Sync done -> model run start
2026-04-21 11:06:59.049156 Sync done -> model run start
2026-04-21 11:06:59.073433 Sync done -> model run start
2026-04-21 11:06:59.073823 Sync done -> model run start
0 2.588 [0.5238486991729587, 0.5134743619710207, 0.5026479959487915, 0.5182798120658845, 0.5299177370034158]
2 2.659 [0.5225634421221912, 0.5548869660124183, 0.4978380671236664, 0.538181611802429, 0.5452546060550958]
3 2.582 [0.5222825061064214, 0.5100525519810617, 0.5005397750064731, 0.5184603331144899, 0.5300975278951228]
1 2.761 [0.5234421889763325, 0.5134792581666261, 0.502648517023772, 0.6078408290632069, 0.6130771099124104]
2026-04-21 11:07:02.578348 Sync done -> model run start
2026-04-21 11:07:02.587679 Sync done -> model run start
2026-04-21 11:07:02.609825 Sync done -> model run start
2026-04-21 11:07:02.630937 Sync done -> model run start
1 2.565 [0.505211423151195, 0.4913524140138179, 0.4903988759033382, 0.5360070359893143, 0.5419929509516805]
3 2.581 [0.5022812269162387, 0.4909261129796505, 0.4898659090977162, 0.5494749539066106, 0.5478381891734898]
0 2.62 [0.5066868350841105, 0.4914259030483663, 0.48975116992369294, 0.5517154140397906, 0.5802535880357027]
2 2.648 [0.4990249371621758, 0.5181441870518029, 0.5181696549989283, 0.5472718891687691, 0.5654231740627438]
2026-04-21 11:07:06.017939 Sync done -> model run start
2026-04-21 11:07:06.021496 Sync done -> model run start
2026-04-21 11:07:06.029712 Sync done -> model run start
2026-04-21 11:07:06.041082 Sync done -> model run start
1 2.517 [0.49872920801863074, 0.4881114359013736, 0.4881598721258342, 0.5166369520593435, 0.5256128029432148]
2 2.517 [0.4985436350107193, 0.48873310000635684, 0.4886821620166302, 0.5156163310166448, 0.5249456700403243]
3 2.541 [0.4975796809885651, 0.4886122669558972, 0.48801836208440363, 0.5440891399048269, 0.5228295850101858]
0 2.774 [0.5396920219063759, 0.48855940205976367, 0.533698971150443, 0.6178165168967098, 0.5937049409840256]
2026-04-21 11:07:09.494641 Sync done -> model run start
2026-04-21 11:07:09.498371 Sync done -> model run start
2026-04-21 11:07:09.508637 Sync done -> model run start
2026-04-21 11:07:09.528034 Sync done -> model run start
1 2.596 [0.5019308088812977, 0.5277049301657826, 0.5163142448291183, 0.5223434921354055, 0.5275852950289845]
2 2.6 [0.500588001916185, 0.5281688349787146, 0.5193179820198566, 0.5224323980510235, 0.5290526850149035]
0 2.727 [0.5494524529203773, 0.5184720489196479, 0.5594827788881958, 0.5232756240293384, 0.576459642034024]
3 2.744 [0.5006225858815014, 0.520498343044892, 0.515385186066851, 0.6310249029193074, 0.5758043830282986]
2026-04-21 11:07:13.003177 Sync done -> model run start
2026-04-21 11:07:13.015068 Sync done -> model run start
2026-04-21 11:07:13.021088 Sync done -> model run start
2026-04-21 11:07:13.037609 Sync done -> model run start
1 2.504 [0.49787613609805703, 0.4914288679137826, 0.4956603110767901, 0.5254014478996396, 0.4936858389992267]
3 2.512 [0.4981069169007242, 0.4921276168897748, 0.49853045609779656, 0.5192002218682319, 0.5042695491574705]
2 2.531 [0.5067890188656747, 0.4978901471477002, 0.5033436669036746, 0.5296513279899955, 0.4932865691371262]
0 2.582 [0.545935537898913, 0.49152990989387035, 0.5129884749185294, 0.5410123788751662, 0.49013111321255565]
2026-04-21 11:07:15.658385 Sync done -> model run start
net_times: [[2.744, 0.0, 802816, 0], [0.002, 0.0, 802816, 0], [0.418, 0.0, 802816, 0], [0.359, 0.0, 802816, 0], [0.409, 0.0, 802816, 0], [0.263, 0.0, 802816, 0], [0.368, 0.0, 802816, 0], [0.334, 0.0, 802816, 0], [0.304, 0.0, 802816, 0], [0.334, 0.0, 802816, 0]]
echo 'race4fun' | sudo -S sh -c 'journalctl --since "2026-04-21 11:06:38.073627" --until "2026-04-21 11:07:15.658385" -k -o short-iso '| grep -i -E 'throttle|throttled|thermal|cpufreq|under-voltage|voltage'
