ALL SYNC
2026-04-21 11:07:50.225246 Sync done -> model run start
2026-04-21 11:07:50.225246 Sync done -> model run start
2026-04-21 11:07:50.225248 Sync done -> model run start
2026-04-21 11:07:50.225246 Sync done -> model run start
2 2.078 [0.4797108091879636, 0.4099788081366569, 0.3991671339608729, 0.3930324208922684, 0.39625188685022295]
0 2.096 [0.48892347887158394, 0.4085237109102309, 0.3998702568933368, 0.3943491338286549, 0.40456700790673494]
3 2.102 [0.49266919190995395, 0.4129479620605707, 0.40211431006900966, 0.39613620983436704, 0.39825541991740465]
1 2.161 [0.4797106001060456, 0.45715163205750287, 0.39665594790130854, 0.3910019090399146, 0.4364133859053254]
2026-04-21 11:07:55.587041 Sync done -> model run start
2026-04-21 11:07:55.592168 Sync done -> model run start
2026-04-21 11:07:55.603529 Sync done -> model run start
2026-04-21 11:07:55.612884 Sync done -> model run start
1 1.975 [0.4068831969052553, 0.39285205816850066, 0.39070071186870337, 0.393055910943076, 0.39120649197138846]
2 1.976 [0.40691356104798615, 0.3925310168415308, 0.3907236810773611, 0.39405653113499284, 0.3919560199137777]
0 2.061 [0.45533174416050315, 0.39040232892148197, 0.38934858213178813, 0.43937285197898746, 0.38613854395225644]
3 1.982 [0.40994157013483346, 0.39230153895914555, 0.39045097306370735, 0.3942010619211942, 0.3947355910204351]
2026-04-21 11:08:01.603085 Sync done -> model run start
2026-04-21 11:08:01.609345 Sync done -> model run start
2026-04-21 11:08:01.619413 Sync done -> model run start
2026-04-21 11:08:01.630528 Sync done -> model run start
1 1.974 [0.4092670939862728, 0.3921602899208665, 0.39082789910025895, 0.39034831896424294, 0.39135143905878067]
2 1.977 [0.41053818189539015, 0.3920473209582269, 0.39092279481701553, 0.39039076608605683, 0.39259586087428033]
0 2.061 [0.4567602809984237, 0.3904842028860003, 0.38927321787923574, 0.43849681480787694, 0.38603807613253593]
3 1.981 [0.4112346370238811, 0.39210153999738395, 0.3918920620344579, 0.39082289999350905, 0.39457975910045207]
2026-04-21 11:08:07.635724 Sync done -> model run start
2026-04-21 11:08:07.656389 Sync done -> model run start
2026-04-21 11:08:07.664428 Sync done -> model run start
2026-04-21 11:08:07.681921 Sync done -> model run start
1 1.971 [0.40713429008610547, 0.3915903971064836, 0.3886802529450506, 0.39096722193062305, 0.39200659305788577]
0 1.975 [0.414676341926679, 0.3910643570125103, 0.38830301514826715, 0.39088050415739417, 0.3901748298667371]
3 1.971 [0.40664611500687897, 0.3919984679669142, 0.3886669189669192, 0.39023628807626665, 0.39371325308457017]
2 2.066 [0.4564254910219461, 0.3902946210000664, 0.38856212818063796, 0.44117097090929747, 0.38973233196884394]
2026-04-21 11:08:13.601367 Sync done -> model run start
2026-04-21 11:08:13.607858 Sync done -> model run start
2026-04-21 11:08:13.616889 Sync done -> model run start
2026-04-21 11:08:13.626189 Sync done -> model run start
1 1.978 [0.41010313318111, 0.39323351508937776, 0.38990608090534806, 0.3895035309251398, 0.39503501798026264]
2 1.983 [0.4113142730202526, 0.39329236978664994, 0.3916111260186881, 0.39142128406092525, 0.39508449705317616]
3 1.985 [0.4124036959838122, 0.3933736190665513, 0.39149472094140947, 0.39199524000287056, 0.39529933989979327]
0 2.066 [0.4454856929369271, 0.4035785240121186, 0.38951087510213256, 0.4257534840144217, 0.401053377892822]
2026-04-21 11:08:19.697885 Sync done -> model run start
2026-04-21 11:08:19.702068 Sync done -> model run start
2026-04-21 11:08:19.712740 Sync done -> model run start
2026-04-21 11:08:19.721654 Sync done -> model run start
0 1.977 [0.4110777119640261, 0.3954227769281715, 0.390704307006672, 0.3896306660026312, 0.3902891529724002]
2 1.986 [0.4099212058354169, 0.39925297000445426, 0.3930497660767287, 0.3898112908937037, 0.3938079411163926]
1 2.086 [0.46351650287397206, 0.39781453809700906, 0.39227591594681144, 0.44051201618276536, 0.39165659504942596]
3 1.995 [0.4136908259242773, 0.40061660995706916, 0.39315356803126633, 0.39126482605934143, 0.3960760037880391]
2026-04-21 11:08:25.702467 Sync done -> model run start
2026-04-21 11:08:25.710383 Sync done -> model run start
2026-04-21 11:08:25.720340 Sync done -> model run start
2026-04-21 11:08:25.730037 Sync done -> model run start
1 2.003 [0.41147218993864954, 0.4003258820157498, 0.39619517093524337, 0.3950167899020016, 0.3996660939883441]
0 2.001 [0.41063854680396616, 0.400926296133548, 0.39597355714067817, 0.3946744480635971, 0.3987681290600449]
2 2.005 [0.4109446918591857, 0.40082957805134356, 0.3959683489520103, 0.39446960506029427, 0.40260930988006294]
3 2.092 [0.43176470999605954, 0.4296450309921056, 0.3969099069945514, 0.43119851406663656, 0.4019919689744711]
2026-04-21 11:08:31.755656 Sync done -> model run start
2026-04-21 11:08:31.767338 Sync done -> model run start
2026-04-21 11:08:31.778911 Sync done -> model run start
2026-04-21 11:08:31.790934 Sync done -> model run start
0 2.012 [0.4158129529096186, 0.4031657138839364, 0.3985477648675442, 0.39566647494211793, 0.3985709419939667]
1 2.01 [0.4137522329110652, 0.40280149690806866, 0.3984351090621203, 0.396005640970543, 0.39925218909047544]
2 2.014 [0.41252973792143166, 0.4042428450193256, 0.3997817700728774, 0.39538184087723494, 0.40209134411998093]
3 2.093 [0.42766394605860114, 0.43399131507612765, 0.40180395008064806, 0.4252913522068411, 0.4039275338873267]
2026-04-21 11:08:37.742684 Sync done -> model run start
2026-04-21 11:08:37.753646 Sync done -> model run start
2026-04-21 11:08:37.763524 Sync done -> model run start
2026-04-21 11:08:37.776543 Sync done -> model run start
1 1.977 [0.4050005511380732, 0.39636329491622746, 0.39071884006261826, 0.39115269179455936, 0.39334736997261643]
2 1.982 [0.4053030500654131, 0.3978357899468392, 0.3909442040603608, 0.3913277951069176, 0.3966326180379838]
3 1.984 [0.40540747600607574, 0.39701272011734545, 0.39095951593481004, 0.3916092528961599, 0.39883411792106926]
0 2.076 [0.40579388104379177, 0.44396799290552735, 0.39190862607210875, 0.39170492999255657, 0.4425276860129088]
2026-04-21 11:08:43.790416 Sync done -> model run start
2026-04-21 11:08:43.799457 Sync done -> model run start
2026-04-21 11:08:43.812180 Sync done -> model run start
2026-04-21 11:08:43.822252 Sync done -> model run start
1 2.056 [0.41797523689456284, 0.43117929599247873, 0.40194405312649906, 0.40009286417625844, 0.4045235230587423]
0 2.075 [0.41422665887512267, 0.4472060010302812, 0.40522653982043266, 0.40362493181601167, 0.4046975839883089]
2 2.102 [0.42526020598597825, 0.4461655360646546, 0.40865324484184384, 0.4126605719793588, 0.4089497020468116]
3 2.148 [0.4282375380862504, 0.4710352250840515, 0.40277154999785125, 0.406339192064479, 0.439350200118497]
2026-04-21 11:08:46.425844 Sync done -> model run start
net_times: [[7.961, 0.373, 802816, 401408], [2.612, 0.349, 802816, 401408], [3.396, 0.375, 802816, 401408], [3.387, 0.373, 802816, 401408], [3.287, 0.375, 802816, 401408], [3.435, 0.375, 802816, 401408], [3.313, 0.374, 802816, 401408], [3.355, 0.374, 802816, 401408], [3.271, 0.378, 802816, 401408], [3.382, 0.377, 802816, 401408]]
echo 'race4fun' | sudo -S sh -c 'journalctl --since "2026-04-21 11:07:41.783957" --until "2026-04-21 11:08:46.425844" -k -o short-iso '| grep -i -E 'throttle|throttled|thermal|cpufreq|under-voltage|voltage'
