ALL SYNC
2026-04-21 11:07:41.189535 Sync done -> model run start
2026-04-21 11:07:41.189540 Sync done -> model run start
2026-04-21 11:07:41.189535 Sync done -> model run start
2026-04-21 11:07:41.189535 Sync done -> model run start
1 0.47 [0.12863721093162894, 0.10077597480267286, 0.08110861107707024, 0.08112902799621224, 0.07832289417274296]
3 0.474 [0.12819507787935436, 0.09711271012201905, 0.08370261103846133, 0.08355813194066286, 0.0807984049897641]
2 0.492 [0.13102022092789412, 0.10135789983905852, 0.0847704189363867, 0.08470078301616013, 0.09029414597898722]
2026-04-21 11:07:47.722152 Sync done -> model run start
2026-04-21 11:07:47.727296 Sync done -> model run start
2026-04-21 11:07:47.733262 Sync done -> model run start
2026-04-21 11:07:47.752613 Sync done -> model run start
1 0.425 [0.08512864611111581, 0.09228408499620855, 0.08267589611932635, 0.08073231088928878, 0.0840628701262176]
2 0.414 [0.08950638887472451, 0.08921409794129431, 0.0780465928837657, 0.0754045220091939, 0.08144788187928498]
0 0.425 [0.0948370429687202, 0.08974060602486134, 0.07890252699144185, 0.0806769470218569, 0.0804717920254916]
3 0.504 [0.10908942902460694, 0.13872523978352547, 0.0824611580464989, 0.09141283784992993, 0.08235006500035524]
2026-04-21 11:07:53.834215 Sync done -> model run start
2026-04-21 11:07:53.848911 Sync done -> model run start
2026-04-21 11:07:53.855361 Sync done -> model run start
2026-04-21 11:07:53.905571 Sync done -> model run start
0 0.38 [0.07391411089338362, 0.08788087498396635, 0.06767590902745724, 0.07405999605543911, 0.07614529994316399]
2 0.393 [0.07735826284624636, 0.09018159401603043, 0.0736594251357019, 0.07349421712569892, 0.0780951869674027]
3 0.423 [0.09130351594649255, 0.07924830703996122, 0.07986788800917566, 0.08137006894685328, 0.09088867390528321]
1 0.489 [0.14743853616528213, 0.10694131418131292, 0.07296645897440612, 0.08331646700389683, 0.07813763502053916]
2026-04-21 11:07:59.831920 Sync done -> model run start
2026-04-21 11:07:59.840522 Sync done -> model run start
2026-04-21 11:07:59.854140 Sync done -> model run start
2026-04-21 11:07:59.861068 Sync done -> model run start
1 0.398 [0.08474536682479084, 0.0869941080454737, 0.07885596505366266, 0.07147844508290291, 0.0755556661169976]
2 0.396 [0.09294090513139963, 0.08934951387345791, 0.0689302789978683, 0.07096526981331408, 0.07335270685143769]
3 0.399 [0.09426501393318176, 0.09083846607245505, 0.06700263102538884, 0.07041683397255838, 0.07603644602932036]
0 0.482 [0.08380860090255737, 0.12229926884174347, 0.10010150005109608, 0.07200563000515103, 0.10377851501107216]
2026-04-21 11:08:05.848012 Sync done -> model run start
2026-04-21 11:08:05.858530 Sync done -> model run start
2026-04-21 11:08:05.862641 Sync done -> model run start
2026-04-21 11:08:05.877354 Sync done -> model run start
2 0.405 [0.08862305898219347, 0.09118106891401112, 0.07280078297480941, 0.08005101303569973, 0.07211495214141905]
0 0.406 [0.08750577201135457, 0.09022987494245172, 0.07228276506066322, 0.08085163380019367, 0.07469363906420767]
3 0.489 [0.09343746514059603, 0.09747390612028539, 0.1148890929762274, 0.10349867306649685, 0.079677889123559]
2026-04-21 11:08:11.855233 Sync done -> model run start
2026-04-21 11:08:11.861587 Sync done -> model run start
2026-04-21 11:08:11.868543 Sync done -> model run start
2026-04-21 11:08:11.877102 Sync done -> model run start
1 0.41 [0.08779696910642087, 0.0927066351287067, 0.07831560308113694, 0.07467223308049142, 0.0760209250729531]
2 0.407 [0.09428225411102176, 0.09254002221859992, 0.07552040694281459, 0.0712894347961992, 0.0728695320431143]
3 0.415 [0.09617162006907165, 0.09250835492275655, 0.07773742801509798, 0.06894137198105454, 0.07961028604768217]
0 0.491 [0.08791868691332638, 0.09588297619484365, 0.09072305005975068, 0.10185039904899895, 0.11436341796070337]
2026-04-21 11:08:17.925419 Sync done -> model run start
2026-04-21 11:08:17.931620 Sync done -> model run start
2026-04-21 11:08:17.940766 Sync done -> model run start
2026-04-21 11:08:17.951940 Sync done -> model run start
1 0.407 [0.08793410402722657, 0.09158643195405602, 0.07722300291061401, 0.07394312205724418, 0.07613894599489868]
0 0.407 [0.08282548002898693, 0.08956539910286665, 0.07822591601870954, 0.07922611990943551, 0.07705967081710696]
2 0.409 [0.09290689509361982, 0.0905881030485034, 0.07153521501459181, 0.07394171599298716, 0.08005387708544731]
3 0.481 [0.09405970317311585, 0.0896773780696094, 0.0814513189252466, 0.09859525598585606, 0.1174617379438132]
2026-04-21 11:08:23.950385 Sync done -> model run start
2026-04-21 11:08:23.955978 Sync done -> model run start
2026-04-21 11:08:23.966325 Sync done -> model run start
2026-04-21 11:08:23.972491 Sync done -> model run start
2 0.407 [0.09466662793420255, 0.09138205787166953, 0.07610670593567193, 0.07326098904013634, 0.07158271502703428]
3 0.418 [0.09609156893566251, 0.09215330495499074, 0.07717571198008955, 0.07674967288039625, 0.07543811504729092]
1 0.468 [0.08749936590902507, 0.09363501705229282, 0.07905153790488839, 0.08644275600090623, 0.12075427593663335]
0 0.416 [0.08563536312431097, 0.0957759979646653, 0.07912721391767263, 0.07350103999488056, 0.08145923586562276]
2026-04-21 11:08:29.990073 Sync done -> model run start
2026-04-21 11:08:29.991157 Sync done -> model run start
2026-04-21 11:08:30.004885 Sync done -> model run start
2026-04-21 11:08:30.014666 Sync done -> model run start
0 0.4 [0.08515567798167467, 0.09265611483715475, 0.07844117586500943, 0.07408572593703866, 0.06982485903427005]
2 0.422 [0.09493803209625185, 0.0928455931134522, 0.07671311101876199, 0.07755206385627389, 0.07924455683678389]
1 0.429 [0.08390745404176414, 0.09265554184094071, 0.07844117609784007, 0.07405593409202993, 0.09938311809673905]
3 0.421 [0.09637912013567984, 0.0911490898579359, 0.07571676094084978, 0.07599540404044092, 0.08139048609882593]
2026-04-21 11:08:35.999443 Sync done -> model run start
2026-04-21 11:08:36.006930 Sync done -> model run start
2026-04-21 11:08:36.014248 Sync done -> model run start
2026-04-21 11:08:36.021703 Sync done -> model run start
1 0.417 [0.0884354030713439, 0.0914821089245379, 0.07728513912297785, 0.07840690505690873, 0.08077262411825359]
2 0.418 [0.09510422893799841, 0.09149960987269878, 0.07543447008356452, 0.07669743290171027, 0.07934377598576248]
3 0.426 [0.09653755719773471, 0.09103945619426668, 0.07509983493946493, 0.07696118205785751, 0.08588077896274626]
0 0.416 [0.08290219819173217, 0.09394584991969168, 0.07798164593987167, 0.07930403598584235, 0.08161762007512152]
2026-04-21 11:08:41.942074 Sync done -> model run start
net_times: [[0.0, 5.682, 0, 3211264], [0.0, 5.298, 0, 3211264], [0.0, 5.201, 0, 3211264], [0.0, 5.221, 0, 3211264], [0.0, 5.211, 0, 3211264], [0.0, 5.261, 0, 3211264], [0.0, 5.226, 0, 3211264], [0.0, 5.237, 0, 3211264], [0.0, 5.211, 0, 3211264], [0.0, 5.223, 0, 3211264]]
echo 'race4fun' | sudo -S sh -c 'journalctl --since "2026-04-21 11:07:40.767978" --until "2026-04-21 11:08:41.942074" -k -o short-iso '| grep -i -E 'throttle|throttled|thermal|cpufreq|under-voltage|voltage'
