ALL SYNC
2026-04-21 11:07:53.690269 Sync done -> model run start
2026-04-21 11:07:53.690269 Sync done -> model run start
2026-04-21 11:07:53.690495 Sync done -> model run start
2026-04-21 11:07:53.690269 Sync done -> model run start
2 1.691 [0.3635358561296016, 0.3373740289825946, 0.3529717291239649, 0.3188692550174892, 0.31825149711221457]
1 1.695 [0.36354059516452253, 0.33737116400152445, 0.3554791670758277, 0.31927961809560657, 0.31913571199402213]
3 1.702 [0.36354023101739585, 0.33737168507650495, 0.3595623290166259, 0.32070815400220454, 0.32044992595911026]
0 1.741 [0.36354137607850134, 0.3373713199980557, 0.4024318540468812, 0.3206339350435883, 0.3171338450629264]
2026-04-21 11:07:58.336215 Sync done -> model run start
2026-04-21 11:07:58.336209 Sync done -> model run start
2026-04-21 11:07:58.343537 Sync done -> model run start
2026-04-21 11:07:58.378081 Sync done -> model run start
1 1.618 [0.32863645697943866, 0.3221425761003047, 0.3228678849991411, 0.3222807520069182, 0.3223554389551282]
2 1.614 [0.3260899039451033, 0.32061685202643275, 0.3219592939130962, 0.3223791888449341, 0.32227767910808325]
3 1.662 [0.3395689681638032, 0.3209926320705563, 0.3217377329710871, 0.3673883411101997, 0.3124847989529371]
0 1.618 [0.32863458222709596, 0.3221432529389858, 0.3228679900057614, 0.322280959924683, 0.3223550219554454]
2026-04-21 11:08:04.363323 Sync done -> model run start
2026-04-21 11:08:04.367178 Sync done -> model run start
2026-04-21 11:08:04.375544 Sync done -> model run start
2026-04-21 11:08:04.390163 Sync done -> model run start
0 1.629 [0.32702963915653527, 0.3183420679997653, 0.3189775859937072, 0.3326298261526972, 0.33160910103470087]
1 1.627 [0.3267273490782827, 0.31825946387834847, 0.3186235779430717, 0.3306874898262322, 0.33216722402721643]
2 1.626 [0.32499188696965575, 0.31829613097943366, 0.31802378804422915, 0.3380132429301739, 0.32610281906090677]
3 1.684 [0.3583349890541285, 0.31834248383529484, 0.31751128984615207, 0.3784400678705424, 0.3112766779959202]
2026-04-21 11:08:10.444670 Sync done -> model run start
2026-04-21 11:08:10.449203 Sync done -> model run start
2026-04-21 11:08:10.449203 Sync done -> model run start
2026-04-21 11:08:10.453911 Sync done -> model run start
1 1.617 [0.3217942928895354, 0.34142468706704676, 0.3186637330800295, 0.3174847790505737, 0.3178318610880524]
0 1.656 [0.35821717604994774, 0.3449698821641505, 0.3182192030362785, 0.317822746001184, 0.3165611361619085]
3 1.613 [0.32220944785512984, 0.3354234609287232, 0.31876050285063684, 0.317988890921697, 0.3186957121361047]
2 1.667 [0.3216437210794538, 0.34387530316598713, 0.31896982504986227, 0.3534041200764477, 0.32913436996750534]
2026-04-21 11:08:16.379484 Sync done -> model run start
2026-04-21 11:08:16.382403 Sync done -> model run start
2026-04-21 11:08:16.388099 Sync done -> model run start
2026-04-21 11:08:16.393552 Sync done -> model run start
1 1.595 [0.3245039698667824, 0.31873279390856624, 0.317594412015751, 0.31743248691782355, 0.3167511869687587]
2 1.595 [0.3235365250147879, 0.3182260252069682, 0.3178198279347271, 0.3174681628588587, 0.31753628700971603]
3 1.597 [0.32418235717341304, 0.31878044991753995, 0.3181626920122653, 0.3178171201143414, 0.3175847250968218]
0 1.677 [0.3703934829682112, 0.3179670670069754, 0.3171490500681102, 0.3175122251268476, 0.35415526293218136]
2026-04-21 11:08:22.508412 Sync done -> model run start
2026-04-21 11:08:22.513693 Sync done -> model run start
2026-04-21 11:08:22.516009 Sync done -> model run start
2026-04-21 11:08:22.521277 Sync done -> model run start
1 1.594 [0.32242408115416765, 0.3187762820161879, 0.31704113190062344, 0.3180443060118705, 0.3179537341929972]
2 1.598 [0.32349064014852047, 0.3185684191994369, 0.31806894089095294, 0.3182081070262939, 0.31904414598830044]
3 1.596 [0.3227248608600348, 0.31846628384664655, 0.3177346191368997, 0.31807258701883256, 0.3187495628371835]
0 1.683 [0.3683260940015316, 0.31818060693331063, 0.31812539999373257, 0.32757807103917, 0.3509900129865855]
2026-04-21 11:08:28.545146 Sync done -> model run start
2026-04-21 11:08:28.551297 Sync done -> model run start
2026-04-21 11:08:28.554027 Sync done -> model run start
2026-04-21 11:08:28.560006 Sync done -> model run start
1 1.605 [0.3319410749245435, 0.3193211748730391, 0.3181564921978861, 0.31769717088900506, 0.31816935702227056]
2 1.61 [0.33748881495557725, 0.3192275301553309, 0.3179583160672337, 0.3173663909547031, 0.31763576506637037]
3 1.609 [0.33407835895195603, 0.31953336182050407, 0.3182050338946283, 0.31779888994060457, 0.319088103948161]
0 1.691 [0.37444060086272657, 0.3187754477839917, 0.3182523250579834, 0.31994080799631774, 0.35937201185151935]
2026-04-21 11:08:34.600778 Sync done -> model run start
2026-04-21 11:08:34.604659 Sync done -> model run start
2026-04-21 11:08:34.608313 Sync done -> model run start
2026-04-21 11:08:34.614957 Sync done -> model run start
1 1.593 [0.3212787189986557, 0.31891935295425355, 0.3177844618912786, 0.3177900870796293, 0.31752514000982046]
2 1.595 [0.3227464221417904, 0.3188746660016477, 0.31776253413408995, 0.31763722212053835, 0.31825487595051527]
3 1.599 [0.32242225599475205, 0.3187319051939994, 0.3177070659585297, 0.3182525841984898, 0.32152496790513396]
0 1.677 [0.3670431789942086, 0.31833508401177824, 0.3172946709673852, 0.3176088889595121, 0.3566941558383405]
2026-04-21 11:08:40.525784 Sync done -> model run start
2026-04-21 11:08:40.528915 Sync done -> model run start
2026-04-21 11:08:40.531976 Sync done -> model run start
2026-04-21 11:08:40.538944 Sync done -> model run start
2 1.624 [0.3504207939840853, 0.31861643702723086, 0.3179249810054898, 0.31779956514947116, 0.31906846608035266]
0 1.625 [0.35249615111388266, 0.3184065939858556, 0.31717696296982467, 0.3178573250770569, 0.31865758216008544]
3 1.629 [0.3547092671506107, 0.31867919606156647, 0.3182234698906541, 0.31790347094647586, 0.31887971702963114]
1 1.71 [0.3661581298802048, 0.3462468518409878, 0.31793992896564305, 0.3181575839407742, 0.3612107518129051]
2026-04-21 11:08:46.683689 Sync done -> model run start
2026-04-21 11:08:46.689579 Sync done -> model run start
2026-04-21 11:08:46.692993 Sync done -> model run start
2026-04-21 11:08:46.700677 Sync done -> model run start
0 1.6 [0.3223994430154562, 0.3204056480899453, 0.3185329989064485, 0.31914221518673, 0.31949643208645284]
2 1.614 [0.3290290520526469, 0.32306527299806476, 0.3225719411857426, 0.3205608557909727, 0.3185486230067909]
3 1.606 [0.3225929830223322, 0.3191690898966044, 0.31770591903477907, 0.3203846060205251, 0.32625916693359613]
1 1.682 [0.3549685359466821, 0.3328691420610994, 0.31788060488179326, 0.31853424781002104, 0.35765159921720624]
2026-04-21 11:08:48.536414 Sync done -> model run start
net_times: [[11.02, 0.096, 401408, 100352], [2.441, 0.085, 401408, 100352], [3.866, 0.101, 401408, 100352], [3.889, 0.101, 401408, 100352], [3.778, 0.099, 401408, 100352], [3.989, 0.098, 401408, 100352], [3.866, 0.099, 401408, 100352], [3.893, 0.099, 401408, 100352], [3.783, 0.103, 401408, 100352], [3.972, 0.1, 401408, 100352]]
echo 'race4fun' | sudo -S sh -c 'journalctl --since "2026-04-21 11:07:41.790300" --until "2026-04-21 11:08:48.536414" -k -o short-iso '| grep -i -E 'throttle|throttled|thermal|cpufreq|under-voltage|voltage'
