ALL SYNC
2026-04-21 06:44:04.797972 Sync done -> model run start
2026-04-21 06:44:04.797972 Sync done -> model run start
2026-04-21 06:44:04.797972 Sync done -> model run start
2026-04-21 06:44:04.801984 Sync done -> model run start
2 0.029 [0.029089832911267877]
3 0.037 [0.037124511087313294]
0 0.037 [0.036469100043177605]
1 0.029 [0.029090197989717126]
2026-04-21 06:44:05.324906 Sync done -> model run start
2026-04-21 06:44:05.372157 Sync done -> model run start
2026-04-21 06:44:05.425984 Sync done -> model run start
2026-04-21 06:44:05.474300 Sync done -> model run start
0 0.024 [0.023226439021527767]
1 0.023 [0.022315872833132744]
2 0.017 [0.016540655866265297]
3 0.011 [0.011009969050064683]
2026-04-21 06:44:06.758499 Sync done -> model run start
2026-04-21 06:44:06.805561 Sync done -> model run start
2026-04-21 06:44:06.872087 Sync done -> model run start
2026-04-21 06:44:06.907537 Sync done -> model run start
0 0.022 [0.021944781998172402]
1 0.017 [0.01724320393987]
2 0.015 [0.015155926812440157]
3 0.011 [0.010763981146737933]
2026-04-21 06:44:08.282983 Sync done -> model run start
2026-04-21 06:44:08.332412 Sync done -> model run start
2026-04-21 06:44:08.383254 Sync done -> model run start
2026-04-21 06:44:08.425011 Sync done -> model run start
0 0.023 [0.022990608122199774]
1 0.022 [0.02226040489040315]
2 0.015 [0.014867856865748763]
3 0.011 [0.010439088102430105]
2026-04-21 06:44:10.911727 Sync done -> model run start
2026-04-21 06:44:10.964042 Sync done -> model run start
2026-04-21 06:44:11.009748 Sync done -> model run start
2026-04-21 06:44:11.053012 Sync done -> model run start
0 0.023 [0.022589048137888312]
1 0.022 [0.02120150695554912]
2 0.016 [0.016153940930962563]
3 0.011 [0.010729501955211163]
2026-04-21 06:44:11.493258 Sync done -> model run start
net_times: [[0.265, 0.137, 12845056, 4581], [0.101, 0.978, 12845056, 4581], [0.081, 1.055, 12845056, 24046], [0.085, 0.944, 12845056, 70663], [1.295, 0.336, 12845056, 227334]]
echo 'race4fun' | sudo -S sh -c 'journalctl --since "2026-04-21 06:44:04.056382" --until "2026-04-21 06:44:11.493258" -k -o short-iso '| grep -i -E 'throttle|throttled|thermal|cpufreq|under-voltage|voltage'
