ALL SYNC
2026-04-21 06:44:07.299700 Sync done -> model run start
2026-04-21 06:44:07.299693 Sync done -> model run start
2026-04-21 06:44:07.299694 Sync done -> model run start
2026-04-21 06:44:07.299694 Sync done -> model run start
1 0.369 [0.3686318350955844]
2 0.369 [0.36838433612138033]
3 0.369 [0.3686258979141712]
0 0.4 [0.3995472870301455]
2026-04-21 06:44:08.270436 Sync done -> model run start
2026-04-21 06:44:08.279591 Sync done -> model run start
2026-04-21 06:44:08.285616 Sync done -> model run start
2026-04-21 06:44:08.292360 Sync done -> model run start
1 0.328 [0.3279974120669067]
2 0.323 [0.3232060761656612]
3 0.323 [0.3224280059803277]
2026-04-21 06:44:09.608020 Sync done -> model run start
2026-04-21 06:44:09.611421 Sync done -> model run start
2026-04-21 06:44:09.619916 Sync done -> model run start
2026-04-21 06:44:09.664538 Sync done -> model run start
0 0.325 [0.32527539087459445]
1 0.325 [0.324881121981889]
2 0.326 [0.3262199710588902]
3 0.319 [0.3187184368725866]
2026-04-21 06:44:11.356961 Sync done -> model run start
2026-04-21 06:44:11.361208 Sync done -> model run start
2026-04-21 06:44:11.369115 Sync done -> model run start
2026-04-21 06:44:11.373581 Sync done -> model run start
0 0.322 [0.32229201681911945]
1 0.322 [0.32198295602574944]
2 0.322 [0.32163800904527307]
3 0.323 [0.32301524421200156]
2026-04-21 06:44:13.660946 Sync done -> model run start
2026-04-21 06:44:13.662108 Sync done -> model run start
2026-04-21 06:44:13.670528 Sync done -> model run start
2026-04-21 06:44:13.679832 Sync done -> model run start
1 0.323 [0.3227644111029804]
0 0.329 [0.32913459395058453]
2 0.323 [0.3230777960270643]
3 0.323 [0.32328847190365195]
2026-04-21 06:44:14.384608 Sync done -> model run start
net_times: [[2.41, 0.192, 1605632, 99176], [0.014, 0.194, 1605632, 99176], [0.459, 0.27, 1605632, 126974], [0.776, 0.238, 1605632, 126868], [1.402, 0.301, 1605632, 163277]]
echo 'race4fun' | sudo -S sh -c 'journalctl --since "2026-04-21 06:44:04.055510" --until "2026-04-21 06:44:14.384608" -k -o short-iso '| grep -i -E 'throttle|throttled|thermal|cpufreq|under-voltage|voltage'
