ALL SYNC
2026-04-21 06:43:18.885567 Sync done -> model run start
2026-04-21 06:43:18.885567 Sync done -> model run start
2026-04-21 06:43:18.885572 Sync done -> model run start
2026-04-21 06:43:18.885568 Sync done -> model run start
3 0.434 [0.4339678389951587]
2 0.434 [0.4339680471457541]
0 0.434 [0.4339699218980968]
2026-04-21 06:43:19.822619 Sync done -> model run start
2026-04-21 06:43:19.828484 Sync done -> model run start
2026-04-21 06:43:19.855537 Sync done -> model run start
2026-04-21 06:43:19.861061 Sync done -> model run start
0 0.333 [0.3329893909394741]
1 0.338 [0.33795166201889515]
2 0.342 [0.34157388703897595]
3 0.347 [0.3472032400313765]
2026-04-21 06:43:21.445850 Sync done -> model run start
2026-04-21 06:43:21.453290 Sync done -> model run start
2026-04-21 06:43:21.462953 Sync done -> model run start
2026-04-21 06:43:21.472219 Sync done -> model run start
0 0.333 [0.3332593890372664]
2 0.345 [0.3448474679607898]
3 0.36 [0.3602925620507449]
1 0.336 [0.33610745100304484]
2026-04-21 06:43:25.205419 Sync done -> model run start
2026-04-21 06:43:25.215974 Sync done -> model run start
2026-04-21 06:43:25.227807 Sync done -> model run start
2026-04-21 06:43:25.234218 Sync done -> model run start
0 0.342 [0.341692219953984]
1 0.343 [0.3430193499661982]
3 0.349 [0.3490338050760329]
2 0.387 [0.3865983940195292]
2026-04-21 06:43:30.430285 Sync done -> model run start
2026-04-21 06:43:30.430271 Sync done -> model run start
2026-04-21 06:43:30.440011 Sync done -> model run start
2026-04-21 06:43:30.451941 Sync done -> model run start
1 0.34 [0.33964800904504955]
2 0.341 [0.3402543088886887]
3 0.348 [0.34744537295773625]
0 0.391 [0.39091603201813996]
2026-04-21 06:43:35.051797 Sync done -> model run start
net_times: [[0.0, 0.286, 0, 89359], [0.0, 1.058, 0, 89359], [0.0, 3.156, 0, 1721154], [0.0, 4.589, 0, 2271835], [0.0, 4.138, 0, 2276399]]
echo 'race4fun' | sudo -S sh -c 'journalctl --since "2026-04-21 06:43:18.460341" --until "2026-04-21 06:43:35.051797" -k -o short-iso '| grep -i -E 'throttle|throttled|thermal|cpufreq|under-voltage|voltage'
