ALL SYNC
2026-04-21 06:44:08.344701 Sync done -> model run start
2026-04-21 06:44:08.344701 Sync done -> model run start
2026-04-21 06:44:08.344701 Sync done -> model run start
2026-04-21 06:44:08.345264 Sync done -> model run start
2 0.039 [0.03854857012629509]
0 0.039 [0.039146848022937775]
3 0.039 [0.03915273305028677]
1 0.041 [0.040076113073155284]
2026-04-21 06:44:08.944050 Sync done -> model run start
2026-04-21 06:44:08.948933 Sync done -> model run start
2026-04-21 06:44:08.951373 Sync done -> model run start
2026-04-21 06:44:08.961385 Sync done -> model run start
0 0.006 [0.0058248089626431465]
2 0.005 [0.005195125006139278]
3 0.005 [0.004613304976373911]
1 0.003 [0.00299935694783926]
2026-04-21 06:44:10.387454 Sync done -> model run start
2026-04-21 06:44:10.387453 Sync done -> model run start
2026-04-21 06:44:10.395239 Sync done -> model run start
2026-04-21 06:44:10.398314 Sync done -> model run start
0 0.007 [0.006809593876823783]
1 0.007 [0.006809646030887961]
2 0.007 [0.006438398035243154]
3 0.005 [0.005227781133726239]
2026-04-21 06:44:12.042362 Sync done -> model run start
2026-04-21 06:44:12.043187 Sync done -> model run start
2026-04-21 06:44:12.049332 Sync done -> model run start
2026-04-21 06:44:12.051836 Sync done -> model run start
1 0.006 [0.005857568932697177]
0 0.006 [0.005980744957923889]
2 0.005 [0.005194499855861068]
3 0.004 [0.004153151996433735]
2026-04-21 06:44:14.417908 Sync done -> model run start
2026-04-21 06:44:14.419268 Sync done -> model run start
2026-04-21 06:44:14.427172 Sync done -> model run start
2026-04-21 06:44:14.429313 Sync done -> model run start
0 0.006 [0.005967464065179229]
1 0.006 [0.0057040799874812365]
2 0.005 [0.004410234047099948]
3 0.004 [0.003511488903313875]
2026-04-21 06:44:14.503048 Sync done -> model run start
net_times: [[3.875, 0.0, 401408, 0], [0.412, 0.0, 401408, 0], [1.264, 0.0, 401408, 0], [1.488, 0.0, 401408, 0], [2.224, 0.0, 401408, 0]]
echo 'race4fun' | sudo -S sh -c 'journalctl --since "2026-04-21 06:44:04.057689" --until "2026-04-21 06:44:14.503048" -k -o short-iso '| grep -i -E 'throttle|throttled|thermal|cpufreq|under-voltage|voltage'
