ALL SYNC
2026-04-21 06:44:05.539364 Sync done -> model run start
2026-04-21 06:44:05.539352 Sync done -> model run start
2026-04-21 06:44:05.539352 Sync done -> model run start
2026-04-21 06:44:05.539620 Sync done -> model run start
3 0.462 [0.46192876691929996]
2 0.462 [0.4619290269911289]
0 0.475 [0.4746051230467856]
1 0.506 [0.5060408290009946]
2026-04-21 06:44:06.628044 Sync done -> model run start
2026-04-21 06:44:06.639284 Sync done -> model run start
2026-04-21 06:44:06.650885 Sync done -> model run start
2026-04-21 06:44:06.663644 Sync done -> model run start
1 0.408 [0.4077512251678854]
2 0.409 [0.40859023202210665]
3 0.411 [0.41113100200891495]
0 0.462 [0.4613546549808234]
2026-04-21 06:44:08.147809 Sync done -> model run start
2026-04-21 06:44:08.159375 Sync done -> model run start
2026-04-21 06:44:08.180850 Sync done -> model run start
2026-04-21 06:44:08.200975 Sync done -> model run start
0 0.412 [0.4122907379642129]
1 0.419 [0.419199668103829]
3 0.418 [0.41814613016322255]
2 0.418 [0.4183749828953296]
2026-04-21 06:44:09.540374 Sync done -> model run start
2026-04-21 06:44:09.550377 Sync done -> model run start
2026-04-21 06:44:09.562547 Sync done -> model run start
2026-04-21 06:44:09.573791 Sync done -> model run start
0 0.404 [0.4042242590803653]
1 0.412 [0.4116852709557861]
2 0.407 [0.4068328950088471]
3 0.411 [0.41098970104940236]
2026-04-21 06:44:11.564513 Sync done -> model run start
2026-04-21 06:44:11.574928 Sync done -> model run start
2026-04-21 06:44:11.587448 Sync done -> model run start
2026-04-21 06:44:11.597751 Sync done -> model run start
0 0.415 [0.4151780689135194]
2 0.421 [0.42111502494663]
3 0.419 [0.4185733678750694]
1 0.463 [0.4625979829579592]
2026-04-21 06:44:13.446699 Sync done -> model run start
net_times: [[1.014, 0.371, 3211264, 161952], [0.022, 0.835, 3211264, 161952], [0.02, 0.711, 3211264, 370531], [0.021, 1.074, 3211264, 584019], [0.306, 1.332, 3211264, 739503]]
echo 'race4fun' | sudo -S sh -c 'journalctl --since "2026-04-21 06:44:04.056980" --until "2026-04-21 06:44:13.446699" -k -o short-iso '| grep -i -E 'throttle|throttled|thermal|cpufreq|under-voltage|voltage'
