ALL SYNC
2026-04-21 06:43:20.623888 Sync done -> model run start
2026-04-21 06:43:20.623888 Sync done -> model run start
2026-04-21 06:43:20.623911 Sync done -> model run start
2026-04-21 06:43:20.623888 Sync done -> model run start
2 0.585 [0.5846114039886743]
0 0.585 [0.5846118209883571]
3 0.594 [0.5938202219549567]
1 0.609 [0.6087307368870825]
2026-04-21 06:43:21.612599 Sync done -> model run start
2026-04-21 06:43:21.621296 Sync done -> model run start
2026-04-21 06:43:21.627947 Sync done -> model run start
2026-04-21 06:43:21.638689 Sync done -> model run start
1 0.492 [0.4913784370291978]
2 0.493 [0.4933831680100411]
3 0.493 [0.4930024400819093]
0 0.512 [0.511745440075174]
2026-04-21 06:43:25.330399 Sync done -> model run start
2026-04-21 06:43:25.340657 Sync done -> model run start
2026-04-21 06:43:25.349108 Sync done -> model run start
2026-04-21 06:43:25.365103 Sync done -> model run start
3 0.49 [0.490306826075539]
2 0.536 [0.5354039929807186]
0 0.495 [0.4942925919312984]
2026-04-21 06:43:30.545168 Sync done -> model run start
2026-04-21 06:43:30.551362 Sync done -> model run start
2026-04-21 06:43:30.560188 Sync done -> model run start
2026-04-21 06:43:30.582961 Sync done -> model run start
1 0.496 [0.4959754499141127]
2 0.497 [0.49730810103937984]
3 0.525 [0.5249439300969243]
0 0.494 [0.49375113588757813]
2026-04-21 06:43:35.331805 Sync done -> model run start
2026-04-21 06:43:35.335713 Sync done -> model run start
2026-04-21 06:43:35.344504 Sync done -> model run start
2026-04-21 06:43:35.355801 Sync done -> model run start
0 0.504 [0.5033759940415621]
1 0.5 [0.5000093930866569]
2 0.498 [0.49807580607011914]
3 0.534 [0.5343466540798545]
2026-04-21 06:43:35.966936 Sync done -> model run start
net_times: [[0.245, 0.0, 3211264, 0], [0.022, 0.0, 3211264, 0], [2.839, 0.0, 3211264, 0], [4.295, 0.0, 3211264, 0], [3.823, 0.0, 3211264, 0]]
echo 'race4fun' | sudo -S sh -c 'journalctl --since "2026-04-21 06:43:19.462524" --until "2026-04-21 06:43:35.966936" -k -o short-iso '| grep -i -E 'throttle|throttled|thermal|cpufreq|under-voltage|voltage'
