ALL SYNC
2026-04-21 06:44:03.486618 Sync done -> model run start
2026-04-21 06:44:03.486618 Sync done -> model run start
2026-04-21 06:44:03.486618 Sync done -> model run start
2026-04-21 06:44:03.486618 Sync done -> model run start
2 0.129 [0.12873847503215075]
3 0.129 [0.12873852695338428]
0 0.129 [0.12873805896379054]
1 0.129 [0.12873837095685303]
2026-04-21 06:44:04.441471 Sync done -> model run start
2026-04-21 06:44:04.445673 Sync done -> model run start
2026-04-21 06:44:04.455426 Sync done -> model run start
2026-04-21 06:44:04.463496 Sync done -> model run start
0 0.088 [0.08749901689589024]
1 0.088 [0.08777130907401443]
2 0.101 [0.10032687499187887]
3 0.112 [0.11201087897643447]
2026-04-21 06:44:05.331411 Sync done -> model run start
2026-04-21 06:44:05.336965 Sync done -> model run start
2026-04-21 06:44:05.346126 Sync done -> model run start
2026-04-21 06:44:05.353440 Sync done -> model run start
0 0.087 [0.08708849595859647]
1 0.089 [0.08840193296782672]
2 0.101 [0.10040312400087714]
3 0.11 [0.1099702559877187]
2026-04-21 06:44:06.760145 Sync done -> model run start
2026-04-21 06:44:06.770321 Sync done -> model run start
2026-04-21 06:44:06.778951 Sync done -> model run start
2026-04-21 06:44:06.786135 Sync done -> model run start
0 0.08 [0.08005980192683637]
1 0.089 [0.08872318197973073]
2 0.101 [0.10056578111834824]
3 0.114 [0.11351118981838226]
2026-04-21 06:44:08.287987 Sync done -> model run start
2026-04-21 06:44:08.293460 Sync done -> model run start
2026-04-21 06:44:08.305722 Sync done -> model run start
2026-04-21 06:44:08.313594 Sync done -> model run start
0 0.093 [0.09277354506775737]
1 0.094 [0.09382182499393821]
2 0.106 [0.10541119403205812]
3 0.11 [0.11016395199112594]
2026-04-21 06:44:10.834968 Sync done -> model run start
net_times: [[0.0, 0.448, 0, 13923], [0.0, 0.435, 0, 13923], [0.0, 0.956, 0, 71969], [0.0, 1.063, 0, 258269], [0.0, 2.152, 0, 984565]]
echo 'race4fun' | sudo -S sh -c 'journalctl --since "2026-04-21 06:44:03.060740" --until "2026-04-21 06:44:10.834968" -k -o short-iso '| grep -i -E 'throttle|throttled|thermal|cpufreq|under-voltage|voltage'
