ALL SYNC
2026-04-21 14:33:54.661005 Sync done -> model run start
2026-04-21 14:33:54.661007 Sync done -> model run start
2026-04-21 14:33:54.660997 Sync done -> model run start
2026-04-21 14:33:54.684751 Sync done -> model run start
1 19.58 [5.561304984847084, 3.5962467179633677, 3.4901381051167846, 3.479717985028401, 3.4528852601069957]
3 19.652 [5.539920557988808, 3.6739503650460392, 3.49267008388415, 3.4842993379570544, 3.4608041141182184]
2 19.706 [5.6039826951455325, 3.6780637509655207, 3.491656854050234, 3.4744724628981203, 3.4577708849683404]
0 20.067 [5.583172226091847, 3.6938232828397304, 3.6257495139725506, 3.6172828290145844, 3.546853280160576]
2026-04-21 14:34:18.243460 Sync done -> model run start
2026-04-21 14:34:18.243460 Sync done -> model run start
2026-04-21 14:34:18.278994 Sync done -> model run start
2026-04-21 14:34:18.335771 Sync done -> model run start
1 18.848 [3.6236727798823267, 3.6174205229617655, 3.5734911838080734, 4.011443611001596, 4.0217029131017625]
2 18.941 [3.628272988134995, 3.6107818770688027, 3.5811868601012975, 4.228523608064279, 3.891846821177751]
0 19.026 [3.6301120510324836, 3.6106372410431504, 3.5739380070008337, 4.091943142004311, 4.119323535822332]
3 19.453 [3.7871719980612397, 3.7385897401254624, 3.7208002430852503, 4.673129538074136, 3.5333601040765643]
2026-04-21 14:34:41.135533 Sync done -> model run start
2026-04-21 14:34:41.135461 Sync done -> model run start
2026-04-21 14:34:41.156193 Sync done -> model run start
2026-04-21 14:34:41.194457 Sync done -> model run start
1 18.195 [4.30922843888402, 3.4956899529788643, 3.4509324389509857, 3.4746521119959652, 3.4642589199356735]
2 18.272 [4.3526395838707685, 3.508071149000898, 3.456133375875652, 3.4711821631062776, 3.48386522103101]
0 18.322 [4.432410935871303, 3.5066025028936565, 3.4615777512080967, 3.463369715027511, 3.4573777741752565]
3 18.797 [4.466688642045483, 3.6456946870312095, 3.5838956621009856, 3.5936241359449923, 3.5067947490606457]
2026-04-21 14:35:03.334783 Sync done -> model run start
2026-04-21 14:35:03.334778 Sync done -> model run start
2026-04-21 14:35:03.355512 Sync done -> model run start
2026-04-21 14:35:03.441465 Sync done -> model run start
0 19.193 [3.613955704960972, 3.5901240250095725, 3.518994639161974, 4.276156346080825, 4.193424144061282]
2 19.228 [3.6396457040682435, 3.6061737099662423, 3.527873076032847, 4.248399316100404, 4.2059001319576055]
1 19.401 [3.613955548964441, 3.593902877997607, 3.5189893790520728, 4.365812381962314, 4.307941427221522]
3 19.623 [3.77069350797683, 3.713048964040354, 3.6514576501213014, 4.345162953948602, 4.142863206798211]
2026-04-21 14:35:26.418357 Sync done -> model run start
2026-04-21 14:35:26.437268 Sync done -> model run start
2026-04-21 14:35:26.437723 Sync done -> model run start
2026-04-21 14:35:26.524810 Sync done -> model run start
0 18.874 [4.717395626939833, 3.6037773098796606, 3.522334387060255, 3.472850990947336, 3.5576669599395245]
1 19.022 [4.6964732320047915, 3.7592757870443165, 3.5211064170580357, 3.4678818248212337, 3.576750394888222]
2 18.888 [4.656074901809916, 3.6463662129826844, 3.53365313494578, 3.4790131270419806, 3.5729635211173445]
3 19.439 [4.8128258269280195, 3.7568405780475587, 3.65187343605794, 3.6331905589904636, 3.5842644029762596]
2026-04-21 14:35:48.031293 Sync done -> model run start
net_times: [[0.0, 2.088, 0, 1210368], [0.0, 1.885, 0, 1210368], [0.0, 1.863, 0, 1210368], [0.0, 1.875, 0, 1210368], [0.0, 1.941, 0, 1210368]]
echo 'race4fun' | sudo -S sh -c 'journalctl --since "2026-04-21 14:33:51.913029" --until "2026-04-21 14:35:48.031293" -k -o short-iso '| grep -i -E 'throttle|throttled|thermal|cpufreq|under-voltage|voltage'
