ALL SYNC
2026-04-21 14:37:21.456402 Sync done -> model run start
2026-04-21 14:37:21.456402 Sync done -> model run start
2026-04-21 14:37:21.456472 Sync done -> model run start
2026-04-21 14:37:21.456402 Sync done -> model run start
3 5.096 [1.150452161906287, 1.3684142851270735, 1.0258733050432056, 0.5748676951043308, 0.9760540230199695]
2 5.194 [1.220101488986984, 1.4602343291044235, 0.9112203069962561, 0.574550457065925, 1.0276399129070342]
0 5.265 [1.1534580388106406, 1.482025254983455, 0.9946739170700312, 0.5731666071806103, 1.0610204411204904]
1 5.288 [1.1504517970606685, 1.3603479019366205, 1.0539637440815568, 0.6158658571075648, 1.1072524930350482]
2026-04-21 14:37:36.121765 Sync done -> model run start
2026-04-21 14:37:36.123759 Sync done -> model run start
2026-04-21 14:37:36.149742 Sync done -> model run start
2026-04-21 14:37:36.174161 Sync done -> model run start
1 4.864 [0.6126152889337391, 0.9232553688343614, 1.168590429937467, 0.961673588026315, 1.1974450841080397]
2 4.913 [0.6135279950685799, 0.9636396251153201, 1.1400110349059105, 0.996112341992557, 1.199320807820186]
0 4.986 [0.6151982510928065, 0.9209301669616252, 1.235181433847174, 1.0310428119264543, 1.1833079899661243]
3 5.049 [0.6520651208702475, 1.1129306459333748, 1.0419889260083437, 1.1807244040537626, 1.0608869430143386]
2026-04-21 14:37:51.820905 Sync done -> model run start
2026-04-21 14:37:51.836749 Sync done -> model run start
2026-04-21 14:37:51.855365 Sync done -> model run start
2026-04-21 14:37:51.869896 Sync done -> model run start
1 3.988 [0.5992253748700023, 0.5853476030752063, 0.575869713909924, 1.0560402299743146, 1.170965881086886]
0 4.022 [0.6020027101039886, 0.5874121279921383, 0.5765320560894907, 1.1056372709572315, 1.1504321380052716]
3 4.089 [0.5962987160310149, 0.5859179140534252, 0.5786034041084349, 1.3287085429765284, 0.9996128419879824]
2 4.134 [0.6436337339691818, 0.5873224409297109, 0.6226287430617958, 1.231211120961234, 1.0489189468789846]
2026-04-21 14:38:07.030420 Sync done -> model run start
2026-04-21 14:38:07.051974 Sync done -> model run start
2026-04-21 14:38:07.058435 Sync done -> model run start
2026-04-21 14:38:07.076811 Sync done -> model run start
2 4.659 [0.6081071142107248, 1.102383365156129, 0.8340819161385298, 1.0067343751434237, 1.107487672008574]
3 4.675 [0.604534676996991, 1.1462795899715275, 0.7998961310368031, 1.0375533478800207, 1.0863060150295496]
0 4.695 [0.6059673288837075, 1.1846775501035154, 0.7897164740134031, 1.0508132560644299, 1.0632023850921541]
1 4.843 [0.607220449950546, 1.2478820520918816, 0.8081287120003253, 1.1705021220259368, 1.0089033269323409]
2026-04-21 14:38:22.212366 Sync done -> model run start
2026-04-21 14:38:22.224186 Sync done -> model run start
2026-04-21 14:38:22.245865 Sync done -> model run start
2026-04-21 14:38:22.263987 Sync done -> model run start
0 4.174 [0.6169341148342937, 0.5993632809258997, 1.112814940046519, 0.8931770988274366, 0.9510399999562651]
1 4.375 [0.608241796027869, 0.5968622979708016, 1.2951605459675193, 0.7929138538893312, 1.081832217052579]
2 4.357 [0.6202465011738241, 0.6100791350472718, 1.2419649749062955, 0.7995657611172646, 1.0845142409671098]
3 4.46 [0.6513169822283089, 0.599413227988407, 1.24520418420434, 0.8098906779196113, 1.154501116834581]
2026-04-21 14:38:27.960385 Sync done -> model run start
net_times: [[46.038, 1.152, 1210368, 605184], [7.816, 1.045, 1210368, 605184], [9.135, 1.046, 1210368, 605184], [9.559, 1.045, 1210368, 605184], [8.881, 1.13, 1210368, 605184]]
echo 'race4fun' | sudo -S sh -c 'journalctl --since "2026-04-21 14:36:34.523623" --until "2026-04-21 14:38:27.960385" -k -o short-iso '| grep -i -E 'throttle|throttled|thermal|cpufreq|under-voltage|voltage'
