ALL SYNC
2026-04-21 14:37:28.452467 Sync done -> model run start
2026-04-21 14:37:28.452466 Sync done -> model run start
2026-04-21 14:37:28.452467 Sync done -> model run start
2026-04-21 14:37:28.452475 Sync done -> model run start
2 0.037 [0.02840275107882917, 0.0021314460318535566, 0.0020943109411746264, 0.0020130618941038847, 0.0020844151731580496]
0 0.037 [0.02840301184915006, 0.001892436994239688, 0.0020518109668046236, 0.0020134258083999157, 0.0020848310086876154]
3 0.037 [0.02840269892476499, 0.00214743590913713, 0.0020944660063833, 0.0020131138153374195, 0.0020858729258179665]
1 0.037 [0.02840306400321424, 0.0021528000943362713, 0.002094258088618517, 0.0020132181234657764, 0.0020845711696892977]
2026-04-21 14:37:42.435930 Sync done -> model run start
2026-04-21 14:37:42.442258 Sync done -> model run start
2026-04-21 14:37:42.452006 Sync done -> model run start
2026-04-21 14:37:42.476001 Sync done -> model run start
1 0.016 [0.007033813977614045, 0.0018002500291913748, 0.0017710309475660324, 0.001954208128154278, 0.002678422024473548]
0 0.015 [0.006947095040231943, 0.0020761340856552124, 0.0018530618399381638, 0.0019781659357249737, 0.0019851450342684984]
2 0.012 [0.006337203085422516, 0.0015077509451657534, 0.0015318139921873808, 0.0013833260163664818, 0.0011638998985290527]
3 0.008 [0.003957893932238221, 0.0014172308146953583, 0.0010674409568309784, 0.0009880149737000465, 0.0009265569970011711]
2026-04-21 14:37:57.201500 Sync done -> model run start
2026-04-21 14:37:57.210780 Sync done -> model run start
2026-04-21 14:37:57.220683 Sync done -> model run start
2026-04-21 14:37:57.231966 Sync done -> model run start
0 0.014 [0.006495067151263356, 0.0016833229456096888, 0.0017339489422738552, 0.001878479029983282, 0.001818894874304533]
1 0.014 [0.006705325096845627, 0.002497954061254859, 0.00149676320143044, 0.0015321788378059864, 0.0016385840717703104]
2 0.012 [0.005528666079044342, 0.001787958899512887, 0.001633636187762022, 0.0011478059459477663, 0.001149629009887576]
3 0.008 [0.004000861896201968, 0.001181086990982294, 0.0009681200608611107, 0.0009680150542408228, 0.0009708800353109837]
2026-04-21 14:38:13.077269 Sync done -> model run start
2026-04-21 14:38:13.084921 Sync done -> model run start
2026-04-21 14:38:13.095392 Sync done -> model run start
2026-04-21 14:38:13.106988 Sync done -> model run start
0 0.015 [0.006707564927637577, 0.001987488940358162, 0.0018522280734032393, 0.0019619669765233994, 0.0020148849580436945]
1 0.016 [0.007456884020939469, 0.002539985114708543, 0.001962697133421898, 0.001811864087358117, 0.0016551469452679157]
2 0.013 [0.006405431078746915, 0.0018172808922827244, 0.0018078540451824665, 0.001203950960189104, 0.0013345228508114815]
3 0.009 [0.004462213022634387, 0.0011996799148619175, 0.001136660110205412, 0.001083587994799018, 0.001033536158502102]
2026-04-21 14:38:28.038833 Sync done -> model run start
2026-04-21 14:38:28.043065 Sync done -> model run start
2026-04-21 14:38:28.056819 Sync done -> model run start
2026-04-21 14:38:28.065912 Sync done -> model run start
0 0.013 [0.005738663952797651, 0.001606449019163847, 0.0016572298482060432, 0.0017922811675816774, 0.0016243651043623686]
1 0.014 [0.0059678819961845875, 0.0018725928384810686, 0.0016394169069826603, 0.00215410185046494, 0.0020827490370720625]
2 0.009 [0.004222058923915029, 0.0011673371773213148, 0.0010668679606169462, 0.0011252020485699177, 0.00100915995426476]
3 0.007 [0.003299563890323043, 0.0008932759519666433, 0.0007353599648922682, 0.0007493710145354271, 0.0007362980395555496]
2026-04-21 14:38:28.129354 Sync done -> model run start
net_times: [[53.441, 0.0, 605184, 0], [13.74, 0.0, 605184, 0], [14.542, 0.0, 605184, 0], [15.652, 0.0, 605184, 0], [14.742, 0.0, 605184, 0]]
echo 'race4fun' | sudo -S sh -c 'journalctl --since "2026-04-21 14:36:34.526565" --until "2026-04-21 14:38:28.129354" -k -o short-iso '| grep -i -E 'throttle|throttled|thermal|cpufreq|under-voltage|voltage'
