ALL SYNC
2026-04-21 14:36:35.344884 Sync done -> model run start
2026-04-21 14:36:35.344878 Sync done -> model run start
2026-04-21 14:36:35.344878 Sync done -> model run start
2026-04-21 14:36:35.344878 Sync done -> model run start
1 10.936 [2.855892494088039, 2.018205530010164, 2.059501040028408, 2.0196345841977745, 1.982795001938939]
3 11.042 [2.8726595751941204, 2.0376959959976375, 2.1280886861495674, 2.0138770840130746, 1.9894343758933246]
0 11.244 [2.992941171163693, 2.067352083977312, 2.195523258065805, 2.0044058880303055, 1.9836153658106923]
2 11.364 [3.0636628791689873, 2.0235228198580444, 2.118357853963971, 2.105013633146882, 2.0531741061713547]
2026-04-21 14:36:49.720467 Sync done -> model run start
2026-04-21 14:36:49.720467 Sync done -> model run start
2026-04-21 14:36:49.741490 Sync done -> model run start
2026-04-21 14:36:49.763604 Sync done -> model run start
0 10.334 [2.085662059020251, 2.1002001769375056, 2.049408722901717, 2.052443874999881, 2.046168247004971]
3 10.354 [2.09423122392036, 2.103831946849823, 2.0493331500329077, 2.0525500720832497, 2.0542922038584948]
2 10.738 [2.191094540990889, 2.2046926068142056, 2.109079338144511, 2.138060683151707, 2.0948379770852625]
1 10.334 [2.085662059020251, 2.10020033409819, 2.0493616920430213, 2.052483614999801, 2.046168142929673]
2026-04-21 14:37:05.109034 Sync done -> model run start
2026-04-21 14:37:05.118306 Sync done -> model run start
2026-04-21 14:37:05.130027 Sync done -> model run start
2026-04-21 14:37:05.159022 Sync done -> model run start
2 12.307 [2.0698637499008328, 3.115442255977541, 2.0417996312025934, 3.109242659062147, 1.9701367169618607]
3 12.154 [2.0717528639361262, 2.9638089498039335, 2.039560621138662, 3.1057967231608927, 1.9731321348808706]
0 12.329 [2.0745723431464285, 2.979748477926478, 2.0460765049792826, 3.1646935869939625, 2.063257637899369]
1 12.415 [2.1307463960256428, 3.0819268450140953, 2.1420850809663534, 3.0984488069079816, 1.961236354894936]
2026-04-21 14:37:21.476617 Sync done -> model run start
2026-04-21 14:37:21.480579 Sync done -> model run start
2026-04-21 14:37:21.509633 Sync done -> model run start
2026-04-21 14:37:21.513998 Sync done -> model run start
0 10.284 [2.096578454133123, 2.0834498070180416, 2.035118613857776, 2.044007566990331, 2.0245797550305724]
1 10.285 [2.100499234162271, 2.083490274846554, 2.03508179099299, 2.0427567861042917, 2.022925589000806]
2 10.295 [2.107146211899817, 2.0769419430289418, 2.0375209578778595, 2.039090275997296, 2.0341128779109567]
3 10.638 [2.1930364039726555, 2.161869269795716, 2.1055153189226985, 2.1113923450466245, 2.0661800070665777]
2026-04-21 14:37:36.731957 Sync done -> model run start
2026-04-21 14:37:36.742289 Sync done -> model run start
2026-04-21 14:37:36.749349 Sync done -> model run start
2026-04-21 14:37:36.773272 Sync done -> model run start
1 11.936 [2.0607804120518267, 2.905397211899981, 1.97426802595146, 2.9416400569025427, 2.053625291911885]
3 11.934 [2.063717599026859, 2.9660330850165337, 1.9772522959392518, 2.9288212060928345, 1.9978186369407922]
2 12.024 [2.0669257750269026, 3.0020826610270888, 1.9744673480745405, 2.9332591730635613, 2.0469008658546954]
0 12.298 [2.1095817040186375, 3.0093320859596133, 2.140617678174749, 2.9335319329984486, 2.1052953850012273]
2026-04-21 14:37:51.629401 Sync done -> model run start
net_times: [[0.0, 2.09, 0, 1210368], [0.0, 3.683, 0, 1210368], [0.0, 3.019, 0, 1210368], [0.0, 3.689, 0, 1210368], [0.0, 2.442, 0, 1210368]]
echo 'race4fun' | sudo -S sh -c 'journalctl --since "2026-04-21 14:36:33.520230" --until "2026-04-21 14:37:51.629401" -k -o short-iso '| grep -i -E 'throttle|throttled|thermal|cpufreq|under-voltage|voltage'
