ALL SYNC
2026-04-21 14:34:19.721060 Sync done -> model run start
2026-04-21 14:34:19.721060 Sync done -> model run start
2026-04-21 14:34:19.721060 Sync done -> model run start
2026-04-21 14:34:19.721060 Sync done -> model run start
2 17.456 [3.6332388650625944, 3.497869621962309, 3.4388795560225844, 3.439976325025782, 3.445585005916655]
3 17.49 [3.6491240221075714, 3.5037038731388748, 3.4514351920224726, 3.4357793589588255, 3.449526554904878]
0 17.518 [3.6527273959945887, 3.511102912016213, 3.4508805060759187, 3.441927099134773, 3.4614119331818074]
1 18.106 [3.829849317902699, 3.623364316066727, 3.5583870301488787, 3.561680093873292, 3.5327003460843116]
2026-04-21 14:34:41.124149 Sync done -> model run start
2026-04-21 14:34:41.149647 Sync done -> model run start
2026-04-21 14:34:41.171615 Sync done -> model run start
2026-04-21 14:34:41.173073 Sync done -> model run start
0 17.282 [3.480277603957802, 3.4605152748990804, 3.432768231956288, 3.4718152929563075, 3.4364143679849803]
2 17.291 [3.4797734909225255, 3.4672752001788467, 3.4383637860883027, 3.461020380957052, 3.444538716925308]
3 17.304 [3.4937638100236654, 3.467283690115437, 3.432810366852209, 3.4635402159765363, 3.4463071490172297]
1 17.87 [3.6174369489308447, 3.6046488150022924, 3.5654057150240988, 3.5903081360738724, 3.49185673892498]
2026-04-21 14:35:03.298496 Sync done -> model run start
2026-04-21 14:35:03.320527 Sync done -> model run start
2026-04-21 14:35:03.335007 Sync done -> model run start
2026-04-21 14:35:03.336371 Sync done -> model run start
2 17.24 [3.4742514370009303, 3.475262840045616, 3.4445360670797527, 3.411320447921753, 3.4341102708131075]
3 17.262 [3.4796618879772723, 3.4858857749495655, 3.4470304341521114, 3.414819758851081, 3.433983864961192]
1 17.225 [3.473284148145467, 3.4704368670936674, 3.4342931318096817, 3.41390413697809, 3.4328115780372173]
0 17.827 [3.6216353829950094, 3.61473061516881, 3.567202281905338, 3.5432272569742054, 3.480410432908684]
2026-04-21 14:35:26.336897 Sync done -> model run start
2026-04-21 14:35:26.386520 Sync done -> model run start
2026-04-21 14:35:26.396928 Sync done -> model run start
2026-04-21 14:35:26.396928 Sync done -> model run start
2 17.622 [3.5931368921883404, 3.5492777661420405, 3.500003447989002, 3.477229201933369, 3.501984329894185]
3 17.612 [3.583016092190519, 3.5525318179279566, 3.50398963293992, 3.475295509211719, 3.497463824925944]
1 18.217 [3.7399886541534215, 3.685067011974752, 3.6324958300683647, 3.61498120194301, 3.543801903957501]
0 17.635 [3.6044901879504323, 3.5527404628228396, 3.4992699089925736, 3.4750728539656848, 3.503225419903174]
2026-04-21 14:35:49.333606 Sync done -> model run start
2026-04-21 14:35:49.374995 Sync done -> model run start
2026-04-21 14:35:49.378073 Sync done -> model run start
2026-04-21 14:35:49.425353 Sync done -> model run start
0 17.428 [3.5110749821178615, 3.515885072061792, 3.4446445759385824, 3.459433384006843, 3.4968458670191467]
2 17.397 [3.502889591967687, 3.5018340749666095, 3.4652914348989725, 3.441453597974032, 3.485755746020004]
1 17.422 [3.5182664170861244, 3.497641433030367, 3.457351305987686, 3.455060221021995, 3.493639055173844]
3 17.965 [3.645494441036135, 3.6238756580278277, 3.584283235948533, 3.580915072001517, 3.5304840388707817]
2026-04-21 14:36:07.494650 Sync done -> model run start
net_times: [[23.974, 0.0, 1210368, 0], [1.821, 0.0, 1210368, 0], [2.78, 0.0, 1210368, 0], [3.744, 0.0, 1210368, 0], [3.276, 0.0, 1210368, 0]]
echo 'race4fun' | sudo -S sh -c 'journalctl --since "2026-04-21 14:33:52.931786" --until "2026-04-21 14:36:07.494650" -k -o short-iso '| grep -i -E 'throttle|throttled|thermal|cpufreq|under-voltage|voltage'
