ALL SYNC
2026-04-21 14:36:50.788169 Sync done -> model run start
2026-04-21 14:36:50.788169 Sync done -> model run start
2026-04-21 14:36:50.788169 Sync done -> model run start
2026-04-21 14:36:50.825337 Sync done -> model run start
3 10.788 [2.218518862966448, 2.1713910051621497, 2.1244542410131544, 2.1147925220429897, 2.1591063200030476]
1 10.807 [2.2189070370513946, 2.1710035069845617, 2.1244542410131544, 2.114368201000616, 2.1779387621209025]
0 11.047 [2.2330525799188763, 2.1763015491887927, 2.140798677923158, 2.1292527499608696, 2.367870155023411]
2 11.216 [2.278317420044914, 2.269553870894015, 2.233457407914102, 2.2020434180740267, 2.2321338090114295]
2026-04-21 14:37:05.105360 Sync done -> model run start
2026-04-21 14:37:05.106386 Sync done -> model run start
2026-04-21 14:37:05.122421 Sync done -> model run start
2026-04-21 14:37:05.140393 Sync done -> model run start
1 10.445 [2.1081048829946667, 2.091080395039171, 2.0645639288704842, 2.124063003109768, 2.057342867832631]
3 10.491 [2.112648189999163, 2.1059059330727905, 2.0719177399296314, 2.129378388868645, 2.070907630957663]
0 10.851 [2.207231753040105, 2.1874364980030805, 2.160108577925712, 2.1728846959304065, 2.1227981080301106]
2026-04-21 14:37:21.506242 Sync done -> model run start
2026-04-21 14:37:21.530534 Sync done -> model run start
2026-04-21 14:37:21.559432 Sync done -> model run start
2026-04-21 14:37:21.568275 Sync done -> model run start
2 10.45 [2.1485382500104606, 2.1048647509887815, 2.0563048222102225, 2.071122021880001, 2.0690549458377063]
0 10.431 [2.1419492790009826, 2.098066144855693, 2.0552395689301193, 2.075845745159313, 2.060056457063183]
3 10.47 [2.153543116990477, 2.108423168072477, 2.0571082548704, 2.071777330012992, 2.079176031984389]
1 10.81 [2.245273985899985, 2.1580152730457485, 2.136443570954725, 2.160760713974014, 2.1092486151028425]
2026-04-21 14:37:36.765180 Sync done -> model run start
2026-04-21 14:37:36.788026 Sync done -> model run start
2026-04-21 14:37:36.795925 Sync done -> model run start
2026-04-21 14:37:36.816128 Sync done -> model run start
0 10.491 [2.1093472968786955, 2.115516734076664, 2.0672447739634663, 2.1139025148004293, 2.0850133050698787]
1 10.511 [2.1171433439012617, 2.1194012430496514, 2.0670665979851037, 2.121358460979536, 2.0854929899796844]
2 10.569 [2.120392857119441, 2.123814238002524, 2.075276288203895, 2.1307217909488827, 2.118765502003953]
3 10.884 [2.2020342519972473, 2.2139381349552423, 2.1609475039876997, 2.2175280498340726, 2.0890534368809313]
2026-04-21 14:37:52.470086 Sync done -> model run start
2026-04-21 14:37:52.471329 Sync done -> model run start
2026-04-21 14:37:52.507910 Sync done -> model run start
2026-04-21 14:37:52.514381 Sync done -> model run start
1 10.673 [2.168805189896375, 2.1442093399818987, 2.101368805859238, 2.1430089198984206, 2.1156667850445956]
0 10.684 [2.1679378510452807, 2.155934687005356, 2.0951493110042065, 2.1396968560293317, 2.1246666798833758]
3 10.695 [2.178762162104249, 2.156468537868932, 2.100963548058644, 2.142571318196133, 2.116200323915109]
2 11.035 [2.284158259863034, 2.238375660032034, 2.1810514079406857, 2.2199711210560054, 2.1114494130015373]
2026-04-21 14:38:06.780463 Sync done -> model run start
net_times: [[14.361, 2.086, 1210368, 1210368], [0.002, 4.566, 1210368, 1210368], [0.003, 3.394, 1210368, 1210368], [0.002, 3.739, 1210368, 1210368], [0.002, 3.11, 1210368, 1210368]]
echo 'race4fun' | sudo -S sh -c 'journalctl --since "2026-04-21 14:36:34.528217" --until "2026-04-21 14:38:06.780463" -k -o short-iso '| grep -i -E 'throttle|throttled|thermal|cpufreq|under-voltage|voltage'
