ALL SYNC
2026-04-21 14:37:06.236516 Sync done -> model run start
2026-04-21 14:37:06.236522 Sync done -> model run start
2026-04-21 14:37:06.236516 Sync done -> model run start
2026-04-21 14:37:06.236516 Sync done -> model run start
1 12.064 [2.4432187899947166, 2.3854060089215636, 2.3765811938792467, 2.3683420550078154, 2.4903627540916204]
3 11.908 [2.460993106942624, 2.402647618902847, 2.31038687704131, 2.2822659800294787, 2.4515463691204786]
2 12.123 [2.443219101987779, 2.389408807968721, 2.2932885999325663, 2.2793672389816493, 2.7170661319978535]
0 12.109 [2.5558673820924014, 2.5008614149410278, 2.350575446151197, 2.2718101809732616, 2.430090968962759]
2026-04-21 14:37:21.551603 Sync done -> model run start
2026-04-21 14:37:21.552277 Sync done -> model run start
2026-04-21 14:37:21.571757 Sync done -> model run start
2026-04-21 14:37:21.571758 Sync done -> model run start
1 11.778 [2.404460637131706, 2.381047850009054, 2.3233934009913355, 2.327334796078503, 2.3415959989652038]
3 11.83 [2.42739655287005, 2.3989476358983666, 2.3201241940259933, 2.3273539100773633, 2.3563945461064577]
2 11.963 [2.4050034480169415, 2.377091195899993, 2.3238282441161573, 2.32481370982714, 2.5316544459201396]
0 12.274 [2.523454001871869, 2.4725394279230386, 2.418935487046838, 2.4050427719485015, 2.4541890209075063]
2026-04-21 14:37:36.775698 Sync done -> model run start
2026-04-21 14:37:36.776094 Sync done -> model run start
2026-04-21 14:37:36.800330 Sync done -> model run start
2026-04-21 14:37:36.810286 Sync done -> model run start
1 11.863 [2.3848989848047495, 2.3961361369583756, 2.3491687381174415, 2.3489365510176867, 2.383894875878468]
0 11.865 [2.385240650968626, 2.396135824965313, 2.3491330090910196, 2.348963687196374, 2.384954612934962]
3 11.916 [2.396108950022608, 2.409544999944046, 2.3500230580102652, 2.3570797028951347, 2.4031875219661742]
2 12.506 [2.5152001769747585, 2.511081128846854, 2.469480535015464, 2.4389358430635184, 2.5706678649876267]
2026-04-21 14:37:52.455418 Sync done -> model run start
2026-04-21 14:37:52.472344 Sync done -> model run start
2026-04-21 14:37:52.475707 Sync done -> model run start
2026-04-21 14:37:52.493550 Sync done -> model run start
0 11.547 [2.351918054977432, 2.3309521849732846, 2.2827284359373152, 2.283942234935239, 2.2970210460480303]
3 11.587 [2.3649026481434703, 2.3433833429589868, 2.2845293681602925, 2.287258526077494, 2.3070517440792173]
1 11.668 [2.3598441230133176, 2.329617398092523, 2.289668726036325, 2.2909049729350954, 2.3977924389764667]
2 12.036 [2.463110090000555, 2.4252049529459327, 2.384474930120632, 2.378613125998527, 2.3845401380676776]
2026-04-21 14:38:07.661835 Sync done -> model run start
2026-04-21 14:38:07.688779 Sync done -> model run start
2026-04-21 14:38:07.706110 Sync done -> model run start
2026-04-21 14:38:07.731101 Sync done -> model run start
0 11.578 [2.343591782031581, 2.3535118030849844, 2.2968569349031895, 2.295692875981331, 2.287902537966147]
3 11.574 [2.33543123700656, 2.3444142278749496, 2.301466868026182, 2.2945025679655373, 2.298225369071588]
1 11.657 [2.3832785810809582, 2.350498738931492, 2.298176825977862, 2.2947902760934085, 2.3295117779634893]
2 11.966 [2.4347393000498414, 2.434544353047386, 2.3929752178955823, 2.3776624551974237, 2.3258797579910606]
2026-04-21 14:38:21.921541 Sync done -> model run start
net_times: [[29.683, 2.102, 1210368, 1210368], [0.002, 1.897, 1210368, 1210368], [0.002, 2.107, 1210368, 1210368], [0.002, 2.098, 1210368, 1210368], [0.002, 2.117, 1210368, 1210368]]
echo 'race4fun' | sudo -S sh -c 'journalctl --since "2026-04-21 14:36:34.531520" --until "2026-04-21 14:38:21.921541" -k -o short-iso '| grep -i -E 'throttle|throttled|thermal|cpufreq|under-voltage|voltage'
