Code start -> moving to subprocess
[Gloo] Rank 1 is connected to 1 peer ranks. Expected number of connected peer ranks is : 1
Model resnet18 and split children
10 ['conv1', 'bn1', 'relu', 'maxpool', 'layer1']
[5, 5]
{'layer1': <SplitPoint.END: 2>, 'fc': <SplitPoint.END: 2>}
2
2026-04-07 03:57:03.869681 Split done -> model sync start
2026-04-07 03:57:38.409149 Sync done -> model run start
2026-04-07 03:58:15.107816 Sync done -> model run start
2026-04-07 03:58:51.996601 Sync done -> model run start
2026-04-07 03:59:28.959954 Sync done -> model run start
2026-04-07 04:00:06.241255 Sync done -> model run start
2026-04-07 04:00:43.351342 Sync done -> model run start
2026-04-07 04:01:20.072616 Sync done -> model run start
2026-04-07 04:01:57.328695 Sync done -> model run start
2026-04-07 04:02:34.241000 Sync done -> model run start
2026-04-07 04:03:10.500421 Sync done -> model run start
2026-04-07 04:03:47.492024 Sync done -> model run start
2026-04-07 04:04:24.734289 Sync done -> model run start
2026-04-07 04:05:01.475647 Sync done -> model run start
2026-04-07 04:05:38.602567 Sync done -> model run start
2026-04-07 04:06:15.517708 Sync done -> model run start
2026-04-07 04:06:52.812750 Sync done -> model run start
2026-04-07 04:07:29.673483 Sync done -> model run start
2026-04-07 04:08:06.877676 Sync done -> model run start
2026-04-07 04:08:43.972767 Sync done -> model run start
2026-04-07 04:09:21.122790 Sync done -> model run start
2026-04-07 04:09:57.987963 Sync done -> model run start
2026-04-07 04:10:35.554504 Sync done -> model run start
2026-04-07 04:11:12.292170 Sync done -> model run start
2026-04-07 04:11:49.235788 Sync done -> model run start
2026-04-07 04:12:26.157565 Sync done -> model run start
2026-04-07 04:13:02.990896 Sync done -> model run start
2026-04-07 04:13:40.388547 Sync done -> model run start
2026-04-07 04:14:17.506250 Sync done -> model run start
2026-04-07 04:14:54.751469 Sync done -> model run start
2026-04-07 04:15:31.908577 Sync done -> model run start
2026-04-07 04:16:08.858274 Sync done -> model run start
rank 1 FLOP count: 4934549504 and full time*10**9 s/op: 0.1408
Time taken by rank:1 in total(avg): 6.9490s Batch time sets raw:[[1.1861, 1.3294, 1.1843, 1.2572, 0.9566], [1.4305, 1.2024, 1.0379, 1.284, 1.1776], [1.0419, 1.3808, 1.2341, 1.2274, 1.1718], [1.436, 0.8191, 1.2431, 1.2177, 1.0084], [1.4838, 1.1901, 1.2075, 1.1448, 1.0932], [1.2332, 1.1522, 1.258, 1.1704, 1.0564], [0.7463, 1.428, 0.9132, 1.2536, 0.9144], [1.4417, 1.2302, 0.8924, 1.2559, 1.2387], [1.4057, 1.2127, 1.1178, 1.2818, 1.1258], [1.1309, 1.3242, 1.0835, 1.2202, 0.94], [1.368, 1.2742, 0.9697, 1.2777, 1.2617], [1.0852, 1.3172, 1.2114, 1.2312, 0.9742], [1.2568, 1.1865, 1.2909, 1.2457, 1.2858], [1.3182, 1.0643, 1.2542, 1.0384, 1.2486], [1.2068, 1.4285, 1.0287, 1.2471, 1.3215], [1.4206, 1.0065, 1.2636, 1.012, 1.3092], [1.1325, 1.365, 1.1203, 1.223, 1.2203], [1.1568, 1.1832, 1.2581, 0.9032, 1.2714], [1.437, 1.2826, 1.1689, 1.2168, 1.2798], [1.1681, 1.0732, 1.2611, 0.9328, 1.2431], [1.3001, 1.2802, 0.9476, 1.3071, 1.2326], [1.3711, 1.0075, 1.1777, 1.2073, 1.1405], [1.1375, 1.167, 1.2461, 1.1882, 1.0617], [1.4424, 1.1826, 1.2056, 1.1975, 1.2707], [1.1581, 1.0723, 1.2829, 1.2515, 1.2833], [1.2766, 1.2786, 1.2504, 1.2183, 1.107], [1.3057, 1.2719, 1.0265, 1.2851, 1.2699], [1.1563, 1.2542, 1.253, 0.9888, 1.2353], [1.2952, 1.2783, 1.0983, 1.2925, 1.2851]] Network sets raw:[[0.7507, 0.0485, 0.0521, 0.0485, 0.0514], [0.8532, 0.0485, 0.0521, 0.0525, 0.048], [0.7566, 0.0491, 0.0531, 0.0523, 0.0478], [0.6969, 0.0529, 0.0523, 0.0527, 0.0481], [0.8356, 0.0484, 0.0522, 0.0485, 0.0514], [0.7379, 0.0538, 0.052, 0.0526, 0.0518], [0.6501, 0.1036, 0.0524, 0.0516, 0.0521], [0.6211, 0.0535, 0.0531, 0.0536, 0.0533], [0.8015, 0.0487, 0.0525, 0.0488, 0.0518], [0.7434, 0.052, 0.0524, 0.0524, 0.0483], [0.6812, 0.0496, 0.0527, 0.0522, 0.0483], [0.7964, 0.049, 0.0526, 0.0517, 0.0516], [0.6946, 0.0526, 0.0528, 0.0523, 0.0485], [0.669, 0.0526, 0.0525, 0.0528, 0.0485], [0.6648, 0.0526, 0.0539, 0.0529, 0.0502], [0.7834, 0.0524, 0.049, 0.0524, 0.0513], [0.787, 0.0533, 0.049, 0.0527, 0.0481], [0.7901, 0.0523, 0.0523, 0.0524, 0.0506], [0.8812, 0.0486, 0.0492, 0.0484, 0.0519], [0.7436, 0.0525, 0.0528, 0.0527, 0.0515], [0.5731, 0.0524, 0.0526, 0.0523, 0.0515], [0.7214, 0.0492, 0.0521, 0.0485, 0.0522], [0.7319, 0.0523, 0.0524, 0.0528, 0.0483], [0.8015, 0.0485, 0.0528, 0.0494, 0.0523], [0.7684, 0.0534, 0.052, 0.0524, 0.0487], [0.8136, 0.049, 0.0524, 0.0531, 0.0522], [0.6946, 0.0531, 0.0523, 0.0526, 0.0487], [0.756, 0.0528, 0.0518, 0.0523, 0.0542], [0.7254, 0.0522, 0.0542, 0.0521, 0.0481]] bytes sent:[] bytes recv:1605632 on avg per image: 0.6949s with std: 0.0251s network time: 0.1899s and network std: 0.2779s network time per img: 0.0190 compute time: 0.6759s compute/network ratio: 3.5593 and throughput 1.4390 img/s
