Code start -> moving to subprocess
[Gloo] Rank 0 is connected to 1 peer ranks. Expected number of connected peer ranks is : 1
Model resnet18 and split children
10 ['conv1', 'bn1', 'relu', 'maxpool', 'layer1']
[5, 5]
{'layer1': <SplitPoint.END: 2>, 'fc': <SplitPoint.END: 2>}
2
2026-04-07 03:57:07.206982 Split done -> model sync start
2026-04-07 03:57:38.406753 Sync done -> model run start
2026-04-07 03:58:15.105266 Sync done -> model run start
2026-04-07 03:58:51.994207 Sync done -> model run start
2026-04-07 03:59:28.957646 Sync done -> model run start
2026-04-07 04:00:06.239171 Sync done -> model run start
2026-04-07 04:00:43.349323 Sync done -> model run start
2026-04-07 04:01:20.070928 Sync done -> model run start
2026-04-07 04:01:57.327259 Sync done -> model run start
2026-04-07 04:02:34.239520 Sync done -> model run start
2026-04-07 04:03:10.499820 Sync done -> model run start
2026-04-07 04:03:47.490566 Sync done -> model run start
2026-04-07 04:04:24.732917 Sync done -> model run start
2026-04-07 04:05:01.474571 Sync done -> model run start
2026-04-07 04:05:38.601590 Sync done -> model run start
2026-04-07 04:06:15.516735 Sync done -> model run start
2026-04-07 04:06:52.812072 Sync done -> model run start
2026-04-07 04:07:29.672713 Sync done -> model run start
2026-04-07 04:08:06.876996 Sync done -> model run start
2026-04-07 04:08:43.972002 Sync done -> model run start
2026-04-07 04:09:21.120028 Sync done -> model run start
2026-04-07 04:09:57.987226 Sync done -> model run start
2026-04-07 04:10:35.553825 Sync done -> model run start
2026-04-07 04:11:12.291629 Sync done -> model run start
2026-04-07 04:11:49.235228 Sync done -> model run start
2026-04-07 04:12:26.157045 Sync done -> model run start
2026-04-07 04:13:02.990520 Sync done -> model run start
2026-04-07 04:13:40.388197 Sync done -> model run start
2026-04-07 04:14:17.506072 Sync done -> model run start
2026-04-07 04:14:54.751225 Sync done -> model run start
2026-04-07 04:15:31.908098 Sync done -> model run start
2026-04-07 04:16:08.857966 Sync done -> model run start
rank 0 FLOP count: 2321743872 and full time*10**9 s/op: 0.2475
Time taken by rank:0 in total(avg): 5.7464s Batch time sets raw:[[0.6974, 0.6974, 0.8607, 0.8607, 0.636, 0.636, 0.6704, 0.6704, 0.628, 0.628], [0.7969, 0.7969, 0.7485, 0.7485, 0.627, 0.627, 0.7045, 0.7045, 0.7026, 0.7026], [0.7021, 0.7021, 0.7079, 0.7079, 0.695, 0.695, 0.5792, 0.5792, 0.6578, 0.6578], [0.6389, 0.6389, 0.9061, 0.9061, 0.6461, 0.6461, 0.7435, 0.7435, 0.772, 0.772], [0.7811, 0.7811, 0.7228, 0.7228, 0.6238, 0.6238, 0.7141, 0.7141, 0.6792, 0.6792], [0.6829, 0.6829, 0.8824, 0.8824, 0.7769, 0.7769, 0.681, 0.681, 0.7418, 0.7418], [0.5892, 0.5892, 0.8383, 0.8383, 0.705, 0.705, 0.7576, 0.7576, 0.733, 0.733], [0.5662, 0.5662, 0.8864, 0.8864, 0.6701, 0.6701, 0.6905, 0.6905, 0.7477, 0.7477], [0.7474, 0.7474, 0.7245, 0.7245, 0.6578, 0.6578, 0.7279, 0.7279, 0.6002, 0.6002], [0.6902, 0.6902, 0.875, 0.875, 0.5957, 0.5957, 0.6661, 0.6661, 0.7332, 0.7332], [0.626, 0.626, 0.8719, 0.8719, 0.7273, 0.7273, 0.6374, 0.6374, 0.7809, 0.7809], [0.7423, 0.7423, 0.7196, 0.7196, 0.6176, 0.6176, 0.7503, 0.7503, 0.7303, 0.7303], [0.6403, 0.6403, 0.9569, 0.9569, 0.7152, 0.7152, 0.7147, 0.7147, 0.7551, 0.7551], [0.6145, 0.6145, 0.7356, 0.7356, 0.8004, 0.8004, 0.6781, 0.6781, 0.7284, 0.7284], [0.6103, 0.6103, 0.7918, 0.7918, 0.6977, 0.6977, 0.6288, 0.6288, 0.7386, 0.7386], [0.7263, 0.7263, 0.8946, 0.8946, 0.7616, 0.7616, 0.6363, 0.6363, 0.7243, 0.7243], [0.7314, 0.7314, 0.7246, 0.7246, 0.7458, 0.7458, 0.6341, 0.6341, 0.6844, 0.6844], [0.7361, 0.7361, 0.9278, 0.9278, 0.761, 0.761, 0.6809, 0.6809, 0.7483, 0.7483], [0.8262, 0.8262, 0.7272, 0.7272, 0.5971, 0.5971, 0.7332, 0.7332, 0.6291, 0.6291], [0.6899, 0.6899, 0.9161, 0.9161, 0.6418, 0.6418, 0.6848, 0.6848, 0.7382, 0.7382], [0.5182, 0.5182, 0.9011, 0.9011, 0.6602, 0.6602, 0.6777, 0.6777, 0.7509, 0.7509], [0.6679, 0.6679, 0.6527, 0.6527, 0.7543, 0.7543, 0.6683, 0.6683, 0.5979, 0.5979], [0.6789, 0.6789, 0.7565, 0.7565, 0.6058, 0.6058, 0.7082, 0.7082, 0.757, 0.757], [0.7464, 0.7464, 0.8633, 0.8633, 0.6003, 0.6003, 0.7097, 0.7097, 0.6624, 0.6624], [0.715, 0.715, 0.7426, 0.7426, 0.6988, 0.6988, 0.67, 0.67, 0.7602, 0.7602], [0.7587, 0.7587, 0.899, 0.899, 0.7108, 0.7108, 0.6957, 0.6957, 0.7397, 0.7397], [0.6392, 0.6392, 0.7299, 0.7299, 0.7901, 0.7901, 0.664, 0.664, 0.6931, 0.6931], [0.7018, 0.7018, 0.8708, 0.8708, 0.6512, 0.6512, 0.562, 0.562, 0.6624, 0.6624], [0.6712, 0.6712, 0.838, 0.838, 0.7151, 0.7151, 0.6196, 0.6196, 0.7456, 0.7456]] Network sets raw:[[0, 0, 0.0237, 0, 0.3749, 0, 0.7438, 0, 0.5647, 0.6698], [0, 0, 0.0148, 0, 0.7429, 0, 0.6157, 0, 0.3849, 0.6434], [0, 0, 0.0139, 0, 0.3955, 0, 0.7278, 0, 0.7064, 0.6317], [0, 0, 0.0147, 0, 0.5832, 0, 0.2246, 0, 0.5519, 0.5082], [0, 0, 0.0251, 0, 0.8102, 0, 0.61, 0, 0.5546, 0.5059], [0, 0, 0.0131, 0, 0.4037, 0, 0.43, 0, 0.6284, 0.482], [0, 0, 0.0128, 0, 0.0126, 0, 0.7736, 0, 0.2085, 0.5736], [0, 0, 0.0133, 0, 0.6113, 0, 0.6117, 0, 0.2561, 0.5624], [0, 0, 0.0148, 0, 0.7322, 0, 0.606, 0, 0.4405, 0.7335], [0, 0, 0.0149, 0, 0.3085, 0, 0.7796, 0, 0.4706, 0.5372], [0, 0, 0.0139, 0, 0.545, 0, 0.5999, 0, 0.3841, 0.5483], [0, 0, 0.0141, 0, 0.4165, 0, 0.7514, 0, 0.5131, 0.554], [0, 0, 0.0149, 0, 0.3529, 0, 0.5241, 0, 0.6286, 0.5422], [0, 0, 0.0141, 0, 0.6356, 0, 0.3166, 0, 0.6289, 0.3617], [0, 0, 0.0151, 0, 0.4689, 0, 0.784, 0, 0.4536, 0.5634], [0, 0, 0.0152, 0, 0.5787, 0, 0.295, 0, 0.6791, 0.3403], [0, 0, 0.0158, 0, 0.4625, 0, 0.6692, 0, 0.5368, 0.5902], [0, 0, 0.0155, 0, 0.2815, 0, 0.475, 0, 0.6297, 0.2075], [0, 0, 0.0155, 0, 0.7611, 0, 0.7414, 0, 0.4853, 0.6399], [0, 0, 0.0153, 0, 0.3043, 0, 0.4838, 0, 0.6302, 0.2484], [0, 0, 0.0151, 0, 0.4509, 0, 0.6725, 0, 0.3247, 0.6085], [0, 0, 0.0147, 0, 0.7679, 0, 0.3046, 0, 0.5584, 0.6618], [0, 0, 0.0151, 0, 0.4335, 0, 0.6138, 0, 0.5905, 0.4819], [0, 0, 0.0155, 0, 0.6286, 0, 0.6337, 0, 0.5463, 0.587], [0, 0, 0.015, 0, 0.469, 0, 0.4258, 0, 0.6656, 0.5417], [0, 0, 0.0152, 0, 0.4292, 0, 0.6186, 0, 0.607, 0.5319], [0, 0, 0.0156, 0, 0.6304, 0, 0.5331, 0, 0.415, 0.6444], [0, 0, 0.0154, 0, 0.3377, 0, 0.6554, 0, 0.7442, 0.3794], [0, 0, 0.0157, 0, 0.5101, 0, 0.6156, 0, 0.5173, 0.6128]] bytes sent:[[1605632], [1605632], [1605632], [1605632], [1605632]] bytes recv:1204224 on avg per image: 0.5746s with std: 0.0207s network time: 0.2156s and network std: 0.2775s network time per img: 0.0216 compute time: 0.5531s compute/network ratio: 2.5654 and throughput 1.7402 img/s
