TIME:14:11:55
42932
cpu:average: 0.83, 0.54,,freq:frequency(48)=1400000000,throttle_flag:throttled=0x50000,voltage:volt=1.3625V,volt=1.2500V,volt=1.2500V,volt=1.2250V
TIME:14:11:56
42932
cpu:average: 0.83, 0.54,,freq:frequency(48)=1400000000,throttle_flag:throttled=0x50000,voltage:volt=1.3625V,volt=1.2500V,volt=1.2500V,volt=1.2250V
TIME:14:11:57
42932
cpu:average: 0.83, 0.54,,freq:frequency(48)=1400000000,throttle_flag:throttled=0x50000,voltage:volt=1.3625V,volt=1.2500V,volt=1.2500V,volt=1.2250V
TIME:14:11:58
42932
cpu:average: 0.83, 0.54,,freq:frequency(48)=700000000,throttle_flag:throttled=0x50000,voltage:volt=1.2625V,volt=1.2500V,volt=1.2500V,volt=1.2250V
TIME:14:12:00
41856
cpu:average: 0.76, 0.53,,freq:frequency(48)=900000000,throttle_flag:throttled=0x50000,voltage:volt=1.2625V,volt=1.2500V,volt=1.2500V,volt=1.2250V
TIME:14:12:01
41856
cpu:average: 0.76, 0.53,,freq:frequency(48)=800000000,throttle_flag:throttled=0x50000,voltage:volt=1.2625V,volt=1.2500V,volt=1.2500V,volt=1.2250V
TIME:14:12:02
42394
cpu:average: 0.76, 0.53,,freq:frequency(48)=700000000,throttle_flag:throttled=0x50000,voltage:volt=1.2625V,volt=1.2500V,volt=1.2500V,volt=1.2250V
TIME:14:12:03
41856
cpu:average: 0.76, 0.53,,freq:frequency(48)=700000000,throttle_flag:throttled=0x50000,voltage:volt=1.2625V,volt=1.2500V,volt=1.2500V,volt=1.2250V
TIME:14:12:04
41856
cpu:average: 0.76, 0.53,,freq:frequency(48)=700000000,throttle_flag:throttled=0x50000,voltage:volt=1.2625V,volt=1.2500V,volt=1.2500V,volt=1.2250V
TIME:14:12:05
42394
cpu:average: 0.78, 0.54,,freq:frequency(48)=600000000,throttle_flag:throttled=0x50000,voltage:volt=1.2625V,volt=1.2500V,volt=1.2500V,volt=1.2250V
TIME:14:12:06
41318
cpu:average: 0.78, 0.54,,freq:frequency(48)=600000000,throttle_flag:throttled=0x50000,voltage:volt=1.2625V,volt=1.2500V,volt=1.2500V,volt=1.2250V
TIME:14:12:07
41318
cpu:average: 0.78, 0.54,,freq:frequency(48)=600000000,throttle_flag:throttled=0x50000,voltage:volt=1.2625V,volt=1.2500V,volt=1.2500V,volt=1.2250V
TIME:14:12:09
41318
cpu:average: 0.78, 0.54,,freq:frequency(48)=800000000,throttle_flag:throttled=0x50000,voltage:volt=1.2625V,volt=1.2500V,volt=1.2500V,volt=1.2250V
TIME:14:12:10
40780
cpu:average: 0.80, 0.55,,freq:frequency(48)=700000000,throttle_flag:throttled=0x50000,voltage:volt=1.2625V,volt=1.2500V,volt=1.2500V,volt=1.2250V
TIME:14:12:11
41856
cpu:average: 0.80, 0.55,,freq:frequency(48)=700000000,throttle_flag:throttled=0x50000,voltage:volt=1.2625V,volt=1.2500V,volt=1.2500V,volt=1.2250V
TIME:14:12:12
41318
cpu:average: 0.80, 0.55,,freq:frequency(48)=800000000,throttle_flag:throttled=0x50000,voltage:volt=1.2625V,volt=1.2500V,volt=1.2500V,volt=1.2250V
TIME:14:12:13
41856
cpu:average: 0.80, 0.55,,freq:frequency(48)=700000000,throttle_flag:throttled=0x50000,voltage:volt=1.2625V,volt=1.2500V,volt=1.2500V,volt=1.2250V
TIME:14:12:14
40780
cpu:average: 0.80, 0.55,,freq:frequency(48)=700000000,throttle_flag:throttled=0x50000,voltage:volt=1.2625V,volt=1.2500V,volt=1.2500V,volt=1.2250V
TIME:14:12:15
40780
cpu:average: 0.73, 0.54,,freq:frequency(48)=600000000,throttle_flag:throttled=0x50000,voltage:volt=1.2625V,volt=1.2500V,volt=1.2500V,volt=1.2250V
TIME:14:12:16
41318
cpu:average: 0.73, 0.54,,freq:frequency(48)=600000000,throttle_flag:throttled=0x50000,voltage:volt=1.2625V,volt=1.2500V,volt=1.2500V,volt=1.2250V
TIME:14:12:18
40780
cpu:average: 0.73, 0.54,,freq:frequency(48)=600000000,throttle_flag:throttled=0x50000,voltage:volt=1.2625V,volt=1.2500V,volt=1.2500V,volt=1.2250V
TIME:14:12:19
41318
cpu:average: 0.73, 0.54,,freq:frequency(48)=800000000,throttle_flag:throttled=0x50000,voltage:volt=1.2625V,volt=1.2500V,volt=1.2500V,volt=1.2250V
TIME:14:12:20
40780
cpu:average: 0.67, 0.53,,freq:frequency(48)=700000000,throttle_flag:throttled=0x50000,voltage:volt=1.2625V,volt=1.2500V,volt=1.2500V,volt=1.2250V
TIME:14:12:21
41318
cpu:average: 0.67, 0.53,,freq:frequency(48)=700000000,throttle_flag:throttled=0x50000,voltage:volt=1.2625V,volt=1.2500V,volt=1.2500V,volt=1.2250V
TIME:14:12:22
40780
cpu:average: 0.67, 0.53,,freq:frequency(48)=700000000,throttle_flag:throttled=0x50000,voltage:volt=1.2625V,volt=1.2500V,volt=1.2500V,volt=1.2250V
TIME:14:12:23
41856
cpu:average: 0.67, 0.53,,freq:frequency(48)=700000000,throttle_flag:throttled=0x50000,voltage:volt=1.2625V,volt=1.2500V,volt=1.2500V,volt=1.2250V
TIME:14:12:24
41318
cpu:average: 0.67, 0.53,,freq:frequency(48)=600000000,throttle_flag:throttled=0x50000,voltage:volt=1.2625V,volt=1.2500V,volt=1.2500V,volt=1.2250V
TIME:14:12:25
41318
cpu:average: 0.62, 0.52,,freq:frequency(48)=800000000,throttle_flag:throttled=0x50000,voltage:volt=1.2625V,volt=1.2500V,volt=1.2500V,volt=1.2250V
TIME:14:12:27
40780
cpu:average: 0.62, 0.52,,freq:frequency(48)=800000000,throttle_flag:throttled=0x50000,voltage:volt=1.2625V,volt=1.2500V,volt=1.2500V,volt=1.2250V
TIME:14:12:28
40780
cpu:average: 0.62, 0.52,,freq:frequency(48)=600000000,throttle_flag:throttled=0x50000,voltage:volt=1.2625V,volt=1.2500V,volt=1.2500V,volt=1.2250V
TIME:14:12:29
40780
cpu:average: 0.62, 0.52,,freq:frequency(48)=600000000,throttle_flag:throttled=0x50000,voltage:volt=1.2625V,volt=1.2500V,volt=1.2500V,volt=1.2250V
TIME:14:12:30
40780
cpu:average: 0.57, 0.51,,freq:frequency(48)=600000000,throttle_flag:throttled=0x50000,voltage:volt=1.2625V,volt=1.2500V,volt=1.2500V,volt=1.2250V
TIME:14:12:31
41318
cpu:average: 0.57, 0.51,,freq:frequency(48)=600000000,throttle_flag:throttled=0x50000,voltage:volt=1.2625V,volt=1.2500V,volt=1.2500V,volt=1.2250V
TIME:14:12:32
40780
cpu:average: 0.57, 0.51,,freq:frequency(48)=800000000,throttle_flag:throttled=0x50000,voltage:volt=1.2625V,volt=1.2500V,volt=1.2500V,volt=1.2250V
TIME:14:12:33
40780
cpu:average: 0.57, 0.51,,freq:frequency(48)=800000000,throttle_flag:throttled=0x50000,voltage:volt=1.2625V,volt=1.2500V,volt=1.2500V,volt=1.2250V
TIME:14:12:34
41856
cpu:average: 0.57, 0.51,,freq:frequency(48)=1400000000,throttle_flag:throttled=0x50000,voltage:volt=1.3625V,volt=1.2500V,volt=1.2500V,volt=1.2250V
TIME:14:12:35
41318
cpu:average: 0.52, 0.50,,freq:frequency(48)=1400000000,throttle_flag:throttled=0x50000,voltage:volt=1.3625V,volt=1.2500V,volt=1.2500V,volt=1.2250V
TIME:14:12:36
40780
cpu:average: 0.52, 0.50,,freq:frequency(48)=1400000000,throttle_flag:throttled=0x50000,voltage:volt=1.3625V,volt=1.2500V,volt=1.2500V,volt=1.2250V
TIME:14:12:38
41856
cpu:average: 0.52, 0.50,,freq:frequency(48)=1400000000,throttle_flag:throttled=0x50000,voltage:volt=1.3625V,volt=1.2500V,volt=1.2500V,volt=1.2250V
TIME:14:12:39
41318
cpu:average: 0.52, 0.50,,freq:frequency(48)=1400000000,throttle_flag:throttled=0x50000,voltage:volt=1.3625V,volt=1.2500V,volt=1.2500V,volt=1.2250V
TIME:14:12:40
41318
cpu:average: 0.48, 0.50,,freq:frequency(48)=700000000,throttle_flag:throttled=0x50000,voltage:volt=1.2625V,volt=1.2500V,volt=1.2500V,volt=1.2250V
TIME:14:12:41
41856
cpu:average: 0.48, 0.50,,freq:frequency(48)=700000000,throttle_flag:throttled=0x50000,voltage:volt=1.2625V,volt=1.2500V,volt=1.2500V,volt=1.2250V
TIME:14:12:42
41856
cpu:average: 0.48, 0.50,,freq:frequency(48)=700000000,throttle_flag:throttled=0x50000,voltage:volt=1.2625V,volt=1.2500V,volt=1.2500V,volt=1.2250V
TIME:14:12:43
40780
cpu:average: 0.48, 0.50,,freq:frequency(48)=700000000,throttle_flag:throttled=0x50000,voltage:volt=1.2625V,volt=1.2500V,volt=1.2500V,volt=1.2250V
TIME:14:12:44
40780
cpu:average: 0.48, 0.50,,freq:frequency(48)=600000000,throttle_flag:throttled=0x50000,voltage:volt=1.2625V,volt=1.2500V,volt=1.2500V,volt=1.2250V
TIME:14:12:45
40780
cpu:average: 0.44, 0.49,,freq:frequency(48)=600000000,throttle_flag:throttled=0x50000,voltage:volt=1.2625V,volt=1.2500V,volt=1.2500V,volt=1.2250V
TIME:14:12:46
41318
cpu:average: 0.44, 0.49,,freq:frequency(48)=600000000,throttle_flag:throttled=0x50000,voltage:volt=1.2625V,volt=1.2500V,volt=1.2500V,volt=1.2250V
TIME:14:12:48
40780
cpu:average: 0.44, 0.49,,freq:frequency(48)=600000000,throttle_flag:throttled=0x50000,voltage:volt=1.2625V,volt=1.2500V,volt=1.2500V,volt=1.2250V
TIME:14:12:49
40780
cpu:average: 0.44, 0.49,,freq:frequency(48)=800000000,throttle_flag:throttled=0x50000,voltage:volt=1.2625V,volt=1.2500V,volt=1.2500V,volt=1.2250V
TIME:14:12:50
40780
cpu:average: 0.49, 0.50,,freq:frequency(48)=800000000,throttle_flag:throttled=0x50000,voltage:volt=1.2625V,volt=1.2500V,volt=1.2500V,volt=1.2250V
TIME:14:12:51
40780
cpu:average: 0.49, 0.50,,freq:frequency(48)=700000000,throttle_flag:throttled=0x50000,voltage:volt=1.2625V,volt=1.2500V,volt=1.2500V,volt=1.2250V
TIME:14:12:52
40780
cpu:average: 0.49, 0.50,,freq:frequency(48)=900000000,throttle_flag:throttled=0x50000,voltage:volt=1.2625V,volt=1.2500V,volt=1.2500V,volt=1.2250V
TIME:14:12:53
40780
cpu:average: 0.49, 0.50,,freq:frequency(48)=800000000,throttle_flag:throttled=0x50000,voltage:volt=1.2625V,volt=1.2500V,volt=1.2500V,volt=1.2250V
TIME:14:12:54
40780
cpu:average: 0.49, 0.50,,freq:frequency(48)=700000000,throttle_flag:throttled=0x50000,voltage:volt=1.2625V,volt=1.2500V,volt=1.2500V,volt=1.2250V
TIME:14:12:55
40780
cpu:average: 0.45, 0.49,,freq:frequency(48)=700000000,throttle_flag:throttled=0x50000,voltage:volt=1.2625V,volt=1.2500V,volt=1.2500V,volt=1.2250V
TIME:14:12:57
41318
cpu:average: 0.45, 0.49,,freq:frequency(48)=600000000,throttle_flag:throttled=0x50000,voltage:volt=1.2625V,volt=1.2500V,volt=1.2500V,volt=1.2250V
TIME:14:12:58
40780
cpu:average: 0.45, 0.49,,freq:frequency(48)=600000000,throttle_flag:throttled=0x50000,voltage:volt=1.2625V,volt=1.2500V,volt=1.2500V,volt=1.2250V
TIME:14:12:59
40242
cpu:average: 0.45, 0.49,,freq:frequency(48)=600000000,throttle_flag:throttled=0x50000,voltage:volt=1.2625V,volt=1.2500V,volt=1.2500V,volt=1.2250V
TIME:14:13:00
40780
cpu:average: 0.41, 0.48,,freq:frequency(48)=800000000,throttle_flag:throttled=0x50000,voltage:volt=1.2625V,volt=1.2500V,volt=1.2500V,volt=1.2250V
TIME:14:13:01
40780
cpu:average: 0.41, 0.48,,freq:frequency(48)=800000000,throttle_flag:throttled=0x50000,voltage:volt=1.2625V,volt=1.2500V,volt=1.2500V,volt=1.2250V
TIME:14:13:02
40780
cpu:average: 0.41, 0.48,,freq:frequency(48)=700000000,throttle_flag:throttled=0x50000,voltage:volt=1.2625V,volt=1.2500V,volt=1.2500V,volt=1.2250V
TIME:14:13:03
40780
cpu:average: 0.41, 0.48,,freq:frequency(48)=700000000,throttle_flag:throttled=0x50000,voltage:volt=1.2625V,volt=1.2500V,volt=1.2500V,volt=1.2250V
TIME:14:13:04
40242
cpu:average: 0.41, 0.48,,freq:frequency(48)=600002000,throttle_flag:throttled=0x50000,voltage:volt=1.2625V,volt=1.2500V,volt=1.2500V,volt=1.2250V
TIME:14:13:06
40780
cpu:average: 0.38, 0.47,,freq:frequency(48)=800000000,throttle_flag:throttled=0x50000,voltage:volt=1.2625V,volt=1.2500V,volt=1.2500V,volt=1.2250V
TIME:14:13:07
40780
cpu:average: 0.38, 0.47,,freq:frequency(48)=800000000,throttle_flag:throttled=0x50000,voltage:volt=1.2625V,volt=1.2500V,volt=1.2500V,volt=1.2250V
TIME:14:13:08
40780
cpu:average: 0.38, 0.47,,freq:frequency(48)=600000000,throttle_flag:throttled=0x50000,voltage:volt=1.2625V,volt=1.2500V,volt=1.2500V,volt=1.2250V
TIME:14:13:09
39704
cpu:average: 0.38, 0.47,,freq:frequency(48)=600000000,throttle_flag:throttled=0x50000,voltage:volt=1.2625V,volt=1.2500V,volt=1.2500V,volt=1.2250V
TIME:14:13:10
40780
cpu:average: 0.35, 0.46,,freq:frequency(48)=800000000,throttle_flag:throttled=0x50000,voltage:volt=1.2625V,volt=1.2500V,volt=1.2500V,volt=1.2250V
TIME:14:13:11
39704
cpu:average: 0.35, 0.46,,freq:frequency(48)=700000000,throttle_flag:throttled=0x50000,voltage:volt=1.2625V,volt=1.2500V,volt=1.2500V,volt=1.2250V
TIME:14:13:12
40780
cpu:average: 0.35, 0.46,,freq:frequency(48)=700000000,throttle_flag:throttled=0x50000,voltage:volt=1.2625V,volt=1.2500V,volt=1.2500V,volt=1.2250V
TIME:14:13:13
40780
cpu:average: 0.35, 0.46,,freq:frequency(48)=700000000,throttle_flag:throttled=0x50000,voltage:volt=1.2625V,volt=1.2500V,volt=1.2500V,volt=1.2250V
TIME:14:13:14
40780
cpu:average: 0.35, 0.46,,freq:frequency(48)=600000000,throttle_flag:throttled=0x50000,voltage:volt=1.2625V,volt=1.2500V,volt=1.2500V,volt=1.2250V
TIME:14:13:16
40780
cpu:average: 0.40, 0.47,,freq:frequency(48)=600002000,throttle_flag:throttled=0x50000,voltage:volt=1.2625V,volt=1.2500V,volt=1.2500V,volt=1.2250V
TIME:14:13:17
40242
cpu:average: 0.40, 0.47,,freq:frequency(48)=600000000,throttle_flag:throttled=0x50000,voltage:volt=1.2625V,volt=1.2500V,volt=1.2500V,volt=1.2250V
TIME:14:13:18
40780
cpu:average: 0.40, 0.47,,freq:frequency(48)=600000000,throttle_flag:throttled=0x50000,voltage:volt=1.2625V,volt=1.2500V,volt=1.2500V,volt=1.2250V
TIME:14:13:19
40780
cpu:average: 0.40, 0.47,,freq:frequency(48)=800000000,throttle_flag:throttled=0x50000,voltage:volt=1.2625V,volt=1.2500V,volt=1.2500V,volt=1.2250V
TIME:14:13:20
40780
cpu:average: 0.37, 0.46,,freq:frequency(48)=800000000,throttle_flag:throttled=0x50000,voltage:volt=1.2625V,volt=1.2500V,volt=1.2500V,volt=1.2250V
TIME:14:13:21
40780
cpu:average: 0.37, 0.46,,freq:frequency(48)=900000000,throttle_flag:throttled=0x50000,voltage:volt=1.2625V,volt=1.2500V,volt=1.2500V,volt=1.2250V
TIME:14:13:22
39704
cpu:average: 0.37, 0.46,,freq:frequency(48)=800000000,throttle_flag:throttled=0x50000,voltage:volt=1.2625V,volt=1.2500V,volt=1.2500V,volt=1.2250V
TIME:14:13:23
40780
cpu:average: 0.37, 0.46,,freq:frequency(48)=800000000,throttle_flag:throttled=0x50000,voltage:volt=1.2625V,volt=1.2500V,volt=1.2500V,volt=1.2250V
TIME:14:13:25
40242
cpu:average: 0.37, 0.46,,freq:frequency(48)=700000000,throttle_flag:throttled=0x50000,voltage:volt=1.2625V,volt=1.2500V,volt=1.2500V,volt=1.2250V
TIME:14:13:26
40780
cpu:average: 0.42, 0.47,,freq:frequency(48)=700000000,throttle_flag:throttled=0x50000,voltage:volt=1.2625V,volt=1.2500V,volt=1.2500V,volt=1.2250V
TIME:14:13:27
40780
cpu:average: 0.42, 0.47,,freq:frequency(48)=700000000,throttle_flag:throttled=0x50000,voltage:volt=1.2625V,volt=1.2500V,volt=1.2500V,volt=1.2250V
TIME:14:13:28
40242
cpu:average: 0.42, 0.47,,freq:frequency(48)=700000000,throttle_flag:throttled=0x50000,voltage:volt=1.2625V,volt=1.2500V,volt=1.2500V,volt=1.2250V
TIME:14:13:29
40780
cpu:average: 0.42, 0.47,,freq:frequency(48)=600000000,throttle_flag:throttled=0x50000,voltage:volt=1.2625V,volt=1.2500V,volt=1.2500V,volt=1.2250V
TIME:14:13:30
40242
cpu:average: 0.39, 0.46,,freq:frequency(48)=600000000,throttle_flag:throttled=0x50000,voltage:volt=1.2625V,volt=1.2500V,volt=1.2500V,volt=1.2250V
TIME:14:13:31
40780
cpu:average: 0.39, 0.46,,freq:frequency(48)=600000000,throttle_flag:throttled=0x50000,voltage:volt=1.2625V,volt=1.2500V,volt=1.2500V,volt=1.2250V
TIME:14:13:32
40780
cpu:average: 0.39, 0.46,,freq:frequency(48)=800000000,throttle_flag:throttled=0x50000,voltage:volt=1.2625V,volt=1.2500V,volt=1.2500V,volt=1.2250V
TIME:14:13:34
39704
cpu:average: 0.39, 0.46,,freq:frequency(48)=800000000,throttle_flag:throttled=0x50000,voltage:volt=1.2625V,volt=1.2500V,volt=1.2500V,volt=1.2250V
TIME:14:13:35
40242
cpu:average: 0.43, 0.47,,freq:frequency(48)=800000000,throttle_flag:throttled=0x50000,voltage:volt=1.2625V,volt=1.2500V,volt=1.2500V,volt=1.2250V
TIME:14:13:36
40780
cpu:average: 0.43, 0.47,,freq:frequency(48)=800000000,throttle_flag:throttled=0x50000,voltage:volt=1.2625V,volt=1.2500V,volt=1.2500V,volt=1.2250V
TIME:14:13:37
40242
cpu:average: 0.43, 0.47,,freq:frequency(48)=800000000,throttle_flag:throttled=0x50000,voltage:volt=1.2625V,volt=1.2500V,volt=1.2500V,volt=1.2250V
TIME:14:13:38
40780
cpu:average: 0.43, 0.47,,freq:frequency(48)=700000000,throttle_flag:throttled=0x50000,voltage:volt=1.2625V,volt=1.2500V,volt=1.2500V,volt=1.2250V
TIME:14:13:39
40242
cpu:average: 0.43, 0.47,,freq:frequency(48)=700000000,throttle_flag:throttled=0x50000,voltage:volt=1.2625V,volt=1.2500V,volt=1.2500V,volt=1.2250V
TIME:14:13:40
40780
cpu:average: 0.40, 0.47,,freq:frequency(48)=700000000,throttle_flag:throttled=0x50000,voltage:volt=1.2625V,volt=1.2500V,volt=1.2500V,volt=1.2250V
TIME:14:13:41
40780
cpu:average: 0.40, 0.47,,freq:frequency(48)=600000000,throttle_flag:throttled=0x50000,voltage:volt=1.2625V,volt=1.2500V,volt=1.2500V,volt=1.2250V
TIME:14:13:42
40242
cpu:average: 0.40, 0.47,,freq:frequency(48)=600000000,throttle_flag:throttled=0x50000,voltage:volt=1.2625V,volt=1.2500V,volt=1.2500V,volt=1.2250V
TIME:14:13:44
40780
cpu:average: 0.40, 0.47,,freq:frequency(48)=600000000,throttle_flag:throttled=0x50000,voltage:volt=1.2625V,volt=1.2500V,volt=1.2500V,volt=1.2250V
TIME:14:13:45
39704
cpu:average: 0.37, 0.46,,freq:frequency(48)=800000000,throttle_flag:throttled=0x50000,voltage:volt=1.2625V,volt=1.2500V,volt=1.2500V,volt=1.2250V
TIME:14:13:46
40780
cpu:average: 0.37, 0.46,,freq:frequency(48)=700000000,throttle_flag:throttled=0x50000,voltage:volt=1.2625V,volt=1.2500V,volt=1.2500V,volt=1.2250V
TIME:14:13:47
40242
cpu:average: 0.37, 0.46,,freq:frequency(48)=700000000,throttle_flag:throttled=0x50000,voltage:volt=1.2625V,volt=1.2500V,volt=1.2500V,volt=1.2250V
TIME:14:13:48
40780
cpu:average: 0.37, 0.46,,freq:frequency(48)=800000000,throttle_flag:throttled=0x50000,voltage:volt=1.2625V,volt=1.2500V,volt=1.2500V,volt=1.2250V
TIME:14:13:49
40242
cpu:average: 0.37, 0.46,,freq:frequency(48)=800000000,throttle_flag:throttled=0x50000,voltage:volt=1.2625V,volt=1.2500V,volt=1.2500V,volt=1.2250V
TIME:14:13:50
40780
cpu:average: 0.34, 0.45,,freq:frequency(48)=700000000,throttle_flag:throttled=0x50000,voltage:volt=1.2625V,volt=1.2500V,volt=1.2500V,volt=1.2250V
TIME:14:13:51
40780
cpu:average: 0.34, 0.45,,freq:frequency(48)=600000000,throttle_flag:throttled=0x50000,voltage:volt=1.2625V,volt=1.2500V,volt=1.2500V,volt=1.2250V
TIME:14:13:53
40242
cpu:average: 0.34, 0.45,,freq:frequency(48)=600000000,throttle_flag:throttled=0x50000,voltage:volt=1.2625V,volt=1.2500V,volt=1.2500V,volt=1.2250V
TIME:14:13:54
40242
cpu:average: 0.34, 0.45,,freq:frequency(48)=600000000,throttle_flag:throttled=0x50000,voltage:volt=1.2625V,volt=1.2500V,volt=1.2500V,volt=1.2250V
TIME:14:13:55
40242
cpu:average: 0.31, 0.44,,freq:frequency(48)=800000000,throttle_flag:throttled=0x50000,voltage:volt=1.2625V,volt=1.2500V,volt=1.2500V,volt=1.2250V
TIME:14:13:56
40780
cpu:average: 0.31, 0.44,,freq:frequency(48)=800000000,throttle_flag:throttled=0x50000,voltage:volt=1.2625V,volt=1.2500V,volt=1.2500V,volt=1.2250V
TIME:14:13:57
40242
cpu:average: 0.31, 0.44,,freq:frequency(48)=700000000,throttle_flag:throttled=0x50000,voltage:volt=1.2625V,volt=1.2500V,volt=1.2500V,volt=1.2250V
TIME:14:13:58
39704
cpu:average: 0.31, 0.44,,freq:frequency(48)=700000000,throttle_flag:throttled=0x50000,voltage:volt=1.2625V,volt=1.2500V,volt=1.2500V,volt=1.2250V
TIME:14:13:59
39704
cpu:average: 0.31, 0.44,,freq:frequency(48)=600000000,throttle_flag:throttled=0x50000,voltage:volt=1.2625V,volt=1.2500V,volt=1.2500V,volt=1.2250V
TIME:14:14:00
40242
cpu:average: 0.29, 0.43,,freq:frequency(48)=600000000,throttle_flag:throttled=0x50000,voltage:volt=1.2625V,volt=1.2500V,volt=1.2500V,volt=1.2250V
TIME:14:14:02
39704
cpu:average: 0.29, 0.43,,freq:frequency(48)=700000000,throttle_flag:throttled=0x50000,voltage:volt=1.2625V,volt=1.2500V,volt=1.2500V,volt=1.2250V
TIME:14:14:03
39704
cpu:average: 0.29, 0.43,,freq:frequency(48)=800000000,throttle_flag:throttled=0x50000,voltage:volt=1.2625V,volt=1.2500V,volt=1.2500V,volt=1.2250V
TIME:14:14:04
39704
cpu:average: 0.29, 0.43,,freq:frequency(48)=700000000,throttle_flag:throttled=0x50000,voltage:volt=1.2625V,volt=1.2500V,volt=1.2500V,volt=1.2250V
TIME:14:14:05
39704
cpu:average: 0.26, 0.43,,freq:frequency(48)=900000000,throttle_flag:throttled=0x50000,voltage:volt=1.2625V,volt=1.2500V,volt=1.2500V,volt=1.2250V
TIME:14:14:06
40242
cpu:average: 0.26, 0.43,,freq:frequency(48)=800000000,throttle_flag:throttled=0x50000,voltage:volt=1.2625V,volt=1.2500V,volt=1.2500V,volt=1.2250V
TIME:14:14:07
40242
cpu:average: 0.26, 0.43,,freq:frequency(48)=700000000,throttle_flag:throttled=0x50000,voltage:volt=1.2625V,volt=1.2500V,volt=1.2500V,volt=1.2250V
TIME:14:14:08
40242
cpu:average: 0.26, 0.43,,freq:frequency(48)=700000000,throttle_flag:throttled=0x50000,voltage:volt=1.2625V,volt=1.2500V,volt=1.2500V,volt=1.2250V
TIME:14:14:09
39704
cpu:average: 0.26, 0.43,,freq:frequency(48)=700000000,throttle_flag:throttled=0x50000,voltage:volt=1.2625V,volt=1.2500V,volt=1.2500V,volt=1.2250V
TIME:14:14:10
39704
cpu:average: 0.24, 0.42,,freq:frequency(48)=700000000,throttle_flag:throttled=0x50000,voltage:volt=1.2625V,volt=1.2500V,volt=1.2500V,volt=1.2250V
TIME:14:14:12
40242
cpu:average: 0.24, 0.42,,freq:frequency(48)=600000000,throttle_flag:throttled=0x50000,voltage:volt=1.2625V,volt=1.2500V,volt=1.2500V,volt=1.2250V
TIME:14:14:13
39704
cpu:average: 0.24, 0.42,,freq:frequency(48)=600000000,throttle_flag:throttled=0x50000,voltage:volt=1.2625V,volt=1.2500V,volt=1.2500V,volt=1.2250V
TIME:14:14:14
40780
cpu:average: 0.24, 0.42,,freq:frequency(48)=600000000,throttle_flag:throttled=0x50005,voltage:volt=1.2000V,volt=1.2500V,volt=1.2500V,volt=1.2250V
TIME:14:14:15
40780
cpu:average: 0.86, 0.55,,freq:frequency(48)=600000000,throttle_flag:throttled=0x50005,voltage:volt=1.2000V,volt=1.2500V,volt=1.2500V,volt=1.2250V
TIME:14:14:17
41856
cpu:average: 0.86, 0.55,,freq:frequency(48)=600000000,throttle_flag:throttled=0x50005,voltage:volt=1.2000V,volt=1.2500V,volt=1.2500V,volt=1.2250V
TIME:14:14:18
42932
cpu:average: 0.86, 0.55,,freq:frequency(48)=600000000,throttle_flag:throttled=0x50005,voltage:volt=1.2000V,volt=1.2500V,volt=1.2500V,volt=1.2250V
TIME:14:14:19
41856
cpu:average: 0.86, 0.55,,freq:frequency(48)=1400000000,throttle_flag:throttled=0x50000,voltage:volt=1.3625V,volt=1.2500V,volt=1.2500V,volt=1.2250V
TIME:14:14:20
41856
cpu:average: 0.87, 0.55,,freq:frequency(48)=1400000000,throttle_flag:throttled=0x50000,voltage:volt=1.3625V,volt=1.2500V,volt=1.2500V,volt=1.2250V
TIME:14:14:22
41856
cpu:average: 0.87, 0.55,,freq:frequency(48)=1399998000,throttle_flag:throttled=0x50000,voltage:volt=1.3625V,volt=1.2500V,volt=1.2500V,volt=1.2250V
TIME:14:14:23
41856
cpu:average: 0.87, 0.55,,freq:frequency(48)=1400000000,throttle_flag:throttled=0x50000,voltage:volt=1.3625V,volt=1.2500V,volt=1.2500V,volt=1.2250V
TIME:14:14:24
41318
cpu:average: 0.87, 0.55,,freq:frequency(48)=600000000,throttle_flag:throttled=0x50000,voltage:volt=1.2625V,volt=1.2500V,volt=1.2500V,volt=1.2250V
TIME:14:14:25
40780
cpu:average: 0.80, 0.54,,freq:frequency(48)=600000000,throttle_flag:throttled=0x50000,voltage:volt=1.2625V,volt=1.2500V,volt=1.2500V,volt=1.2250V
TIME:14:14:26
41318
cpu:average: 0.80, 0.54,,freq:frequency(48)=800000000,throttle_flag:throttled=0x50000,voltage:volt=1.2625V,volt=1.2500V,volt=1.2500V,volt=1.2250V
TIME:14:14:27
40780
cpu:average: 0.80, 0.54,,freq:frequency(48)=800000000,throttle_flag:throttled=0x50000,voltage:volt=1.2625V,volt=1.2500V,volt=1.2500V,volt=1.2250V
TIME:14:14:28
40780
cpu:average: 0.80, 0.54,,freq:frequency(48)=800000000,throttle_flag:throttled=0x50000,voltage:volt=1.2625V,volt=1.2500V,volt=1.2500V,volt=1.2250V
TIME:14:14:29
40780
cpu:average: 0.80, 0.54,,freq:frequency(48)=800000000,throttle_flag:throttled=0x50000,voltage:volt=1.2625V,volt=1.2500V,volt=1.2500V,volt=1.2250V
TIME:14:14:30
40780
cpu:average: 0.74, 0.54,,freq:frequency(48)=700000000,throttle_flag:throttled=0x50000,voltage:volt=1.2625V,volt=1.2500V,volt=1.2500V,volt=1.2250V
TIME:14:14:32
40780
cpu:average: 0.74, 0.54,,freq:frequency(48)=700000000,throttle_flag:throttled=0x50000,voltage:volt=1.2625V,volt=1.2500V,volt=1.2500V,volt=1.2250V
TIME:14:14:33
40780
cpu:average: 0.74, 0.54,,freq:frequency(48)=700000000,throttle_flag:throttled=0x50000,voltage:volt=1.2625V,volt=1.2500V,volt=1.2500V,volt=1.2250V
TIME:14:14:34
40242
cpu:average: 0.74, 0.54,,freq:frequency(48)=700000000,throttle_flag:throttled=0x50000,voltage:volt=1.2625V,volt=1.2500V,volt=1.2500V,volt=1.2250V
TIME:14:14:35
40780
cpu:average: 0.68, 0.53,,freq:frequency(48)=600000000,throttle_flag:throttled=0x50000,voltage:volt=1.2625V,volt=1.2500V,volt=1.2500V,volt=1.2250V
TIME:14:14:36
40780
cpu:average: 0.68, 0.53,,freq:frequency(48)=599998000,throttle_flag:throttled=0x50000,voltage:volt=1.2625V,volt=1.2500V,volt=1.2500V,volt=1.2250V
TIME:14:14:37
40242
cpu:0.68, 0.53, 0.45,freq:frequency(48)=600000000,throttle_flag:throttled=0x50000,voltage:volt=1.2625V,volt=1.2500V,volt=1.2500V,volt=1.2250V
TIME:14:14:38
40780
cpu:0.68, 0.53, 0.45,freq:frequency(48)=600000000,throttle_flag:throttled=0x50000,voltage:volt=1.2625V,volt=1.2500V,volt=1.2500V,volt=1.2250V
TIME:14:14:39
40780
cpu:0.68, 0.53, 0.45,freq:frequency(48)=800000000,throttle_flag:throttled=0x50000,voltage:volt=1.2625V,volt=1.2500V,volt=1.2500V,volt=1.2250V
TIME:14:14:41
39704
cpu:0.62, 0.52, 0.45,freq:frequency(48)=800000000,throttle_flag:throttled=0x50000,voltage:volt=1.2625V,volt=1.2500V,volt=1.2500V,volt=1.2250V
TIME:14:14:42
40780
cpu:0.62, 0.52, 0.45,freq:frequency(48)=800000000,throttle_flag:throttled=0x50000,voltage:volt=1.2625V,volt=1.2500V,volt=1.2500V,volt=1.2250V
TIME:14:14:43
39704
cpu:0.62, 0.52, 0.45,freq:frequency(48)=800000000,throttle_flag:throttled=0x50000,voltage:volt=1.2625V,volt=1.2500V,volt=1.2500V,volt=1.2250V
TIME:14:14:44
40242
cpu:0.62, 0.52, 0.45,freq:frequency(48)=800000000,throttle_flag:throttled=0x50000,voltage:volt=1.2625V,volt=1.2500V,volt=1.2500V,volt=1.2250V
TIME:14:14:45
40242
cpu:0.57, 0.51, 0.44,freq:frequency(48)=699998000,throttle_flag:throttled=0x50000,voltage:volt=1.2625V,volt=1.2500V,volt=1.2500V,volt=1.2250V
TIME:14:14:46
39704
cpu:0.57, 0.51, 0.44,freq:frequency(48)=700000000,throttle_flag:throttled=0x50000,voltage:volt=1.2625V,volt=1.2500V,volt=1.2500V,volt=1.2250V
TIME:14:14:47
39704
cpu:0.57, 0.51, 0.44,freq:frequency(48)=700000000,throttle_flag:throttled=0x50000,voltage:volt=1.2625V,volt=1.2500V,volt=1.2500V,volt=1.2250V
TIME:14:14:48
40780
cpu:0.57, 0.51, 0.44,freq:frequency(48)=800000000,throttle_flag:throttled=0x50000,voltage:volt=1.2625V,volt=1.2500V,volt=1.2500V,volt=1.2250V
TIME:14:14:50
40242
cpu:0.57, 0.51, 0.44,freq:frequency(48)=800000000,throttle_flag:throttled=0x50000,voltage:volt=1.2625V,volt=1.2500V,volt=1.2500V,volt=1.2250V
TIME:14:14:51
40780
cpu:0.53, 0.50, 0.44,freq:frequency(48)=700000000,throttle_flag:throttled=0x50000,voltage:volt=1.2625V,volt=1.2500V,volt=1.2500V,volt=1.2250V
TIME:14:14:52
39704
cpu:0.53, 0.50, 0.44,freq:frequency(48)=700000000,throttle_flag:throttled=0x50000,voltage:volt=1.2625V,volt=1.2500V,volt=1.2500V,volt=1.2250V
TIME:14:14:53
40242
cpu:0.53, 0.50, 0.44,freq:frequency(48)=700000000,throttle_flag:throttled=0x50000,voltage:volt=1.2625V,volt=1.2500V,volt=1.2500V,volt=1.2250V
TIME:14:14:54
40780
cpu:0.53, 0.50, 0.44,freq:frequency(48)=600002000,throttle_flag:throttled=0x50000,voltage:volt=1.2625V,volt=1.2500V,volt=1.2500V,volt=1.2250V
TIME:14:14:55
39704
cpu:0.49, 0.49, 0.44,freq:frequency(48)=600000000,throttle_flag:throttled=0x50000,voltage:volt=1.2625V,volt=1.2500V,volt=1.2500V,volt=1.2250V
TIME:14:14:56
40242
cpu:0.49, 0.49, 0.44,freq:frequency(48)=800000000,throttle_flag:throttled=0x50000,voltage:volt=1.2625V,volt=1.2500V,volt=1.2500V,volt=1.2250V
TIME:14:14:57
39704
cpu:0.49, 0.49, 0.44,freq:frequency(48)=800000000,throttle_flag:throttled=0x50000,voltage:volt=1.2625V,volt=1.2500V,volt=1.2500V,volt=1.2250V
TIME:14:14:58
39704
cpu:0.49, 0.49, 0.44,freq:frequency(48)=800000000,throttle_flag:throttled=0x50000,voltage:volt=1.2625V,volt=1.2500V,volt=1.2500V,volt=1.2250V
TIME:14:15:00
40242
cpu:0.49, 0.49, 0.44,freq:frequency(48)=700000000,throttle_flag:throttled=0x50000,voltage:volt=1.2625V,volt=1.2500V,volt=1.2500V,volt=1.2250V
TIME:14:15:01
39704
cpu:0.61, 0.52, 0.45,freq:frequency(48)=700000000,throttle_flag:throttled=0x50000,voltage:volt=1.2625V,volt=1.2500V,volt=1.2500V,volt=1.2250V
TIME:14:15:02
40242
cpu:0.61, 0.52, 0.45,freq:frequency(48)=600000000,throttle_flag:throttled=0x50000,voltage:volt=1.2625V,volt=1.2500V,volt=1.2500V,volt=1.2250V
TIME:14:15:03
39704
cpu:0.61, 0.52, 0.45,freq:frequency(48)=600000000,throttle_flag:throttled=0x50000,voltage:volt=1.2625V,volt=1.2500V,volt=1.2500V,volt=1.2250V
TIME:14:15:04
39704
cpu:0.61, 0.52, 0.45,freq:frequency(48)=800000000,throttle_flag:throttled=0x50000,voltage:volt=1.2625V,volt=1.2500V,volt=1.2500V,volt=1.2250V
TIME:14:15:05
39704
cpu:0.64, 0.52, 0.45,freq:frequency(48)=700000000,throttle_flag:throttled=0x50000,voltage:volt=1.2625V,volt=1.2500V,volt=1.2500V,volt=1.2250V
TIME:14:15:06
39704
cpu:0.64, 0.52, 0.45,freq:frequency(48)=700000000,throttle_flag:throttled=0x50000,voltage:volt=1.2625V,volt=1.2500V,volt=1.2500V,volt=1.2250V
TIME:14:15:08
39704
cpu:0.64, 0.52, 0.45,freq:frequency(48)=600000000,throttle_flag:throttled=0x50000,voltage:volt=1.2625V,volt=1.2500V,volt=1.2500V,volt=1.2250V
TIME:14:15:09
39704
cpu:0.64, 0.52, 0.45,freq:frequency(48)=600000000,throttle_flag:throttled=0x50000,voltage:volt=1.2625V,volt=1.2500V,volt=1.2500V,volt=1.2250V
TIME:14:15:10
39704
cpu:0.59, 0.52, 0.45,freq:frequency(48)=700000000,throttle_flag:throttled=0x50000,voltage:volt=1.2625V,volt=1.2500V,volt=1.2500V,volt=1.2250V
TIME:14:15:11
40242
cpu:0.59, 0.52, 0.45,freq:frequency(48)=700000000,throttle_flag:throttled=0x50000,voltage:volt=1.2625V,volt=1.2500V,volt=1.2500V,volt=1.2250V
TIME:14:15:12
40242
cpu:0.59, 0.52, 0.45,freq:frequency(48)=800000000,throttle_flag:throttled=0x50000,voltage:volt=1.2625V,volt=1.2500V,volt=1.2500V,volt=1.2250V
TIME:14:15:13
39704
cpu:0.59, 0.52, 0.45,freq:frequency(48)=800000000,throttle_flag:throttled=0x50000,voltage:volt=1.2625V,volt=1.2500V,volt=1.2500V,volt=1.2250V
TIME:14:15:14
39704
cpu:0.59, 0.52, 0.45,freq:frequency(48)=600000000,throttle_flag:throttled=0x50000,voltage:volt=1.2625V,volt=1.2500V,volt=1.2500V,volt=1.2250V
TIME:14:15:15
40242
cpu:0.54, 0.51, 0.45,freq:frequency(48)=600000000,throttle_flag:throttled=0x50000,voltage:volt=1.2625V,volt=1.2500V,volt=1.2500V,volt=1.2250V
TIME:14:15:17
39704
cpu:0.54, 0.51, 0.45,freq:frequency(48)=800000000,throttle_flag:throttled=0x50000,voltage:volt=1.2625V,volt=1.2500V,volt=1.2500V,volt=1.2250V
TIME:14:15:18
39704
cpu:0.54, 0.51, 0.45,freq:frequency(48)=700000000,throttle_flag:throttled=0x50000,voltage:volt=1.2625V,volt=1.2500V,volt=1.2500V,volt=1.2250V
TIME:14:15:19
40242
cpu:0.54, 0.51, 0.45,freq:frequency(48)=700000000,throttle_flag:throttled=0x50000,voltage:volt=1.2625V,volt=1.2500V,volt=1.2500V,volt=1.2250V
TIME:14:15:20
39704
cpu:0.50, 0.50, 0.44,freq:frequency(48)=600000000,throttle_flag:throttled=0x50000,voltage:volt=1.2625V,volt=1.2500V,volt=1.2500V,volt=1.2250V
TIME:14:15:21
39704
cpu:0.50, 0.50, 0.44,freq:frequency(48)=600000000,throttle_flag:throttled=0x50000,voltage:volt=1.2625V,volt=1.2500V,volt=1.2500V,volt=1.2250V
TIME:14:15:22
39704
cpu:0.50, 0.50, 0.44,freq:frequency(48)=600002000,throttle_flag:throttled=0x50000,voltage:volt=1.2625V,volt=1.2500V,volt=1.2500V,volt=1.2250V
TIME:14:15:23
40242
cpu:0.50, 0.50, 0.44,freq:frequency(48)=800000000,throttle_flag:throttled=0x50000,voltage:volt=1.2625V,volt=1.2500V,volt=1.2500V,volt=1.2250V
TIME:14:15:24
39704
cpu:0.50, 0.50, 0.44,freq:frequency(48)=700000000,throttle_flag:throttled=0x50000,voltage:volt=1.2625V,volt=1.2500V,volt=1.2500V,volt=1.2250V
TIME:14:15:26
39704
cpu:0.46, 0.49, 0.44,freq:frequency(48)=700000000,throttle_flag:throttled=0x50000,voltage:volt=1.2625V,volt=1.2500V,volt=1.2500V,volt=1.2250V
TIME:14:15:27
40242
cpu:0.46, 0.49, 0.44,freq:frequency(48)=700000000,throttle_flag:throttled=0x50000,voltage:volt=1.2625V,volt=1.2500V,volt=1.2500V,volt=1.2250V
TIME:14:15:28
39704
cpu:0.46, 0.49, 0.44,freq:frequency(48)=800000000,throttle_flag:throttled=0x50000,voltage:volt=1.2625V,volt=1.2500V,volt=1.2500V,volt=1.2250V
TIME:14:15:29
39704
cpu:0.46, 0.49, 0.44,freq:frequency(48)=700000000,throttle_flag:throttled=0x50000,voltage:volt=1.2625V,volt=1.2500V,volt=1.2500V,volt=1.2250V
TIME:14:15:30
39704
cpu:0.42, 0.48, 0.44,freq:frequency(48)=700000000,throttle_flag:throttled=0x50000,voltage:volt=1.2625V,volt=1.2500V,volt=1.2500V,volt=1.2250V
TIME:14:15:31
40242
cpu:0.42, 0.48, 0.44,freq:frequency(48)=600000000,throttle_flag:throttled=0x50000,voltage:volt=1.2625V,volt=1.2500V,volt=1.2500V,volt=1.2250V
TIME:14:15:32
40242
cpu:0.42, 0.48, 0.44,freq:frequency(48)=600000000,throttle_flag:throttled=0x50000,voltage:volt=1.2625V,volt=1.2500V,volt=1.2500V,volt=1.2250V
TIME:14:15:33
39704
cpu:0.42, 0.48, 0.44,freq:frequency(48)=800000000,throttle_flag:throttled=0x50000,voltage:volt=1.2625V,volt=1.2500V,volt=1.2500V,volt=1.2250V
TIME:14:15:35
39704
cpu:0.42, 0.48, 0.44,freq:frequency(48)=700000000,throttle_flag:throttled=0x50000,voltage:volt=1.2625V,volt=1.2500V,volt=1.2500V,volt=1.2250V
TIME:14:15:36
40242
cpu:0.47, 0.49, 0.44,freq:frequency(48)=700000000,throttle_flag:throttled=0x50000,voltage:volt=1.2625V,volt=1.2500V,volt=1.2500V,volt=1.2250V
TIME:14:15:37
39704
cpu:0.47, 0.49, 0.44,freq:frequency(48)=700000000,throttle_flag:throttled=0x50000,voltage:volt=1.2625V,volt=1.2500V,volt=1.2500V,volt=1.2250V
TIME:14:15:38
39704
cpu:0.47, 0.49, 0.44,freq:frequency(48)=600000000,throttle_flag:throttled=0x50000,voltage:volt=1.2625V,volt=1.2500V,volt=1.2500V,volt=1.2250V
TIME:14:15:39
39704
cpu:0.47, 0.49, 0.44,freq:frequency(48)=600000000,throttle_flag:throttled=0x50000,voltage:volt=1.2625V,volt=1.2500V,volt=1.2500V,volt=1.2250V
TIME:14:15:40
39704
cpu:0.43, 0.48, 0.44,freq:frequency(48)=800000000,throttle_flag:throttled=0x50000,voltage:volt=1.2625V,volt=1.2500V,volt=1.2500V,volt=1.2250V
TIME:14:15:41
39704
cpu:0.43, 0.48, 0.44,freq:frequency(48)=700000000,throttle_flag:throttled=0x50000,voltage:volt=1.2625V,volt=1.2500V,volt=1.2500V,volt=1.2250V
TIME:14:15:42
39704
cpu:0.43, 0.48, 0.44,freq:frequency(48)=700000000,throttle_flag:throttled=0x50000,voltage:volt=1.2625V,volt=1.2500V,volt=1.2500V,volt=1.2250V
TIME:14:15:44
39704
cpu:0.43, 0.48, 0.44,freq:frequency(48)=800000000,throttle_flag:throttled=0x50000,voltage:volt=1.2625V,volt=1.2500V,volt=1.2500V,volt=1.2250V
TIME:14:15:45
39704
cpu:0.48, 0.49, 0.44,freq:frequency(48)=800000000,throttle_flag:throttled=0x50000,voltage:volt=1.2625V,volt=1.2500V,volt=1.2500V,volt=1.2250V
TIME:14:15:46
39704
cpu:0.48, 0.49, 0.44,freq:frequency(48)=600000000,throttle_flag:throttled=0x50000,voltage:volt=1.2625V,volt=1.2500V,volt=1.2500V,volt=1.2250V
TIME:14:15:47
40242
cpu:0.48, 0.49, 0.44,freq:frequency(48)=600000000,throttle_flag:throttled=0x50000,voltage:volt=1.2625V,volt=1.2500V,volt=1.2500V,volt=1.2250V
TIME:14:15:48
39704
cpu:0.48, 0.49, 0.44,freq:frequency(48)=800000000,throttle_flag:throttled=0x50000,voltage:volt=1.2625V,volt=1.2500V,volt=1.2500V,volt=1.2250V
TIME:14:15:49
39704
cpu:0.48, 0.49, 0.44,freq:frequency(48)=700000000,throttle_flag:throttled=0x50000,voltage:volt=1.2625V,volt=1.2500V,volt=1.2500V,volt=1.2250V
TIME:14:15:50
39704
cpu:0.52, 0.50, 0.45,freq:frequency(48)=700000000,throttle_flag:throttled=0x50000,voltage:volt=1.2625V,volt=1.2500V,volt=1.2500V,volt=1.2250V
TIME:14:15:52
39704
cpu:0.52, 0.50, 0.45,freq:frequency(48)=600002000,throttle_flag:throttled=0x50000,voltage:volt=1.2625V,volt=1.2500V,volt=1.2500V,volt=1.2250V
TIME:14:15:53
39704
cpu:0.52, 0.50, 0.45,freq:frequency(48)=600000000,throttle_flag:throttled=0x50000,voltage:volt=1.2625V,volt=1.2500V,volt=1.2500V,volt=1.2250V
TIME:14:15:54
39704
cpu:0.52, 0.50, 0.45,freq:frequency(48)=800000000,throttle_flag:throttled=0x50000,voltage:volt=1.2625V,volt=1.2500V,volt=1.2500V,volt=1.2250V
TIME:14:15:55
39704
cpu:0.48, 0.49, 0.44,freq:frequency(48)=700000000,throttle_flag:throttled=0x50000,voltage:volt=1.2625V,volt=1.2500V,volt=1.2500V,volt=1.2250V
TIME:14:15:56
39704
cpu:0.48, 0.49, 0.44,freq:frequency(48)=700000000,throttle_flag:throttled=0x50000,voltage:volt=1.2625V,volt=1.2500V,volt=1.2500V,volt=1.2250V
TIME:14:15:57
39166
cpu:0.48, 0.49, 0.44,freq:frequency(48)=700000000,throttle_flag:throttled=0x50000,voltage:volt=1.2625V,volt=1.2500V,volt=1.2500V,volt=1.2250V
TIME:14:15:58
39704
cpu:0.48, 0.49, 0.44,freq:frequency(48)=800000000,throttle_flag:throttled=0x50000,voltage:volt=1.2625V,volt=1.2500V,volt=1.2500V,volt=1.2250V
TIME:14:15:59
39704
cpu:0.48, 0.49, 0.44,freq:frequency(48)=800000000,throttle_flag:throttled=0x50000,voltage:volt=1.2625V,volt=1.2500V,volt=1.2500V,volt=1.2250V
TIME:14:16:01
39704
cpu:0.44, 0.48, 0.44,freq:frequency(48)=600000000,throttle_flag:throttled=0x50000,voltage:volt=1.2625V,volt=1.2500V,volt=1.2500V,volt=1.2250V
TIME:14:16:02
39704
cpu:0.44, 0.48, 0.44,freq:frequency(48)=800000000,throttle_flag:throttled=0x50000,voltage:volt=1.2625V,volt=1.2500V,volt=1.2500V,volt=1.2250V
TIME:14:16:03
39704
cpu:0.44, 0.48, 0.44,freq:frequency(48)=700000000,throttle_flag:throttled=0x50000,voltage:volt=1.2625V,volt=1.2500V,volt=1.2500V,volt=1.2250V
TIME:14:16:04
39704
cpu:0.44, 0.48, 0.44,freq:frequency(48)=700000000,throttle_flag:throttled=0x50000,voltage:volt=1.2625V,volt=1.2500V,volt=1.2500V,volt=1.2250V
TIME:14:16:05
39704
cpu:0.40, 0.47, 0.44,freq:frequency(48)=700000000,throttle_flag:throttled=0x50000,voltage:volt=1.2625V,volt=1.2500V,volt=1.2500V,volt=1.2250V
TIME:14:16:06
39704
cpu:0.40, 0.47, 0.44,freq:frequency(48)=600002000,throttle_flag:throttled=0x50000,voltage:volt=1.2625V,volt=1.2500V,volt=1.2500V,volt=1.2250V
TIME:14:16:07
39166
cpu:0.40, 0.47, 0.44,freq:frequency(48)=600000000,throttle_flag:throttled=0x50000,voltage:volt=1.2625V,volt=1.2500V,volt=1.2500V,volt=1.2250V
TIME:14:16:08
39704
cpu:0.40, 0.47, 0.44,freq:frequency(48)=600000000,throttle_flag:throttled=0x50000,voltage:volt=1.2625V,volt=1.2500V,volt=1.2500V,volt=1.2250V
TIME:14:16:10
39166
cpu:0.40, 0.47, 0.44,freq:frequency(48)=800000000,throttle_flag:throttled=0x50000,voltage:volt=1.2625V,volt=1.2500V,volt=1.2500V,volt=1.2250V
TIME:14:16:11
39704
cpu:0.37, 0.47, 0.44,freq:frequency(48)=700000000,throttle_flag:throttled=0x50000,voltage:volt=1.2625V,volt=1.2500V,volt=1.2500V,volt=1.2250V
TIME:14:16:12
39704
cpu:0.37, 0.47, 0.44,freq:frequency(48)=700000000,throttle_flag:throttled=0x50000,voltage:volt=1.2625V,volt=1.2500V,volt=1.2500V,volt=1.2250V
TIME:14:16:13
39704
cpu:0.37, 0.47, 0.44,freq:frequency(48)=700000000,throttle_flag:throttled=0x50000,voltage:volt=1.2625V,volt=1.2500V,volt=1.2500V,volt=1.2250V
TIME:14:16:14
39704
cpu:0.37, 0.47, 0.44,freq:frequency(48)=800000000,throttle_flag:throttled=0x50000,voltage:volt=1.2625V,volt=1.2500V,volt=1.2500V,volt=1.2250V
TIME:14:16:15
39704
cpu:0.34, 0.46, 0.43,freq:frequency(48)=700000000,throttle_flag:throttled=0x50000,voltage:volt=1.2625V,volt=1.2500V,volt=1.2500V,volt=1.2250V
TIME:14:16:16
39166
cpu:0.34, 0.46, 0.43,freq:frequency(48)=600000000,throttle_flag:throttled=0x50000,voltage:volt=1.2625V,volt=1.2500V,volt=1.2500V,volt=1.2250V
TIME:14:16:17
39704
cpu:0.34, 0.46, 0.43,freq:frequency(48)=800000000,throttle_flag:throttled=0x50000,voltage:volt=1.2625V,volt=1.2500V,volt=1.2500V,volt=1.2250V
TIME:14:16:18
40242
cpu:0.34, 0.46, 0.43,freq:frequency(48)=700000000,throttle_flag:throttled=0x50000,voltage:volt=1.2625V,volt=1.2500V,volt=1.2500V,volt=1.2250V
TIME:14:16:20
39704
cpu:0.34, 0.46, 0.43,freq:frequency(48)=700000000,throttle_flag:throttled=0x50000,voltage:volt=1.2625V,volt=1.2500V,volt=1.2500V,volt=1.2250V
TIME:14:16:21
39704
cpu:0.39, 0.47, 0.44,freq:frequency(48)=700000000,throttle_flag:throttled=0x50000,voltage:volt=1.2625V,volt=1.2500V,volt=1.2500V,volt=1.2250V
TIME:14:16:22
39704
cpu:0.39, 0.47, 0.44,freq:frequency(48)=600000000,throttle_flag:throttled=0x50000,voltage:volt=1.2625V,volt=1.2500V,volt=1.2500V,volt=1.2250V
TIME:14:16:23
39704
cpu:0.39, 0.47, 0.44,freq:frequency(48)=600000000,throttle_flag:throttled=0x50000,voltage:volt=1.2625V,volt=1.2500V,volt=1.2500V,volt=1.2250V
TIME:14:16:24
39704
cpu:0.39, 0.47, 0.44,freq:frequency(48)=600000000,throttle_flag:throttled=0x50000,voltage:volt=1.2625V,volt=1.2500V,volt=1.2500V,volt=1.2250V
TIME:14:16:25
39704
cpu:0.36, 0.46, 0.43,freq:frequency(48)=900000000,throttle_flag:throttled=0x50000,voltage:volt=1.2625V,volt=1.2500V,volt=1.2500V,volt=1.2250V
TIME:14:16:26
39704
cpu:0.36, 0.46, 0.43,freq:frequency(48)=800000000,throttle_flag:throttled=0x50000,voltage:volt=1.2625V,volt=1.2500V,volt=1.2500V,volt=1.2250V
TIME:14:16:27
39166
cpu:0.36, 0.46, 0.43,freq:frequency(48)=800000000,throttle_flag:throttled=0x50000,voltage:volt=1.2625V,volt=1.2500V,volt=1.2500V,volt=1.2250V
TIME:14:16:29
39704
cpu:0.36, 0.46, 0.43,freq:frequency(48)=900000000,throttle_flag:throttled=0x50000,voltage:volt=1.2625V,volt=1.2500V,volt=1.2500V,volt=1.2250V
TIME:14:16:30
39166
cpu:0.36, 0.46, 0.43,freq:frequency(48)=800000000,throttle_flag:throttled=0x50000,voltage:volt=1.2625V,volt=1.2500V,volt=1.2500V,volt=1.2250V
TIME:14:16:31
39166
cpu:0.49, 0.49, 0.44,freq:frequency(48)=700000000,throttle_flag:throttled=0x50000,voltage:volt=1.2625V,volt=1.2500V,volt=1.2500V,volt=1.2250V
TIME:14:16:32
39704
cpu:0.49, 0.49, 0.44,freq:frequency(48)=700000000,throttle_flag:throttled=0x50000,voltage:volt=1.2625V,volt=1.2500V,volt=1.2500V,volt=1.2250V
TIME:14:16:33
39166
cpu:0.49, 0.49, 0.44,freq:frequency(48)=700000000,throttle_flag:throttled=0x50000,voltage:volt=1.2625V,volt=1.2500V,volt=1.2500V,volt=1.2250V
TIME:14:16:34
39704
cpu:0.49, 0.49, 0.44,freq:frequency(48)=600000000,throttle_flag:throttled=0x50000,voltage:volt=1.2625V,volt=1.2500V,volt=1.2500V,volt=1.2250V
TIME:14:16:35
39166
cpu:0.45, 0.48, 0.44,freq:frequency(48)=599998000,throttle_flag:throttled=0x50000,voltage:volt=1.2625V,volt=1.2500V,volt=1.2500V,volt=1.2250V
TIME:14:16:36
39166
cpu:0.45, 0.48, 0.44,freq:frequency(48)=600000000,throttle_flag:throttled=0x50000,voltage:volt=1.2625V,volt=1.2500V,volt=1.2500V,volt=1.2250V
TIME:14:16:38
39704
cpu:0.45, 0.48, 0.44,freq:frequency(48)=900000000,throttle_flag:throttled=0x50000,voltage:volt=1.2625V,volt=1.2500V,volt=1.2500V,volt=1.2250V
TIME:14:16:39
40242
cpu:0.45, 0.48, 0.44,freq:frequency(48)=700000000,throttle_flag:throttled=0x50000,voltage:volt=1.2625V,volt=1.2500V,volt=1.2500V,volt=1.2250V
TIME:14:16:40
39166
cpu:0.42, 0.47, 0.44,freq:frequency(48)=700000000,throttle_flag:throttled=0x50000,voltage:volt=1.2625V,volt=1.2500V,volt=1.2500V,volt=1.2250V
TIME:14:16:41
39704
cpu:0.42, 0.47, 0.44,freq:frequency(48)=700000000,throttle_flag:throttled=0x50000,voltage:volt=1.2625V,volt=1.2500V,volt=1.2500V,volt=1.2250V
TIME:14:16:42
39166
cpu:0.42, 0.47, 0.44,freq:frequency(48)=800000000,throttle_flag:throttled=0x50000,voltage:volt=1.2625V,volt=1.2500V,volt=1.2500V,volt=1.2250V
TIME:14:16:43
39166
cpu:0.42, 0.47, 0.44,freq:frequency(48)=800000000,throttle_flag:throttled=0x50000,voltage:volt=1.2625V,volt=1.2500V,volt=1.2500V,volt=1.2250V
TIME:14:16:44
39704
cpu:0.42, 0.47, 0.44,freq:frequency(48)=600000000,throttle_flag:throttled=0x50000,voltage:volt=1.2625V,volt=1.2500V,volt=1.2500V,volt=1.2250V
TIME:14:16:45
39166
cpu:0.38, 0.46, 0.44,freq:frequency(48)=600000000,throttle_flag:throttled=0x50000,voltage:volt=1.2625V,volt=1.2500V,volt=1.2500V,volt=1.2250V
TIME:14:16:47
39704
cpu:0.38, 0.46, 0.44,freq:frequency(48)=800000000,throttle_flag:throttled=0x50000,voltage:volt=1.2625V,volt=1.2500V,volt=1.2500V,volt=1.2250V
TIME:14:16:48
39166
cpu:0.38, 0.46, 0.44,freq:frequency(48)=700000000,throttle_flag:throttled=0x50000,voltage:volt=1.2625V,volt=1.2500V,volt=1.2500V,volt=1.2250V
TIME:14:16:49
39704
cpu:0.38, 0.46, 0.44,freq:frequency(48)=700000000,throttle_flag:throttled=0x50000,voltage:volt=1.2625V,volt=1.2500V,volt=1.2500V,volt=1.2250V
TIME:14:16:50
39704
cpu:0.35, 0.45, 0.43,freq:frequency(48)=700000000,throttle_flag:throttled=0x50000,voltage:volt=1.2625V,volt=1.2500V,volt=1.2500V,volt=1.2250V
TIME:14:16:51
39704
cpu:0.35, 0.45, 0.43,freq:frequency(48)=600000000,throttle_flag:throttled=0x50000,voltage:volt=1.2625V,volt=1.2500V,volt=1.2500V,volt=1.2250V
TIME:14:16:52
39704
cpu:0.35, 0.45, 0.43,freq:frequency(48)=600000000,throttle_flag:throttled=0x50000,voltage:volt=1.2625V,volt=1.2500V,volt=1.2500V,volt=1.2250V
TIME:14:16:53
38628
cpu:0.35, 0.45, 0.43,freq:frequency(48)=600000000,throttle_flag:throttled=0x50000,voltage:volt=1.2625V,volt=1.2500V,volt=1.2500V,volt=1.2250V
TIME:14:16:54
39166
cpu:0.35, 0.45, 0.43,freq:frequency(48)=800000000,throttle_flag:throttled=0x50000,voltage:volt=1.2625V,volt=1.2500V,volt=1.2500V,volt=1.2250V
TIME:14:16:56
39704
cpu:0.32, 0.45, 0.43,freq:frequency(48)=800000000,throttle_flag:throttled=0x50000,voltage:volt=1.2625V,volt=1.2500V,volt=1.2500V,volt=1.2250V
TIME:14:16:57
39166
cpu:0.32, 0.45, 0.43,freq:frequency(48)=800000000,throttle_flag:throttled=0x50000,voltage:volt=1.2625V,volt=1.2500V,volt=1.2500V,volt=1.2250V
TIME:14:16:58
39704
cpu:0.32, 0.45, 0.43,freq:frequency(48)=800000000,throttle_flag:throttled=0x50000,voltage:volt=1.2625V,volt=1.2500V,volt=1.2500V,volt=1.2250V
TIME:14:16:59
39166
cpu:0.32, 0.45, 0.43,freq:frequency(48)=700000000,throttle_flag:throttled=0x50000,voltage:volt=1.2625V,volt=1.2500V,volt=1.2500V,volt=1.2250V
TIME:14:17:00
39166
cpu:0.30, 0.44, 0.43,freq:frequency(48)=700000000,throttle_flag:throttled=0x50000,voltage:volt=1.2625V,volt=1.2500V,volt=1.2500V,volt=1.2250V
TIME:14:17:01
39704
cpu:0.30, 0.44, 0.43,freq:frequency(48)=600000000,throttle_flag:throttled=0x50000,voltage:volt=1.2625V,volt=1.2500V,volt=1.2500V,volt=1.2250V
TIME:14:17:02
39704
cpu:0.30, 0.44, 0.43,freq:frequency(48)=600000000,throttle_flag:throttled=0x50000,voltage:volt=1.2625V,volt=1.2500V,volt=1.2500V,volt=1.2250V
TIME:14:17:03
39166
cpu:0.30, 0.44, 0.43,freq:frequency(48)=600000000,throttle_flag:throttled=0x50000,voltage:volt=1.2625V,volt=1.2500V,volt=1.2500V,volt=1.2250V
TIME:14:17:04
39166
cpu:0.30, 0.44, 0.43,freq:frequency(48)=800000000,throttle_flag:throttled=0x50000,voltage:volt=1.2625V,volt=1.2500V,volt=1.2500V,volt=1.2250V
TIME:14:17:06
39166
cpu:0.27, 0.43, 0.43,freq:frequency(48)=800000000,throttle_flag:throttled=0x50000,voltage:volt=1.2625V,volt=1.2500V,volt=1.2500V,volt=1.2250V
TIME:14:17:07
39704
cpu:0.27, 0.43, 0.43,freq:frequency(48)=800000000,throttle_flag:throttled=0x50000,voltage:volt=1.2625V,volt=1.2500V,volt=1.2500V,volt=1.2250V
TIME:14:17:08
39704
cpu:0.27, 0.43, 0.43,freq:frequency(48)=800002000,throttle_flag:throttled=0x50000,voltage:volt=1.2625V,volt=1.2500V,volt=1.2500V,volt=1.2250V
TIME:14:17:09
39166
cpu:0.27, 0.43, 0.43,freq:frequency(48)=700000000,throttle_flag:throttled=0x50000,voltage:volt=1.2625V,volt=1.2500V,volt=1.2500V,volt=1.2250V
TIME:14:17:10
39166
cpu:0.33, 0.44, 0.43,freq:frequency(48)=700000000,throttle_flag:throttled=0x50000,voltage:volt=1.2625V,volt=1.2500V,volt=1.2500V,volt=1.2250V
TIME:14:17:11
39166
cpu:0.33, 0.44, 0.43,freq:frequency(48)=800000000,throttle_flag:throttled=0x50000,voltage:volt=1.2625V,volt=1.2500V,volt=1.2500V,volt=1.2250V
TIME:14:17:12
40242
cpu:0.33, 0.44, 0.43,freq:frequency(48)=800000000,throttle_flag:throttled=0x50000,voltage:volt=1.2625V,volt=1.2500V,volt=1.2500V,volt=1.2250V
TIME:14:17:13
39704
cpu:0.33, 0.44, 0.43,freq:frequency(48)=700000000,throttle_flag:throttled=0x50000,voltage:volt=1.2625V,volt=1.2500V,volt=1.2500V,volt=1.2250V
TIME:14:17:15
39704
cpu:0.33, 0.44, 0.43,freq:frequency(48)=700000000,throttle_flag:throttled=0x50000,voltage:volt=1.2625V,volt=1.2500V,volt=1.2500V,volt=1.2250V
TIME:14:17:16
39166
cpu:0.39, 0.45, 0.43,freq:frequency(48)=600000000,throttle_flag:throttled=0x50000,voltage:volt=1.2625V,volt=1.2500V,volt=1.2500V,volt=1.2250V
TIME:14:17:17
39704
cpu:0.39, 0.45, 0.43,freq:frequency(48)=600000000,throttle_flag:throttled=0x50000,voltage:volt=1.2625V,volt=1.2500V,volt=1.2500V,volt=1.2250V
TIME:14:17:18
38628
cpu:0.39, 0.45, 0.43,freq:frequency(48)=600000000,throttle_flag:throttled=0x50000,voltage:volt=1.2625V,volt=1.2500V,volt=1.2500V,volt=1.2250V
TIME:14:17:19
39166
cpu:0.39, 0.45, 0.43,freq:frequency(48)=800000000,throttle_flag:throttled=0x50000,voltage:volt=1.2625V,volt=1.2500V,volt=1.2500V,volt=1.2250V
TIME:14:17:20
38628
cpu:0.35, 0.44, 0.43,freq:frequency(48)=800000000,throttle_flag:throttled=0x50000,voltage:volt=1.2625V,volt=1.2500V,volt=1.2500V,volt=1.2250V
TIME:14:17:21
39166
cpu:0.35, 0.44, 0.43,freq:frequency(48)=800000000,throttle_flag:throttled=0x50000,voltage:volt=1.2625V,volt=1.2500V,volt=1.2500V,volt=1.2250V
TIME:14:17:22
39704
cpu:0.35, 0.44, 0.43,freq:frequency(48)=700000000,throttle_flag:throttled=0x50000,voltage:volt=1.2625V,volt=1.2500V,volt=1.2500V,volt=1.2250V
TIME:14:17:24
39704
cpu:0.35, 0.44, 0.43,freq:frequency(48)=600000000,throttle_flag:throttled=0x50005,voltage:volt=1.2000V,volt=1.2500V,volt=1.2500V,volt=1.2250V
TIME:14:17:25
41318
cpu:0.65, 0.50, 0.45,freq:frequency(48)=600000000,throttle_flag:throttled=0x50005,voltage:volt=1.2000V,volt=1.2500V,volt=1.2500V,volt=1.2250V
TIME:14:17:27
41318
cpu:0.65, 0.50, 0.45,freq:frequency(48)=600000000,throttle_flag:throttled=0x50005,voltage:volt=1.2000V,volt=1.2500V,volt=1.2500V,volt=1.2250V
TIME:14:17:28
41318
cpu:0.65, 0.50, 0.45,freq:frequency(48)=1400000000,throttle_flag:throttled=0x50000,voltage:volt=1.3625V,volt=1.2500V,volt=1.2500V,volt=1.2250V
TIME:14:17:29
41856
cpu:0.65, 0.50, 0.45,freq:frequency(48)=1399998000,throttle_flag:throttled=0x50000,voltage:volt=1.3625V,volt=1.2500V,volt=1.2500V,volt=1.2250V
TIME:14:17:30
41856
cpu:0.68, 0.51, 0.45,freq:frequency(48)=1400000000,throttle_flag:throttled=0x50000,voltage:volt=1.3625V,volt=1.2500V,volt=1.2500V,volt=1.2250V
TIME:14:17:31
42932
cpu:0.68, 0.51, 0.45,freq:frequency(48)=1400000000,throttle_flag:throttled=0x50000,voltage:volt=1.3625V,volt=1.2500V,volt=1.2500V,volt=1.2250V
