ALL SYNC
2026-04-21 11:54:47.946015 Sync done -> model run start
2026-04-21 11:54:47.946015 Sync done -> model run start
2026-04-21 11:54:47.946015 Sync done -> model run start
2026-04-21 11:54:47.984969 Sync done -> model run start
1 26.003 [5.536116255214438, 4.270516906166449, 5.996838083956391, 5.711128722177818, 4.488189928932115]
2 26.027 [5.606016752077267, 4.270731019088998, 5.988036246038973, 5.673889551078901, 4.488425032934174]
0 26.111 [5.6021245289593935, 4.272660282906145, 6.016152799129486, 5.763791736913845, 4.455858133034781]
3 26.671 [5.750828092219308, 4.550820665899664, 6.530089725041762, 5.638105111895129, 4.201323227956891]
2026-04-21 11:55:16.077176 Sync done -> model run start
2026-04-21 11:55:16.077590 Sync done -> model run start
2026-04-21 11:55:16.121383 Sync done -> model run start
2026-04-21 11:55:16.168503 Sync done -> model run start
0 28.398 [6.428218628047034, 6.362778371898457, 6.528190512908623, 4.897194521035999, 4.181123570073396]
1 28.486 [6.436044219881296, 6.354667832143605, 6.595936020137742, 4.8627568481024355, 4.236428554868326]
2 28.785 [6.423277918947861, 6.4028943029697984, 6.5423070709221065, 5.216128125088289, 4.200283700833097]
3 29.098 [6.853214509086683, 6.680278438841924, 6.697828368050978, 4.672919910168275, 4.19396487204358]
2026-04-21 11:55:46.791441 Sync done -> model run start
2026-04-21 11:55:46.821446 Sync done -> model run start
2026-04-21 11:55:46.833265 Sync done -> model run start
2026-04-21 11:55:47.018671 Sync done -> model run start
3 28.555 [6.202189908130094, 6.493233415065333, 6.260972690070048, 4.458103019976988, 5.140331400092691]
1 28.812 [6.2592904581688344, 6.389276545029134, 6.395246261032298, 4.532464229036123, 5.23520539002493]
0 28.952 [6.28552967403084, 6.379703667014837, 6.379409397020936, 4.825697935884818, 5.080949922092259]
2 29.353 [6.423368750140071, 6.8623279090970755, 6.538146097911522, 4.362335491925478, 5.166146555915475]
2026-04-21 11:56:17.708906 Sync done -> model run start
2026-04-21 11:56:17.708906 Sync done -> model run start
2026-04-21 11:56:17.768531 Sync done -> model run start
2026-04-21 11:56:17.802551 Sync done -> model run start
0 28.674 [6.270442182896659, 5.697429194115102, 6.175513193011284, 5.353442203020677, 5.177345415810123]
1 28.91 [6.2844738450367, 5.705959836021066, 6.192831611959264, 5.6435902449302375, 5.082804915029556]
2 28.949 [6.25511510996148, 5.7273215730674565, 6.174255958991125, 5.8346013450063765, 4.957629953045398]
3 29.498 [6.415024201152846, 6.259227333124727, 6.481174452928826, 5.803307723021135, 4.539497117046267]
2026-04-21 11:56:48.801458 Sync done -> model run start
2026-04-21 11:56:48.833888 Sync done -> model run start
2026-04-21 11:56:48.833811 Sync done -> model run start
2026-04-21 11:56:48.833811 Sync done -> model run start
1 29.455 [6.281512971036136, 5.24571800394915, 5.524834841024131, 6.255051098996773, 6.147554659983143]
2 29.492 [6.193392026005313, 5.246333417948335, 5.507834806106985, 6.397971404949203, 6.146696069044992]
3 29.492 [6.209215034963563, 5.252894745906815, 5.520099235000089, 6.36257701809518, 6.147450546035543]
0 30.237 [6.406256839865819, 5.692557442001998, 5.782592337811366, 6.752880174899474, 5.60240390105173]
2026-04-21 11:57:20.536716 Sync done -> model run start
2026-04-21 11:57:20.538103 Sync done -> model run start
2026-04-21 11:57:20.539574 Sync done -> model run start
2026-04-21 11:57:20.578974 Sync done -> model run start
1 31.608 [6.66698599094525, 6.465278058778495, 6.314454451901838, 6.156284780008718, 6.0044814380817115]
3 31.613 [6.6982020100113004, 6.456910800887272, 6.303654078859836, 6.1203876349609345, 6.033519965130836]
2 31.706 [6.644739362876862, 6.483184392098337, 6.330738865071908, 6.340455804951489, 5.906515687936917]
0 32.251 [7.044244983000681, 6.650496683083475, 6.6679790078196675, 6.417199868010357, 5.4705913627985865]
2026-04-21 11:57:54.245845 Sync done -> model run start
2026-04-21 11:57:54.251698 Sync done -> model run start
2026-04-21 11:57:54.273892 Sync done -> model run start
2026-04-21 11:57:54.338973 Sync done -> model run start
2 28.123 [6.081460084067658, 5.361694252118468, 6.236202894011512, 4.881909217918292, 5.561497347895056]
0 27.619 [6.043871225090697, 5.389269557083026, 6.234927430050448, 4.61828304710798, 5.3328716601245105]
1 28.174 [6.068257168866694, 5.3885686218272895, 6.245812281966209, 4.8654272011481225, 5.605356961954385]
3 28.725 [6.483209965052083, 5.577835406875238, 6.525535888038576, 5.131744662998244, 5.0062223598361015]
2026-04-21 11:58:24.557011 Sync done -> model run start
2026-04-21 11:58:24.585207 Sync done -> model run start
2026-04-21 11:58:24.599408 Sync done -> model run start
2026-04-21 11:58:24.599408 Sync done -> model run start
2 28.135 [6.392117105890065, 6.1836167010478675, 6.219983479939401, 5.541504512075335, 3.797286636196077]
3 28.209 [6.378050809027627, 6.186826688004658, 6.219652283005416, 5.575008594896644, 3.8497545479331166]
0 28.467 [6.350920397089794, 6.198581431061029, 6.237310336902738, 5.729373542126268, 3.9507232538890094]
1 29.697 [6.565185674000531, 6.577088386984542, 6.5534901490900666, 5.4352970260661095, 4.565361022017896]
2026-04-21 11:58:55.758769 Sync done -> model run start
2026-04-21 11:58:55.760521 Sync done -> model run start
2026-04-21 11:58:55.793217 Sync done -> model run start
2026-04-21 11:58:55.913579 Sync done -> model run start
2 29.05 [6.527277130167931, 6.056966484989971, 6.338658988010138, 4.9421353791840374, 5.184409917797893]
1 29.169 [6.507362419040874, 5.989227541023865, 6.329611107939854, 5.154750818852335, 5.188017247011885]
0 29.228 [6.5292593089398, 6.090523900929838, 6.340881531126797, 4.958971978165209, 5.307976344134659]
3 30.018 [6.633666282054037, 6.52540479414165, 6.796454683877528, 5.167958942940459, 4.894131719134748]
2026-04-21 11:59:27.418622 Sync done -> model run start
2026-04-21 11:59:27.450918 Sync done -> model run start
2026-04-21 11:59:27.464496 Sync done -> model run start
2026-04-21 11:59:27.482124 Sync done -> model run start
1 28.164 [5.548184901010245, 6.194531656103209, 5.248866843990982, 6.039593637920916, 5.132507992908359]
3 28.452 [5.60988808888942, 6.230993696022779, 5.210493978112936, 6.140645154984668, 5.25999216386117]
0 28.667 [5.838226121850312, 6.264371840981767, 5.575187135953456, 6.18924521910958, 4.800287361023948]
2026-04-21 11:59:56.260550 Sync done -> model run start
net_times: [[22.932, 0.0, 1210368, 0], [0.003, 0.0, 1210368, 0], [0.003, 0.0, 1210368, 0], [0.004, 0.0, 1210368, 0], [0.002, 0.0, 1210368, 0], [0.002, 0.0, 1210368, 0], [0.003, 0.0, 1210368, 0], [0.002, 0.0, 1210368, 0], [0.002, 0.0, 1210368, 0], [0.002, 0.0, 1210368, 0]]
echo 'race4fun' | sudo -S sh -c 'journalctl --since "2026-04-21 11:54:22.192076" --until "2026-04-21 11:59:56.260550" -k -o short-iso '| grep -i -E 'throttle|throttled|thermal|cpufreq|under-voltage|voltage'
