ALL SYNC
2026-04-21 12:00:39.817430 Sync done -> model run start
2026-04-21 12:00:39.817430 Sync done -> model run start
2026-04-21 12:00:39.817629 Sync done -> model run start
2026-04-21 12:00:39.817789 Sync done -> model run start
3 10.62 [2.207726758904755, 2.1315355219412595, 2.0914222579449415, 2.0649492288939655, 2.1243124320171773]
1 10.685 [2.2246135908644646, 2.144524198025465, 2.1032709928695112, 2.0725949669722468, 2.139505001017824]
0 10.899 [2.221216526115313, 2.1459218978416175, 2.0972027969546616, 2.0644644398707896, 2.370221089106053]
2 11.066 [2.3204722141381353, 2.228036642074585, 2.18392027518712, 2.1460616330150515, 2.1869706688448787]
2026-04-21 12:00:53.917985 Sync done -> model run start
2026-04-21 12:00:53.917985 Sync done -> model run start
2026-04-21 12:00:53.978725 Sync done -> model run start
2026-04-21 12:00:53.995807 Sync done -> model run start
1 10.681 [2.1607980530243367, 2.1607237281277776, 2.133993668947369, 2.1170383461285383, 2.1086966728325933]
0 10.681 [2.160797739867121, 2.160719248931855, 2.133993772789836, 2.117037877906114, 2.108203343115747]
3 10.692 [2.1634320479352027, 2.1621858030557632, 2.1292709349654615, 2.1211203548591584, 2.1158263720571995]
2 11.112 [2.2479438588488847, 2.2649694380816072, 2.2260572090744972, 2.166590982116759, 2.2058680481277406]
2026-04-21 12:01:10.109293 Sync done -> model run start
2026-04-21 12:01:10.109361 Sync done -> model run start
2026-04-21 12:01:10.137933 Sync done -> model run start
2026-04-21 12:01:10.156053 Sync done -> model run start
0 10.442 [2.1308041440788656, 2.0961919960100204, 2.0595601180102676, 2.068833240773529, 2.08616241090931]
2 10.454 [2.1251417291350663, 2.098399118054658, 2.064965764991939, 2.068010849878192, 2.097355575999245]
3 10.486 [2.126384897856042, 2.103308309102431, 2.071638591121882, 2.0694292788393795, 2.1148029768373817]
1 10.832 [2.223898823838681, 2.1884548040106893, 2.1604336600285023, 2.1081517150159925, 2.150899438885972]
2026-04-21 12:01:24.265367 Sync done -> model run start
2026-04-21 12:01:24.284236 Sync done -> model run start
2026-04-21 12:01:24.296895 Sync done -> model run start
2026-04-21 12:01:24.309395 Sync done -> model run start
1 10.412 [2.1101465930696577, 2.1088935248553753, 2.049679535906762, 2.0735189309343696, 2.0693874419666827]
2 10.431 [2.1082431140821427, 2.1025675190612674, 2.0616687920410186, 2.08082618098706, 2.0772421890869737]
3 10.445 [2.1107611721381545, 2.1105622651521116, 2.0638659668620676, 2.0757192301098257, 2.083607570035383]
0 10.808 [2.1995925940573215, 2.1801847859751433, 2.1224200080614537, 2.1673950632102787, 2.138364757876843]
2026-04-21 12:01:39.738586 Sync done -> model run start
2026-04-21 12:01:39.753057 Sync done -> model run start
2026-04-21 12:01:39.771826 Sync done -> model run start
2026-04-21 12:01:39.772040 Sync done -> model run start
1 10.447 [2.1240176970604807, 2.097328160190955, 2.0572985420003533, 2.1051336331292987, 2.063022725051269]
2 10.47 [2.129075533011928, 2.097202743869275, 2.0663365630898625, 2.099738507065922, 2.077393737155944]
3 10.486 [2.1323492131195962, 2.1067696679383516, 2.0724369978997856, 2.0975429988466203, 2.0766247308347374]
0 10.846 [2.18313194392249, 2.1727699178736657, 2.1608551400713623, 2.188543730182573, 2.1407928550615907]
2026-04-21 12:01:53.634278 Sync done -> model run start
2026-04-21 12:01:53.649154 Sync done -> model run start
2026-04-21 12:01:53.683167 Sync done -> model run start
2026-04-21 12:01:53.728146 Sync done -> model run start
0 10.404 [2.128181411884725, 2.105065291048959, 2.0554966658819467, 2.0573853510431945, 2.0578592531383038]
1 10.37 [2.1222924350295216, 2.0906944880262017, 2.055580727988854, 2.0551173430867493, 2.0461300499737263]
3 10.396 [2.122325090924278, 2.1047567520290613, 2.0573463428299874, 2.050219194032252, 2.0607532470021397]
2 10.756 [2.210033184150234, 2.1899409538600594, 2.117125116987154, 2.1228397698141634, 2.115845693042502]
2026-04-21 12:02:08.279982 Sync done -> model run start
2026-04-21 12:02:08.287279 Sync done -> model run start
2026-04-21 12:02:08.343072 Sync done -> model run start
2026-04-21 12:02:08.344526 Sync done -> model run start
1 10.582 [2.1536682329606265, 2.130880549084395, 2.0874205341096967, 2.109851498855278, 2.1003947800491005]
0 10.591 [2.1566491529811174, 2.1298788350541145, 2.09262941009365, 2.1117503938730806, 2.0999105640221387]
3 10.595 [2.1531721940264106, 2.1323142379987985, 2.091435876209289, 2.110929252812639, 2.10714656393975]
2 10.986 [2.2396552418358624, 2.2266572930384427, 2.1859197630546987, 2.165114672156051, 2.168108142213896]
2026-04-21 12:02:22.607569 Sync done -> model run start
2026-04-21 12:02:22.633174 Sync done -> model run start
2026-04-21 12:02:22.673019 Sync done -> model run start
2026-04-21 12:02:22.695058 Sync done -> model run start
0 10.521 [2.135398271959275, 2.103288298007101, 2.059671201976016, 2.079981396906078, 2.141917291097343]
1 10.548 [2.1360875400714576, 2.1023829909972847, 2.064480341039598, 2.0812880559824407, 2.1638218539301306]
3 10.549 [2.1198391430079937, 2.1136732909362763, 2.064713255967945, 2.0805848308373243, 2.1698249441105872]
2 10.875 [2.203485748032108, 2.1955541248898953, 2.1150345830246806, 2.16901479405351, 2.191703724907711]
2026-04-21 12:02:37.063788 Sync done -> model run start
2026-04-21 12:02:37.089511 Sync done -> model run start
2026-04-21 12:02:37.099612 Sync done -> model run start
2026-04-21 12:02:37.111213 Sync done -> model run start
1 10.413 [2.1138997899834067, 2.1049156731460243, 2.059076819103211, 2.064131736056879, 2.07033998076804]
2 10.424 [2.1083974780049175, 2.1015078800264746, 2.061166807077825, 2.074368397006765, 2.078676390927285]
3 10.44 [2.1111293891444802, 2.1095472609158605, 2.068257390987128, 2.069323841948062, 2.0815184579696506]
0 10.812 [2.200151744997129, 2.1447438311297446, 2.157337870914489, 2.1627415891271085, 2.1470887600444257]
2026-04-21 12:02:51.470149 Sync done -> model run start
2026-04-21 12:02:51.509201 Sync done -> model run start
2026-04-21 12:02:51.537422 Sync done -> model run start
2026-04-21 12:02:51.587256 Sync done -> model run start
0 10.617 [2.146263967966661, 2.1236940959934145, 2.1120554110966623, 2.116315386025235, 2.118810056010261]
1 10.58 [2.1408823851961643, 2.0999402219895273, 2.102851348929107, 2.118533028056845, 2.118051362922415]
2 10.672 [2.1796896108426154, 2.103226660983637, 2.118661936139688, 2.124032476916909, 2.1466098979581147]
3 10.944 [2.2099577710032463, 2.1598551908973604, 2.197832316160202, 2.196152376011014, 2.1797420508228242]
2026-04-21 12:03:05.061915 Sync done -> model run start
net_times: [[14.302, 2.08, 1210368, 1210368], [0.002, 3.952, 1210368, 1210368], [0.002, 2.258, 1210368, 1210368], [0.091, 2.417, 1210368, 1210368], [1.211, 2.027, 1210368, 1210368], [0.002, 2.798, 1210368, 1210368], [0.002, 2.343, 1210368, 1210368], [0.002, 2.529, 1210368, 1210368], [0.002, 2.623, 1210368, 1210368], [0.002, 2.407, 1210368, 1210368]]
echo 'race4fun' | sudo -S sh -c 'journalctl --since "2026-04-21 12:00:23.621469" --until "2026-04-21 12:03:05.061915" -k -o short-iso '| grep -i -E 'throttle|throttled|thermal|cpufreq|under-voltage|voltage'
