ALL SYNC
2026-04-21 12:00:55.282880 Sync done -> model run start
2026-04-21 12:00:55.282880 Sync done -> model run start
2026-04-21 12:00:55.282880 Sync done -> model run start
2026-04-21 12:00:55.282880 Sync done -> model run start
2 12.098 [2.444474591873586, 2.327876945026219, 2.2817382069770247, 2.282294715056196, 2.7615892610047013]
0 11.984 [2.4589723511599004, 2.347444217186421, 2.285973660182208, 2.2944113889243454, 2.5974446011241525]
3 12.503 [2.5503575887996703, 2.433235673001036, 2.3741864101029932, 2.368362523848191, 2.7762241549789906]
1 12.629 [2.4541271079797298, 2.3406044498551637, 2.2821497679688036, 2.2901764570269734, 3.2613250869326293]
2026-04-21 12:01:10.023419 Sync done -> model run start
2026-04-21 12:01:10.041172 Sync done -> model run start
2026-04-21 12:01:10.055478 Sync done -> model run start
2026-04-21 12:01:10.084248 Sync done -> model run start
0 11.523 [2.3131647559348494, 2.3268919449765235, 2.2862557389307767, 2.289092550985515, 2.307181962998584]
2 11.585 [2.3203872819431126, 2.335761287016794, 2.29873407818377, 2.298038818873465, 2.331528020091355]
1 11.678 [2.319683221867308, 2.33429540717043, 2.285511365858838, 2.292380142956972, 2.446357286069542]
2026-04-21 12:01:24.221951 Sync done -> model run start
2026-04-21 12:01:24.228738 Sync done -> model run start
2026-04-21 12:01:24.229464 Sync done -> model run start
2026-04-21 12:01:24.248898 Sync done -> model run start
1 11.746 [2.4044383759610355, 2.3835167849902064, 2.3132489169947803, 2.300782920792699, 2.3439166678581387]
2 11.899 [2.3978257961571217, 2.3812446580268443, 2.3104799690190703, 2.301281876862049, 2.507769661024213]
3 11.79 [2.4201604530680925, 2.3963632490485907, 2.314157039159909, 2.3010541691910475, 2.3581761468667537]
0 12.211 [2.5069832599256188, 2.481294290861115, 2.3984347509685904, 2.3815858538728207, 2.4420420890673995]
2026-04-21 12:01:38.533922 Sync done -> model run start
2026-04-21 12:01:38.544408 Sync done -> model run start
2026-04-21 12:01:38.555053 Sync done -> model run start
2026-04-21 12:01:38.562849 Sync done -> model run start
2 11.686 [2.3673048100899905, 2.3824489200487733, 2.3493598750792444, 2.305821908870712, 2.2809274159371853]
1 11.706 [2.3769612859468907, 2.3832475640811026, 2.3533443401101977, 2.3068858629558235, 2.2855128159280866]
3 11.749 [2.384157926077023, 2.3947152299806476, 2.3560307880397886, 2.3131050600204617, 2.300419220002368]
0 12.117 [2.4720325509551913, 2.4885855631437153, 2.4419874511659145, 2.38112329877913, 2.332626081071794]
2026-04-21 12:01:53.643718 Sync done -> model run start
2026-04-21 12:01:53.643966 Sync done -> model run start
2026-04-21 12:01:53.656837 Sync done -> model run start
2026-04-21 12:01:53.693021 Sync done -> model run start
1 11.832 [2.388248738832772, 2.3836179750505835, 2.341438181931153, 2.341352242976427, 2.3771996109280735]
0 11.854 [2.3860788519959897, 2.382292562862858, 2.345039625884965, 2.341352452058345, 2.398764271987602]
2 11.895 [2.3932270552031696, 2.3896536820102483, 2.3554600570350885, 2.344404628034681, 2.4118972960859537]
3 12.435 [2.480022048810497, 2.476221750024706, 2.443794575985521, 2.438187772873789, 2.5968944299966097]
2026-04-21 12:02:08.233690 Sync done -> model run start
2026-04-21 12:02:08.233731 Sync done -> model run start
2026-04-21 12:02:08.268640 Sync done -> model run start
2026-04-21 12:02:08.303921 Sync done -> model run start
1 11.793 [2.3856230170931667, 2.4050081910099834, 2.294522413983941, 2.3300004471093416, 2.3780743919778615]
0 11.833 [2.3881554040126503, 2.419527522055432, 2.2848272658884525, 2.3259730241261423, 2.4140191201586276]
2 11.868 [2.3882006630301476, 2.409172029932961, 2.2934552850201726, 2.3265079690609127, 2.450372281949967]
3 12.258 [2.474458992946893, 2.4940218278206885, 2.3829550999216735, 2.4214138460811228, 2.484939730959013]
2026-04-21 12:02:22.667832 Sync done -> model run start
2026-04-21 12:02:22.668166 Sync done -> model run start
2026-04-21 12:02:22.689277 Sync done -> model run start
2026-04-21 12:02:22.689277 Sync done -> model run start
3 11.896 [2.400018423097208, 2.399046474136412, 2.3428800699766725, 2.354795331833884, 2.399353886023164]
1 11.858 [2.3939449179451913, 2.3852681210264564, 2.3466244728770107, 2.3549794980790466, 2.3769420960452408]
2 12.048 [2.392701072152704, 2.3864578008651733, 2.346454787068069, 2.3551535590086132, 2.5673508329782635]
0 12.295 [2.475461191032082, 2.492656528018415, 2.4372105898801237, 2.4318137201480567, 2.4572310380171984]
2026-04-21 12:02:37.068488 Sync done -> model run start
2026-04-21 12:02:37.077493 Sync done -> model run start
2026-04-21 12:02:37.095390 Sync done -> model run start
2026-04-21 12:02:37.146164 Sync done -> model run start
0 11.837 [2.3771030788775533, 2.3819853118620813, 2.3458023238927126, 2.334054969018325, 2.3977450241800398]
1 11.798 [2.369392710039392, 2.3806052680592984, 2.3458025851286948, 2.3319756591226906, 2.3697297228500247]
2 11.999 [2.387057967018336, 2.3981697969138622, 2.3540118071250618, 2.3372728668618947, 2.5221104209776968]
3 12.283 [2.4721969310194254, 2.4897294531110674, 2.4438045469578356, 2.428102998994291, 2.44891852280125]
2026-04-21 12:02:51.511837 Sync done -> model run start
2026-04-21 12:02:51.512104 Sync done -> model run start
2026-04-21 12:02:51.535523 Sync done -> model run start
2026-04-21 12:02:51.593049 Sync done -> model run start
2 11.9 [2.3818236039951444, 2.3793362989090383, 2.3462567781098187, 2.3507052110508084, 2.441728699952364]
1 11.918 [2.3779885231051594, 2.374079350847751, 2.3441940310876817, 2.34674507798627, 2.474923866102472]
3 12.259 [2.4772829280700535, 2.458359627984464, 2.439457108033821, 2.4348423678893596, 2.4493758459575474]
0 11.819 [2.37587634800002, 2.373288626084104, 2.347058180021122, 2.3467452339828014, 2.3754820108879358]
2026-04-21 12:03:05.961260 Sync done -> model run start
2026-04-21 12:03:05.962146 Sync done -> model run start
2026-04-21 12:03:05.994159 Sync done -> model run start
2026-04-21 12:03:05.995688 Sync done -> model run start
2 11.635 [2.3763212710618973, 2.3409759299829602, 2.29491825401783, 2.302717759972438, 2.319948824122548]
1 11.597 [2.3680593927856535, 2.3363605400081724, 2.2911061418708414, 2.2994975179899484, 2.301481173140928]
3 11.653 [2.4026231470052153, 2.335293514886871, 2.308634476037696, 2.2965346209239215, 2.310120235895738]
0 11.964 [2.451122388942167, 2.416577200172469, 2.379051506984979, 2.3851514931302518, 2.3319527129642665]
2026-04-21 12:03:19.198341 Sync done -> model run start
net_times: [[29.428, 1.116, 1210368, 1210368], [0.002, 1.033, 1210368, 1210368], [0.052, 1.044, 1210368, 1210368], [0.002, 1.049, 1210368, 1210368], [0.89, 1.065, 1210368, 1210368], [0.002, 1.042, 1210368, 1210368], [0.002, 1.059, 1210368, 1210368], [0.002, 1.05, 1210368, 1210368], [0.002, 1.046, 1210368, 1210368], [0.002, 1.119, 1210368, 1210368]]
echo 'race4fun' | sudo -S sh -c 'journalctl --since "2026-04-21 12:00:23.616356" --until "2026-04-21 12:03:19.198341" -k -o short-iso '| grep -i -E 'throttle|throttled|thermal|cpufreq|under-voltage|voltage'
