ALL SYNC
2026-04-21 12:01:16.711428 Sync done -> model run start
2026-04-21 12:01:16.711428 Sync done -> model run start
2026-04-21 12:01:16.711434 Sync done -> model run start
2026-04-21 12:01:16.711431 Sync done -> model run start
1 0.036 [0.028022802900522947, 0.0021333210170269012, 0.0019509789999574423, 0.001955562038347125, 0.002016915939748287]
3 0.036 [0.028022802900522947, 0.0021335300989449024, 0.0019512900616973639, 0.001955718034878373, 0.002016862854361534]
0 0.038 [0.028470196994021535, 0.0032724810298532248, 0.0023076951038092375, 0.002020874060690403, 0.0016177510842680931]
2 0.036 [0.028023063903674483, 0.0021333731710910797, 0.0019507699180394411, 0.0019558740314096212, 0.002016811864450574]
2026-04-21 12:01:29.217173 Sync done -> model run start
2026-04-21 12:01:29.230759 Sync done -> model run start
2026-04-21 12:01:29.231924 Sync done -> model run start
2026-04-21 12:01:29.242227 Sync done -> model run start
1 0.015 [0.0062601708341389894, 0.001967279938980937, 0.0017741040792316198, 0.0023217571433633566, 0.002124049933627248]
2 0.013 [0.0058790280018001795, 0.002420976059511304, 0.0015720219817012548, 0.0013507739640772343, 0.0014547309838235378]
0 0.012 [0.005679653957486153, 0.0016615521162748337, 0.0015716580674052238, 0.0013506170362234116, 0.0014547829050570726]
3 0.008 [0.004297213861718774, 0.0010121818631887436, 0.0009444740135222673, 0.0010259319096803665, 0.0008019742090255022]
2026-04-21 12:01:43.665705 Sync done -> model run start
2026-04-21 12:01:43.674577 Sync done -> model run start
2026-04-21 12:01:43.685803 Sync done -> model run start
2026-04-21 12:01:43.696189 Sync done -> model run start
0 0.014 [0.006565065123140812, 0.0016210319008678198, 0.001658427994698286, 0.0019699358381330967, 0.0018473330419510603]
1 0.015 [0.006937459111213684, 0.0026887869462370872, 0.0016638441011309624, 0.0016909281257539988, 0.0018242078367620707]
2 0.013 [0.007509330986067653, 0.0014287407975643873, 0.0011338479816913605, 0.0013334820978343487, 0.00117728509940207]
3 0.009 [0.004208829021081328, 0.0014315538574010134, 0.0010279628913849592, 0.0009801501873880625, 0.0012306170538067818]
2026-04-21 12:01:58.075518 Sync done -> model run start
2026-04-21 12:01:58.076289 Sync done -> model run start
2026-04-21 12:01:58.086772 Sync done -> model run start
2026-04-21 12:01:58.100167 Sync done -> model run start
1 0.016 [0.006461940938606858, 0.0027674830053001642, 0.002455923007801175, 0.0020188421476632357, 0.002014049794524908]
0 0.017 [0.006466628983616829, 0.002649568021297455, 0.002506860066205263, 0.0024148288648575544, 0.0022346219047904015]
2 0.014 [0.007200998952612281, 0.0020461860112845898, 0.0017336360178887844, 0.0011767640244215727, 0.0012366068549454212]
3 0.009 [0.004494088003411889, 0.0014282208867371082, 0.0010386919602751732, 0.0009782749693840742, 0.0008132250513881445]
2026-04-21 12:02:13.503794 Sync done -> model run start
2026-04-21 12:02:13.510430 Sync done -> model run start
2026-04-21 12:02:13.521963 Sync done -> model run start
2026-04-21 12:02:13.528735 Sync done -> model run start
0 0.014 [0.006019755965098739, 0.001714521087706089, 0.0018580618780106306, 0.002026706002652645, 0.0021906120236963034]
2 0.01 [0.0048577310517430305, 0.0015023350715637207, 0.0011010868474841118, 0.0009521818719804287, 0.001027233200147748]
1 0.013 [0.006496837129816413, 0.002025561174377799, 0.0017017088830471039, 0.001585720106959343, 0.0014396789483726025]
3 0.007 [0.0035329479724168777, 0.0011855659540742636, 0.0009872859809547663, 0.0007712449878454208, 0.0007892139256000519]
2026-04-21 12:02:27.357215 Sync done -> model run start
2026-04-21 12:02:27.362856 Sync done -> model run start
2026-04-21 12:02:27.372747 Sync done -> model run start
2026-04-21 12:02:27.384426 Sync done -> model run start
1 0.016 [0.007525633089244366, 0.0024575889110565186, 0.0017364479135721922, 0.002263737143948674, 0.00184811488725245]
0 0.016 [0.00659621087834239, 0.002070195972919464, 0.0018457178957760334, 0.002337017096579075, 0.0023967050947248936]
2 0.013 [0.006323295878246427, 0.002041029976680875, 0.0018110310193151236, 0.0011745239607989788, 0.0012453051749616861]
3 0.008 [0.004295912105590105, 0.0012025970499962568, 0.0008348391856998205, 0.0008086408488452435, 0.0007491100113838911]
2026-04-21 12:02:41.769602 Sync done -> model run start
2026-04-21 12:02:41.775918 Sync done -> model run start
2026-04-21 12:02:41.788193 Sync done -> model run start
2026-04-21 12:02:41.796752 Sync done -> model run start
1 0.013 [0.005571112968027592, 0.0018527498468756676, 0.0022354559041559696, 0.0021879549603909254, 0.0013880119659006596]
2 0.009 [0.00477528409101069, 0.0011878570076078176, 0.0011658789590001106, 0.000988692045211792, 0.0010460868943482637]
3 0.007 [0.003458678023889661, 0.0009636918548494577, 0.0007660898845642805, 0.000795203959569335, 0.000739735085517168]
2026-04-21 12:02:56.261330 Sync done -> model run start
2026-04-21 12:02:56.268258 Sync done -> model run start
2026-04-21 12:02:56.275751 Sync done -> model run start
2026-04-21 12:02:56.286137 Sync done -> model run start
1 0.014 [0.006807876983657479, 0.00196920707821846, 0.0018816560041159391, 0.0018474371172487736, 0.001421188935637474]
0 0.014 [0.005979547975584865, 0.001814885064959526, 0.0016662399284541607, 0.00197071791626513, 0.002215611981227994]
2 0.012 [0.0059448599349707365, 0.0014238979201763868, 0.0015750948805361986, 0.0014135339297354221, 0.0010159320663660765]
3 0.007 [0.0035803960636258125, 0.0009225469548255205, 0.0007579640951007605, 0.0008030158933252096, 0.0008165061008185148]
2026-04-21 12:03:11.293576 Sync done -> model run start
2026-04-21 12:03:11.299577 Sync done -> model run start
2026-04-21 12:03:11.316847 Sync done -> model run start
2026-04-21 12:03:11.317070 Sync done -> model run start
1 0.013 [0.006280223838984966, 0.001766968984156847, 0.0014930639881640673, 0.001626499928534031, 0.0013019710313528776]
0 0.013 [0.005758299026638269, 0.001773166935890913, 0.001732229022309184, 0.0017265519127249718, 0.00198764493688941]
2 0.009 [0.003815446048974991, 0.001283898949623108, 0.0010847330559045076, 0.001153377816081047, 0.0011514509096741676]
3 0.009 [0.003668155986815691, 0.0012852009385824203, 0.0010848368983715773, 0.0011533258948475122, 0.001151347067207098]
2026-04-21 12:03:25.660799 Sync done -> model run start
2026-04-21 12:03:25.673717 Sync done -> model run start
2026-04-21 12:03:25.681756 Sync done -> model run start
2026-04-21 12:03:25.691979 Sync done -> model run start
1 0.015 [0.007950786966830492, 0.0015933760441839695, 0.0016114490572363138, 0.0016157720237970352, 0.0017418649513274431]
0 0.014 [0.006030224962159991, 0.0024043091107159853, 0.0017177509143948555, 0.0017809791024774313, 0.0017510319594293833]
2 0.012 [0.0055573631543666124, 0.001826239051297307, 0.0016314999666064978, 0.001614574110135436, 0.0013267630711197853]
3 0.01 [0.004358098842203617, 0.0011641590390354395, 0.0014140540733933449, 0.0012177019380033016, 0.001194939948618412]
2026-04-21 12:03:25.775482 Sync done -> model run start
net_times: [[52.404, 0.0, 605184, 0], [12.276, 0.0, 605184, 0], [14.231, 0.0, 605184, 0], [14.185, 0.0, 605184, 0], [15.2, 0.0, 605184, 0], [13.635, 0.0, 605184, 0], [14.19, 0.0, 605184, 0], [14.272, 0.0, 605184, 0], [14.81, 0.0, 605184, 0], [14.159, 0.0, 605184, 0]]
echo 'race4fun' | sudo -S sh -c 'journalctl --since "2026-04-21 12:00:23.613169" --until "2026-04-21 12:03:25.775482" -k -o short-iso '| grep -i -E 'throttle|throttled|thermal|cpufreq|under-voltage|voltage'
