ALL SYNC
2026-04-21 12:01:09.968824 Sync done -> model run start
2026-04-21 12:01:09.968821 Sync done -> model run start
2026-04-21 12:01:09.968821 Sync done -> model run start
2026-04-21 12:01:09.968828 Sync done -> model run start
2 4.787 [1.0931134331040084, 0.9946731019299477, 1.0148393230047077, 1.108659046003595, 0.5758381858468056]
0 4.889 [1.1644348099362105, 1.055335930082947, 1.1136041819117963, 0.9819581019692123, 0.5735231428407133]
1 4.921 [1.0942993650678545, 1.1496021100319922, 1.1389558508526534, 0.9615182371344417, 0.5764134959317744]
3 4.946 [1.094299886142835, 1.091066564898938, 1.1616975809447467, 1.0256387579720467, 0.5727934069000185]
2026-04-21 12:01:23.504025 Sync done -> model run start
2026-04-21 12:01:23.525544 Sync done -> model run start
2026-04-21 12:01:23.538681 Sync done -> model run start
2026-04-21 12:01:23.556283 Sync done -> model run start
0 4.0 [0.6039905720390379, 0.6067784249316901, 0.8968113628216088, 0.9634443749673665, 0.9284384229686111]
3 4.059 [0.596536957193166, 0.6172218718566, 0.9800961830187589, 0.8787660729140043, 0.9861248559318483]
2 4.25 [0.5956658141221851, 0.615008391905576, 1.1854092571884394, 0.776796068996191, 1.0771898510865867]
1 4.36 [0.646576858125627, 0.6190392610151321, 1.105543069075793, 0.8384661839809269, 1.1498760669492185]
2026-04-21 12:01:37.882708 Sync done -> model run start
2026-04-21 12:01:37.898306 Sync done -> model run start
2026-04-21 12:01:37.914645 Sync done -> model run start
2026-04-21 12:01:37.934115 Sync done -> model run start
3 4.223 [0.5988399679772556, 0.5887551649939269, 1.1151285509113222, 0.9197638751938939, 0.9999687590170652]
1 4.341 [0.5989872592035681, 0.5884695409331471, 1.2144582010805607, 0.8850431831087917, 1.0538469769526273]
0 4.417 [0.6043871331494302, 0.5913401029538363, 1.145866811973974, 0.9692110710311681, 1.10562499682419]
2 4.393 [0.6307473378255963, 0.6010106878820807, 1.2293573589995503, 0.8469158369116485, 1.0852311728522182]
2026-04-21 12:01:52.127011 Sync done -> model run start
2026-04-21 12:01:52.136529 Sync done -> model run start
2026-04-21 12:01:52.159106 Sync done -> model run start
2026-04-21 12:01:52.198149 Sync done -> model run start
0 4.31 [0.6024372451938689, 0.5879801681730896, 0.9697075788863003, 1.218774694018066, 0.930730601074174]
1 4.331 [0.6036667709704489, 0.5877642838750035, 0.9819076340645552, 1.1993665948975831, 0.9577774188946933]
2 4.389 [0.6013673541601747, 0.5889372481033206, 1.0096470518037677, 1.209237857023254, 0.9791971240192652]
3 4.508 [0.5982141890563071, 0.6291442718356848, 1.1639716341160238, 1.0906794839538634, 1.0262664640322328]
2026-04-21 12:02:07.603831 Sync done -> model run start
2026-04-21 12:02:07.618597 Sync done -> model run start
2026-04-21 12:02:07.638131 Sync done -> model run start
2026-04-21 12:02:07.657920 Sync done -> model run start
1 4.287 [0.5985947090666741, 0.6281194321345538, 1.0642065179999918, 1.0867480419110507, 0.9091178760863841]
3 4.316 [0.5967459660023451, 0.6203621728345752, 1.1108517460525036, 1.0383540708571672, 0.9497743791434914]
0 4.491 [0.607331964885816, 0.6201474850531667, 1.2631562850438058, 0.98199284193106, 1.0176499360240996]
2 4.585 [0.6426491129677743, 0.6407229229807854, 1.2195354201830924, 0.9754474519286305, 1.1064008271787316]
2026-04-21 12:02:22.022707 Sync done -> model run start
2026-04-21 12:02:22.045373 Sync done -> model run start
2026-04-21 12:02:22.057931 Sync done -> model run start
2026-04-21 12:02:22.077471 Sync done -> model run start
1 3.932 [0.5988704881165177, 0.5844847648404539, 0.5720361701678485, 1.084721955936402, 1.0911853681318462]
3 3.933 [0.5958439379464835, 0.5873529829550534, 0.5760234980843961, 1.1164079210720956, 1.0576510238461196]
0 4.063 [0.6029525029007345, 0.5874676178209484, 0.5746737641748041, 1.0704065971076488, 1.2270229940768331]
2 4.09 [0.6459747771732509, 0.5866995481774211, 0.621864769840613, 1.2548452250193805, 0.9808872209396213]
2026-04-21 12:02:36.454937 Sync done -> model run start
2026-04-21 12:02:36.469394 Sync done -> model run start
2026-04-21 12:02:36.481534 Sync done -> model run start
2026-04-21 12:02:36.501126 Sync done -> model run start
0 3.83 [0.6050788490101695, 0.5849517940077931, 0.5724250229541212, 0.8322377710137516, 1.2347390039358288]
3 3.869 [0.5992911627981812, 0.5859706450719386, 0.5742645990103483, 0.8883506690617651, 1.2211167679633945]
2 4.002 [0.5985615828540176, 0.5855611159931868, 0.5750538660213351, 0.8609423430170864, 1.3815354919061065]
1 4.086 [0.6490086710546166, 0.5866752248257399, 0.6172380701173097, 0.9679907110985368, 1.2646219041198492]
2026-04-21 12:02:50.888043 Sync done -> model run start
2026-04-21 12:02:50.899213 Sync done -> model run start
2026-04-21 12:02:50.921026 Sync done -> model run start
2026-04-21 12:02:50.940809 Sync done -> model run start
0 4.011 [0.6099002880509943, 1.0503583981189877, 1.1950161959975958, 0.5826158148702234, 0.5728324169758707]
3 4.019 [0.6029833890497684, 1.1118365861475468, 1.1492326320149004, 0.573524601990357, 0.5809669150039554]
1 4.073 [0.6363176798913628, 1.1540274561848491, 1.1312836941797286, 0.5741235050372779, 0.5768907859455794]
2 4.127 [0.6026862019207329, 1.204600740922615, 1.1335895711090416, 0.6101562241092324, 0.575660582864657]
2026-04-21 12:03:05.306542 Sync done -> model run start
2026-04-21 12:03:05.324473 Sync done -> model run start
2026-04-21 12:03:05.361631 Sync done -> model run start
2026-04-21 12:03:05.371070 Sync done -> model run start
1 4.313 [0.6218352389987558, 0.5871205891016871, 1.0194230019114912, 1.0969816979486495, 0.9878070361446589]
0 4.338 [0.6292551050428301, 0.5892800060100853, 0.9984079310670495, 1.1301586469635367, 0.9903687969781458]
3 4.42 [0.6142474571242929, 0.5883761041332036, 1.0694042581599206, 1.0814904069993645, 1.0666050510481]
2 4.605 [0.6187518669757992, 0.6338947219774127, 1.1714818640612066, 1.0088473679497838, 1.172015924938023]
2026-04-21 12:03:19.482435 Sync done -> model run start
2026-04-21 12:03:19.493862 Sync done -> model run start
2026-04-21 12:03:19.511838 Sync done -> model run start
2026-04-21 12:03:19.582728 Sync done -> model run start
0 4.352 [0.6321212388575077, 0.594188841059804, 0.9947724768426269, 1.2328541160095483, 0.8982954199891537]
1 4.395 [0.6443308249581605, 0.6097315391525626, 1.0400313560385257, 1.1967833768576384, 0.9041061780881137]
2 4.554 [0.6336108688265085, 0.594157590996474, 1.0252371451351792, 1.2578771391417831, 1.0431604059413075]
3 4.73 [0.6058878030162305, 0.6373462700285017, 1.1857235778588802, 1.1878508611116558, 1.11268345778808]
2026-04-21 12:03:25.582424 Sync done -> model run start
net_times: [[45.478, 1.049, 1210368, 605184], [7.134, 1.131, 1210368, 605184], [8.426, 1.154, 1210368, 605184], [8.209, 1.176, 1210368, 605184], [9.285, 1.083, 1210368, 605184], [8.275, 1.047, 1210368, 605184], [8.844, 1.049, 1210368, 605184], [8.876, 1.057, 1210368, 605184], [8.794, 1.139, 1210368, 605184], [7.944, 1.154, 1210368, 605184]]
echo 'race4fun' | sudo -S sh -c 'journalctl --since "2026-04-21 12:00:23.616425" --until "2026-04-21 12:03:25.582424" -k -o short-iso '| grep -i -E 'throttle|throttled|thermal|cpufreq|under-voltage|voltage'
