ALL SYNC
2026-04-21 12:00:24.408628 Sync done -> model run start
2026-04-21 12:00:24.408628 Sync done -> model run start
2026-04-21 12:00:24.408628 Sync done -> model run start
2026-04-21 12:00:24.408838 Sync done -> model run start
1 10.983 [2.8629330538678914, 2.102693981025368, 2.016422411194071, 2.0122611939441413, 1.9887300110422075]
3 11.174 [2.925413589924574, 2.2085481518879533, 2.082403289154172, 1.9840387690346688, 1.9737873799167573]
2 11.256 [2.8511377579998225, 2.1893208438996226, 2.1127681320067495, 2.0765631969552487, 2.025973045034334]
0 11.342 [2.9930998128838837, 2.1782706030644476, 2.1936761680990458, 1.9835068301763386, 1.992838588077575]
2026-04-21 12:00:38.755327 Sync done -> model run start
2026-04-21 12:00:38.762138 Sync done -> model run start
2026-04-21 12:00:38.773077 Sync done -> model run start
2026-04-21 12:00:38.783709 Sync done -> model run start
0 10.088 [2.0382602950558066, 2.083326840074733, 1.9849944240413606, 1.9906511378940195, 1.9901580419391394]
2 10.114 [2.0413686118554324, 2.0806411309167743, 2.001476541860029, 1.9916225550696254, 1.9987082439474761]
3 10.113 [2.0432854047976434, 2.0807722778990865, 1.99973428202793, 1.9904611869715154, 1.9983785529620945]
1 10.455 [2.1397706989664584, 2.1300736810080707, 2.078085287939757, 2.076622019056231, 2.0307944880332798]
2026-04-21 12:00:53.954007 Sync done -> model run start
2026-04-21 12:00:53.954000 Sync done -> model run start
2026-04-21 12:00:53.969217 Sync done -> model run start
2026-04-21 12:00:53.990819 Sync done -> model run start
1 10.173 [2.087436354951933, 2.0975428000092506, 2.028982260962948, 1.9818107718601823, 1.976770179811865]
0 10.213 [2.087436771951616, 2.0975429040845484, 2.037749547045678, 1.9969321398530155, 1.9931268740911037]
2 10.241 [2.1134347759652883, 2.102956975111738, 2.0390702900476754, 1.9899102358613163, 1.9951078828889877]
3 10.565 [2.1836774500552565, 2.1900259300600737, 2.111284123035148, 2.043859431054443, 2.0359126559924334]
2026-04-21 12:01:10.075966 Sync done -> model run start
2026-04-21 12:01:10.082019 Sync done -> model run start
2026-04-21 12:01:10.099085 Sync done -> model run start
2026-04-21 12:01:10.116640 Sync done -> model run start
1 10.953 [2.0636716110166162, 2.9048668649047613, 1.9937634288799018, 2.0046323898714036, 1.9859551400877535]
3 11.039 [2.0603863140568137, 2.9449296509847045, 1.9957308450248092, 2.050627842079848, 1.9873650460503995]
0 11.138 [2.132762691937387, 2.953275572974235, 1.9937485279515386, 2.0755660301074386, 1.9820392029359937]
2 11.248 [2.061128562083468, 2.9294905229471624, 2.0833435328677297, 2.1027668518945575, 2.0705765821039677]
2026-04-21 12:01:24.249476 Sync done -> model run start
2026-04-21 12:01:24.249485 Sync done -> model run start
2026-04-21 12:01:24.266668 Sync done -> model run start
2026-04-21 12:01:24.269911 Sync done -> model run start
3 12.188 [2.7614099842030555, 2.3299154359847307, 2.0105014259461313, 2.044585687108338, 3.0415349809918553]
2 12.343 [2.7484948439523578, 2.4622756231110543, 2.0031088939867914, 2.0488608330488205, 3.079822262050584]
0 12.25 [2.751480242004618, 2.354957947973162, 2.0127215539105237, 2.0474016019143164, 3.0835858499631286]
1 12.599 [2.9853648710995913, 2.330957731930539, 2.0576581270433962, 2.133758984040469, 3.091095549054444]
2026-04-21 12:01:39.691843 Sync done -> model run start
2026-04-21 12:01:39.692811 Sync done -> model run start
2026-04-21 12:01:39.703230 Sync done -> model run start
2026-04-21 12:01:39.735775 Sync done -> model run start
0 10.086 [2.074281513923779, 2.0514996929559857, 1.988608387997374, 1.9922981050331146, 1.979386449092999]
1 10.141 [2.1178263009060174, 2.041421668138355, 1.9877110859379172, 1.990212770178914, 2.0039649358950555]
2 10.221 [2.214242849033326, 2.0461853619199246, 1.9891205239109695, 1.9844720799010247, 1.9869577740319073]
3 10.491 [2.1910083300899714, 2.1388449389487505, 2.0423082201741636, 2.074213959975168, 2.044446965213865]
2026-04-21 12:01:53.612066 Sync done -> model run start
2026-04-21 12:01:53.624398 Sync done -> model run start
2026-04-21 12:01:53.641459 Sync done -> model run start
2026-04-21 12:01:53.646081 Sync done -> model run start
1 11.187 [2.0333951169159263, 2.0250218929722905, 1.9890432278625667, 3.0927033310290426, 2.0464455410838127]
3 11.167 [2.0418757249135524, 2.026022370904684, 1.9887675468344241, 3.083976156078279, 2.0264093971345574]
2 11.373 [2.0376583898905665, 2.023264321964234, 1.9827431088779122, 3.2234162960667163, 2.105319319991395]
0 11.551 [2.103889602003619, 2.1108849719166756, 2.1837865449488163, 3.00351645401679, 2.1483339241240174]
2026-04-21 12:02:08.203152 Sync done -> model run start
2026-04-21 12:02:08.226068 Sync done -> model run start
2026-04-21 12:02:08.236162 Sync done -> model run start
2026-04-21 12:02:08.237209 Sync done -> model run start
1 11.047 [2.021963874110952, 3.009397045010701, 1.9724029069766402, 2.054991028038785, 1.9879597700200975]
2 11.106 [2.0298978600185364, 3.0831952409353107, 1.9761840349528939, 2.0160342771559954, 2.000228954013437]
3 11.16 [2.028202061075717, 3.048623953014612, 1.9773423299193382, 2.0975563009269536, 2.00843867007643]
0 11.433 [2.0989669510163367, 3.1253907720092684, 2.060016236966476, 2.0992984459735453, 2.0496125158388168]
2026-04-21 12:02:22.615801 Sync done -> model run start
2026-04-21 12:02:22.624768 Sync done -> model run start
2026-04-21 12:02:22.635665 Sync done -> model run start
2026-04-21 12:02:22.646844 Sync done -> model run start
2 11.117 [2.050867378944531, 2.032425155164674, 2.0026157880201936, 3.0274255259428173, 2.0031643989495933]
0 11.086 [2.0322161000221968, 2.035372372949496, 2.0016072371508926, 3.0232150689698756, 1.9935986811760813]
1 11.202 [2.0365433820988983, 2.034445019904524, 1.9938859099056572, 3.11700422805734, 2.0197415410075337]
3 11.468 [2.13527421397157, 2.1246533130761236, 2.1749795807991177, 3.006714054848999, 2.0257252887822688]
2026-04-21 12:02:37.056402 Sync done -> model run start
2026-04-21 12:02:37.058461 Sync done -> model run start
2026-04-21 12:02:37.074688 Sync done -> model run start
2026-04-21 12:02:37.074688 Sync done -> model run start
3 10.816 [2.777265165001154, 2.031720438040793, 2.0091902129352093, 1.9945543371140957, 2.0031020210590214]
2 10.878 [2.856621880084276, 2.03832972003147, 1.990612009074539, 1.987355984048918, 2.0048054738435894]
1 10.968 [2.7831683999393135, 2.029459167039022, 2.144714398076758, 1.9977045729756355, 2.0129795090761036]
0 11.195 [2.893896516878158, 2.0780622949823737, 2.1199701928999275, 2.0819736681878567, 2.0207857771310955]
2026-04-21 12:02:50.685804 Sync done -> model run start
net_times: [[0.0, 2.104, 0, 1210368], [0.0, 3.762, 0, 1210368], [0.0, 4.571, 0, 1210368], [0.0, 2.002, 0, 1210368], [0.0, 1.936, 0, 1210368], [0.0, 2.47, 0, 1210368], [0.0, 2.089, 0, 1210368], [0.0, 2.037, 0, 1210368], [0.0, 2.021, 0, 1210368], [0.0, 2.317, 0, 1210368]]
echo 'race4fun' | sudo -S sh -c 'journalctl --since "2026-04-21 12:00:22.613971" --until "2026-04-21 12:02:50.685804" -k -o short-iso '| grep -i -E 'throttle|throttled|thermal|cpufreq|under-voltage|voltage'
