ALL SYNC
2026-04-21 11:54:23.953724 Sync done -> model run start
2026-04-21 11:54:23.953724 Sync done -> model run start
2026-04-21 11:54:23.953724 Sync done -> model run start
2026-04-21 11:54:23.996449 Sync done -> model run start
3 18.425 [4.409190533217043, 3.569269579835236, 3.478258798830211, 3.4893323499709368, 3.478951325174421]
0 18.681 [4.50991659401916, 3.7089951410889626, 3.489536039996892, 3.49610865698196, 3.4760432629846036]
2 18.757 [4.485580240143463, 3.803359076147899, 3.4813045039772987, 3.4918837160803378, 3.4942237939685583]
1 18.938 [4.503752912860364, 3.5946865079458803, 3.6126738600432873, 3.6326877679675817, 3.5943880069535226]
2026-04-21 11:54:46.532909 Sync done -> model run start
2026-04-21 11:54:46.534499 Sync done -> model run start
2026-04-21 11:54:46.552972 Sync done -> model run start
2026-04-21 11:54:46.553082 Sync done -> model run start
3 18.767 [3.6114531639032066, 3.59422630793415, 3.5616393599193543, 4.392833960941061, 3.606369644170627]
2 18.575 [3.59363733115606, 3.5953850329387933, 3.559277494205162, 4.348873962182552, 3.477098412811756]
1 18.802 [3.5982463848777115, 3.5929492020513862, 3.559484269004315, 4.419911232078448, 3.631496087880805]
0 19.15 [3.727345291990787, 3.7648485410027206, 3.7219450848642737, 4.453538920963183, 3.481962187215686]
2026-04-21 11:55:16.161958 Sync done -> model run start
2026-04-21 11:55:16.161958 Sync done -> model run start
2026-04-21 11:55:16.195445 Sync done -> model run start
2026-04-21 11:55:16.238248 Sync done -> model run start
1 18.332 [4.3421398950740695, 3.571635073982179, 3.4817710341885686, 3.4644754158798605, 3.4718797949608415]
2 18.471 [4.464045918080956, 3.5832291790284216, 3.4923941360320896, 3.4691314140800387, 3.461658119922504]
3 18.401 [4.350550837116316, 3.6188504660967737, 3.4745115630794317, 3.4742844998836517, 3.4827383789233863]
0 18.934 [4.45798877812922, 3.6982394990045577, 3.6122931190766394, 3.6081773471087217, 3.5576084121130407]
2026-04-21 11:55:46.815922 Sync done -> model run start
2026-04-21 11:55:46.815916 Sync done -> model run start
2026-04-21 11:55:46.844270 Sync done -> model run start
2026-04-21 11:55:46.871807 Sync done -> model run start
0 18.674 [4.607383331982419, 3.5964253209531307, 3.4714353270828724, 3.4787163969594985, 3.5198790070135146]
1 18.722 [4.614851803984493, 3.6073071358259767, 3.4913888159208, 3.4928256620187312, 3.5157371549867094]
2 18.718 [4.705616293940693, 3.522931393934414, 3.4826002640184015, 3.4797022899147123, 3.5270189710427076]
3 19.288 [4.767547552939504, 3.7259583650156856, 3.6181422621011734, 3.6093522650189698, 3.5664556780830026]
2026-04-21 11:56:17.745096 Sync done -> model run start
2026-04-21 11:56:17.745951 Sync done -> model run start
2026-04-21 11:56:17.768909 Sync done -> model run start
2026-04-21 11:56:17.793911 Sync done -> model run start
0 18.522 [3.6200599980074912, 4.367324657971039, 3.5695673839654773, 3.476738322060555, 3.4878938430920243]
3 18.534 [3.6365240879822522, 4.33032421185635, 3.572243315866217, 3.505685177864507, 3.4895190759561956]
1 18.787 [3.6217653930652887, 4.447271269047633, 3.7385629769414663, 3.4783264009747654, 3.501088834134862]
2 19.106 [3.782819117885083, 4.459053117083386, 3.6884539539460093, 3.603625373914838, 3.5712959561496973]
2026-04-21 11:56:48.860589 Sync done -> model run start
2026-04-21 11:56:48.860597 Sync done -> model run start
2026-04-21 11:56:48.870323 Sync done -> model run start
2026-04-21 11:56:48.951960 Sync done -> model run start
1 18.857 [4.74907980998978, 3.6434097019955516, 3.499444765970111, 3.489397495985031, 3.4752801118884236]
2 18.717 [4.692908138036728, 3.5647891799453646, 3.5004355220589787, 3.4845463880337775, 3.4738581720739603]
3 18.918 [4.799201419111341, 3.6624880239833146, 3.5000516900327057, 3.4810711957979947, 3.474621806992218]
0 19.135 [4.641865618061274, 3.67256290698424, 3.636762724025175, 3.614363400032744, 3.569203248945996]
2026-04-21 11:57:20.570861 Sync done -> model run start
2026-04-21 11:57:20.585715 Sync done -> model run start
2026-04-21 11:57:20.594521 Sync done -> model run start
2026-04-21 11:57:20.606396 Sync done -> model run start
1 19.019 [4.6445964351296425, 3.533942495007068, 3.4759915231261402, 3.4894768388476223, 3.874487459193915]
0 19.114 [4.691059935837984, 3.551366362022236, 3.474049350945279, 3.4767883038148284, 3.920647392049432]
2 19.313 [4.711620677029714, 3.6504762598779052, 3.460169482976198, 3.464999828953296, 4.025511560961604]
3 20.174 [4.8014585620258, 3.656296916073188, 3.592325716977939, 3.6059329460840672, 4.51802134886384]
2026-04-21 11:57:54.334085 Sync done -> model run start
2026-04-21 11:57:54.335916 Sync done -> model run start
2026-04-21 11:57:54.356632 Sync done -> model run start
2026-04-21 11:57:54.386366 Sync done -> model run start
0 19.241 [3.622817652998492, 4.06884865113534, 4.553977963048965, 3.523196460912004, 3.471436285879463]
1 19.27 [3.6182563859038055, 4.0634173708967865, 4.557867188937962, 3.5396211829502136, 3.490439428947866]
2 19.606 [3.7709128491114825, 4.499995448160917, 4.23264307086356, 3.624891424085945, 3.477695202920586]
3 19.687 [3.634288293076679, 4.206079189898446, 4.600829528877512, 3.647950418991968, 3.5975979599170387]
2026-04-21 11:58:24.609817 Sync done -> model run start
2026-04-21 11:58:24.611619 Sync done -> model run start
2026-04-21 11:58:24.629995 Sync done -> model run start
2026-04-21 11:58:24.681737 Sync done -> model run start
3 19.299 [4.365452212980017, 3.523184817051515, 3.4514260741416365, 3.457667137030512, 4.500743628945202]
1 19.406 [4.450937972869724, 3.5233616379555315, 3.44991214084439, 3.455361995846033, 4.526252054842189]
0 19.262 [4.357851585838944, 3.513392805121839, 3.449366515967995, 3.459633470978588, 4.481354194926098]
2 19.841 [4.427372209960595, 3.6661822660826147, 3.5848222651984543, 3.60117850988172, 4.560900975950062]
2026-04-21 11:58:55.835461 Sync done -> model run start
2026-04-21 11:58:55.848606 Sync done -> model run start
2026-04-21 11:58:55.848606 Sync done -> model run start
2026-04-21 11:58:55.870249 Sync done -> model run start
0 19.721 [4.537795525044203, 3.5826002589892596, 4.580948645947501, 3.5094134458340704, 3.510137045988813]
3 19.827 [4.602832400938496, 3.5815141438506544, 4.636428500059992, 3.5053597348742187, 3.5004469079431146]
2 19.95 [4.5371521301567554, 3.651279940037057, 4.650591294979677, 3.6098025371320546, 3.501072377897799]
1 20.356 [4.672564496053383, 3.709703791188076, 4.7680408279411495, 3.6251596941147, 3.5805525248870254]
2026-04-21 11:59:26.112499 Sync done -> model run start
net_times: [[0.0, 2.101, 0, 1210368], [0.0, 8.926, 0, 1210368], [0.0, 10.195, 0, 1210368], [0.0, 10.101, 0, 1210368], [0.0, 10.439, 0, 1210368], [0.0, 11.066, 0, 1210368], [0.0, 12.048, 0, 1210368], [0.0, 9.061, 0, 1210368], [0.0, 9.813, 0, 1210368], [0.0, 9.749, 0, 1210368]]
echo 'race4fun' | sudo -S sh -c 'journalctl --since "2026-04-21 11:54:21.172305" --until "2026-04-21 11:59:26.112499" -k -o short-iso '| grep -i -E 'throttle|throttled|thermal|cpufreq|under-voltage|voltage'
