ALL SYNC
2026-04-21 11:12:44.350086 Sync done -> model run start
2026-04-21 11:12:44.350086 Sync done -> model run start
2026-04-21 11:12:44.350089 Sync done -> model run start
2026-04-21 11:12:44.350092 Sync done -> model run start
2 2.186 [0.48734089988283813, 0.4264372969046235, 0.4091050778515637, 0.4314241521060467, 0.43114665406756103]
3 2.199 [0.4961671130731702, 0.4279989581555128, 0.4102536670397967, 0.4344420558772981, 0.43021066789515316]
0 2.276 [0.4873830359429121, 0.4759256348479539, 0.40604321495629847, 0.43000191799364984, 0.47599219693802297]
1 2.39 [0.4961669051554054, 0.4297857731580734, 0.42244559596292675, 0.5653894830029458, 0.47561016702093184]
2026-04-21 11:12:47.624108 Sync done -> model run start
2026-04-21 11:12:47.636820 Sync done -> model run start
2026-04-21 11:12:47.663377 Sync done -> model run start
2026-04-21 11:12:47.674451 Sync done -> model run start
1 2.07 [0.4316881620325148, 0.4102189280092716, 0.4031715081073344, 0.40774419787339866, 0.41693186899647117]
0 2.091 [0.4406191660091281, 0.41423969296738505, 0.40368426707573235, 0.4121536589227617, 0.4199001891538501]
2 2.187 [0.4515463088173419, 0.41199095104821026, 0.45259619993157685, 0.41019226098433137, 0.4603063249960542]
3 2.067 [0.4314263388514519, 0.40773815591819584, 0.4004522489849478, 0.4100909591652453, 0.4169689519330859]
2026-04-21 11:12:51.135520 Sync done -> model run start
2026-04-21 11:12:51.142805 Sync done -> model run start
2026-04-21 11:12:51.151702 Sync done -> model run start
2026-04-21 11:12:51.163094 Sync done -> model run start
1 1.978 [0.408096905099228, 0.3925347300246358, 0.3906356228981167, 0.3927623338531703, 0.39414680702611804]
2 1.988 [0.40863257995806634, 0.3936737880576402, 0.3916029629763216, 0.3953921659849584, 0.3981556959915906]
3 2.002 [0.4109052789863199, 0.39306519622914493, 0.3913058810867369, 0.3957329981494695, 0.41048356192186475]
0 2.076 [0.45547368796542287, 0.3914208288770169, 0.3902631241362542, 0.442717595025897, 0.39632783900015056]
2026-04-21 11:12:54.681141 Sync done -> model run start
2026-04-21 11:12:54.691178 Sync done -> model run start
2026-04-21 11:12:54.704558 Sync done -> model run start
2026-04-21 11:12:54.713436 Sync done -> model run start
0 1.978 [0.4092602329328656, 0.3942085769958794, 0.3897427099291235, 0.39194733719341457, 0.3929324368946254]
2 1.983 [0.4070548261515796, 0.39654747396707535, 0.39111577812582254, 0.392790769925341, 0.3948664909694344]
3 1.988 [0.40815508202649653, 0.3982267379760742, 0.39201452396810055, 0.3940896198619157, 0.39556820690631866]
1 2.079 [0.4589934141840786, 0.39539883309043944, 0.39083041506819427, 0.4426584809552878, 0.3908553100191057]
2026-04-21 11:12:58.315526 Sync done -> model run start
2026-04-21 11:12:58.326359 Sync done -> model run start
2026-04-21 11:12:58.340229 Sync done -> model run start
2026-04-21 11:12:58.350875 Sync done -> model run start
1 1.981 [0.4078118549659848, 0.3934032160323113, 0.3928081151098013, 0.39110671589151025, 0.3954939879477024]
2 1.983 [0.4076024799142033, 0.39298556186258793, 0.3913297869730741, 0.3909164040815085, 0.39994662581011653]
3 1.984 [0.41086632083170116, 0.3929442598018795, 0.3917117652017623, 0.39209124306216836, 0.3964078910648823]
0 2.073 [0.456880192970857, 0.3927444159053266, 0.3922798880375922, 0.44020823086611927, 0.39083551801741123]
2026-04-21 11:13:01.959293 Sync done -> model run start
2026-04-21 11:13:01.967932 Sync done -> model run start
2026-04-21 11:13:01.983576 Sync done -> model run start
2026-04-21 11:13:01.993052 Sync done -> model run start
0 1.976 [0.4070160239934921, 0.3943919111043215, 0.39039005199447274, 0.39129468286409974, 0.3922738980036229]
2 1.976 [0.40518238698132336, 0.3941465469542891, 0.39009171910583973, 0.3916506718378514, 0.3944447231478989]
3 1.981 [0.4075368042103946, 0.39583424804732203, 0.39046890614554286, 0.3909942680038512, 0.3960572159849107]
1 2.077 [0.4574597750324756, 0.39497461589053273, 0.390545415924862, 0.4428052001167089, 0.3907414560671896]
2026-04-21 11:13:05.697288 Sync done -> model run start
2026-04-21 11:13:05.716146 Sync done -> model run start
2026-04-21 11:13:05.719072 Sync done -> model run start
2026-04-21 11:13:05.739066 Sync done -> model run start
0 2.006 [0.41230454412288964, 0.4021445869002491, 0.40081620612181723, 0.3935050389263779, 0.3965542970690876]
2 2.0 [0.4121324100997299, 0.4004799579270184, 0.3980278321541846, 0.3929594678338617, 0.39654492284171283]
3 1.999 [0.40781508409418166, 0.4006457910872996, 0.39828314492478967, 0.39298368711024523, 0.3988529860507697]
1 2.102 [0.4608102289494127, 0.4043470770120621, 0.40694967098534107, 0.4387017269618809, 0.39112067385576665]
2026-04-21 11:13:09.318601 Sync done -> model run start
2026-04-21 11:13:09.328337 Sync done -> model run start
2026-04-21 11:13:09.342260 Sync done -> model run start
2026-04-21 11:13:09.351267 Sync done -> model run start
1 1.993 [0.40897539095021784, 0.39411253691650927, 0.392539783148095, 0.393873579101637, 0.40284604183398187]
2 2.074 [0.4568225899711251, 0.3932703530881554, 0.39207697194069624, 0.4441957150120288, 0.3873588149435818]
0 1.988 [0.408772996859625, 0.394436129136011, 0.39205582602880895, 0.39335264381952584, 0.39955402398481965]
2026-04-21 11:13:12.974053 Sync done -> model run start
2026-04-21 11:13:12.984212 Sync done -> model run start
2026-04-21 11:13:12.994222 Sync done -> model run start
2026-04-21 11:13:13.005574 Sync done -> model run start
2 1.986 [0.4092604420147836, 0.3945510240737349, 0.3919018169399351, 0.3936586838681251, 0.39655138086527586]
1 1.977 [0.4084453941322863, 0.39265988604165614, 0.3902315639425069, 0.39130515209399164, 0.3941202450077981]
3 1.984 [0.4110218419227749, 0.394123577978462, 0.39169103605672717, 0.39384040306322277, 0.39358264300972223]
0 2.074 [0.45827669790014625, 0.39220921183004975, 0.39024906302802265, 0.44066026085056365, 0.392660615965724]
2026-04-21 11:13:16.398487 Sync done -> model run start
2026-04-21 11:13:16.406562 Sync done -> model run start
2026-04-21 11:13:16.417289 Sync done -> model run start
2026-04-21 11:13:16.425665 Sync done -> model run start
0 2.03 [0.41533797001466155, 0.4134058940690011, 0.39900272502563894, 0.39880220498889685, 0.4031718228943646]
3 2.043 [0.41821524896658957, 0.41558208293281496, 0.3988618920557201, 0.3999567839782685, 0.4099626278039068]
2 2.074 [0.4217105999123305, 0.4237226750701666, 0.40814742678776383, 0.41155824600718915, 0.4084376338869333]
1 2.14 [0.4630154811311513, 0.4167366619221866, 0.4007326129358262, 0.45327328192070127, 0.40647894400171936]
2026-04-21 11:13:19.301227 Sync done -> model run start
net_times: [[7.963, 0.695, 802816, 401408], [0.002, 0.717, 802816, 401408], [0.38, 0.628, 802816, 401408], [0.657, 0.635, 802816, 401408], [0.72, 0.636, 802816, 401408], [0.747, 0.638, 802816, 401408], [0.832, 0.694, 802816, 401408], [0.588, 0.638, 802816, 401408], [0.737, 0.651, 802816, 401408], [0.514, 0.679, 802816, 401408]]
echo 'race4fun' | sudo -S sh -c 'journalctl --since "2026-04-21 11:12:35.890227" --until "2026-04-21 11:13:19.301227" -k -o short-iso '| grep -i -E 'throttle|throttled|thermal|cpufreq|under-voltage|voltage'
