ALL SYNC
2026-04-21 11:12:42.230923 Sync done -> model run start
2026-04-21 11:12:42.230916 Sync done -> model run start
2026-04-21 11:12:42.230920 Sync done -> model run start
2026-04-21 11:12:42.231229 Sync done -> model run start
2 0.137 [0.04160563903860748, 0.029199843062087893, 0.023389259120449424, 0.021137347910553217, 0.021270680939778686]
3 0.136 [0.04127913108095527, 0.02824719389900565, 0.02342202002182603, 0.02193208201788366, 0.021340731997042894]
1 0.137 [0.041605171049013734, 0.029145156033337116, 0.023430248955264688, 0.02121589006856084, 0.021387503016740084]
0 0.137 [0.04160527512431145, 0.02914447896182537, 0.02341795712709427, 0.021205159835517406, 0.021210005041211843]
2026-04-21 11:12:45.345516 Sync done -> model run start
2026-04-21 11:12:45.401944 Sync done -> model run start
2026-04-21 11:12:45.472712 Sync done -> model run start
2026-04-21 11:12:45.549508 Sync done -> model run start
0 0.083 [0.021626616129651666, 0.017903153086081147, 0.011702365009114146, 0.013703288044780493, 0.017363053048029542]
1 0.098 [0.031420191982761025, 0.027988706016913056, 0.011601844104006886, 0.013992451829835773, 0.012526629026979208]
2 0.072 [0.021568594966083765, 0.0194423608481884, 0.011048931162804365, 0.011706635123118758, 0.007714788895100355]
2026-04-21 11:12:49.204444 Sync done -> model run start
2026-04-21 11:12:49.261055 Sync done -> model run start
2026-04-21 11:12:49.335445 Sync done -> model run start
2026-04-21 11:12:49.417246 Sync done -> model run start
1 0.105 [0.03453938779421151, 0.0241873268969357, 0.01889439602382481, 0.014031306141987443, 0.012499077012762427]
0 0.086 [0.02447789814323187, 0.017520342953503132, 0.013631151989102364, 0.01405442995019257, 0.01607243693433702]
2 0.08 [0.02917729108594358, 0.0196072559338063, 0.013403967022895813, 0.0100172720849514, 0.007593435002490878]
3 0.052 [0.01938751805573702, 0.01115840906277299, 0.007905724924057722, 0.006859065964818001, 0.006900992011651397]
2026-04-21 11:12:52.778052 Sync done -> model run start
2026-04-21 11:12:52.833972 Sync done -> model run start
2026-04-21 11:12:52.912924 Sync done -> model run start
2026-04-21 11:12:52.987547 Sync done -> model run start
0 0.075 [0.02125563006848097, 0.017322375904768705, 0.010521904099732637, 0.012459391029551625, 0.013195374049246311]
1 0.089 [0.02202281099744141, 0.02521763206459582, 0.01614582189358771, 0.011652990011498332, 0.013853860087692738]
2 0.067 [0.021063234889879823, 0.017967163119465113, 0.011587000917643309, 0.008246243000030518, 0.007641298929229379]
3 0.045 [0.012958813924342394, 0.010647631948813796, 0.007142449030652642, 0.007001511985436082, 0.007142605958506465]
2026-04-21 11:12:56.523128 Sync done -> model run start
2026-04-21 11:12:56.578859 Sync done -> model run start
2026-04-21 11:12:56.654077 Sync done -> model run start
2026-04-21 11:12:56.734181 Sync done -> model run start
0 0.085 [0.024182952009141445, 0.017505655996501446, 0.013511101016774774, 0.014742759056389332, 0.015099318930879235]
1 0.106 [0.03485126211307943, 0.020559384021908045, 0.01966673508286476, 0.015349109191447496, 0.015592075884342194]
2 0.08 [0.03353960392996669, 0.01873127301223576, 0.01142747001722455, 0.009057800052687526, 0.007481092121452093]
3 0.053 [0.018990646116435528, 0.011613772017881274, 0.007949369959533215, 0.006883439840748906, 0.006924742134287953]
2026-04-21 11:13:00.143714 Sync done -> model run start
2026-04-21 11:13:00.200595 Sync done -> model run start
2026-04-21 11:13:00.277865 Sync done -> model run start
2026-04-21 11:13:00.354722 Sync done -> model run start
0 0.082 [0.023580248933285475, 0.017744717188179493, 0.011488303076475859, 0.01373443310149014, 0.015631815884262323]
1 0.09 [0.026692413026466966, 0.023561915149912238, 0.011959028895944357, 0.011973351938650012, 0.015742335934191942]
2 0.073 [0.023883945075795054, 0.019872514065355062, 0.01284813811071217, 0.007793643046170473, 0.007752340054139495]
3 0.048 [0.01533270301297307, 0.010927577968686819, 0.006833753082901239, 0.0074310931377112865, 0.006970888003706932]
2026-04-21 11:13:03.825498 Sync done -> model run start
2026-04-21 11:13:03.881875 Sync done -> model run start
2026-04-21 11:13:03.954841 Sync done -> model run start
2026-04-21 11:13:04.037470 Sync done -> model run start
0 0.085 [0.02450722106732428, 0.01756143686361611, 0.013622715137898922, 0.014448595000430942, 0.01457734382711351]
1 0.105 [0.034961938159540296, 0.02024100092239678, 0.018113984959200025, 0.015531034907326102, 0.015627492917701602]
2 0.082 [0.03370528016239405, 0.018063463969156146, 0.012245069025084376, 0.010321176145225763, 0.0076943200547248125]
3 0.053 [0.019322050036862493, 0.011151586892083287, 0.007947130827233195, 0.006970105925574899, 0.007309740176424384]
2026-04-21 11:13:07.433574 Sync done -> model run start
2026-04-21 11:13:07.490157 Sync done -> model run start
2026-04-21 11:13:07.568995 Sync done -> model run start
2026-04-21 11:13:07.638582 Sync done -> model run start
1 0.096 [0.02241520513780415, 0.024529771879315376, 0.01770789409056306, 0.018137421924620867, 0.013041313039138913]
0 0.075 [0.020417510997503996, 0.018039247021079063, 0.010615549050271511, 0.0120673100464046, 0.013424434931948781]
2 0.069 [0.021852605044841766, 0.018883718876168132, 0.010985441971570253, 0.00961013906635344, 0.007730986922979355]
3 0.048 [0.014521979028359056, 0.012895741034299135, 0.006996304029598832, 0.006826512981206179, 0.00696552312001586]
2026-04-21 11:13:11.194482 Sync done -> model run start
2026-04-21 11:13:11.237782 Sync done -> model run start
2026-04-21 11:13:11.299102 Sync done -> model run start
2026-04-21 11:13:11.379641 Sync done -> model run start
0 0.098 [0.0252398201264441, 0.017648885026574135, 0.026900642085820436, 0.012874803971499205, 0.014604426920413971]
2 0.09 [0.03142946306616068, 0.021502450807020068, 0.01225038105621934, 0.011080338153988123, 0.01311678090132773]
1 0.123 [0.03558511100709438, 0.022470986004918814, 0.01720529398880899, 0.024720656918361783, 0.022776609053835273]
3 0.059 [0.023504833225160837, 0.013763235183432698, 0.007898590061813593, 0.006839585956186056, 0.006870212033390999]
2026-04-21 11:13:14.714312 Sync done -> model run start
2026-04-21 11:13:14.765495 Sync done -> model run start
2026-04-21 11:13:14.824331 Sync done -> model run start
2026-04-21 11:13:14.894516 Sync done -> model run start
1 0.093 [0.025604348862543702, 0.02214343613013625, 0.013635267969220877, 0.015930510824546218, 0.014935936080291867]
0 0.092 [0.020429906900972128, 0.017409979831427336, 0.01665967283770442, 0.022429476026445627, 0.01476645702496171]
2 0.082 [0.03608515998348594, 0.016177957877516747, 0.011679604882374406, 0.008135827956721187, 0.009573264978826046]
3 0.053 [0.01473067607730627, 0.014645103830844164, 0.009171810001134872, 0.006792556028813124, 0.0073118750005960464]
2026-04-21 11:13:16.350285 Sync done -> model run start
net_times: [[5.821, 1.392, 3211264, 802816], [1.352, 1.869, 3211264, 802816], [1.512, 1.51, 3211264, 802816], [1.602, 1.487, 3211264, 802816], [1.791, 1.383, 3211264, 802816], [1.758, 1.413, 3211264, 802816], [1.832, 1.438, 3211264, 802816], [1.675, 1.447, 3211264, 802816], [1.827, 1.389, 3211264, 802816], [1.692, 1.304, 3211264, 802816]]
echo 'race4fun' | sudo -S sh -c 'journalctl --since "2026-04-21 11:12:35.890122" --until "2026-04-21 11:13:16.350285" -k -o short-iso '| grep -i -E 'throttle|throttled|thermal|cpufreq|under-voltage|voltage'
