ALL SYNC
2026-04-21 11:12:35.294826 Sync done -> model run start
2026-04-21 11:12:35.294830 Sync done -> model run start
2026-04-21 11:12:35.294826 Sync done -> model run start
2026-04-21 11:12:35.294829 Sync done -> model run start
3 0.467 [0.1297411690466106, 0.09752531489357352, 0.07933633006177843, 0.07915872614830732, 0.08117975993081927]
1 0.47 [0.12974132504314184, 0.09809375111944973, 0.08235183800570667, 0.07915622601285577, 0.08058257517404854]
2 0.47 [0.1297410640399903, 0.09809182398021221, 0.08239011908881366, 0.08026023185811937, 0.07975408900529146]
0 0.496 [0.13216522010043263, 0.10267539788037539, 0.08539916900917888, 0.08350589592009783, 0.09181008022278547]
2026-04-21 11:12:41.845868 Sync done -> model run start
2026-04-21 11:12:41.851330 Sync done -> model run start
2026-04-21 11:12:41.858604 Sync done -> model run start
2026-04-21 11:12:41.866789 Sync done -> model run start
1 0.405 [0.08838795777410269, 0.09231372200883925, 0.07902669603936374, 0.0688566870521754, 0.07608181308023632]
2 0.411 [0.09483298286795616, 0.09200158808380365, 0.07418546709232032, 0.06754700490273535, 0.0817917890381068]
3 0.415 [0.09629818517714739, 0.0927023149561137, 0.0767357680015266, 0.07498817192390561, 0.07364223897457123]
0 0.486 [0.08753040991723537, 0.09464251506142318, 0.07597660506144166, 0.10203071194700897, 0.1258249869570136]
2026-04-21 11:12:45.345388 Sync done -> model run start
2026-04-21 11:12:45.360996 Sync done -> model run start
2026-04-21 11:12:45.365177 Sync done -> model run start
2026-04-21 11:12:45.382275 Sync done -> model run start
0 0.381 [0.07526817009784281, 0.08900998695753515, 0.07578186597675085, 0.06981006800197065, 0.07100600097328424]
1 0.391 [0.08870311290957034, 0.08746785810217261, 0.06810575188137591, 0.07120964606292546, 0.07507733814418316]
2 0.394 [0.08471984881907701, 0.0884300940670073, 0.07388166501186788, 0.07102594897150993, 0.0755111901089549]
3 0.404 [0.09036680404096842, 0.08621228998526931, 0.07007892103865743, 0.07010595314204693, 0.08680140203796327]
2026-04-21 11:12:49.227613 Sync done -> model run start
2026-04-21 11:12:49.233035 Sync done -> model run start
2026-04-21 11:12:49.239395 Sync done -> model run start
2026-04-21 11:12:49.247405 Sync done -> model run start
1 0.42 [0.09044154384173453, 0.09074836480431259, 0.07482577604241669, 0.0877070240676403, 0.07570816902443767]
2 0.415 [0.09549777186475694, 0.09244799287989736, 0.06744752684608102, 0.08476474485360086, 0.07454108982346952]
3 0.416 [0.09719948284327984, 0.09316413593478501, 0.0753365030977875, 0.07316807517781854, 0.07713847397826612]
0 0.494 [0.08733244193717837, 0.0965470380615443, 0.10533715807832778, 0.10006290907040238, 0.10478424304164946]
2026-04-21 11:12:52.781515 Sync done -> model run start
2026-04-21 11:12:52.787372 Sync done -> model run start
2026-04-21 11:12:52.797401 Sync done -> model run start
2026-04-21 11:12:52.804423 Sync done -> model run start
1 0.413 [0.08741067093797028, 0.0929902819916606, 0.07732389098964632, 0.07524837902747095, 0.08010924281552434]
2 0.41 [0.09339272882789373, 0.09103622799739242, 0.07334578316658735, 0.07187318382784724, 0.07987314998172224]
0 0.493 [0.08226798381656408, 0.09040524112060666, 0.07902768603526056, 0.1084383421111852, 0.13266719714738429]
2026-04-21 11:12:56.570225 Sync done -> model run start
2026-04-21 11:12:56.577394 Sync done -> model run start
2026-04-21 11:12:56.583436 Sync done -> model run start
2026-04-21 11:12:56.591577 Sync done -> model run start
3 0.402 [0.09720828593708575, 0.08841842692345381, 0.06711601698771119, 0.06862002098932862, 0.07996637909673154]
2 0.397 [0.09586375998333097, 0.08760410803370178, 0.06747372495010495, 0.06967491284012794, 0.07660863315686584]
1 0.476 [0.08983972296118736, 0.11535550002008677, 0.0843603708781302, 0.0858071360271424, 0.10063186404295266]
2026-04-21 11:13:00.118685 Sync done -> model run start
2026-04-21 11:13:00.126823 Sync done -> model run start
2026-04-21 11:13:00.142750 Sync done -> model run start
2026-04-21 11:13:00.149902 Sync done -> model run start
0 0.386 [0.08010429609566927, 0.08973930589854717, 0.07374031189829111, 0.06934866379015148, 0.07330838707275689]
1 0.395 [0.09103820705786347, 0.08772348193451762, 0.0721154750790447, 0.06976397498510778, 0.07372650993056595]
2 0.463 [0.08088981290347874, 0.08967425511218607, 0.08238949393853545, 0.1044713279698044, 0.10518689686432481]
3 0.395 [0.09322163602337241, 0.08710150606930256, 0.07097600097768009, 0.06972736003808677, 0.07391880103386939]
2026-04-21 11:13:03.867961 Sync done -> model run start
2026-04-21 11:13:03.874686 Sync done -> model run start
2026-04-21 11:13:03.880471 Sync done -> model run start
2026-04-21 11:13:03.888266 Sync done -> model run start
1 0.403 [0.09178106905892491, 0.08668520487844944, 0.07314260606653988, 0.07359453197568655, 0.07794696092605591]
0 0.405 [0.08608218701556325, 0.09379949793219566, 0.07725873496383429, 0.07313719019293785, 0.07465739198960364]
3 0.411 [0.09665906894952059, 0.08650031010620296, 0.07028480619192123, 0.07368552102707326, 0.08408547611907125]
2 0.489 [0.09596693702042103, 0.10834933212026954, 0.101485142018646, 0.07937138201668859, 0.10315336403436959]
2026-04-21 11:13:07.436925 Sync done -> model run start
2026-04-21 11:13:07.441563 Sync done -> model run start
2026-04-21 11:13:07.452607 Sync done -> model run start
2026-04-21 11:13:07.464209 Sync done -> model run start
0 0.39 [0.08574463683180511, 0.0890057161450386, 0.0695494448300451, 0.07586243911646307, 0.07002543192356825]
2 0.39 [0.09131023800000548, 0.0903176898136735, 0.0699228800367564, 0.06528847315348685, 0.0727790140081197]
3 0.398 [0.09377392497844994, 0.08969420311041176, 0.07189344498328865, 0.0653016499709338, 0.07736555696465075]
1 0.476 [0.08689499599859118, 0.08859451999887824, 0.08340480295009911, 0.09594084392301738, 0.12095360201783478]
2026-04-21 11:13:11.193725 Sync done -> model run start
2026-04-21 11:13:11.199212 Sync done -> model run start
2026-04-21 11:13:11.206781 Sync done -> model run start
2026-04-21 11:13:11.214964 Sync done -> model run start
0 0.411 [0.08874269598163664, 0.09226471302099526, 0.0769842560403049, 0.07595967804081738, 0.07694748602807522]
1 0.405 [0.08828374021686614, 0.0873677539639175, 0.07645832095295191, 0.07627993705682456, 0.07598389592021704]
3 0.427 [0.09616552898660302, 0.08701395406387746, 0.0708439180161804, 0.0807135640643537, 0.09196106810122728]
2 0.489 [0.09521777392365038, 0.11401180806569755, 0.1072067329660058, 0.07568285707384348, 0.09655057988129556]
2026-04-21 11:13:14.628626 Sync done -> model run start
net_times: [[0.0, 5.695, 0, 3211264], [0.0, 2.735, 0, 3211264], [0.0, 3.09, 0, 3211264], [0.0, 2.777, 0, 3211264], [0.0, 2.97, 0, 3211264], [0.0, 2.79, 0, 3211264], [0.0, 2.929, 0, 3211264], [0.0, 2.802, 0, 3211264], [0.0, 2.962, 0, 3211264], [0.0, 2.747, 0, 3211264]]
echo 'race4fun' | sudo -S sh -c 'journalctl --since "2026-04-21 11:12:34.882397" --until "2026-04-21 11:13:14.628626" -k -o short-iso '| grep -i -E 'throttle|throttled|thermal|cpufreq|under-voltage|voltage'
