ALL SYNC
2026-04-21 11:11:38.368400 Sync done -> model run start
2026-04-21 11:11:38.368407 Sync done -> model run start
2026-04-21 11:11:38.368400 Sync done -> model run start
2026-04-21 11:11:38.370724 Sync done -> model run start
1 2.618 [0.5430208540055901, 0.5222182779107243, 0.5359751000069082, 0.5081489060539752, 0.508443488040939]
0 2.655 [0.5440080899279565, 0.5477757828775793, 0.5489362468943, 0.5048206900246441, 0.509718744084239]
3 2.687 [0.5578938690014184, 0.5196054771076888, 0.578103112988174, 0.5065669850446284, 0.5240754059050232]
2 2.765 [0.5430430942215025, 0.5157682520803064, 0.6014864072203636, 0.5458380819763988, 0.558656990993768]
2026-04-21 11:11:41.524144 Sync done -> model run start
2026-04-21 11:11:41.529790 Sync done -> model run start
2026-04-21 11:11:41.541951 Sync done -> model run start
2026-04-21 11:11:41.557389 Sync done -> model run start
0 2.519 [0.49956128280609846, 0.48990809195674956, 0.4877203400246799, 0.5157014799769968, 0.5259307119995356]
3 2.564 [0.4992910760920495, 0.4897393421269953, 0.4868978951126337, 0.5706066321581602, 0.5173884008545429]
2 2.604 [0.5180907940957695, 0.5185106880962849, 0.4872223730199039, 0.5670828951988369, 0.5127651370130479]
1 2.636 [0.5012264859396964, 0.4930539131164551, 0.4894735610578209, 0.5509138950146735, 0.6009766689967364]
2026-04-21 11:11:44.534744 Sync done -> model run start
2026-04-21 11:11:44.544327 Sync done -> model run start
2026-04-21 11:11:44.560555 Sync done -> model run start
2026-04-21 11:11:44.630915 Sync done -> model run start
0 2.537 [0.5079912501387298, 0.49128746101632714, 0.49164188583381474, 0.5203101600054651, 0.5255303990561515]
1 2.543 [0.5084190610796213, 0.4917349067982286, 0.4918036039453, 0.5210806780960411, 0.5300154339056462]
3 2.594 [0.4976180100347847, 0.4889628340024501, 0.5388900879770517, 0.5222203091252595, 0.5457332900259644]
2 2.684 [0.5042318368796259, 0.4899356949608773, 0.4912612629123032, 0.6243904309812933, 0.5742494810838252]
2026-04-21 11:11:47.641842 Sync done -> model run start
2026-04-21 11:11:47.656299 Sync done -> model run start
2026-04-21 11:11:47.664514 Sync done -> model run start
2026-04-21 11:11:47.689402 Sync done -> model run start
3 2.541 [0.5192552160006016, 0.49163766810670495, 0.4896963199134916, 0.5160053840372711, 0.5238169159274548]
1 2.592 [0.5266890928614885, 0.4904830879531801, 0.48934986302629113, 0.5579618869815022, 0.527661588974297]
2 2.638 [0.5582175638992339, 0.5041592849884182, 0.4896331438794732, 0.5664322720840573, 0.5191677161492407]
0 2.676 [0.5348031239118427, 0.4893634570762515, 0.48924679099582136, 0.5468142228201032, 0.6152241120580584]
2026-04-21 11:11:50.696989 Sync done -> model run start
2026-04-21 11:11:50.708258 Sync done -> model run start
2026-04-21 11:11:50.730986 Sync done -> model run start
2026-04-21 11:11:50.762220 Sync done -> model run start
1 2.596 [0.5082197899464518, 0.492514694808051, 0.49009048496373, 0.5257107629440725, 0.5795611781068146]
0 2.654 [0.5105661349371076, 0.4918655310757458, 0.48946715402416885, 0.6282364570070058, 0.5333045350853354]
2 2.611 [0.5025792908854783, 0.49953149002976716, 0.5323082890827209, 0.5258677939418703, 0.5506019669119269]
3 2.535 [0.5035240789875388, 0.49188667605631053, 0.48929975903593004, 0.5232744179666042, 0.5270225808490068]
2026-04-21 11:11:53.767776 Sync done -> model run start
2026-04-21 11:11:53.773188 Sync done -> model run start
2026-04-21 11:11:53.784085 Sync done -> model run start
2026-04-21 11:11:53.792905 Sync done -> model run start
1 2.564 [0.5010433588176966, 0.5260859690606594, 0.49262417294085026, 0.5189305280800909, 0.5255650859326124]
0 2.62 [0.4998256550170481, 0.5189063618890941, 0.4942195829935372, 0.5183312080334872, 0.5885313509497792]
2 2.66 [0.49966539489105344, 0.5248553501442075, 0.4928229220677167, 0.6100910578388721, 0.5321291738655418]
3 2.64 [0.555270125856623, 0.5111705588642508, 0.49331062799319625, 0.5666571650654078, 0.5139025798998773]
2026-04-21 11:11:56.837860 Sync done -> model run start
2026-04-21 11:11:56.846213 Sync done -> model run start
2026-04-21 11:11:56.856890 Sync done -> model run start
2026-04-21 11:11:56.864793 Sync done -> model run start
2 2.551 [0.4983191501814872, 0.4902718900702894, 0.48885387484915555, 0.5256163352169096, 0.5474632289260626]
3 2.544 [0.4974426440894604, 0.4893640810623765, 0.4892831949982792, 0.5231338969897479, 0.5448304789606482]
0 2.608 [0.49917664704844356, 0.5074160941876471, 0.5182085519190878, 0.524806025903672, 0.5584031860344112]
1 2.643 [0.49731457117013633, 0.4895480910781771, 0.4881880439352244, 0.6375700649805367, 0.5300536619033664]
2026-04-21 11:11:59.874408 Sync done -> model run start
2026-04-21 11:11:59.886501 Sync done -> model run start
2026-04-21 11:11:59.888642 Sync done -> model run start
2026-04-21 11:11:59.907624 Sync done -> model run start
0 2.524 [0.5014463250990957, 0.4903695459943265, 0.48917970596812665, 0.5204766150563955, 0.5222752019762993]
1 2.519 [0.4987613349221647, 0.4917469350621104, 0.4893395500257611, 0.5166335059329867, 0.522279055789113]
2 2.527 [0.502458143979311, 0.4909423040226102, 0.48944371612742543, 0.5184705299325287, 0.5250242021866143]
3 2.735 [0.5447433958761394, 0.4909326690249145, 0.4902670979499817, 0.683940612943843, 0.5252390450332314]
2026-04-21 11:12:03.024495 Sync done -> model run start
2026-04-21 11:12:03.030156 Sync done -> model run start
2026-04-21 11:12:03.053510 Sync done -> model run start
2026-04-21 11:12:03.053523 Sync done -> model run start
0 2.658 [0.508313954109326, 0.5289611648768187, 0.49340130388736725, 0.5550834578461945, 0.5721134960185736]
1 2.582 [0.5109055591747165, 0.5339435930363834, 0.49223729711957276, 0.5181901131290942, 0.5267844551708549]
3 2.603 [0.5111866509541869, 0.520052813924849, 0.49242776492610574, 0.5167517850641161, 0.5618753081653267]
2 2.689 [0.5111875359434634, 0.5702331908978522, 0.49360848986543715, 0.5934643498621881, 0.5205875511746854]
2026-04-21 11:12:06.142393 Sync done -> model run start
2026-04-21 11:12:06.144193 Sync done -> model run start
2026-04-21 11:12:06.162017 Sync done -> model run start
2026-04-21 11:12:06.168416 Sync done -> model run start
0 2.501 [0.5341972899623215, 0.49389739497564733, 0.49140245700255036, 0.49298208579421043, 0.487920492189005]
1 2.521 [0.5357316071167588, 0.4961185329593718, 0.494768536882475, 0.49809237918816507, 0.4957453559618443]
2 2.522 [0.5380817018449306, 0.503657148918137, 0.49621920892968774, 0.49113485403358936, 0.4926087020430714]
3 2.57 [0.5629713961388916, 0.49388822889886796, 0.5366461870726198, 0.4933510951232165, 0.48272129287943244]
2026-04-21 11:12:08.811269 Sync done -> model run start
net_times: [[2.117, 0.0, 802816, 0], [0.002, 0.0, 802816, 0], [0.002, 0.0, 802816, 0], [0.002, 0.0, 802816, 0], [0.002, 0.0, 802816, 0], [0.002, 0.0, 802816, 0], [0.002, 0.0, 802816, 0], [0.002, 0.0, 802816, 0], [0.002, 0.0, 802816, 0], [0.002, 0.0, 802816, 0]]
echo 'race4fun' | sudo -S sh -c 'journalctl --since "2026-04-21 11:11:35.263440" --until "2026-04-21 11:12:08.811269" -k -o short-iso '| grep -i -E 'throttle|throttled|thermal|cpufreq|under-voltage|voltage'
