ALL SYNC
2026-04-21 11:12:48.375521 Sync done -> model run start
2026-04-21 11:12:48.375516 Sync done -> model run start
2026-04-21 11:12:48.375516 Sync done -> model run start
2026-04-21 11:12:48.375516 Sync done -> model run start
2 1.669 [0.360737337032333, 0.32492841593921185, 0.32302383915521204, 0.3224023829679936, 0.33744596992619336]
0 1.707 [0.36073707696050406, 0.324927895097062, 0.32303394307382405, 0.3224026958923787, 0.3754008209798485]
3 1.692 [0.3569328738376498, 0.32393315783701837, 0.31942973914556205, 0.3206470259465277, 0.3711471927817911]
1 1.74 [0.3569323008414358, 0.3693733448162675, 0.3200241120066494, 0.3210747849661857, 0.37258442700840533]
2026-04-21 11:12:50.880202 Sync done -> model run start
2026-04-21 11:12:50.881616 Sync done -> model run start
2026-04-21 11:12:50.888877 Sync done -> model run start
2026-04-21 11:12:50.893041 Sync done -> model run start
1 1.639 [0.33938247291371226, 0.3255090380553156, 0.31801771302707493, 0.3183976588770747, 0.33738779299892485]
0 1.645 [0.3370351910125464, 0.32696898002177477, 0.3178380271419883, 0.3184818259906024, 0.3449264098890126]
2 1.641 [0.3428114699199796, 0.31991744600236416, 0.31819114997051656, 0.3181571390014142, 0.34143147501163185]
3 1.709 [0.35295117017813027, 0.36247602803632617, 0.3184665129519999, 0.3178933900780976, 0.35727834003046155]
2026-04-21 11:12:54.150277 Sync done -> model run start
2026-04-21 11:12:54.153257 Sync done -> model run start
2026-04-21 11:12:54.157737 Sync done -> model run start
2026-04-21 11:12:54.165434 Sync done -> model run start
0 1.593 [0.3240213869139552, 0.3179598490241915, 0.31655667698942125, 0.31708875810727477, 0.31693157088011503]
1 1.596 [0.3247922179289162, 0.31811656593345106, 0.3171702679246664, 0.3176871940959245, 0.3176903701387346]
3 1.594 [0.3240559180267155, 0.31790615106001496, 0.3173501640558243, 0.31699917488731444, 0.3176266730297357]
2 1.636 [0.32430716790258884, 0.3182248470839113, 0.361982436850667, 0.3173905271105468, 0.3143838201649487]
2026-04-21 11:12:57.731051 Sync done -> model run start
2026-04-21 11:12:57.737792 Sync done -> model run start
2026-04-21 11:12:57.750629 Sync done -> model run start
2026-04-21 11:12:57.750560 Sync done -> model run start
1 1.604 [0.32590705691836774, 0.32049874402582645, 0.32015400589443743, 0.3179143271408975, 0.31934953085146844]
0 1.603 [0.3246398218907416, 0.3211424401961267, 0.3197953619528562, 0.31771526602096856, 0.31964739295654]
3 1.609 [0.32659981516189873, 0.32288201595656574, 0.32125999103300273, 0.31844724202528596, 0.3194408838171512]
2 1.648 [0.326599711086601, 0.322881911881268, 0.3523474221583456, 0.3312191709410399, 0.3148188709747046]
2026-04-21 11:13:01.332612 Sync done -> model run start
2026-04-21 11:13:01.341841 Sync done -> model run start
2026-04-21 11:13:01.347876 Sync done -> model run start
2026-04-21 11:13:01.354361 Sync done -> model run start
0 1.598 [0.32759225787594914, 0.3182290659751743, 0.3175425580702722, 0.31727964198216796, 0.31735891313292086]
2 1.594 [0.3235672728624195, 0.3179022439289838, 0.3172141220420599, 0.31726834014989436, 0.3179741189815104]
3 1.595 [0.3240995639935136, 0.3179055249784142, 0.31736448500305414, 0.3173314130399376, 0.3184005240909755]
1 1.639 [0.32685684389434755, 0.318555261939764, 0.3351092601660639, 0.3437256319448352, 0.3141987679991871]
2026-04-21 11:13:04.991032 Sync done -> model run start
2026-04-21 11:13:04.998084 Sync done -> model run start
2026-04-21 11:13:05.002424 Sync done -> model run start
2026-04-21 11:13:05.011023 Sync done -> model run start
0 1.594 [0.32302461890503764, 0.3180934409610927, 0.31715380889363587, 0.3178160460665822, 0.31779365008696914]
2 1.592 [0.3219862380065024, 0.3173299019690603, 0.31724886083975434, 0.3180050551891327, 0.3175999529194087]
1 1.632 [0.322042748099193, 0.3177368799224496, 0.3343455120921135, 0.34384948504157364, 0.31379074905999005]
3 1.593 [0.3219029570464045, 0.3179726079106331, 0.31725552678108215, 0.31795057700946927, 0.3179596920963377]
2026-04-21 11:13:08.848713 Sync done -> model run start
2026-04-21 11:13:08.851650 Sync done -> model run start
2026-04-21 11:13:08.858725 Sync done -> model run start
2026-04-21 11:13:08.862323 Sync done -> model run start
0 1.595 [0.3243309159297496, 0.31963869486935437, 0.31681443518027663, 0.3173039120156318, 0.31703360099345446]
1 1.597 [0.32488685101270676, 0.3194090079050511, 0.31696261116303504, 0.31805646093562245, 0.3175774528644979]
2 1.598 [0.32463789405301213, 0.319325883872807, 0.3172327149659395, 0.31771453586407006, 0.319172342075035]
3 1.637 [0.32458794582635164, 0.31882770895026624, 0.36091525107622147, 0.31750990101136267, 0.31452355813235044]
2026-04-21 11:13:12.353708 Sync done -> model run start
2026-04-21 11:13:12.360305 Sync done -> model run start
2026-04-21 11:13:12.366746 Sync done -> model run start
2026-04-21 11:13:12.379032 Sync done -> model run start
0 1.616 [0.32416570791974664, 0.31794818001799285, 0.3175614110659808, 0.3176924518775195, 0.33843872509896755]
2 1.615 [0.32205066410824656, 0.317908335942775, 0.3174353181384504, 0.31772375386208296, 0.34018387412652373]
1 1.622 [0.32275691092945635, 0.3176540150307119, 0.31697005894966424, 0.3172974018380046, 0.3473420748487115]
3 1.66 [0.32194217504002154, 0.3175554210320115, 0.3611096248496324, 0.3176392230670899, 0.3415806400589645]
2026-04-21 11:13:16.007912 Sync done -> model run start
2026-04-21 11:13:16.010924 Sync done -> model run start
2026-04-21 11:13:16.010919 Sync done -> model run start
2026-04-21 11:13:16.024516 Sync done -> model run start
1 1.608 [0.32768064201809466, 0.32032900396734476, 0.31933400803245604, 0.3192932258825749, 0.3208608250133693]
0 1.619 [0.3302809970919043, 0.32304800394922495, 0.32163123902864754, 0.32084004301577806, 0.323049410013482]
2 1.619 [0.3302811528556049, 0.32304826378822327, 0.3216311859432608, 0.32084014802239835, 0.3230492540169507]
3 1.649 [0.3279000159818679, 0.320874887984246, 0.36331326188519597, 0.3195442669093609, 0.31731755705550313]
2026-04-21 11:13:19.556909 Sync done -> model run start
2026-04-21 11:13:19.558491 Sync done -> model run start
2026-04-21 11:13:19.566478 Sync done -> model run start
2026-04-21 11:13:19.603300 Sync done -> model run start
0 1.64 [0.32867100299336016, 0.320147026097402, 0.3194164549931884, 0.346147027797997, 0.32592054386623204]
2 1.638 [0.33020380791276693, 0.3209532198961824, 0.3207140031736344, 0.34453375288285315, 0.3212341039907187]
1 1.647 [0.3312801069114357, 0.31959968409501016, 0.3208513460122049, 0.3543131418991834, 0.32117025018669665]
3 1.666 [0.3246367478277534, 0.32354852301068604, 0.34297834197059274, 0.3618504030164331, 0.31331142713315785]
2026-04-21 11:13:21.509983 Sync done -> model run start
net_times: [[11.587, 0.173, 401408, 100352], [0.229, 0.158, 401408, 100352], [1.046, 0.183, 401408, 100352], [1.401, 0.156, 401408, 100352], [1.427, 0.173, 401408, 100352], [1.473, 0.155, 401408, 100352], [1.663, 0.179, 401408, 100352], [1.335, 0.156, 401408, 100352], [1.466, 0.179, 401408, 100352], [1.343, 0.155, 401408, 100352]]
echo 'race4fun' | sudo -S sh -c 'journalctl --since "2026-04-21 11:12:35.896682" --until "2026-04-21 11:13:21.509983" -k -o short-iso '| grep -i -E 'throttle|throttled|thermal|cpufreq|under-voltage|voltage'
