ALL SYNC
2026-04-21 11:12:50.794423 Sync done -> model run start
2026-04-21 11:12:50.794442 Sync done -> model run start
2026-04-21 11:12:50.794610 Sync done -> model run start
2026-04-21 11:12:50.794423 Sync done -> model run start
0 0.041 [0.03235506685450673, 0.0019420189782977104, 0.0018520720768719912, 0.0018064999021589756, 0.0025880569592118263]
2 0.04 [0.03235475393012166, 0.0019479570910334587, 0.002464048098772764, 0.0016853550914674997, 0.0017151979263871908]
1 0.042 [0.03224293189123273, 0.0019293110817670822, 0.002882119035348296, 0.0030004510190337896, 0.001577021088451147]
3 0.042 [0.032351420959457755, 0.0019423840567469597, 0.001852123998105526, 0.0029624300077557564, 0.0014695220161229372]
2026-04-21 11:12:52.866916 Sync done -> model run start
2026-04-21 11:12:52.866916 Sync done -> model run start
2026-04-21 11:12:52.870412 Sync done -> model run start
2026-04-21 11:12:52.880116 Sync done -> model run start
0 0.013 [0.00546960299834609, 0.0020530088804662228, 0.0015808239113539457, 0.001754156081005931, 0.0016146779526025057]
1 0.013 [0.005470592062920332, 0.0018594160210341215, 0.0017702500335872173, 0.0017544690053910017, 0.001614782027900219]
2 0.013 [0.006110067944973707, 0.002069934969767928, 0.001566397026181221, 0.0016420730389654636, 0.0015416049864143133]
3 0.008 [0.004856690065935254, 0.0010859312023967505, 0.0007639541290700436, 0.0006426011677831411, 0.0006142149213701487]
2026-04-21 11:12:56.110166 Sync done -> model run start
2026-04-21 11:12:56.110166 Sync done -> model run start
2026-04-21 11:12:56.117364 Sync done -> model run start
2026-04-21 11:12:56.125148 Sync done -> model run start
0 0.015 [0.006891209166496992, 0.002156393136829138, 0.002203996991738677, 0.0019850400276482105, 0.0019515508320182562]
1 0.016 [0.006890011020004749, 0.0021457159891724586, 0.002203945070505142, 0.0019853010307997465, 0.001951082143932581]
2 0.015 [0.008369012037292123, 0.0017875940538942814, 0.00202154996804893, 0.0017036879435181618, 0.0010463478974997997]
3 0.01 [0.00655011716298759, 0.0010116600897163153, 0.0009540049359202385, 0.0009516091085970402, 0.0007030172273516655]
2026-04-21 11:12:59.674749 Sync done -> model run start
2026-04-21 11:12:59.674774 Sync done -> model run start
2026-04-21 11:12:59.680901 Sync done -> model run start
2026-04-21 11:12:59.688217 Sync done -> model run start
1 0.013 [0.005506686167791486, 0.0018345210701227188, 0.00172842713072896, 0.0018023850861936808, 0.0016576980706304312]
2 0.012 [0.006576419109478593, 0.0016936359461396933, 0.0015904069878160954, 0.001320461044088006, 0.000997442053630948]
0 0.013 [0.005505801178514957, 0.0018344169948250055, 0.0017278541345149279, 0.001798009965568781, 0.0016578549984842539]
2026-04-21 11:13:03.313646 Sync done -> model run start
2026-04-21 11:13:03.313675 Sync done -> model run start
2026-04-21 11:13:03.319931 Sync done -> model run start
2026-04-21 11:13:03.323636 Sync done -> model run start
0 0.015 [0.006924645975232124, 0.0022418610751628876, 0.002043528947979212, 0.0020432169549167156, 0.0019812898244708776]
1 0.015 [0.00693959416821599, 0.0021614970173686743, 0.002046498004347086, 0.0020435298793017864, 0.001982383895665407]
2 0.016 [0.00851312605664134, 0.00189925916492939, 0.0018338430672883987, 0.001857489114627242, 0.0015262409579008818]
3 0.015 [0.007942139869555831, 0.002181289019063115, 0.0016987919807434082, 0.001353846164420247, 0.0012507219798862934]
2026-04-21 11:13:06.916513 Sync done -> model run start
2026-04-21 11:13:06.916982 Sync done -> model run start
2026-04-21 11:13:06.921307 Sync done -> model run start
2026-04-21 11:13:06.922682 Sync done -> model run start
1 0.012 [0.005356739042326808, 0.001706551993265748, 0.001746240071952343, 0.0016761359293013811, 0.0017904581036418676]
0 0.013 [0.005703923990949988, 0.0017083229031413794, 0.0017458228394389153, 0.0016761359293013811, 0.0017906660214066505]
2 0.013 [0.006433034082874656, 0.0017248860094696283, 0.0015273860190063715, 0.001590563915669918, 0.001382335089147091]
3 0.013 [0.006802927935495973, 0.0015463449526578188, 0.0015651991125196218, 0.0013822310138493776, 0.00101759796962142]
2026-04-21 11:13:10.812141 Sync done -> model run start
2026-04-21 11:13:10.819727 Sync done -> model run start
2026-04-21 11:13:10.832771 Sync done -> model run start
2026-04-21 11:13:10.836811 Sync done -> model run start
2 0.016 [0.007780109997838736, 0.0021319668740034103, 0.002065039938315749, 0.0018323331605643034, 0.0016122818924486637]
1 0.011 [0.006654544034972787, 0.001374626997858286, 0.0009322338737547398, 0.0009825979359447956, 0.0009496819693595171]
0 0.015 [0.007110581966117024, 0.0018644679803401232, 0.002135924994945526, 0.0018891030922532082, 0.0016549380961805582]
3 0.009 [0.0052351250778883696, 0.0008910889737308025, 0.0009379109833389521, 0.0008972859941422939, 0.0009306708816438913]
2026-04-21 11:13:14.307712 Sync done -> model run start
2026-04-21 11:13:14.307712 Sync done -> model run start
2026-04-21 11:13:14.314211 Sync done -> model run start
2026-04-21 11:13:14.320762 Sync done -> model run start
1 0.013 [0.005749912932515144, 0.0017562920693308115, 0.0017779588233679533, 0.0018183740321546793, 0.0015502511523663998]
0 0.013 [0.005739236017689109, 0.0017622821033000946, 0.0017781669739633799, 0.0018185828812420368, 0.0015501470770686865]
2 0.013 [0.006702251965180039, 0.0016349910292774439, 0.0015745738055557013, 0.0013318669516593218, 0.0010232229251414537]
3 0.009 [0.005139291984960437, 0.0009218689519912004, 0.000868743984028697, 0.0010217640083283186, 0.0007893699221313]
2026-04-21 11:13:17.982037 Sync done -> model run start
2026-04-21 11:13:17.983060 Sync done -> model run start
2026-04-21 11:13:17.990053 Sync done -> model run start
2026-04-21 11:13:17.991294 Sync done -> model run start
0 0.016 [0.007589485961943865, 0.0019446751102805138, 0.002131497021764517, 0.0020596750546246767, 0.001995197031646967]
1 0.016 [0.007494851015508175, 0.0023657670244574547, 0.0021430079359561205, 0.0021304560359567404, 0.0018288427963852882]
2 0.016 [0.008094429969787598, 0.002072904957458377, 0.0020667060744017363, 0.0017438959330320358, 0.001672595040872693]
3 0.016 [0.008107035188004375, 0.002265507122501731, 0.0020225918851792812, 0.0018394680228084326, 0.0012493161484599113]
2026-04-21 11:13:21.544199 Sync done -> model run start
2026-04-21 11:13:21.550680 Sync done -> model run start
2026-04-21 11:13:21.550680 Sync done -> model run start
2026-04-21 11:13:21.553784 Sync done -> model run start
2 0.012 [0.00547736301086843, 0.001737802056595683, 0.0016206151340156794, 0.0016444700304418802, 0.0015268661081790924]
0 0.013 [0.006139181787148118, 0.0019365509506314993, 0.0015571259427815676, 0.0014830639120191336, 0.001914051128551364]
1 0.012 [0.005476738093420863, 0.0017326460219919682, 0.0016256149392575026, 0.0016445729415863752, 0.0015292090829461813]
3 0.013 [0.006601470988243818, 0.0020720709580928087, 0.0010734309908002615, 0.0013706679455935955, 0.0013494710437953472]
2026-04-21 11:13:21.638634 Sync done -> model run start
net_times: [[14.446, 0.0, 100352, 0], [1.873, 0.0, 100352, 0], [3.058, 0.0, 100352, 0], [3.397, 0.0, 100352, 0], [3.45, 0.0, 100352, 0], [3.44, 0.0, 100352, 0], [3.712, 0.0, 100352, 0], [3.328, 0.0, 100352, 0], [3.488, 0.0, 100352, 0], [3.378, 0.0, 100352, 0]]
echo 'race4fun' | sudo -S sh -c 'journalctl --since "2026-04-21 11:12:35.896002" --until "2026-04-21 11:13:21.638634" -k -o short-iso '| grep -i -E 'throttle|throttled|thermal|cpufreq|under-voltage|voltage'
