ALL SYNC
2026-04-21 11:11:34.669107 Sync done -> model run start
2026-04-21 11:11:34.669106 Sync done -> model run start
2026-04-21 11:11:34.669108 Sync done -> model run start
2026-04-21 11:11:34.669106 Sync done -> model run start
1 1.806 [0.46650202898308635, 0.35116033093072474, 0.3419512559194118, 0.32832277100533247, 0.3183491160161793]
0 1.809 [0.46223980700597167, 0.35542802209965885, 0.34340005181729794, 0.32886245707049966, 0.3186927088536322]
3 1.841 [0.470570916775614, 0.3597207108978182, 0.3471239940263331, 0.33484769193455577, 0.32899433211423457]
2 1.912 [0.47953348280861974, 0.4291452078614384, 0.34703529602847993, 0.32267909799702466, 0.3335957699455321]
2026-04-21 11:11:37.488290 Sync done -> model run start
2026-04-21 11:11:37.493090 Sync done -> model run start
2026-04-21 11:11:37.503199 Sync done -> model run start
2026-04-21 11:11:37.512269 Sync done -> model run start
0 1.597 [0.33789340895600617, 0.3302075550891459, 0.3142160610295832, 0.3087203549221158, 0.30585901299491525]
2 1.598 [0.33625461300835013, 0.33064333512447774, 0.312759401043877, 0.3095922260545194, 0.30817202385514975]
3 1.606 [0.34138625813648105, 0.33231077599339187, 0.3121690391562879, 0.3092370720114559, 0.31078393990173936]
1 1.697 [0.3865016389172524, 0.3349832119420171, 0.3093016538769007, 0.30458485218696296, 0.3614209131337702]
2026-04-21 11:11:41.323599 Sync done -> model run start
2026-04-21 11:11:41.335615 Sync done -> model run start
2026-04-21 11:11:41.338328 Sync done -> model run start
2026-04-21 11:11:41.347666 Sync done -> model run start
0 1.596 [0.33439081883989275, 0.3315822370350361, 0.3145276738796383, 0.30939785297960043, 0.30588359688408673]
2 1.602 [0.33332769898697734, 0.33251192094758153, 0.31762620294466615, 0.3090938958339393, 0.3090596760157496]
3 1.617 [0.3361788329202682, 0.3348625360522419, 0.3176872958429158, 0.31246330798603594, 0.3155600659083575]
1 1.685 [0.3740795040503144, 0.3367861211299896, 0.3145001749508083, 0.3705318630672991, 0.28850096208043396]
2026-04-21 11:11:44.351603 Sync done -> model run start
2026-04-21 11:11:44.355829 Sync done -> model run start
2026-04-21 11:11:44.363693 Sync done -> model run start
2026-04-21 11:11:44.371297 Sync done -> model run start
0 1.619 [0.344101038062945, 0.33442097599618137, 0.3115872701164335, 0.31423725886270404, 0.31468283012509346]
2 1.627 [0.347513159038499, 0.3342734759207815, 0.31293591018766165, 0.31551720201969147, 0.3168508941307664]
3 1.653 [0.3536099570337683, 0.3384341881610453, 0.310748835792765, 0.3152349628508091, 0.33456634008325636]
1 1.674 [0.34732925379648805, 0.3549888569395989, 0.3423690148629248, 0.31425918615423143, 0.31503605702891946]
2026-04-21 11:11:47.444098 Sync done -> model run start
2026-04-21 11:11:47.450315 Sync done -> model run start
2026-04-21 11:11:47.455868 Sync done -> model run start
2026-04-21 11:11:47.479814 Sync done -> model run start
0 1.648 [0.3480890418868512, 0.34462166181765497, 0.32226472487673163, 0.3162092820275575, 0.3169087069109082]
1 1.66 [0.35434859921224415, 0.3400996499694884, 0.32139108306728303, 0.3202756710816175, 0.3231973769143224]
2 1.684 [0.35800061491318047, 0.34743050392717123, 0.32861146912910044, 0.32167071709409356, 0.32809313805773854]
3 1.733 [0.38712882390245795, 0.35517599107697606, 0.32334154285490513, 0.36719812802039087, 0.30010315286926925]
2026-04-21 11:11:50.511116 Sync done -> model run start
2026-04-21 11:11:50.514182 Sync done -> model run start
2026-04-21 11:11:50.526654 Sync done -> model run start
2026-04-21 11:11:50.533169 Sync done -> model run start
0 1.606 [0.3468447250779718, 0.333889207104221, 0.3106466489844024, 0.30793499387800694, 0.30678796814754605]
2 1.61 [0.34998684702441096, 0.3358735730871558, 0.30909040616825223, 0.30578401405364275, 0.30880837608128786]
1 1.657 [0.34361953008919954, 0.38804876897484064, 0.3047991229686886, 0.30753187113441527, 0.3125015900004655]
3 1.616 [0.3558647900354117, 0.335666230879724, 0.3084099399857223, 0.3065261978190392, 0.3087898341473192]
2026-04-21 11:11:53.565009 Sync done -> model run start
2026-04-21 11:11:53.568808 Sync done -> model run start
2026-04-21 11:11:53.582477 Sync done -> model run start
2026-04-21 11:11:53.610832 Sync done -> model run start
1 1.65 [0.34812149102799594, 0.33571617817506194, 0.32233243295922875, 0.31778219202533364, 0.3261627808678895]
2 1.684 [0.355507604079321, 0.34281948092393577, 0.3267007479444146, 0.31938343518413603, 0.33903387282043695]
3 1.719 [0.36523146997205913, 0.35525145987048745, 0.3253905449528247, 0.36895660986192524, 0.3042923021130264]
0 1.647 [0.344784160843119, 0.3362274789251387, 0.3226129529066384, 0.3148879848886281, 0.32828808506019413]
2026-04-21 11:11:56.631929 Sync done -> model run start
2026-04-21 11:11:56.637675 Sync done -> model run start
2026-04-21 11:11:56.649187 Sync done -> model run start
2026-04-21 11:11:56.656248 Sync done -> model run start
2 1.598 [0.3426830761600286, 0.33011729596182704, 0.3082634301390499, 0.30611104401759803, 0.31034508789889514]
1 1.594 [0.3412024569697678, 0.3319155180361122, 0.30774994287639856, 0.306511458940804, 0.30670687393285334]
3 1.611 [0.3485346660017967, 0.33344285492785275, 0.30807759799063206, 0.30642286501824856, 0.3138617919757962]
0 1.658 [0.3426086490508169, 0.3858742460142821, 0.3054291720036417, 0.30657166708260775, 0.3178134940098971]
2026-04-21 11:11:59.672028 Sync done -> model run start
2026-04-21 11:11:59.678563 Sync done -> model run start
2026-04-21 11:11:59.687893 Sync done -> model run start
2026-04-21 11:11:59.711004 Sync done -> model run start
1 1.628 [0.34277062793262303, 0.3372081508859992, 0.31895531294867396, 0.31166685395874083, 0.3176193810068071]
2 1.637 [0.34797742892988026, 0.3409641769248992, 0.32097233505919576, 0.312528673093766, 0.3138724169693887]
3 1.691 [0.3601932099554688, 0.34061089693568647, 0.3218592060729861, 0.3697668679524213, 0.29773509013466537]
0 1.612 [0.3404921998735517, 0.3345869129989296, 0.3153068390674889, 0.3114834688603878, 0.3103717549238354]
2026-04-21 11:12:02.828473 Sync done -> model run start
2026-04-21 11:12:02.833212 Sync done -> model run start
2026-04-21 11:12:02.845214 Sync done -> model run start
2026-04-21 11:12:02.852624 Sync done -> model run start
0 1.655 [0.3467715480364859, 0.33968168310821056, 0.3189135929569602, 0.3204595251008868, 0.3292591229546815]
1 1.651 [0.3421991199720651, 0.3392184560652822, 0.31886697886511683, 0.32044947310350835, 0.3298396929167211]
3 1.683 [0.35152944503352046, 0.3433343758806586, 0.3261904378887266, 0.3247229438275099, 0.33688773587346077]
2 1.769 [0.3456733759958297, 0.4134413688443601, 0.32437330996617675, 0.3262012710329145, 0.3590724861714989]
2026-04-21 11:12:05.851489 Sync done -> model run start
net_times: [[0.0, 0.744, 0, 802816], [0.0, 1.953, 0, 802816], [0.0, 1.145, 0, 802816], [0.0, 1.227, 0, 802816], [0.0, 1.136, 0, 802816], [0.0, 1.216, 0, 802816], [0.0, 1.125, 0, 802816], [0.0, 1.212, 0, 802816], [0.0, 1.26, 0, 802816], [0.0, 1.155, 0, 802816]]
echo 'race4fun' | sudo -S sh -c 'journalctl --since "2026-04-21 11:11:34.250906" --until "2026-04-21 11:12:05.851489" -k -o short-iso '| grep -i -E 'throttle|throttled|thermal|cpufreq|under-voltage|voltage'
