Code start -> moving to subprocess
[Gloo] Rank 2 is connected to 3 peer ranks. Expected number of connected peer ranks is : 3
Model resnet18 and split children
10 ['conv1', 'bn1', 'relu', 'maxpool', 'layer1']
[3, 3, 2, 2]
{'relu': <SplitPoint.END: 2>, 'layer2': <SplitPoint.END: 2>, 'layer4': <SplitPoint.END: 2>, 'fc': <SplitPoint.END: 2>}
4
2026-04-07 06:09:14.344963 Split done -> model sync start
2026-04-07 06:09:48.232978 Sync done -> model run start
2026-04-07 06:10:24.954518 Sync done -> model run start
2026-04-07 06:11:01.537929 Sync done -> model run start
2026-04-07 06:11:38.054621 Sync done -> model run start
2026-04-07 06:12:14.553143 Sync done -> model run start
2026-04-07 06:12:51.228498 Sync done -> model run start
2026-04-07 06:13:27.944900 Sync done -> model run start
2026-04-07 06:14:04.604981 Sync done -> model run start
2026-04-07 06:14:41.261319 Sync done -> model run start
2026-04-07 06:15:17.711168 Sync done -> model run start
2026-04-07 06:15:54.067735 Sync done -> model run start
2026-04-07 06:16:30.487096 Sync done -> model run start
2026-04-07 06:17:07.026108 Sync done -> model run start
2026-04-07 06:17:43.626345 Sync done -> model run start
2026-04-07 06:18:19.969331 Sync done -> model run start
2026-04-07 06:18:56.554664 Sync done -> model run start
2026-04-07 06:19:33.216531 Sync done -> model run start
2026-04-07 06:20:09.827421 Sync done -> model run start
2026-04-07 06:20:46.441365 Sync done -> model run start
2026-04-07 06:21:22.973164 Sync done -> model run start
2026-04-07 06:21:59.613296 Sync done -> model run start
2026-04-07 06:22:36.081221 Sync done -> model run start
2026-04-07 06:23:12.667522 Sync done -> model run start
2026-04-07 06:23:49.230760 Sync done -> model run start
2026-04-07 06:24:25.971603 Sync done -> model run start
2026-04-07 06:25:02.477614 Sync done -> model run start
2026-04-07 06:25:38.804211 Sync done -> model run start
2026-04-07 06:26:15.368457 Sync done -> model run start
2026-04-07 06:26:52.122118 Sync done -> model run start
2026-04-07 06:27:28.896375 Sync done -> model run start
2026-04-07 06:28:05.579020 Sync done -> model run start
rank 2 FLOP count: 3288334336 and full time*10**9 s/op: 0.1985
Time taken by rank:2 in total(avg): 6.5272s Batch time sets raw:[[0.6081, 0.6081, 0.9686, 0.9686, 0.6008, 0.6008, 0.7896, 0.7896, 0.7564, 0.7564], [0.5086, 0.5086, 0.8304, 0.8304, 0.6139, 0.6139, 0.8195, 0.8195, 0.6435, 0.6435], [0.49, 0.49, 0.7993, 0.7993, 0.9607, 0.9607, 0.7256, 0.7256, 0.8615, 0.8615], [0.5754, 0.5754, 0.8551, 0.8551, 0.7794, 0.7794, 0.8115, 0.8115, 0.8132, 0.8132], [0.5953, 0.5953, 1.0281, 1.0281, 0.8382, 0.8382, 0.7613, 0.7613, 0.8621, 0.8621], [0.4792, 0.4792, 0.9577, 0.9577, 0.8288, 0.8288, 0.7156, 0.7156, 0.849, 0.849], [0.6947, 0.6947, 0.9145, 0.9145, 0.8956, 0.8956, 0.4818, 0.4818, 0.8552, 0.8552], [0.5779, 0.5779, 0.8515, 0.8515, 0.7726, 0.7726, 0.6001, 0.6001, 0.8618, 0.8618], [0.664, 0.664, 0.8591, 0.8591, 0.8468, 0.8468, 0.6988, 0.6988, 0.8783, 0.8783], [0.5497, 0.5497, 0.7305, 0.7305, 0.7347, 0.7347, 0.7741, 0.7741, 0.7119, 0.7119], [0.6303, 0.6303, 0.7693, 0.7693, 0.995, 0.995, 0.7333, 0.7333, 0.8318, 0.8318], [0.5237, 0.5237, 0.8681, 0.8681, 0.9488, 0.9488, 0.6829, 0.6829, 0.7686, 0.7686], [0.5526, 0.5526, 0.7852, 0.7852, 0.8689, 0.8689, 0.7617, 0.7617, 0.8407, 0.8407], [0.5783, 0.5783, 0.8472, 0.8472, 0.8691, 0.8691, 0.6803, 0.6803, 0.7868, 0.7868], [0.6785, 0.6785, 0.7781, 0.7781, 0.8782, 0.8782, 0.8179, 0.8179, 0.8535, 0.8535], [0.6511, 0.6511, 0.8683, 0.8683, 0.805, 0.805, 0.8493, 0.8493, 0.8751, 0.8751], [0.5322, 0.5322, 0.8134, 0.8134, 0.5576, 0.5576, 0.8244, 0.8244, 0.7122, 0.7122], [0.494, 0.494, 0.7936, 0.7936, 0.9946, 0.9946, 0.7138, 0.7138, 0.8597, 0.8597], [0.5976, 0.5976, 0.8761, 0.8761, 0.6513, 0.6513, 0.9043, 0.9043, 0.7626, 0.7626], [0.5583, 0.5583, 0.9115, 0.9115, 0.7702, 0.7702, 0.7452, 0.7452, 0.8369, 0.8369], [0.6651, 0.6651, 1.0244, 1.0244, 0.8676, 0.8676, 0.6061, 0.6061, 0.8445, 0.8445], [0.569, 0.569, 1.0305, 1.0305, 0.8444, 0.8444, 0.5655, 0.5655, 0.9731, 0.9731], [0.5346, 0.5346, 0.852, 0.852, 0.7731, 0.7731, 0.5953, 0.5953, 0.8462, 0.8462], [0.7647, 0.7647, 0.7317, 0.7317, 0.7812, 0.7812, 0.7879, 0.7879, 0.5059, 0.5059], [0.7789, 0.7789, 0.8529, 0.8529, 0.8453, 0.8453, 0.6845, 0.6845, 0.8273, 0.8273], [0.597, 0.597, 0.8099, 0.8099, 0.9153, 0.9153, 0.6899, 0.6899, 0.8424, 0.8424], [0.6589, 0.6589, 1.053, 1.053, 0.9078, 0.9078, 0.7154, 0.7154, 0.8001, 0.8001], [0.6326, 0.6326, 1.0092, 1.0092, 0.811, 0.811, 0.6648, 0.6648, 0.8802, 0.8802], [0.521, 0.521, 0.8852, 0.8852, 0.7985, 0.7985, 0.7586, 0.7586, 0.9222, 0.9222]] Network sets raw:[[1.2121, 0, 0.6275, 0, 0.1441, 0, 0.4473, 0, 0.2989, 0.002], [1.3823, 0, 0.5428, 0, 0.2468, 0, 0.545, 0, 0.3021, 0.0027], [1.4302, 0, 0.5796, 0, 0.318, 0, 0.1001, 0, 0.3463, 0.0022], [1.2726, 0, 0.6287, 0, 0.269, 0, 0.3528, 0, 0.2947, 0.0024], [1.2095, 0, 0.7063, 0, 0.0392, 0, 0.2443, 0, 0.3124, 0.002], [1.2373, 0, 0.7906, 0, 0.1375, 0, 0.1877, 0, 0.4107, 0.0021], [1.2443, 0, 0.4708, 0, 0.1901, 0, 0.0377, 0, 0.6019, 0.0027], [1.1573, 0, 0.5022, 0, 0.1233, 0, 0.3567, 0, 0.4897, 0.0021], [1.3082, 0, 0.3553, 0, 0.0546, 0, 0.281, 0, 0.4055, 0.0025], [1.4283, 0, 0.5932, 0, 0.3937, 0, 0.2523, 0, 0.3057, 0.002], [1.3943, 0, 0.4525, 0, 0.2812, 0, 0.0524, 0, 0.3974, 0.0021], [1.229, 0, 0.6194, 0, 0.2861, 0, 0.0384, 0, 0.3149, 0.0021], [1.2369, 0, 0.5854, 0, 0.2666, 0, 0.2509, 0, 0.3728, 0.0027], [1.2328, 0, 0.7047, 0, 0.2767, 0, 0.1844, 0, 0.4324, 0.0027], [1.2303, 0, 0.6533, 0, 0.3191, 0, 0.0875, 0, 0.2494, 0.0022], [1.2468, 0, 0.5955, 0, 0.2526, 0, 0.2096, 0, 0.1977, 0.002], [1.4085, 0, 0.4799, 0, 0.3242, 0, 0.5264, 0, 0.2887, 0.0026], [1.388, 0, 0.6151, 0, 0.3285, 0, 0.0651, 0, 0.3225, 0.0021], [1.2403, 0, 0.5185, 0, 0.1686, 0, 0.4543, 0, 0.2298, 0.0024], [1.3056, 0, 0.637, 0, 0.1765, 0, 0.318, 0, 0.2585, 0.0021], [1.1733, 0, 0.6459, 0, 0.0398, 0, 0.1454, 0, 0.4821, 0.0022], [1.2515, 0, 0.7162, 0, 0.0379, 0, 0.1801, 0, 0.5086, 0.0022], [1.2216, 0, 0.6148, 0, 0.1706, 0, 0.3556, 0, 0.4791, 0.0021], [1.3885, 0, 0.3634, 0, 0.3999, 0, 0.2463, 0, 0.2953, 0.002], [1.4206, 0, 0.2939, 0, 0.1394, 0, 0.2891, 0, 0.3617, 0.0031], [1.4082, 0, 0.5838, 0, 0.3485, 0, 0.1255, 0, 0.3714, 0.002], [1.2518, 0, 0.6475, 0, 0.0373, 0, 0.2304, 0, 0.4071, 0.0021], [1.1812, 0, 0.6179, 0, 0.1379, 0, 0.2569, 0, 0.4271, 0.0022], [1.2353, 0, 0.6645, 0, 0.0952, 0, 0.3191, 0, 0.3865, 0.0021]] bytes sent:[[200704], [200704], [200704], [200704], [200704]] bytes recv:802816 on avg per image: 0.6527s with std: 0.0119s network time: 0.2686s and network std: 0.3957s network time per img: 0.0269 compute time: 0.6259s compute/network ratio: 2.3301 and throughput 1.5320 img/s
