Code start -> moving to subprocess
[Gloo] Rank 0 is connected to 3 peer ranks. Expected number of connected peer ranks is : 3
Model resnet18 and split children
10 ['conv1', 'bn1', 'relu', 'maxpool', 'layer1']
[3, 3, 2, 2]
{'relu': <SplitPoint.END: 2>, 'layer2': <SplitPoint.END: 2>, 'layer4': <SplitPoint.END: 2>, 'fc': <SplitPoint.END: 2>}
4
2026-04-07 06:09:17.561087 Split done -> model sync start
2026-04-07 06:09:48.232919 Sync done -> model run start
2026-04-07 06:10:24.954252 Sync done -> model run start
2026-04-07 06:11:01.537623 Sync done -> model run start
2026-04-07 06:11:38.054353 Sync done -> model run start
2026-04-07 06:12:14.553460 Sync done -> model run start
2026-04-07 06:12:51.228601 Sync done -> model run start
2026-04-07 06:13:27.944819 Sync done -> model run start
2026-04-07 06:14:04.604911 Sync done -> model run start
2026-04-07 06:14:41.261384 Sync done -> model run start
2026-04-07 06:15:17.711224 Sync done -> model run start
2026-04-07 06:15:54.067597 Sync done -> model run start
2026-04-07 06:16:30.487103 Sync done -> model run start
2026-04-07 06:17:07.026098 Sync done -> model run start
2026-04-07 06:17:43.626321 Sync done -> model run start
2026-04-07 06:18:19.969061 Sync done -> model run start
2026-04-07 06:18:56.554792 Sync done -> model run start
2026-04-07 06:19:33.216417 Sync done -> model run start
2026-04-07 06:20:09.827385 Sync done -> model run start
2026-04-07 06:20:46.441578 Sync done -> model run start
2026-04-07 06:21:22.973020 Sync done -> model run start
2026-04-07 06:21:59.613241 Sync done -> model run start
2026-04-07 06:22:36.081523 Sync done -> model run start
2026-04-07 06:23:12.667436 Sync done -> model run start
2026-04-07 06:23:49.230735 Sync done -> model run start
2026-04-07 06:24:25.971536 Sync done -> model run start
2026-04-07 06:25:02.477470 Sync done -> model run start
2026-04-07 06:25:38.804181 Sync done -> model run start
2026-04-07 06:26:15.368537 Sync done -> model run start
2026-04-07 06:26:52.122279 Sync done -> model run start
2026-04-07 06:27:28.896608 Sync done -> model run start
2026-04-07 06:28:05.578951 Sync done -> model run start
rank 0 FLOP count: 472055808 and full time*10**9 s/op: 1.0098
Time taken by rank:0 in total(avg): 4.7669s Batch time sets raw:[[0.1641, 0.1641, 0.2016, 0.2016, 0.2157, 0.2157, 0.1894, 0.1894, 0.1994, 0.1994], [0.1545, 0.1545, 0.2012, 0.2012, 0.1995, 0.1995, 0.1442, 0.1442, 0.2078, 0.2078], [0.1846, 0.1846, 0.2008, 0.2008, 0.3232, 0.3232, 0.1678, 0.1678, 0.2299, 0.2299], [0.1561, 0.1561, 0.197, 0.197, 0.2377, 0.2377, 0.1861, 0.1861, 0.2145, 0.2145], [0.2052, 0.2052, 0.2011, 0.2011, 0.2332, 0.2332, 0.1552, 0.1552, 0.196, 0.196], [0.1748, 0.1748, 0.3302, 0.3302, 0.198, 0.198, 0.1288, 0.1288, 0.2004, 0.2004], [0.1648, 0.1648, 0.2347, 0.2347, 0.1951, 0.1951, 0.2085, 0.2085, 0.1473, 0.1473], [0.1555, 0.1555, 0.2279, 0.2279, 0.1993, 0.1993, 0.1669, 0.1669, 0.198, 0.198], [0.1692, 0.1692, 0.2253, 0.2253, 0.2089, 0.2089, 0.1768, 0.1768, 0.1999, 0.1999], [0.1632, 0.1632, 0.2033, 0.2033, 0.244, 0.244, 0.2061, 0.2061, 0.1303, 0.1303], [0.1919, 0.1919, 0.2161, 0.2161, 0.2991, 0.2991, 0.2508, 0.2508, 0.1434, 0.1434], [0.1551, 0.1551, 0.2333, 0.2333, 0.2199, 0.2199, 0.1973, 0.1973, 0.1265, 0.1265], [0.1517, 0.1517, 0.2101, 0.2101, 0.2, 0.2, 0.1716, 0.1716, 0.1991, 0.1991], [0.1677, 0.1677, 0.2529, 0.2529, 0.2149, 0.2149, 0.2065, 0.2065, 0.2192, 0.2192], [0.1584, 0.1584, 0.2953, 0.2953, 0.2022, 0.2022, 0.2126, 0.2126, 0.2172, 0.2172], [0.1745, 0.1745, 0.2252, 0.2252, 0.2309, 0.2309, 0.1515, 0.1515, 0.2366, 0.2366], [0.1904, 0.1904, 0.2002, 0.2002, 0.2229, 0.2229, 0.1376, 0.1376, 0.1988, 0.1988], [0.1481, 0.1481, 0.1979, 0.1979, 0.3208, 0.3208, 0.1238, 0.1238, 0.2001, 0.2001], [0.1624, 0.1624, 0.2013, 0.2013, 0.2633, 0.2633, 0.1685, 0.1685, 0.2002, 0.2002], [0.1582, 0.1582, 0.228, 0.228, 0.233, 0.233, 0.1411, 0.1411, 0.2085, 0.2085], [0.151, 0.151, 0.199, 0.199, 0.2003, 0.2003, 0.1585, 0.1585, 0.1999, 0.1999], [0.1633, 0.1633, 0.3359, 0.3359, 0.214, 0.214, 0.1602, 0.1602, 0.2008, 0.2008], [0.1596, 0.1596, 0.2114, 0.2114, 0.1993, 0.1993, 0.1756, 0.1756, 0.2002, 0.2002], [0.1752, 0.1752, 0.2358, 0.2358, 0.2227, 0.2227, 0.2208, 0.2208, 0.1384, 0.1384], [0.1649, 0.1649, 0.2331, 0.2331, 0.2819, 0.2819, 0.2004, 0.2004, 0.138, 0.138], [0.1945, 0.1945, 0.2092, 0.2092, 0.2732, 0.2732, 0.2067, 0.2067, 0.1233, 0.1233], [0.1544, 0.1544, 0.254, 0.254, 0.2436, 0.2436, 0.256, 0.256, 0.1532, 0.1532], [0.1661, 0.1661, 0.2481, 0.2481, 0.1984, 0.1984, 0.152, 0.152, 0.2089, 0.2089], [0.1912, 0.1912, 0.2044, 0.2044, 0.2482, 0.2482, 0.1872, 0.1872, 0.1989, 0.1989]] Network sets raw:[[0, 0, 0.1618, 0, 0.8291, 0, 1.0153, 0, 0.935, 0.8449], [0, 0, 0.1588, 0, 1.0177, 0, 0.8398, 0, 0.9421, 0.9508], [0, 0, 0.1623, 0, 1.0264, 0, 0.7427, 0, 0.9583, 0.8314], [0, 0, 0.1673, 0, 0.8981, 0, 0.9618, 0, 0.9472, 0.9107], [0, 0, 0.1631, 0, 0.7969, 0, 1.0517, 0, 0.8653, 0.9403], [0, 0, 0.1581, 0, 0.7187, 0, 1.0682, 0, 0.971, 0.8173], [0, 0, 0.1721, 0, 0.8187, 0, 0.9711, 0, 0.895, 0.7928], [0, 0, 0.1697, 0, 0.7537, 0, 0.8743, 0, 0.8179, 0.9283], [0, 0, 0.1594, 0, 0.8995, 0, 0.8099, 0, 0.7418, 0.9256], [0, 0, 0.1583, 0, 1.0463, 0, 0.9092, 0, 0.9141, 0.878], [0, 0, 0.1643, 0, 0.9656, 0, 0.7921, 0, 0.7889, 0.9101], [0, 0, 0.1555, 0, 0.838, 0, 0.9305, 0, 0.9423, 0.8184], [0, 0, 0.1656, 0, 0.8578, 0, 0.9337, 0, 0.8862, 0.9204], [0, 0, 0.1601, 0, 0.7952, 0, 1.065, 0, 0.9229, 0.8326], [0, 0, 0.1561, 0, 0.7554, 0, 1.1422, 0, 0.8685, 0.7589], [0, 0, 0.1611, 0, 0.8286, 0, 1.0171, 0, 0.9706, 0.7894], [0, 0, 0.1596, 0, 1.0039, 0, 0.7827, 0, 1.0103, 0.8833], [0, 0, 0.1662, 0, 1.0248, 0, 0.7826, 0, 1.0046, 0.8578], [0, 0, 0.1579, 0, 0.8607, 0, 0.8618, 0, 0.8775, 0.9056], [0, 0, 0.1622, 0, 0.902, 0, 0.9596, 0, 0.9644, 0.8721], [0, 0, 0.1631, 0, 0.8065, 0, 1.1081, 0, 0.9022, 0.8195], [0, 0, 0.1583, 0, 0.735, 0, 1.0727, 0, 0.8138, 0.9264], [0, 0, 0.1687, 0, 0.8318, 0, 0.9427, 0, 0.8541, 0.926], [0, 0, 0.1646, 0, 0.956, 0, 0.9048, 0, 0.9125, 0.8982], [0, 0, 0.1617, 0, 1.0041, 0, 0.7913, 0, 0.7959, 1.0142], [0, 0, 0.1587, 0, 0.9928, 0, 0.906, 0, 0.9456, 0.928], [0, 0, 0.1591, 0, 0.8302, 0, 1.0669, 0, 0.8264, 0.9919], [0, 0, 0.1572, 0, 0.7576, 0, 1.0482, 0, 0.9976, 0.8702], [0, 0, 0.164, 0, 0.8187, 0, 0.9275, 0, 0.8115, 0.9221]] bytes sent:[[6422528], [6422528], [6422528], [6422528], [6422528]] bytes recv:1204224 on avg per image: 0.4767s with std: 0.0107s network time: 0.3762s and network std: 0.4340s network time per img: 0.0376 compute time: 0.4391s compute/network ratio: 1.1672 and throughput 2.0978 img/s
