Code start -> moving to subprocess
[Gloo] Rank 3 is connected to 3 peer ranks. Expected number of connected peer ranks is : 3
Model resnet18 and split children
10 ['conv1', 'bn1', 'relu', 'maxpool', 'layer1']
[3, 3, 2, 2]
{'relu': <SplitPoint.END: 2>, 'layer2': <SplitPoint.END: 2>, 'layer4': <SplitPoint.END: 2>, 'fc': <SplitPoint.END: 2>}
4
2026-04-07 06:09:15.867860 Split done -> model sync start
2026-04-07 06:09:48.228466 Sync done -> model run start
2026-04-07 06:10:24.949588 Sync done -> model run start
2026-04-07 06:11:01.532908 Sync done -> model run start
2026-04-07 06:11:38.048830 Sync done -> model run start
2026-04-07 06:12:14.548661 Sync done -> model run start
2026-04-07 06:12:51.223982 Sync done -> model run start
2026-04-07 06:13:27.940647 Sync done -> model run start
2026-04-07 06:14:04.600310 Sync done -> model run start
2026-04-07 06:14:41.256824 Sync done -> model run start
2026-04-07 06:15:17.706534 Sync done -> model run start
2026-04-07 06:15:54.062844 Sync done -> model run start
2026-04-07 06:16:30.482414 Sync done -> model run start
2026-04-07 06:17:07.021220 Sync done -> model run start
2026-04-07 06:17:43.621606 Sync done -> model run start
2026-04-07 06:18:19.964733 Sync done -> model run start
2026-04-07 06:18:56.550059 Sync done -> model run start
2026-04-07 06:19:33.211890 Sync done -> model run start
2026-04-07 06:20:09.822635 Sync done -> model run start
2026-04-07 06:20:46.437500 Sync done -> model run start
2026-04-07 06:21:22.968758 Sync done -> model run start
2026-04-07 06:21:59.608615 Sync done -> model run start
2026-04-07 06:22:36.076585 Sync done -> model run start
2026-04-07 06:23:12.663247 Sync done -> model run start
2026-04-07 06:23:49.226001 Sync done -> model run start
2026-04-07 06:24:25.966716 Sync done -> model run start
2026-04-07 06:25:02.473208 Sync done -> model run start
2026-04-07 06:25:38.799630 Sync done -> model run start
2026-04-07 06:26:15.363403 Sync done -> model run start
2026-04-07 06:26:52.117827 Sync done -> model run start
2026-04-07 06:27:28.892074 Sync done -> model run start
2026-04-07 06:28:05.574507 Sync done -> model run start
rank 3 FLOP count: 2048000 and full time*10**9 s/op: 319.4905
Time taken by rank:3 in total(avg): 6.5432s Batch time sets raw:[[0.0105, 0.0092, 0.0107, 0.0107, 0.0105], [0.0105, 0.0106, 0.0105, 0.0106, 0.0107], [0.0107, 0.0097, 0.0092, 0.0105, 0.0105], [0.0105, 0.0104, 0.0091, 0.0095, 0.0105], [0.0091, 0.0091, 0.0105, 0.0091, 0.0092], [0.0105, 0.0107, 0.0105, 0.0096, 0.0105], [0.0104, 0.0105, 0.0105, 0.0085, 0.0105], [0.0108, 0.011, 0.0092, 0.012, 0.0085], [0.0105, 0.011, 0.0106, 0.0109, 0.0092], [0.0105, 0.0105, 0.0106, 0.0106, 0.0091], [0.0104, 0.0103, 0.0104, 0.0096, 0.0097], [0.0105, 0.0105, 0.0105, 0.0106, 0.009], [0.0164, 0.0105, 0.0104, 0.0096, 0.0097], [0.0103, 0.0099, 0.0129, 0.0105, 0.0105], [0.0105, 0.0106, 0.0106, 0.0107, 0.0106], [0.0182, 0.0118, 0.0106, 0.0097, 0.0092], [0.0161, 0.0109, 0.0106, 0.0105, 0.0105], [0.0105, 0.0098, 0.0088, 0.0105, 0.0105], [0.0116, 0.009, 0.0106, 0.0106, 0.0107], [0.0122, 0.0106, 0.0155, 0.0184, 0.016], [0.0158, 0.0105, 0.0097, 0.0107, 0.0105], [0.0169, 0.0105, 0.0115, 0.0106, 0.0159], [0.0105, 0.0106, 0.0107, 0.0107, 0.0091], [0.0104, 0.0104, 0.0105, 0.0097, 0.0106], [0.0105, 0.0104, 0.0105, 0.009, 0.0099], [0.0104, 0.0105, 0.0105, 0.0117, 0.0091], [0.0107, 0.0118, 0.0105, 0.0106, 0.0104], [0.0089, 0.009, 0.0104, 0.0106, 0.0106], [0.0105, 0.009, 0.0119, 0.0104, 0.0097]] Network sets raw:[[1.83, 1.5864, 0.738, 1.2285, 1.0458], [1.9011, 1.3637, 0.8525, 1.3556, 0.9369], [1.9288, 1.3693, 1.2713, 0.8188, 1.1998], [1.8582, 1.4728, 1.0401, 1.1575, 1.1009], [1.813, 1.7279, 0.8698, 0.9973, 1.1673], [1.7255, 1.7393, 0.9577, 0.8946, 1.2521], [1.9481, 1.3758, 1.0775, 0.5101, 1.4511], [1.7436, 1.3441, 0.887, 0.9496, 1.3413], [1.9816, 1.2052, 0.892, 0.9714, 1.2759], [1.989, 1.3141, 1.12, 1.0173, 1.0088], [2.0339, 1.2123, 1.2683, 0.7769, 1.2222], [1.7617, 1.4783, 1.2272, 0.7115, 1.0749], [1.7993, 1.3548, 1.1272, 1.0044, 1.206], [1.8195, 1.5426, 1.1395, 0.8532, 1.2109], [1.9177, 1.4222, 1.1892, 0.8971, 1.0942], [1.9071, 1.4464, 1.0479, 1.0509, 1.0645], [1.9486, 1.2782, 0.874, 1.342, 0.9932], [1.8911, 1.3992, 1.3164, 0.7719, 1.1742], [1.8469, 1.3792, 0.8123, 1.3505, 0.9838], [1.8728, 1.5425, 0.9409, 1.0479, 1.0783], [1.8468, 1.6547, 0.8981, 0.7438, 1.3178], [1.8295, 1.7329, 0.873, 0.7358, 1.4739], [1.7656, 1.4574, 0.9349, 0.9424, 1.3161], [2.1622, 1.0849, 1.1725, 1.0256, 0.793], [2.2094, 1.1376, 0.9765, 0.9654, 1.1829], [2.015, 1.3842, 1.2552, 0.8073, 1.205], [1.9194, 1.6915, 0.9348, 0.9374, 1.1983], [1.8223, 1.6192, 0.9426, 0.9129, 1.2991], [1.7652, 1.5411, 0.8888, 1.0671, 1.3014]] bytes sent:[] bytes recv:200704 on avg per image: 0.6543s with std: 0.0119s network time: 1.2969s and network std: 0.3767s network time per img: 0.1297 compute time: 0.5246s compute/network ratio: 0.4045 and throughput 1.5283 img/s
