Code start -> moving to subprocess
[Gloo] Rank 1 is connected to 9 peer ranks. Expected number of connected peer ranks is : 9
Model resnet18 and split children
10 ['conv1', 'bn1', 'relu', 'maxpool', 'layer1']
[1, 1, 1, 1, 1, 1, 1, 1, 1, 1]
{'conv1': <SplitPoint.END: 2>, 'bn1': <SplitPoint.END: 2>, 'relu': <SplitPoint.END: 2>, 'maxpool': <SplitPoint.END: 2>, 'layer1': <SplitPoint.END: 2>, 'layer2': <SplitPoint.END: 2>, 'layer3': <SplitPoint.END: 2>, 'layer4': <SplitPoint.END: 2>, 'avgpool': <SplitPoint.END: 2>, 'fc': <SplitPoint.END: 2>}
10
<<<<<<<< HEAD:logs/roofline/resnet18_children_bramble-4-5/1/10_size/2_1/speed_chronosbramble-4-5-4.log
2026-03-30 14:04:55.522512 Split done -> model sync start
2026-03-30 14:05:40.306315 Sync done -> model run start
2026-03-30 14:06:12.755150 Sync done -> model run start
2026-03-30 14:06:45.470346 Sync done -> model run start
rank 1 FLOP count: 0 and full time*10**9 s/op: inf
Time taken by rank:1 in total(avg): 0.5665s Batch time sets raw:[[0.0129, 0.0129, 0.0]] Network sets raw:[[0.3898, 0, 0.1595]] bytes sent:[[6422528]] bytes recv:6422528 on avg per image: 0.2833s with std: 0.0000s network time: 0.1831s and network std: 0.1600s network time per img: 0.0915 compute time: 0.1917s compute/network ratio: 1.0473 and throughput 3.5302 img/s
========
2026-04-01 04:53:20.640053 Split done -> model sync start
2026-04-01 04:53:55.365802 Sync done -> model run start
2026-04-01 04:54:27.955323 Sync done -> model run start
2026-04-01 04:55:00.434737 Sync done -> model run start
rank 1 FLOP count: 0 and full time*10**9 s/op: inf
Time taken by rank:1 in total(avg): 0.5765s Batch time sets raw:[[0.0165, 0.0165, 0.0]] Network sets raw:[[0.4042, 0, 0.1514]] bytes sent:[[6422528]] bytes recv:6422528 on avg per image: 0.2883s with std: 0.0000s network time: 0.1852s and network std: 0.1667s network time per img: 0.0926 compute time: 0.1957s compute/network ratio: 1.0565 and throughput 3.4692 img/s
>>>>>>>> 978dcc83 (emergency commit?):logs/roofline/resnet18_children_bramble-4-6/9/10_size/2_1/speed_chronosbramble-4-6-2.log
