TIME:16:06:30
46160
cpu:average: 0.77, 0.45,,freq:frequency(48)=1400000000,throttle_flag:throttled=0x50000,voltage:volt=1.3250V,volt=1.2500V,volt=1.2500V,volt=1.2250V
TIME:16:06:31
46160
cpu:average: 0.77, 0.45,,freq:frequency(48)=1400000000,throttle_flag:throttled=0x50000,voltage:volt=1.3250V,volt=1.2500V,volt=1.2500V,volt=1.2250V
TIME:16:06:32
46698
cpu:average: 0.77, 0.45,,freq:frequency(48)=1399998000,throttle_flag:throttled=0x50000,voltage:volt=1.3250V,volt=1.2500V,volt=1.2500V,volt=1.2250V
TIME:16:06:33
46160
cpu:average: 0.77, 0.45,,freq:frequency(48)=600000000,throttle_flag:throttled=0x50000,voltage:volt=1.2313V,volt=1.2500V,volt=1.2500V,volt=1.2250V
TIME:16:06:34
45622
cpu:average: 0.70, 0.44,,freq:frequency(48)=600000000,throttle_flag:throttled=0x50000,voltage:volt=1.2313V,volt=1.2500V,volt=1.2500V,volt=1.2250V
TIME:16:06:36
45084
cpu:average: 0.70, 0.44,,freq:frequency(48)=800000000,throttle_flag:throttled=0x50000,voltage:volt=1.2313V,volt=1.2500V,volt=1.2500V,volt=1.2250V
TIME:16:06:37
46160
cpu:average: 0.70, 0.44,,freq:frequency(48)=700000000,throttle_flag:throttled=0x50000,voltage:volt=1.2313V,volt=1.2500V,volt=1.2500V,volt=1.2250V
TIME:16:06:38
45622
cpu:average: 0.70, 0.44,,freq:frequency(48)=800000000,throttle_flag:throttled=0x50000,voltage:volt=1.2313V,volt=1.2500V,volt=1.2500V,volt=1.2250V
TIME:16:06:39
45622
cpu:average: 0.70, 0.44,,freq:frequency(48)=800000000,throttle_flag:throttled=0x50000,voltage:volt=1.2313V,volt=1.2500V,volt=1.2500V,volt=1.2250V
TIME:16:06:40
45084
cpu:average: 0.65, 0.43,,freq:frequency(48)=700000000,throttle_flag:throttled=0x50000,voltage:volt=1.2313V,volt=1.2500V,volt=1.2500V,volt=1.2250V
TIME:16:06:41
45084
cpu:average: 0.65, 0.43,,freq:frequency(48)=700000000,throttle_flag:throttled=0x50000,voltage:volt=1.2313V,volt=1.2500V,volt=1.2500V,volt=1.2250V
TIME:16:06:42
45084
cpu:average: 0.65, 0.43,,freq:frequency(48)=600000000,throttle_flag:throttled=0x50000,voltage:volt=1.2313V,volt=1.2500V,volt=1.2500V,volt=1.2250V
TIME:16:06:43
45084
cpu:average: 0.65, 0.43,,freq:frequency(48)=600000000,throttle_flag:throttled=0x50000,voltage:volt=1.2313V,volt=1.2500V,volt=1.2500V,volt=1.2250V
TIME:16:06:45
45084
cpu:average: 0.60, 0.43,,freq:frequency(48)=800000000,throttle_flag:throttled=0x50000,voltage:volt=1.2313V,volt=1.2500V,volt=1.2500V,volt=1.2250V
TIME:16:06:46
45084
cpu:average: 0.60, 0.43,,freq:frequency(48)=800000000,throttle_flag:throttled=0x50000,voltage:volt=1.2313V,volt=1.2500V,volt=1.2500V,volt=1.2250V
TIME:16:06:47
45084
cpu:average: 0.60, 0.43,,freq:frequency(48)=700000000,throttle_flag:throttled=0x50000,voltage:volt=1.2313V,volt=1.2500V,volt=1.2500V,volt=1.2250V
TIME:16:06:48
45084
cpu:average: 0.60, 0.43,,freq:frequency(48)=700000000,throttle_flag:throttled=0x50000,voltage:volt=1.2313V,volt=1.2500V,volt=1.2500V,volt=1.2250V
TIME:16:06:49
45622
cpu:average: 0.60, 0.43,,freq:frequency(48)=700000000,throttle_flag:throttled=0x50000,voltage:volt=1.2313V,volt=1.2500V,volt=1.2500V,volt=1.2250V
TIME:16:06:50
45084
cpu:average: 0.55, 0.42,,freq:frequency(48)=600000000,throttle_flag:throttled=0x50000,voltage:volt=1.2313V,volt=1.2500V,volt=1.2500V,volt=1.2250V
TIME:16:06:51
45084
cpu:average: 0.55, 0.42,,freq:frequency(48)=800000000,throttle_flag:throttled=0x50000,voltage:volt=1.2313V,volt=1.2500V,volt=1.2500V,volt=1.2250V
TIME:16:06:52
45084
cpu:average: 0.55, 0.42,,freq:frequency(48)=800000000,throttle_flag:throttled=0x50000,voltage:volt=1.2313V,volt=1.2500V,volt=1.2500V,volt=1.2250V
TIME:16:06:53
44546
cpu:average: 0.55, 0.42,,freq:frequency(48)=600000000,throttle_flag:throttled=0x50000,voltage:volt=1.2313V,volt=1.2500V,volt=1.2500V,volt=1.2250V
TIME:16:06:55
45084
cpu:average: 0.50, 0.41,,freq:frequency(48)=600000000,throttle_flag:throttled=0x50000,voltage:volt=1.2313V,volt=1.2500V,volt=1.2500V,volt=1.2250V
TIME:16:06:56
45084
cpu:average: 0.50, 0.41,,freq:frequency(48)=600000000,throttle_flag:throttled=0x50000,voltage:volt=1.2313V,volt=1.2500V,volt=1.2500V,volt=1.2250V
TIME:16:06:57
45084
cpu:average: 0.50, 0.41,,freq:frequency(48)=800000000,throttle_flag:throttled=0x50000,voltage:volt=1.2313V,volt=1.2500V,volt=1.2500V,volt=1.2250V
TIME:16:06:58
45084
cpu:average: 0.50, 0.41,,freq:frequency(48)=800000000,throttle_flag:throttled=0x50000,voltage:volt=1.2313V,volt=1.2500V,volt=1.2500V,volt=1.2250V
TIME:16:06:59
44546
cpu:average: 0.50, 0.41,,freq:frequency(48)=700000000,throttle_flag:throttled=0x50000,voltage:volt=1.2313V,volt=1.2500V,volt=1.2500V,volt=1.2250V
TIME:16:07:00
45084
cpu:average: 0.46, 0.40,,freq:frequency(48)=700000000,throttle_flag:throttled=0x50000,voltage:volt=1.2313V,volt=1.2500V,volt=1.2500V,volt=1.2250V
TIME:16:07:01
45084
cpu:average: 0.46, 0.40,,freq:frequency(48)=700000000,throttle_flag:throttled=0x50000,voltage:volt=1.2313V,volt=1.2500V,volt=1.2500V,volt=1.2250V
TIME:16:07:02
45084
cpu:average: 0.46, 0.40,,freq:frequency(48)=700000000,throttle_flag:throttled=0x50000,voltage:volt=1.2313V,volt=1.2500V,volt=1.2500V,volt=1.2250V
TIME:16:07:04
44546
cpu:average: 0.46, 0.40,,freq:frequency(48)=700000000,throttle_flag:throttled=0x50000,voltage:volt=1.2313V,volt=1.2500V,volt=1.2500V,volt=1.2250V
TIME:16:07:05
45084
cpu:average: 0.51, 0.41,,freq:frequency(48)=700000000,throttle_flag:throttled=0x50000,voltage:volt=1.2313V,volt=1.2500V,volt=1.2500V,volt=1.2250V
TIME:16:07:06
44546
cpu:average: 0.51, 0.41,,freq:frequency(48)=800000000,throttle_flag:throttled=0x50000,voltage:volt=1.2313V,volt=1.2500V,volt=1.2500V,volt=1.2250V
TIME:16:07:07
45084
cpu:average: 0.51, 0.41,,freq:frequency(48)=700000000,throttle_flag:throttled=0x50000,voltage:volt=1.2313V,volt=1.2500V,volt=1.2500V,volt=1.2250V
TIME:16:07:08
44546
cpu:average: 0.51, 0.41,,freq:frequency(48)=600000000,throttle_flag:throttled=0x50000,voltage:volt=1.2313V,volt=1.2500V,volt=1.2500V,volt=1.2250V
TIME:16:07:09
45084
cpu:average: 0.51, 0.41,,freq:frequency(48)=600000000,throttle_flag:throttled=0x50000,voltage:volt=1.2313V,volt=1.2500V,volt=1.2500V,volt=1.2250V
TIME:16:07:10
44546
cpu:average: 0.55, 0.42,,freq:frequency(48)=600000000,throttle_flag:throttled=0x50000,voltage:volt=1.2313V,volt=1.2500V,volt=1.2500V,volt=1.2250V
TIME:16:07:11
44008
cpu:average: 0.55, 0.42,,freq:frequency(48)=600000000,throttle_flag:throttled=0x50000,voltage:volt=1.2313V,volt=1.2500V,volt=1.2500V,volt=1.2250V
TIME:16:07:12
45084
cpu:average: 0.55, 0.42,,freq:frequency(48)=600000000,throttle_flag:throttled=0x50000,voltage:volt=1.2313V,volt=1.2500V,volt=1.2500V,volt=1.2250V
TIME:16:07:14
44546
cpu:average: 0.55, 0.42,,freq:frequency(48)=800000000,throttle_flag:throttled=0x50000,voltage:volt=1.2313V,volt=1.2500V,volt=1.2500V,volt=1.2250V
TIME:16:07:15
44546
cpu:average: 0.50, 0.42,,freq:frequency(48)=800000000,throttle_flag:throttled=0x50000,voltage:volt=1.2313V,volt=1.2500V,volt=1.2500V,volt=1.2250V
TIME:16:07:16
44008
cpu:average: 0.50, 0.42,,freq:frequency(48)=700000000,throttle_flag:throttled=0x50000,voltage:volt=1.2313V,volt=1.2500V,volt=1.2500V,volt=1.2250V
TIME:16:07:17
44546
cpu:average: 0.50, 0.42,,freq:frequency(48)=700000000,throttle_flag:throttled=0x50000,voltage:volt=1.2313V,volt=1.2500V,volt=1.2500V,volt=1.2250V
TIME:16:07:18
44546
cpu:average: 0.50, 0.42,,freq:frequency(48)=700000000,throttle_flag:throttled=0x50000,voltage:volt=1.2313V,volt=1.2500V,volt=1.2500V,volt=1.2250V
TIME:16:07:19
44546
cpu:average: 0.50, 0.42,,freq:frequency(48)=800000000,throttle_flag:throttled=0x50000,voltage:volt=1.2313V,volt=1.2500V,volt=1.2500V,volt=1.2250V
TIME:16:07:20
44546
cpu:average: 0.46, 0.41,,freq:frequency(48)=800000000,throttle_flag:throttled=0x50000,voltage:volt=1.2313V,volt=1.2500V,volt=1.2500V,volt=1.2250V
TIME:16:07:21
45084
cpu:average: 0.46, 0.41,,freq:frequency(48)=700000000,throttle_flag:throttled=0x50000,voltage:volt=1.2313V,volt=1.2500V,volt=1.2500V,volt=1.2250V
TIME:16:07:23
44008
cpu:average: 0.46, 0.41,,freq:frequency(48)=700000000,throttle_flag:throttled=0x50000,voltage:volt=1.2313V,volt=1.2500V,volt=1.2500V,volt=1.2250V
TIME:16:07:24
44546
cpu:average: 0.46, 0.41,,freq:frequency(48)=700000000,throttle_flag:throttled=0x50000,voltage:volt=1.2313V,volt=1.2500V,volt=1.2500V,volt=1.2250V
TIME:16:07:25
44546
cpu:average: 0.42, 0.40,,freq:frequency(48)=700000000,throttle_flag:throttled=0x50000,voltage:volt=1.2313V,volt=1.2500V,volt=1.2500V,volt=1.2250V
TIME:16:07:26
45084
cpu:average: 0.42, 0.40,,freq:frequency(48)=700000000,throttle_flag:throttled=0x50000,voltage:volt=1.2313V,volt=1.2500V,volt=1.2500V,volt=1.2250V
TIME:16:07:27
44008
cpu:average: 0.42, 0.40,,freq:frequency(48)=600000000,throttle_flag:throttled=0x50000,voltage:volt=1.2313V,volt=1.2500V,volt=1.2500V,volt=1.2250V
TIME:16:07:28
44546
cpu:average: 0.42, 0.40,,freq:frequency(48)=600000000,throttle_flag:throttled=0x50000,voltage:volt=1.2313V,volt=1.2500V,volt=1.2500V,volt=1.2250V
TIME:16:07:29
44546
cpu:average: 0.42, 0.40,,freq:frequency(48)=600000000,throttle_flag:throttled=0x50000,voltage:volt=1.2313V,volt=1.2500V,volt=1.2500V,volt=1.2250V
TIME:16:07:30
44008
cpu:average: 0.39, 0.40,,freq:frequency(48)=700000000,throttle_flag:throttled=0x50000,voltage:volt=1.2313V,volt=1.2500V,volt=1.2500V,volt=1.2250V
TIME:16:07:31
44546
cpu:average: 0.39, 0.40,,freq:frequency(48)=700000000,throttle_flag:throttled=0x50000,voltage:volt=1.2313V,volt=1.2500V,volt=1.2500V,volt=1.2250V
TIME:16:07:33
44008
cpu:average: 0.39, 0.40,,freq:frequency(48)=700000000,throttle_flag:throttled=0x50000,voltage:volt=1.2313V,volt=1.2500V,volt=1.2500V,volt=1.2250V
TIME:16:07:34
44008
cpu:average: 0.39, 0.40,,freq:frequency(48)=800000000,throttle_flag:throttled=0x50000,voltage:volt=1.2313V,volt=1.2500V,volt=1.2500V,volt=1.2250V
TIME:16:07:35
44546
cpu:average: 0.36, 0.39,,freq:frequency(48)=700000000,throttle_flag:throttled=0x50000,voltage:volt=1.2313V,volt=1.2500V,volt=1.2500V,volt=1.2250V
TIME:16:07:36
44546
cpu:average: 0.36, 0.39,,freq:frequency(48)=700000000,throttle_flag:throttled=0x50000,voltage:volt=1.2313V,volt=1.2500V,volt=1.2500V,volt=1.2250V
TIME:16:07:37
44008
cpu:average: 0.36, 0.39,,freq:frequency(48)=600000000,throttle_flag:throttled=0x50000,voltage:volt=1.2313V,volt=1.2500V,volt=1.2500V,volt=1.2250V
TIME:16:07:38
44008
cpu:average: 0.36, 0.39,,freq:frequency(48)=600000000,throttle_flag:throttled=0x50000,voltage:volt=1.2313V,volt=1.2500V,volt=1.2500V,volt=1.2250V
TIME:16:07:39
45084
cpu:average: 0.36, 0.39,,freq:frequency(48)=600000000,throttle_flag:throttled=0x50000,voltage:volt=1.2313V,volt=1.2500V,volt=1.2500V,volt=1.2250V
TIME:16:07:40
44546
cpu:average: 0.33, 0.38,,freq:frequency(48)=600000000,throttle_flag:throttled=0x50000,voltage:volt=1.2313V,volt=1.2500V,volt=1.2500V,volt=1.2250V
TIME:16:07:42
44008
cpu:average: 0.33, 0.38,,freq:frequency(48)=600000000,throttle_flag:throttled=0x50000,voltage:volt=1.2313V,volt=1.2500V,volt=1.2500V,volt=1.2250V
TIME:16:07:43
44008
cpu:average: 0.33, 0.38,,freq:frequency(48)=800000000,throttle_flag:throttled=0x50000,voltage:volt=1.2313V,volt=1.2500V,volt=1.2500V,volt=1.2250V
TIME:16:07:44
44008
cpu:average: 0.33, 0.38,,freq:frequency(48)=800000000,throttle_flag:throttled=0x50000,voltage:volt=1.2313V,volt=1.2500V,volt=1.2500V,volt=1.2250V
TIME:16:07:45
44008
cpu:average: 0.30, 0.38,,freq:frequency(48)=900000000,throttle_flag:throttled=0x50000,voltage:volt=1.3250V,volt=1.2500V,volt=1.2500V,volt=1.2250V
TIME:16:07:46
45084
cpu:average: 0.30, 0.38,,freq:frequency(48)=1400000000,throttle_flag:throttled=0x50000,voltage:volt=1.3250V,volt=1.2500V,volt=1.2500V,volt=1.2250V
TIME:16:07:47
45084
cpu:average: 0.30, 0.38,,freq:frequency(48)=1400000000,throttle_flag:throttled=0x50000,voltage:volt=1.3250V,volt=1.2500V,volt=1.2500V,volt=1.2250V
TIME:16:07:48
45084
cpu:average: 0.30, 0.38,,freq:frequency(48)=1400000000,throttle_flag:throttled=0x50000,voltage:volt=1.3250V,volt=1.2500V,volt=1.2500V,volt=1.2250V
TIME:16:07:49
45622
cpu:average: 0.30, 0.38,,freq:frequency(48)=1400000000,throttle_flag:throttled=0x50000,voltage:volt=1.3250V,volt=1.2500V,volt=1.2500V,volt=1.2250V
TIME:16:07:50
45084
cpu:average: 0.36, 0.39,,freq:frequency(48)=700000000,throttle_flag:throttled=0x50000,voltage:volt=1.2313V,volt=1.2500V,volt=1.2500V,volt=1.2250V
TIME:16:07:52
44546
cpu:average: 0.36, 0.39,,freq:frequency(48)=700000000,throttle_flag:throttled=0x50000,voltage:volt=1.2313V,volt=1.2500V,volt=1.2500V,volt=1.2250V
TIME:16:07:53
44546
cpu:average: 0.36, 0.39,,freq:frequency(48)=700000000,throttle_flag:throttled=0x50000,voltage:volt=1.2313V,volt=1.2500V,volt=1.2500V,volt=1.2250V
TIME:16:07:54
45084
cpu:average: 0.36, 0.39,,freq:frequency(48)=700000000,throttle_flag:throttled=0x50000,voltage:volt=1.2313V,volt=1.2500V,volt=1.2500V,volt=1.2250V
TIME:16:07:55
44546
cpu:average: 0.41, 0.40,,freq:frequency(48)=700000000,throttle_flag:throttled=0x50000,voltage:volt=1.2313V,volt=1.2500V,volt=1.2500V,volt=1.2250V
TIME:16:07:56
44546
cpu:average: 0.41, 0.40,,freq:frequency(48)=700000000,throttle_flag:throttled=0x50000,voltage:volt=1.2313V,volt=1.2500V,volt=1.2500V,volt=1.2250V
TIME:16:07:57
44008
cpu:average: 0.41, 0.40,,freq:frequency(48)=600000000,throttle_flag:throttled=0x50000,voltage:volt=1.2313V,volt=1.2500V,volt=1.2500V,volt=1.2250V
TIME:16:07:58
45084
cpu:average: 0.41, 0.40,,freq:frequency(48)=600000000,throttle_flag:throttled=0x50000,voltage:volt=1.2313V,volt=1.2500V,volt=1.2500V,volt=1.2250V
TIME:16:07:59
45084
cpu:average: 0.41, 0.40,,freq:frequency(48)=800000000,throttle_flag:throttled=0x50000,voltage:volt=1.2313V,volt=1.2500V,volt=1.2500V,volt=1.2250V
TIME:16:08:00
44008
cpu:average: 0.38, 0.39,,freq:frequency(48)=800000000,throttle_flag:throttled=0x50000,voltage:volt=1.2313V,volt=1.2500V,volt=1.2500V,volt=1.2250V
TIME:16:08:02
45084
cpu:average: 0.38, 0.39,,freq:frequency(48)=599998000,throttle_flag:throttled=0x50000,voltage:volt=1.2313V,volt=1.2500V,volt=1.2500V,volt=1.2250V
TIME:16:08:03
44008
cpu:average: 0.38, 0.39,,freq:frequency(48)=600000000,throttle_flag:throttled=0x50000,voltage:volt=1.2313V,volt=1.2500V,volt=1.2500V,volt=1.2250V
TIME:16:08:04
44008
cpu:average: 0.38, 0.39,,freq:frequency(48)=800000000,throttle_flag:throttled=0x50000,voltage:volt=1.2313V,volt=1.2500V,volt=1.2500V,volt=1.2250V
TIME:16:08:05
45084
cpu:average: 0.35, 0.38,,freq:frequency(48)=800000000,throttle_flag:throttled=0x50000,voltage:volt=1.2313V,volt=1.2500V,volt=1.2500V,volt=1.2250V
TIME:16:08:06
45084
cpu:average: 0.35, 0.38,,freq:frequency(48)=800000000,throttle_flag:throttled=0x50000,voltage:volt=1.2313V,volt=1.2500V,volt=1.2500V,volt=1.2250V
TIME:16:08:07
45084
cpu:average: 0.35, 0.38,,freq:frequency(48)=800000000,throttle_flag:throttled=0x50000,voltage:volt=1.2313V,volt=1.2500V,volt=1.2500V,volt=1.2250V
TIME:16:08:08
44008
cpu:average: 0.35, 0.38,,freq:frequency(48)=800000000,throttle_flag:throttled=0x50000,voltage:volt=1.2313V,volt=1.2500V,volt=1.2500V,volt=1.2250V
TIME:16:08:09
44008
cpu:average: 0.35, 0.38,,freq:frequency(48)=700000000,throttle_flag:throttled=0x50000,voltage:volt=1.2313V,volt=1.2500V,volt=1.2500V,volt=1.2250V
TIME:16:08:10
44008
cpu:average: 0.40, 0.39,,freq:frequency(48)=700000000,throttle_flag:throttled=0x50000,voltage:volt=1.2313V,volt=1.2500V,volt=1.2500V,volt=1.2250V
TIME:16:08:12
44546
cpu:average: 0.40, 0.39,,freq:frequency(48)=700000000,throttle_flag:throttled=0x50000,voltage:volt=1.2313V,volt=1.2500V,volt=1.2500V,volt=1.2250V
TIME:16:08:13
44546
cpu:average: 0.40, 0.39,,freq:frequency(48)=800000000,throttle_flag:throttled=0x50000,voltage:volt=1.2313V,volt=1.2500V,volt=1.2500V,volt=1.2250V
TIME:16:08:14
44546
cpu:average: 0.40, 0.39,,freq:frequency(48)=800002000,throttle_flag:throttled=0x50000,voltage:volt=1.2313V,volt=1.2500V,volt=1.2500V,volt=1.2250V
TIME:16:08:15
45084
cpu:average: 0.37, 0.39,,freq:frequency(48)=700000000,throttle_flag:throttled=0x50000,voltage:volt=1.2313V,volt=1.2500V,volt=1.2500V,volt=1.2250V
TIME:16:08:16
44546
cpu:average: 0.37, 0.39,,freq:frequency(48)=700000000,throttle_flag:throttled=0x50000,voltage:volt=1.2313V,volt=1.2500V,volt=1.2500V,volt=1.2250V
TIME:16:08:17
44008
cpu:average: 0.37, 0.39,,freq:frequency(48)=700000000,throttle_flag:throttled=0x50000,voltage:volt=1.2313V,volt=1.2500V,volt=1.2500V,volt=1.2250V
TIME:16:08:18
44546
cpu:average: 0.37, 0.39,,freq:frequency(48)=600000000,throttle_flag:throttled=0x50000,voltage:volt=1.2313V,volt=1.2500V,volt=1.2500V,volt=1.2250V
TIME:16:08:19
44546
cpu:average: 0.37, 0.39,,freq:frequency(48)=600000000,throttle_flag:throttled=0x50000,voltage:volt=1.2313V,volt=1.2500V,volt=1.2500V,volt=1.2250V
TIME:16:08:21
44546
cpu:average: 0.42, 0.40,,freq:frequency(48)=600000000,throttle_flag:throttled=0x50000,voltage:volt=1.2313V,volt=1.2500V,volt=1.2500V,volt=1.2250V
TIME:16:08:22
44008
cpu:average: 0.42, 0.40,,freq:frequency(48)=700000000,throttle_flag:throttled=0x50000,voltage:volt=1.2313V,volt=1.2500V,volt=1.2500V,volt=1.2250V
TIME:16:08:23
44008
cpu:average: 0.42, 0.40,,freq:frequency(48)=700000000,throttle_flag:throttled=0x50000,voltage:volt=1.2313V,volt=1.2500V,volt=1.2500V,volt=1.2250V
TIME:16:08:24
44546
cpu:average: 0.42, 0.40,,freq:frequency(48)=700000000,throttle_flag:throttled=0x50000,voltage:volt=1.2313V,volt=1.2500V,volt=1.2500V,volt=1.2250V
TIME:16:08:25
44008
cpu:average: 0.38, 0.39,,freq:frequency(48)=700000000,throttle_flag:throttled=0x50000,voltage:volt=1.2313V,volt=1.2500V,volt=1.2500V,volt=1.2250V
TIME:16:08:26
44546
cpu:average: 0.38, 0.39,,freq:frequency(48)=700000000,throttle_flag:throttled=0x50000,voltage:volt=1.2313V,volt=1.2500V,volt=1.2500V,volt=1.2250V
TIME:16:08:27
44008
cpu:average: 0.38, 0.39,,freq:frequency(48)=800000000,throttle_flag:throttled=0x50000,voltage:volt=1.2313V,volt=1.2500V,volt=1.2500V,volt=1.2250V
TIME:16:08:28
44546
cpu:average: 0.38, 0.39,,freq:frequency(48)=700000000,throttle_flag:throttled=0x50000,voltage:volt=1.2313V,volt=1.2500V,volt=1.2500V,volt=1.2250V
TIME:16:08:29
45084
cpu:average: 0.51, 0.42,,freq:frequency(48)=700000000,throttle_flag:throttled=0x50000,voltage:volt=1.2313V,volt=1.2500V,volt=1.2500V,volt=1.2250V
TIME:16:08:31
44008
cpu:average: 0.51, 0.42,,freq:frequency(48)=600000000,throttle_flag:throttled=0x50000,voltage:volt=1.2313V,volt=1.2500V,volt=1.2500V,volt=1.2250V
TIME:16:08:32
44546
cpu:average: 0.51, 0.42,,freq:frequency(48)=600000000,throttle_flag:throttled=0x50000,voltage:volt=1.2313V,volt=1.2500V,volt=1.2500V,volt=1.2250V
TIME:16:08:33
44546
cpu:average: 0.51, 0.42,,freq:frequency(48)=600000000,throttle_flag:throttled=0x50000,voltage:volt=1.2313V,volt=1.2500V,volt=1.2500V,volt=1.2250V
TIME:16:08:34
44546
cpu:average: 0.51, 0.42,,freq:frequency(48)=600000000,throttle_flag:throttled=0x50000,voltage:volt=1.2313V,volt=1.2500V,volt=1.2500V,volt=1.2250V
TIME:16:08:35
44008
cpu:average: 0.55, 0.43,,freq:frequency(48)=600000000,throttle_flag:throttled=0x50000,voltage:volt=1.2313V,volt=1.2500V,volt=1.2500V,volt=1.2250V
TIME:16:08:36
44008
cpu:average: 0.55, 0.43,,freq:frequency(48)=900000000,throttle_flag:throttled=0x50000,voltage:volt=1.2313V,volt=1.2500V,volt=1.2500V,volt=1.2250V
TIME:16:08:37
44546
cpu:average: 0.55, 0.43,,freq:frequency(48)=800000000,throttle_flag:throttled=0x50000,voltage:volt=1.2313V,volt=1.2500V,volt=1.2500V,volt=1.2250V
TIME:16:08:38
44546
cpu:average: 0.55, 0.43,,freq:frequency(48)=800000000,throttle_flag:throttled=0x50000,voltage:volt=1.2313V,volt=1.2500V,volt=1.2500V,volt=1.2250V
TIME:16:08:40
44008
cpu:average: 0.51, 0.42,,freq:frequency(48)=800000000,throttle_flag:throttled=0x50000,voltage:volt=1.2313V,volt=1.2500V,volt=1.2500V,volt=1.2250V
TIME:16:08:41
44546
cpu:average: 0.51, 0.42,,freq:frequency(48)=800000000,throttle_flag:throttled=0x50000,voltage:volt=1.2313V,volt=1.2500V,volt=1.2500V,volt=1.2250V
TIME:16:08:42
44008
cpu:average: 0.51, 0.42,,freq:frequency(48)=800000000,throttle_flag:throttled=0x50000,voltage:volt=1.2313V,volt=1.2500V,volt=1.2500V,volt=1.2250V
TIME:16:08:43
44546
cpu:average: 0.51, 0.42,,freq:frequency(48)=700000000,throttle_flag:throttled=0x50000,voltage:volt=1.2313V,volt=1.2500V,volt=1.2500V,volt=1.2250V
TIME:16:08:44
44546
cpu:average: 0.51, 0.42,,freq:frequency(48)=700000000,throttle_flag:throttled=0x50000,voltage:volt=1.2313V,volt=1.2500V,volt=1.2500V,volt=1.2250V
TIME:16:08:45
44008
cpu:average: 0.47, 0.41,,freq:frequency(48)=700000000,throttle_flag:throttled=0x50000,voltage:volt=1.2313V,volt=1.2500V,volt=1.2500V,volt=1.2250V
TIME:16:08:46
44546
cpu:average: 0.47, 0.41,,freq:frequency(48)=600000000,throttle_flag:throttled=0x50000,voltage:volt=1.2313V,volt=1.2500V,volt=1.2500V,volt=1.2250V
TIME:16:08:47
44008
cpu:average: 0.47, 0.41,,freq:frequency(48)=600000000,throttle_flag:throttled=0x50000,voltage:volt=1.2313V,volt=1.2500V,volt=1.2500V,volt=1.2250V
TIME:16:08:48
44546
cpu:average: 0.47, 0.41,,freq:frequency(48)=600000000,throttle_flag:throttled=0x50000,voltage:volt=1.2313V,volt=1.2500V,volt=1.2500V,volt=1.2250V
TIME:16:08:50
44546
cpu:average: 0.43, 0.40,,freq:frequency(48)=600000000,throttle_flag:throttled=0x50000,voltage:volt=1.2313V,volt=1.2500V,volt=1.2500V,volt=1.2250V
TIME:16:08:51
44546
cpu:average: 0.43, 0.40,,freq:frequency(48)=600000000,throttle_flag:throttled=0x50000,voltage:volt=1.2313V,volt=1.2500V,volt=1.2500V,volt=1.2250V
TIME:16:08:52
44008
cpu:average: 0.43, 0.40,,freq:frequency(48)=600002000,throttle_flag:throttled=0x50000,voltage:volt=1.2313V,volt=1.2500V,volt=1.2500V,volt=1.2250V
TIME:16:08:53
44008
cpu:average: 0.43, 0.40,,freq:frequency(48)=700000000,throttle_flag:throttled=0x50000,voltage:volt=1.2313V,volt=1.2500V,volt=1.2500V,volt=1.2250V
TIME:16:08:54
44546
cpu:average: 0.43, 0.40,,freq:frequency(48)=800000000,throttle_flag:throttled=0x50000,voltage:volt=1.2313V,volt=1.2500V,volt=1.2500V,volt=1.2250V
TIME:16:08:55
44008
cpu:average: 0.40, 0.40,,freq:frequency(48)=700000000,throttle_flag:throttled=0x50000,voltage:volt=1.2313V,volt=1.2500V,volt=1.2500V,volt=1.2250V
TIME:16:08:56
44546
cpu:average: 0.40, 0.40,,freq:frequency(48)=800000000,throttle_flag:throttled=0x50000,voltage:volt=1.2313V,volt=1.2500V,volt=1.2500V,volt=1.2250V
TIME:16:08:57
44546
cpu:average: 0.40, 0.40,,freq:frequency(48)=900000000,throttle_flag:throttled=0x50000,voltage:volt=1.2313V,volt=1.2500V,volt=1.2500V,volt=1.2250V
TIME:16:08:58
44008
cpu:average: 0.40, 0.40,,freq:frequency(48)=800000000,throttle_flag:throttled=0x50000,voltage:volt=1.2313V,volt=1.2500V,volt=1.2500V,volt=1.2250V
TIME:16:09:00
45084
cpu:average: 0.36, 0.39,,freq:frequency(48)=800000000,throttle_flag:throttled=0x50000,voltage:volt=1.2313V,volt=1.2500V,volt=1.2500V,volt=1.2250V
TIME:16:09:01
44008
cpu:average: 0.36, 0.39,,freq:frequency(48)=800000000,throttle_flag:throttled=0x50000,voltage:volt=1.2313V,volt=1.2500V,volt=1.2500V,volt=1.2250V
TIME:16:09:02
45084
cpu:average: 0.36, 0.39,,freq:frequency(48)=700000000,throttle_flag:throttled=0x50000,voltage:volt=1.2313V,volt=1.2500V,volt=1.2500V,volt=1.2250V
TIME:16:09:03
44008
cpu:average: 0.36, 0.39,,freq:frequency(48)=700000000,throttle_flag:throttled=0x50000,voltage:volt=1.2313V,volt=1.2500V,volt=1.2500V,volt=1.2250V
TIME:16:09:04
44008
cpu:average: 0.36, 0.39,,freq:frequency(48)=700000000,throttle_flag:throttled=0x50000,voltage:volt=1.2313V,volt=1.2500V,volt=1.2500V,volt=1.2250V
TIME:16:09:05
45084
cpu:average: 0.33, 0.38,,freq:frequency(48)=700000000,throttle_flag:throttled=0x50000,voltage:volt=1.2313V,volt=1.2500V,volt=1.2500V,volt=1.2250V
TIME:16:09:06
44546
cpu:average: 0.33, 0.38,,freq:frequency(48)=600000000,throttle_flag:throttled=0x50000,voltage:volt=1.2313V,volt=1.2500V,volt=1.2500V,volt=1.2250V
TIME:16:09:07
44008
cpu:average: 0.33, 0.38,,freq:frequency(48)=800000000,throttle_flag:throttled=0x50000,voltage:volt=1.2313V,volt=1.2500V,volt=1.2500V,volt=1.2250V
TIME:16:09:09
44008
cpu:average: 0.33, 0.38,,freq:frequency(48)=800000000,throttle_flag:throttled=0x50000,voltage:volt=1.2313V,volt=1.2500V,volt=1.2500V,volt=1.2250V
TIME:16:09:10
44546
cpu:average: 0.31, 0.38,,freq:frequency(48)=600002000,throttle_flag:throttled=0x50000,voltage:volt=1.2313V,volt=1.2500V,volt=1.2500V,volt=1.2250V
TIME:16:09:11
45084
cpu:average: 0.31, 0.38,,freq:frequency(48)=600002000,throttle_flag:throttled=0x50000,voltage:volt=1.2313V,volt=1.2500V,volt=1.2500V,volt=1.2250V
TIME:16:09:12
44008
cpu:average: 0.31, 0.38,,freq:frequency(48)=600000000,throttle_flag:throttled=0x50000,voltage:volt=1.2313V,volt=1.2500V,volt=1.2500V,volt=1.2250V
TIME:16:09:13
44008
cpu:average: 0.31, 0.38,,freq:frequency(48)=600000000,throttle_flag:throttled=0x50000,voltage:volt=1.2313V,volt=1.2500V,volt=1.2500V,volt=1.2250V
TIME:16:09:14
44546
cpu:average: 0.31, 0.38,,freq:frequency(48)=800000000,throttle_flag:throttled=0x50000,voltage:volt=1.2313V,volt=1.2500V,volt=1.2500V,volt=1.2250V
TIME:16:09:15
44008
cpu:average: 0.28, 0.37,,freq:frequency(48)=800000000,throttle_flag:throttled=0x50000,voltage:volt=1.2313V,volt=1.2500V,volt=1.2500V,volt=1.2250V
TIME:16:09:16
45084
cpu:average: 0.28, 0.37,,freq:frequency(48)=800000000,throttle_flag:throttled=0x50000,voltage:volt=1.2313V,volt=1.2500V,volt=1.2500V,volt=1.2250V
TIME:16:09:17
44546
cpu:average: 0.28, 0.37,,freq:frequency(48)=700000000,throttle_flag:throttled=0x50000,voltage:volt=1.2313V,volt=1.2500V,volt=1.2500V,volt=1.2250V
TIME:16:09:19
44546
cpu:average: 0.28, 0.37,,freq:frequency(48)=700000000,throttle_flag:throttled=0x50000,voltage:volt=1.2313V,volt=1.2500V,volt=1.2500V,volt=1.2250V
TIME:16:09:20
44008
cpu:average: 0.34, 0.38,,freq:frequency(48)=700000000,throttle_flag:throttled=0x50000,voltage:volt=1.2313V,volt=1.2500V,volt=1.2500V,volt=1.2250V
TIME:16:09:21
43470
cpu:average: 0.34, 0.38,,freq:frequency(48)=800000000,throttle_flag:throttled=0x50000,voltage:volt=1.2313V,volt=1.2500V,volt=1.2500V,volt=1.2250V
TIME:16:09:22
45084
cpu:average: 0.34, 0.38,,freq:frequency(48)=800000000,throttle_flag:throttled=0x50000,voltage:volt=1.2313V,volt=1.2500V,volt=1.2500V,volt=1.2250V
TIME:16:09:23
44546
cpu:average: 0.34, 0.38,,freq:frequency(48)=700000000,throttle_flag:throttled=0x50000,voltage:volt=1.2313V,volt=1.2500V,volt=1.2500V,volt=1.2250V
TIME:16:09:24
44546
cpu:average: 0.34, 0.38,,freq:frequency(48)=700000000,throttle_flag:throttled=0x50000,voltage:volt=1.2313V,volt=1.2500V,volt=1.2500V,volt=1.2250V
TIME:16:09:25
44008
cpu:average: 0.31, 0.38,,freq:frequency(48)=700000000,throttle_flag:throttled=0x50000,voltage:volt=1.2313V,volt=1.2500V,volt=1.2500V,volt=1.2250V
TIME:16:09:26
44008
cpu:average: 0.31, 0.38,,freq:frequency(48)=600000000,throttle_flag:throttled=0x50000,voltage:volt=1.2313V,volt=1.2500V,volt=1.2500V,volt=1.2250V
TIME:16:09:28
44546
cpu:0.31, 0.38, 0.30,freq:frequency(48)=600000000,throttle_flag:throttled=0x50000,voltage:volt=1.2313V,volt=1.2500V,volt=1.2500V,volt=1.2250V
TIME:16:09:29
44008
cpu:0.31, 0.38, 0.30,freq:frequency(48)=600000000,throttle_flag:throttled=0x50000,voltage:volt=1.2313V,volt=1.2500V,volt=1.2500V,volt=1.2250V
TIME:16:09:30
44008
cpu:0.29, 0.37, 0.30,freq:frequency(48)=600000000,throttle_flag:throttled=0x50000,voltage:volt=1.2313V,volt=1.2500V,volt=1.2500V,volt=1.2250V
TIME:16:09:31
44008
cpu:0.29, 0.37, 0.30,freq:frequency(48)=800000000,throttle_flag:throttled=0x50000,voltage:volt=1.2313V,volt=1.2500V,volt=1.2500V,volt=1.2250V
TIME:16:09:32
44008
cpu:0.29, 0.37, 0.30,freq:frequency(48)=800000000,throttle_flag:throttled=0x50000,voltage:volt=1.2313V,volt=1.2500V,volt=1.2500V,volt=1.2250V
TIME:16:09:33
44546
cpu:0.29, 0.37, 0.30,freq:frequency(48)=800000000,throttle_flag:throttled=0x50000,voltage:volt=1.2313V,volt=1.2500V,volt=1.2500V,volt=1.2250V
TIME:16:09:34
44546
cpu:0.29, 0.37, 0.30,freq:frequency(48)=800000000,throttle_flag:throttled=0x50000,voltage:volt=1.2313V,volt=1.2500V,volt=1.2500V,volt=1.2250V
TIME:16:09:35
44008
cpu:0.26, 0.36, 0.30,freq:frequency(48)=800000000,throttle_flag:throttled=0x50000,voltage:volt=1.2313V,volt=1.2500V,volt=1.2500V,volt=1.2250V
TIME:16:09:36
44546
cpu:0.26, 0.36, 0.30,freq:frequency(48)=800000000,throttle_flag:throttled=0x50000,voltage:volt=1.2313V,volt=1.2500V,volt=1.2500V,volt=1.2250V
TIME:16:09:38
44546
cpu:0.26, 0.36, 0.30,freq:frequency(48)=700000000,throttle_flag:throttled=0x50000,voltage:volt=1.2313V,volt=1.2500V,volt=1.2500V,volt=1.2250V
TIME:16:09:39
45084
cpu:0.26, 0.36, 0.30,freq:frequency(48)=700000000,throttle_flag:throttled=0x50000,voltage:volt=1.2313V,volt=1.2500V,volt=1.2500V,volt=1.2250V
TIME:16:09:40
44008
cpu:0.24, 0.36, 0.30,freq:frequency(48)=700000000,throttle_flag:throttled=0x50000,voltage:volt=1.2313V,volt=1.2500V,volt=1.2500V,volt=1.2250V
TIME:16:09:41
44008
cpu:0.24, 0.36, 0.30,freq:frequency(48)=700000000,throttle_flag:throttled=0x50000,voltage:volt=1.2313V,volt=1.2500V,volt=1.2500V,volt=1.2250V
TIME:16:09:42
44008
cpu:0.24, 0.36, 0.30,freq:frequency(48)=600000000,throttle_flag:throttled=0x50000,voltage:volt=1.2313V,volt=1.2500V,volt=1.2500V,volt=1.2250V
TIME:16:09:43
44546
cpu:0.24, 0.36, 0.30,freq:frequency(48)=600000000,throttle_flag:throttled=0x50000,voltage:volt=1.2313V,volt=1.2500V,volt=1.2500V,volt=1.2250V
TIME:16:09:44
44546
cpu:0.24, 0.36, 0.30,freq:frequency(48)=600000000,throttle_flag:throttled=0x50000,voltage:volt=1.2313V,volt=1.2500V,volt=1.2500V,volt=1.2250V
TIME:16:09:45
44546
cpu:0.22, 0.35, 0.29,freq:frequency(48)=600000000,throttle_flag:throttled=0x50000,voltage:volt=1.2313V,volt=1.2500V,volt=1.2500V,volt=1.2250V
TIME:16:09:47
44008
cpu:0.22, 0.35, 0.29,freq:frequency(48)=800000000,throttle_flag:throttled=0x50000,voltage:volt=1.2313V,volt=1.2500V,volt=1.2500V,volt=1.2250V
TIME:16:09:48
44008
cpu:0.22, 0.35, 0.29,freq:frequency(48)=800000000,throttle_flag:throttled=0x50000,voltage:volt=1.2313V,volt=1.2500V,volt=1.2500V,volt=1.2250V
TIME:16:09:49
44008
cpu:0.22, 0.35, 0.29,freq:frequency(48)=900000000,throttle_flag:throttled=0x50000,voltage:volt=1.2313V,volt=1.2500V,volt=1.2500V,volt=1.2250V
TIME:16:09:50
44546
cpu:0.20, 0.34, 0.29,freq:frequency(48)=800000000,throttle_flag:throttled=0x50000,voltage:volt=1.2313V,volt=1.2500V,volt=1.2500V,volt=1.2250V
TIME:16:09:51
45084
cpu:0.20, 0.34, 0.29,freq:frequency(48)=1400000000,throttle_flag:throttled=0x50000,voltage:volt=1.3250V,volt=1.2500V,volt=1.2500V,volt=1.2250V
TIME:16:09:52
45084
cpu:0.20, 0.34, 0.29,freq:frequency(48)=1400000000,throttle_flag:throttled=0x50000,voltage:volt=1.3250V,volt=1.2500V,volt=1.2500V,volt=1.2250V
TIME:16:09:53
45622
cpu:0.20, 0.34, 0.29,freq:frequency(48)=1400000000,throttle_flag:throttled=0x50000,voltage:volt=1.3250V,volt=1.2500V,volt=1.2500V,volt=1.2250V
TIME:16:09:54
45084
cpu:0.20, 0.34, 0.29,freq:frequency(48)=1400000000,throttle_flag:throttled=0x50000,voltage:volt=1.3250V,volt=1.2500V,volt=1.2500V,volt=1.2250V
TIME:16:09:55
45084
cpu:0.19, 0.34, 0.29,freq:frequency(48)=600000000,throttle_flag:throttled=0x50000,voltage:volt=1.2313V,volt=1.2500V,volt=1.2500V,volt=1.2250V
TIME:16:09:56
44546
cpu:0.19, 0.34, 0.29,freq:frequency(48)=600000000,throttle_flag:throttled=0x50000,voltage:volt=1.2313V,volt=1.2500V,volt=1.2500V,volt=1.2250V
TIME:16:09:58
45084
cpu:0.19, 0.34, 0.29,freq:frequency(48)=800000000,throttle_flag:throttled=0x50000,voltage:volt=1.2313V,volt=1.2500V,volt=1.2500V,volt=1.2250V
TIME:16:09:59
44546
cpu:0.19, 0.34, 0.29,freq:frequency(48)=800000000,throttle_flag:throttled=0x50000,voltage:volt=1.2313V,volt=1.2500V,volt=1.2500V,volt=1.2250V
TIME:16:10:00
44008
cpu:0.25, 0.35, 0.29,freq:frequency(48)=800000000,throttle_flag:throttled=0x50000,voltage:volt=1.2313V,volt=1.2500V,volt=1.2500V,volt=1.2250V
TIME:16:10:01
45084
cpu:0.25, 0.35, 0.29,freq:frequency(48)=800000000,throttle_flag:throttled=0x50000,voltage:volt=1.2313V,volt=1.2500V,volt=1.2500V,volt=1.2250V
TIME:16:10:02
45084
cpu:0.25, 0.35, 0.29,freq:frequency(48)=800000000,throttle_flag:throttled=0x50000,voltage:volt=1.2313V,volt=1.2500V,volt=1.2500V,volt=1.2250V
TIME:16:10:03
45084
cpu:0.25, 0.35, 0.29,freq:frequency(48)=700002000,throttle_flag:throttled=0x50000,voltage:volt=1.2313V,volt=1.2500V,volt=1.2500V,volt=1.2250V
TIME:16:10:04
44546
cpu:0.25, 0.35, 0.29,freq:frequency(48)=700000000,throttle_flag:throttled=0x50000,voltage:volt=1.2313V,volt=1.2500V,volt=1.2500V,volt=1.2250V
TIME:16:10:05
44546
cpu:0.31, 0.36, 0.30,freq:frequency(48)=700000000,throttle_flag:throttled=0x50000,voltage:volt=1.2313V,volt=1.2500V,volt=1.2500V,volt=1.2250V
TIME:16:10:06
44546
cpu:0.31, 0.36, 0.30,freq:frequency(48)=700000000,throttle_flag:throttled=0x50000,voltage:volt=1.2313V,volt=1.2500V,volt=1.2500V,volt=1.2250V
TIME:16:10:08
44546
cpu:0.31, 0.36, 0.30,freq:frequency(48)=700000000,throttle_flag:throttled=0x50000,voltage:volt=1.2313V,volt=1.2500V,volt=1.2500V,volt=1.2250V
TIME:16:10:09
44008
cpu:0.31, 0.36, 0.30,freq:frequency(48)=600000000,throttle_flag:throttled=0x50000,voltage:volt=1.2313V,volt=1.2500V,volt=1.2500V,volt=1.2250V
TIME:16:10:10
44546
cpu:0.29, 0.35, 0.30,freq:frequency(48)=600000000,throttle_flag:throttled=0x50000,voltage:volt=1.2313V,volt=1.2500V,volt=1.2500V,volt=1.2250V
TIME:16:10:11
44546
cpu:0.29, 0.35, 0.30,freq:frequency(48)=600000000,throttle_flag:throttled=0x50000,voltage:volt=1.2313V,volt=1.2500V,volt=1.2500V,volt=1.2250V
TIME:16:10:12
44546
cpu:0.29, 0.35, 0.30,freq:frequency(48)=600000000,throttle_flag:throttled=0x50000,voltage:volt=1.2313V,volt=1.2500V,volt=1.2500V,volt=1.2250V
TIME:16:10:13
45084
cpu:0.29, 0.35, 0.30,freq:frequency(48)=700000000,throttle_flag:throttled=0x50000,voltage:volt=1.2313V,volt=1.2500V,volt=1.2500V,volt=1.2250V
TIME:16:10:14
44546
cpu:0.29, 0.35, 0.30,freq:frequency(48)=800000000,throttle_flag:throttled=0x50000,voltage:volt=1.2313V,volt=1.2500V,volt=1.2500V,volt=1.2250V
TIME:16:10:15
45084
cpu:0.27, 0.35, 0.29,freq:frequency(48)=700000000,throttle_flag:throttled=0x50000,voltage:volt=1.2313V,volt=1.2500V,volt=1.2500V,volt=1.2250V
TIME:16:10:17
45084
cpu:0.27, 0.35, 0.29,freq:frequency(48)=600000000,throttle_flag:throttled=0x50000,voltage:volt=1.2313V,volt=1.2500V,volt=1.2500V,volt=1.2250V
TIME:16:10:18
44008
cpu:0.27, 0.35, 0.29,freq:frequency(48)=800000000,throttle_flag:throttled=0x50000,voltage:volt=1.2313V,volt=1.2500V,volt=1.2500V,volt=1.2250V
TIME:16:10:19
45084
cpu:0.27, 0.35, 0.29,freq:frequency(48)=800000000,throttle_flag:throttled=0x50000,voltage:volt=1.2313V,volt=1.2500V,volt=1.2500V,volt=1.2250V
TIME:16:10:20
44546
cpu:0.24, 0.34, 0.29,freq:frequency(48)=800000000,throttle_flag:throttled=0x50000,voltage:volt=1.2313V,volt=1.2500V,volt=1.2500V,volt=1.2250V
TIME:16:10:21
44008
cpu:0.24, 0.34, 0.29,freq:frequency(48)=700000000,throttle_flag:throttled=0x50000,voltage:volt=1.2313V,volt=1.2500V,volt=1.2500V,volt=1.2250V
TIME:16:10:22
44008
cpu:0.24, 0.34, 0.29,freq:frequency(48)=700000000,throttle_flag:throttled=0x50000,voltage:volt=1.2313V,volt=1.2500V,volt=1.2500V,volt=1.2250V
TIME:16:10:23
44008
cpu:0.24, 0.34, 0.29,freq:frequency(48)=700000000,throttle_flag:throttled=0x50000,voltage:volt=1.2313V,volt=1.2500V,volt=1.2500V,volt=1.2250V
TIME:16:10:24
44546
cpu:0.24, 0.34, 0.29,freq:frequency(48)=700000000,throttle_flag:throttled=0x50000,voltage:volt=1.2313V,volt=1.2500V,volt=1.2500V,volt=1.2250V
TIME:16:10:25
44008
cpu:0.22, 0.34, 0.29,freq:frequency(48)=600000000,throttle_flag:throttled=0x50000,voltage:volt=1.2313V,volt=1.2500V,volt=1.2500V,volt=1.2250V
TIME:16:10:27
44546
cpu:0.22, 0.34, 0.29,freq:frequency(48)=600000000,throttle_flag:throttled=0x50000,voltage:volt=1.2313V,volt=1.2500V,volt=1.2500V,volt=1.2250V
TIME:16:10:28
44546
cpu:0.22, 0.34, 0.29,freq:frequency(48)=800000000,throttle_flag:throttled=0x50000,voltage:volt=1.2313V,volt=1.2500V,volt=1.2500V,volt=1.2250V
TIME:16:10:29
44008
cpu:0.22, 0.34, 0.29,freq:frequency(48)=800000000,throttle_flag:throttled=0x50000,voltage:volt=1.2313V,volt=1.2500V,volt=1.2500V,volt=1.2250V
TIME:16:10:30
44546
cpu:0.21, 0.33, 0.29,freq:frequency(48)=600000000,throttle_flag:throttled=0x50000,voltage:volt=1.2313V,volt=1.2500V,volt=1.2500V,volt=1.2250V
TIME:16:10:31
44008
cpu:0.21, 0.33, 0.29,freq:frequency(48)=600000000,throttle_flag:throttled=0x50000,voltage:volt=1.2313V,volt=1.2500V,volt=1.2500V,volt=1.2250V
TIME:16:10:32
44546
cpu:0.21, 0.33, 0.29,freq:frequency(48)=600000000,throttle_flag:throttled=0x50000,voltage:volt=1.2313V,volt=1.2500V,volt=1.2500V,volt=1.2250V
TIME:16:10:33
45084
cpu:0.21, 0.33, 0.29,freq:frequency(48)=600000000,throttle_flag:throttled=0x50000,voltage:volt=1.2313V,volt=1.2500V,volt=1.2500V,volt=1.2250V
TIME:16:10:34
44008
cpu:0.21, 0.33, 0.29,freq:frequency(48)=800000000,throttle_flag:throttled=0x50000,voltage:volt=1.2313V,volt=1.2500V,volt=1.2500V,volt=1.2250V
TIME:16:10:36
44546
cpu:0.19, 0.32, 0.29,freq:frequency(48)=800000000,throttle_flag:throttled=0x50000,voltage:volt=1.2313V,volt=1.2500V,volt=1.2500V,volt=1.2250V
TIME:16:10:37
44546
cpu:0.19, 0.32, 0.29,freq:frequency(48)=800000000,throttle_flag:throttled=0x50000,voltage:volt=1.2313V,volt=1.2500V,volt=1.2500V,volt=1.2250V
TIME:16:10:38
45084
cpu:0.19, 0.32, 0.29,freq:frequency(48)=800000000,throttle_flag:throttled=0x50000,voltage:volt=1.2313V,volt=1.2500V,volt=1.2500V,volt=1.2250V
TIME:16:10:39
45084
cpu:0.19, 0.32, 0.29,freq:frequency(48)=800000000,throttle_flag:throttled=0x50000,voltage:volt=1.2313V,volt=1.2500V,volt=1.2500V,volt=1.2250V
TIME:16:10:40
45084
cpu:0.17, 0.32, 0.28,freq:frequency(48)=800000000,throttle_flag:throttled=0x50000,voltage:volt=1.2313V,volt=1.2500V,volt=1.2500V,volt=1.2250V
TIME:16:10:41
44546
cpu:0.17, 0.32, 0.28,freq:frequency(48)=700000000,throttle_flag:throttled=0x50000,voltage:volt=1.2313V,volt=1.2500V,volt=1.2500V,volt=1.2250V
TIME:16:10:42
44008
cpu:0.17, 0.32, 0.28,freq:frequency(48)=800000000,throttle_flag:throttled=0x50000,voltage:volt=1.2313V,volt=1.2500V,volt=1.2500V,volt=1.2250V
TIME:16:10:43
44546
cpu:0.17, 0.32, 0.28,freq:frequency(48)=700000000,throttle_flag:throttled=0x50000,voltage:volt=1.2313V,volt=1.2500V,volt=1.2500V,volt=1.2250V
TIME:16:10:44
44008
cpu:0.17, 0.32, 0.28,freq:frequency(48)=700000000,throttle_flag:throttled=0x50000,voltage:volt=1.2313V,volt=1.2500V,volt=1.2500V,volt=1.2250V
TIME:16:10:46
45084
cpu:0.24, 0.33, 0.29,freq:frequency(48)=700000000,throttle_flag:throttled=0x50000,voltage:volt=1.2313V,volt=1.2500V,volt=1.2500V,volt=1.2250V
TIME:16:10:47
44008
cpu:0.24, 0.33, 0.29,freq:frequency(48)=600000000,throttle_flag:throttled=0x50000,voltage:volt=1.2313V,volt=1.2500V,volt=1.2500V,volt=1.2250V
TIME:16:10:48
44008
cpu:0.24, 0.33, 0.29,freq:frequency(48)=600000000,throttle_flag:throttled=0x50000,voltage:volt=1.2313V,volt=1.2500V,volt=1.2500V,volt=1.2250V
TIME:16:10:49
44546
cpu:0.24, 0.33, 0.29,freq:frequency(48)=600000000,throttle_flag:throttled=0x50000,voltage:volt=1.2313V,volt=1.2500V,volt=1.2500V,volt=1.2250V
TIME:16:10:50
44546
cpu:0.22, 0.32, 0.29,freq:frequency(48)=600000000,throttle_flag:throttled=0x50000,voltage:volt=1.2313V,volt=1.2500V,volt=1.2500V,volt=1.2250V
TIME:16:10:51
44546
cpu:0.22, 0.32, 0.29,freq:frequency(48)=600000000,throttle_flag:throttled=0x50000,voltage:volt=1.2313V,volt=1.2500V,volt=1.2500V,volt=1.2250V
TIME:16:10:52
45084
cpu:0.22, 0.32, 0.29,freq:frequency(48)=600000000,throttle_flag:throttled=0x50000,voltage:volt=1.2313V,volt=1.2500V,volt=1.2500V,volt=1.2250V
TIME:16:10:53
44008
cpu:0.22, 0.32, 0.29,freq:frequency(48)=800000000,throttle_flag:throttled=0x50000,voltage:volt=1.2313V,volt=1.2500V,volt=1.2500V,volt=1.2250V
TIME:16:10:54
45084
cpu:0.22, 0.32, 0.29,freq:frequency(48)=800000000,throttle_flag:throttled=0x50000,voltage:volt=1.2313V,volt=1.2500V,volt=1.2500V,volt=1.2250V
TIME:16:10:56
44008
cpu:0.20, 0.32, 0.28,freq:frequency(48)=700000000,throttle_flag:throttled=0x50000,voltage:volt=1.2313V,volt=1.2500V,volt=1.2500V,volt=1.2250V
TIME:16:10:57
44546
cpu:0.20, 0.32, 0.28,freq:frequency(48)=800000000,throttle_flag:throttled=0x50000,voltage:volt=1.2313V,volt=1.2500V,volt=1.2500V,volt=1.2250V
TIME:16:10:58
44008
cpu:0.20, 0.32, 0.28,freq:frequency(48)=800002000,throttle_flag:throttled=0x50000,voltage:volt=1.2313V,volt=1.2500V,volt=1.2500V,volt=1.2250V
TIME:16:10:59
44008
cpu:0.20, 0.32, 0.28,freq:frequency(48)=800000000,throttle_flag:throttled=0x50000,voltage:volt=1.2313V,volt=1.2500V,volt=1.2500V,volt=1.2250V
TIME:16:11:00
44546
cpu:0.19, 0.31, 0.28,freq:frequency(48)=700000000,throttle_flag:throttled=0x50000,voltage:volt=1.2313V,volt=1.2500V,volt=1.2500V,volt=1.2250V
TIME:16:11:01
44008
cpu:0.19, 0.31, 0.28,freq:frequency(48)=700000000,throttle_flag:throttled=0x50000,voltage:volt=1.2313V,volt=1.2500V,volt=1.2500V,volt=1.2250V
TIME:16:11:02
44546
cpu:0.19, 0.31, 0.28,freq:frequency(48)=700000000,throttle_flag:throttled=0x50000,voltage:volt=1.2313V,volt=1.2500V,volt=1.2500V,volt=1.2250V
TIME:16:11:03
44546
cpu:0.19, 0.31, 0.28,freq:frequency(48)=700000000,throttle_flag:throttled=0x50000,voltage:volt=1.2313V,volt=1.2500V,volt=1.2500V,volt=1.2250V
TIME:16:11:04
44546
cpu:0.19, 0.31, 0.28,freq:frequency(48)=700000000,throttle_flag:throttled=0x50000,voltage:volt=1.2313V,volt=1.2500V,volt=1.2500V,volt=1.2250V
TIME:16:11:06
44008
cpu:0.25, 0.33, 0.29,freq:frequency(48)=600000000,throttle_flag:throttled=0x50000,voltage:volt=1.2313V,volt=1.2500V,volt=1.2500V,volt=1.2250V
TIME:16:11:07
44546
cpu:0.25, 0.33, 0.29,freq:frequency(48)=600000000,throttle_flag:throttled=0x50000,voltage:volt=1.2313V,volt=1.2500V,volt=1.2500V,volt=1.2250V
TIME:16:11:08
44008
cpu:0.25, 0.33, 0.29,freq:frequency(48)=700000000,throttle_flag:throttled=0x50000,voltage:volt=1.2313V,volt=1.2500V,volt=1.2500V,volt=1.2250V
TIME:16:11:09
45084
cpu:0.25, 0.33, 0.29,freq:frequency(48)=800000000,throttle_flag:throttled=0x50000,voltage:volt=1.2313V,volt=1.2500V,volt=1.2500V,volt=1.2250V
TIME:16:11:10
44008
cpu:0.23, 0.32, 0.28,freq:frequency(48)=600000000,throttle_flag:throttled=0x50000,voltage:volt=1.2313V,volt=1.2500V,volt=1.2500V,volt=1.2250V
TIME:16:11:11
44546
cpu:0.23, 0.32, 0.28,freq:frequency(48)=600000000,throttle_flag:throttled=0x50000,voltage:volt=1.2313V,volt=1.2500V,volt=1.2500V,volt=1.2250V
TIME:16:11:12
45084
cpu:0.23, 0.32, 0.28,freq:frequency(48)=600000000,throttle_flag:throttled=0x50000,voltage:volt=1.2313V,volt=1.2500V,volt=1.2500V,volt=1.2250V
TIME:16:11:13
45084
cpu:0.23, 0.32, 0.28,freq:frequency(48)=600000000,throttle_flag:throttled=0x50000,voltage:volt=1.2313V,volt=1.2500V,volt=1.2500V,volt=1.2250V
TIME:16:11:15
44008
cpu:0.23, 0.32, 0.28,freq:frequency(48)=600000000,throttle_flag:throttled=0x50000,voltage:volt=1.2313V,volt=1.2500V,volt=1.2500V,volt=1.2250V
TIME:16:11:16
44008
cpu:0.29, 0.33, 0.29,freq:frequency(48)=600000000,throttle_flag:throttled=0x50000,voltage:volt=1.2313V,volt=1.2500V,volt=1.2500V,volt=1.2250V
TIME:16:11:17
45084
cpu:0.29, 0.33, 0.29,freq:frequency(48)=800000000,throttle_flag:throttled=0x50000,voltage:volt=1.2313V,volt=1.2500V,volt=1.2500V,volt=1.2250V
TIME:16:11:18
44546
cpu:0.29, 0.33, 0.29,freq:frequency(48)=800000000,throttle_flag:throttled=0x50000,voltage:volt=1.2313V,volt=1.2500V,volt=1.2500V,volt=1.2250V
TIME:16:11:19
44008
cpu:0.29, 0.33, 0.29,freq:frequency(48)=800000000,throttle_flag:throttled=0x50000,voltage:volt=1.2313V,volt=1.2500V,volt=1.2500V,volt=1.2250V
TIME:16:11:20
44546
cpu:0.27, 0.33, 0.29,freq:frequency(48)=800000000,throttle_flag:throttled=0x50000,voltage:volt=1.2313V,volt=1.2500V,volt=1.2500V,volt=1.2250V
TIME:16:11:21
44546
cpu:0.27, 0.33, 0.29,freq:frequency(48)=800000000,throttle_flag:throttled=0x50000,voltage:volt=1.2313V,volt=1.2500V,volt=1.2500V,volt=1.2250V
TIME:16:11:22
44008
cpu:0.27, 0.33, 0.29,freq:frequency(48)=800000000,throttle_flag:throttled=0x50000,voltage:volt=1.2313V,volt=1.2500V,volt=1.2500V,volt=1.2250V
TIME:16:11:23
44008
cpu:0.27, 0.33, 0.29,freq:frequency(48)=800000000,throttle_flag:throttled=0x50000,voltage:volt=1.2313V,volt=1.2500V,volt=1.2500V,volt=1.2250V
TIME:16:11:25
44546
cpu:0.27, 0.33, 0.29,freq:frequency(48)=700000000,throttle_flag:throttled=0x50000,voltage:volt=1.2313V,volt=1.2500V,volt=1.2500V,volt=1.2250V
TIME:16:11:26
44546
cpu:0.33, 0.34, 0.29,freq:frequency(48)=700000000,throttle_flag:throttled=0x50000,voltage:volt=1.2313V,volt=1.2500V,volt=1.2500V,volt=1.2250V
TIME:16:11:27
44546
cpu:0.33, 0.34, 0.29,freq:frequency(48)=700000000,throttle_flag:throttled=0x50000,voltage:volt=1.2313V,volt=1.2500V,volt=1.2500V,volt=1.2250V
TIME:16:11:28
44546
cpu:0.33, 0.34, 0.29,freq:frequency(48)=700000000,throttle_flag:throttled=0x50000,voltage:volt=1.2313V,volt=1.2500V,volt=1.2500V,volt=1.2250V
TIME:16:11:29
44008
cpu:0.33, 0.34, 0.29,freq:frequency(48)=700000000,throttle_flag:throttled=0x50000,voltage:volt=1.2313V,volt=1.2500V,volt=1.2500V,volt=1.2250V
TIME:16:11:30
44008
cpu:0.38, 0.35, 0.29,freq:frequency(48)=700000000,throttle_flag:throttled=0x50000,voltage:volt=1.2313V,volt=1.2500V,volt=1.2500V,volt=1.2250V
TIME:16:11:31
44008
cpu:0.38, 0.35, 0.29,freq:frequency(48)=700000000,throttle_flag:throttled=0x50000,voltage:volt=1.2313V,volt=1.2500V,volt=1.2500V,volt=1.2250V
TIME:16:11:32
44546
cpu:0.38, 0.35, 0.29,freq:frequency(48)=700000000,throttle_flag:throttled=0x50000,voltage:volt=1.2313V,volt=1.2500V,volt=1.2500V,volt=1.2250V
TIME:16:11:33
44008
cpu:0.38, 0.35, 0.29,freq:frequency(48)=600000000,throttle_flag:throttled=0x50000,voltage:volt=1.2313V,volt=1.2500V,volt=1.2500V,volt=1.2250V
TIME:16:11:35
44008
cpu:0.38, 0.35, 0.29,freq:frequency(48)=800000000,throttle_flag:throttled=0x50000,voltage:volt=1.2313V,volt=1.2500V,volt=1.2500V,volt=1.2250V
TIME:16:11:36
44546
cpu:0.43, 0.36, 0.30,freq:frequency(48)=800000000,throttle_flag:throttled=0x50000,voltage:volt=1.2313V,volt=1.2500V,volt=1.2500V,volt=1.2250V
TIME:16:11:37
44008
cpu:0.43, 0.36, 0.30,freq:frequency(48)=600000000,throttle_flag:throttled=0x50000,voltage:volt=1.2313V,volt=1.2500V,volt=1.2500V,volt=1.2250V
TIME:16:11:38
44008
cpu:0.43, 0.36, 0.30,freq:frequency(48)=600000000,throttle_flag:throttled=0x50000,voltage:volt=1.2313V,volt=1.2500V,volt=1.2500V,volt=1.2250V
TIME:16:11:39
44546
cpu:0.43, 0.36, 0.30,freq:frequency(48)=600000000,throttle_flag:throttled=0x50000,voltage:volt=1.2313V,volt=1.2500V,volt=1.2500V,volt=1.2250V
TIME:16:11:40
44008
cpu:0.40, 0.35, 0.30,freq:frequency(48)=600000000,throttle_flag:throttled=0x50000,voltage:volt=1.2313V,volt=1.2500V,volt=1.2500V,volt=1.2250V
TIME:16:11:41
44008
cpu:0.40, 0.35, 0.30,freq:frequency(48)=800000000,throttle_flag:throttled=0x50000,voltage:volt=1.2313V,volt=1.2500V,volt=1.2500V,volt=1.2250V
TIME:16:11:42
44546
cpu:0.40, 0.35, 0.30,freq:frequency(48)=800000000,throttle_flag:throttled=0x50000,voltage:volt=1.2313V,volt=1.2500V,volt=1.2500V,volt=1.2250V
TIME:16:11:44
44546
cpu:0.40, 0.35, 0.30,freq:frequency(48)=800000000,throttle_flag:throttled=0x50000,voltage:volt=1.2313V,volt=1.2500V,volt=1.2500V,volt=1.2250V
TIME:16:11:45
44008
cpu:0.36, 0.35, 0.29,freq:frequency(48)=700000000,throttle_flag:throttled=0x50000,voltage:volt=1.2313V,volt=1.2500V,volt=1.2500V,volt=1.2250V
TIME:16:11:46
44546
cpu:0.36, 0.35, 0.29,freq:frequency(48)=700000000,throttle_flag:throttled=0x50000,voltage:volt=1.2313V,volt=1.2500V,volt=1.2500V,volt=1.2250V
TIME:16:11:47
44546
cpu:0.36, 0.35, 0.29,freq:frequency(48)=700000000,throttle_flag:throttled=0x50000,voltage:volt=1.2313V,volt=1.2500V,volt=1.2500V,volt=1.2250V
TIME:16:11:48
44546
cpu:0.36, 0.35, 0.29,freq:frequency(48)=700000000,throttle_flag:throttled=0x50000,voltage:volt=1.2313V,volt=1.2500V,volt=1.2500V,volt=1.2250V
TIME:16:11:49
44546
cpu:0.36, 0.35, 0.29,freq:frequency(48)=800000000,throttle_flag:throttled=0x50000,voltage:volt=1.2313V,volt=1.2500V,volt=1.2500V,volt=1.2250V
TIME:16:11:50
44008
cpu:0.34, 0.34, 0.29,freq:frequency(48)=700000000,throttle_flag:throttled=0x50000,voltage:volt=1.2313V,volt=1.2500V,volt=1.2500V,volt=1.2250V
TIME:16:11:51
44008
cpu:0.34, 0.34, 0.29,freq:frequency(48)=700000000,throttle_flag:throttled=0x50000,voltage:volt=1.2313V,volt=1.2500V,volt=1.2500V,volt=1.2250V
TIME:16:11:52
44008
cpu:0.34, 0.34, 0.29,freq:frequency(48)=600002000,throttle_flag:throttled=0x50000,voltage:volt=1.2313V,volt=1.2500V,volt=1.2500V,volt=1.2250V
TIME:16:11:54
44008
cpu:0.34, 0.34, 0.29,freq:frequency(48)=600000000,throttle_flag:throttled=0x50000,voltage:volt=1.2313V,volt=1.2500V,volt=1.2500V,volt=1.2250V
TIME:16:11:55
44546
cpu:0.31, 0.33, 0.29,freq:frequency(48)=600000000,throttle_flag:throttled=0x50000,voltage:volt=1.2313V,volt=1.2500V,volt=1.2500V,volt=1.2250V
TIME:16:11:56
44008
cpu:0.31, 0.33, 0.29,freq:frequency(48)=600000000,throttle_flag:throttled=0x50000,voltage:volt=1.2313V,volt=1.2500V,volt=1.2500V,volt=1.2250V
TIME:16:11:57
44008
cpu:0.31, 0.33, 0.29,freq:frequency(48)=600000000,throttle_flag:throttled=0x50000,voltage:volt=1.2313V,volt=1.2500V,volt=1.2500V,volt=1.2250V
TIME:16:11:58
45084
cpu:0.31, 0.33, 0.29,freq:frequency(48)=800000000,throttle_flag:throttled=0x50000,voltage:volt=1.2313V,volt=1.2500V,volt=1.2500V,volt=1.2250V
TIME:16:11:59
44546
cpu:0.31, 0.33, 0.29,freq:frequency(48)=800000000,throttle_flag:throttled=0x50000,voltage:volt=1.2313V,volt=1.2500V,volt=1.2500V,volt=1.2250V
TIME:16:12:00
44008
cpu:0.28, 0.33, 0.29,freq:frequency(48)=700000000,throttle_flag:throttled=0x50000,voltage:volt=1.2313V,volt=1.2500V,volt=1.2500V,volt=1.2250V
TIME:16:12:01
44008
cpu:0.28, 0.33, 0.29,freq:frequency(48)=700000000,throttle_flag:throttled=0x50000,voltage:volt=1.2313V,volt=1.2500V,volt=1.2500V,volt=1.2250V
TIME:16:12:03
44008
cpu:0.28, 0.33, 0.29,freq:frequency(48)=800000000,throttle_flag:throttled=0x50000,voltage:volt=1.2313V,volt=1.2500V,volt=1.2500V,volt=1.2250V
TIME:16:12:04
44546
cpu:0.28, 0.33, 0.29,freq:frequency(48)=800000000,throttle_flag:throttled=0x50000,voltage:volt=1.2313V,volt=1.2500V,volt=1.2500V,volt=1.2250V
TIME:16:12:05
45084
cpu:0.26, 0.32, 0.29,freq:frequency(48)=700000000,throttle_flag:throttled=0x50000,voltage:volt=1.2313V,volt=1.2500V,volt=1.2500V,volt=1.2250V
TIME:16:12:06
45084
cpu:0.26, 0.32, 0.29,freq:frequency(48)=700000000,throttle_flag:throttled=0x50000,voltage:volt=1.2313V,volt=1.2500V,volt=1.2500V,volt=1.2250V
TIME:16:12:07
44546
cpu:0.26, 0.32, 0.29,freq:frequency(48)=600000000,throttle_flag:throttled=0x50000,voltage:volt=1.2313V,volt=1.2500V,volt=1.2500V,volt=1.2250V
TIME:16:12:08
44546
cpu:0.26, 0.32, 0.29,freq:frequency(48)=600000000,throttle_flag:throttled=0x50000,voltage:volt=1.2313V,volt=1.2500V,volt=1.2500V,volt=1.2250V
TIME:16:12:09
45084
cpu:0.26, 0.32, 0.29,freq:frequency(48)=600000000,throttle_flag:throttled=0x50000,voltage:volt=1.2313V,volt=1.2500V,volt=1.2500V,volt=1.2250V
TIME:16:12:10
44546
cpu:0.32, 0.33, 0.29,freq:frequency(48)=600000000,throttle_flag:throttled=0x50000,voltage:volt=1.2313V,volt=1.2500V,volt=1.2500V,volt=1.2250V
TIME:16:12:11
44546
cpu:0.32, 0.33, 0.29,freq:frequency(48)=600000000,throttle_flag:throttled=0x50000,voltage:volt=1.2313V,volt=1.2500V,volt=1.2500V,volt=1.2250V
TIME:16:12:13
44546
cpu:0.32, 0.33, 0.29,freq:frequency(48)=600000000,throttle_flag:throttled=0x50000,voltage:volt=1.2313V,volt=1.2500V,volt=1.2500V,volt=1.2250V
TIME:16:12:14
44008
cpu:0.32, 0.33, 0.29,freq:frequency(48)=800000000,throttle_flag:throttled=0x50000,voltage:volt=1.2313V,volt=1.2500V,volt=1.2500V,volt=1.2250V
TIME:16:12:15
44008
cpu:0.37, 0.35, 0.29,freq:frequency(48)=800000000,throttle_flag:throttled=0x50000,voltage:volt=1.2313V,volt=1.2500V,volt=1.2500V,volt=1.2250V
TIME:16:12:16
44546
cpu:0.37, 0.35, 0.29,freq:frequency(48)=700000000,throttle_flag:throttled=0x50000,voltage:volt=1.2313V,volt=1.2500V,volt=1.2500V,volt=1.2250V
TIME:16:12:17
44008
cpu:0.37, 0.35, 0.29,freq:frequency(48)=800000000,throttle_flag:throttled=0x50000,voltage:volt=1.2313V,volt=1.2500V,volt=1.2500V,volt=1.2250V
TIME:16:12:18
44008
cpu:0.37, 0.35, 0.29,freq:frequency(48)=700000000,throttle_flag:throttled=0x50000,voltage:volt=1.2313V,volt=1.2500V,volt=1.2500V,volt=1.2250V
TIME:16:12:19
44546
cpu:0.37, 0.35, 0.29,freq:frequency(48)=600000000,throttle_flag:throttled=0x50000,voltage:volt=1.2313V,volt=1.2500V,volt=1.2500V,volt=1.2250V
TIME:16:12:20
44546
cpu:0.34, 0.34, 0.29,freq:frequency(48)=600000000,throttle_flag:throttled=0x50000,voltage:volt=1.2313V,volt=1.2500V,volt=1.2500V,volt=1.2250V
TIME:16:12:22
44546
cpu:0.34, 0.34, 0.29,freq:frequency(48)=600000000,throttle_flag:throttled=0x50000,voltage:volt=1.2313V,volt=1.2500V,volt=1.2500V,volt=1.2250V
TIME:16:12:23
44008
cpu:0.34, 0.34, 0.29,freq:frequency(48)=600000000,throttle_flag:throttled=0x50000,voltage:volt=1.2313V,volt=1.2500V,volt=1.2500V,volt=1.2250V
TIME:16:12:24
44008
cpu:0.34, 0.34, 0.29,freq:frequency(48)=600000000,throttle_flag:throttled=0x50000,voltage:volt=1.2313V,volt=1.2500V,volt=1.2500V,volt=1.2250V
TIME:16:12:25
44008
cpu:0.32, 0.33, 0.29,freq:frequency(48)=600000000,throttle_flag:throttled=0x50000,voltage:volt=1.2313V,volt=1.2500V,volt=1.2500V,volt=1.2250V
TIME:16:12:26
44546
cpu:0.32, 0.33, 0.29,freq:frequency(48)=1400000000,throttle_flag:throttled=0x50000,voltage:volt=1.3250V,volt=1.2500V,volt=1.2500V,volt=1.2250V
TIME:16:12:27
45084
cpu:0.32, 0.33, 0.29,freq:frequency(48)=1400000000,throttle_flag:throttled=0x50000,voltage:volt=1.3250V,volt=1.2500V,volt=1.2500V,volt=1.2250V
TIME:16:12:28
44546
cpu:0.32, 0.33, 0.29,freq:frequency(48)=1400000000,throttle_flag:throttled=0x50000,voltage:volt=1.3250V,volt=1.2500V,volt=1.2500V,volt=1.2250V
TIME:16:12:29
44546
cpu:0.32, 0.33, 0.29,freq:frequency(48)=1400000000,throttle_flag:throttled=0x50000,voltage:volt=1.3250V,volt=1.2500V,volt=1.2500V,volt=1.2250V
TIME:16:12:30
45084
cpu:0.29, 0.33, 0.29,freq:frequency(48)=1400000000,throttle_flag:throttled=0x50000,voltage:volt=1.3250V,volt=1.2500V,volt=1.2500V,volt=1.2250V
TIME:16:12:31
45084
cpu:0.29, 0.33, 0.29,freq:frequency(48)=600000000,throttle_flag:throttled=0x50000,voltage:volt=1.2313V,volt=1.2500V,volt=1.2500V,volt=1.2250V
TIME:16:12:33
45084
cpu:0.29, 0.33, 0.29,freq:frequency(48)=600000000,throttle_flag:throttled=0x50000,voltage:volt=1.2313V,volt=1.2500V,volt=1.2500V,volt=1.2250V
TIME:16:12:34
45084
cpu:0.29, 0.33, 0.29,freq:frequency(48)=600000000,throttle_flag:throttled=0x50000,voltage:volt=1.2313V,volt=1.2500V,volt=1.2500V,volt=1.2250V
TIME:16:12:35
44546
cpu:0.27, 0.32, 0.29,freq:frequency(48)=600000000,throttle_flag:throttled=0x50000,voltage:volt=1.2313V,volt=1.2500V,volt=1.2500V,volt=1.2250V
TIME:16:12:36
45084
cpu:0.27, 0.32, 0.29,freq:frequency(48)=800000000,throttle_flag:throttled=0x50000,voltage:volt=1.2313V,volt=1.2500V,volt=1.2500V,volt=1.2250V
TIME:16:12:37
44008
cpu:0.27, 0.32, 0.29,freq:frequency(48)=800000000,throttle_flag:throttled=0x50000,voltage:volt=1.2313V,volt=1.2500V,volt=1.2500V,volt=1.2250V
TIME:16:12:38
44546
cpu:0.27, 0.32, 0.29,freq:frequency(48)=800000000,throttle_flag:throttled=0x50000,voltage:volt=1.2313V,volt=1.2500V,volt=1.2500V,volt=1.2250V
TIME:16:12:39
44546
cpu:0.27, 0.32, 0.29,freq:frequency(48)=800000000,throttle_flag:throttled=0x50000,voltage:volt=1.2313V,volt=1.2500V,volt=1.2500V,volt=1.2250V
TIME:16:12:40
44546
cpu:0.25, 0.32, 0.28,freq:frequency(48)=800000000,throttle_flag:throttled=0x50000,voltage:volt=1.2313V,volt=1.2500V,volt=1.2500V,volt=1.2250V
TIME:16:12:41
44008
cpu:0.25, 0.32, 0.28,freq:frequency(48)=900000000,throttle_flag:throttled=0x50000,voltage:volt=1.2313V,volt=1.2500V,volt=1.2500V,volt=1.2250V
TIME:16:12:43
44008
cpu:0.25, 0.32, 0.28,freq:frequency(48)=800000000,throttle_flag:throttled=0x50000,voltage:volt=1.2313V,volt=1.2500V,volt=1.2500V,volt=1.2250V
TIME:16:12:44
45084
cpu:0.25, 0.32, 0.28,freq:frequency(48)=800000000,throttle_flag:throttled=0x50000,voltage:volt=1.2313V,volt=1.2500V,volt=1.2500V,volt=1.2250V
TIME:16:12:45
44546
cpu:0.23, 0.31, 0.28,freq:frequency(48)=700000000,throttle_flag:throttled=0x50000,voltage:volt=1.2313V,volt=1.2500V,volt=1.2500V,volt=1.2250V
TIME:16:12:46
44546
cpu:0.23, 0.31, 0.28,freq:frequency(48)=700000000,throttle_flag:throttled=0x50000,voltage:volt=1.2313V,volt=1.2500V,volt=1.2500V,volt=1.2250V
TIME:16:12:47
44008
cpu:0.23, 0.31, 0.28,freq:frequency(48)=700000000,throttle_flag:throttled=0x50000,voltage:volt=1.2313V,volt=1.2500V,volt=1.2500V,volt=1.2250V
TIME:16:12:48
44546
cpu:0.23, 0.31, 0.28,freq:frequency(48)=600000000,throttle_flag:throttled=0x50000,voltage:volt=1.2313V,volt=1.2500V,volt=1.2500V,volt=1.2250V
TIME:16:12:49
44546
cpu:0.23, 0.31, 0.28,freq:frequency(48)=600000000,throttle_flag:throttled=0x50000,voltage:volt=1.2313V,volt=1.2500V,volt=1.2500V,volt=1.2250V
TIME:16:12:50
44008
cpu:0.21, 0.31, 0.28,freq:frequency(48)=600000000,throttle_flag:throttled=0x50000,voltage:volt=1.2313V,volt=1.2500V,volt=1.2500V,volt=1.2250V
TIME:16:12:52
44546
cpu:0.21, 0.31, 0.28,freq:frequency(48)=600000000,throttle_flag:throttled=0x50000,voltage:volt=1.2313V,volt=1.2500V,volt=1.2500V,volt=1.2250V
TIME:16:12:53
44008
cpu:0.21, 0.31, 0.28,freq:frequency(48)=800000000,throttle_flag:throttled=0x50000,voltage:volt=1.2313V,volt=1.2500V,volt=1.2500V,volt=1.2250V
TIME:16:12:54
44546
cpu:0.21, 0.31, 0.28,freq:frequency(48)=800000000,throttle_flag:throttled=0x50000,voltage:volt=1.2313V,volt=1.2500V,volt=1.2500V,volt=1.2250V
TIME:16:12:55
45084
cpu:0.27, 0.32, 0.28,freq:frequency(48)=700000000,throttle_flag:throttled=0x50000,voltage:volt=1.2313V,volt=1.2500V,volt=1.2500V,volt=1.2250V
TIME:16:12:56
44008
cpu:0.27, 0.32, 0.28,freq:frequency(48)=700000000,throttle_flag:throttled=0x50000,voltage:volt=1.2313V,volt=1.2500V,volt=1.2500V,volt=1.2250V
TIME:16:12:57
44008
cpu:0.27, 0.32, 0.28,freq:frequency(48)=800000000,throttle_flag:throttled=0x50000,voltage:volt=1.2313V,volt=1.2500V,volt=1.2500V,volt=1.2250V
TIME:16:12:58
44546
cpu:0.27, 0.32, 0.28,freq:frequency(48)=700000000,throttle_flag:throttled=0x50000,voltage:volt=1.2313V,volt=1.2500V,volt=1.2500V,volt=1.2250V
TIME:16:12:59
44008
cpu:0.27, 0.32, 0.28,freq:frequency(48)=700000000,throttle_flag:throttled=0x50000,voltage:volt=1.2313V,volt=1.2500V,volt=1.2500V,volt=1.2250V
TIME:16:13:01
44008
cpu:0.25, 0.31, 0.28,freq:frequency(48)=700000000,throttle_flag:throttled=0x50000,voltage:volt=1.2313V,volt=1.2500V,volt=1.2500V,volt=1.2250V
TIME:16:13:02
44008
cpu:0.25, 0.31, 0.28,freq:frequency(48)=600000000,throttle_flag:throttled=0x50000,voltage:volt=1.2313V,volt=1.2500V,volt=1.2500V,volt=1.2250V
TIME:16:13:03
44008
cpu:0.25, 0.31, 0.28,freq:frequency(48)=600000000,throttle_flag:throttled=0x50000,voltage:volt=1.2313V,volt=1.2500V,volt=1.2500V,volt=1.2250V
TIME:16:13:04
44008
cpu:0.25, 0.31, 0.28,freq:frequency(48)=600000000,throttle_flag:throttled=0x50000,voltage:volt=1.2313V,volt=1.2500V,volt=1.2500V,volt=1.2250V
TIME:16:13:05
44008
cpu:0.23, 0.31, 0.28,freq:frequency(48)=600000000,throttle_flag:throttled=0x50000,voltage:volt=1.2313V,volt=1.2500V,volt=1.2500V,volt=1.2250V
TIME:16:13:06
44008
cpu:0.23, 0.31, 0.28,freq:frequency(48)=600000000,throttle_flag:throttled=0x50000,voltage:volt=1.2313V,volt=1.2500V,volt=1.2500V,volt=1.2250V
TIME:16:13:07
44008
cpu:0.23, 0.31, 0.28,freq:frequency(48)=600000000,throttle_flag:throttled=0x50000,voltage:volt=1.2313V,volt=1.2500V,volt=1.2500V,volt=1.2250V
TIME:16:13:08
44008
cpu:0.23, 0.31, 0.28,freq:frequency(48)=600000000,throttle_flag:throttled=0x50000,voltage:volt=1.2313V,volt=1.2500V,volt=1.2500V,volt=1.2250V
TIME:16:13:09
44546
cpu:0.23, 0.31, 0.28,freq:frequency(48)=800000000,throttle_flag:throttled=0x50000,voltage:volt=1.2313V,volt=1.2500V,volt=1.2500V,volt=1.2250V
TIME:16:13:11
44546
cpu:0.21, 0.30, 0.28,freq:frequency(48)=800000000,throttle_flag:throttled=0x50000,voltage:volt=1.2313V,volt=1.2500V,volt=1.2500V,volt=1.2250V
TIME:16:13:12
44008
cpu:0.21, 0.30, 0.28,freq:frequency(48)=600000000,throttle_flag:throttled=0x50000,voltage:volt=1.2313V,volt=1.2500V,volt=1.2500V,volt=1.2250V
TIME:16:13:13
44008
cpu:0.21, 0.30, 0.28,freq:frequency(48)=800000000,throttle_flag:throttled=0x50000,voltage:volt=1.2313V,volt=1.2500V,volt=1.2500V,volt=1.2250V
TIME:16:13:14
44008
cpu:0.21, 0.30, 0.28,freq:frequency(48)=800000000,throttle_flag:throttled=0x50000,voltage:volt=1.2313V,volt=1.2500V,volt=1.2500V,volt=1.2250V
TIME:16:13:15
44008
cpu:0.19, 0.30, 0.28,freq:frequency(48)=800000000,throttle_flag:throttled=0x50000,voltage:volt=1.2313V,volt=1.2500V,volt=1.2500V,volt=1.2250V
TIME:16:13:16
44008
cpu:0.19, 0.30, 0.28,freq:frequency(48)=700000000,throttle_flag:throttled=0x50000,voltage:volt=1.2313V,volt=1.2500V,volt=1.2500V,volt=1.2250V
TIME:16:13:17
44008
cpu:0.19, 0.30, 0.28,freq:frequency(48)=700000000,throttle_flag:throttled=0x50000,voltage:volt=1.2313V,volt=1.2500V,volt=1.2500V,volt=1.2250V
TIME:16:13:18
44008
cpu:0.19, 0.30, 0.28,freq:frequency(48)=700000000,throttle_flag:throttled=0x50000,voltage:volt=1.2313V,volt=1.2500V,volt=1.2500V,volt=1.2250V
TIME:16:13:19
44546
cpu:0.19, 0.30, 0.28,freq:frequency(48)=700000000,throttle_flag:throttled=0x50000,voltage:volt=1.2313V,volt=1.2500V,volt=1.2500V,volt=1.2250V
TIME:16:13:21
44008
cpu:0.18, 0.29, 0.27,freq:frequency(48)=700000000,throttle_flag:throttled=0x50000,voltage:volt=1.2313V,volt=1.2500V,volt=1.2500V,volt=1.2250V
TIME:16:13:22
44546
cpu:0.18, 0.29, 0.27,freq:frequency(48)=700000000,throttle_flag:throttled=0x50000,voltage:volt=1.2313V,volt=1.2500V,volt=1.2500V,volt=1.2250V
TIME:16:13:23
44008
cpu:0.18, 0.29, 0.27,freq:frequency(48)=800000000,throttle_flag:throttled=0x50000,voltage:volt=1.2313V,volt=1.2500V,volt=1.2500V,volt=1.2250V
TIME:16:13:24
44008
cpu:0.18, 0.29, 0.27,freq:frequency(48)=800000000,throttle_flag:throttled=0x50000,voltage:volt=1.2313V,volt=1.2500V,volt=1.2500V,volt=1.2250V
TIME:16:13:25
44008
cpu:0.16, 0.29, 0.27,freq:frequency(48)=700000000,throttle_flag:throttled=0x50000,voltage:volt=1.2313V,volt=1.2500V,volt=1.2500V,volt=1.2250V
TIME:16:13:26
44546
cpu:0.16, 0.29, 0.27,freq:frequency(48)=700000000,throttle_flag:throttled=0x50000,voltage:volt=1.2313V,volt=1.2500V,volt=1.2500V,volt=1.2250V
TIME:16:13:27
44008
cpu:0.16, 0.29, 0.27,freq:frequency(48)=600000000,throttle_flag:throttled=0x50000,voltage:volt=1.2313V,volt=1.2500V,volt=1.2500V,volt=1.2250V
TIME:16:13:28
44008
cpu:0.16, 0.29, 0.27,freq:frequency(48)=600000000,throttle_flag:throttled=0x50000,voltage:volt=1.2313V,volt=1.2500V,volt=1.2500V,volt=1.2250V
TIME:16:13:29
44008
cpu:0.16, 0.29, 0.27,freq:frequency(48)=600000000,throttle_flag:throttled=0x50000,voltage:volt=1.2313V,volt=1.2500V,volt=1.2500V,volt=1.2250V
TIME:16:13:31
44008
cpu:0.15, 0.28, 0.27,freq:frequency(48)=600000000,throttle_flag:throttled=0x50000,voltage:volt=1.2313V,volt=1.2500V,volt=1.2500V,volt=1.2250V
TIME:16:13:32
44008
cpu:0.15, 0.28, 0.27,freq:frequency(48)=600000000,throttle_flag:throttled=0x50000,voltage:volt=1.2313V,volt=1.2500V,volt=1.2500V,volt=1.2250V
TIME:16:13:33
44008
cpu:0.15, 0.28, 0.27,freq:frequency(48)=800000000,throttle_flag:throttled=0x50000,voltage:volt=1.2313V,volt=1.2500V,volt=1.2500V,volt=1.2250V
TIME:16:13:34
44546
cpu:0.15, 0.28, 0.27,freq:frequency(48)=800000000,throttle_flag:throttled=0x50000,voltage:volt=1.2313V,volt=1.2500V,volt=1.2500V,volt=1.2250V
TIME:16:13:35
44008
cpu:0.14, 0.28, 0.27,freq:frequency(48)=700000000,throttle_flag:throttled=0x50000,voltage:volt=1.2313V,volt=1.2500V,volt=1.2500V,volt=1.2250V
TIME:16:13:36
44008
cpu:0.14, 0.28, 0.27,freq:frequency(48)=800000000,throttle_flag:throttled=0x50000,voltage:volt=1.2313V,volt=1.2500V,volt=1.2500V,volt=1.2250V
TIME:16:13:37
44008
cpu:0.14, 0.28, 0.27,freq:frequency(48)=800000000,throttle_flag:throttled=0x50000,voltage:volt=1.2313V,volt=1.2500V,volt=1.2500V,volt=1.2250V
TIME:16:13:38
44008
cpu:0.14, 0.28, 0.27,freq:frequency(48)=800000000,throttle_flag:throttled=0x50000,voltage:volt=1.2313V,volt=1.2500V,volt=1.2500V,volt=1.2250V
TIME:16:13:40
43470
cpu:0.14, 0.28, 0.27,freq:frequency(48)=700000000,throttle_flag:throttled=0x50000,voltage:volt=1.2313V,volt=1.2500V,volt=1.2500V,volt=1.2250V
TIME:16:13:41
44008
cpu:0.21, 0.29, 0.27,freq:frequency(48)=700000000,throttle_flag:throttled=0x50000,voltage:volt=1.2313V,volt=1.2500V,volt=1.2500V,volt=1.2250V
TIME:16:13:42
44008
cpu:0.21, 0.29, 0.27,freq:frequency(48)=700000000,throttle_flag:throttled=0x50000,voltage:volt=1.2313V,volt=1.2500V,volt=1.2500V,volt=1.2250V
TIME:16:13:43
44008
cpu:0.21, 0.29, 0.27,freq:frequency(48)=700000000,throttle_flag:throttled=0x50000,voltage:volt=1.2313V,volt=1.2500V,volt=1.2500V,volt=1.2250V
TIME:16:13:44
44008
cpu:0.21, 0.29, 0.27,freq:frequency(48)=700000000,throttle_flag:throttled=0x50000,voltage:volt=1.2313V,volt=1.2500V,volt=1.2500V,volt=1.2250V
TIME:16:13:45
44008
cpu:0.19, 0.28, 0.27,freq:frequency(48)=600000000,throttle_flag:throttled=0x50000,voltage:volt=1.2313V,volt=1.2500V,volt=1.2500V,volt=1.2250V
TIME:16:13:46
44546
cpu:0.19, 0.28, 0.27,freq:frequency(48)=700000000,throttle_flag:throttled=0x50000,voltage:volt=1.2313V,volt=1.2500V,volt=1.2500V,volt=1.2250V
TIME:16:13:47
44008
cpu:0.19, 0.28, 0.27,freq:frequency(48)=600000000,throttle_flag:throttled=0x50000,voltage:volt=1.2313V,volt=1.2500V,volt=1.2500V,volt=1.2250V
TIME:16:13:48
44008
cpu:0.19, 0.28, 0.27,freq:frequency(48)=600000000,throttle_flag:throttled=0x50000,voltage:volt=1.2313V,volt=1.2500V,volt=1.2500V,volt=1.2250V
TIME:16:13:50
44008
cpu:0.19, 0.28, 0.27,freq:frequency(48)=800000000,throttle_flag:throttled=0x50000,voltage:volt=1.2313V,volt=1.2500V,volt=1.2500V,volt=1.2250V
TIME:16:13:51
44008
cpu:0.17, 0.28, 0.27,freq:frequency(48)=800000000,throttle_flag:throttled=0x50000,voltage:volt=1.2313V,volt=1.2500V,volt=1.2500V,volt=1.2250V
TIME:16:13:52
44008
cpu:0.17, 0.28, 0.27,freq:frequency(48)=600000000,throttle_flag:throttled=0x50000,voltage:volt=1.2313V,volt=1.2500V,volt=1.2500V,volt=1.2250V
TIME:16:13:53
44008
cpu:0.17, 0.28, 0.27,freq:frequency(48)=600000000,throttle_flag:throttled=0x50000,voltage:volt=1.2313V,volt=1.2500V,volt=1.2500V,volt=1.2250V
TIME:16:13:54
44008
cpu:0.17, 0.28, 0.27,freq:frequency(48)=600000000,throttle_flag:throttled=0x50000,voltage:volt=1.2313V,volt=1.2500V,volt=1.2500V,volt=1.2250V
TIME:16:13:55
44008
cpu:0.16, 0.27, 0.27,freq:frequency(48)=600000000,throttle_flag:throttled=0x50000,voltage:volt=1.2313V,volt=1.2500V,volt=1.2500V,volt=1.2250V
TIME:16:13:56
44008
cpu:0.16, 0.27, 0.27,freq:frequency(48)=800000000,throttle_flag:throttled=0x50000,voltage:volt=1.2313V,volt=1.2500V,volt=1.2500V,volt=1.2250V
TIME:16:13:57
43470
cpu:0.16, 0.27, 0.27,freq:frequency(48)=800000000,throttle_flag:throttled=0x50000,voltage:volt=1.2313V,volt=1.2500V,volt=1.2500V,volt=1.2250V
TIME:16:13:58
44008
cpu:0.16, 0.27, 0.27,freq:frequency(48)=700000000,throttle_flag:throttled=0x50000,voltage:volt=1.2313V,volt=1.2500V,volt=1.2500V,volt=1.2250V
TIME:16:14:00
43470
cpu:0.16, 0.27, 0.27,freq:frequency(48)=700000000,throttle_flag:throttled=0x50000,voltage:volt=1.2313V,volt=1.2500V,volt=1.2500V,volt=1.2250V
TIME:16:14:01
44008
cpu:0.15, 0.27, 0.27,freq:frequency(48)=700000000,throttle_flag:throttled=0x50000,voltage:volt=1.2313V,volt=1.2500V,volt=1.2500V,volt=1.2250V
TIME:16:14:02
44008
cpu:0.15, 0.27, 0.27,freq:frequency(48)=700000000,throttle_flag:throttled=0x50000,voltage:volt=1.2313V,volt=1.2500V,volt=1.2500V,volt=1.2250V
TIME:16:14:03
44008
cpu:0.15, 0.27, 0.27,freq:frequency(48)=700000000,throttle_flag:throttled=0x50000,voltage:volt=1.2313V,volt=1.2500V,volt=1.2500V,volt=1.2250V
TIME:16:14:04
44008
cpu:0.15, 0.27, 0.27,freq:frequency(48)=800002000,throttle_flag:throttled=0x50000,voltage:volt=1.2313V,volt=1.2500V,volt=1.2500V,volt=1.2250V
TIME:16:14:05
44008
cpu:0.14, 0.26, 0.27,freq:frequency(48)=700000000,throttle_flag:throttled=0x50000,voltage:volt=1.2313V,volt=1.2500V,volt=1.2500V,volt=1.2250V
TIME:16:14:06
44008
cpu:0.14, 0.26, 0.27,freq:frequency(48)=600000000,throttle_flag:throttled=0x50000,voltage:volt=1.2313V,volt=1.2500V,volt=1.2500V,volt=1.2250V
TIME:16:14:07
44008
cpu:0.14, 0.26, 0.27,freq:frequency(48)=600000000,throttle_flag:throttled=0x50000,voltage:volt=1.2313V,volt=1.2500V,volt=1.2500V,volt=1.2250V
TIME:16:14:09
44008
cpu:0.14, 0.26, 0.27,freq:frequency(48)=600000000,throttle_flag:throttled=0x50000,voltage:volt=1.2313V,volt=1.2500V,volt=1.2500V,volt=1.2250V
TIME:16:14:10
44008
cpu:0.14, 0.26, 0.27,freq:frequency(48)=600000000,throttle_flag:throttled=0x50000,voltage:volt=1.2313V,volt=1.2500V,volt=1.2500V,volt=1.2250V
TIME:16:14:11
44008
cpu:0.20, 0.28, 0.27,freq:frequency(48)=600000000,throttle_flag:throttled=0x50000,voltage:volt=1.2313V,volt=1.2500V,volt=1.2500V,volt=1.2250V
TIME:16:14:12
44008
cpu:0.20, 0.28, 0.27,freq:frequency(48)=800000000,throttle_flag:throttled=0x50000,voltage:volt=1.2313V,volt=1.2500V,volt=1.2500V,volt=1.2250V
TIME:16:14:13
44008
cpu:0.20, 0.28, 0.27,freq:frequency(48)=800000000,throttle_flag:throttled=0x50000,voltage:volt=1.2313V,volt=1.2500V,volt=1.2500V,volt=1.2250V
TIME:16:14:14
44008
cpu:0.20, 0.28, 0.27,freq:frequency(48)=800000000,throttle_flag:throttled=0x50000,voltage:volt=1.2313V,volt=1.2500V,volt=1.2500V,volt=1.2250V
TIME:16:14:15
44008
cpu:0.19, 0.27, 0.27,freq:frequency(48)=700000000,throttle_flag:throttled=0x50000,voltage:volt=1.2313V,volt=1.2500V,volt=1.2500V,volt=1.2250V
TIME:16:14:16
44008
cpu:0.19, 0.27, 0.27,freq:frequency(48)=700000000,throttle_flag:throttled=0x50000,voltage:volt=1.2313V,volt=1.2500V,volt=1.2500V,volt=1.2250V
TIME:16:14:17
44008
cpu:0.19, 0.27, 0.27,freq:frequency(48)=800000000,throttle_flag:throttled=0x50000,voltage:volt=1.2313V,volt=1.2500V,volt=1.2500V,volt=1.2250V
TIME:16:14:19
44008
cpu:0.19, 0.27, 0.27,freq:frequency(48)=800000000,throttle_flag:throttled=0x50000,voltage:volt=1.2313V,volt=1.2500V,volt=1.2500V,volt=1.2250V
TIME:16:14:20
44008
cpu:0.19, 0.27, 0.27,freq:frequency(48)=699998000,throttle_flag:throttled=0x50000,voltage:volt=1.2313V,volt=1.2500V,volt=1.2500V,volt=1.2250V
TIME:16:14:21
44008
cpu:0.33, 0.30, 0.28,freq:frequency(48)=700000000,throttle_flag:throttled=0x50000,voltage:volt=1.2313V,volt=1.2500V,volt=1.2500V,volt=1.2250V
TIME:16:14:22
44008
cpu:0.33, 0.30, 0.28,freq:frequency(48)=700000000,throttle_flag:throttled=0x50000,voltage:volt=1.2313V,volt=1.2500V,volt=1.2500V,volt=1.2250V
TIME:16:14:23
44008
cpu:0.33, 0.30, 0.28,freq:frequency(48)=600000000,throttle_flag:throttled=0x50000,voltage:volt=1.2313V,volt=1.2500V,volt=1.2500V,volt=1.2250V
TIME:16:14:24
43470
cpu:0.33, 0.30, 0.28,freq:frequency(48)=600000000,throttle_flag:throttled=0x50000,voltage:volt=1.2313V,volt=1.2500V,volt=1.2500V,volt=1.2250V
TIME:16:14:25
44546
cpu:0.39, 0.31, 0.28,freq:frequency(48)=600000000,throttle_flag:throttled=0x50000,voltage:volt=1.2313V,volt=1.2500V,volt=1.2500V,volt=1.2250V
TIME:16:14:26
44008
cpu:0.39, 0.31, 0.28,freq:frequency(48)=600000000,throttle_flag:throttled=0x50000,voltage:volt=1.2313V,volt=1.2500V,volt=1.2500V,volt=1.2250V
TIME:16:14:28
44008
cpu:0.39, 0.31, 0.28,freq:frequency(48)=600000000,throttle_flag:throttled=0x50000,voltage:volt=1.2313V,volt=1.2500V,volt=1.2500V,volt=1.2250V
TIME:16:14:29
44008
cpu:0.39, 0.31, 0.28,freq:frequency(48)=800000000,throttle_flag:throttled=0x50000,voltage:volt=1.2313V,volt=1.2500V,volt=1.2500V,volt=1.2250V
TIME:16:14:30
44008
cpu:0.44, 0.32, 0.29,freq:frequency(48)=800000000,throttle_flag:throttled=0x50000,voltage:volt=1.2313V,volt=1.2500V,volt=1.2500V,volt=1.2250V
TIME:16:14:31
44008
cpu:0.44, 0.32, 0.29,freq:frequency(48)=800000000,throttle_flag:throttled=0x50000,voltage:volt=1.2313V,volt=1.2500V,volt=1.2500V,volt=1.2250V
TIME:16:14:32
44008
cpu:0.44, 0.32, 0.29,freq:frequency(48)=800000000,throttle_flag:throttled=0x50000,voltage:volt=1.2313V,volt=1.2500V,volt=1.2500V,volt=1.2250V
TIME:16:14:33
44546
cpu:0.44, 0.32, 0.29,freq:frequency(48)=800000000,throttle_flag:throttled=0x50000,voltage:volt=1.2313V,volt=1.2500V,volt=1.2500V,volt=1.2250V
TIME:16:14:34
44008
cpu:0.44, 0.32, 0.29,freq:frequency(48)=800000000,throttle_flag:throttled=0x50000,voltage:volt=1.2313V,volt=1.2500V,volt=1.2500V,volt=1.2250V
TIME:16:14:35
44008
cpu:0.40, 0.32, 0.28,freq:frequency(48)=700000000,throttle_flag:throttled=0x50000,voltage:volt=1.2313V,volt=1.2500V,volt=1.2500V,volt=1.2250V
TIME:16:14:36
44546
cpu:0.40, 0.32, 0.28,freq:frequency(48)=700000000,throttle_flag:throttled=0x50000,voltage:volt=1.2313V,volt=1.2500V,volt=1.2500V,volt=1.2250V
TIME:16:14:38
43470
cpu:0.40, 0.32, 0.28,freq:frequency(48)=700000000,throttle_flag:throttled=0x50000,voltage:volt=1.2313V,volt=1.2500V,volt=1.2500V,volt=1.2250V
TIME:16:14:39
44008
cpu:0.40, 0.32, 0.28,freq:frequency(48)=700000000,throttle_flag:throttled=0x50000,voltage:volt=1.2313V,volt=1.2500V,volt=1.2500V,volt=1.2250V
TIME:16:14:40
44008
cpu:0.37, 0.31, 0.28,freq:frequency(48)=700000000,throttle_flag:throttled=0x50000,voltage:volt=1.2313V,volt=1.2500V,volt=1.2500V,volt=1.2250V
TIME:16:14:41
44008
cpu:0.37, 0.31, 0.28,freq:frequency(48)=600000000,throttle_flag:throttled=0x50000,voltage:volt=1.2313V,volt=1.2500V,volt=1.2500V,volt=1.2250V
TIME:16:14:42
44546
cpu:0.37, 0.31, 0.28,freq:frequency(48)=600000000,throttle_flag:throttled=0x50000,voltage:volt=1.2313V,volt=1.2500V,volt=1.2500V,volt=1.2250V
TIME:16:14:43
44008
cpu:0.37, 0.31, 0.28,freq:frequency(48)=600000000,throttle_flag:throttled=0x50000,voltage:volt=1.2313V,volt=1.2500V,volt=1.2500V,volt=1.2250V
TIME:16:14:44
44008
cpu:0.37, 0.31, 0.28,freq:frequency(48)=800000000,throttle_flag:throttled=0x50000,voltage:volt=1.2313V,volt=1.2500V,volt=1.2500V,volt=1.2250V
TIME:16:14:45
44008
cpu:0.34, 0.31, 0.28,freq:frequency(48)=700000000,throttle_flag:throttled=0x50000,voltage:volt=1.2313V,volt=1.2500V,volt=1.2500V,volt=1.2250V
TIME:16:14:46
44008
cpu:0.34, 0.31, 0.28,freq:frequency(48)=600000000,throttle_flag:throttled=0x50000,voltage:volt=1.2313V,volt=1.2500V,volt=1.2500V,volt=1.2250V
TIME:16:14:48
43470
cpu:0.34, 0.31, 0.28,freq:frequency(48)=600000000,throttle_flag:throttled=0x50000,voltage:volt=1.2313V,volt=1.2500V,volt=1.2500V,volt=1.2250V
TIME:16:14:49
44008
cpu:0.34, 0.31, 0.28,freq:frequency(48)=900000000,throttle_flag:throttled=0x50000,voltage:volt=1.2313V,volt=1.2500V,volt=1.2500V,volt=1.2250V
TIME:16:14:50
44546
cpu:0.31, 0.30, 0.28,freq:frequency(48)=800000000,throttle_flag:throttled=0x50000,voltage:volt=1.2313V,volt=1.2500V,volt=1.2500V,volt=1.2250V
TIME:16:14:51
44008
cpu:0.31, 0.30, 0.28,freq:frequency(48)=800000000,throttle_flag:throttled=0x50000,voltage:volt=1.2313V,volt=1.2500V,volt=1.2500V,volt=1.2250V
TIME:16:14:52
44008
cpu:0.31, 0.30, 0.28,freq:frequency(48)=800000000,throttle_flag:throttled=0x50000,voltage:volt=1.2313V,volt=1.2500V,volt=1.2500V,volt=1.2250V
TIME:16:14:53
44008
cpu:0.31, 0.30, 0.28,freq:frequency(48)=800000000,throttle_flag:throttled=0x50000,voltage:volt=1.2313V,volt=1.2500V,volt=1.2500V,volt=1.2250V
TIME:16:14:54
43470
cpu:0.31, 0.30, 0.28,freq:frequency(48)=800000000,throttle_flag:throttled=0x50000,voltage:volt=1.2313V,volt=1.2500V,volt=1.2500V,volt=1.2250V
TIME:16:14:55
43470
cpu:0.29, 0.30, 0.28,freq:frequency(48)=800000000,throttle_flag:throttled=0x50000,voltage:volt=1.2313V,volt=1.2500V,volt=1.2500V,volt=1.2250V
TIME:16:14:57
44546
cpu:0.29, 0.30, 0.28,freq:frequency(48)=700002000,throttle_flag:throttled=0x50000,voltage:volt=1.2313V,volt=1.2500V,volt=1.2500V,volt=1.2250V
TIME:16:14:58
44008
cpu:0.29, 0.30, 0.28,freq:frequency(48)=800000000,throttle_flag:throttled=0x50000,voltage:volt=1.2313V,volt=1.2500V,volt=1.2500V,volt=1.2250V
TIME:16:14:59
44008
cpu:0.29, 0.30, 0.28,freq:frequency(48)=800000000,throttle_flag:throttled=0x50000,voltage:volt=1.2313V,volt=1.2500V,volt=1.2500V,volt=1.2250V
TIME:16:15:00
44008
cpu:0.26, 0.29, 0.27,freq:frequency(48)=700000000,throttle_flag:throttled=0x50000,voltage:volt=1.2313V,volt=1.2500V,volt=1.2500V,volt=1.2250V
TIME:16:15:01
43470
cpu:0.26, 0.29, 0.27,freq:frequency(48)=700000000,throttle_flag:throttled=0x50000,voltage:volt=1.2313V,volt=1.2500V,volt=1.2500V,volt=1.2250V
TIME:16:15:02
44008
cpu:0.26, 0.29, 0.27,freq:frequency(48)=700000000,throttle_flag:throttled=0x50000,voltage:volt=1.2313V,volt=1.2500V,volt=1.2500V,volt=1.2250V
TIME:16:15:03
43470
cpu:0.26, 0.29, 0.27,freq:frequency(48)=700000000,throttle_flag:throttled=0x50000,voltage:volt=1.2313V,volt=1.2500V,volt=1.2500V,volt=1.2250V
TIME:16:15:04
43470
cpu:0.26, 0.29, 0.27,freq:frequency(48)=600000000,throttle_flag:throttled=0x50000,voltage:volt=1.2313V,volt=1.2500V,volt=1.2500V,volt=1.2250V
TIME:16:15:05
44008
cpu:0.32, 0.30, 0.28,freq:frequency(48)=600000000,throttle_flag:throttled=0x50000,voltage:volt=1.2313V,volt=1.2500V,volt=1.2500V,volt=1.2250V
TIME:16:15:07
44008
cpu:0.32, 0.30, 0.28,freq:frequency(48)=600002000,throttle_flag:throttled=0x50000,voltage:volt=1.2313V,volt=1.2500V,volt=1.2500V,volt=1.2250V
TIME:16:15:08
44008
cpu:0.32, 0.30, 0.28,freq:frequency(48)=600000000,throttle_flag:throttled=0x50000,voltage:volt=1.2313V,volt=1.2500V,volt=1.2500V,volt=1.2250V
TIME:16:15:09
44008
cpu:0.32, 0.30, 0.28,freq:frequency(48)=600000000,throttle_flag:throttled=0x50000,voltage:volt=1.2313V,volt=1.2500V,volt=1.2500V,volt=1.2250V
TIME:16:15:10
44008
cpu:0.30, 0.30, 0.28,freq:frequency(48)=700000000,throttle_flag:throttled=0x50000,voltage:volt=1.2313V,volt=1.2500V,volt=1.2500V,volt=1.2250V
TIME:16:15:11
44008
cpu:0.30, 0.30, 0.28,freq:frequency(48)=800000000,throttle_flag:throttled=0x50000,voltage:volt=1.2313V,volt=1.2500V,volt=1.2500V,volt=1.2250V
TIME:16:15:12
44008
cpu:0.30, 0.30, 0.28,freq:frequency(48)=900000000,throttle_flag:throttled=0x50000,voltage:volt=1.2313V,volt=1.2500V,volt=1.2500V,volt=1.2250V
TIME:16:15:13
43470
cpu:0.30, 0.30, 0.28,freq:frequency(48)=700000000,throttle_flag:throttled=0x50000,voltage:volt=1.2313V,volt=1.2500V,volt=1.2500V,volt=1.2250V
TIME:16:15:14
44008
cpu:0.30, 0.30, 0.28,freq:frequency(48)=700000000,throttle_flag:throttled=0x50000,voltage:volt=1.2313V,volt=1.2500V,volt=1.2500V,volt=1.2250V
TIME:16:15:16
44008
cpu:0.27, 0.29, 0.27,freq:frequency(48)=900000000,throttle_flag:throttled=0x50000,voltage:volt=1.3250V,volt=1.2500V,volt=1.2500V,volt=1.2250V
TIME:16:15:17
44546
cpu:0.27, 0.29, 0.27,freq:frequency(48)=1400000000,throttle_flag:throttled=0x50000,voltage:volt=1.3250V,volt=1.2500V,volt=1.2500V,volt=1.2250V
TIME:16:15:18
44546
cpu:0.27, 0.29, 0.27,freq:frequency(48)=1400000000,throttle_flag:throttled=0x50000,voltage:volt=1.3250V,volt=1.2500V,volt=1.2500V,volt=1.2250V
TIME:16:15:19
44008
cpu:0.27, 0.29, 0.27,freq:frequency(48)=1400000000,throttle_flag:throttled=0x50000,voltage:volt=1.3250V,volt=1.2500V,volt=1.2500V,volt=1.2250V
TIME:16:15:20
44008
cpu:0.33, 0.31, 0.28,freq:frequency(48)=1400000000,throttle_flag:throttled=0x50000,voltage:volt=1.3250V,volt=1.2500V,volt=1.2500V,volt=1.2250V
TIME:16:15:21
44546
cpu:0.33, 0.31, 0.28,freq:frequency(48)=700000000,throttle_flag:throttled=0x50000,voltage:volt=1.2313V,volt=1.2500V,volt=1.2500V,volt=1.2250V
TIME:16:15:22
45084
cpu:0.33, 0.31, 0.28,freq:frequency(48)=700000000,throttle_flag:throttled=0x50000,voltage:volt=1.2313V,volt=1.2500V,volt=1.2500V,volt=1.2250V
TIME:16:15:23
44546
cpu:0.33, 0.31, 0.28,freq:frequency(48)=700000000,throttle_flag:throttled=0x50000,voltage:volt=1.2313V,volt=1.2500V,volt=1.2500V,volt=1.2250V
TIME:16:15:24
44546
cpu:0.33, 0.31, 0.28,freq:frequency(48)=800000000,throttle_flag:throttled=0x50000,voltage:volt=1.2313V,volt=1.2500V,volt=1.2500V,volt=1.2250V
TIME:16:15:25
44008
cpu:0.30, 0.30, 0.28,freq:frequency(48)=700000000,throttle_flag:throttled=0x50000,voltage:volt=1.2313V,volt=1.2500V,volt=1.2500V,volt=1.2250V
TIME:16:15:27
44008
cpu:0.30, 0.30, 0.28,freq:frequency(48)=599998000,throttle_flag:throttled=0x50000,voltage:volt=1.2313V,volt=1.2500V,volt=1.2500V,volt=1.2250V
TIME:16:15:28
44008
cpu:0.30, 0.30, 0.28,freq:frequency(48)=600000000,throttle_flag:throttled=0x50000,voltage:volt=1.2313V,volt=1.2500V,volt=1.2500V,volt=1.2250V
TIME:16:15:29
44008
cpu:0.30, 0.30, 0.28,freq:frequency(48)=600000000,throttle_flag:throttled=0x50000,voltage:volt=1.2313V,volt=1.2500V,volt=1.2500V,volt=1.2250V
TIME:16:15:30
44008
cpu:0.28, 0.29, 0.27,freq:frequency(48)=600000000,throttle_flag:throttled=0x50000,voltage:volt=1.2313V,volt=1.2500V,volt=1.2500V,volt=1.2250V
TIME:16:15:31
44546
cpu:0.28, 0.29, 0.27,freq:frequency(48)=600000000,throttle_flag:throttled=0x50000,voltage:volt=1.2313V,volt=1.2500V,volt=1.2500V,volt=1.2250V
TIME:16:15:32
44546
cpu:0.28, 0.29, 0.27,freq:frequency(48)=800000000,throttle_flag:throttled=0x50000,voltage:volt=1.2313V,volt=1.2500V,volt=1.2500V,volt=1.2250V
TIME:16:15:33
44008
cpu:0.28, 0.29, 0.27,freq:frequency(48)=700000000,throttle_flag:throttled=0x50000,voltage:volt=1.2313V,volt=1.2500V,volt=1.2500V,volt=1.2250V
TIME:16:15:34
44008
cpu:0.28, 0.29, 0.27,freq:frequency(48)=700000000,throttle_flag:throttled=0x50000,voltage:volt=1.2313V,volt=1.2500V,volt=1.2500V,volt=1.2250V
TIME:16:15:36
43470
cpu:0.26, 0.29, 0.27,freq:frequency(48)=700000000,throttle_flag:throttled=0x50000,voltage:volt=1.2313V,volt=1.2500V,volt=1.2500V,volt=1.2250V
TIME:16:15:37
44008
cpu:0.26, 0.29, 0.27,freq:frequency(48)=700000000,throttle_flag:throttled=0x50000,voltage:volt=1.2313V,volt=1.2500V,volt=1.2500V,volt=1.2250V
TIME:16:15:38
44008
cpu:0.26, 0.29, 0.27,freq:frequency(48)=800000000,throttle_flag:throttled=0x50000,voltage:volt=1.2313V,volt=1.2500V,volt=1.2500V,volt=1.2250V
TIME:16:15:39
43470
cpu:0.26, 0.29, 0.27,freq:frequency(48)=800000000,throttle_flag:throttled=0x50000,voltage:volt=1.2313V,volt=1.2500V,volt=1.2500V,volt=1.2250V
TIME:16:15:40
44008
cpu:0.24, 0.28, 0.27,freq:frequency(48)=700000000,throttle_flag:throttled=0x50000,voltage:volt=1.2313V,volt=1.2500V,volt=1.2500V,volt=1.2250V
TIME:16:15:41
43470
cpu:0.24, 0.28, 0.27,freq:frequency(48)=700000000,throttle_flag:throttled=0x50000,voltage:volt=1.2313V,volt=1.2500V,volt=1.2500V,volt=1.2250V
TIME:16:15:42
44008
cpu:0.24, 0.28, 0.27,freq:frequency(48)=700000000,throttle_flag:throttled=0x50000,voltage:volt=1.2313V,volt=1.2500V,volt=1.2500V,volt=1.2250V
TIME:16:15:43
44008
cpu:0.24, 0.28, 0.27,freq:frequency(48)=700000000,throttle_flag:throttled=0x50000,voltage:volt=1.2313V,volt=1.2500V,volt=1.2500V,volt=1.2250V
TIME:16:15:44
44008
cpu:0.24, 0.28, 0.27,freq:frequency(48)=600000000,throttle_flag:throttled=0x50000,voltage:volt=1.2313V,volt=1.2500V,volt=1.2500V,volt=1.2250V
TIME:16:15:46
44008
cpu:0.22, 0.28, 0.27,freq:frequency(48)=600000000,throttle_flag:throttled=0x50000,voltage:volt=1.2313V,volt=1.2500V,volt=1.2500V,volt=1.2250V
TIME:16:15:47
44546
cpu:0.22, 0.28, 0.27,freq:frequency(48)=600000000,throttle_flag:throttled=0x50000,voltage:volt=1.2313V,volt=1.2500V,volt=1.2500V,volt=1.2250V
TIME:16:15:48
44008
cpu:0.22, 0.28, 0.27,freq:frequency(48)=600000000,throttle_flag:throttled=0x50000,voltage:volt=1.2313V,volt=1.2500V,volt=1.2500V,volt=1.2250V
TIME:16:15:49
44008
cpu:0.22, 0.28, 0.27,freq:frequency(48)=600000000,throttle_flag:throttled=0x50000,voltage:volt=1.2313V,volt=1.2500V,volt=1.2500V,volt=1.2250V
TIME:16:15:50
44008
cpu:0.28, 0.29, 0.27,freq:frequency(48)=700000000,throttle_flag:throttled=0x50000,voltage:volt=1.2313V,volt=1.2500V,volt=1.2500V,volt=1.2250V
TIME:16:15:51
44008
cpu:0.28, 0.29, 0.27,freq:frequency(48)=800000000,throttle_flag:throttled=0x50000,voltage:volt=1.2313V,volt=1.2500V,volt=1.2500V,volt=1.2250V
TIME:16:15:52
44008
cpu:0.28, 0.29, 0.27,freq:frequency(48)=900000000,throttle_flag:throttled=0x50000,voltage:volt=1.2313V,volt=1.2500V,volt=1.2500V,volt=1.2250V
TIME:16:15:53
43470
cpu:0.28, 0.29, 0.27,freq:frequency(48)=800000000,throttle_flag:throttled=0x50000,voltage:volt=1.2313V,volt=1.2500V,volt=1.2500V,volt=1.2250V
TIME:16:15:54
44008
cpu:0.28, 0.29, 0.27,freq:frequency(48)=800000000,throttle_flag:throttled=0x50000,voltage:volt=1.2313V,volt=1.2500V,volt=1.2500V,volt=1.2250V
TIME:16:15:56
44546
cpu:0.26, 0.29, 0.27,freq:frequency(48)=800000000,throttle_flag:throttled=0x50000,voltage:volt=1.2313V,volt=1.2500V,volt=1.2500V,volt=1.2250V
TIME:16:15:57
44546
cpu:0.26, 0.29, 0.27,freq:frequency(48)=800000000,throttle_flag:throttled=0x50000,voltage:volt=1.2313V,volt=1.2500V,volt=1.2500V,volt=1.2250V
TIME:16:15:58
44008
cpu:0.26, 0.29, 0.27,freq:frequency(48)=800000000,throttle_flag:throttled=0x50000,voltage:volt=1.2313V,volt=1.2500V,volt=1.2500V,volt=1.2250V
TIME:16:15:59
44008
cpu:0.26, 0.29, 0.27,freq:frequency(48)=700000000,throttle_flag:throttled=0x50000,voltage:volt=1.2313V,volt=1.2500V,volt=1.2500V,volt=1.2250V
TIME:16:16:00
43470
cpu:0.24, 0.28, 0.27,freq:frequency(48)=700000000,throttle_flag:throttled=0x50000,voltage:volt=1.2313V,volt=1.2500V,volt=1.2500V,volt=1.2250V
TIME:16:16:01
43470
cpu:0.24, 0.28, 0.27,freq:frequency(48)=700000000,throttle_flag:throttled=0x50000,voltage:volt=1.2313V,volt=1.2500V,volt=1.2500V,volt=1.2250V
TIME:16:16:02
44008
cpu:0.24, 0.28, 0.27,freq:frequency(48)=700000000,throttle_flag:throttled=0x50000,voltage:volt=1.2313V,volt=1.2500V,volt=1.2500V,volt=1.2250V
TIME:16:16:03
44008
cpu:0.24, 0.28, 0.27,freq:frequency(48)=700000000,throttle_flag:throttled=0x50000,voltage:volt=1.2313V,volt=1.2500V,volt=1.2500V,volt=1.2250V
TIME:16:16:04
44008
cpu:0.24, 0.28, 0.27,freq:frequency(48)=800000000,throttle_flag:throttled=0x50000,voltage:volt=1.2313V,volt=1.2500V,volt=1.2500V,volt=1.2250V
TIME:16:16:06
43470
cpu:0.22, 0.28, 0.27,freq:frequency(48)=700000000,throttle_flag:throttled=0x50000,voltage:volt=1.2313V,volt=1.2500V,volt=1.2500V,volt=1.2250V
TIME:16:16:07
43470
cpu:0.22, 0.28, 0.27,freq:frequency(48)=600000000,throttle_flag:throttled=0x50000,voltage:volt=1.2313V,volt=1.2500V,volt=1.2500V,volt=1.2250V
TIME:16:16:08
44008
cpu:0.22, 0.28, 0.27,freq:frequency(48)=600000000,throttle_flag:throttled=0x50000,voltage:volt=1.2313V,volt=1.2500V,volt=1.2500V,volt=1.2250V
TIME:16:16:09
44008
cpu:0.22, 0.28, 0.27,freq:frequency(48)=599998000,throttle_flag:throttled=0x50000,voltage:volt=1.2313V,volt=1.2500V,volt=1.2500V,volt=1.2250V
TIME:16:16:10
43470
cpu:0.20, 0.27, 0.27,freq:frequency(48)=600000000,throttle_flag:throttled=0x50000,voltage:volt=1.2313V,volt=1.2500V,volt=1.2500V,volt=1.2250V
TIME:16:16:11
44008
cpu:0.20, 0.27, 0.27,freq:frequency(48)=600002000,throttle_flag:throttled=0x50000,voltage:volt=1.2313V,volt=1.2500V,volt=1.2500V,volt=1.2250V
TIME:16:16:12
44008
cpu:0.20, 0.27, 0.27,freq:frequency(48)=700000000,throttle_flag:throttled=0x50000,voltage:volt=1.2313V,volt=1.2500V,volt=1.2500V,volt=1.2250V
TIME:16:16:13
44008
cpu:0.20, 0.27, 0.27,freq:frequency(48)=700000000,throttle_flag:throttled=0x50000,voltage:volt=1.2313V,volt=1.2500V,volt=1.2500V,volt=1.2250V
TIME:16:16:15
44008
cpu:0.20, 0.27, 0.27,freq:frequency(48)=700000000,throttle_flag:throttled=0x50000,voltage:volt=1.2313V,volt=1.2500V,volt=1.2500V,volt=1.2250V
TIME:16:16:16
44008
cpu:0.18, 0.27, 0.27,freq:frequency(48)=700000000,throttle_flag:throttled=0x50000,voltage:volt=1.2313V,volt=1.2500V,volt=1.2500V,volt=1.2250V
TIME:16:16:17
44008
cpu:0.18, 0.27, 0.27,freq:frequency(48)=700000000,throttle_flag:throttled=0x50000,voltage:volt=1.2313V,volt=1.2500V,volt=1.2500V,volt=1.2250V
TIME:16:16:18
44546
cpu:0.18, 0.27, 0.27,freq:frequency(48)=800000000,throttle_flag:throttled=0x50000,voltage:volt=1.2313V,volt=1.2500V,volt=1.2500V,volt=1.2250V
TIME:16:16:19
44008
cpu:0.18, 0.27, 0.27,freq:frequency(48)=800000000,throttle_flag:throttled=0x50000,voltage:volt=1.2313V,volt=1.2500V,volt=1.2500V,volt=1.2250V
TIME:16:16:20
44008
cpu:0.17, 0.26, 0.26,freq:frequency(48)=700000000,throttle_flag:throttled=0x50000,voltage:volt=1.2313V,volt=1.2500V,volt=1.2500V,volt=1.2250V
TIME:16:16:21
43470
cpu:0.17, 0.26, 0.26,freq:frequency(48)=700000000,throttle_flag:throttled=0x50000,voltage:volt=1.2313V,volt=1.2500V,volt=1.2500V,volt=1.2250V
TIME:16:16:22
43470
cpu:0.17, 0.26, 0.26,freq:frequency(48)=600000000,throttle_flag:throttled=0x50000,voltage:volt=1.2313V,volt=1.2500V,volt=1.2500V,volt=1.2250V
TIME:16:16:24
44008
cpu:0.17, 0.26, 0.26,freq:frequency(48)=600000000,throttle_flag:throttled=0x50000,voltage:volt=1.2313V,volt=1.2500V,volt=1.2500V,volt=1.2250V
TIME:16:16:25
44008
cpu:0.17, 0.26, 0.26,freq:frequency(48)=800000000,throttle_flag:throttled=0x50000,voltage:volt=1.2313V,volt=1.2500V,volt=1.2500V,volt=1.2250V
TIME:16:16:26
44008
cpu:0.16, 0.26, 0.26,freq:frequency(48)=800000000,throttle_flag:throttled=0x50000,voltage:volt=1.2313V,volt=1.2500V,volt=1.2500V,volt=1.2250V
TIME:16:16:27
43470
cpu:0.16, 0.26, 0.26,freq:frequency(48)=800000000,throttle_flag:throttled=0x50000,voltage:volt=1.2313V,volt=1.2500V,volt=1.2500V,volt=1.2250V
TIME:16:16:28
44008
cpu:0.16, 0.26, 0.26,freq:frequency(48)=800000000,throttle_flag:throttled=0x50000,voltage:volt=1.2313V,volt=1.2500V,volt=1.2500V,volt=1.2250V
TIME:16:16:29
45084
cpu:0.16, 0.26, 0.26,freq:frequency(48)=1400000000,throttle_flag:throttled=0x50000,voltage:volt=1.3250V,volt=1.2500V,volt=1.2500V,volt=1.2250V
TIME:16:16:30
44546
cpu:0.22, 0.27, 0.27,freq:frequency(48)=1400000000,throttle_flag:throttled=0x50000,voltage:volt=1.3250V,volt=1.2500V,volt=1.2500V,volt=1.2250V
TIME:16:16:31
45084
cpu:0.22, 0.27, 0.27,freq:frequency(48)=1400000000,throttle_flag:throttled=0x50000,voltage:volt=1.3250V,volt=1.2500V,volt=1.2500V,volt=1.2250V
TIME:16:16:32
44008
cpu:0.22, 0.27, 0.27,freq:frequency(48)=1400000000,throttle_flag:throttled=0x50000,voltage:volt=1.3250V,volt=1.2500V,volt=1.2500V,volt=1.2250V
TIME:16:16:33
45084
cpu:0.22, 0.27, 0.27,freq:frequency(48)=1400000000,throttle_flag:throttled=0x50000,voltage:volt=1.3250V,volt=1.2500V,volt=1.2500V,volt=1.2250V
TIME:16:16:35
44008
cpu:0.22, 0.27, 0.27,freq:frequency(48)=800000000,throttle_flag:throttled=0x50000,voltage:volt=1.2313V,volt=1.2500V,volt=1.2500V,volt=1.2250V
TIME:16:16:36
44008
cpu:0.29, 0.28, 0.27,freq:frequency(48)=600000000,throttle_flag:throttled=0x50000,voltage:volt=1.2313V,volt=1.2500V,volt=1.2500V,volt=1.2250V
TIME:16:16:37
44008
cpu:0.29, 0.28, 0.27,freq:frequency(48)=800000000,throttle_flag:throttled=0x50000,voltage:volt=1.2313V,volt=1.2500V,volt=1.2500V,volt=1.2250V
TIME:16:16:38
44546
cpu:0.29, 0.28, 0.27,freq:frequency(48)=800000000,throttle_flag:throttled=0x50000,voltage:volt=1.2313V,volt=1.2500V,volt=1.2500V,volt=1.2250V
TIME:16:16:39
44546
cpu:0.29, 0.28, 0.27,freq:frequency(48)=800000000,throttle_flag:throttled=0x50000,voltage:volt=1.2313V,volt=1.2500V,volt=1.2500V,volt=1.2250V
TIME:16:16:40
44008
cpu:0.26, 0.28, 0.27,freq:frequency(48)=800000000,throttle_flag:throttled=0x50000,voltage:volt=1.2313V,volt=1.2500V,volt=1.2500V,volt=1.2250V
TIME:16:16:41
44008
cpu:0.26, 0.28, 0.27,freq:frequency(48)=800000000,throttle_flag:throttled=0x50000,voltage:volt=1.2313V,volt=1.2500V,volt=1.2500V,volt=1.2250V
TIME:16:16:42
44008
cpu:0.26, 0.28, 0.27,freq:frequency(48)=700000000,throttle_flag:throttled=0x50000,voltage:volt=1.2313V,volt=1.2500V,volt=1.2500V,volt=1.2250V
TIME:16:16:43
44008
cpu:0.26, 0.28, 0.27,freq:frequency(48)=700000000,throttle_flag:throttled=0x50000,voltage:volt=1.2313V,volt=1.2500V,volt=1.2500V,volt=1.2250V
TIME:16:16:45
44008
cpu:0.26, 0.28, 0.27,freq:frequency(48)=800000000,throttle_flag:throttled=0x50000,voltage:volt=1.2313V,volt=1.2500V,volt=1.2500V,volt=1.2250V
TIME:16:16:46
44008
cpu:0.24, 0.27, 0.27,freq:frequency(48)=700000000,throttle_flag:throttled=0x50000,voltage:volt=1.2313V,volt=1.2500V,volt=1.2500V,volt=1.2250V
TIME:16:16:47
44008
cpu:0.24, 0.27, 0.27,freq:frequency(48)=600000000,throttle_flag:throttled=0x50000,voltage:volt=1.2313V,volt=1.2500V,volt=1.2500V,volt=1.2250V
TIME:16:16:48
44008
cpu:0.24, 0.27, 0.27,freq:frequency(48)=600000000,throttle_flag:throttled=0x50000,voltage:volt=1.2313V,volt=1.2500V,volt=1.2500V,volt=1.2250V
TIME:16:16:49
44008
cpu:0.24, 0.27, 0.27,freq:frequency(48)=599998000,throttle_flag:throttled=0x50000,voltage:volt=1.2313V,volt=1.2500V,volt=1.2500V,volt=1.2250V
TIME:16:16:50
43470
cpu:0.22, 0.27, 0.27,freq:frequency(48)=600000000,throttle_flag:throttled=0x50000,voltage:volt=1.2313V,volt=1.2500V,volt=1.2500V,volt=1.2250V
TIME:16:16:51
44008
cpu:0.22, 0.27, 0.27,freq:frequency(48)=800000000,throttle_flag:throttled=0x50000,voltage:volt=1.2313V,volt=1.2500V,volt=1.2500V,volt=1.2250V
TIME:16:16:52
44008
cpu:0.22, 0.27, 0.27,freq:frequency(48)=800002000,throttle_flag:throttled=0x50000,voltage:volt=1.2313V,volt=1.2500V,volt=1.2500V,volt=1.2250V
TIME:16:16:54
44008
cpu:0.22, 0.27, 0.27,freq:frequency(48)=700000000,throttle_flag:throttled=0x50000,voltage:volt=1.2313V,volt=1.2500V,volt=1.2500V,volt=1.2250V
TIME:16:16:55
44008
cpu:0.22, 0.27, 0.27,freq:frequency(48)=700000000,throttle_flag:throttled=0x50000,voltage:volt=1.2313V,volt=1.2500V,volt=1.2500V,volt=1.2250V
TIME:16:16:56
44546
cpu:0.20, 0.26, 0.27,freq:frequency(48)=700000000,throttle_flag:throttled=0x50000,voltage:volt=1.2313V,volt=1.2500V,volt=1.2500V,volt=1.2250V
TIME:16:16:57
44008
cpu:0.20, 0.26, 0.27,freq:frequency(48)=700000000,throttle_flag:throttled=0x50000,voltage:volt=1.2313V,volt=1.2500V,volt=1.2500V,volt=1.2250V
TIME:16:16:58
44008
cpu:0.20, 0.26, 0.27,freq:frequency(48)=800000000,throttle_flag:throttled=0x50000,voltage:volt=1.2313V,volt=1.2500V,volt=1.2500V,volt=1.2250V
TIME:16:16:59
44008
cpu:0.20, 0.26, 0.27,freq:frequency(48)=800000000,throttle_flag:throttled=0x50000,voltage:volt=1.2313V,volt=1.2500V,volt=1.2500V,volt=1.2250V
TIME:16:17:00
44546
cpu:0.19, 0.26, 0.26,freq:frequency(48)=600000000,throttle_flag:throttled=0x50000,voltage:volt=1.2313V,volt=1.2500V,volt=1.2500V,volt=1.2250V
TIME:16:17:01
44008
cpu:0.19, 0.26, 0.26,freq:frequency(48)=600000000,throttle_flag:throttled=0x50000,voltage:volt=1.2313V,volt=1.2500V,volt=1.2500V,volt=1.2250V
TIME:16:17:02
45084
cpu:0.19, 0.26, 0.26,freq:frequency(48)=600000000,throttle_flag:throttled=0x50000,voltage:volt=1.2313V,volt=1.2500V,volt=1.2500V,volt=1.2250V
TIME:16:17:04
43470
cpu:0.19, 0.26, 0.26,freq:frequency(48)=600000000,throttle_flag:throttled=0x50000,voltage:volt=1.2313V,volt=1.2500V,volt=1.2500V,volt=1.2250V
TIME:16:17:05
44008
cpu:0.19, 0.26, 0.26,freq:frequency(48)=800000000,throttle_flag:throttled=0x50000,voltage:volt=1.2313V,volt=1.2500V,volt=1.2500V,volt=1.2250V
TIME:16:17:06
44546
cpu:0.17, 0.25, 0.26,freq:frequency(48)=900000000,throttle_flag:throttled=0x50000,voltage:volt=1.2313V,volt=1.2500V,volt=1.2500V,volt=1.2250V
TIME:16:17:07
44008
cpu:0.17, 0.25, 0.26,freq:frequency(48)=800000000,throttle_flag:throttled=0x50000,voltage:volt=1.2313V,volt=1.2500V,volt=1.2500V,volt=1.2250V
TIME:16:17:08
44546
cpu:0.17, 0.25, 0.26,freq:frequency(48)=700000000,throttle_flag:throttled=0x50000,voltage:volt=1.2313V,volt=1.2500V,volt=1.2500V,volt=1.2250V
TIME:16:17:09
44546
cpu:0.17, 0.25, 0.26,freq:frequency(48)=700000000,throttle_flag:throttled=0x50000,voltage:volt=1.2313V,volt=1.2500V,volt=1.2500V,volt=1.2250V
TIME:16:17:10
44008
cpu:0.16, 0.25, 0.26,freq:frequency(48)=700000000,throttle_flag:throttled=0x50000,voltage:volt=1.2313V,volt=1.2500V,volt=1.2500V,volt=1.2250V
TIME:16:17:11
44008
cpu:0.16, 0.25, 0.26,freq:frequency(48)=700000000,throttle_flag:throttled=0x50000,voltage:volt=1.2313V,volt=1.2500V,volt=1.2500V,volt=1.2250V
TIME:16:17:13
44008
cpu:0.16, 0.25, 0.26,freq:frequency(48)=800000000,throttle_flag:throttled=0x50000,voltage:volt=1.2313V,volt=1.2500V,volt=1.2500V,volt=1.2250V
TIME:16:17:14
44008
cpu:0.16, 0.25, 0.26,freq:frequency(48)=700000000,throttle_flag:throttled=0x50000,voltage:volt=1.2313V,volt=1.2500V,volt=1.2500V,volt=1.2250V
TIME:16:17:15
44008
cpu:0.16, 0.25, 0.26,freq:frequency(48)=700000000,throttle_flag:throttled=0x50000,voltage:volt=1.2313V,volt=1.2500V,volt=1.2500V,volt=1.2250V
TIME:16:17:16
44008
cpu:0.23, 0.26, 0.27,freq:frequency(48)=600000000,throttle_flag:throttled=0x50000,voltage:volt=1.2313V,volt=1.2500V,volt=1.2500V,volt=1.2250V
TIME:16:17:17
44008
cpu:0.23, 0.26, 0.27,freq:frequency(48)=600000000,throttle_flag:throttled=0x50000,voltage:volt=1.2313V,volt=1.2500V,volt=1.2500V,volt=1.2250V
TIME:16:17:18
45084
cpu:0.23, 0.26, 0.27,freq:frequency(48)=600000000,throttle_flag:throttled=0x50000,voltage:volt=1.2313V,volt=1.2500V,volt=1.2500V,volt=1.2250V
TIME:16:17:19
44008
cpu:0.23, 0.26, 0.27,freq:frequency(48)=600000000,throttle_flag:throttled=0x50000,voltage:volt=1.2313V,volt=1.2500V,volt=1.2500V,volt=1.2250V
TIME:16:17:20
43470
cpu:0.29, 0.28, 0.27,freq:frequency(48)=600000000,throttle_flag:throttled=0x50000,voltage:volt=1.2313V,volt=1.2500V,volt=1.2500V,volt=1.2250V
TIME:16:17:21
44546
cpu:0.29, 0.28, 0.27,freq:frequency(48)=800000000,throttle_flag:throttled=0x50000,voltage:volt=1.2313V,volt=1.2500V,volt=1.2500V,volt=1.2250V
TIME:16:17:23
44008
cpu:0.29, 0.28, 0.27,freq:frequency(48)=800000000,throttle_flag:throttled=0x50000,voltage:volt=1.2313V,volt=1.2500V,volt=1.2500V,volt=1.2250V
TIME:16:17:24
44008
cpu:0.29, 0.28, 0.27,freq:frequency(48)=700000000,throttle_flag:throttled=0x50000,voltage:volt=1.2313V,volt=1.2500V,volt=1.2500V,volt=1.2250V
TIME:16:17:25
44546
cpu:0.29, 0.28, 0.27,freq:frequency(48)=800000000,throttle_flag:throttled=0x50000,voltage:volt=1.2313V,volt=1.2500V,volt=1.2500V,volt=1.2250V
TIME:16:17:26
44008
cpu:0.35, 0.29, 0.27,freq:frequency(48)=800000000,throttle_flag:throttled=0x50000,voltage:volt=1.2313V,volt=1.2500V,volt=1.2500V,volt=1.2250V
TIME:16:17:27
44008
cpu:0.35, 0.29, 0.27,freq:frequency(48)=800000000,throttle_flag:throttled=0x50000,voltage:volt=1.2313V,volt=1.2500V,volt=1.2500V,volt=1.2250V
TIME:16:17:28
44008
cpu:0.35, 0.29, 0.27,freq:frequency(48)=800000000,throttle_flag:throttled=0x50000,voltage:volt=1.2313V,volt=1.2500V,volt=1.2500V,volt=1.2250V
TIME:16:17:29
43470
cpu:0.35, 0.29, 0.27,freq:frequency(48)=700000000,throttle_flag:throttled=0x50000,voltage:volt=1.2313V,volt=1.2500V,volt=1.2500V,volt=1.2250V
TIME:16:17:30
44008
cpu:0.32, 0.28, 0.27,freq:frequency(48)=700000000,throttle_flag:throttled=0x50000,voltage:volt=1.2313V,volt=1.2500V,volt=1.2500V,volt=1.2250V
TIME:16:17:31
44008
cpu:0.32, 0.28, 0.27,freq:frequency(48)=700000000,throttle_flag:throttled=0x50000,voltage:volt=1.2313V,volt=1.2500V,volt=1.2500V,volt=1.2250V
TIME:16:17:33
44546
cpu:0.32, 0.28, 0.27,freq:frequency(48)=700000000,throttle_flag:throttled=0x50000,voltage:volt=1.2313V,volt=1.2500V,volt=1.2500V,volt=1.2250V
TIME:16:17:34
44008
cpu:0.32, 0.28, 0.27,freq:frequency(48)=600000000,throttle_flag:throttled=0x50000,voltage:volt=1.2313V,volt=1.2500V,volt=1.2500V,volt=1.2250V
TIME:16:17:35
44008
cpu:0.32, 0.28, 0.27,freq:frequency(48)=600000000,throttle_flag:throttled=0x50000,voltage:volt=1.2313V,volt=1.2500V,volt=1.2500V,volt=1.2250V
TIME:16:17:36
44008
cpu:0.37, 0.30, 0.28,freq:frequency(48)=600000000,throttle_flag:throttled=0x50000,voltage:volt=1.2313V,volt=1.2500V,volt=1.2500V,volt=1.2250V
TIME:16:17:37
44008
cpu:0.37, 0.30, 0.28,freq:frequency(48)=600000000,throttle_flag:throttled=0x50000,voltage:volt=1.2313V,volt=1.2500V,volt=1.2500V,volt=1.2250V
TIME:16:17:38
43470
cpu:0.37, 0.30, 0.28,freq:frequency(48)=800000000,throttle_flag:throttled=0x50000,voltage:volt=1.2313V,volt=1.2500V,volt=1.2500V,volt=1.2250V
TIME:16:17:39
44008
cpu:0.37, 0.30, 0.28,freq:frequency(48)=800000000,throttle_flag:throttled=0x50000,voltage:volt=1.2313V,volt=1.2500V,volt=1.2500V,volt=1.2250V
TIME:16:17:40
44546
cpu:0.34, 0.29, 0.27,freq:frequency(48)=1400000000,throttle_flag:throttled=0x50000,voltage:volt=1.3250V,volt=1.2500V,volt=1.2500V,volt=1.2250V
TIME:16:17:42
45084
cpu:0.34, 0.29, 0.27,freq:frequency(48)=1400000000,throttle_flag:throttled=0x50000,voltage:volt=1.3250V,volt=1.2500V,volt=1.2500V,volt=1.2250V
TIME:16:17:43
45084
cpu:0.34, 0.29, 0.27,freq:frequency(48)=1400000000,throttle_flag:throttled=0x50000,voltage:volt=1.3250V,volt=1.2500V,volt=1.2500V,volt=1.2250V
TIME:16:17:44
46160
cpu:0.34, 0.29, 0.27,freq:frequency(48)=1400000000,throttle_flag:throttled=0x50000,voltage:volt=1.3250V,volt=1.2500V,volt=1.2500V,volt=1.2250V
