TIME:16:06:30
39704
cpu:average: 1.10, 1.92,,freq:frequency(48)=1400000000,throttle_flag:throttled=0x50000,voltage:volt=1.3250V,volt=1.2500V,volt=1.2500V,volt=1.2250V
TIME:16:06:31
39166
cpu:average: 1.10, 1.92,,freq:frequency(48)=1400000000,throttle_flag:throttled=0x50000,voltage:volt=1.3250V,volt=1.2500V,volt=1.2500V,volt=1.2250V
TIME:16:06:32
39166
cpu:average: 1.10, 1.92,,freq:frequency(48)=800000000,throttle_flag:throttled=0x50000,voltage:volt=1.2313V,volt=1.2500V,volt=1.2500V,volt=1.2250V
TIME:16:06:34
38628
cpu:average: 1.10, 1.92,,freq:frequency(48)=800000000,throttle_flag:throttled=0x50000,voltage:volt=1.2313V,volt=1.2500V,volt=1.2500V,volt=1.2250V
TIME:16:06:35
38628
cpu:average: 1.10, 1.92,,freq:frequency(48)=800000000,throttle_flag:throttled=0x50000,voltage:volt=1.2313V,volt=1.2500V,volt=1.2500V,volt=1.2250V
TIME:16:06:36
38628
cpu:average: 1.25, 1.93,,freq:frequency(48)=800000000,throttle_flag:throttled=0x50000,voltage:volt=1.2313V,volt=1.2500V,volt=1.2500V,volt=1.2250V
TIME:16:06:37
38628
cpu:average: 1.25, 1.93,,freq:frequency(48)=700000000,throttle_flag:throttled=0x50000,voltage:volt=1.2313V,volt=1.2500V,volt=1.2500V,volt=1.2250V
TIME:16:06:38
38628
cpu:average: 1.25, 1.93,,freq:frequency(48)=700000000,throttle_flag:throttled=0x50000,voltage:volt=1.2313V,volt=1.2500V,volt=1.2500V,volt=1.2250V
TIME:16:06:39
38628
cpu:average: 1.25, 1.93,,freq:frequency(48)=700000000,throttle_flag:throttled=0x50000,voltage:volt=1.2313V,volt=1.2500V,volt=1.2500V,volt=1.2250V
TIME:16:06:40
38628
cpu:average: 1.15, 1.90,,freq:frequency(48)=700000000,throttle_flag:throttled=0x50000,voltage:volt=1.2313V,volt=1.2500V,volt=1.2500V,volt=1.2250V
TIME:16:06:42
38628
cpu:average: 1.15, 1.90,,freq:frequency(48)=800000000,throttle_flag:throttled=0x50000,voltage:volt=1.2313V,volt=1.2500V,volt=1.2500V,volt=1.2250V
TIME:16:06:43
38090
cpu:average: 1.15, 1.90,,freq:frequency(48)=700000000,throttle_flag:throttled=0x50000,voltage:volt=1.2313V,volt=1.2500V,volt=1.2500V,volt=1.2250V
TIME:16:06:44
38628
cpu:average: 1.15, 1.90,,freq:frequency(48)=600000000,throttle_flag:throttled=0x50000,voltage:volt=1.2313V,volt=1.2500V,volt=1.2500V,volt=1.2250V
TIME:16:06:45
38090
cpu:average: 1.06, 1.87,,freq:frequency(48)=600000000,throttle_flag:throttled=0x50000,voltage:volt=1.2313V,volt=1.2500V,volt=1.2500V,volt=1.2250V
TIME:16:06:46
38090
cpu:average: 1.06, 1.87,,freq:frequency(48)=600000000,throttle_flag:throttled=0x50000,voltage:volt=1.2313V,volt=1.2500V,volt=1.2500V,volt=1.2250V
TIME:16:06:47
37552
cpu:average: 1.06, 1.87,,freq:frequency(48)=600000000,throttle_flag:throttled=0x50000,voltage:volt=1.2313V,volt=1.2500V,volt=1.2500V,volt=1.2250V
TIME:16:06:48
37552
cpu:average: 1.06, 1.87,,freq:frequency(48)=800000000,throttle_flag:throttled=0x50000,voltage:volt=1.2313V,volt=1.2500V,volt=1.2500V,volt=1.2250V
TIME:16:06:49
38090
cpu:average: 1.06, 1.87,,freq:frequency(48)=800000000,throttle_flag:throttled=0x50000,voltage:volt=1.2313V,volt=1.2500V,volt=1.2500V,volt=1.2250V
TIME:16:06:50
38090
cpu:average: 0.97, 1.84,,freq:frequency(48)=700000000,throttle_flag:throttled=0x50000,voltage:volt=1.2313V,volt=1.2500V,volt=1.2500V,volt=1.2250V
TIME:16:06:52
38090
cpu:average: 0.97, 1.84,,freq:frequency(48)=700000000,throttle_flag:throttled=0x50000,voltage:volt=1.2313V,volt=1.2500V,volt=1.2500V,volt=1.2250V
TIME:16:06:53
38090
cpu:average: 0.97, 1.84,,freq:frequency(48)=700000000,throttle_flag:throttled=0x50000,voltage:volt=1.2313V,volt=1.2500V,volt=1.2500V,volt=1.2250V
TIME:16:06:54
38090
cpu:average: 0.97, 1.84,,freq:frequency(48)=600000000,throttle_flag:throttled=0x50000,voltage:volt=1.2313V,volt=1.2500V,volt=1.2500V,volt=1.2250V
TIME:16:06:55
37552
cpu:average: 0.98, 1.83,,freq:frequency(48)=800000000,throttle_flag:throttled=0x50000,voltage:volt=1.2313V,volt=1.2500V,volt=1.2500V,volt=1.2250V
TIME:16:06:56
38628
cpu:average: 0.98, 1.83,,freq:frequency(48)=800000000,throttle_flag:throttled=0x50000,voltage:volt=1.2313V,volt=1.2500V,volt=1.2500V,volt=1.2250V
TIME:16:06:57
38628
cpu:average: 0.98, 1.83,,freq:frequency(48)=600000000,throttle_flag:throttled=0x50000,voltage:volt=1.2313V,volt=1.2500V,volt=1.2500V,volt=1.2250V
TIME:16:06:58
38090
cpu:average: 0.98, 1.83,,freq:frequency(48)=600000000,throttle_flag:throttled=0x50000,voltage:volt=1.2313V,volt=1.2500V,volt=1.2500V,volt=1.2250V
TIME:16:06:59
37552
cpu:average: 0.98, 1.83,,freq:frequency(48)=600000000,throttle_flag:throttled=0x50000,voltage:volt=1.2313V,volt=1.2500V,volt=1.2500V,volt=1.2250V
TIME:16:07:01
37552
cpu:average: 0.98, 1.81,,freq:frequency(48)=800000000,throttle_flag:throttled=0x50000,voltage:volt=1.2313V,volt=1.2500V,volt=1.2500V,volt=1.2250V
TIME:16:07:02
38090
cpu:average: 0.98, 1.81,,freq:frequency(48)=800000000,throttle_flag:throttled=0x50000,voltage:volt=1.2313V,volt=1.2500V,volt=1.2500V,volt=1.2250V
TIME:16:07:03
37552
cpu:average: 0.98, 1.81,,freq:frequency(48)=700000000,throttle_flag:throttled=0x50000,voltage:volt=1.2313V,volt=1.2500V,volt=1.2500V,volt=1.2250V
TIME:16:07:04
38090
cpu:average: 0.98, 1.81,,freq:frequency(48)=700000000,throttle_flag:throttled=0x50000,voltage:volt=1.2313V,volt=1.2500V,volt=1.2500V,volt=1.2250V
TIME:16:07:05
38090
cpu:average: 0.90, 1.78,,freq:frequency(48)=700000000,throttle_flag:throttled=0x50000,voltage:volt=1.2313V,volt=1.2500V,volt=1.2500V,volt=1.2250V
TIME:16:07:06
37552
cpu:average: 0.90, 1.78,,freq:frequency(48)=700000000,throttle_flag:throttled=0x50000,voltage:volt=1.2313V,volt=1.2500V,volt=1.2500V,volt=1.2250V
TIME:16:07:07
38090
cpu:average: 0.90, 1.78,,freq:frequency(48)=700000000,throttle_flag:throttled=0x50000,voltage:volt=1.2313V,volt=1.2500V,volt=1.2500V,volt=1.2250V
TIME:16:07:08
38090
cpu:average: 0.90, 1.78,,freq:frequency(48)=700000000,throttle_flag:throttled=0x50000,voltage:volt=1.2313V,volt=1.2500V,volt=1.2500V,volt=1.2250V
TIME:16:07:09
38090
cpu:average: 0.90, 1.78,,freq:frequency(48)=800000000,throttle_flag:throttled=0x50000,voltage:volt=1.2313V,volt=1.2500V,volt=1.2500V,volt=1.2250V
TIME:16:07:11
38628
cpu:average: 0.83, 1.75,,freq:frequency(48)=700000000,throttle_flag:throttled=0x50000,voltage:volt=1.2313V,volt=1.2500V,volt=1.2500V,volt=1.2250V
TIME:16:07:12
37552
cpu:average: 0.83, 1.75,,freq:frequency(48)=600000000,throttle_flag:throttled=0x50000,voltage:volt=1.2313V,volt=1.2500V,volt=1.2500V,volt=1.2250V
TIME:16:07:13
38628
cpu:average: 0.83, 1.75,,freq:frequency(48)=600000000,throttle_flag:throttled=0x50000,voltage:volt=1.2313V,volt=1.2500V,volt=1.2500V,volt=1.2250V
TIME:16:07:14
38090
cpu:average: 0.83, 1.75,,freq:frequency(48)=600000000,throttle_flag:throttled=0x50000,voltage:volt=1.2313V,volt=1.2500V,volt=1.2500V,volt=1.2250V
TIME:16:07:15
37552
cpu:average: 0.76, 1.72,,freq:frequency(48)=600000000,throttle_flag:throttled=0x50000,voltage:volt=1.2313V,volt=1.2500V,volt=1.2500V,volt=1.2250V
TIME:16:07:16
37552
cpu:average: 0.76, 1.72,,freq:frequency(48)=600000000,throttle_flag:throttled=0x50000,voltage:volt=1.2313V,volt=1.2500V,volt=1.2500V,volt=1.2250V
TIME:16:07:17
38628
cpu:average: 0.76, 1.72,,freq:frequency(48)=700000000,throttle_flag:throttled=0x50000,voltage:volt=1.2313V,volt=1.2500V,volt=1.2500V,volt=1.2250V
TIME:16:07:18
37552
cpu:average: 0.76, 1.72,,freq:frequency(48)=600000000,throttle_flag:throttled=0x50000,voltage:volt=1.2313V,volt=1.2500V,volt=1.2500V,volt=1.2250V
TIME:16:07:20
37552
cpu:average: 0.76, 1.72,,freq:frequency(48)=800000000,throttle_flag:throttled=0x50000,voltage:volt=1.2313V,volt=1.2500V,volt=1.2500V,volt=1.2250V
TIME:16:07:21
38090
cpu:average: 0.70, 1.69,,freq:frequency(48)=800000000,throttle_flag:throttled=0x50000,voltage:volt=1.2313V,volt=1.2500V,volt=1.2500V,volt=1.2250V
TIME:16:07:22
38628
cpu:average: 0.70, 1.69,,freq:frequency(48)=800000000,throttle_flag:throttled=0x50000,voltage:volt=1.2313V,volt=1.2500V,volt=1.2500V,volt=1.2250V
TIME:16:07:23
37552
cpu:average: 0.70, 1.69,,freq:frequency(48)=800000000,throttle_flag:throttled=0x50000,voltage:volt=1.2313V,volt=1.2500V,volt=1.2500V,volt=1.2250V
TIME:16:07:24
37552
cpu:average: 0.70, 1.69,,freq:frequency(48)=800000000,throttle_flag:throttled=0x50000,voltage:volt=1.2313V,volt=1.2500V,volt=1.2500V,volt=1.2250V
TIME:16:07:25
37552
cpu:average: 0.64, 1.66,,freq:frequency(48)=700000000,throttle_flag:throttled=0x50000,voltage:volt=1.2313V,volt=1.2500V,volt=1.2500V,volt=1.2250V
TIME:16:07:26
37552
cpu:average: 0.64, 1.66,,freq:frequency(48)=700000000,throttle_flag:throttled=0x50000,voltage:volt=1.2313V,volt=1.2500V,volt=1.2500V,volt=1.2250V
TIME:16:07:27
37552
cpu:average: 0.64, 1.66,,freq:frequency(48)=700000000,throttle_flag:throttled=0x50000,voltage:volt=1.2313V,volt=1.2500V,volt=1.2500V,volt=1.2250V
TIME:16:07:28
38090
cpu:average: 0.64, 1.66,,freq:frequency(48)=700002000,throttle_flag:throttled=0x50000,voltage:volt=1.2313V,volt=1.2500V,volt=1.2500V,volt=1.2250V
TIME:16:07:30
37552
cpu:average: 0.64, 1.66,,freq:frequency(48)=700000000,throttle_flag:throttled=0x50000,voltage:volt=1.2313V,volt=1.2500V,volt=1.2500V,volt=1.2250V
TIME:16:07:31
38090
cpu:average: 0.59, 1.64,,freq:frequency(48)=700000000,throttle_flag:throttled=0x50000,voltage:volt=1.2313V,volt=1.2500V,volt=1.2500V,volt=1.2250V
TIME:16:07:32
37552
cpu:average: 0.59, 1.64,,freq:frequency(48)=600000000,throttle_flag:throttled=0x50000,voltage:volt=1.2313V,volt=1.2500V,volt=1.2500V,volt=1.2250V
TIME:16:07:33
37552
cpu:average: 0.59, 1.64,,freq:frequency(48)=600000000,throttle_flag:throttled=0x50000,voltage:volt=1.2313V,volt=1.2500V,volt=1.2500V,volt=1.2250V
TIME:16:07:34
38090
cpu:average: 0.59, 1.64,,freq:frequency(48)=600000000,throttle_flag:throttled=0x50000,voltage:volt=1.2313V,volt=1.2500V,volt=1.2500V,volt=1.2250V
TIME:16:07:35
38090
cpu:average: 0.54, 1.61,,freq:frequency(48)=800000000,throttle_flag:throttled=0x50000,voltage:volt=1.2313V,volt=1.2500V,volt=1.2500V,volt=1.2250V
TIME:16:07:36
37552
cpu:average: 0.54, 1.61,,freq:frequency(48)=800000000,throttle_flag:throttled=0x50000,voltage:volt=1.2313V,volt=1.2500V,volt=1.2500V,volt=1.2250V
TIME:16:07:37
37552
cpu:average: 0.54, 1.61,,freq:frequency(48)=600000000,throttle_flag:throttled=0x50000,voltage:volt=1.2313V,volt=1.2500V,volt=1.2500V,volt=1.2250V
TIME:16:07:38
37552
cpu:average: 0.54, 1.61,,freq:frequency(48)=600000000,throttle_flag:throttled=0x50000,voltage:volt=1.2313V,volt=1.2500V,volt=1.2500V,volt=1.2250V
TIME:16:07:40
37552
cpu:average: 0.54, 1.61,,freq:frequency(48)=600000000,throttle_flag:throttled=0x50000,voltage:volt=1.2313V,volt=1.2500V,volt=1.2500V,volt=1.2250V
TIME:16:07:41
37552
cpu:average: 0.58, 1.60,,freq:frequency(48)=800000000,throttle_flag:throttled=0x50000,voltage:volt=1.2313V,volt=1.2500V,volt=1.2500V,volt=1.2250V
TIME:16:07:42
38628
cpu:average: 0.58, 1.60,,freq:frequency(48)=800000000,throttle_flag:throttled=0x50000,voltage:volt=1.2313V,volt=1.2500V,volt=1.2500V,volt=1.2250V
TIME:16:07:43
37552
cpu:average: 0.58, 1.60,,freq:frequency(48)=700000000,throttle_flag:throttled=0x50000,voltage:volt=1.2313V,volt=1.2500V,volt=1.2500V,volt=1.2250V
TIME:16:07:44
37552
cpu:average: 0.58, 1.60,,freq:frequency(48)=700000000,throttle_flag:throttled=0x50000,voltage:volt=1.2313V,volt=1.2500V,volt=1.2500V,volt=1.2250V
TIME:16:07:45
37552
cpu:average: 0.53, 1.57,,freq:frequency(48)=800000000,throttle_flag:throttled=0x50000,voltage:volt=1.2313V,volt=1.2500V,volt=1.2500V,volt=1.2250V
TIME:16:07:46
38090
cpu:average: 0.53, 1.57,,freq:frequency(48)=700000000,throttle_flag:throttled=0x50000,voltage:volt=1.2313V,volt=1.2500V,volt=1.2500V,volt=1.2250V
TIME:16:07:47
37552
cpu:average: 0.53, 1.57,,freq:frequency(48)=700000000,throttle_flag:throttled=0x50000,voltage:volt=1.2313V,volt=1.2500V,volt=1.2500V,volt=1.2250V
TIME:16:07:49
38090
cpu:average: 0.53, 1.57,,freq:frequency(48)=700000000,throttle_flag:throttled=0x50000,voltage:volt=1.2313V,volt=1.2500V,volt=1.2500V,volt=1.2250V
TIME:16:07:50
37552
cpu:average: 0.53, 1.57,,freq:frequency(48)=800000000,throttle_flag:throttled=0x50000,voltage:volt=1.2313V,volt=1.2500V,volt=1.2500V,volt=1.2250V
TIME:16:07:51
39704
cpu:average: 0.49, 1.55,,freq:frequency(48)=599998000,throttle_flag:throttled=0x50005,voltage:volt=1.2000V,volt=1.2500V,volt=1.2500V,volt=1.2250V
TIME:16:07:52
39704
cpu:average: 0.49, 1.55,,freq:frequency(48)=600000000,throttle_flag:throttled=0x50005,voltage:volt=1.2000V,volt=1.2500V,volt=1.2500V,volt=1.2250V
TIME:16:07:54
40242
cpu:average: 0.49, 1.55,,freq:frequency(48)=600000000,throttle_flag:throttled=0x50005,voltage:volt=1.2000V,volt=1.2500V,volt=1.2500V,volt=1.2250V
TIME:16:07:55
40780
cpu:average: 1.17, 1.67,,freq:frequency(48)=600000000,throttle_flag:throttled=0x50005,voltage:volt=1.3250V,volt=1.2500V,volt=1.2500V,volt=1.2250V
TIME:16:07:57
41318
cpu:average: 1.17, 1.67,,freq:frequency(48)=600000000,throttle_flag:throttled=0x50005,voltage:volt=1.2000V,volt=1.2500V,volt=1.2500V,volt=1.2250V
TIME:16:07:58
41318
cpu:average: 1.17, 1.67,,freq:frequency(48)=600000000,throttle_flag:throttled=0x50005,voltage:volt=1.2000V,volt=1.2500V,volt=1.2500V,volt=1.2250V
TIME:16:07:59
41856
cpu:average: 1.17, 1.67,,freq:frequency(48)=600000000,throttle_flag:throttled=0x50005,voltage:volt=1.2000V,volt=1.2500V,volt=1.2500V,volt=1.2250V
TIME:16:08:01
41856
cpu:average: 1.40, 1.71,,freq:frequency(48)=600000000,throttle_flag:throttled=0x50005,voltage:volt=1.2000V,volt=1.2500V,volt=1.2500V,volt=1.2250V
TIME:16:08:02
42394
cpu:average: 1.40, 1.71,,freq:frequency(48)=600000000,throttle_flag:throttled=0x50005,voltage:volt=1.2000V,volt=1.2500V,volt=1.2500V,volt=1.2250V
TIME:16:08:04
41856
cpu:average: 1.40, 1.71,,freq:frequency(48)=600000000,throttle_flag:throttled=0x50005,voltage:volt=1.2000V,volt=1.2500V,volt=1.2500V,volt=1.2250V
TIME:16:08:05
41856
cpu:average: 1.77, 1.78,,freq:frequency(48)=600000000,throttle_flag:throttled=0x50000,voltage:volt=1.2000V,volt=1.2500V,volt=1.2500V,volt=1.2250V
TIME:16:08:07
41856
cpu:average: 1.77, 1.78,,freq:frequency(48)=600000000,throttle_flag:throttled=0x50005,voltage:volt=1.2000V,volt=1.2500V,volt=1.2500V,volt=1.2250V
TIME:16:08:08
41856
cpu:average: 1.77, 1.78,,freq:frequency(48)=600000000,throttle_flag:throttled=0x50005,voltage:volt=1.2000V,volt=1.2500V,volt=1.2500V,volt=1.2250V
TIME:16:08:09
42932
cpu:average: 1.77, 1.78,,freq:frequency(48)=600000000,throttle_flag:throttled=0x50005,voltage:volt=1.2000V,volt=1.2500V,volt=1.2500V,volt=1.2250V
TIME:16:08:11
42932
cpu:average: 2.27, 1.88,,freq:frequency(48)=600000000,throttle_flag:throttled=0x50005,voltage:volt=1.2000V,volt=1.2500V,volt=1.2500V,volt=1.2250V
TIME:16:08:12
42932
cpu:average: 2.27, 1.88,,freq:frequency(48)=600000000,throttle_flag:throttled=0x50005,voltage:volt=1.2000V,volt=1.2500V,volt=1.2500V,volt=1.2250V
TIME:16:08:14
42932
cpu:average: 2.27, 1.88,,freq:frequency(48)=600000000,throttle_flag:throttled=0x50005,voltage:volt=1.2000V,volt=1.2500V,volt=1.2500V,volt=1.2250V
TIME:16:08:15
42932
cpu:average: 2.65, 1.97,,freq:frequency(48)=600000000,throttle_flag:throttled=0x50005,voltage:volt=1.2000V,volt=1.2500V,volt=1.2500V,volt=1.2250V
TIME:16:08:16
42932
cpu:average: 2.65, 1.97,,freq:frequency(48)=600000000,throttle_flag:throttled=0x50005,voltage:volt=1.2000V,volt=1.2500V,volt=1.2500V,volt=1.2250V
TIME:16:08:18
43470
cpu:average: 2.65, 1.97,,freq:frequency(48)=600000000,throttle_flag:throttled=0x50005,voltage:volt=1.2000V,volt=1.2500V,volt=1.2500V,volt=1.2250V
TIME:16:08:19
43470
cpu:average: 2.65, 1.97,,freq:frequency(48)=600000000,throttle_flag:throttled=0x50005,voltage:volt=1.2000V,volt=1.2500V,volt=1.2500V,volt=1.2250V
TIME:16:08:20
43470
cpu:average: 3.32, 2.12,,freq:frequency(48)=600000000,throttle_flag:throttled=0x50005,voltage:volt=1.2000V,volt=1.2500V,volt=1.2500V,volt=1.2250V
TIME:16:08:22
43470
cpu:average: 3.32, 2.12,,freq:frequency(48)=600000000,throttle_flag:throttled=0x50005,voltage:volt=1.2000V,volt=1.2500V,volt=1.2500V,volt=1.2250V
TIME:16:08:23
43470
cpu:average: 3.32, 2.12,,freq:frequency(48)=600000000,throttle_flag:throttled=0x50005,voltage:volt=1.2000V,volt=1.2500V,volt=1.2500V,volt=1.2250V
TIME:16:08:25
43470
cpu:average: 4.33, 2.35,,freq:frequency(48)=600000000,throttle_flag:throttled=0x50005,voltage:volt=1.2000V,volt=1.2500V,volt=1.2500V,volt=1.2250V
TIME:16:08:26
43470
cpu:average: 4.33, 2.35,,freq:frequency(48)=600000000,throttle_flag:throttled=0x50005,voltage:volt=1.2000V,volt=1.2500V,volt=1.2500V,volt=1.2250V
TIME:16:08:28
44008
cpu:average: 4.33, 2.35,,freq:frequency(48)=600000000,throttle_flag:throttled=0x50005,voltage:volt=1.2000V,volt=1.2500V,volt=1.2500V,volt=1.2250V
TIME:16:08:29
43470
cpu:average: 4.33, 2.35,,freq:frequency(48)=600000000,throttle_flag:throttled=0x50005,voltage:volt=1.2000V,volt=1.2500V,volt=1.2500V,volt=1.2250V
TIME:16:08:30
41856
cpu:average: 3.98, 2.31,,freq:frequency(48)=1400000000,throttle_flag:throttled=0x50000,voltage:volt=1.3250V,volt=1.2500V,volt=1.2500V,volt=1.2250V
TIME:16:08:31
42394
cpu:average: 3.98, 2.31,,freq:frequency(48)=1400000000,throttle_flag:throttled=0x50000,voltage:volt=1.3250V,volt=1.2500V,volt=1.2500V,volt=1.2250V
TIME:16:08:32
42394
cpu:average: 3.98, 2.31,,freq:frequency(48)=1400000000,throttle_flag:throttled=0x50000,voltage:volt=1.3250V,volt=1.2500V,volt=1.2500V,volt=1.2250V
TIME:16:08:33
41318
cpu:average: 3.98, 2.31,,freq:frequency(48)=1400000000,throttle_flag:throttled=0x50000,voltage:volt=1.3250V,volt=1.2500V,volt=1.2500V,volt=1.2250V
TIME:16:08:34
41856
cpu:average: 3.98, 2.31,,freq:frequency(48)=1400000000,throttle_flag:throttled=0x50000,voltage:volt=1.3250V,volt=1.2500V,volt=1.2500V,volt=1.2250V
TIME:16:08:35
40780
cpu:average: 3.66, 2.27,,freq:frequency(48)=600000000,throttle_flag:throttled=0x50000,voltage:volt=1.2313V,volt=1.2500V,volt=1.2500V,volt=1.2250V
TIME:16:08:37
40780
cpu:average: 3.66, 2.27,,freq:frequency(48)=600000000,throttle_flag:throttled=0x50000,voltage:volt=1.2313V,volt=1.2500V,volt=1.2500V,volt=1.2250V
TIME:16:08:38
40242
cpu:average: 3.66, 2.27,,freq:frequency(48)=600000000,throttle_flag:throttled=0x50000,voltage:volt=1.2313V,volt=1.2500V,volt=1.2500V,volt=1.2250V
TIME:16:08:39
40242
cpu:average: 3.66, 2.27,,freq:frequency(48)=600000000,throttle_flag:throttled=0x50000,voltage:volt=1.2313V,volt=1.2500V,volt=1.2500V,volt=1.2250V
TIME:16:08:40
39704
cpu:average: 3.37, 2.23,,freq:frequency(48)=600000000,throttle_flag:throttled=0x50000,voltage:volt=1.2313V,volt=1.2500V,volt=1.2500V,volt=1.2250V
TIME:16:08:41
40242
cpu:average: 3.37, 2.23,,freq:frequency(48)=600000000,throttle_flag:throttled=0x50000,voltage:volt=1.2313V,volt=1.2500V,volt=1.2500V,volt=1.2250V
TIME:16:08:42
39704
cpu:average: 3.37, 2.23,,freq:frequency(48)=800000000,throttle_flag:throttled=0x50000,voltage:volt=1.2313V,volt=1.2500V,volt=1.2500V,volt=1.2250V
TIME:16:08:43
39704
cpu:average: 3.37, 2.23,,freq:frequency(48)=800000000,throttle_flag:throttled=0x50000,voltage:volt=1.2313V,volt=1.2500V,volt=1.2500V,volt=1.2250V
TIME:16:08:44
39704
cpu:average: 3.37, 2.23,,freq:frequency(48)=800000000,throttle_flag:throttled=0x50000,voltage:volt=1.2313V,volt=1.2500V,volt=1.2500V,volt=1.2250V
TIME:16:08:46
38628
cpu:average: 3.10, 2.20,,freq:frequency(48)=700000000,throttle_flag:throttled=0x50000,voltage:volt=1.2313V,volt=1.2500V,volt=1.2500V,volt=1.2250V
TIME:16:08:47
39704
cpu:average: 3.10, 2.20,,freq:frequency(48)=800000000,throttle_flag:throttled=0x50000,voltage:volt=1.2313V,volt=1.2500V,volt=1.2500V,volt=1.2250V
TIME:16:08:48
39704
cpu:average: 3.10, 2.20,,freq:frequency(48)=800000000,throttle_flag:throttled=0x50000,voltage:volt=1.2313V,volt=1.2500V,volt=1.2500V,volt=1.2250V
TIME:16:08:49
39704
cpu:average: 3.10, 2.20,,freq:frequency(48)=700000000,throttle_flag:throttled=0x50000,voltage:volt=1.2313V,volt=1.2500V,volt=1.2500V,volt=1.2250V
TIME:16:08:50
39704
cpu:average: 2.85, 2.16,,freq:frequency(48)=700000000,throttle_flag:throttled=0x50000,voltage:volt=1.2313V,volt=1.2500V,volt=1.2500V,volt=1.2250V
TIME:16:08:51
39166
cpu:average: 2.85, 2.16,,freq:frequency(48)=800000000,throttle_flag:throttled=0x50000,voltage:volt=1.2313V,volt=1.2500V,volt=1.2500V,volt=1.2250V
TIME:16:08:52
40780
cpu:average: 2.85, 2.16,,freq:frequency(48)=600000000,throttle_flag:throttled=0x50005,voltage:volt=1.2000V,volt=1.2500V,volt=1.2500V,volt=1.2250V
TIME:16:08:54
41318
cpu:average: 2.85, 2.16,,freq:frequency(48)=600000000,throttle_flag:throttled=0x50005,voltage:volt=1.2000V,volt=1.2500V,volt=1.2500V,volt=1.2250V
TIME:16:08:55
40780
cpu:average: 3.18, 2.24,,freq:frequency(48)=600000000,throttle_flag:throttled=0x50005,voltage:volt=1.2000V,volt=1.2500V,volt=1.2500V,volt=1.2250V
TIME:16:08:57
42394
cpu:average: 3.18, 2.24,,freq:frequency(48)=600000000,throttle_flag:throttled=0x50005,voltage:volt=1.2000V,volt=1.2500V,volt=1.2500V,volt=1.2250V
TIME:16:08:58
43470
cpu:average: 3.18, 2.24,,freq:frequency(48)=600000000,throttle_flag:throttled=0x50005,voltage:volt=1.2000V,volt=1.2500V,volt=1.2500V,volt=1.2250V
TIME:16:09:00
43470
cpu:average: 3.18, 2.24,,freq:frequency(48)=600000000,throttle_flag:throttled=0x50005,voltage:volt=1.2000V,volt=1.2500V,volt=1.2500V,volt=1.2250V
TIME:16:09:01
42932
cpu:average: 3.57, 2.34,,freq:frequency(48)=600000000,throttle_flag:throttled=0x50005,voltage:volt=1.2000V,volt=1.2500V,volt=1.2500V,volt=1.2250V
TIME:16:09:02
41856
cpu:average: 3.57, 2.34,,freq:frequency(48)=600000000,throttle_flag:throttled=0x50005,voltage:volt=1.2000V,volt=1.2500V,volt=1.2500V,volt=1.2250V
TIME:16:09:04
42932
cpu:average: 3.57, 2.34,,freq:frequency(48)=600000000,throttle_flag:throttled=0x50005,voltage:volt=1.2000V,volt=1.2500V,volt=1.2500V,volt=1.2250V
TIME:16:09:05
42932
cpu:average: 3.85, 2.41,,freq:frequency(48)=600000000,throttle_flag:throttled=0x50005,voltage:volt=1.2000V,volt=1.2500V,volt=1.2500V,volt=1.2250V
TIME:16:09:07
42932
cpu:average: 3.85, 2.41,,freq:frequency(48)=1400000000,throttle_flag:throttled=0x50005,voltage:volt=1.2000V,volt=1.2500V,volt=1.2500V,volt=1.2250V
TIME:16:09:08
43470
cpu:average: 3.85, 2.41,,freq:frequency(48)=600000000,throttle_flag:throttled=0x50005,voltage:volt=1.2000V,volt=1.2500V,volt=1.2500V,volt=1.2250V
TIME:16:09:09
42932
cpu:average: 3.85, 2.41,,freq:frequency(48)=600000000,throttle_flag:throttled=0x50005,voltage:volt=1.2000V,volt=1.2500V,volt=1.2500V,volt=1.2250V
TIME:16:09:11
44008
cpu:average: 4.10, 2.49,,freq:frequency(48)=600000000,throttle_flag:throttled=0x50005,voltage:volt=1.2000V,volt=1.2500V,volt=1.2500V,volt=1.2250V
TIME:16:09:12
44008
cpu:average: 4.10, 2.49,,freq:frequency(48)=600000000,throttle_flag:throttled=0x50005,voltage:volt=1.2000V,volt=1.2500V,volt=1.2500V,volt=1.2250V
TIME:16:09:14
42932
cpu:average: 4.10, 2.49,,freq:frequency(48)=600000000,throttle_flag:throttled=0x50005,voltage:volt=1.2000V,volt=1.2500V,volt=1.2500V,volt=1.2250V
TIME:16:09:15
44008
cpu:average: 4.09, 2.52,,freq:frequency(48)=1400000000,throttle_flag:throttled=0x50000,voltage:volt=1.2000V,volt=1.2500V,volt=1.2500V,volt=1.2250V
TIME:16:09:16
44008
cpu:average: 4.09, 2.52,,freq:frequency(48)=600000000,throttle_flag:throttled=0x50005,voltage:volt=1.2000V,volt=1.2500V,volt=1.2500V,volt=1.2250V
TIME:16:09:18
44008
cpu:average: 4.09, 2.52,,freq:frequency(48)=600000000,throttle_flag:throttled=0x50005,voltage:volt=1.2000V,volt=1.2500V,volt=1.2500V,volt=1.2250V
TIME:16:09:19
44008
cpu:average: 4.09, 2.52,,freq:frequency(48)=600000000,throttle_flag:throttled=0x50005,voltage:volt=1.2000V,volt=1.2500V,volt=1.2500V,volt=1.2250V
TIME:16:09:21
44008
cpu:average: 4.40, 2.61,,freq:frequency(48)=600000000,throttle_flag:throttled=0x50005,voltage:volt=1.2000V,volt=1.2500V,volt=1.2500V,volt=1.2250V
TIME:16:09:22
44546
cpu:average: 4.40, 2.61,,freq:frequency(48)=600000000,throttle_flag:throttled=0x50005,voltage:volt=1.2000V,volt=1.2500V,volt=1.2500V,volt=1.2250V
TIME:16:09:24
44008
cpu:average: 4.40, 2.61,,freq:frequency(48)=1400000000,throttle_flag:throttled=0x50000,voltage:volt=1.3250V,volt=1.2500V,volt=1.2500V,volt=1.2250V
TIME:16:09:25
44008
cpu:average: 4.40, 2.61,,freq:frequency(48)=600000000,throttle_flag:throttled=0x50005,voltage:volt=1.2000V,volt=1.2500V,volt=1.2500V,volt=1.2250V
TIME:16:09:26
44546
cpu:average: 4.93, 2.75,,freq:frequency(48)=600000000,throttle_flag:throttled=0x50005,voltage:volt=1.2000V,volt=1.2500V,volt=1.2500V,volt=1.2250V
TIME:16:09:28
44546
cpu:4.93, 2.75, 1.52,freq:frequency(48)=600000000,throttle_flag:throttled=0x50005,voltage:volt=1.2000V,volt=1.2500V,volt=1.2500V,volt=1.2250V
TIME:16:09:29
44008
cpu:4.93, 2.75, 1.52,freq:frequency(48)=1400000000,throttle_flag:throttled=0x50000,voltage:volt=1.3250V,volt=1.2500V,volt=1.2500V,volt=1.2250V
TIME:16:09:30
44008
cpu:4.62, 2.72, 1.52,freq:frequency(48)=600000000,throttle_flag:throttled=0x50005,voltage:volt=1.2000V,volt=1.2500V,volt=1.2500V,volt=1.2250V
TIME:16:09:31
43470
cpu:4.62, 2.72, 1.52,freq:frequency(48)=1399998000,throttle_flag:throttled=0x50000,voltage:volt=1.3250V,volt=1.2500V,volt=1.2500V,volt=1.2250V
TIME:16:09:32
42932
cpu:4.62, 2.72, 1.52,freq:frequency(48)=1399998000,throttle_flag:throttled=0x50000,voltage:volt=1.3250V,volt=1.2500V,volt=1.2500V,volt=1.2250V
TIME:16:09:34
42932
cpu:4.62, 2.72, 1.52,freq:frequency(48)=1400000000,throttle_flag:throttled=0x50000,voltage:volt=1.3250V,volt=1.2500V,volt=1.2500V,volt=1.2250V
TIME:16:09:35
42932
cpu:4.62, 2.72, 1.52,freq:frequency(48)=1400000000,throttle_flag:throttled=0x50000,voltage:volt=1.3250V,volt=1.2500V,volt=1.2500V,volt=1.2250V
TIME:16:09:36
41856
cpu:4.25, 2.67, 1.51,freq:frequency(48)=1400000000,throttle_flag:throttled=0x50000,voltage:volt=1.3250V,volt=1.2500V,volt=1.2500V,volt=1.2250V
TIME:16:09:37
41856
cpu:4.25, 2.67, 1.51,freq:frequency(48)=700000000,throttle_flag:throttled=0x50000,voltage:volt=1.2313V,volt=1.2500V,volt=1.2500V,volt=1.2250V
TIME:16:09:38
40780
cpu:4.25, 2.67, 1.51,freq:frequency(48)=700000000,throttle_flag:throttled=0x50000,voltage:volt=1.2313V,volt=1.2500V,volt=1.2500V,volt=1.2250V
TIME:16:09:39
40780
cpu:4.25, 2.67, 1.51,freq:frequency(48)=800000000,throttle_flag:throttled=0x50000,voltage:volt=1.2313V,volt=1.2500V,volt=1.2500V,volt=1.2250V
TIME:16:09:40
40780
cpu:3.91, 2.63, 1.50,freq:frequency(48)=700000000,throttle_flag:throttled=0x50000,voltage:volt=1.2313V,volt=1.2500V,volt=1.2500V,volt=1.2250V
TIME:16:09:41
40780
cpu:3.91, 2.63, 1.50,freq:frequency(48)=600000000,throttle_flag:throttled=0x50000,voltage:volt=1.2313V,volt=1.2500V,volt=1.2500V,volt=1.2250V
TIME:16:09:42
40780
cpu:3.91, 2.63, 1.50,freq:frequency(48)=600000000,throttle_flag:throttled=0x50000,voltage:volt=1.2313V,volt=1.2500V,volt=1.2500V,volt=1.2250V
TIME:16:09:44
40780
cpu:3.91, 2.63, 1.50,freq:frequency(48)=600000000,throttle_flag:throttled=0x50000,voltage:volt=1.2313V,volt=1.2500V,volt=1.2500V,volt=1.2250V
TIME:16:09:45
39704
cpu:3.91, 2.63, 1.50,freq:frequency(48)=600000000,throttle_flag:throttled=0x50000,voltage:volt=1.2313V,volt=1.2500V,volt=1.2500V,volt=1.2250V
TIME:16:09:46
40242
cpu:3.59, 2.58, 1.49,freq:frequency(48)=800000000,throttle_flag:throttled=0x50000,voltage:volt=1.2313V,volt=1.2500V,volt=1.2500V,volt=1.2250V
TIME:16:09:47
40242
cpu:3.59, 2.58, 1.49,freq:frequency(48)=700000000,throttle_flag:throttled=0x50000,voltage:volt=1.2313V,volt=1.2500V,volt=1.2500V,volt=1.2250V
TIME:16:09:48
39704
cpu:3.59, 2.58, 1.49,freq:frequency(48)=700000000,throttle_flag:throttled=0x50000,voltage:volt=1.2313V,volt=1.2500V,volt=1.2500V,volt=1.2250V
TIME:16:09:49
39704
cpu:3.59, 2.58, 1.49,freq:frequency(48)=700000000,throttle_flag:throttled=0x50000,voltage:volt=1.2313V,volt=1.2500V,volt=1.2500V,volt=1.2250V
TIME:16:09:50
40242
cpu:3.39, 2.56, 1.49,freq:frequency(48)=700000000,throttle_flag:throttled=0x50000,voltage:volt=1.2313V,volt=1.2500V,volt=1.2500V,volt=1.2250V
TIME:16:09:51
39704
cpu:3.39, 2.56, 1.49,freq:frequency(48)=700000000,throttle_flag:throttled=0x50000,voltage:volt=1.2313V,volt=1.2500V,volt=1.2500V,volt=1.2250V
TIME:16:09:52
40242
cpu:3.39, 2.56, 1.49,freq:frequency(48)=1400002000,throttle_flag:throttled=0x50000,voltage:volt=1.3250V,volt=1.2500V,volt=1.2500V,volt=1.2250V
TIME:16:09:54
40780
cpu:3.39, 2.56, 1.49,freq:frequency(48)=600000000,throttle_flag:throttled=0x50005,voltage:volt=1.2000V,volt=1.2500V,volt=1.2500V,volt=1.2250V
TIME:16:09:55
41318
cpu:4.16, 2.73, 1.55,freq:frequency(48)=600000000,throttle_flag:throttled=0x50005,voltage:volt=1.2000V,volt=1.2500V,volt=1.2500V,volt=1.2250V
TIME:16:09:57
41856
cpu:4.16, 2.73, 1.55,freq:frequency(48)=600000000,throttle_flag:throttled=0x50005,voltage:volt=1.2000V,volt=1.2500V,volt=1.2500V,volt=1.2250V
TIME:16:09:58
42932
cpu:4.16, 2.73, 1.55,freq:frequency(48)=600000000,throttle_flag:throttled=0x50005,voltage:volt=1.2000V,volt=1.2500V,volt=1.2500V,volt=1.2250V
TIME:16:10:00
42932
cpu:4.16, 2.73, 1.55,freq:frequency(48)=600000000,throttle_flag:throttled=0x50005,voltage:volt=1.2000V,volt=1.2500V,volt=1.2500V,volt=1.2250V
TIME:16:10:01
42932
cpu:4.46, 2.82, 1.59,freq:frequency(48)=600000000,throttle_flag:throttled=0x50005,voltage:volt=1.2000V,volt=1.2500V,volt=1.2500V,volt=1.2250V
TIME:16:10:02
44008
cpu:4.46, 2.82, 1.59,freq:frequency(48)=600000000,throttle_flag:throttled=0x50005,voltage:volt=1.2000V,volt=1.2500V,volt=1.2500V,volt=1.2250V
TIME:16:10:04
43470
cpu:4.46, 2.82, 1.59,freq:frequency(48)=600000000,throttle_flag:throttled=0x50005,voltage:volt=1.2000V,volt=1.2500V,volt=1.2500V,volt=1.2250V
TIME:16:10:05
43470
cpu:4.43, 2.84, 1.60,freq:frequency(48)=600000000,throttle_flag:throttled=0x50005,voltage:volt=1.2000V,volt=1.2500V,volt=1.2500V,volt=1.2250V
TIME:16:10:06
43470
cpu:4.43, 2.84, 1.60,freq:frequency(48)=600000000,throttle_flag:throttled=0x50005,voltage:volt=1.2000V,volt=1.2500V,volt=1.2500V,volt=1.2250V
TIME:16:10:08
44008
cpu:4.43, 2.84, 1.60,freq:frequency(48)=600000000,throttle_flag:throttled=0x50005,voltage:volt=1.2000V,volt=1.2500V,volt=1.2500V,volt=1.2250V
TIME:16:10:09
44008
cpu:4.43, 2.84, 1.60,freq:frequency(48)=600000000,throttle_flag:throttled=0x50005,voltage:volt=1.2000V,volt=1.2500V,volt=1.2500V,volt=1.2250V
TIME:16:10:11
44546
cpu:4.63, 2.91, 1.63,freq:frequency(48)=600000000,throttle_flag:throttled=0x50005,voltage:volt=1.2000V,volt=1.2500V,volt=1.2500V,volt=1.2250V
TIME:16:10:12
44546
cpu:4.63, 2.91, 1.63,freq:frequency(48)=600000000,throttle_flag:throttled=0x50005,voltage:volt=1.2000V,volt=1.2500V,volt=1.2500V,volt=1.2250V
TIME:16:10:13
44546
cpu:4.63, 2.91, 1.63,freq:frequency(48)=600000000,throttle_flag:throttled=0x50005,voltage:volt=1.2000V,volt=1.2500V,volt=1.2500V,volt=1.2250V
TIME:16:10:15
44546
cpu:4.63, 2.91, 1.63,freq:frequency(48)=600000000,throttle_flag:throttled=0x50005,voltage:volt=1.2000V,volt=1.2500V,volt=1.2500V,volt=1.2250V
TIME:16:10:16
44008
cpu:5.14, 3.04, 1.68,freq:frequency(48)=600000000,throttle_flag:throttled=0x50005,voltage:volt=1.2000V,volt=1.2500V,volt=1.2500V,volt=1.2250V
TIME:16:10:18
44008
cpu:5.14, 3.04, 1.68,freq:frequency(48)=600000000,throttle_flag:throttled=0x50005,voltage:volt=1.2000V,volt=1.2500V,volt=1.2500V,volt=1.2250V
TIME:16:10:19
44008
cpu:5.14, 3.04, 1.68,freq:frequency(48)=600000000,throttle_flag:throttled=0x50005,voltage:volt=1.2000V,volt=1.2500V,volt=1.2500V,volt=1.2250V
TIME:16:10:20
44546
cpu:5.53, 3.16, 1.73,freq:frequency(48)=600000000,throttle_flag:throttled=0x50005,voltage:volt=1.2000V,volt=1.2500V,volt=1.2500V,volt=1.2250V
TIME:16:10:22
44008
cpu:5.53, 3.16, 1.73,freq:frequency(48)=600000000,throttle_flag:throttled=0x50005,voltage:volt=1.2000V,volt=1.2500V,volt=1.2500V,volt=1.2250V
TIME:16:10:23
44008
cpu:5.53, 3.16, 1.73,freq:frequency(48)=600000000,throttle_flag:throttled=0x50005,voltage:volt=1.2000V,volt=1.2500V,volt=1.2500V,volt=1.2250V
TIME:16:10:25
44008
cpu:6.21, 3.34, 1.79,freq:frequency(48)=600000000,throttle_flag:throttled=0x50005,voltage:volt=1.2000V,volt=1.2500V,volt=1.2500V,volt=1.2250V
TIME:16:10:26
44546
cpu:6.21, 3.34, 1.79,freq:frequency(48)=600000000,throttle_flag:throttled=0x50005,voltage:volt=1.2000V,volt=1.2500V,volt=1.2500V,volt=1.2250V
TIME:16:10:28
45084
cpu:6.21, 3.34, 1.79,freq:frequency(48)=600000000,throttle_flag:throttled=0x50005,voltage:volt=1.2000V,volt=1.2500V,volt=1.2500V,volt=1.2250V
TIME:16:10:29
45084
cpu:6.21, 3.34, 1.79,freq:frequency(48)=600000000,throttle_flag:throttled=0x50005,voltage:volt=1.2000V,volt=1.2500V,volt=1.2500V,volt=1.2250V
TIME:16:10:31
44546
cpu:5.95, 3.33, 1.80,freq:frequency(48)=600000000,throttle_flag:throttled=0x50005,voltage:volt=1.2000V,volt=1.2500V,volt=1.2500V,volt=1.2250V
TIME:16:10:32
43470
cpu:5.95, 3.33, 1.80,freq:frequency(48)=600000000,throttle_flag:throttled=0x50005,voltage:volt=1.2000V,volt=1.2500V,volt=1.2500V,volt=1.2250V
TIME:16:10:33
43470
cpu:5.95, 3.33, 1.80,freq:frequency(48)=1400000000,throttle_flag:throttled=0x50000,voltage:volt=1.3250V,volt=1.2500V,volt=1.2500V,volt=1.2250V
TIME:16:10:34
42932
cpu:5.95, 3.33, 1.80,freq:frequency(48)=1400000000,throttle_flag:throttled=0x50000,voltage:volt=1.3250V,volt=1.2500V,volt=1.2500V,volt=1.2250V
TIME:16:10:35
42932
cpu:5.56, 3.29, 1.80,freq:frequency(48)=1400002000,throttle_flag:throttled=0x50000,voltage:volt=1.3250V,volt=1.2500V,volt=1.2500V,volt=1.2250V
TIME:16:10:36
42932
cpu:5.56, 3.29, 1.80,freq:frequency(48)=1400000000,throttle_flag:throttled=0x50000,voltage:volt=1.3250V,volt=1.2500V,volt=1.2500V,volt=1.2250V
TIME:16:10:37
42932
cpu:5.56, 3.29, 1.80,freq:frequency(48)=1400000000,throttle_flag:throttled=0x50000,voltage:volt=1.3250V,volt=1.2500V,volt=1.2500V,volt=1.2250V
TIME:16:10:38
42394
cpu:5.56, 3.29, 1.80,freq:frequency(48)=800000000,throttle_flag:throttled=0x50000,voltage:volt=1.2313V,volt=1.2500V,volt=1.2500V,volt=1.2250V
TIME:16:10:39
41856
cpu:5.56, 3.29, 1.80,freq:frequency(48)=800000000,throttle_flag:throttled=0x50000,voltage:volt=1.2313V,volt=1.2500V,volt=1.2500V,volt=1.2250V
TIME:16:10:41
41318
cpu:5.11, 3.24, 1.79,freq:frequency(48)=800000000,throttle_flag:throttled=0x50000,voltage:volt=1.2313V,volt=1.2500V,volt=1.2500V,volt=1.2250V
TIME:16:10:42
41318
cpu:5.11, 3.24, 1.79,freq:frequency(48)=700000000,throttle_flag:throttled=0x50000,voltage:volt=1.2313V,volt=1.2500V,volt=1.2500V,volt=1.2250V
TIME:16:10:43
40780
cpu:5.11, 3.24, 1.79,freq:frequency(48)=700000000,throttle_flag:throttled=0x50000,voltage:volt=1.2313V,volt=1.2500V,volt=1.2500V,volt=1.2250V
TIME:16:10:44
40780
cpu:5.11, 3.24, 1.79,freq:frequency(48)=700000000,throttle_flag:throttled=0x50000,voltage:volt=1.2313V,volt=1.2500V,volt=1.2500V,volt=1.2250V
TIME:16:10:45
40780
cpu:4.70, 3.18, 1.78,freq:frequency(48)=700000000,throttle_flag:throttled=0x50000,voltage:volt=1.2313V,volt=1.2500V,volt=1.2500V,volt=1.2250V
TIME:16:10:46
40780
cpu:4.70, 3.18, 1.78,freq:frequency(48)=700000000,throttle_flag:throttled=0x50000,voltage:volt=1.2313V,volt=1.2500V,volt=1.2500V,volt=1.2250V
TIME:16:10:47
40780
cpu:4.70, 3.18, 1.78,freq:frequency(48)=700000000,throttle_flag:throttled=0x50000,voltage:volt=1.2313V,volt=1.2500V,volt=1.2500V,volt=1.2250V
TIME:16:10:48
40780
cpu:4.70, 3.18, 1.78,freq:frequency(48)=800000000,throttle_flag:throttled=0x50000,voltage:volt=1.2313V,volt=1.2500V,volt=1.2500V,volt=1.2250V
TIME:16:10:49
40780
cpu:4.70, 3.18, 1.78,freq:frequency(48)=700000000,throttle_flag:throttled=0x50000,voltage:volt=1.2313V,volt=1.2500V,volt=1.2500V,volt=1.2250V
TIME:16:10:51
40780
cpu:4.32, 3.13, 1.77,freq:frequency(48)=600000000,throttle_flag:throttled=0x50000,voltage:volt=1.2313V,volt=1.2500V,volt=1.2500V,volt=1.2250V
TIME:16:10:52
40242
cpu:4.32, 3.13, 1.77,freq:frequency(48)=600000000,throttle_flag:throttled=0x50000,voltage:volt=1.2313V,volt=1.2500V,volt=1.2500V,volt=1.2250V
TIME:16:10:53
40780
cpu:4.32, 3.13, 1.77,freq:frequency(48)=600000000,throttle_flag:throttled=0x50000,voltage:volt=1.2313V,volt=1.2500V,volt=1.2500V,volt=1.2250V
TIME:16:10:54
39704
cpu:4.32, 3.13, 1.77,freq:frequency(48)=600000000,throttle_flag:throttled=0x50000,voltage:volt=1.2313V,volt=1.2500V,volt=1.2500V,volt=1.2250V
TIME:16:10:55
39704
cpu:3.98, 3.08, 1.76,freq:frequency(48)=600000000,throttle_flag:throttled=0x50000,voltage:volt=1.2313V,volt=1.2500V,volt=1.2500V,volt=1.2250V
TIME:16:10:56
40242
cpu:3.98, 3.08, 1.76,freq:frequency(48)=600000000,throttle_flag:throttled=0x50000,voltage:volt=1.2313V,volt=1.2500V,volt=1.2500V,volt=1.2250V
TIME:16:10:57
39704
cpu:3.98, 3.08, 1.76,freq:frequency(48)=600000000,throttle_flag:throttled=0x50000,voltage:volt=1.2313V,volt=1.2500V,volt=1.2500V,volt=1.2250V
TIME:16:10:58
39704
cpu:3.98, 3.08, 1.76,freq:frequency(48)=800000000,throttle_flag:throttled=0x50000,voltage:volt=1.2313V,volt=1.2500V,volt=1.2500V,volt=1.2250V
TIME:16:11:00
39704
cpu:3.98, 3.08, 1.76,freq:frequency(48)=600000000,throttle_flag:throttled=0x50000,voltage:volt=1.2313V,volt=1.2500V,volt=1.2500V,volt=1.2250V
TIME:16:11:01
39166
cpu:3.66, 3.03, 1.75,freq:frequency(48)=800000000,throttle_flag:throttled=0x50000,voltage:volt=1.2313V,volt=1.2500V,volt=1.2500V,volt=1.2250V
TIME:16:11:02
39704
cpu:3.66, 3.03, 1.75,freq:frequency(48)=800000000,throttle_flag:throttled=0x50000,voltage:volt=1.2313V,volt=1.2500V,volt=1.2500V,volt=1.2250V
TIME:16:11:03
39704
cpu:3.66, 3.03, 1.75,freq:frequency(48)=900000000,throttle_flag:throttled=0x50000,voltage:volt=1.2313V,volt=1.2500V,volt=1.2500V,volt=1.2250V
TIME:16:11:04
39704
cpu:3.66, 3.03, 1.75,freq:frequency(48)=800000000,throttle_flag:throttled=0x50000,voltage:volt=1.2313V,volt=1.2500V,volt=1.2500V,volt=1.2250V
TIME:16:11:05
39704
cpu:3.37, 2.98, 1.74,freq:frequency(48)=800000000,throttle_flag:throttled=0x50000,voltage:volt=1.2313V,volt=1.2500V,volt=1.2500V,volt=1.2250V
TIME:16:11:06
39704
cpu:3.37, 2.98, 1.74,freq:frequency(48)=700000000,throttle_flag:throttled=0x50000,voltage:volt=1.2313V,volt=1.2500V,volt=1.2500V,volt=1.2250V
TIME:16:11:07
39704
cpu:3.37, 2.98, 1.74,freq:frequency(48)=700000000,throttle_flag:throttled=0x50000,voltage:volt=1.2313V,volt=1.2500V,volt=1.2500V,volt=1.2250V
TIME:16:11:08
40242
cpu:3.37, 2.98, 1.74,freq:frequency(48)=700000000,throttle_flag:throttled=0x50000,voltage:volt=1.2313V,volt=1.2500V,volt=1.2500V,volt=1.2250V
TIME:16:11:10
39704
cpu:3.37, 2.98, 1.74,freq:frequency(48)=700000000,throttle_flag:throttled=0x50000,voltage:volt=1.2313V,volt=1.2500V,volt=1.2500V,volt=1.2250V
TIME:16:11:11
39704
cpu:3.10, 2.93, 1.73,freq:frequency(48)=700000000,throttle_flag:throttled=0x50000,voltage:volt=1.2313V,volt=1.2500V,volt=1.2500V,volt=1.2250V
TIME:16:11:12
39166
cpu:3.10, 2.93, 1.73,freq:frequency(48)=700002000,throttle_flag:throttled=0x50000,voltage:volt=1.2313V,volt=1.2500V,volt=1.2500V,volt=1.2250V
TIME:16:11:13
39704
cpu:3.10, 2.93, 1.73,freq:frequency(48)=700000000,throttle_flag:throttled=0x50000,voltage:volt=1.2313V,volt=1.2500V,volt=1.2500V,volt=1.2250V
TIME:16:11:14
39166
cpu:3.10, 2.93, 1.73,freq:frequency(48)=700000000,throttle_flag:throttled=0x50000,voltage:volt=1.2313V,volt=1.2500V,volt=1.2500V,volt=1.2250V
TIME:16:11:15
39166
cpu:2.93, 2.90, 1.72,freq:frequency(48)=800000000,throttle_flag:throttled=0x50000,voltage:volt=1.2313V,volt=1.2500V,volt=1.2500V,volt=1.2250V
TIME:16:11:16
39166
cpu:2.93, 2.90, 1.72,freq:frequency(48)=700000000,throttle_flag:throttled=0x50000,voltage:volt=1.2313V,volt=1.2500V,volt=1.2500V,volt=1.2250V
TIME:16:11:17
39166
cpu:2.93, 2.90, 1.72,freq:frequency(48)=600000000,throttle_flag:throttled=0x50000,voltage:volt=1.2313V,volt=1.2500V,volt=1.2500V,volt=1.2250V
TIME:16:11:18
39704
cpu:2.93, 2.90, 1.72,freq:frequency(48)=600000000,throttle_flag:throttled=0x50000,voltage:volt=1.2313V,volt=1.2500V,volt=1.2500V,volt=1.2250V
TIME:16:11:20
39166
cpu:2.93, 2.90, 1.72,freq:frequency(48)=600000000,throttle_flag:throttled=0x50000,voltage:volt=1.2313V,volt=1.2500V,volt=1.2500V,volt=1.2250V
TIME:16:11:21
39166
cpu:2.77, 2.86, 1.72,freq:frequency(48)=600000000,throttle_flag:throttled=0x50000,voltage:volt=1.2313V,volt=1.2500V,volt=1.2500V,volt=1.2250V
TIME:16:11:22
39166
cpu:2.77, 2.86, 1.72,freq:frequency(48)=600000000,throttle_flag:throttled=0x50000,voltage:volt=1.2313V,volt=1.2500V,volt=1.2500V,volt=1.2250V
TIME:16:11:23
39166
cpu:2.77, 2.86, 1.72,freq:frequency(48)=600000000,throttle_flag:throttled=0x50000,voltage:volt=1.2313V,volt=1.2500V,volt=1.2500V,volt=1.2250V
TIME:16:11:24
39166
cpu:2.77, 2.86, 1.72,freq:frequency(48)=800000000,throttle_flag:throttled=0x50000,voltage:volt=1.2313V,volt=1.2500V,volt=1.2500V,volt=1.2250V
TIME:16:11:25
39704
cpu:2.55, 2.82, 1.71,freq:frequency(48)=800000000,throttle_flag:throttled=0x50000,voltage:volt=1.2313V,volt=1.2500V,volt=1.2500V,volt=1.2250V
TIME:16:11:26
38628
cpu:2.55, 2.82, 1.71,freq:frequency(48)=800000000,throttle_flag:throttled=0x50000,voltage:volt=1.2313V,volt=1.2500V,volt=1.2500V,volt=1.2250V
TIME:16:11:27
39166
cpu:2.55, 2.82, 1.71,freq:frequency(48)=800000000,throttle_flag:throttled=0x50000,voltage:volt=1.2313V,volt=1.2500V,volt=1.2500V,volt=1.2250V
TIME:16:11:28
39704
cpu:2.55, 2.82, 1.71,freq:frequency(48)=800000000,throttle_flag:throttled=0x50000,voltage:volt=1.2313V,volt=1.2500V,volt=1.2500V,volt=1.2250V
TIME:16:11:30
39704
cpu:2.55, 2.82, 1.71,freq:frequency(48)=800000000,throttle_flag:throttled=0x50000,voltage:volt=1.2313V,volt=1.2500V,volt=1.2500V,volt=1.2250V
TIME:16:11:31
38628
cpu:2.35, 2.77, 1.70,freq:frequency(48)=800000000,throttle_flag:throttled=0x50000,voltage:volt=1.2313V,volt=1.2500V,volt=1.2500V,volt=1.2250V
TIME:16:11:32
39166
cpu:2.35, 2.77, 1.70,freq:frequency(48)=800000000,throttle_flag:throttled=0x50000,voltage:volt=1.2313V,volt=1.2500V,volt=1.2500V,volt=1.2250V
TIME:16:11:33
39166
cpu:2.35, 2.77, 1.70,freq:frequency(48)=700000000,throttle_flag:throttled=0x50000,voltage:volt=1.2313V,volt=1.2500V,volt=1.2500V,volt=1.2250V
TIME:16:11:34
39166
cpu:2.35, 2.77, 1.70,freq:frequency(48)=700000000,throttle_flag:throttled=0x50000,voltage:volt=1.2313V,volt=1.2500V,volt=1.2500V,volt=1.2250V
TIME:16:11:35
39166
cpu:2.16, 2.72, 1.69,freq:frequency(48)=700000000,throttle_flag:throttled=0x50000,voltage:volt=1.2313V,volt=1.2500V,volt=1.2500V,volt=1.2250V
TIME:16:11:36
39166
cpu:2.16, 2.72, 1.69,freq:frequency(48)=600000000,throttle_flag:throttled=0x50000,voltage:volt=1.2313V,volt=1.2500V,volt=1.2500V,volt=1.2250V
TIME:16:11:37
38628
cpu:2.16, 2.72, 1.69,freq:frequency(48)=600000000,throttle_flag:throttled=0x50000,voltage:volt=1.2313V,volt=1.2500V,volt=1.2500V,volt=1.2250V
TIME:16:11:39
39166
cpu:2.16, 2.72, 1.69,freq:frequency(48)=800000000,throttle_flag:throttled=0x50000,voltage:volt=1.2313V,volt=1.2500V,volt=1.2500V,volt=1.2250V
TIME:16:11:40
38628
cpu:2.16, 2.72, 1.69,freq:frequency(48)=800000000,throttle_flag:throttled=0x50000,voltage:volt=1.2313V,volt=1.2500V,volt=1.2500V,volt=1.2250V
TIME:16:11:41
39166
cpu:1.99, 2.68, 1.68,freq:frequency(48)=800000000,throttle_flag:throttled=0x50000,voltage:volt=1.2313V,volt=1.2500V,volt=1.2500V,volt=1.2250V
TIME:16:11:42
39166
cpu:1.99, 2.68, 1.68,freq:frequency(48)=800000000,throttle_flag:throttled=0x50000,voltage:volt=1.2313V,volt=1.2500V,volt=1.2500V,volt=1.2250V
TIME:16:11:43
38628
cpu:1.99, 2.68, 1.68,freq:frequency(48)=800000000,throttle_flag:throttled=0x50000,voltage:volt=1.2313V,volt=1.2500V,volt=1.2500V,volt=1.2250V
TIME:16:11:44
38628
cpu:1.99, 2.68, 1.68,freq:frequency(48)=700000000,throttle_flag:throttled=0x50000,voltage:volt=1.2313V,volt=1.2500V,volt=1.2500V,volt=1.2250V
TIME:16:11:45
38628
cpu:1.83, 2.63, 1.67,freq:frequency(48)=700000000,throttle_flag:throttled=0x50000,voltage:volt=1.2313V,volt=1.2500V,volt=1.2500V,volt=1.2250V
TIME:16:11:46
38628
cpu:1.83, 2.63, 1.67,freq:frequency(48)=600000000,throttle_flag:throttled=0x50000,voltage:volt=1.2313V,volt=1.2500V,volt=1.2500V,volt=1.2250V
TIME:16:11:48
39166
cpu:1.83, 2.63, 1.67,freq:frequency(48)=600000000,throttle_flag:throttled=0x50000,voltage:volt=1.2313V,volt=1.2500V,volt=1.2500V,volt=1.2250V
TIME:16:11:49
38628
cpu:1.83, 2.63, 1.67,freq:frequency(48)=600000000,throttle_flag:throttled=0x50000,voltage:volt=1.2313V,volt=1.2500V,volt=1.2500V,volt=1.2250V
TIME:16:11:50
38628
cpu:1.83, 2.63, 1.67,freq:frequency(48)=600000000,throttle_flag:throttled=0x50000,voltage:volt=1.2313V,volt=1.2500V,volt=1.2500V,volt=1.2250V
TIME:16:11:51
38628
cpu:1.76, 2.61, 1.67,freq:frequency(48)=800000000,throttle_flag:throttled=0x50000,voltage:volt=1.2313V,volt=1.2500V,volt=1.2500V,volt=1.2250V
TIME:16:11:52
38628
cpu:1.76, 2.61, 1.67,freq:frequency(48)=800000000,throttle_flag:throttled=0x50000,voltage:volt=1.2313V,volt=1.2500V,volt=1.2500V,volt=1.2250V
TIME:16:11:53
38628
cpu:1.76, 2.61, 1.67,freq:frequency(48)=700000000,throttle_flag:throttled=0x50000,voltage:volt=1.2313V,volt=1.2500V,volt=1.2500V,volt=1.2250V
TIME:16:11:54
38628
cpu:1.76, 2.61, 1.67,freq:frequency(48)=700000000,throttle_flag:throttled=0x50000,voltage:volt=1.2313V,volt=1.2500V,volt=1.2500V,volt=1.2250V
TIME:16:11:55
39166
cpu:1.62, 2.56, 1.66,freq:frequency(48)=700000000,throttle_flag:throttled=0x50000,voltage:volt=1.2313V,volt=1.2500V,volt=1.2500V,volt=1.2250V
TIME:16:11:56
38628
cpu:1.62, 2.56, 1.66,freq:frequency(48)=800000000,throttle_flag:throttled=0x50000,voltage:volt=1.2313V,volt=1.2500V,volt=1.2500V,volt=1.2250V
TIME:16:11:58
38628
cpu:1.62, 2.56, 1.66,freq:frequency(48)=700000000,throttle_flag:throttled=0x50000,voltage:volt=1.2313V,volt=1.2500V,volt=1.2500V,volt=1.2250V
TIME:16:11:59
38628
cpu:1.62, 2.56, 1.66,freq:frequency(48)=700000000,throttle_flag:throttled=0x50000,voltage:volt=1.2313V,volt=1.2500V,volt=1.2500V,volt=1.2250V
TIME:16:12:00
39166
cpu:1.62, 2.56, 1.66,freq:frequency(48)=600000000,throttle_flag:throttled=0x50000,voltage:volt=1.2313V,volt=1.2500V,volt=1.2500V,volt=1.2250V
TIME:16:12:01
38628
cpu:1.57, 2.54, 1.66,freq:frequency(48)=600000000,throttle_flag:throttled=0x50000,voltage:volt=1.2313V,volt=1.2500V,volt=1.2500V,volt=1.2250V
TIME:16:12:02
38628
cpu:1.57, 2.54, 1.66,freq:frequency(48)=600000000,throttle_flag:throttled=0x50000,voltage:volt=1.2313V,volt=1.2500V,volt=1.2500V,volt=1.2250V
TIME:16:12:03
38628
cpu:1.57, 2.54, 1.66,freq:frequency(48)=600000000,throttle_flag:throttled=0x50000,voltage:volt=1.2313V,volt=1.2500V,volt=1.2500V,volt=1.2250V
TIME:16:12:04
38628
cpu:1.57, 2.54, 1.66,freq:frequency(48)=800000000,throttle_flag:throttled=0x50000,voltage:volt=1.2313V,volt=1.2500V,volt=1.2500V,volt=1.2250V
TIME:16:12:05
38090
cpu:1.44, 2.49, 1.65,freq:frequency(48)=700000000,throttle_flag:throttled=0x50000,voltage:volt=1.2313V,volt=1.2500V,volt=1.2500V,volt=1.2250V
TIME:16:12:07
38090
cpu:1.44, 2.49, 1.65,freq:frequency(48)=700000000,throttle_flag:throttled=0x50000,voltage:volt=1.2313V,volt=1.2500V,volt=1.2500V,volt=1.2250V
TIME:16:12:08
38628
cpu:1.44, 2.49, 1.65,freq:frequency(48)=700000000,throttle_flag:throttled=0x50000,voltage:volt=1.2313V,volt=1.2500V,volt=1.2500V,volt=1.2250V
TIME:16:12:09
38628
cpu:1.44, 2.49, 1.65,freq:frequency(48)=700000000,throttle_flag:throttled=0x50000,voltage:volt=1.2313V,volt=1.2500V,volt=1.2500V,volt=1.2250V
TIME:16:12:10
38628
cpu:1.44, 2.49, 1.65,freq:frequency(48)=800000000,throttle_flag:throttled=0x50000,voltage:volt=1.2313V,volt=1.2500V,volt=1.2500V,volt=1.2250V
TIME:16:12:11
38628
cpu:1.33, 2.45, 1.64,freq:frequency(48)=800000000,throttle_flag:throttled=0x50000,voltage:volt=1.2313V,volt=1.2500V,volt=1.2500V,volt=1.2250V
TIME:16:12:12
38090
cpu:1.33, 2.45, 1.64,freq:frequency(48)=700000000,throttle_flag:throttled=0x50000,voltage:volt=1.2313V,volt=1.2500V,volt=1.2500V,volt=1.2250V
TIME:16:12:13
38628
cpu:1.33, 2.45, 1.64,freq:frequency(48)=600000000,throttle_flag:throttled=0x50000,voltage:volt=1.2313V,volt=1.2500V,volt=1.2500V,volt=1.2250V
TIME:16:12:14
38628
cpu:1.33, 2.45, 1.64,freq:frequency(48)=600000000,throttle_flag:throttled=0x50000,voltage:volt=1.2313V,volt=1.2500V,volt=1.2500V,volt=1.2250V
TIME:16:12:15
38628
cpu:1.22, 2.41, 1.63,freq:frequency(48)=600000000,throttle_flag:throttled=0x50000,voltage:volt=1.2313V,volt=1.2500V,volt=1.2500V,volt=1.2250V
TIME:16:12:17
38090
cpu:1.22, 2.41, 1.63,freq:frequency(48)=600000000,throttle_flag:throttled=0x50000,voltage:volt=1.2313V,volt=1.2500V,volt=1.2500V,volt=1.2250V
TIME:16:12:18
38628
cpu:1.22, 2.41, 1.63,freq:frequency(48)=600000000,throttle_flag:throttled=0x50000,voltage:volt=1.2313V,volt=1.2500V,volt=1.2500V,volt=1.2250V
TIME:16:12:19
38628
cpu:1.22, 2.41, 1.63,freq:frequency(48)=800000000,throttle_flag:throttled=0x50000,voltage:volt=1.2313V,volt=1.2500V,volt=1.2500V,volt=1.2250V
TIME:16:12:20
38628
cpu:1.22, 2.41, 1.63,freq:frequency(48)=800000000,throttle_flag:throttled=0x50000,voltage:volt=1.2313V,volt=1.2500V,volt=1.2500V,volt=1.2250V
TIME:16:12:21
37552
cpu:1.12, 2.37, 1.62,freq:frequency(48)=800000000,throttle_flag:throttled=0x50000,voltage:volt=1.2313V,volt=1.2500V,volt=1.2500V,volt=1.2250V
TIME:16:12:22
38628
cpu:1.12, 2.37, 1.62,freq:frequency(48)=700000000,throttle_flag:throttled=0x50000,voltage:volt=1.2313V,volt=1.2500V,volt=1.2500V,volt=1.2250V
TIME:16:12:23
38628
cpu:1.12, 2.37, 1.62,freq:frequency(48)=800000000,throttle_flag:throttled=0x50000,voltage:volt=1.2313V,volt=1.2500V,volt=1.2500V,volt=1.2250V
TIME:16:12:24
38628
cpu:1.12, 2.37, 1.62,freq:frequency(48)=800000000,throttle_flag:throttled=0x50000,voltage:volt=1.2313V,volt=1.2500V,volt=1.2500V,volt=1.2250V
TIME:16:12:25
38628
cpu:1.03, 2.33, 1.61,freq:frequency(48)=800000000,throttle_flag:throttled=0x50000,voltage:volt=1.2313V,volt=1.2500V,volt=1.2500V,volt=1.2250V
TIME:16:12:27
39704
cpu:1.03, 2.33, 1.61,freq:frequency(48)=600000000,throttle_flag:throttled=0x50005,voltage:volt=1.2000V,volt=1.2500V,volt=1.2500V,volt=1.2250V
TIME:16:12:28
39704
cpu:1.03, 2.33, 1.61,freq:frequency(48)=600000000,throttle_flag:throttled=0x50005,voltage:volt=1.2000V,volt=1.2500V,volt=1.2500V,volt=1.2250V
TIME:16:12:29
40780
cpu:1.03, 2.33, 1.61,freq:frequency(48)=600000000,throttle_flag:throttled=0x50005,voltage:volt=1.2000V,volt=1.2500V,volt=1.2500V,volt=1.2250V
TIME:16:12:31
41318
cpu:1.51, 2.41, 1.64,freq:frequency(48)=600000000,throttle_flag:throttled=0x50005,voltage:volt=1.2000V,volt=1.2500V,volt=1.2500V,volt=1.2250V
TIME:16:12:32
41856
cpu:1.51, 2.41, 1.64,freq:frequency(48)=600000000,throttle_flag:throttled=0x50005,voltage:volt=1.2000V,volt=1.2500V,volt=1.2500V,volt=1.2250V
TIME:16:12:34
41856
cpu:1.51, 2.41, 1.64,freq:frequency(48)=599998000,throttle_flag:throttled=0x50005,voltage:volt=1.2000V,volt=1.2500V,volt=1.2500V,volt=1.2250V
TIME:16:12:35
42394
cpu:1.79, 2.45, 1.66,freq:frequency(48)=600000000,throttle_flag:throttled=0x50005,voltage:volt=1.2000V,volt=1.2500V,volt=1.2500V,volt=1.2250V
TIME:16:12:37
42932
cpu:1.79, 2.45, 1.66,freq:frequency(48)=600000000,throttle_flag:throttled=0x50005,voltage:volt=1.2000V,volt=1.2500V,volt=1.2500V,volt=1.2250V
TIME:16:12:38
42932
cpu:1.79, 2.45, 1.66,freq:frequency(48)=600000000,throttle_flag:throttled=0x50005,voltage:volt=1.2000V,volt=1.2500V,volt=1.2500V,volt=1.2250V
TIME:16:12:39
42932
cpu:1.79, 2.45, 1.66,freq:frequency(48)=600000000,throttle_flag:throttled=0x50005,voltage:volt=1.2000V,volt=1.2500V,volt=1.2500V,volt=1.2250V
TIME:16:12:41
42932
cpu:2.13, 2.51, 1.68,freq:frequency(48)=600000000,throttle_flag:throttled=0x50005,voltage:volt=1.2000V,volt=1.2500V,volt=1.2500V,volt=1.2250V
TIME:16:12:42
42932
cpu:2.13, 2.51, 1.68,freq:frequency(48)=600000000,throttle_flag:throttled=0x50005,voltage:volt=1.2000V,volt=1.2500V,volt=1.2500V,volt=1.2250V
TIME:16:12:43
42932
cpu:2.13, 2.51, 1.68,freq:frequency(48)=600000000,throttle_flag:throttled=0x50005,voltage:volt=1.2000V,volt=1.2500V,volt=1.2500V,volt=1.2250V
TIME:16:12:45
43470
cpu:2.13, 2.51, 1.68,freq:frequency(48)=600000000,throttle_flag:throttled=0x50005,voltage:volt=1.2000V,volt=1.2500V,volt=1.2500V,volt=1.2250V
TIME:16:12:46
42932
cpu:2.36, 2.55, 1.70,freq:frequency(48)=599998000,throttle_flag:throttled=0x50005,voltage:volt=1.2000V,volt=1.2500V,volt=1.2500V,volt=1.2250V
TIME:16:12:48
43470
cpu:2.36, 2.55, 1.70,freq:frequency(48)=600000000,throttle_flag:throttled=0x50005,voltage:volt=1.2000V,volt=1.2500V,volt=1.2500V,volt=1.2250V
TIME:16:12:49
43470
cpu:2.36, 2.55, 1.70,freq:frequency(48)=600000000,throttle_flag:throttled=0x50005,voltage:volt=1.2000V,volt=1.2500V,volt=1.2500V,volt=1.2250V
TIME:16:12:50
42932
cpu:2.65, 2.61, 1.72,freq:frequency(48)=600000000,throttle_flag:throttled=0x50005,voltage:volt=1.2000V,volt=1.2500V,volt=1.2500V,volt=1.2250V
TIME:16:12:52
43470
cpu:2.65, 2.61, 1.72,freq:frequency(48)=600000000,throttle_flag:throttled=0x50005,voltage:volt=1.2000V,volt=1.2500V,volt=1.2500V,volt=1.2250V
TIME:16:12:53
43470
cpu:2.65, 2.61, 1.72,freq:frequency(48)=600000000,throttle_flag:throttled=0x50005,voltage:volt=1.2000V,volt=1.2500V,volt=1.2500V,volt=1.2250V
TIME:16:12:55
44008
cpu:2.65, 2.61, 1.72,freq:frequency(48)=600000000,throttle_flag:throttled=0x50005,voltage:volt=1.2000V,volt=1.2500V,volt=1.2500V,volt=1.2250V
TIME:16:12:56
44008
cpu:3.40, 2.77, 1.78,freq:frequency(48)=600000000,throttle_flag:throttled=0x50005,voltage:volt=1.2000V,volt=1.2500V,volt=1.2500V,volt=1.2250V
TIME:16:12:58
43470
cpu:3.40, 2.77, 1.78,freq:frequency(48)=600000000,throttle_flag:throttled=0x50005,voltage:volt=1.2000V,volt=1.2500V,volt=1.2500V,volt=1.2250V
TIME:16:12:59
44546
cpu:3.40, 2.77, 1.78,freq:frequency(48)=1400000000,throttle_flag:throttled=0x50000,voltage:volt=1.3250V,volt=1.2500V,volt=1.2500V,volt=1.2250V
TIME:16:13:00
44008
cpu:4.17, 2.94, 1.84,freq:frequency(48)=600000000,throttle_flag:throttled=0x50005,voltage:volt=1.2000V,volt=1.2500V,volt=1.2500V,volt=1.2250V
TIME:16:13:02
44546
cpu:4.17, 2.94, 1.84,freq:frequency(48)=600000000,throttle_flag:throttled=0x50005,voltage:volt=1.2000V,volt=1.2500V,volt=1.2500V,volt=1.2250V
TIME:16:13:03
44008
cpu:4.17, 2.94, 1.84,freq:frequency(48)=600000000,throttle_flag:throttled=0x50005,voltage:volt=1.2000V,volt=1.2500V,volt=1.2500V,volt=1.2250V
TIME:16:13:04
44008
cpu:4.17, 2.94, 1.84,freq:frequency(48)=600000000,throttle_flag:throttled=0x50005,voltage:volt=1.2000V,volt=1.2500V,volt=1.2500V,volt=1.2250V
TIME:16:13:06
42932
cpu:3.83, 2.89, 1.83,freq:frequency(48)=600000000,throttle_flag:throttled=0x50005,voltage:volt=1.2000V,volt=1.2500V,volt=1.2500V,volt=1.2250V
TIME:16:13:07
42932
cpu:3.83, 2.89, 1.83,freq:frequency(48)=1400000000,throttle_flag:throttled=0x50000,voltage:volt=1.3250V,volt=1.2500V,volt=1.2500V,volt=1.2250V
TIME:16:13:08
42932
cpu:3.83, 2.89, 1.83,freq:frequency(48)=1400000000,throttle_flag:throttled=0x50000,voltage:volt=1.3250V,volt=1.2500V,volt=1.2500V,volt=1.2250V
TIME:16:13:09
42394
cpu:3.83, 2.89, 1.83,freq:frequency(48)=1400000000,throttle_flag:throttled=0x50000,voltage:volt=1.3250V,volt=1.2500V,volt=1.2500V,volt=1.2250V
TIME:16:13:10
41856
cpu:3.83, 2.89, 1.83,freq:frequency(48)=1400000000,throttle_flag:throttled=0x50000,voltage:volt=1.3250V,volt=1.2500V,volt=1.2500V,volt=1.2250V
TIME:16:13:11
41856
cpu:3.53, 2.84, 1.82,freq:frequency(48)=700000000,throttle_flag:throttled=0x50000,voltage:volt=1.2313V,volt=1.2500V,volt=1.2500V,volt=1.2250V
TIME:16:13:12
41318
cpu:3.53, 2.84, 1.82,freq:frequency(48)=600000000,throttle_flag:throttled=0x50000,voltage:volt=1.2313V,volt=1.2500V,volt=1.2500V,volt=1.2250V
TIME:16:13:13
40780
cpu:3.53, 2.84, 1.82,freq:frequency(48)=700000000,throttle_flag:throttled=0x50000,voltage:volt=1.2313V,volt=1.2500V,volt=1.2500V,volt=1.2250V
TIME:16:13:14
40780
cpu:3.53, 2.84, 1.82,freq:frequency(48)=800000000,throttle_flag:throttled=0x50000,voltage:volt=1.2313V,volt=1.2500V,volt=1.2500V,volt=1.2250V
TIME:16:13:15
40780
cpu:3.24, 2.79, 1.81,freq:frequency(48)=700000000,throttle_flag:throttled=0x50000,voltage:volt=1.2313V,volt=1.2500V,volt=1.2500V,volt=1.2250V
TIME:16:13:17
39704
cpu:3.24, 2.79, 1.81,freq:frequency(48)=600000000,throttle_flag:throttled=0x50000,voltage:volt=1.2313V,volt=1.2500V,volt=1.2500V,volt=1.2250V
TIME:16:13:18
39704
cpu:3.24, 2.79, 1.81,freq:frequency(48)=700000000,throttle_flag:throttled=0x50000,voltage:volt=1.2313V,volt=1.2500V,volt=1.2500V,volt=1.2250V
TIME:16:13:19
39704
cpu:3.24, 2.79, 1.81,freq:frequency(48)=700000000,throttle_flag:throttled=0x50000,voltage:volt=1.2313V,volt=1.2500V,volt=1.2500V,volt=1.2250V
TIME:16:13:20
39704
cpu:3.24, 2.79, 1.81,freq:frequency(48)=700000000,throttle_flag:throttled=0x50000,voltage:volt=1.2313V,volt=1.2500V,volt=1.2500V,volt=1.2250V
TIME:16:13:21
39704
cpu:3.06, 2.76, 1.80,freq:frequency(48)=700000000,throttle_flag:throttled=0x50000,voltage:volt=1.2313V,volt=1.2500V,volt=1.2500V,volt=1.2250V
TIME:16:13:22
39704
cpu:3.06, 2.76, 1.80,freq:frequency(48)=600000000,throttle_flag:throttled=0x50000,voltage:volt=1.2313V,volt=1.2500V,volt=1.2500V,volt=1.2250V
TIME:16:13:23
39704
cpu:3.06, 2.76, 1.80,freq:frequency(48)=600000000,throttle_flag:throttled=0x50000,voltage:volt=1.2313V,volt=1.2500V,volt=1.2500V,volt=1.2250V
TIME:16:13:25
39704
cpu:3.06, 2.76, 1.80,freq:frequency(48)=600000000,throttle_flag:throttled=0x50000,voltage:volt=1.2313V,volt=1.2500V,volt=1.2500V,volt=1.2250V
TIME:16:13:26
39704
cpu:2.90, 2.73, 1.80,freq:frequency(48)=600000000,throttle_flag:throttled=0x50000,voltage:volt=1.2313V,volt=1.2500V,volt=1.2500V,volt=1.2250V
TIME:16:13:27
39704
cpu:2.90, 2.73, 1.80,freq:frequency(48)=600000000,throttle_flag:throttled=0x50000,voltage:volt=1.2313V,volt=1.2500V,volt=1.2500V,volt=1.2250V
TIME:16:13:28
39166
cpu:2.90, 2.73, 1.80,freq:frequency(48)=600000000,throttle_flag:throttled=0x50000,voltage:volt=1.2313V,volt=1.2500V,volt=1.2500V,volt=1.2250V
TIME:16:13:29
39166
cpu:2.90, 2.73, 1.80,freq:frequency(48)=800000000,throttle_flag:throttled=0x50000,voltage:volt=1.2313V,volt=1.2500V,volt=1.2500V,volt=1.2250V
TIME:16:13:30
39704
cpu:2.90, 2.73, 1.80,freq:frequency(48)=800000000,throttle_flag:throttled=0x50000,voltage:volt=1.2313V,volt=1.2500V,volt=1.2500V,volt=1.2250V
TIME:16:13:31
39166
cpu:2.83, 2.72, 1.80,freq:frequency(48)=600000000,throttle_flag:throttled=0x50000,voltage:volt=1.2313V,volt=1.2500V,volt=1.2500V,volt=1.2250V
TIME:16:13:32
38628
cpu:2.83, 2.72, 1.80,freq:frequency(48)=600000000,throttle_flag:throttled=0x50000,voltage:volt=1.2313V,volt=1.2500V,volt=1.2500V,volt=1.2250V
TIME:16:13:33
38628
cpu:2.83, 2.72, 1.80,freq:frequency(48)=800000000,throttle_flag:throttled=0x50000,voltage:volt=1.2313V,volt=1.2500V,volt=1.2500V,volt=1.2250V
TIME:16:13:35
39166
cpu:2.83, 2.72, 1.80,freq:frequency(48)=700000000,throttle_flag:throttled=0x50000,voltage:volt=1.2313V,volt=1.2500V,volt=1.2500V,volt=1.2250V
TIME:16:13:36
39166
cpu:2.60, 2.68, 1.79,freq:frequency(48)=700000000,throttle_flag:throttled=0x50000,voltage:volt=1.2313V,volt=1.2500V,volt=1.2500V,volt=1.2250V
TIME:16:13:37
39704
cpu:2.60, 2.68, 1.79,freq:frequency(48)=700000000,throttle_flag:throttled=0x50000,voltage:volt=1.2313V,volt=1.2500V,volt=1.2500V,volt=1.2250V
TIME:16:13:38
39704
cpu:2.60, 2.68, 1.79,freq:frequency(48)=700000000,throttle_flag:throttled=0x50000,voltage:volt=1.2313V,volt=1.2500V,volt=1.2500V,volt=1.2250V
TIME:16:13:39
39166
cpu:2.60, 2.68, 1.79,freq:frequency(48)=600000000,throttle_flag:throttled=0x50000,voltage:volt=1.2313V,volt=1.2500V,volt=1.2500V,volt=1.2250V
TIME:16:13:40
39166
cpu:2.39, 2.63, 1.78,freq:frequency(48)=600000000,throttle_flag:throttled=0x50000,voltage:volt=1.2313V,volt=1.2500V,volt=1.2500V,volt=1.2250V
TIME:16:13:41
39166
cpu:2.39, 2.63, 1.78,freq:frequency(48)=600000000,throttle_flag:throttled=0x50000,voltage:volt=1.2313V,volt=1.2500V,volt=1.2500V,volt=1.2250V
TIME:16:13:42
39166
cpu:2.39, 2.63, 1.78,freq:frequency(48)=700000000,throttle_flag:throttled=0x50000,voltage:volt=1.2313V,volt=1.2500V,volt=1.2500V,volt=1.2250V
TIME:16:13:43
39166
cpu:2.39, 2.63, 1.78,freq:frequency(48)=800000000,throttle_flag:throttled=0x50000,voltage:volt=1.2313V,volt=1.2500V,volt=1.2500V,volt=1.2250V
TIME:16:13:45
39166
cpu:2.39, 2.63, 1.78,freq:frequency(48)=600000000,throttle_flag:throttled=0x50000,voltage:volt=1.2313V,volt=1.2500V,volt=1.2500V,volt=1.2250V
TIME:16:13:46
39166
cpu:2.20, 2.59, 1.77,freq:frequency(48)=600000000,throttle_flag:throttled=0x50000,voltage:volt=1.2313V,volt=1.2500V,volt=1.2500V,volt=1.2250V
TIME:16:13:47
39166
cpu:2.20, 2.59, 1.77,freq:frequency(48)=600000000,throttle_flag:throttled=0x50000,voltage:volt=1.2313V,volt=1.2500V,volt=1.2500V,volt=1.2250V
TIME:16:13:48
38628
cpu:2.20, 2.59, 1.77,freq:frequency(48)=600000000,throttle_flag:throttled=0x50000,voltage:volt=1.2313V,volt=1.2500V,volt=1.2500V,volt=1.2250V
TIME:16:13:49
39166
cpu:2.20, 2.59, 1.77,freq:frequency(48)=800000000,throttle_flag:throttled=0x50000,voltage:volt=1.2313V,volt=1.2500V,volt=1.2500V,volt=1.2250V
TIME:16:13:50
38628
cpu:2.02, 2.54, 1.76,freq:frequency(48)=800000000,throttle_flag:throttled=0x50000,voltage:volt=1.2313V,volt=1.2500V,volt=1.2500V,volt=1.2250V
TIME:16:13:51
38628
cpu:2.02, 2.54, 1.76,freq:frequency(48)=700000000,throttle_flag:throttled=0x50000,voltage:volt=1.2313V,volt=1.2500V,volt=1.2500V,volt=1.2250V
TIME:16:13:52
39166
cpu:2.02, 2.54, 1.76,freq:frequency(48)=700000000,throttle_flag:throttled=0x50000,voltage:volt=1.2313V,volt=1.2500V,volt=1.2500V,volt=1.2250V
TIME:16:13:54
38628
cpu:2.02, 2.54, 1.76,freq:frequency(48)=700000000,throttle_flag:throttled=0x50000,voltage:volt=1.2313V,volt=1.2500V,volt=1.2500V,volt=1.2250V
TIME:16:13:55
39166
cpu:2.02, 2.54, 1.76,freq:frequency(48)=700000000,throttle_flag:throttled=0x50000,voltage:volt=1.2313V,volt=1.2500V,volt=1.2500V,volt=1.2250V
TIME:16:13:56
38628
cpu:1.86, 2.50, 1.75,freq:frequency(48)=700000000,throttle_flag:throttled=0x50000,voltage:volt=1.2313V,volt=1.2500V,volt=1.2500V,volt=1.2250V
TIME:16:13:57
38628
cpu:1.86, 2.50, 1.75,freq:frequency(48)=800000000,throttle_flag:throttled=0x50000,voltage:volt=1.2313V,volt=1.2500V,volt=1.2500V,volt=1.2250V
TIME:16:13:58
38628
cpu:1.86, 2.50, 1.75,freq:frequency(48)=700000000,throttle_flag:throttled=0x50000,voltage:volt=1.2313V,volt=1.2500V,volt=1.2500V,volt=1.2250V
TIME:16:13:59
38628
cpu:1.86, 2.50, 1.75,freq:frequency(48)=600000000,throttle_flag:throttled=0x50000,voltage:volt=1.2313V,volt=1.2500V,volt=1.2500V,volt=1.2250V
TIME:16:14:00
38090
cpu:1.71, 2.46, 1.74,freq:frequency(48)=600000000,throttle_flag:throttled=0x50000,voltage:volt=1.2313V,volt=1.2500V,volt=1.2500V,volt=1.2250V
TIME:16:14:01
38628
cpu:1.71, 2.46, 1.74,freq:frequency(48)=600000000,throttle_flag:throttled=0x50000,voltage:volt=1.2313V,volt=1.2500V,volt=1.2500V,volt=1.2250V
TIME:16:14:02
38628
cpu:1.71, 2.46, 1.74,freq:frequency(48)=600000000,throttle_flag:throttled=0x50000,voltage:volt=1.2313V,volt=1.2500V,volt=1.2500V,volt=1.2250V
TIME:16:14:04
38628
cpu:1.71, 2.46, 1.74,freq:frequency(48)=800000000,throttle_flag:throttled=0x50000,voltage:volt=1.2313V,volt=1.2500V,volt=1.2500V,volt=1.2250V
TIME:16:14:05
38628
cpu:1.71, 2.46, 1.74,freq:frequency(48)=800000000,throttle_flag:throttled=0x50000,voltage:volt=1.2313V,volt=1.2500V,volt=1.2500V,volt=1.2250V
TIME:16:14:06
38628
cpu:1.57, 2.42, 1.73,freq:frequency(48)=700000000,throttle_flag:throttled=0x50000,voltage:volt=1.2313V,volt=1.2500V,volt=1.2500V,volt=1.2250V
TIME:16:14:07
39166
cpu:1.57, 2.42, 1.73,freq:frequency(48)=800000000,throttle_flag:throttled=0x50000,voltage:volt=1.2313V,volt=1.2500V,volt=1.2500V,volt=1.2250V
TIME:16:14:08
38628
cpu:1.57, 2.42, 1.73,freq:frequency(48)=700000000,throttle_flag:throttled=0x50000,voltage:volt=1.2313V,volt=1.2500V,volt=1.2500V,volt=1.2250V
TIME:16:14:09
38628
cpu:1.57, 2.42, 1.73,freq:frequency(48)=700000000,throttle_flag:throttled=0x50000,voltage:volt=1.2313V,volt=1.2500V,volt=1.2500V,volt=1.2250V
TIME:16:14:10
38628
cpu:1.53, 2.39, 1.73,freq:frequency(48)=800000000,throttle_flag:throttled=0x50000,voltage:volt=1.2313V,volt=1.2500V,volt=1.2500V,volt=1.2250V
TIME:16:14:11
38628
cpu:1.53, 2.39, 1.73,freq:frequency(48)=800000000,throttle_flag:throttled=0x50000,voltage:volt=1.2313V,volt=1.2500V,volt=1.2500V,volt=1.2250V
TIME:16:14:12
38628
cpu:1.53, 2.39, 1.73,freq:frequency(48)=700000000,throttle_flag:throttled=0x50000,voltage:volt=1.2313V,volt=1.2500V,volt=1.2500V,volt=1.2250V
TIME:16:14:14
38628
cpu:1.53, 2.39, 1.73,freq:frequency(48)=700000000,throttle_flag:throttled=0x50000,voltage:volt=1.2313V,volt=1.2500V,volt=1.2500V,volt=1.2250V
TIME:16:14:15
38090
cpu:1.53, 2.39, 1.73,freq:frequency(48)=700000000,throttle_flag:throttled=0x50000,voltage:volt=1.2313V,volt=1.2500V,volt=1.2500V,volt=1.2250V
TIME:16:14:16
38628
cpu:1.41, 2.35, 1.72,freq:frequency(48)=700000000,throttle_flag:throttled=0x50000,voltage:volt=1.2313V,volt=1.2500V,volt=1.2500V,volt=1.2250V
TIME:16:14:17
38628
cpu:1.41, 2.35, 1.72,freq:frequency(48)=700000000,throttle_flag:throttled=0x50000,voltage:volt=1.2313V,volt=1.2500V,volt=1.2500V,volt=1.2250V
TIME:16:14:18
38628
cpu:1.41, 2.35, 1.72,freq:frequency(48)=700000000,throttle_flag:throttled=0x50000,voltage:volt=1.2313V,volt=1.2500V,volt=1.2500V,volt=1.2250V
TIME:16:14:19
38090
cpu:1.41, 2.35, 1.72,freq:frequency(48)=600000000,throttle_flag:throttled=0x50000,voltage:volt=1.2313V,volt=1.2500V,volt=1.2500V,volt=1.2250V
TIME:16:14:20
37552
cpu:1.29, 2.31, 1.71,freq:frequency(48)=600000000,throttle_flag:throttled=0x50000,voltage:volt=1.2313V,volt=1.2500V,volt=1.2500V,volt=1.2250V
TIME:16:14:21
37552
cpu:1.29, 2.31, 1.71,freq:frequency(48)=600000000,throttle_flag:throttled=0x50000,voltage:volt=1.2313V,volt=1.2500V,volt=1.2500V,volt=1.2250V
TIME:16:14:23
38628
cpu:1.29, 2.31, 1.71,freq:frequency(48)=700000000,throttle_flag:throttled=0x50000,voltage:volt=1.2313V,volt=1.2500V,volt=1.2500V,volt=1.2250V
TIME:16:14:24
37552
cpu:1.29, 2.31, 1.71,freq:frequency(48)=800000000,throttle_flag:throttled=0x50000,voltage:volt=1.2313V,volt=1.2500V,volt=1.2500V,volt=1.2250V
TIME:16:14:25
38628
cpu:1.29, 2.31, 1.71,freq:frequency(48)=700000000,throttle_flag:throttled=0x50000,voltage:volt=1.2313V,volt=1.2500V,volt=1.2500V,volt=1.2250V
TIME:16:14:26
37552
cpu:1.19, 2.28, 1.70,freq:frequency(48)=600000000,throttle_flag:throttled=0x50000,voltage:volt=1.2313V,volt=1.2500V,volt=1.2500V,volt=1.2250V
TIME:16:14:27
38090
cpu:1.19, 2.28, 1.70,freq:frequency(48)=600000000,throttle_flag:throttled=0x50000,voltage:volt=1.2313V,volt=1.2500V,volt=1.2500V,volt=1.2250V
TIME:16:14:28
38090
cpu:1.19, 2.28, 1.70,freq:frequency(48)=800000000,throttle_flag:throttled=0x50000,voltage:volt=1.2313V,volt=1.2500V,volt=1.2500V,volt=1.2250V
TIME:16:14:29
37552
cpu:1.19, 2.28, 1.70,freq:frequency(48)=800000000,throttle_flag:throttled=0x50000,voltage:volt=1.2313V,volt=1.2500V,volt=1.2500V,volt=1.2250V
TIME:16:14:30
38628
cpu:1.09, 2.24, 1.69,freq:frequency(48)=800000000,throttle_flag:throttled=0x50000,voltage:volt=1.2313V,volt=1.2500V,volt=1.2500V,volt=1.2250V
TIME:16:14:31
38628
cpu:1.09, 2.24, 1.69,freq:frequency(48)=800000000,throttle_flag:throttled=0x50000,voltage:volt=1.2313V,volt=1.2500V,volt=1.2500V,volt=1.2250V
TIME:16:14:33
37552
cpu:1.09, 2.24, 1.69,freq:frequency(48)=800000000,throttle_flag:throttled=0x50000,voltage:volt=1.2313V,volt=1.2500V,volt=1.2500V,volt=1.2250V
TIME:16:14:34
38090
cpu:1.09, 2.24, 1.69,freq:frequency(48)=700000000,throttle_flag:throttled=0x50000,voltage:volt=1.2313V,volt=1.2500V,volt=1.2500V,volt=1.2250V
TIME:16:14:35
38628
cpu:1.09, 2.24, 1.69,freq:frequency(48)=700000000,throttle_flag:throttled=0x50000,voltage:volt=1.2313V,volt=1.2500V,volt=1.2500V,volt=1.2250V
TIME:16:14:36
38090
cpu:1.01, 2.20, 1.68,freq:frequency(48)=700000000,throttle_flag:throttled=0x50000,voltage:volt=1.2313V,volt=1.2500V,volt=1.2500V,volt=1.2250V
TIME:16:14:37
37552
cpu:1.01, 2.20, 1.68,freq:frequency(48)=800000000,throttle_flag:throttled=0x50000,voltage:volt=1.2313V,volt=1.2500V,volt=1.2500V,volt=1.2250V
TIME:16:14:38
38090
cpu:1.01, 2.20, 1.68,freq:frequency(48)=800000000,throttle_flag:throttled=0x50000,voltage:volt=1.2313V,volt=1.2500V,volt=1.2500V,volt=1.2250V
TIME:16:14:39
37552
cpu:1.01, 2.20, 1.68,freq:frequency(48)=700000000,throttle_flag:throttled=0x50000,voltage:volt=1.2313V,volt=1.2500V,volt=1.2500V,volt=1.2250V
TIME:16:14:40
37552
cpu:0.93, 2.16, 1.67,freq:frequency(48)=600000000,throttle_flag:throttled=0x50000,voltage:volt=1.2313V,volt=1.2500V,volt=1.2500V,volt=1.2250V
TIME:16:14:41
38090
cpu:0.93, 2.16, 1.67,freq:frequency(48)=600000000,throttle_flag:throttled=0x50000,voltage:volt=1.2313V,volt=1.2500V,volt=1.2500V,volt=1.2250V
TIME:16:14:43
38090
cpu:0.93, 2.16, 1.67,freq:frequency(48)=600000000,throttle_flag:throttled=0x50000,voltage:volt=1.2313V,volt=1.2500V,volt=1.2500V,volt=1.2250V
TIME:16:14:44
37552
cpu:0.93, 2.16, 1.67,freq:frequency(48)=600000000,throttle_flag:throttled=0x50000,voltage:volt=1.2313V,volt=1.2500V,volt=1.2500V,volt=1.2250V
TIME:16:14:45
38090
cpu:0.93, 2.16, 1.67,freq:frequency(48)=600000000,throttle_flag:throttled=0x50000,voltage:volt=1.2313V,volt=1.2500V,volt=1.2500V,volt=1.2250V
TIME:16:14:46
37552
cpu:0.85, 2.13, 1.66,freq:frequency(48)=800000000,throttle_flag:throttled=0x50000,voltage:volt=1.2313V,volt=1.2500V,volt=1.2500V,volt=1.2250V
TIME:16:14:47
37552
cpu:0.85, 2.13, 1.66,freq:frequency(48)=800000000,throttle_flag:throttled=0x50000,voltage:volt=1.2313V,volt=1.2500V,volt=1.2500V,volt=1.2250V
TIME:16:14:48
38090
cpu:0.85, 2.13, 1.66,freq:frequency(48)=800000000,throttle_flag:throttled=0x50000,voltage:volt=1.2313V,volt=1.2500V,volt=1.2500V,volt=1.2250V
TIME:16:14:49
37552
cpu:0.85, 2.13, 1.66,freq:frequency(48)=700000000,throttle_flag:throttled=0x50000,voltage:volt=1.2313V,volt=1.2500V,volt=1.2500V,volt=1.2250V
TIME:16:14:50
37552
cpu:0.78, 2.09, 1.65,freq:frequency(48)=800002000,throttle_flag:throttled=0x50000,voltage:volt=1.2313V,volt=1.2500V,volt=1.2500V,volt=1.2250V
TIME:16:14:52
38090
cpu:0.78, 2.09, 1.65,freq:frequency(48)=900000000,throttle_flag:throttled=0x50000,voltage:volt=1.2313V,volt=1.2500V,volt=1.2500V,volt=1.2250V
TIME:16:14:53
38628
cpu:0.78, 2.09, 1.65,freq:frequency(48)=800000000,throttle_flag:throttled=0x50000,voltage:volt=1.2313V,volt=1.2500V,volt=1.2500V,volt=1.2250V
TIME:16:14:54
38628
cpu:0.78, 2.09, 1.65,freq:frequency(48)=700000000,throttle_flag:throttled=0x50000,voltage:volt=1.2313V,volt=1.2500V,volt=1.2500V,volt=1.2250V
TIME:16:14:55
38628
cpu:0.78, 2.09, 1.65,freq:frequency(48)=700000000,throttle_flag:throttled=0x50000,voltage:volt=1.2313V,volt=1.2500V,volt=1.2500V,volt=1.2250V
TIME:16:14:56
37552
cpu:0.80, 2.07, 1.65,freq:frequency(48)=700000000,throttle_flag:throttled=0x50000,voltage:volt=1.2313V,volt=1.2500V,volt=1.2500V,volt=1.2250V
TIME:16:14:57
37552
cpu:0.80, 2.07, 1.65,freq:frequency(48)=700000000,throttle_flag:throttled=0x50000,voltage:volt=1.2313V,volt=1.2500V,volt=1.2500V,volt=1.2250V
TIME:16:14:58
38090
cpu:0.80, 2.07, 1.65,freq:frequency(48)=700000000,throttle_flag:throttled=0x50000,voltage:volt=1.2313V,volt=1.2500V,volt=1.2500V,volt=1.2250V
TIME:16:14:59
37552
cpu:0.80, 2.07, 1.65,freq:frequency(48)=600000000,throttle_flag:throttled=0x50000,voltage:volt=1.2313V,volt=1.2500V,volt=1.2500V,volt=1.2250V
TIME:16:15:00
38628
cpu:0.74, 2.04, 1.64,freq:frequency(48)=600000000,throttle_flag:throttled=0x50000,voltage:volt=1.2313V,volt=1.2500V,volt=1.2500V,volt=1.2250V
TIME:16:15:02
37552
cpu:0.74, 2.04, 1.64,freq:frequency(48)=600000000,throttle_flag:throttled=0x50000,voltage:volt=1.2313V,volt=1.2500V,volt=1.2500V,volt=1.2250V
TIME:16:15:03
38090
cpu:0.74, 2.04, 1.64,freq:frequency(48)=700000000,throttle_flag:throttled=0x50000,voltage:volt=1.2313V,volt=1.2500V,volt=1.2500V,volt=1.2250V
TIME:16:15:04
37552
cpu:0.74, 2.04, 1.64,freq:frequency(48)=800000000,throttle_flag:throttled=0x50000,voltage:volt=1.2313V,volt=1.2500V,volt=1.2500V,volt=1.2250V
TIME:16:15:05
37552
cpu:0.74, 2.04, 1.64,freq:frequency(48)=700000000,throttle_flag:throttled=0x50000,voltage:volt=1.2313V,volt=1.2500V,volt=1.2500V,volt=1.2250V
TIME:16:15:06
37552
cpu:0.68, 2.00, 1.63,freq:frequency(48)=600000000,throttle_flag:throttled=0x50000,voltage:volt=1.2313V,volt=1.2500V,volt=1.2500V,volt=1.2250V
TIME:16:15:07
37552
cpu:0.68, 2.00, 1.63,freq:frequency(48)=600000000,throttle_flag:throttled=0x50000,voltage:volt=1.2313V,volt=1.2500V,volt=1.2500V,volt=1.2250V
TIME:16:15:08
37552
cpu:0.68, 2.00, 1.63,freq:frequency(48)=600000000,throttle_flag:throttled=0x50000,voltage:volt=1.2313V,volt=1.2500V,volt=1.2500V,volt=1.2250V
TIME:16:15:09
37552
cpu:0.68, 2.00, 1.63,freq:frequency(48)=800000000,throttle_flag:throttled=0x50000,voltage:volt=1.2313V,volt=1.2500V,volt=1.2500V,volt=1.2250V
TIME:16:15:10
37552
cpu:0.62, 1.97, 1.62,freq:frequency(48)=800000000,throttle_flag:throttled=0x50000,voltage:volt=1.2313V,volt=1.2500V,volt=1.2500V,volt=1.2250V
TIME:16:15:12
37552
cpu:0.62, 1.97, 1.62,freq:frequency(48)=800000000,throttle_flag:throttled=0x50000,voltage:volt=1.2313V,volt=1.2500V,volt=1.2500V,volt=1.2250V
TIME:16:15:13
38090
cpu:0.62, 1.97, 1.62,freq:frequency(48)=700000000,throttle_flag:throttled=0x50000,voltage:volt=1.2313V,volt=1.2500V,volt=1.2500V,volt=1.2250V
TIME:16:15:14
38090
cpu:0.62, 1.97, 1.62,freq:frequency(48)=700000000,throttle_flag:throttled=0x50000,voltage:volt=1.2313V,volt=1.2500V,volt=1.2500V,volt=1.2250V
TIME:16:15:15
37552
cpu:0.62, 1.97, 1.62,freq:frequency(48)=700000000,throttle_flag:throttled=0x50000,voltage:volt=1.2313V,volt=1.2500V,volt=1.2500V,volt=1.2250V
TIME:16:15:16
38628
cpu:0.57, 1.94, 1.61,freq:frequency(48)=600000000,throttle_flag:throttled=0x50005,voltage:volt=1.2000V,volt=1.2500V,volt=1.2500V,volt=1.2250V
TIME:16:15:18
39704
cpu:0.57, 1.94, 1.61,freq:frequency(48)=600000000,throttle_flag:throttled=0x50005,voltage:volt=1.2000V,volt=1.2500V,volt=1.2500V,volt=1.2250V
TIME:16:15:19
40780
cpu:0.57, 1.94, 1.61,freq:frequency(48)=600000000,throttle_flag:throttled=0x50005,voltage:volt=1.2000V,volt=1.2500V,volt=1.2500V,volt=1.2250V
TIME:16:15:20
40780
cpu:1.09, 2.02, 1.64,freq:frequency(48)=600000000,throttle_flag:throttled=0x50005,voltage:volt=1.2000V,volt=1.2500V,volt=1.2500V,volt=1.2250V
TIME:16:15:22
40780
cpu:1.09, 2.02, 1.64,freq:frequency(48)=600000000,throttle_flag:throttled=0x50005,voltage:volt=1.2000V,volt=1.2500V,volt=1.2500V,volt=1.2250V
TIME:16:15:23
40780
cpu:1.09, 2.02, 1.64,freq:frequency(48)=600000000,throttle_flag:throttled=0x50005,voltage:volt=1.2000V,volt=1.2500V,volt=1.2500V,volt=1.2250V
TIME:16:15:25
41318
cpu:1.09, 2.02, 1.64,freq:frequency(48)=600000000,throttle_flag:throttled=0x50005,voltage:volt=1.2000V,volt=1.2500V,volt=1.2500V,volt=1.2250V
TIME:16:15:26
41318
cpu:1.80, 2.16, 1.69,freq:frequency(48)=600000000,throttle_flag:throttled=0x50005,voltage:volt=1.2000V,volt=1.2500V,volt=1.2500V,volt=1.2250V
TIME:16:15:27
40780
cpu:1.80, 2.16, 1.69,freq:frequency(48)=600000000,throttle_flag:throttled=0x50005,voltage:volt=1.2000V,volt=1.2500V,volt=1.2500V,volt=1.2250V
TIME:16:15:29
41856
cpu:1.80, 2.16, 1.69,freq:frequency(48)=600000000,throttle_flag:throttled=0x50005,voltage:volt=1.2000V,volt=1.2500V,volt=1.2500V,volt=1.2250V
TIME:16:15:30
42932
cpu:2.70, 2.34, 1.75,freq:frequency(48)=600000000,throttle_flag:throttled=0x50005,voltage:volt=1.2000V,volt=1.2500V,volt=1.2500V,volt=1.2250V
TIME:16:15:32
43470
cpu:2.70, 2.34, 1.75,freq:frequency(48)=600000000,throttle_flag:throttled=0x50005,voltage:volt=1.2000V,volt=1.2500V,volt=1.2500V,volt=1.2250V
TIME:16:15:33
42394
cpu:2.70, 2.34, 1.75,freq:frequency(48)=600000000,throttle_flag:throttled=0x50005,voltage:volt=1.2000V,volt=1.2500V,volt=1.2500V,volt=1.2250V
TIME:16:15:35
42932
cpu:2.70, 2.34, 1.75,freq:frequency(48)=600000000,throttle_flag:throttled=0x50005,voltage:volt=1.2000V,volt=1.2500V,volt=1.2500V,volt=1.2250V
TIME:16:15:36
42932
cpu:3.12, 2.43, 1.78,freq:frequency(48)=600000000,throttle_flag:throttled=0x50005,voltage:volt=1.2000V,volt=1.2500V,volt=1.2500V,volt=1.2250V
TIME:16:15:38
42932
cpu:3.12, 2.43, 1.78,freq:frequency(48)=600000000,throttle_flag:throttled=0x50005,voltage:volt=1.2000V,volt=1.2500V,volt=1.2500V,volt=1.2250V
TIME:16:15:39
42394
cpu:3.12, 2.43, 1.78,freq:frequency(48)=600000000,throttle_flag:throttled=0x50005,voltage:volt=1.2000V,volt=1.2500V,volt=1.2500V,volt=1.2250V
TIME:16:15:40
42932
cpu:3.51, 2.52, 1.82,freq:frequency(48)=600000000,throttle_flag:throttled=0x50005,voltage:volt=1.2000V,volt=1.2500V,volt=1.2500V,volt=1.2250V
TIME:16:15:42
43470
cpu:3.51, 2.52, 1.82,freq:frequency(48)=600000000,throttle_flag:throttled=0x50005,voltage:volt=1.2000V,volt=1.2500V,volt=1.2500V,volt=1.2250V
TIME:16:15:43
43470
cpu:3.51, 2.52, 1.82,freq:frequency(48)=600000000,throttle_flag:throttled=0x50005,voltage:volt=1.2000V,volt=1.2500V,volt=1.2500V,volt=1.2250V
TIME:16:15:45
42932
cpu:3.51, 2.52, 1.82,freq:frequency(48)=600000000,throttle_flag:throttled=0x50005,voltage:volt=1.2000V,volt=1.2500V,volt=1.2500V,volt=1.2250V
TIME:16:15:46
43470
cpu:4.03, 2.65, 1.86,freq:frequency(48)=600000000,throttle_flag:throttled=0x50005,voltage:volt=1.2000V,volt=1.2500V,volt=1.2500V,volt=1.2250V
TIME:16:15:47
43470
cpu:4.03, 2.65, 1.86,freq:frequency(48)=600000000,throttle_flag:throttled=0x50005,voltage:volt=1.2000V,volt=1.2500V,volt=1.2500V,volt=1.2250V
TIME:16:15:49
43470
cpu:4.03, 2.65, 1.86,freq:frequency(48)=600000000,throttle_flag:throttled=0x50005,voltage:volt=1.2000V,volt=1.2500V,volt=1.2500V,volt=1.2250V
TIME:16:15:50
43470
cpu:4.27, 2.72, 1.89,freq:frequency(48)=600000000,throttle_flag:throttled=0x50005,voltage:volt=1.2000V,volt=1.2500V,volt=1.2500V,volt=1.2250V
TIME:16:15:52
43470
cpu:4.27, 2.72, 1.89,freq:frequency(48)=600000000,throttle_flag:throttled=0x50005,voltage:volt=1.2000V,volt=1.2500V,volt=1.2500V,volt=1.2250V
TIME:16:15:53
44008
cpu:4.27, 2.72, 1.89,freq:frequency(48)=600000000,throttle_flag:throttled=0x50005,voltage:volt=1.2000V,volt=1.2500V,volt=1.2500V,volt=1.2250V
TIME:16:15:54
42932
cpu:4.27, 2.72, 1.89,freq:frequency(48)=600000000,throttle_flag:throttled=0x50005,voltage:volt=1.2000V,volt=1.2500V,volt=1.2500V,volt=1.2250V
TIME:16:15:56
42394
cpu:3.93, 2.67, 1.88,freq:frequency(48)=1400000000,throttle_flag:throttled=0x50000,voltage:volt=1.3250V,volt=1.2500V,volt=1.2500V,volt=1.2250V
TIME:16:15:57
41856
cpu:3.93, 2.67, 1.88,freq:frequency(48)=1400000000,throttle_flag:throttled=0x50000,voltage:volt=1.3250V,volt=1.2500V,volt=1.2500V,volt=1.2250V
TIME:16:15:58
41856
cpu:3.93, 2.67, 1.88,freq:frequency(48)=1399998000,throttle_flag:throttled=0x50000,voltage:volt=1.3250V,volt=1.2500V,volt=1.2500V,volt=1.2250V
TIME:16:15:59
41856
cpu:3.93, 2.67, 1.88,freq:frequency(48)=1400000000,throttle_flag:throttled=0x50000,voltage:volt=1.3250V,volt=1.2500V,volt=1.2500V,volt=1.2250V
TIME:16:16:00
41318
cpu:3.93, 2.67, 1.88,freq:frequency(48)=1400000000,throttle_flag:throttled=0x50000,voltage:volt=1.3250V,volt=1.2500V,volt=1.2500V,volt=1.2250V
TIME:16:16:01
40780
cpu:3.61, 2.63, 1.87,freq:frequency(48)=700000000,throttle_flag:throttled=0x50000,voltage:volt=1.2313V,volt=1.2500V,volt=1.2500V,volt=1.2250V
TIME:16:16:02
40780
cpu:3.61, 2.63, 1.87,freq:frequency(48)=800000000,throttle_flag:throttled=0x50000,voltage:volt=1.2313V,volt=1.2500V,volt=1.2500V,volt=1.2250V
TIME:16:16:03
40242
cpu:3.61, 2.63, 1.87,freq:frequency(48)=700000000,throttle_flag:throttled=0x50000,voltage:volt=1.2313V,volt=1.2500V,volt=1.2500V,volt=1.2250V
TIME:16:16:04
39704
cpu:3.61, 2.63, 1.87,freq:frequency(48)=700000000,throttle_flag:throttled=0x50000,voltage:volt=1.2313V,volt=1.2500V,volt=1.2500V,volt=1.2250V
TIME:16:16:05
39704
cpu:3.32, 2.59, 1.86,freq:frequency(48)=600000000,throttle_flag:throttled=0x50000,voltage:volt=1.2313V,volt=1.2500V,volt=1.2500V,volt=1.2250V
TIME:16:16:07
39704
cpu:3.32, 2.59, 1.86,freq:frequency(48)=600000000,throttle_flag:throttled=0x50000,voltage:volt=1.2313V,volt=1.2500V,volt=1.2500V,volt=1.2250V
TIME:16:16:08
39704
cpu:3.32, 2.59, 1.86,freq:frequency(48)=600000000,throttle_flag:throttled=0x50000,voltage:volt=1.2313V,volt=1.2500V,volt=1.2500V,volt=1.2250V
TIME:16:16:09
39166
cpu:3.32, 2.59, 1.86,freq:frequency(48)=600000000,throttle_flag:throttled=0x50000,voltage:volt=1.2313V,volt=1.2500V,volt=1.2500V,volt=1.2250V
TIME:16:16:10
39704
cpu:3.32, 2.59, 1.86,freq:frequency(48)=600000000,throttle_flag:throttled=0x50000,voltage:volt=1.2313V,volt=1.2500V,volt=1.2500V,volt=1.2250V
TIME:16:16:11
39166
cpu:3.06, 2.54, 1.85,freq:frequency(48)=600000000,throttle_flag:throttled=0x50000,voltage:volt=1.2313V,volt=1.2500V,volt=1.2500V,volt=1.2250V
TIME:16:16:12
38628
cpu:3.06, 2.54, 1.85,freq:frequency(48)=600000000,throttle_flag:throttled=0x50000,voltage:volt=1.2313V,volt=1.2500V,volt=1.2500V,volt=1.2250V
TIME:16:16:13
39166
cpu:3.06, 2.54, 1.85,freq:frequency(48)=800000000,throttle_flag:throttled=0x50000,voltage:volt=1.2313V,volt=1.2500V,volt=1.2500V,volt=1.2250V
TIME:16:16:14
39166
cpu:3.06, 2.54, 1.85,freq:frequency(48)=800000000,throttle_flag:throttled=0x50000,voltage:volt=1.2313V,volt=1.2500V,volt=1.2500V,volt=1.2250V
TIME:16:16:15
39166
cpu:2.81, 2.50, 1.84,freq:frequency(48)=800000000,throttle_flag:throttled=0x50000,voltage:volt=1.2313V,volt=1.2500V,volt=1.2500V,volt=1.2250V
TIME:16:16:17
39166
cpu:2.81, 2.50, 1.84,freq:frequency(48)=900000000,throttle_flag:throttled=0x50000,voltage:volt=1.2313V,volt=1.2500V,volt=1.2500V,volt=1.2250V
TIME:16:16:18
38628
cpu:2.81, 2.50, 1.84,freq:frequency(48)=800000000,throttle_flag:throttled=0x50000,voltage:volt=1.2313V,volt=1.2500V,volt=1.2500V,volt=1.2250V
TIME:16:16:19
38628
cpu:2.81, 2.50, 1.84,freq:frequency(48)=800000000,throttle_flag:throttled=0x50000,voltage:volt=1.2313V,volt=1.2500V,volt=1.2500V,volt=1.2250V
TIME:16:16:20
38628
cpu:2.81, 2.50, 1.84,freq:frequency(48)=800000000,throttle_flag:throttled=0x50000,voltage:volt=1.2313V,volt=1.2500V,volt=1.2500V,volt=1.2250V
TIME:16:16:21
38628
cpu:2.67, 2.47, 1.83,freq:frequency(48)=700000000,throttle_flag:throttled=0x50000,voltage:volt=1.2313V,volt=1.2500V,volt=1.2500V,volt=1.2250V
TIME:16:16:22
39166
cpu:2.67, 2.47, 1.83,freq:frequency(48)=800000000,throttle_flag:throttled=0x50000,voltage:volt=1.2313V,volt=1.2500V,volt=1.2500V,volt=1.2250V
TIME:16:16:23
39166
cpu:2.67, 2.47, 1.83,freq:frequency(48)=700000000,throttle_flag:throttled=0x50000,voltage:volt=1.2313V,volt=1.2500V,volt=1.2500V,volt=1.2250V
TIME:16:16:24
38628
cpu:2.67, 2.47, 1.83,freq:frequency(48)=700000000,throttle_flag:throttled=0x50000,voltage:volt=1.2313V,volt=1.2500V,volt=1.2500V,volt=1.2250V
TIME:16:16:25
38628
cpu:2.53, 2.45, 1.83,freq:frequency(48)=700000000,throttle_flag:throttled=0x50000,voltage:volt=1.2313V,volt=1.2500V,volt=1.2500V,volt=1.2250V
TIME:16:16:27
38628
cpu:2.53, 2.45, 1.83,freq:frequency(48)=700000000,throttle_flag:throttled=0x50000,voltage:volt=1.2313V,volt=1.2500V,volt=1.2500V,volt=1.2250V
TIME:16:16:28
38628
cpu:2.53, 2.45, 1.83,freq:frequency(48)=800000000,throttle_flag:throttled=0x50000,voltage:volt=1.2313V,volt=1.2500V,volt=1.2500V,volt=1.2250V
TIME:16:16:29
38628
cpu:2.53, 2.45, 1.83,freq:frequency(48)=1400000000,throttle_flag:throttled=0x50000,voltage:volt=1.3250V,volt=1.2500V,volt=1.2500V,volt=1.2250V
TIME:16:16:30
39704
cpu:2.53, 2.45, 1.83,freq:frequency(48)=1400000000,throttle_flag:throttled=0x50000,voltage:volt=1.3250V,volt=1.2500V,volt=1.2500V,volt=1.2250V
TIME:16:16:31
40242
cpu:2.41, 2.43, 1.82,freq:frequency(48)=1400002000,throttle_flag:throttled=0x50000,voltage:volt=1.3250V,volt=1.2500V,volt=1.2500V,volt=1.2250V
TIME:16:16:32
40780
cpu:2.41, 2.43, 1.82,freq:frequency(48)=1400000000,throttle_flag:throttled=0x50000,voltage:volt=1.3250V,volt=1.2500V,volt=1.2500V,volt=1.2250V
