TIME:16:06:30
40780
cpu:average: 0.61, 2.76,,freq:frequency(48)=1400000000,throttle_flag:throttled=0x50000,voltage:volt=1.3625V,volt=1.2500V,volt=1.2500V,volt=1.2250V
TIME:16:06:31
40780
cpu:average: 0.61, 2.76,,freq:frequency(48)=1399998000,throttle_flag:throttled=0x50000,voltage:volt=1.3625V,volt=1.2500V,volt=1.2500V,volt=1.2250V
TIME:16:06:32
40780
cpu:average: 0.61, 2.76,,freq:frequency(48)=1399998000,throttle_flag:throttled=0x50000,voltage:volt=1.3625V,volt=1.2500V,volt=1.2500V,volt=1.2250V
TIME:16:06:33
39704
cpu:average: 0.61, 2.76,,freq:frequency(48)=600000000,throttle_flag:throttled=0x50000,voltage:volt=1.2625V,volt=1.2500V,volt=1.2500V,volt=1.2250V
TIME:16:06:35
40242
cpu:average: 0.61, 2.76,,freq:frequency(48)=800000000,throttle_flag:throttled=0x50000,voltage:volt=1.2625V,volt=1.2500V,volt=1.2500V,volt=1.2250V
TIME:16:06:36
39704
cpu:average: 0.57, 2.71,,freq:frequency(48)=800000000,throttle_flag:throttled=0x50000,voltage:volt=1.2625V,volt=1.2500V,volt=1.2500V,volt=1.2250V
TIME:16:06:37
39704
cpu:average: 0.57, 2.71,,freq:frequency(48)=800000000,throttle_flag:throttled=0x50000,voltage:volt=1.2625V,volt=1.2500V,volt=1.2500V,volt=1.2250V
TIME:16:06:38
39704
cpu:average: 0.57, 2.71,,freq:frequency(48)=800000000,throttle_flag:throttled=0x50000,voltage:volt=1.2625V,volt=1.2500V,volt=1.2500V,volt=1.2250V
TIME:16:06:39
39704
cpu:average: 0.57, 2.71,,freq:frequency(48)=700000000,throttle_flag:throttled=0x50000,voltage:volt=1.2625V,volt=1.2500V,volt=1.2500V,volt=1.2250V
TIME:16:06:40
39704
cpu:average: 0.52, 2.67,,freq:frequency(48)=700000000,throttle_flag:throttled=0x50000,voltage:volt=1.2625V,volt=1.2500V,volt=1.2500V,volt=1.2250V
TIME:16:06:41
39704
cpu:average: 0.52, 2.67,,freq:frequency(48)=600000000,throttle_flag:throttled=0x50000,voltage:volt=1.2625V,volt=1.2500V,volt=1.2500V,volt=1.2250V
TIME:16:06:42
39166
cpu:average: 0.52, 2.67,,freq:frequency(48)=600000000,throttle_flag:throttled=0x50000,voltage:volt=1.2625V,volt=1.2500V,volt=1.2500V,volt=1.2250V
TIME:16:06:44
39166
cpu:average: 0.52, 2.67,,freq:frequency(48)=800000000,throttle_flag:throttled=0x50000,voltage:volt=1.2625V,volt=1.2500V,volt=1.2500V,volt=1.2250V
TIME:16:06:45
39704
cpu:average: 0.52, 2.67,,freq:frequency(48)=700000000,throttle_flag:throttled=0x50000,voltage:volt=1.2625V,volt=1.2500V,volt=1.2500V,volt=1.2250V
TIME:16:06:46
39704
cpu:average: 0.48, 2.62,,freq:frequency(48)=699998000,throttle_flag:throttled=0x50000,voltage:volt=1.2625V,volt=1.2500V,volt=1.2500V,volt=1.2250V
TIME:16:06:47
39704
cpu:average: 0.48, 2.62,,freq:frequency(48)=700000000,throttle_flag:throttled=0x50000,voltage:volt=1.2625V,volt=1.2500V,volt=1.2500V,volt=1.2250V
TIME:16:06:48
38628
cpu:average: 0.48, 2.62,,freq:frequency(48)=700000000,throttle_flag:throttled=0x50000,voltage:volt=1.2625V,volt=1.2500V,volt=1.2500V,volt=1.2250V
TIME:16:06:49
39704
cpu:average: 0.48, 2.62,,freq:frequency(48)=600000000,throttle_flag:throttled=0x50005,voltage:volt=1.2000V,volt=1.2500V,volt=1.2500V,volt=1.2250V
TIME:16:06:51
41318
cpu:average: 1.32, 2.76,,freq:frequency(48)=600000000,throttle_flag:throttled=0x50005,voltage:volt=1.2000V,volt=1.2500V,volt=1.2500V,volt=1.2250V
TIME:16:06:52
41856
cpu:average: 1.32, 2.76,,freq:frequency(48)=600000000,throttle_flag:throttled=0x50005,voltage:volt=1.2000V,volt=1.2500V,volt=1.2500V,volt=1.2250V
TIME:16:06:54
41856
cpu:average: 1.32, 2.76,,freq:frequency(48)=600000000,throttle_flag:throttled=0x50005,voltage:volt=1.2000V,volt=1.2500V,volt=1.2500V,volt=1.2250V
TIME:16:06:55
42932
cpu:average: 2.02, 2.88,,freq:frequency(48)=600000000,throttle_flag:throttled=0x50005,voltage:volt=1.2000V,volt=1.2500V,volt=1.2500V,volt=1.2250V
TIME:16:06:57
42932
cpu:average: 2.02, 2.88,,freq:frequency(48)=600000000,throttle_flag:throttled=0x50005,voltage:volt=1.2000V,volt=1.2500V,volt=1.2500V,volt=1.2250V
TIME:16:06:58
43470
cpu:average: 2.02, 2.88,,freq:frequency(48)=600000000,throttle_flag:throttled=0x50005,voltage:volt=1.2000V,volt=1.2500V,volt=1.2500V,volt=1.2250V
TIME:16:07:00
42932
cpu:average: 2.02, 2.88,,freq:frequency(48)=600000000,throttle_flag:throttled=0x50005,voltage:volt=1.2000V,volt=1.2500V,volt=1.2500V,volt=1.2250V
TIME:16:07:01
43470
cpu:average: 2.82, 3.04,,freq:frequency(48)=600000000,throttle_flag:throttled=0x50005,voltage:volt=1.2000V,volt=1.2500V,volt=1.2500V,volt=1.2250V
TIME:16:07:02
43470
cpu:average: 2.82, 3.04,,freq:frequency(48)=600000000,throttle_flag:throttled=0x50005,voltage:volt=1.2000V,volt=1.2500V,volt=1.2500V,volt=1.2250V
TIME:16:07:04
44008
cpu:average: 2.82, 3.04,,freq:frequency(48)=600000000,throttle_flag:throttled=0x50005,voltage:volt=1.2000V,volt=1.2500V,volt=1.2500V,volt=1.2250V
TIME:16:07:05
44008
cpu:average: 2.91, 3.05,,freq:frequency(48)=600000000,throttle_flag:throttled=0x50005,voltage:volt=1.2000V,volt=1.2500V,volt=1.2500V,volt=1.2250V
TIME:16:07:07
44546
cpu:average: 2.91, 3.05,,freq:frequency(48)=600000000,throttle_flag:throttled=0x50005,voltage:volt=1.2000V,volt=1.2500V,volt=1.2500V,volt=1.2250V
TIME:16:07:08
44008
cpu:average: 2.91, 3.05,,freq:frequency(48)=600000000,throttle_flag:throttled=0x50005,voltage:volt=1.2000V,volt=1.2500V,volt=1.2500V,volt=1.2250V
TIME:16:07:09
44008
cpu:average: 2.91, 3.05,,freq:frequency(48)=600000000,throttle_flag:throttled=0x50005,voltage:volt=1.2000V,volt=1.2500V,volt=1.2500V,volt=1.2250V
TIME:16:07:11
44008
cpu:average: 3.32, 3.13,,freq:frequency(48)=600000000,throttle_flag:throttled=0x50005,voltage:volt=1.2000V,volt=1.2500V,volt=1.2500V,volt=1.2250V
TIME:16:07:12
44546
cpu:average: 3.32, 3.13,,freq:frequency(48)=600000000,throttle_flag:throttled=0x50005,voltage:volt=1.2000V,volt=1.2500V,volt=1.2500V,volt=1.2250V
TIME:16:07:14
45084
cpu:average: 3.32, 3.13,,freq:frequency(48)=600000000,throttle_flag:throttled=0x50005,voltage:volt=1.2000V,volt=1.2500V,volt=1.2500V,volt=1.2250V
TIME:16:07:15
44546
cpu:average: 3.61, 3.20,,freq:frequency(48)=1400000000,throttle_flag:throttled=0x50000,voltage:volt=1.2000V,volt=1.2500V,volt=1.2500V,volt=1.2250V
TIME:16:07:16
44546
cpu:average: 3.61, 3.20,,freq:frequency(48)=600000000,throttle_flag:throttled=0x50005,voltage:volt=1.2000V,volt=1.2500V,volt=1.2500V,volt=1.2250V
TIME:16:07:18
45084
cpu:average: 3.61, 3.20,,freq:frequency(48)=600000000,throttle_flag:throttled=0x50005,voltage:volt=1.2000V,volt=1.2500V,volt=1.2500V,volt=1.2250V
TIME:16:07:19
45084
cpu:average: 3.61, 3.20,,freq:frequency(48)=600000000,throttle_flag:throttled=0x50005,voltage:volt=1.2000V,volt=1.2500V,volt=1.2500V,volt=1.2250V
TIME:16:07:20
45084
cpu:average: 4.45, 3.38,,freq:frequency(48)=600000000,throttle_flag:throttled=0x50005,voltage:volt=1.2000V,volt=1.2500V,volt=1.2500V,volt=1.2250V
TIME:16:07:22
45084
cpu:average: 4.45, 3.38,,freq:frequency(48)=600000000,throttle_flag:throttled=0x50005,voltage:volt=1.2000V,volt=1.2500V,volt=1.2500V,volt=1.2250V
TIME:16:07:23
45084
cpu:average: 4.45, 3.38,,freq:frequency(48)=600000000,throttle_flag:throttled=0x50000,voltage:volt=1.3625V,volt=1.2500V,volt=1.2500V,volt=1.2250V
TIME:16:07:25
45084
cpu:average: 4.45, 3.38,,freq:frequency(48)=600000000,throttle_flag:throttled=0x50005,voltage:volt=1.2000V,volt=1.2500V,volt=1.2500V,volt=1.2250V
TIME:16:07:26
45084
cpu:average: 4.89, 3.49,,freq:frequency(48)=600000000,throttle_flag:throttled=0x50005,voltage:volt=1.2000V,volt=1.2500V,volt=1.2500V,volt=1.2250V
TIME:16:07:27
45084
cpu:average: 4.89, 3.49,,freq:frequency(48)=600000000,throttle_flag:throttled=0x50005,voltage:volt=1.2000V,volt=1.2500V,volt=1.2500V,volt=1.2250V
TIME:16:07:29
45084
cpu:average: 4.89, 3.49,,freq:frequency(48)=600000000,throttle_flag:throttled=0x50005,voltage:volt=1.2000V,volt=1.2500V,volt=1.2500V,volt=1.2250V
TIME:16:07:30
45084
cpu:average: 5.62, 3.66,,freq:frequency(48)=600000000,throttle_flag:throttled=0x50005,voltage:volt=1.2000V,volt=1.2500V,volt=1.2500V,volt=1.2250V
TIME:16:07:32
45084
cpu:average: 5.62, 3.66,,freq:frequency(48)=600000000,throttle_flag:throttled=0x50005,voltage:volt=1.2000V,volt=1.2500V,volt=1.2500V,volt=1.2250V
TIME:16:07:33
45084
cpu:average: 5.62, 3.66,,freq:frequency(48)=600000000,throttle_flag:throttled=0x50005,voltage:volt=1.2000V,volt=1.2500V,volt=1.2500V,volt=1.2250V
TIME:16:07:35
45084
cpu:average: 5.62, 3.66,,freq:frequency(48)=600000000,throttle_flag:throttled=0x50005,voltage:volt=1.2000V,volt=1.2500V,volt=1.2500V,volt=1.2250V
TIME:16:07:36
45084
cpu:average: 6.21, 3.82,,freq:frequency(48)=600000000,throttle_flag:throttled=0x50005,voltage:volt=1.2000V,volt=1.2500V,volt=1.2500V,volt=1.2250V
TIME:16:07:37
45084
cpu:average: 6.21, 3.82,,freq:frequency(48)=600000000,throttle_flag:throttled=0x50005,voltage:volt=1.2000V,volt=1.2500V,volt=1.2500V,volt=1.2250V
TIME:16:07:39
45622
cpu:average: 6.21, 3.82,,freq:frequency(48)=600000000,throttle_flag:throttled=0x50005,voltage:volt=1.2000V,volt=1.2500V,volt=1.2500V,volt=1.2250V
TIME:16:07:40
45084
cpu:average: 6.60, 3.94,,freq:frequency(48)=600000000,throttle_flag:throttled=0x50005,voltage:volt=1.2000V,volt=1.2500V,volt=1.2500V,volt=1.2250V
TIME:16:07:42
46160
cpu:average: 6.60, 3.94,,freq:frequency(48)=600000000,throttle_flag:throttled=0x50005,voltage:volt=1.2000V,volt=1.2500V,volt=1.2500V,volt=1.2250V
TIME:16:07:43
45084
cpu:average: 6.60, 3.94,,freq:frequency(48)=600000000,throttle_flag:throttled=0x50005,voltage:volt=1.2000V,volt=1.2500V,volt=1.2500V,volt=1.2250V
TIME:16:07:44
45622
cpu:average: 6.60, 3.94,,freq:frequency(48)=600000000,throttle_flag:throttled=0x50005,voltage:volt=1.2000V,volt=1.2500V,volt=1.2500V,volt=1.2250V
TIME:16:07:46
46160
cpu:average: 6.87, 4.04,,freq:frequency(48)=600000000,throttle_flag:throttled=0x50005,voltage:volt=1.2000V,volt=1.2500V,volt=1.2500V,volt=1.2250V
TIME:16:07:47
45622
cpu:average: 6.87, 4.04,,freq:frequency(48)=600000000,throttle_flag:throttled=0x50005,voltage:volt=1.2000V,volt=1.2500V,volt=1.2500V,volt=1.2250V
TIME:16:07:49
45084
cpu:average: 6.87, 4.04,,freq:frequency(48)=600000000,throttle_flag:throttled=0x50005,voltage:volt=1.2000V,volt=1.2500V,volt=1.2500V,volt=1.2250V
TIME:16:07:50
45622
cpu:average: 6.32, 3.97,,freq:frequency(48)=600000000,throttle_flag:throttled=0x50005,voltage:volt=1.2000V,volt=1.2500V,volt=1.2500V,volt=1.2250V
TIME:16:07:51
46160
cpu:average: 6.32, 3.97,,freq:frequency(48)=600000000,throttle_flag:throttled=0x50005,voltage:volt=1.2000V,volt=1.2500V,volt=1.2500V,volt=1.2250V
TIME:16:07:53
45622
cpu:average: 6.32, 3.97,,freq:frequency(48)=600000000,throttle_flag:throttled=0x50005,voltage:volt=1.2000V,volt=1.2500V,volt=1.2500V,volt=1.2250V
TIME:16:07:54
45622
cpu:average: 6.32, 3.97,,freq:frequency(48)=600000000,throttle_flag:throttled=0x50005,voltage:volt=1.2000V,volt=1.2500V,volt=1.2500V,volt=1.2250V
TIME:16:07:56
46160
cpu:average: 6.21, 3.99,,freq:frequency(48)=600000000,throttle_flag:throttled=0x50005,voltage:volt=1.2000V,volt=1.2500V,volt=1.2500V,volt=1.2250V
TIME:16:07:57
45084
cpu:average: 6.21, 3.99,,freq:frequency(48)=600000000,throttle_flag:throttled=0x50005,voltage:volt=1.2000V,volt=1.2500V,volt=1.2500V,volt=1.2250V
TIME:16:07:58
45622
cpu:average: 6.21, 3.99,,freq:frequency(48)=600000000,throttle_flag:throttled=0x50005,voltage:volt=1.2000V,volt=1.2500V,volt=1.2500V,volt=1.2250V
TIME:16:08:00
45622
cpu:average: 6.68, 4.12,,freq:frequency(48)=600000000,throttle_flag:throttled=0x50005,voltage:volt=1.2000V,volt=1.2500V,volt=1.2500V,volt=1.2250V
TIME:16:08:01
46160
cpu:average: 6.68, 4.12,,freq:frequency(48)=600000000,throttle_flag:throttled=0x50005,voltage:volt=1.2000V,volt=1.2500V,volt=1.2500V,volt=1.2250V
TIME:16:08:03
46160
cpu:average: 6.68, 4.12,,freq:frequency(48)=600000000,throttle_flag:throttled=0x50005,voltage:volt=1.2000V,volt=1.2500V,volt=1.2500V,volt=1.2250V
TIME:16:08:04
46160
cpu:average: 6.68, 4.12,,freq:frequency(48)=600000000,throttle_flag:throttled=0x50005,voltage:volt=1.2000V,volt=1.2500V,volt=1.2500V,volt=1.2250V
TIME:16:08:05
46160
cpu:average: 6.70, 4.17,,freq:frequency(48)=600000000,throttle_flag:throttled=0x50005,voltage:volt=1.2000V,volt=1.2500V,volt=1.2500V,volt=1.2250V
TIME:16:08:07
46160
cpu:average: 6.70, 4.17,,freq:frequency(48)=600000000,throttle_flag:throttled=0x50005,voltage:volt=1.2000V,volt=1.2500V,volt=1.2500V,volt=1.2250V
TIME:16:08:08
46160
cpu:average: 6.70, 4.17,,freq:frequency(48)=600000000,throttle_flag:throttled=0x50005,voltage:volt=1.2000V,volt=1.2500V,volt=1.2500V,volt=1.2250V
TIME:16:08:10
46160
cpu:average: 6.70, 4.17,,freq:frequency(48)=600000000,throttle_flag:throttled=0x50005,voltage:volt=1.2000V,volt=1.2500V,volt=1.2500V,volt=1.2250V
TIME:16:08:11
45622
cpu:average: 6.57, 4.18,,freq:frequency(48)=600000000,throttle_flag:throttled=0x50005,voltage:volt=1.2000V,volt=1.2500V,volt=1.2500V,volt=1.2250V
TIME:16:08:13
45622
cpu:average: 6.57, 4.18,,freq:frequency(48)=600000000,throttle_flag:throttled=0x50005,voltage:volt=1.2000V,volt=1.2500V,volt=1.2500V,volt=1.2250V
TIME:16:08:14
46160
cpu:average: 6.57, 4.18,,freq:frequency(48)=600000000,throttle_flag:throttled=0x50005,voltage:volt=1.2000V,volt=1.2500V,volt=1.2500V,volt=1.2250V
TIME:16:08:15
45622
cpu:average: 6.60, 4.23,,freq:frequency(48)=600000000,throttle_flag:throttled=0x50005,voltage:volt=1.2000V,volt=1.2500V,volt=1.2500V,volt=1.2250V
TIME:16:08:17
46160
cpu:average: 6.60, 4.23,,freq:frequency(48)=600000000,throttle_flag:throttled=0x50005,voltage:volt=1.2000V,volt=1.2500V,volt=1.2500V,volt=1.2250V
TIME:16:08:18
46160
cpu:average: 6.60, 4.23,,freq:frequency(48)=600000000,throttle_flag:throttled=0x50005,voltage:volt=1.2000V,volt=1.2500V,volt=1.2500V,volt=1.2250V
TIME:16:08:20
46160
cpu:average: 6.60, 4.23,,freq:frequency(48)=600000000,throttle_flag:throttled=0x50005,voltage:volt=1.2000V,volt=1.2500V,volt=1.2500V,volt=1.2250V
TIME:16:08:21
46160
cpu:average: 6.95, 4.34,,freq:frequency(48)=600000000,throttle_flag:throttled=0x50005,voltage:volt=1.2000V,volt=1.2500V,volt=1.2500V,volt=1.2250V
TIME:16:08:22
46160
cpu:average: 6.95, 4.34,,freq:frequency(48)=600000000,throttle_flag:throttled=0x50005,voltage:volt=1.2000V,volt=1.2500V,volt=1.2500V,volt=1.2250V
TIME:16:08:24
46698
cpu:average: 6.95, 4.34,,freq:frequency(48)=600000000,throttle_flag:throttled=0x50005,voltage:volt=1.2000V,volt=1.2500V,volt=1.2500V,volt=1.2250V
TIME:16:08:25
45622
cpu:average: 6.96, 4.39,,freq:frequency(48)=1400000000,throttle_flag:throttled=0x50005,voltage:volt=1.2000V,volt=1.2500V,volt=1.2500V,volt=1.2250V
TIME:16:08:27
46160
cpu:average: 6.96, 4.39,,freq:frequency(48)=600000000,throttle_flag:throttled=0x50005,voltage:volt=1.2000V,volt=1.2500V,volt=1.2500V,volt=1.2250V
TIME:16:08:28
46160
cpu:average: 6.96, 4.39,,freq:frequency(48)=600000000,throttle_flag:throttled=0x50005,voltage:volt=1.2000V,volt=1.2500V,volt=1.2500V,volt=1.2250V
TIME:16:08:30
46160
cpu:average: 6.96, 4.39,,freq:frequency(48)=600000000,throttle_flag:throttled=0x50005,voltage:volt=1.2000V,volt=1.2500V,volt=1.2500V,volt=1.2250V
TIME:16:08:31
46160
cpu:average: 7.36, 4.52,,freq:frequency(48)=600000000,throttle_flag:throttled=0x50005,voltage:volt=1.2000V,volt=1.2500V,volt=1.2500V,volt=1.2250V
TIME:16:08:32
46160
cpu:average: 7.36, 4.52,,freq:frequency(48)=600000000,throttle_flag:throttled=0x50005,voltage:volt=1.2000V,volt=1.2500V,volt=1.2500V,volt=1.2250V
TIME:16:08:34
46160
cpu:average: 7.36, 4.52,,freq:frequency(48)=1400000000,throttle_flag:throttled=0x50000,voltage:volt=1.3625V,volt=1.2500V,volt=1.2500V,volt=1.2250V
TIME:16:08:35
46160
cpu:average: 7.73, 4.64,,freq:frequency(48)=600000000,throttle_flag:throttled=0x50005,voltage:volt=1.2000V,volt=1.2500V,volt=1.2500V,volt=1.2250V
TIME:16:08:36
46160
cpu:average: 7.73, 4.64,,freq:frequency(48)=600000000,throttle_flag:throttled=0x50005,voltage:volt=1.2000V,volt=1.2500V,volt=1.2500V,volt=1.2250V
TIME:16:08:38
46160
cpu:average: 7.73, 4.64,,freq:frequency(48)=600000000,throttle_flag:throttled=0x50005,voltage:volt=1.2000V,volt=1.2500V,volt=1.2500V,volt=1.2250V
TIME:16:08:39
46160
cpu:average: 7.73, 4.64,,freq:frequency(48)=600000000,throttle_flag:throttled=0x50005,voltage:volt=1.2000V,volt=1.2500V,volt=1.2500V,volt=1.2250V
TIME:16:08:41
46698
cpu:average: 7.99, 4.75,,freq:frequency(48)=600000000,throttle_flag:throttled=0x50005,voltage:volt=1.2000V,volt=1.2500V,volt=1.2500V,volt=1.2250V
TIME:16:08:42
46160
cpu:average: 7.99, 4.75,,freq:frequency(48)=600000000,throttle_flag:throttled=0x50005,voltage:volt=1.2000V,volt=1.2500V,volt=1.2500V,volt=1.2250V
TIME:16:08:43
46698
cpu:average: 7.99, 4.75,,freq:frequency(48)=600000000,throttle_flag:throttled=0x50005,voltage:volt=1.2000V,volt=1.2500V,volt=1.2500V,volt=1.2250V
TIME:16:08:45
46160
cpu:average: 8.16, 4.83,,freq:frequency(48)=600000000,throttle_flag:throttled=0x50005,voltage:volt=1.2000V,volt=1.2500V,volt=1.2500V,volt=1.2250V
TIME:16:08:46
46160
cpu:average: 8.16, 4.83,,freq:frequency(48)=600000000,throttle_flag:throttled=0x50005,voltage:volt=1.2000V,volt=1.2500V,volt=1.2500V,volt=1.2250V
TIME:16:08:48
46698
cpu:average: 8.16, 4.83,,freq:frequency(48)=600000000,throttle_flag:throttled=0x50005,voltage:volt=1.2000V,volt=1.2500V,volt=1.2500V,volt=1.2250V
TIME:16:08:49
46160
cpu:average: 8.16, 4.83,,freq:frequency(48)=600000000,throttle_flag:throttled=0x50005,voltage:volt=1.2000V,volt=1.2500V,volt=1.2500V,volt=1.2250V
TIME:16:08:51
46160
cpu:average: 7.82, 4.82,,freq:frequency(48)=600000000,throttle_flag:throttled=0x50005,voltage:volt=1.2000V,volt=1.2500V,volt=1.2500V,volt=1.2250V
TIME:16:08:52
46160
cpu:average: 7.82, 4.82,,freq:frequency(48)=600000000,throttle_flag:throttled=0x50005,voltage:volt=1.2000V,volt=1.2500V,volt=1.2500V,volt=1.2250V
TIME:16:08:53
46160
cpu:average: 7.82, 4.82,,freq:frequency(48)=600000000,throttle_flag:throttled=0x50005,voltage:volt=1.2000V,volt=1.2500V,volt=1.2500V,volt=1.2250V
TIME:16:08:55
46160
cpu:average: 7.82, 4.82,,freq:frequency(48)=600000000,throttle_flag:throttled=0x50005,voltage:volt=1.2000V,volt=1.2500V,volt=1.2500V,volt=1.2250V
TIME:16:08:56
46698
cpu:average: 8.16, 4.94,,freq:frequency(48)=600000000,throttle_flag:throttled=0x50005,voltage:volt=1.2000V,volt=1.2500V,volt=1.2500V,volt=1.2250V
TIME:16:08:58
46160
cpu:average: 8.16, 4.94,,freq:frequency(48)=600000000,throttle_flag:throttled=0x50005,voltage:volt=1.2000V,volt=1.2500V,volt=1.2500V,volt=1.2250V
TIME:16:08:59
46160
cpu:average: 8.16, 4.94,,freq:frequency(48)=600000000,throttle_flag:throttled=0x50005,voltage:volt=1.2000V,volt=1.2500V,volt=1.2500V,volt=1.2250V
TIME:16:09:00
46698
cpu:average: 7.82, 4.92,,freq:frequency(48)=600000000,throttle_flag:throttled=0x50005,voltage:volt=1.2000V,volt=1.2500V,volt=1.2500V,volt=1.2250V
TIME:16:09:02
47236
cpu:average: 7.82, 4.92,,freq:frequency(48)=600000000,throttle_flag:throttled=0x50005,voltage:volt=1.2000V,volt=1.2500V,volt=1.2500V,volt=1.2250V
TIME:16:09:03
46160
cpu:average: 7.82, 4.92,,freq:frequency(48)=600000000,throttle_flag:throttled=0x50005,voltage:volt=1.2000V,volt=1.2500V,volt=1.2500V,volt=1.2250V
TIME:16:09:05
47236
cpu:average: 7.82, 4.92,,freq:frequency(48)=600000000,throttle_flag:throttled=0x50005,voltage:volt=1.2000V,volt=1.2500V,volt=1.2500V,volt=1.2250V
TIME:16:09:06
47236
cpu:average: 8.08, 5.02,,freq:frequency(48)=600000000,throttle_flag:throttled=0x50005,voltage:volt=1.2000V,volt=1.2500V,volt=1.2500V,volt=1.2250V
TIME:16:09:07
46698
cpu:average: 8.08, 5.02,,freq:frequency(48)=600000000,throttle_flag:throttled=0x50005,voltage:volt=1.2000V,volt=1.2500V,volt=1.2500V,volt=1.2250V
TIME:16:09:09
46698
cpu:average: 8.08, 5.02,,freq:frequency(48)=600000000,throttle_flag:throttled=0x50005,voltage:volt=1.2000V,volt=1.2500V,volt=1.2500V,volt=1.2250V
TIME:16:09:10
47236
cpu:average: 8.15, 5.09,,freq:frequency(48)=600000000,throttle_flag:throttled=0x50005,voltage:volt=1.2000V,volt=1.2500V,volt=1.2500V,volt=1.2250V
TIME:16:09:12
46698
cpu:average: 8.15, 5.09,,freq:frequency(48)=600000000,throttle_flag:throttled=0x50005,voltage:volt=1.2000V,volt=1.2500V,volt=1.2500V,volt=1.2250V
TIME:16:09:13
46160
cpu:average: 8.15, 5.09,,freq:frequency(48)=600000000,throttle_flag:throttled=0x50005,voltage:volt=1.2000V,volt=1.2500V,volt=1.2500V,volt=1.2250V
TIME:16:09:14
46698
cpu:average: 8.15, 5.09,,freq:frequency(48)=600000000,throttle_flag:throttled=0x50005,voltage:volt=1.2000V,volt=1.2500V,volt=1.2500V,volt=1.2250V
TIME:16:09:16
46698
cpu:average: 7.82, 5.07,,freq:frequency(48)=600000000,throttle_flag:throttled=0x50005,voltage:volt=1.2000V,volt=1.2500V,volt=1.2500V,volt=1.2250V
TIME:16:09:17
46698
cpu:average: 7.82, 5.07,,freq:frequency(48)=600000000,throttle_flag:throttled=0x50005,voltage:volt=1.2000V,volt=1.2500V,volt=1.2500V,volt=1.2250V
TIME:16:09:18
46698
cpu:average: 7.82, 5.07,,freq:frequency(48)=600000000,throttle_flag:throttled=0x50005,voltage:volt=1.2000V,volt=1.2500V,volt=1.2500V,volt=1.2250V
TIME:16:09:20
46698
cpu:average: 8.31, 5.22,,freq:frequency(48)=600000000,throttle_flag:throttled=0x50005,voltage:volt=1.2000V,volt=1.2500V,volt=1.2500V,volt=1.2250V
TIME:16:09:21
46160
cpu:average: 8.31, 5.22,,freq:frequency(48)=600000000,throttle_flag:throttled=0x50005,voltage:volt=1.2000V,volt=1.2500V,volt=1.2500V,volt=1.2250V
TIME:16:09:23
46698
cpu:average: 8.31, 5.22,,freq:frequency(48)=600000000,throttle_flag:throttled=0x50005,voltage:volt=1.2000V,volt=1.2500V,volt=1.2500V,volt=1.2250V
TIME:16:09:24
46698
cpu:average: 8.31, 5.22,,freq:frequency(48)=600000000,throttle_flag:throttled=0x50005,voltage:volt=1.2000V,volt=1.2500V,volt=1.2500V,volt=1.2250V
TIME:16:09:26
46698
cpu:average: 8.37, 5.28,,freq:frequency(48)=600000000,throttle_flag:throttled=0x50005,voltage:volt=1.2000V,volt=1.2500V,volt=1.2500V,volt=1.2250V
TIME:16:09:27
47236
cpu:average: 8.37, 5.28,,freq:frequency(48)=600000000,throttle_flag:throttled=0x50005,voltage:volt=1.2000V,volt=1.2500V,volt=1.2500V,volt=1.2250V
TIME:16:09:28
47236
cpu:8.37, 5.28, 11.19,freq:frequency(48)=600000000,throttle_flag:throttled=0x50005,voltage:volt=1.2000V,volt=1.2500V,volt=1.2500V,volt=1.2250V
TIME:16:09:30
47236
cpu:8.37, 5.28, 11.19,freq:frequency(48)=600000000,throttle_flag:throttled=0x50005,voltage:volt=1.2000V,volt=1.2500V,volt=1.2500V,volt=1.2250V
TIME:16:09:31
47236
cpu:8.26, 5.31, 11.16,freq:frequency(48)=600000000,throttle_flag:throttled=0x50005,voltage:volt=1.2000V,volt=1.2500V,volt=1.2500V,volt=1.2250V
TIME:16:09:32
47236
cpu:8.26, 5.31, 11.16,freq:frequency(48)=600000000,throttle_flag:throttled=0x50005,voltage:volt=1.2000V,volt=1.2500V,volt=1.2500V,volt=1.2250V
TIME:16:09:34
47236
cpu:8.26, 5.31, 11.16,freq:frequency(48)=600000000,throttle_flag:throttled=0x50005,voltage:volt=1.2000V,volt=1.2500V,volt=1.2500V,volt=1.2250V
TIME:16:09:35
46160
cpu:8.24, 5.36, 11.15,freq:frequency(48)=600000000,throttle_flag:throttled=0x50005,voltage:volt=1.2000V,volt=1.2500V,volt=1.2500V,volt=1.2250V
TIME:16:09:37
47236
cpu:8.24, 5.36, 11.15,freq:frequency(48)=600000000,throttle_flag:throttled=0x50005,voltage:volt=1.2000V,volt=1.2500V,volt=1.2500V,volt=1.2250V
TIME:16:09:38
47236
cpu:8.24, 5.36, 11.15,freq:frequency(48)=600000000,throttle_flag:throttled=0x50005,voltage:volt=1.2000V,volt=1.2500V,volt=1.2500V,volt=1.2250V
TIME:16:09:39
46698
cpu:8.24, 5.36, 11.15,freq:frequency(48)=600000000,throttle_flag:throttled=0x50005,voltage:volt=1.2000V,volt=1.2500V,volt=1.2500V,volt=1.2250V
TIME:16:09:41
47236
cpu:8.38, 5.43, 11.14,freq:frequency(48)=600000000,throttle_flag:throttled=0x50005,voltage:volt=1.2000V,volt=1.2500V,volt=1.2500V,volt=1.2250V
TIME:16:09:42
46160
cpu:8.38, 5.43, 11.14,freq:frequency(48)=600000000,throttle_flag:throttled=0x50005,voltage:volt=1.2000V,volt=1.2500V,volt=1.2500V,volt=1.2250V
TIME:16:09:44
47236
cpu:8.38, 5.43, 11.14,freq:frequency(48)=600000000,throttle_flag:throttled=0x50005,voltage:volt=1.2000V,volt=1.2500V,volt=1.2500V,volt=1.2250V
TIME:16:09:45
47236
cpu:8.43, 5.49, 11.13,freq:frequency(48)=600000000,throttle_flag:throttled=0x50005,voltage:volt=1.2000V,volt=1.2500V,volt=1.2500V,volt=1.2250V
TIME:16:09:46
47236
cpu:8.43, 5.49, 11.13,freq:frequency(48)=600000000,throttle_flag:throttled=0x50005,voltage:volt=1.2000V,volt=1.2500V,volt=1.2500V,volt=1.2250V
TIME:16:09:48
47236
cpu:8.43, 5.49, 11.13,freq:frequency(48)=600000000,throttle_flag:throttled=0x50005,voltage:volt=1.2000V,volt=1.2500V,volt=1.2500V,volt=1.2250V
TIME:16:09:49
46698
cpu:8.43, 5.49, 11.13,freq:frequency(48)=600000000,throttle_flag:throttled=0x50005,voltage:volt=1.2000V,volt=1.2500V,volt=1.2500V,volt=1.2250V
TIME:16:09:50
47236
cpu:8.24, 5.50, 11.10,freq:frequency(48)=600000000,throttle_flag:throttled=0x50005,voltage:volt=1.2000V,volt=1.2500V,volt=1.2500V,volt=1.2250V
TIME:16:09:52
47236
cpu:8.24, 5.50, 11.10,freq:frequency(48)=600000000,throttle_flag:throttled=0x50005,voltage:volt=1.2000V,volt=1.2500V,volt=1.2500V,volt=1.2250V
TIME:16:09:53
46698
cpu:8.24, 5.50, 11.10,freq:frequency(48)=600000000,throttle_flag:throttled=0x50005,voltage:volt=1.2000V,volt=1.2500V,volt=1.2500V,volt=1.2250V
TIME:16:09:55
47236
cpu:8.24, 5.50, 11.10,freq:frequency(48)=600000000,throttle_flag:throttled=0x50005,voltage:volt=1.2000V,volt=1.2500V,volt=1.2500V,volt=1.2250V
TIME:16:09:56
46698
cpu:8.30, 5.56, 11.09,freq:frequency(48)=600000000,throttle_flag:throttled=0x50005,voltage:volt=1.3625V,volt=1.2500V,volt=1.2500V,volt=1.2250V
TIME:16:09:57
47236
cpu:8.30, 5.56, 11.09,freq:frequency(48)=600000000,throttle_flag:throttled=0x50005,voltage:volt=1.2000V,volt=1.2500V,volt=1.2500V,volt=1.2250V
TIME:16:09:59
47236
cpu:8.30, 5.56, 11.09,freq:frequency(48)=600000000,throttle_flag:throttled=0x50005,voltage:volt=1.2000V,volt=1.2500V,volt=1.2500V,volt=1.2250V
TIME:16:10:00
47236
cpu:8.83, 5.72, 11.11,freq:frequency(48)=600000000,throttle_flag:throttled=0x50005,voltage:volt=1.2000V,volt=1.2500V,volt=1.2500V,volt=1.2250V
TIME:16:10:02
47236
cpu:8.83, 5.72, 11.11,freq:frequency(48)=600000000,throttle_flag:throttled=0x50005,voltage:volt=1.2000V,volt=1.2500V,volt=1.2500V,volt=1.2250V
TIME:16:10:03
47236
cpu:8.83, 5.72, 11.11,freq:frequency(48)=600000000,throttle_flag:throttled=0x50005,voltage:volt=1.2000V,volt=1.2500V,volt=1.2500V,volt=1.2250V
TIME:16:10:04
47774
cpu:8.83, 5.72, 11.11,freq:frequency(48)=600000000,throttle_flag:throttled=0x50005,voltage:volt=1.2000V,volt=1.2500V,volt=1.2500V,volt=1.2250V
TIME:16:10:06
47236
cpu:8.69, 5.74, 11.09,freq:frequency(48)=600000000,throttle_flag:throttled=0x50005,voltage:volt=1.2000V,volt=1.2500V,volt=1.2500V,volt=1.2250V
TIME:16:10:07
46698
cpu:8.69, 5.74, 11.09,freq:frequency(48)=600000000,throttle_flag:throttled=0x50005,voltage:volt=1.2000V,volt=1.2500V,volt=1.2500V,volt=1.2250V
TIME:16:10:09
47236
cpu:8.69, 5.74, 11.09,freq:frequency(48)=600000000,throttle_flag:throttled=0x50005,voltage:volt=1.2000V,volt=1.2500V,volt=1.2500V,volt=1.2250V
TIME:16:10:10
47236
cpu:8.63, 5.78, 11.07,freq:frequency(48)=600000000,throttle_flag:throttled=0x50005,voltage:volt=1.2000V,volt=1.2500V,volt=1.2500V,volt=1.2250V
TIME:16:10:11
47236
cpu:8.63, 5.78, 11.07,freq:frequency(48)=600000000,throttle_flag:throttled=0x50005,voltage:volt=1.2000V,volt=1.2500V,volt=1.2500V,volt=1.2250V
TIME:16:10:13
47236
cpu:8.63, 5.78, 11.07,freq:frequency(48)=600000000,throttle_flag:throttled=0x50005,voltage:volt=1.2000V,volt=1.2500V,volt=1.2500V,volt=1.2250V
TIME:16:10:14
47236
cpu:8.63, 5.78, 11.07,freq:frequency(48)=600000000,throttle_flag:throttled=0x50005,voltage:volt=1.2000V,volt=1.2500V,volt=1.2500V,volt=1.2250V
TIME:16:10:16
47236
cpu:8.42, 5.78, 11.04,freq:frequency(48)=600000000,throttle_flag:throttled=0x50005,voltage:volt=1.2000V,volt=1.2500V,volt=1.2500V,volt=1.2250V
TIME:16:10:17
47236
cpu:8.42, 5.78, 11.04,freq:frequency(48)=600000000,throttle_flag:throttled=0x50005,voltage:volt=1.2000V,volt=1.2500V,volt=1.2500V,volt=1.2250V
TIME:16:10:19
47236
cpu:8.42, 5.78, 11.04,freq:frequency(48)=600000000,throttle_flag:throttled=0x50005,voltage:volt=1.2000V,volt=1.2500V,volt=1.2500V,volt=1.2250V
TIME:16:10:20
47236
cpu:8.23, 5.78, 11.02,freq:frequency(48)=600000000,throttle_flag:throttled=0x50005,voltage:volt=1.2000V,volt=1.2500V,volt=1.2500V,volt=1.2250V
TIME:16:10:21
47236
cpu:8.23, 5.78, 11.02,freq:frequency(48)=600000000,throttle_flag:throttled=0x50005,voltage:volt=1.2000V,volt=1.2500V,volt=1.2500V,volt=1.2250V
TIME:16:10:23
47236
cpu:8.23, 5.78, 11.02,freq:frequency(48)=600000000,throttle_flag:throttled=0x50005,voltage:volt=1.2000V,volt=1.2500V,volt=1.2500V,volt=1.2250V
TIME:16:10:24
47236
cpu:8.23, 5.78, 11.02,freq:frequency(48)=600000000,throttle_flag:throttled=0x50005,voltage:volt=1.2000V,volt=1.2500V,volt=1.2500V,volt=1.2250V
TIME:16:10:26
47236
cpu:8.21, 5.82, 11.00,freq:frequency(48)=600000000,throttle_flag:throttled=0x50005,voltage:volt=1.2000V,volt=1.2500V,volt=1.2500V,volt=1.2250V
TIME:16:10:27
47236
cpu:8.21, 5.82, 11.00,freq:frequency(48)=600000000,throttle_flag:throttled=0x50005,voltage:volt=1.2000V,volt=1.2500V,volt=1.2500V,volt=1.2250V
TIME:16:10:28
46160
cpu:8.21, 5.82, 11.00,freq:frequency(48)=600000000,throttle_flag:throttled=0x50005,voltage:volt=1.2000V,volt=1.2500V,volt=1.2500V,volt=1.2250V
TIME:16:10:30
47774
cpu:8.35, 5.89, 11.00,freq:frequency(48)=600000000,throttle_flag:throttled=0x50005,voltage:volt=1.2000V,volt=1.2500V,volt=1.2500V,volt=1.2250V
TIME:16:10:31
47236
cpu:8.35, 5.89, 11.00,freq:frequency(48)=600000000,throttle_flag:throttled=0x50005,voltage:volt=1.2000V,volt=1.2500V,volt=1.2500V,volt=1.2250V
TIME:16:10:33
47236
cpu:8.35, 5.89, 11.00,freq:frequency(48)=600000000,throttle_flag:throttled=0x50005,voltage:volt=1.2000V,volt=1.2500V,volt=1.2500V,volt=1.2250V
TIME:16:10:34
47774
cpu:8.35, 5.89, 11.00,freq:frequency(48)=600000000,throttle_flag:throttled=0x50005,voltage:volt=1.2000V,volt=1.2500V,volt=1.2500V,volt=1.2250V
TIME:16:10:36
47236
cpu:8.48, 5.96, 10.99,freq:frequency(48)=600000000,throttle_flag:throttled=0x50005,voltage:volt=1.2000V,volt=1.2500V,volt=1.2500V,volt=1.2250V
TIME:16:10:37
47236
cpu:8.48, 5.96, 10.99,freq:frequency(48)=600000000,throttle_flag:throttled=0x50005,voltage:volt=1.2000V,volt=1.2500V,volt=1.2500V,volt=1.2250V
TIME:16:10:38
47774
cpu:8.48, 5.96, 10.99,freq:frequency(48)=600000000,throttle_flag:throttled=0x50005,voltage:volt=1.2000V,volt=1.2500V,volt=1.2500V,volt=1.2250V
TIME:16:10:40
47774
cpu:8.48, 5.96, 10.99,freq:frequency(48)=600000000,throttle_flag:throttled=0x50005,voltage:volt=1.2000V,volt=1.2500V,volt=1.2500V,volt=1.2250V
TIME:16:10:41
47236
cpu:8.44, 5.99, 10.97,freq:frequency(48)=600000000,throttle_flag:throttled=0x50005,voltage:volt=1.2000V,volt=1.2500V,volt=1.2500V,volt=1.2250V
TIME:16:10:42
47236
cpu:8.44, 5.99, 10.97,freq:frequency(48)=600000000,throttle_flag:throttled=0x50000,voltage:volt=1.3625V,volt=1.2500V,volt=1.2500V,volt=1.2250V
TIME:16:10:44
47236
cpu:8.44, 5.99, 10.97,freq:frequency(48)=600000000,throttle_flag:throttled=0x50005,voltage:volt=1.2000V,volt=1.2500V,volt=1.2500V,volt=1.2250V
TIME:16:10:45
47236
cpu:8.73, 6.09, 10.98,freq:frequency(48)=600000000,throttle_flag:throttled=0x50005,voltage:volt=1.2000V,volt=1.2500V,volt=1.2500V,volt=1.2250V
TIME:16:10:47
47774
cpu:8.73, 6.09, 10.98,freq:frequency(48)=600000000,throttle_flag:throttled=0x50005,voltage:volt=1.2000V,volt=1.2500V,volt=1.2500V,volt=1.2250V
TIME:16:10:48
47774
cpu:8.73, 6.09, 10.98,freq:frequency(48)=600000000,throttle_flag:throttled=0x50005,voltage:volt=1.2000V,volt=1.2500V,volt=1.2500V,volt=1.2250V
TIME:16:10:49
47236
cpu:8.73, 6.09, 10.98,freq:frequency(48)=600000000,throttle_flag:throttled=0x50005,voltage:volt=1.2000V,volt=1.2500V,volt=1.2500V,volt=1.2250V
TIME:16:10:51
47236
cpu:8.75, 6.14, 10.97,freq:frequency(48)=600000000,throttle_flag:throttled=0x50005,voltage:volt=1.2000V,volt=1.2500V,volt=1.2500V,volt=1.2250V
TIME:16:10:52
47774
cpu:8.75, 6.14, 10.97,freq:frequency(48)=600000000,throttle_flag:throttled=0x50005,voltage:volt=1.2000V,volt=1.2500V,volt=1.2500V,volt=1.2250V
TIME:16:10:54
46698
cpu:8.75, 6.14, 10.97,freq:frequency(48)=600000000,throttle_flag:throttled=0x50005,voltage:volt=1.2000V,volt=1.2500V,volt=1.2500V,volt=1.2250V
TIME:16:10:55
47236
cpu:8.61, 6.16, 10.95,freq:frequency(48)=600000000,throttle_flag:throttled=0x50005,voltage:volt=1.2000V,volt=1.2500V,volt=1.2500V,volt=1.2250V
TIME:16:10:56
47236
cpu:8.61, 6.16, 10.95,freq:frequency(48)=1400000000,throttle_flag:throttled=0x50000,voltage:volt=1.2000V,volt=1.2500V,volt=1.2500V,volt=1.2250V
TIME:16:10:58
47236
cpu:8.61, 6.16, 10.95,freq:frequency(48)=600000000,throttle_flag:throttled=0x50005,voltage:volt=1.2000V,volt=1.2500V,volt=1.2500V,volt=1.2250V
TIME:16:10:59
47236
cpu:8.61, 6.16, 10.95,freq:frequency(48)=600000000,throttle_flag:throttled=0x50005,voltage:volt=1.2000V,volt=1.2500V,volt=1.2500V,volt=1.2250V
TIME:16:11:01
47236
cpu:9.04, 6.29, 10.96,freq:frequency(48)=600000000,throttle_flag:throttled=0x50005,voltage:volt=1.2000V,volt=1.2500V,volt=1.2500V,volt=1.2250V
TIME:16:11:02
47236
cpu:9.04, 6.29, 10.96,freq:frequency(48)=600000000,throttle_flag:throttled=0x50005,voltage:volt=1.2000V,volt=1.2500V,volt=1.2500V,volt=1.2250V
TIME:16:11:04
47236
cpu:9.04, 6.29, 10.96,freq:frequency(48)=600000000,throttle_flag:throttled=0x50005,voltage:volt=1.2000V,volt=1.2500V,volt=1.2500V,volt=1.2250V
TIME:16:11:05
47236
cpu:9.44, 6.42, 10.98,freq:frequency(48)=600000000,throttle_flag:throttled=0x50005,voltage:volt=1.2000V,volt=1.2500V,volt=1.2500V,volt=1.2250V
TIME:16:11:06
47236
cpu:9.44, 6.42, 10.98,freq:frequency(48)=600000000,throttle_flag:throttled=0x50005,voltage:volt=1.2000V,volt=1.2500V,volt=1.2500V,volt=1.2250V
TIME:16:11:08
47236
cpu:9.44, 6.42, 10.98,freq:frequency(48)=600000000,throttle_flag:throttled=0x50005,voltage:volt=1.2000V,volt=1.2500V,volt=1.2500V,volt=1.2250V
TIME:16:11:09
47236
cpu:9.44, 6.42, 10.98,freq:frequency(48)=600000000,throttle_flag:throttled=0x50005,voltage:volt=1.2000V,volt=1.2500V,volt=1.2500V,volt=1.2250V
TIME:16:11:11
47774
cpu:9.40, 6.46, 10.97,freq:frequency(48)=600000000,throttle_flag:throttled=0x50005,voltage:volt=1.2000V,volt=1.2500V,volt=1.2500V,volt=1.2250V
TIME:16:11:12
47236
cpu:9.40, 6.46, 10.97,freq:frequency(48)=600000000,throttle_flag:throttled=0x50005,voltage:volt=1.2000V,volt=1.2500V,volt=1.2500V,volt=1.2250V
TIME:16:11:13
47774
cpu:9.40, 6.46, 10.97,freq:frequency(48)=600000000,throttle_flag:throttled=0x50005,voltage:volt=1.2000V,volt=1.2500V,volt=1.2500V,volt=1.2250V
TIME:16:11:15
47236
cpu:9.40, 6.46, 10.97,freq:frequency(48)=600000000,throttle_flag:throttled=0x50005,voltage:volt=1.2000V,volt=1.2500V,volt=1.2500V,volt=1.2250V
TIME:16:11:16
46698
cpu:9.69, 6.57, 10.98,freq:frequency(48)=600000000,throttle_flag:throttled=0x50005,voltage:volt=1.2000V,volt=1.2500V,volt=1.2500V,volt=1.2250V
TIME:16:11:18
47774
cpu:9.69, 6.57, 10.98,freq:frequency(48)=600000000,throttle_flag:throttled=0x50005,voltage:volt=1.2000V,volt=1.2500V,volt=1.2500V,volt=1.2250V
TIME:16:11:19
47774
cpu:9.69, 6.57, 10.98,freq:frequency(48)=600000000,throttle_flag:throttled=0x50005,voltage:volt=1.2000V,volt=1.2500V,volt=1.2500V,volt=1.2250V
TIME:16:11:21
47236
cpu:9.72, 6.62, 10.98,freq:frequency(48)=600000000,throttle_flag:throttled=0x50005,voltage:volt=1.2000V,volt=1.2500V,volt=1.2500V,volt=1.2250V
TIME:16:11:22
47236
cpu:9.72, 6.62, 10.98,freq:frequency(48)=600000000,throttle_flag:throttled=0x50005,voltage:volt=1.2000V,volt=1.2500V,volt=1.2500V,volt=1.2250V
TIME:16:11:23
47774
cpu:9.72, 6.62, 10.98,freq:frequency(48)=600000000,throttle_flag:throttled=0x50005,voltage:volt=1.2000V,volt=1.2500V,volt=1.2500V,volt=1.2250V
TIME:16:11:25
47236
cpu:9.72, 6.62, 10.98,freq:frequency(48)=600000000,throttle_flag:throttled=0x50005,voltage:volt=1.2000V,volt=1.2500V,volt=1.2500V,volt=1.2250V
TIME:16:11:26
47774
cpu:9.90, 6.71, 10.98,freq:frequency(48)=600000000,throttle_flag:throttled=0x50005,voltage:volt=1.2000V,volt=1.2500V,volt=1.2500V,volt=1.2250V
TIME:16:11:27
47236
cpu:9.90, 6.71, 10.98,freq:frequency(48)=600000000,throttle_flag:throttled=0x50005,voltage:volt=1.2000V,volt=1.2500V,volt=1.2500V,volt=1.2250V
TIME:16:11:29
47236
cpu:9.90, 6.71, 10.98,freq:frequency(48)=600000000,throttle_flag:throttled=0x50005,voltage:volt=1.2000V,volt=1.2500V,volt=1.2500V,volt=1.2250V
TIME:16:11:30
47236
cpu:10.15, 6.82, 10.99,freq:frequency(48)=600000000,throttle_flag:throttled=0x50005,voltage:volt=1.2000V,volt=1.2500V,volt=1.2500V,volt=1.2250V
TIME:16:11:31
47236
cpu:10.15, 6.82, 10.99,freq:frequency(48)=600000000,throttle_flag:throttled=0x50005,voltage:volt=1.2000V,volt=1.2500V,volt=1.2500V,volt=1.2250V
TIME:16:11:33
47236
cpu:10.15, 6.82, 10.99,freq:frequency(48)=600000000,throttle_flag:throttled=0x50005,voltage:volt=1.2000V,volt=1.2500V,volt=1.2500V,volt=1.2250V
TIME:16:11:34
47236
cpu:10.15, 6.82, 10.99,freq:frequency(48)=1400000000,throttle_flag:throttled=0x50000,voltage:volt=1.3625V,volt=1.2500V,volt=1.2500V,volt=1.2250V
TIME:16:11:36
47236
cpu:10.06, 6.85, 10.98,freq:frequency(48)=600000000,throttle_flag:throttled=0x50005,voltage:volt=1.2000V,volt=1.2500V,volt=1.2500V,volt=1.2250V
TIME:16:11:37
47236
cpu:10.06, 6.85, 10.98,freq:frequency(48)=600000000,throttle_flag:throttled=0x50005,voltage:volt=1.2000V,volt=1.2500V,volt=1.2500V,volt=1.2250V
TIME:16:11:38
47774
cpu:10.06, 6.85, 10.98,freq:frequency(48)=600000000,throttle_flag:throttled=0x50005,voltage:volt=1.2000V,volt=1.2500V,volt=1.2500V,volt=1.2250V
TIME:16:11:40
47236
cpu:10.06, 6.85, 10.98,freq:frequency(48)=600000000,throttle_flag:throttled=0x50005,voltage:volt=1.2000V,volt=1.2500V,volt=1.2500V,volt=1.2250V
TIME:16:11:41
47774
cpu:9.97, 6.89, 10.97,freq:frequency(48)=600000000,throttle_flag:throttled=0x50005,voltage:volt=1.2000V,volt=1.2500V,volt=1.2500V,volt=1.2250V
TIME:16:11:43
47236
cpu:9.97, 6.89, 10.97,freq:frequency(48)=600000000,throttle_flag:throttled=0x50005,voltage:volt=1.2000V,volt=1.2500V,volt=1.2500V,volt=1.2250V
TIME:16:11:44
46698
cpu:9.97, 6.89, 10.97,freq:frequency(48)=600000000,throttle_flag:throttled=0x50005,voltage:volt=1.2000V,volt=1.2500V,volt=1.2500V,volt=1.2250V
TIME:16:11:45
47236
cpu:9.73, 6.89, 10.95,freq:frequency(48)=600000000,throttle_flag:throttled=0x50005,voltage:volt=1.2000V,volt=1.2500V,volt=1.2500V,volt=1.2250V
TIME:16:11:47
47236
cpu:9.73, 6.89, 10.95,freq:frequency(48)=600000000,throttle_flag:throttled=0x50005,voltage:volt=1.2000V,volt=1.2500V,volt=1.2500V,volt=1.2250V
TIME:16:11:48
47236
cpu:9.73, 6.89, 10.95,freq:frequency(48)=600000000,throttle_flag:throttled=0x50005,voltage:volt=1.2000V,volt=1.2500V,volt=1.2500V,volt=1.2250V
TIME:16:11:50
47236
cpu:9.73, 6.89, 10.95,freq:frequency(48)=600000000,throttle_flag:throttled=0x50005,voltage:volt=1.2000V,volt=1.2500V,volt=1.2500V,volt=1.2250V
TIME:16:11:51
47236
cpu:9.27, 6.84, 10.91,freq:frequency(48)=600000000,throttle_flag:throttled=0x50005,voltage:volt=1.2000V,volt=1.2500V,volt=1.2500V,volt=1.2250V
TIME:16:11:52
47236
cpu:9.27, 6.84, 10.91,freq:frequency(48)=600000000,throttle_flag:throttled=0x50005,voltage:volt=1.2000V,volt=1.2500V,volt=1.2500V,volt=1.2250V
TIME:16:11:54
47236
cpu:9.27, 6.84, 10.91,freq:frequency(48)=600000000,throttle_flag:throttled=0x50005,voltage:volt=1.2000V,volt=1.2500V,volt=1.2500V,volt=1.2250V
TIME:16:11:55
47236
cpu:8.53, 6.73, 10.85,freq:frequency(48)=1400002000,throttle_flag:throttled=0x50000,voltage:volt=1.3625V,volt=1.2500V,volt=1.2500V,volt=1.2250V
TIME:16:11:56
46160
cpu:8.53, 6.73, 10.85,freq:frequency(48)=1400000000,throttle_flag:throttled=0x50000,voltage:volt=1.3625V,volt=1.2500V,volt=1.2500V,volt=1.2250V
TIME:16:11:57
46160
cpu:8.53, 6.73, 10.85,freq:frequency(48)=1400000000,throttle_flag:throttled=0x50000,voltage:volt=1.3625V,volt=1.2500V,volt=1.2500V,volt=1.2250V
TIME:16:11:58
46160
cpu:8.53, 6.73, 10.85,freq:frequency(48)=1400000000,throttle_flag:throttled=0x50000,voltage:volt=1.3625V,volt=1.2500V,volt=1.2500V,volt=1.2250V
TIME:16:11:59
45084
cpu:8.53, 6.73, 10.85,freq:frequency(48)=700000000,throttle_flag:throttled=0x50000,voltage:volt=1.2625V,volt=1.2500V,volt=1.2500V,volt=1.2250V
TIME:16:12:01
45084
cpu:7.85, 6.62, 10.79,freq:frequency(48)=600000000,throttle_flag:throttled=0x50000,voltage:volt=1.2625V,volt=1.2500V,volt=1.2500V,volt=1.2250V
TIME:16:12:02
44546
cpu:7.85, 6.62, 10.79,freq:frequency(48)=600000000,throttle_flag:throttled=0x50000,voltage:volt=1.2625V,volt=1.2500V,volt=1.2500V,volt=1.2250V
TIME:16:12:03
43470
cpu:7.85, 6.62, 10.79,freq:frequency(48)=800000000,throttle_flag:throttled=0x50000,voltage:volt=1.2625V,volt=1.2500V,volt=1.2500V,volt=1.2250V
TIME:16:12:04
43470
cpu:7.85, 6.62, 10.79,freq:frequency(48)=800002000,throttle_flag:throttled=0x50000,voltage:volt=1.2625V,volt=1.2500V,volt=1.2500V,volt=1.2250V
TIME:16:12:05
43470
cpu:7.85, 6.62, 10.79,freq:frequency(48)=600000000,throttle_flag:throttled=0x50000,voltage:volt=1.2625V,volt=1.2500V,volt=1.2500V,volt=1.2250V
TIME:16:12:06
42932
cpu:7.38, 6.54, 10.75,freq:frequency(48)=600000000,throttle_flag:throttled=0x50000,voltage:volt=1.2625V,volt=1.2500V,volt=1.2500V,volt=1.2250V
TIME:16:12:07
42932
cpu:7.38, 6.54, 10.75,freq:frequency(48)=600000000,throttle_flag:throttled=0x50000,voltage:volt=1.2625V,volt=1.2500V,volt=1.2500V,volt=1.2250V
TIME:16:12:08
42932
cpu:7.38, 6.54, 10.75,freq:frequency(48)=600000000,throttle_flag:throttled=0x50000,voltage:volt=1.2625V,volt=1.2500V,volt=1.2500V,volt=1.2250V
TIME:16:12:09
42932
cpu:7.38, 6.54, 10.75,freq:frequency(48)=600000000,throttle_flag:throttled=0x50000,voltage:volt=1.2625V,volt=1.2500V,volt=1.2500V,volt=1.2250V
TIME:16:12:11
42394
cpu:6.79, 6.43, 10.69,freq:frequency(48)=800000000,throttle_flag:throttled=0x50000,voltage:volt=1.2625V,volt=1.2500V,volt=1.2500V,volt=1.2250V
TIME:16:12:12
42932
cpu:6.79, 6.43, 10.69,freq:frequency(48)=700000000,throttle_flag:throttled=0x50000,voltage:volt=1.2625V,volt=1.2500V,volt=1.2500V,volt=1.2250V
TIME:16:12:13
42932
cpu:6.79, 6.43, 10.69,freq:frequency(48)=700000000,throttle_flag:throttled=0x50000,voltage:volt=1.2625V,volt=1.2500V,volt=1.2500V,volt=1.2250V
TIME:16:12:14
42394
cpu:6.79, 6.43, 10.69,freq:frequency(48)=700000000,throttle_flag:throttled=0x50000,voltage:volt=1.2625V,volt=1.2500V,volt=1.2500V,volt=1.2250V
TIME:16:12:15
42394
cpu:6.79, 6.43, 10.69,freq:frequency(48)=700000000,throttle_flag:throttled=0x50000,voltage:volt=1.2625V,volt=1.2500V,volt=1.2500V,volt=1.2250V
TIME:16:12:16
42394
cpu:6.32, 6.34, 10.64,freq:frequency(48)=700000000,throttle_flag:throttled=0x50000,voltage:volt=1.2625V,volt=1.2500V,volt=1.2500V,volt=1.2250V
TIME:16:12:17
42394
cpu:6.32, 6.34, 10.64,freq:frequency(48)=800000000,throttle_flag:throttled=0x50000,voltage:volt=1.2625V,volt=1.2500V,volt=1.2500V,volt=1.2250V
TIME:16:12:18
41856
cpu:6.32, 6.34, 10.64,freq:frequency(48)=700000000,throttle_flag:throttled=0x50000,voltage:volt=1.2625V,volt=1.2500V,volt=1.2500V,volt=1.2250V
TIME:16:12:19
41856
cpu:6.32, 6.34, 10.64,freq:frequency(48)=700000000,throttle_flag:throttled=0x50000,voltage:volt=1.2625V,volt=1.2500V,volt=1.2500V,volt=1.2250V
TIME:16:12:21
42394
cpu:5.82, 6.24, 10.58,freq:frequency(48)=600000000,throttle_flag:throttled=0x50000,voltage:volt=1.2625V,volt=1.2500V,volt=1.2500V,volt=1.2250V
TIME:16:12:22
41318
cpu:5.82, 6.24, 10.58,freq:frequency(48)=600000000,throttle_flag:throttled=0x50000,voltage:volt=1.2625V,volt=1.2500V,volt=1.2500V,volt=1.2250V
TIME:16:12:23
41856
cpu:5.82, 6.24, 10.58,freq:frequency(48)=600000000,throttle_flag:throttled=0x50000,voltage:volt=1.2625V,volt=1.2500V,volt=1.2500V,volt=1.2250V
TIME:16:12:24
41318
cpu:5.82, 6.24, 10.58,freq:frequency(48)=600000000,throttle_flag:throttled=0x50000,voltage:volt=1.2625V,volt=1.2500V,volt=1.2500V,volt=1.2250V
TIME:16:12:25
41856
cpu:5.35, 6.13, 10.52,freq:frequency(48)=600000000,throttle_flag:throttled=0x50000,voltage:volt=1.2625V,volt=1.2500V,volt=1.2500V,volt=1.2250V
TIME:16:12:26
41318
cpu:5.35, 6.13, 10.52,freq:frequency(48)=600000000,throttle_flag:throttled=0x50000,voltage:volt=1.2625V,volt=1.2500V,volt=1.2500V,volt=1.2250V
TIME:16:12:27
41856
cpu:5.35, 6.13, 10.52,freq:frequency(48)=800000000,throttle_flag:throttled=0x50000,voltage:volt=1.2625V,volt=1.2500V,volt=1.2500V,volt=1.2250V
TIME:16:12:28
41856
cpu:5.35, 6.13, 10.52,freq:frequency(48)=800000000,throttle_flag:throttled=0x50000,voltage:volt=1.2625V,volt=1.2500V,volt=1.2500V,volt=1.2250V
TIME:16:12:30
41856
cpu:5.35, 6.13, 10.52,freq:frequency(48)=800000000,throttle_flag:throttled=0x50000,voltage:volt=1.2625V,volt=1.2500V,volt=1.2500V,volt=1.2250V
TIME:16:12:31
40780
cpu:4.92, 6.03, 10.47,freq:frequency(48)=800000000,throttle_flag:throttled=0x50000,voltage:volt=1.2625V,volt=1.2500V,volt=1.2500V,volt=1.2250V
TIME:16:12:32
41856
cpu:4.92, 6.03, 10.47,freq:frequency(48)=800000000,throttle_flag:throttled=0x50000,voltage:volt=1.2625V,volt=1.2500V,volt=1.2500V,volt=1.2250V
TIME:16:12:33
41856
cpu:4.92, 6.03, 10.47,freq:frequency(48)=700000000,throttle_flag:throttled=0x50000,voltage:volt=1.2625V,volt=1.2500V,volt=1.2500V,volt=1.2250V
TIME:16:12:34
41318
cpu:4.92, 6.03, 10.47,freq:frequency(48)=700000000,throttle_flag:throttled=0x50000,voltage:volt=1.2625V,volt=1.2500V,volt=1.2500V,volt=1.2250V
TIME:16:12:35
40780
cpu:4.53, 5.93, 10.41,freq:frequency(48)=700000000,throttle_flag:throttled=0x50000,voltage:volt=1.2625V,volt=1.2500V,volt=1.2500V,volt=1.2250V
TIME:16:12:36
40780
cpu:4.53, 5.93, 10.41,freq:frequency(48)=700000000,throttle_flag:throttled=0x50000,voltage:volt=1.2625V,volt=1.2500V,volt=1.2500V,volt=1.2250V
TIME:16:12:37
40780
cpu:4.53, 5.93, 10.41,freq:frequency(48)=699998000,throttle_flag:throttled=0x50000,voltage:volt=1.2625V,volt=1.2500V,volt=1.2500V,volt=1.2250V
TIME:16:12:38
41318
cpu:4.53, 5.93, 10.41,freq:frequency(48)=700000000,throttle_flag:throttled=0x50000,voltage:volt=1.2625V,volt=1.2500V,volt=1.2500V,volt=1.2250V
TIME:16:12:40
40780
cpu:4.53, 5.93, 10.41,freq:frequency(48)=700000000,throttle_flag:throttled=0x50000,voltage:volt=1.2625V,volt=1.2500V,volt=1.2500V,volt=1.2250V
TIME:16:12:41
40780
cpu:4.16, 5.83, 10.35,freq:frequency(48)=700000000,throttle_flag:throttled=0x50000,voltage:volt=1.2625V,volt=1.2500V,volt=1.2500V,volt=1.2250V
TIME:16:12:42
40780
cpu:4.16, 5.83, 10.35,freq:frequency(48)=600000000,throttle_flag:throttled=0x50000,voltage:volt=1.2625V,volt=1.2500V,volt=1.2500V,volt=1.2250V
TIME:16:12:43
40780
cpu:4.16, 5.83, 10.35,freq:frequency(48)=700000000,throttle_flag:throttled=0x50000,voltage:volt=1.2625V,volt=1.2500V,volt=1.2500V,volt=1.2250V
TIME:16:12:44
40780
cpu:4.16, 5.83, 10.35,freq:frequency(48)=800000000,throttle_flag:throttled=0x50000,voltage:volt=1.2625V,volt=1.2500V,volt=1.2500V,volt=1.2250V
TIME:16:12:45
40780
cpu:3.83, 5.73, 10.30,freq:frequency(48)=600000000,throttle_flag:throttled=0x50000,voltage:volt=1.2625V,volt=1.2500V,volt=1.2500V,volt=1.2250V
TIME:16:12:46
40780
cpu:3.83, 5.73, 10.30,freq:frequency(48)=600000000,throttle_flag:throttled=0x50000,voltage:volt=1.2625V,volt=1.2500V,volt=1.2500V,volt=1.2250V
TIME:16:12:47
41318
cpu:3.83, 5.73, 10.30,freq:frequency(48)=600000000,throttle_flag:throttled=0x50000,voltage:volt=1.2625V,volt=1.2500V,volt=1.2500V,volt=1.2250V
TIME:16:12:48
40780
cpu:3.83, 5.73, 10.30,freq:frequency(48)=600000000,throttle_flag:throttled=0x50000,voltage:volt=1.2625V,volt=1.2500V,volt=1.2500V,volt=1.2250V
TIME:16:12:50
40780
cpu:3.83, 5.73, 10.30,freq:frequency(48)=800000000,throttle_flag:throttled=0x50000,voltage:volt=1.2625V,volt=1.2500V,volt=1.2500V,volt=1.2250V
TIME:16:12:51
40780
cpu:3.60, 5.66, 10.25,freq:frequency(48)=800000000,throttle_flag:throttled=0x50000,voltage:volt=1.2625V,volt=1.2500V,volt=1.2500V,volt=1.2250V
TIME:16:12:52
40780
cpu:3.60, 5.66, 10.25,freq:frequency(48)=700000000,throttle_flag:throttled=0x50000,voltage:volt=1.2625V,volt=1.2500V,volt=1.2500V,volt=1.2250V
TIME:16:12:53
40780
cpu:3.60, 5.66, 10.25,freq:frequency(48)=700000000,throttle_flag:throttled=0x50000,voltage:volt=1.2625V,volt=1.2500V,volt=1.2500V,volt=1.2250V
TIME:16:12:54
40780
cpu:3.60, 5.66, 10.25,freq:frequency(48)=700000000,throttle_flag:throttled=0x50000,voltage:volt=1.2625V,volt=1.2500V,volt=1.2500V,volt=1.2250V
TIME:16:12:55
40780
cpu:3.31, 5.56, 10.19,freq:frequency(48)=600000000,throttle_flag:throttled=0x50000,voltage:volt=1.2625V,volt=1.2500V,volt=1.2500V,volt=1.2250V
TIME:16:12:56
41318
cpu:3.31, 5.56, 10.19,freq:frequency(48)=1400000000,throttle_flag:throttled=0x50000,voltage:volt=1.3625V,volt=1.2500V,volt=1.2500V,volt=1.2250V
TIME:16:12:57
41318
cpu:3.31, 5.56, 10.19,freq:frequency(48)=1400000000,throttle_flag:throttled=0x50000,voltage:volt=1.3625V,volt=1.2500V,volt=1.2500V,volt=1.2250V
TIME:16:12:58
40780
cpu:3.31, 5.56, 10.19,freq:frequency(48)=1400000000,throttle_flag:throttled=0x50000,voltage:volt=1.3625V,volt=1.2500V,volt=1.2500V,volt=1.2250V
TIME:16:13:00
41856
cpu:3.31, 5.56, 10.19,freq:frequency(48)=1400000000,throttle_flag:throttled=0x50000,voltage:volt=1.3625V,volt=1.2500V,volt=1.2500V,volt=1.2250V
TIME:16:13:01
40780
cpu:3.05, 5.47, 10.14,freq:frequency(48)=600000000,throttle_flag:throttled=0x50000,voltage:volt=1.2625V,volt=1.2500V,volt=1.2500V,volt=1.2250V
TIME:16:13:02
40780
cpu:3.05, 5.47, 10.14,freq:frequency(48)=600000000,throttle_flag:throttled=0x50000,voltage:volt=1.2625V,volt=1.2500V,volt=1.2500V,volt=1.2250V
TIME:16:13:03
40780
cpu:3.05, 5.47, 10.14,freq:frequency(48)=600000000,throttle_flag:throttled=0x50000,voltage:volt=1.2625V,volt=1.2500V,volt=1.2500V,volt=1.2250V
TIME:16:13:04
40780
cpu:3.05, 5.47, 10.14,freq:frequency(48)=800000000,throttle_flag:throttled=0x50000,voltage:volt=1.2625V,volt=1.2500V,volt=1.2500V,volt=1.2250V
TIME:16:13:05
41318
cpu:2.88, 5.39, 10.09,freq:frequency(48)=1400000000,throttle_flag:throttled=0x50000,voltage:volt=1.3625V,volt=1.2500V,volt=1.2500V,volt=1.2250V
TIME:16:13:06
41856
cpu:2.88, 5.39, 10.09,freq:frequency(48)=1400000000,throttle_flag:throttled=0x50000,voltage:volt=1.3625V,volt=1.2500V,volt=1.2500V,volt=1.2250V
TIME:16:13:07
42932
cpu:2.88, 5.39, 10.09,freq:frequency(48)=1400000000,throttle_flag:throttled=0x50000,voltage:volt=1.3625V,volt=1.2500V,volt=1.2500V,volt=1.2250V
TIME:16:13:08
42932
cpu:2.88, 5.39, 10.09,freq:frequency(48)=1400000000,throttle_flag:throttled=0x50000,voltage:volt=1.3625V,volt=1.2500V,volt=1.2500V,volt=1.2250V
