ALL SYNC
2026-04-21 14:15:47.380715 Sync done -> model run start
2026-04-21 14:15:47.380711 Sync done -> model run start
2026-04-21 14:15:47.380710 Sync done -> model run start
2026-04-21 14:15:47.380928 Sync done -> model run start
0 0.036 [0.026604735059663653, 0.0021036858670413494, 0.001940977992489934, 0.0024540999438613653, 0.002836440922692418]
2 0.036 [0.026604786980897188, 0.002103060018271208, 0.0031406579073518515, 0.0021707681007683277, 0.0021431639324873686]
1 0.038 [0.027092128060758114, 0.00235795509070158, 0.002062592189759016, 0.003925028955563903, 0.001962800044566393]
3 0.038 [0.027098012855276465, 0.0025748279877007008, 0.0043626818805933, 0.0019366550259292126, 0.001740198116749525]
2026-04-21 14:15:59.162732 Sync done -> model run start
2026-04-21 14:15:59.168220 Sync done -> model run start
2026-04-21 14:15:59.181615 Sync done -> model run start
2026-04-21 14:15:59.188509 Sync done -> model run start
0 0.013 [0.005567934829741716, 0.002118997974321246, 0.0014568138867616653, 0.0016275430098176003, 0.0017800419591367245]
1 0.013 [0.005781058920547366, 0.0017604590393602848, 0.002176184905692935, 0.0021141539327800274, 0.0013134288601577282]
2 0.009 [0.004465754143893719, 0.0012061379384249449, 0.0009329630993306637, 0.0010870769619941711, 0.001016712049022317]
3 0.007 [0.0033696149475872517, 0.0012018149718642235, 0.000812286976724863, 0.0007368710357695818, 0.0007040579803287983]
2026-04-21 14:16:12.900623 Sync done -> model run start
2026-04-21 14:16:12.909042 Sync done -> model run start
2026-04-21 14:16:12.920180 Sync done -> model run start
2026-04-21 14:16:12.931447 Sync done -> model run start
1 0.015 [0.006331003969535232, 0.00275112921372056, 0.0018872290384024382, 0.0017784268129616976, 0.0016460828483104706]
2 0.011 [0.00590407894924283, 0.001717281062155962, 0.0013190030585974455, 0.0012098881416022778, 0.0011174408718943596]
0 0.014 [0.006542355986312032, 0.0017078539822250605, 0.0018464468885213137, 0.0019310300704091787, 0.001803114078938961]
3 0.008 [0.0040084130596369505, 0.0011467118747532368, 0.0010342649184167385, 0.0010051499120891094, 0.0009615039452910423]
2026-04-21 14:16:27.330461 Sync done -> model run start
2026-04-21 14:16:27.337610 Sync done -> model run start
2026-04-21 14:16:27.351067 Sync done -> model run start
2026-04-21 14:16:27.359247 Sync done -> model run start
0 0.014 [0.006518971174955368, 0.0016446779482066631, 0.0016570209991186857, 0.001938581932336092, 0.0017568119801580906]
1 0.015 [0.006431993097066879, 0.0024283190723508596, 0.0025335270911455154, 0.0015508229844272137, 0.0016171250026673079]
2 0.011 [0.005460174987092614, 0.0014247309882193804, 0.0010988479480147362, 0.0012047840282320976, 0.001214941032230854]
3 0.009 [0.004187735030427575, 0.0013230121694505215, 0.001044577220454812, 0.0009367659222334623, 0.0009177031461149454]
2026-04-21 14:16:42.099146 Sync done -> model run start
2026-04-21 14:16:42.106351 Sync done -> model run start
2026-04-21 14:16:42.121518 Sync done -> model run start
2026-04-21 14:16:42.131478 Sync done -> model run start
0 0.014 [0.005813558818772435, 0.0022745179012417793, 0.0019119158387184143, 0.00157280289568007, 0.001815248979255557]
1 0.015 [0.006431367946788669, 0.001878008944913745, 0.0019812900573015213, 0.0021073841489851475, 0.0018036868423223495]
2 0.01 [0.005038303090259433, 0.0013441580813378096, 0.0013293148949742317, 0.0011856697965413332, 0.001147076953202486]
3 0.008 [0.004049403127282858, 0.00110889901407063, 0.001099785091355443, 0.0009706709533929825, 0.0009610881097614765]
2026-04-21 14:16:42.211648 Sync done -> model run start
net_times: [[51.005, 0.0, 605184, 0], [11.558, 0.0, 605184, 0], [13.521, 0.0, 605184, 0], [14.17, 0.0, 605184, 0], [14.556, 0.0, 605184, 0]]
echo 'race4fun' | sudo -S sh -c 'journalctl --since "2026-04-21 14:14:55.677471" --until "2026-04-21 14:16:42.211648" -k -o short-iso '| grep -i -E 'throttle|throttled|thermal|cpufreq|under-voltage|voltage'
