ALL SYNC
2026-04-21 14:12:17.880891 Sync done -> model run start
2026-04-21 14:12:17.880886 Sync done -> model run start
2026-04-21 14:12:17.880890 Sync done -> model run start
2026-04-21 14:12:17.924179 Sync done -> model run start
3 18.977 [4.503757421858609, 3.554498197045177, 3.473002969985828, 3.4499697810970247, 3.996016816003248]
0 19.279 [4.607216160977259, 3.5268954208586365, 3.4735674490220845, 3.4540386111475527, 4.217091325903311]
2 19.787 [4.541689021978527, 3.6585612518247217, 3.6128489510156214, 3.5884807331021875, 4.385480200173333]
1 18.973 [4.413576549151912, 3.6071264289785177, 3.4740235530771315, 3.4483058638870716, 4.030256354017183]
2026-04-21 14:12:41.238257 Sync done -> model run start
2026-04-21 14:12:41.271316 Sync done -> model run start
2026-04-21 14:12:41.284940 Sync done -> model run start
2026-04-21 14:12:41.385165 Sync done -> model run start
2 17.472 [3.527910119853914, 3.524239109829068, 3.4620877711568028, 3.491874154889956, 3.4657123640645295]
0 17.503 [3.537668213946745, 3.5342963710427284, 3.4656581089366227, 3.48942814511247, 3.4757246249355376]
3 17.462 [3.525873231003061, 3.5266691299621016, 3.4595522850286216, 3.491026703035459, 3.459094504825771]
1 18.069 [3.676837908802554, 3.6512302570044994, 3.6015569150913507, 3.625670586945489, 3.5139599731191993]
2026-04-21 14:13:03.238319 Sync done -> model run start
2026-04-21 14:13:03.248449 Sync done -> model run start
2026-04-21 14:13:03.258917 Sync done -> model run start
2026-04-21 14:13:03.274361 Sync done -> model run start
2 18.45 [4.433074133936316, 3.5899358689785004, 3.454784866888076, 3.5062866129446775, 3.4655108291190118]
1 18.402 [4.3955443820450455, 3.578709281049669, 3.4713793110568076, 3.5028634660411626, 3.453566007083282]
3 18.571 [4.504235584056005, 3.640506226103753, 3.4583826998714358, 3.515468335011974, 3.452194740064442]
0 19.003 [4.561679227044806, 3.680282235145569, 3.615215006051585, 3.6136342741083354, 3.5317179318517447]
2026-04-21 14:13:25.624917 Sync done -> model run start
2026-04-21 14:13:25.625557 Sync done -> model run start
2026-04-21 14:13:25.654645 Sync done -> model run start
2026-04-21 14:13:25.670051 Sync done -> model run start
0 18.431 [3.5577623860444874, 3.5144807561300695, 3.4555709050036967, 3.4920737887732685, 4.410910539096221]
3 18.472 [3.570197365945205, 3.521811480866745, 3.4784724118653685, 3.4980657529085875, 4.403512723045424]
1 18.519 [3.5639200839214027, 3.5217110130470246, 3.4767617769539356, 3.4943951049353927, 4.462126449914649]
2 19.072 [3.7093541568610817, 3.6554197838995606, 3.594247868983075, 3.6452987040393054, 4.467721241060644]
2026-04-21 14:13:48.114034 Sync done -> model run start
2026-04-21 14:13:48.123276 Sync done -> model run start
2026-04-21 14:13:48.149031 Sync done -> model run start
2026-04-21 14:13:48.182369 Sync done -> model run start
2 18.622 [3.5893101829569787, 3.6012225279118866, 3.5818260239902884, 3.5833852810319513, 4.265861062798649]
0 18.662 [3.5799804339185357, 3.5980548509396613, 3.5801435131579638, 3.5883307808544487, 4.315618098946288]
3 18.705 [3.5976424240507185, 3.6049921861849725, 3.566678631817922, 3.5864735790528357, 4.348779714200646]
1 19.169 [3.7354002550709993, 3.722748100059107, 3.688307839911431, 3.7328311149030924, 4.289889981970191]
2026-04-21 14:14:09.330499 Sync done -> model run start
net_times: [[0.0, 2.088, 0, 1210368], [0.0, 2.312, 0, 1210368], [0.0, 1.864, 0, 1210368], [0.0, 1.896, 0, 1210368], [0.0, 1.863, 0, 1210368]]
echo 'race4fun' | sudo -S sh -c 'journalctl --since "2026-04-21 14:12:14.915018" --until "2026-04-21 14:14:09.330499" -k -o short-iso '| grep -i -E 'throttle|throttled|thermal|cpufreq|under-voltage|voltage'
