ALL SYNC
2026-04-21 14:15:10.414438 Sync done -> model run start
2026-04-21 14:15:10.414454 Sync done -> model run start
2026-04-21 14:15:10.414438 Sync done -> model run start
2026-04-21 14:15:10.414441 Sync done -> model run start
0 10.771 [2.2226914460770786, 2.1502980161458254, 2.0958417989313602, 2.15484960610047, 2.147293153917417]
3 10.777 [2.2091753978747874, 2.142038493184373, 2.085903903003782, 2.1989286090247333, 2.1402673709671944]
1 11.24 [2.3175349780358374, 2.2409827758092433, 2.176147521007806, 2.2342944480478764, 2.270676793064922]
2 10.78 [2.2118860548362136, 2.1475895470939577, 2.086668689036742, 2.190834917826578, 2.1426530841272324]
2026-04-21 14:15:24.694955 Sync done -> model run start
2026-04-21 14:15:24.704969 Sync done -> model run start
2026-04-21 14:15:24.730483 Sync done -> model run start
2026-04-21 14:15:24.783975 Sync done -> model run start
1 10.65 [2.1261360771022737, 2.139587285928428, 2.11686495388858, 2.168058078037575, 2.099084152840078]
0 10.663 [2.1296685519628227, 2.1455686488188803, 2.116538445930928, 2.163827900076285, 2.106831752927974]
2 10.699 [2.1363659519702196, 2.143327831989154, 2.113195345038548, 2.1892731320112944, 2.1166104848962277]
3 11.014 [2.216422247933224, 2.2312347490806133, 2.157492473954335, 2.23785861604847, 2.171083580935374]
2026-04-21 14:15:40.494788 Sync done -> model run start
2026-04-21 14:15:40.508900 Sync done -> model run start
2026-04-21 14:15:40.528549 Sync done -> model run start
2026-04-21 14:15:40.578238 Sync done -> model run start
0 10.599 [2.1535823128651828, 2.13958554295823, 2.114657600875944, 2.115305725019425, 2.0758004419039935]
1 10.563 [2.1429611400235444, 2.135647239163518, 2.1145304669626057, 2.10235873516649, 2.067600707989186]
2 10.625 [2.158852118998766, 2.141193500952795, 2.1302917080465704, 2.1101757099386305, 2.0842962129972875]
3 10.919 [2.2131933940108865, 2.223247855901718, 2.1622983519919217, 2.174565142020583, 2.1452836911194026]
2026-04-21 14:15:54.690104 Sync done -> model run start
2026-04-21 14:15:54.714160 Sync done -> model run start
2026-04-21 14:15:54.737210 Sync done -> model run start
2026-04-21 14:15:54.798046 Sync done -> model run start
0 10.382 [2.104816804174334, 2.1000094460323453, 2.0588334440253675, 2.0662862069439143, 2.0519361570477486]
1 10.396 [2.103994101053104, 2.1039117102045566, 2.062059671152383, 2.070252791978419, 2.055693526053801]
2 10.423 [2.111101289978251, 2.1095519808586687, 2.061263269977644, 2.0707117991987616, 2.07044138899073]
3 10.748 [2.141034979838878, 2.201807775069028, 2.157440962968394, 2.151800694875419, 2.0958661020267755]
2026-04-21 14:16:10.203574 Sync done -> model run start
2026-04-21 14:16:10.204505 Sync done -> model run start
2026-04-21 14:16:10.234736 Sync done -> model run start
2026-04-21 14:16:10.242221 Sync done -> model run start
2 10.512 [2.1246356449555606, 2.107067545875907, 2.066668672952801, 2.1326120560988784, 2.080798785900697]
0 10.498 [2.122282588854432, 2.1026137759909034, 2.068633451126516, 2.1326000769622624, 2.0718652051873505]
3 10.56 [2.1304647179786116, 2.124542315956205, 2.0977138141170144, 2.1213736988138407, 2.086178174940869]
1 10.898 [2.243063908070326, 2.1945775928907096, 2.178945261053741, 2.1875535889994353, 2.0938447350636125]
2026-04-21 14:16:23.238019 Sync done -> model run start
net_times: [[12.821, 2.094, 1210368, 1210368], [0.002, 3.715, 1210368, 1210368], [0.002, 2.25, 1210368, 1210368], [0.002, 2.669, 1210368, 1210368], [0.991, 2.032, 1210368, 1210368]]
echo 'race4fun' | sudo -S sh -c 'journalctl --since "2026-04-21 14:14:55.674390" --until "2026-04-21 14:16:23.238019" -k -o short-iso '| grep -i -E 'throttle|throttled|thermal|cpufreq|under-voltage|voltage'
