ALL SYNC
2026-04-21 14:15:40.428529 Sync done -> model run start
2026-04-21 14:15:40.428529 Sync done -> model run start
2026-04-21 14:15:40.428529 Sync done -> model run start
2026-04-21 14:15:40.428529 Sync done -> model run start
1 5.016 [0.6529910990502685, 1.0084550369065255, 1.0544861310627311, 1.1824545979034156, 1.1178106011357158]
0 5.028 [0.6560525461100042, 1.012355336919427, 1.051094630965963, 1.198572042863816, 1.1098283890169114]
3 5.156 [0.7019121290650219, 1.1235344870947301, 1.01505605597049, 1.365017358912155, 0.9502397689502686]
2 5.07 [0.6514748530462384, 1.009975709952414, 1.0564024250488728, 1.2374409730546176, 1.114522903924808]
2026-04-21 14:15:54.035670 Sync done -> model run start
2026-04-21 14:15:54.065734 Sync done -> model run start
2026-04-21 14:15:54.085478 Sync done -> model run start
2026-04-21 14:15:54.097611 Sync done -> model run start
0 3.732 [0.6358294899109751, 0.9850173050072044, 0.9640734191052616, 0.5745701678097248, 0.5725766848772764]
3 3.749 [0.6230237009003758, 1.0970817131455988, 0.8833718718960881, 0.5731674651615322, 0.5717199700884521]
2 3.809 [0.6208922502119094, 1.1824839729815722, 0.8492595928255469, 0.5758506329730153, 0.58044598181732]
1 3.842 [0.6276976428925991, 1.1319672190584242, 0.89849380007945, 0.5746977720409632, 0.6086450519505888]
2026-04-21 14:16:08.596403 Sync done -> model run start
2026-04-21 14:16:08.625613 Sync done -> model run start
2026-04-21 14:16:08.647314 Sync done -> model run start
2026-04-21 14:16:08.647670 Sync done -> model run start
2 2.938 [0.5960043140221387, 0.6200813669711351, 0.5767894319724292, 0.571828979998827, 0.5732886109035462]
3 2.952 [0.5966731661465019, 0.6248459871858358, 0.5805494191590697, 0.5747574591077864, 0.5751927189994603]
1 3.037 [0.6092151538468897, 0.6551182258408517, 0.5764979219529778, 0.6180585089605302, 0.5775237530469894]
0 2.934 [0.6047481389250606, 0.6135960770770907, 0.5725848108995706, 0.5701112779788673, 0.5722171559464186]
2026-04-21 14:16:23.034993 Sync done -> model run start
2026-04-21 14:16:23.046983 Sync done -> model run start
2026-04-21 14:16:23.076634 Sync done -> model run start
2026-04-21 14:16:23.106548 Sync done -> model run start
0 2.985 [0.6324561170767993, 0.589279857929796, 0.6163916399236768, 0.574081941973418, 0.5730151222087443]
1 2.947 [0.6319521081168205, 0.5876698109786958, 0.5878816340118647, 0.5693398739676923, 0.5703714850824326]
3 2.95 [0.6113623341079801, 0.5865963769610971, 0.608222397044301, 0.5728052789345384, 0.5706418480258435]
2 3.054 [0.654192604124546, 0.5945400479249656, 0.6261813461314887, 0.5722727288957685, 0.6062140190042555]
2026-04-21 14:16:37.799787 Sync done -> model run start
2026-04-21 14:16:37.832183 Sync done -> model run start
2026-04-21 14:16:37.855867 Sync done -> model run start
2026-04-21 14:16:37.862896 Sync done -> model run start
0 2.927 [0.6105300448834896, 0.5936810409184545, 0.5722246549557894, 0.5711367430631071, 0.5791671841870993]
2 2.923 [0.5985210239887238, 0.5922397950198501, 0.5757925598882139, 0.573136996012181, 0.5835481588728726]
3 2.968 [0.6111696269363165, 0.6036434539128095, 0.5845935719553381, 0.5810125949792564, 0.5878549669869244]
1 3.018 [0.6041254841256887, 0.6373895888682455, 0.5744555850978941, 0.6248823928181082, 0.5769727129954845]
2026-04-21 14:16:42.019985 Sync done -> model run start
net_times: [[43.868, 1.043, 1210368, 605184], [6.994, 1.054, 1210368, 605184], [9.193, 1.047, 1210368, 605184], [9.893, 1.049, 1210368, 605184], [10.23, 1.046, 1210368, 605184]]
echo 'race4fun' | sudo -S sh -c 'journalctl --since "2026-04-21 14:14:55.677682" --until "2026-04-21 14:16:42.019985" -k -o short-iso '| grep -i -E 'throttle|throttled|thermal|cpufreq|under-voltage|voltage'
