ALL SYNC
2026-04-21 14:14:56.470872 Sync done -> model run start
2026-04-21 14:14:56.470873 Sync done -> model run start
2026-04-21 14:14:56.470872 Sync done -> model run start
2026-04-21 14:14:56.470872 Sync done -> model run start
0 10.413 [2.1750241122208536, 2.102814896032214, 2.048127709887922, 2.0477365111000836, 2.039400005945936]
2 10.463 [2.18460744805634, 2.107936330838129, 2.057881462853402, 2.059900120133534, 2.0526334131136537]
1 10.82 [2.2930770230013877, 2.1945615571457893, 2.1426321431063116, 2.105854484019801, 2.0835150349885225]
3 10.413 [2.175028019119054, 2.1028151041828096, 2.0481275010388345, 2.0477367700077593, 2.039400109788403]
2026-04-21 14:15:09.323287 Sync done -> model run start
2026-04-21 14:15:09.338280 Sync done -> model run start
2026-04-21 14:15:09.353340 Sync done -> model run start
2026-04-21 14:15:09.372727 Sync done -> model run start
0 11.105 [2.035308778984472, 2.031956262886524, 2.0128740249201655, 3.0377093020360917, 1.9872679309919477]
3 11.194 [2.042828141944483, 2.0334057479631156, 2.0109439610969275, 3.120016674976796, 1.9867882900871336]
2 11.292 [2.0326950140297413, 2.026722952025011, 2.0098133829887956, 3.2303275370504707, 1.992478631902486]
1 11.455 [2.087310783099383, 2.1167104770429432, 2.128950749989599, 3.056446319911629, 2.065449649002403]
2026-04-21 14:15:24.708730 Sync done -> model run start
2026-04-21 14:15:24.708778 Sync done -> model run start
2026-04-21 14:15:24.729067 Sync done -> model run start
2026-04-21 14:15:24.730534 Sync done -> model run start
1 11.039 [2.1094620309304446, 2.6856469169724733, 2.188527330989018, 2.0223210360854864, 2.033027085941285]
2 11.073 [2.1104877651669085, 2.8012265409342945, 2.118235549889505, 2.0330754660535604, 2.0097395149059594]
3 11.146 [2.1109903720207512, 2.70319977006875, 2.181808076100424, 2.1491041500121355, 2.000420765951276]
0 11.368 [2.201766536105424, 2.9192104458343238, 2.083070671884343, 2.117335957940668, 2.0463376701809466]
2026-04-21 14:15:40.503591 Sync done -> model run start
2026-04-21 14:15:40.504678 Sync done -> model run start
2026-04-21 14:15:40.509891 Sync done -> model run start
2026-04-21 14:15:40.527269 Sync done -> model run start
1 10.347 [2.091568324016407, 2.0950095430016518, 2.047712167026475, 2.0730105829425156, 2.0398624488152564]
0 10.346 [2.090362744871527, 2.094995114952326, 2.0476633650250733, 2.0807387980166823, 2.0320731909014285]
3 10.368 [2.0978005949873477, 2.0989329470321536, 2.051170986145735, 2.077778521925211, 2.0417685511056334]
2 10.725 [2.1972729850094765, 2.1898431521840394, 2.1529518149327487, 2.1032493740785867, 2.0816957261413336]
2026-04-21 14:15:54.692972 Sync done -> model run start
2026-04-21 14:15:54.711853 Sync done -> model run start
2026-04-21 14:15:54.711853 Sync done -> model run start
2026-04-21 14:15:54.729889 Sync done -> model run start
0 12.015 [2.765382036799565, 2.255935724126175, 2.0572089029010385, 2.5819623249117285, 2.3543455658946186]
2 12.053 [2.7821987350471318, 2.254293265985325, 2.072705749189481, 2.612900808919221, 2.3311637330334634]
3 12.034 [2.7825331119820476, 2.2202551290392876, 2.0517326260451227, 2.65564419911243, 2.323487706016749]
1 12.613 [2.970131652895361, 2.340267908992246, 2.2852249699644744, 3.013391877990216, 2.0033785130362958]
2026-04-21 14:16:09.381402 Sync done -> model run start
net_times: [[0.0, 1.113, 0, 1210368], [0.0, 2.967, 0, 1210368], [0.0, 3.489, 0, 1210368], [0.0, 2.556, 0, 1210368], [0.0, 1.922, 0, 1210368]]
echo 'race4fun' | sudo -S sh -c 'journalctl --since "2026-04-21 14:14:54.671075" --until "2026-04-21 14:16:09.381402" -k -o short-iso '| grep -i -E 'throttle|throttled|thermal|cpufreq|under-voltage|voltage'
