ALL SYNC
2026-04-21 14:15:25.841218 Sync done -> model run start
2026-04-21 14:15:25.841218 Sync done -> model run start
2026-04-21 14:15:25.841218 Sync done -> model run start
2026-04-21 14:15:25.841218 Sync done -> model run start
1 12.035 [2.4414998618885875, 2.3396081670653075, 2.2790897199884057, 2.3005414749495685, 2.6739249920938164]
0 12.297 [2.4325793189927936, 2.329404606949538, 2.2839888189919293, 2.311367949936539, 2.939652872039005]
2 12.511 [2.5364363740663975, 2.4292437059339136, 2.369217862840742, 2.3914426350966096, 2.784751245053485]
3 12.343 [2.450379520887509, 2.347413714043796, 2.291435983031988, 2.3085432189982384, 2.945019938983023]
2026-04-21 14:15:40.509168 Sync done -> model run start
2026-04-21 14:15:40.521699 Sync done -> model run start
2026-04-21 14:15:40.546838 Sync done -> model run start
2026-04-21 14:15:40.547508 Sync done -> model run start
2 11.535 [2.335806936956942, 2.322433492867276, 2.283606173004955, 2.281069098971784, 2.311899052001536]
3 11.547 [2.33727141097188, 2.3326812190935016, 2.281929303193465, 2.2822833659593016, 2.3123504570685327]
0 11.573 [2.33396735903807, 2.3264170209877193, 2.2724291789345443, 2.2784104619640857, 2.3617871180176735]
1 12.036 [2.4228227459825575, 2.4164625080302358, 2.380964761134237, 2.3680249601602554, 2.447394962888211]
2026-04-21 14:15:54.744048 Sync done -> model run start
2026-04-21 14:15:54.765491 Sync done -> model run start
2026-04-21 14:15:54.765491 Sync done -> model run start
2026-04-21 14:15:54.844297 Sync done -> model run start
1 11.815 [2.391734782839194, 2.374176195822656, 2.333748310105875, 2.338128399802372, 2.377366137923673]
2 11.85 [2.3917351998388767, 2.379648679168895, 2.337670899927616, 2.3502487260848284, 2.3910081249196082]
3 12.282 [2.5083646620623767, 2.4549412447959185, 2.4328117871191353, 2.437470003031194, 2.4487635088153183]
0 12.009 [2.40015652612783, 2.3780405069701374, 2.3405892241280526, 2.338123244000599, 2.551422809017822]
2026-04-21 14:16:09.203684 Sync done -> model run start
2026-04-21 14:16:09.203684 Sync done -> model run start
2026-04-21 14:16:09.224926 Sync done -> model run start
2026-04-21 14:16:09.283716 Sync done -> model run start
0 11.848 [2.386069914093241, 2.4223831831477582, 2.3418567809276283, 2.350748263997957, 2.3463779150042683]
2 11.892 [2.404956728918478, 2.439245524117723, 2.343494640197605, 2.355316322064027, 2.349236862966791]
1 11.848 [2.386069498024881, 2.4218181842006743, 2.342470059869811, 2.3507558670826256, 2.3462785910815]
3 12.296 [2.5129931981209666, 2.5214342661201954, 2.435716266045347, 2.441609893925488, 2.3845061759930104]
2026-04-21 14:16:24.165941 Sync done -> model run start
2026-04-21 14:16:24.169348 Sync done -> model run start
2026-04-21 14:16:24.181594 Sync done -> model run start
2026-04-21 14:16:24.185881 Sync done -> model run start
2 11.631 [2.3708386190701276, 2.37852765689604, 2.2934159049764276, 2.302458429010585, 2.285981662105769]
3 11.678 [2.3735090270638466, 2.3904661079868674, 2.2951610039453954, 2.297261207131669, 2.3213654519058764]
1 11.735 [2.398228685837239, 2.3896496531087905, 2.3387014870531857, 2.3012149441055954, 2.3071213841903955]
0 12.088 [2.4601232239510864, 2.5148206509184092, 2.3865767479874194, 2.383667435962707, 2.342287884093821]
2026-04-21 14:16:37.519663 Sync done -> model run start
net_times: [[28.149, 1.115, 1210368, 1210368], [0.002, 1.044, 1210368, 1210368], [0.073, 1.056, 1210368, 1210368], [0.002, 1.053, 1210368, 1210368], [0.447, 1.122, 1210368, 1210368]]
echo 'race4fun' | sudo -S sh -c 'journalctl --since "2026-04-21 14:14:55.684740" --until "2026-04-21 14:16:37.519663" -k -o short-iso '| grep -i -E 'throttle|throttled|thermal|cpufreq|under-voltage|voltage'
