ALL SYNC
2026-04-21 14:12:42.816601 Sync done -> model run start
2026-04-21 14:12:42.816601 Sync done -> model run start
2026-04-21 14:12:42.816601 Sync done -> model run start
2026-04-21 14:12:42.863239 Sync done -> model run start
1 17.779 [3.6502011409029365, 3.5393383810296655, 3.5080136789474636, 3.5096822739578784, 3.5710580330342054]
3 17.935 [3.660926687065512, 3.5412835751194507, 3.511441465932876, 3.530712743056938, 3.6905475680250674]
2 18.049 [3.6439007178414613, 3.540963680949062, 3.5070372798945755, 3.5153382220305502, 3.8420544201508164]
0 18.414 [3.7762406268157065, 3.6676931630354375, 3.6280126380734146, 3.6638691590633243, 3.677549749845639]
2026-04-21 14:13:03.212014 Sync done -> model run start
2026-04-21 14:13:03.236668 Sync done -> model run start
2026-04-21 14:13:03.257534 Sync done -> model run start
2026-04-21 14:13:03.283220 Sync done -> model run start
0 17.319 [3.479724199976772, 3.4756537738721818, 3.485112051013857, 3.4383745950181037, 3.4395360061898828]
2 17.331 [3.4875477869063616, 3.4784739608876407, 3.4832098251208663, 3.4379068380221725, 3.4432070730254054]
3 17.344 [3.483692763140425, 3.4845395418815315, 3.4873250029049814, 3.441441709175706, 3.4466753809247166]
1 17.871 [3.618041566107422, 3.607586189173162, 3.5902464350219816, 3.546517707873136, 3.5084656570106745]
2026-04-21 14:13:25.633073 Sync done -> model run start
2026-04-21 14:13:25.633066 Sync done -> model run start
2026-04-21 14:13:25.649102 Sync done -> model run start
2026-04-21 14:13:25.668402 Sync done -> model run start
1 17.783 [3.6124256001785398, 3.5509528880938888, 3.544710185844451, 3.5239740489050746, 3.5501939221285284]
2 17.793 [3.612424766877666, 3.54869779990986, 3.546750900801271, 3.523941863095388, 3.5610019678715616]
3 17.796 [3.6176518129650503, 3.546910990960896, 3.547283918131143, 3.522732808953151, 3.5610022810287774]
0 18.362 [3.7508853648323566, 3.6734266779385507, 3.672440396854654, 3.6531881040427834, 3.6115647240076214]
2026-04-21 14:13:48.109849 Sync done -> model run start
2026-04-21 14:13:48.129127 Sync done -> model run start
2026-04-21 14:13:48.146595 Sync done -> model run start
2026-04-21 14:13:48.152230 Sync done -> model run start
2 17.744 [3.549173594918102, 3.579167034011334, 3.547154259867966, 3.529455860843882, 3.5382711209822446]
1 17.763 [3.5685493908822536, 3.5791670859325677, 3.547137698158622, 3.5294671619776636, 3.5382633600383997]
3 17.755 [3.5659912840928882, 3.5770673099905252, 3.5470716040581465, 3.5281371721066535, 3.536593528930098]
0 18.333 [3.7065900990273803, 3.701593639096245, 3.6865965749602765, 3.6531999048311263, 3.584693179000169]
2026-04-21 14:14:10.670770 Sync done -> model run start
2026-04-21 14:14:10.670761 Sync done -> model run start
2026-04-21 14:14:10.713291 Sync done -> model run start
2026-04-21 14:14:10.778643 Sync done -> model run start
0 17.515 [3.570102219004184, 3.5371996590401977, 3.456889370921999, 3.5005849490407854, 3.449992778012529]
1 17.564 [3.560243957908824, 3.5336663511116058, 3.4486147959250957, 3.511335860937834, 3.509427551878616]
2 17.54 [3.5726474090479314, 3.5272607221268117, 3.456004013074562, 3.5108996140770614, 3.473491928773001]
3 18.102 [3.7357679379638284, 3.632197248050943, 3.585221613990143, 3.6564810550771654, 3.492020286154002]
2026-04-21 14:14:28.991132 Sync done -> model run start
net_times: [[23.957, 0.0, 1210368, 0], [0.453, 0.0, 1210368, 0], [2.968, 0.0, 1210368, 0], [2.603, 0.0, 1210368, 0], [2.698, 0.0, 1210368, 0]]
echo 'race4fun' | sudo -S sh -c 'journalctl --since "2026-04-21 14:12:15.929205" --until "2026-04-21 14:14:28.991132" -k -o short-iso '| grep -i -E 'throttle|throttled|thermal|cpufreq|under-voltage|voltage'
