ALL SYNC
2026-04-21 11:10:20.331781 Sync done -> model run start
2026-04-21 11:10:20.331781 Sync done -> model run start
2026-04-21 11:10:20.331781 Sync done -> model run start
2026-04-21 11:10:20.331781 Sync done -> model run start
1 0.475 [0.1287159100174904, 0.0979299999307841, 0.08086278103291988, 0.08379771606996655, 0.08347271801903844]
3 0.475 [0.12871627509593964, 0.09761880314908922, 0.08105392591096461, 0.08283850201405585, 0.08441787003539503]
2 0.484 [0.130967881064862, 0.10022873990237713, 0.0841887048445642, 0.08359604980796576, 0.08481016010046005]
0 0.484 [0.13096777605824172, 0.10022873990237713, 0.08418896491639316, 0.083596205804497, 0.08482490014284849]
2026-04-21 11:10:26.882994 Sync done -> model run start
2026-04-21 11:10:26.888074 Sync done -> model run start
2026-04-21 11:10:26.897911 Sync done -> model run start
2026-04-21 11:10:26.904666 Sync done -> model run start
0 0.408 [0.08460563002154231, 0.09448709804564714, 0.07963669300079346, 0.0742075489833951, 0.07460447493940592]
1 0.404 [0.0874760348815471, 0.09368840302340686, 0.0784931038506329, 0.07205047504976392, 0.0716114139650017]
2 0.414 [0.09523016796447337, 0.09081961400806904, 0.07345395791344345, 0.0738369261380285, 0.08066871901974082]
3 0.484 [0.09538808302022517, 0.09164018300361931, 0.08222584798932076, 0.09500292898155749, 0.11980131291784346]
2026-04-21 11:10:30.396610 Sync done -> model run start
2026-04-21 11:10:30.402156 Sync done -> model run start
2026-04-21 11:10:30.413889 Sync done -> model run start
2026-04-21 11:10:30.420549 Sync done -> model run start
0 0.41 [0.08342844806611538, 0.0948806379456073, 0.07734868186526, 0.07972736889496446, 0.07425968395546079]
1 0.406 [0.08681338001042604, 0.09383210097439587, 0.07771992916241288, 0.07540603401139379, 0.07190417288802564]
3 0.425 [0.09498766902834177, 0.09162065200507641, 0.07527176314033568, 0.07641207100823522, 0.08630562294274569]
2 0.426 [0.09325611311942339, 0.09104570699855685, 0.07307328307069838, 0.07450364110991359, 0.09419933892786503]
2026-04-21 11:10:36.651483 Sync done -> model run start
2026-04-21 11:10:36.660962 Sync done -> model run start
2026-04-21 11:10:36.669016 Sync done -> model run start
2026-04-21 11:10:36.676106 Sync done -> model run start
0 0.398 [0.08083757199347019, 0.09423746401444077, 0.07907112198881805, 0.07256281608715653, 0.07137604989111423]
1 0.396 [0.086284841876477, 0.09189325501210988, 0.07408510195091367, 0.07111704093404114, 0.07202818291261792]
3 0.409 [0.09568313509225845, 0.0907436239067465, 0.07040480501018465, 0.06764262891374528, 0.08372969599440694]
2026-04-21 11:10:40.256817 Sync done -> model run start
2026-04-21 11:10:40.259568 Sync done -> model run start
2026-04-21 11:10:40.270135 Sync done -> model run start
2026-04-21 11:10:40.277541 Sync done -> model run start
1 0.411 [0.08796191704459488, 0.09487350308336318, 0.08032726310193539, 0.07505561783909798, 0.07265916978940368]
0 0.409 [0.08803118811920285, 0.09654287109151483, 0.07911919406615198, 0.0736746871843934, 0.07139594596810639]
2 0.418 [0.09443100402131677, 0.09383819508366287, 0.07436067401431501, 0.07430390198715031, 0.08092304109595716]
3 0.489 [0.09613797697238624, 0.09352611191570759, 0.08392787212505937, 0.09516626200638711, 0.1195322519633919]
2026-04-21 11:10:44.036871 Sync done -> model run start
2026-04-21 11:10:44.040171 Sync done -> model run start
2026-04-21 11:10:44.051963 Sync done -> model run start
2026-04-21 11:10:44.060565 Sync done -> model run start
1 0.408 [0.08796962513588369, 0.09208856709301472, 0.07797018904238939, 0.07507426384836435, 0.0749194729141891]
3 0.409 [0.09471464902162552, 0.09237148193642497, 0.06890632095746696, 0.07298557506874204, 0.07935007894411683]
0 0.484 [0.08768811682239175, 0.11974001186899841, 0.09966947208158672, 0.07378989504650235, 0.10316190496087074]
2026-04-21 11:10:47.546821 Sync done -> model run start
2026-04-21 11:10:47.550812 Sync done -> model run start
2026-04-21 11:10:47.561507 Sync done -> model run start
2026-04-21 11:10:47.569611 Sync done -> model run start
1 0.416 [0.08701384882442653, 0.09489647089503706, 0.07769623189233243, 0.06934371590614319, 0.08696832787245512]
2 0.412 [0.09391350694932044, 0.09182221302762628, 0.07476614112965763, 0.0721408911049366, 0.07917669508606195]
3 0.412 [0.09548480296507478, 0.09141153795644641, 0.07509212894365191, 0.07558973110280931, 0.07428588182665408]
0 0.489 [0.08780035586096346, 0.09216252504847944, 0.0753070751670748, 0.10571725899353623, 0.12753476994112134]
2026-04-21 11:10:51.337927 Sync done -> model run start
2026-04-21 11:10:51.348300 Sync done -> model run start
2026-04-21 11:10:51.356462 Sync done -> model run start
2026-04-21 11:10:51.362217 Sync done -> model run start
0 0.405 [0.08194709988310933, 0.094985585892573, 0.07551353285089135, 0.07471348415128887, 0.07726347306743264]
1 0.401 [0.08547422010451555, 0.08790743909776211, 0.07414447609335184, 0.07572842808440328, 0.07702790200710297]
3 0.424 [0.09614558005705476, 0.08485838887281716, 0.06945376680232584, 0.07942242198623717, 0.09433845314197242]
2 0.49 [0.09372298698872328, 0.10853198706172407, 0.1088159962091595, 0.075411711120978, 0.1028546669986099]
2026-04-21 11:10:54.886667 Sync done -> model run start
2026-04-21 11:10:54.889171 Sync done -> model run start
2026-04-21 11:10:54.895901 Sync done -> model run start
2026-04-21 11:10:54.906667 Sync done -> model run start
2 0.403 [0.0957057389896363, 0.09226351394318044, 0.07086490700021386, 0.07286578393541276, 0.0711684999987483]
3 0.413 [0.09727734699845314, 0.09395465208217502, 0.07645738287828863, 0.06850543804466724, 0.07674826704896986]
0 0.483 [0.09108122810721397, 0.09329158300533891, 0.0982746861409396, 0.08766014804132283, 0.11281040590256453]
1 0.409 [0.09087950992397964, 0.09622276690788567, 0.0748771820217371, 0.07638410199433565, 0.07007433800026774]
2026-04-21 11:10:58.625179 Sync done -> model run start
2026-04-21 11:10:58.630011 Sync done -> model run start
2026-04-21 11:10:58.636421 Sync done -> model run start
2026-04-21 11:10:58.645280 Sync done -> model run start
0 0.417 [0.08860899787396193, 0.09602896589785814, 0.07464025495573878, 0.07435567397624254, 0.08338797907344997]
3 0.497 [0.09683229704387486, 0.10946078482083976, 0.11853251699358225, 0.08162272581830621, 0.09002243005670607]
1 0.413 [0.08966706693172455, 0.09221419179812074, 0.07409947598353028, 0.07429249701090157, 0.08277470013126731]
2026-04-21 11:11:02.158155 Sync done -> model run start
net_times: [[0.0, 5.684, 0, 3211264], [0.0, 2.756, 0, 3211264], [0.0, 5.473, 0, 3211264], [0.0, 2.849, 0, 3211264], [0.0, 2.98, 0, 3211264], [0.0, 2.741, 0, 3211264], [0.0, 2.959, 0, 3211264], [0.0, 2.767, 0, 3211264], [0.0, 2.94, 0, 3211264], [0.0, 2.829, 0, 3211264]]
echo 'race4fun' | sudo -S sh -c 'journalctl --since "2026-04-21 11:10:19.930760" --until "2026-04-21 11:11:02.158155" -k -o short-iso '| grep -i -E 'throttle|throttled|thermal|cpufreq|under-voltage|voltage'
