ALL SYNC
2026-04-21 11:10:29.353336 Sync done -> model run start
2026-04-21 11:10:29.353336 Sync done -> model run start
2026-04-21 11:10:29.353344 Sync done -> model run start
2026-04-21 11:10:29.353337 Sync done -> model run start
2 2.231 [0.4943016970064491, 0.4326748698949814, 0.42428688309155405, 0.4419572791084647, 0.437087194994092]
3 2.223 [0.4943020089995116, 0.4326748170424253, 0.4252716707997024, 0.4348309540655464, 0.43567480496130884]
0 2.315 [0.4856281909160316, 0.48150201002135873, 0.4286679590586573, 0.4342017900198698, 0.48468934115953743]
1 2.398 [0.4856282949913293, 0.4312721148598939, 0.42541141086257994, 0.5627559958957136, 0.4922548299655318]
2026-04-21 11:10:32.654385 Sync done -> model run start
2026-04-21 11:10:32.663052 Sync done -> model run start
2026-04-21 11:10:32.694301 Sync done -> model run start
2026-04-21 11:10:32.701284 Sync done -> model run start
1 2.008 [0.4211855421308428, 0.4034839500673115, 0.39327367884106934, 0.3960015319753438, 0.39342321013100445]
0 2.016 [0.424611987080425, 0.40425269585102797, 0.3937654481269419, 0.398151887813583, 0.3952033589594066]
3 1.992 [0.4143601020332426, 0.399432715959847, 0.3915257181506604, 0.39385424996726215, 0.39294341998174787]
2 2.052 [0.4323385690804571, 0.39825641899369657, 0.4411394181661308, 0.39416648796759546, 0.3862677710130811]
2026-04-21 11:10:38.511232 Sync done -> model run start
2026-04-21 11:10:38.521566 Sync done -> model run start
2026-04-21 11:10:38.533630 Sync done -> model run start
2026-04-21 11:10:38.546073 Sync done -> model run start
2 2.007 [0.4054653469938785, 0.42883337498642504, 0.3893903619609773, 0.39022056804969907, 0.39313321211375296]
0 2.006 [0.4069567481055856, 0.4276695258449763, 0.3889060409273952, 0.3907158779911697, 0.391289833933115]
3 2.012 [0.40767643181607127, 0.429469675058499, 0.38905291608534753, 0.3911740011535585, 0.39405888481996953]
1 2.102 [0.456307637039572, 0.4283406171016395, 0.388977344147861, 0.44023129693232477, 0.3874517248477787]
2026-04-21 11:10:42.091253 Sync done -> model run start
2026-04-21 11:10:42.114234 Sync done -> model run start
2026-04-21 11:10:42.117909 Sync done -> model run start
2026-04-21 11:10:42.140506 Sync done -> model run start
0 1.999 [0.41648019780404866, 0.4028213999699801, 0.3962603861000389, 0.3916470720432699, 0.3914770728442818]
1 1.999 [0.4151470260694623, 0.4036044180393219, 0.3952015358954668, 0.3926167031750083, 0.3925497238524258]
3 1.99 [0.41003105812706053, 0.4012992719653994, 0.3947624759748578, 0.3910220740363002, 0.3924983700271696]
2 2.076 [0.46182631189003587, 0.3995458409190178, 0.39151993696577847, 0.4414248859975487, 0.3815969571005553]
2026-04-21 11:10:45.841292 Sync done -> model run start
2026-04-21 11:10:45.850637 Sync done -> model run start
2026-04-21 11:10:45.863436 Sync done -> model run start
2026-04-21 11:10:45.874975 Sync done -> model run start
0 1.97 [0.407869660994038, 0.39317493000999093, 0.38951364322565496, 0.38973312196321785, 0.38987869396805763]
3 1.979 [0.40879132389090955, 0.3951159119606018, 0.39054640009999275, 0.39060061797499657, 0.393657635897398]
2 1.972 [0.4065013329964131, 0.39428820717148483, 0.3896144761238247, 0.38891625008545816, 0.39275373495183885]
1 2.078 [0.4580801809206605, 0.3934121688362211, 0.38967442396096885, 0.44017421500757337, 0.3966146039310843]
2026-04-21 11:10:49.457453 Sync done -> model run start
2026-04-21 11:10:49.466644 Sync done -> model run start
2026-04-21 11:10:49.480369 Sync done -> model run start
2026-04-21 11:10:49.489707 Sync done -> model run start
0 2.005 [0.4233472009655088, 0.4020011960528791, 0.39220842509530485, 0.3933545129839331, 0.39407872897572815]
2 2.009 [0.4162401470821351, 0.4019000499974936, 0.39559877500869334, 0.3937109699472785, 0.40155255189165473]
3 2.011 [0.4163213970605284, 0.4031385350972414, 0.39668850996531546, 0.395298776216805, 0.39886058401316404]
1 2.099 [0.4710980439558625, 0.4027298910077661, 0.39431523880921304, 0.443193576997146, 0.3872029238846153]
2026-04-21 11:10:53.086113 Sync done -> model run start
2026-04-21 11:10:53.092973 Sync done -> model run start
2026-04-21 11:10:53.103092 Sync done -> model run start
2026-04-21 11:10:53.113655 Sync done -> model run start
0 1.979 [0.4078873700927943, 0.39618028211407363, 0.38993192301131785, 0.3909887410700321, 0.39409878104925156]
1 1.99 [0.4104409529827535, 0.39836954488418996, 0.3914306149818003, 0.3924670689739287, 0.3969002799130976]
2 1.992 [0.4104361089412123, 0.3974537148606032, 0.39208894479088485, 0.392990036169067, 0.39848272199742496]
3 2.077 [0.46046501607634127, 0.39817730500362813, 0.3924207149539143, 0.44279264216311276, 0.3825449750293046]
2026-04-21 11:10:56.736833 Sync done -> model run start
2026-04-21 11:10:56.744659 Sync done -> model run start
2026-04-21 11:10:56.758514 Sync done -> model run start
2026-04-21 11:10:56.768891 Sync done -> model run start
1 1.985 [0.41123423096723855, 0.39407466701231897, 0.39200811297632754, 0.3943187810946256, 0.3932807119563222]
2 1.982 [0.40978668513707817, 0.3933652949053794, 0.39070160780102015, 0.3942965930327773, 0.3934767011087388]
3 1.986 [0.4118975610472262, 0.3934580550994724, 0.39133660518564284, 0.3949985702056438, 0.39466617396101356]
0 2.073 [0.45896137598901987, 0.39319779514335096, 0.3912177511956543, 0.4419069681316614, 0.38739771489053965]
2026-04-21 11:11:00.439552 Sync done -> model run start
2026-04-21 11:11:00.461582 Sync done -> model run start
2026-04-21 11:11:00.466299 Sync done -> model run start
2026-04-21 11:11:00.489663 Sync done -> model run start
1 1.99 [0.4131560460664332, 0.3971414768602699, 0.3951820060610771, 0.39302034792490304, 0.39144717692397535]
2 1.999 [0.4196775301825255, 0.3984338161535561, 0.3936538870912045, 0.39370727189816535, 0.3933998260181397]
0 2.081 [0.4637912008911371, 0.3953150790184736, 0.3924765479750931, 0.4403586941771209, 0.38939437409862876]
3 1.998 [0.4209567429497838, 0.3966528328601271, 0.3932349309325218, 0.39180446811951697, 0.39502164209261537]
2026-04-21 11:11:03.927398 Sync done -> model run start
2026-04-21 11:11:03.937303 Sync done -> model run start
2026-04-21 11:11:03.949062 Sync done -> model run start
2026-04-21 11:11:03.960152 Sync done -> model run start
1 1.996 [0.41008923621848226, 0.40050458908081055, 0.39350018999539316, 0.39599460712634027, 0.3954491410404444]
2 1.996 [0.4164624910335988, 0.39674127101898193, 0.39326696190983057, 0.39530320395715535, 0.3941318020224571]
3 1.996 [0.4129749529529363, 0.39864308503456414, 0.3925413398537785, 0.3971458529122174, 0.39412268809974194]
0 2.086 [0.45840288884937763, 0.39853923209011555, 0.3975002260413021, 0.44334394088946283, 0.38843359611928463]
2026-04-21 11:11:06.717091 Sync done -> model run start
net_times: [[7.931, 0.712, 802816, 401408], [0.002, 0.735, 802816, 401408], [2.85, 0.628, 802816, 401408], [0.651, 0.634, 802816, 401408], [0.814, 0.691, 802816, 401408], [0.616, 0.634, 802816, 401408], [0.693, 0.632, 802816, 401408], [0.719, 0.639, 802816, 401408], [0.804, 0.645, 802816, 401408], [0.576, 0.626, 802816, 401408]]
echo 'race4fun' | sudo -S sh -c 'journalctl --since "2026-04-21 11:10:20.937444" --until "2026-04-21 11:11:06.717091" -k -o short-iso '| grep -i -E 'throttle|throttled|thermal|cpufreq|under-voltage|voltage'
