ALL SYNC
2026-04-21 11:10:35.805472 Sync done -> model run start
2026-04-21 11:10:35.805467 Sync done -> model run start
2026-04-21 11:10:35.805477 Sync done -> model run start
2026-04-21 11:10:35.805470 Sync done -> model run start
1 0.038 [0.03323063417337835, 0.0015053560491651297, 0.001209106994792819, 0.001069732941687107, 0.000969629967585206]
3 0.043 [0.03323058201931417, 0.001505199121311307, 0.005675903055816889, 0.0014603040181100368, 0.001218481920659542]
0 0.043 [0.0382237290032208, 0.0010676500387489796, 0.0015920219011604786, 0.0013348869979381561, 0.0010474419686943293]
2 0.048 [0.03323000902310014, 0.0015074389521032572, 0.003211126895621419, 0.005255385069176555, 0.0042567451018840075]
2026-04-21 11:10:37.700156 Sync done -> model run start
2026-04-21 11:10:37.700156 Sync done -> model run start
2026-04-21 11:10:37.704095 Sync done -> model run start
2026-04-21 11:10:37.708602 Sync done -> model run start
0 0.012 [0.005454655038192868, 0.0018609780818223953, 0.0016852498520165682, 0.0015686370898038149, 0.0017197821289300919]
1 0.012 [0.005454916041344404, 0.0018593640998005867, 0.0016878030728548765, 0.0015697821509093046, 0.001720094121992588]
2 0.013 [0.006603711051866412, 0.0016584799159318209, 0.0015497300773859024, 0.001611136132851243, 0.0014943138230592012]
3 0.011 [0.006005588918924332, 0.0017083748243749142, 0.0011918148957192898, 0.0009208801202476025, 0.0009774940554052591]
2026-04-21 11:10:43.573388 Sync done -> model run start
2026-04-21 11:10:43.573479 Sync done -> model run start
2026-04-21 11:10:43.581488 Sync done -> model run start
2026-04-21 11:10:43.581383 Sync done -> model run start
0 0.016 [0.0070671450812369585, 0.002079309895634651, 0.0022494657896459103, 0.0018755090422928333, 0.0019298840779811144]
1 0.016 [0.007041988894343376, 0.0020795189775526524, 0.002249412937089801, 0.0018754580523818731, 0.0019303529988974333]
2 0.016 [0.007870318135246634, 0.0018764471169561148, 0.002068268833681941, 0.0017507181037217379, 0.0017633219249546528]
3 0.016 [0.00788630684837699, 0.0018721760716289282, 0.0020679039880633354, 0.0017511360347270966, 0.0017680630553513765]
2026-04-21 11:10:47.072228 Sync done -> model run start
2026-04-21 11:10:47.072224 Sync done -> model run start
2026-04-21 11:10:47.077551 Sync done -> model run start
2026-04-21 11:10:47.077551 Sync done -> model run start
1 0.013 [0.005629549967125058, 0.001895769964903593, 0.0017600420396775007, 0.001503688981756568, 0.0018795719370245934]
0 0.013 [0.005627205828204751, 0.001895613968372345, 0.001760510029271245, 0.0015034289099276066, 0.001879311865195632]
2 0.012 [0.005728142103180289, 0.0018676449544727802, 0.001499887090176344, 0.001579261850565672, 0.0011778061743825674]
3 0.012 [0.005731632001698017, 0.0018635818269103765, 0.001494626048952341, 0.0015793659258633852, 0.0011774408631026745]
2026-04-21 11:10:50.908862 Sync done -> model run start
2026-04-21 11:10:50.908865 Sync done -> model run start
2026-04-21 11:10:50.916913 Sync done -> model run start
2026-04-21 11:10:50.918828 Sync done -> model run start
1 0.013 [0.006889333948493004, 0.002092852024361491, 0.0015329080633819103, 0.0011741069611161947, 0.0010907219257205725]
0 0.014 [0.006889803102239966, 0.0031047211959958076, 0.001374263083562255, 0.001419314881786704, 0.001142233144491911]
2 0.008 [0.004071122035384178, 0.0011768159456551075, 0.0009958799928426743, 0.0009364010766148567, 0.0009477550629526377]
3 0.008 [0.004070339957252145, 0.0011771810241043568, 0.0009960881434381008, 0.0009366609156131744, 0.0009476509876549244]
2026-04-21 11:10:54.482766 Sync done -> model run start
2026-04-21 11:10:54.482770 Sync done -> model run start
2026-04-21 11:10:54.490380 Sync done -> model run start
2026-04-21 11:10:54.496055 Sync done -> model run start
1 0.013 [0.005759288091212511, 0.0017570729833096266, 0.001642699120566249, 0.0017988961189985275, 0.0016697810497134924]
0 0.013 [0.005759966094046831, 0.0017566040623933077, 0.0016429589595645666, 0.001798790879547596, 0.001669364981353283]
2 0.012 [0.006205536192283034, 0.0017703019548207521, 0.001448481110855937, 0.0011051488108932972, 0.0009942129254341125]
3 0.009 [0.005027730017900467, 0.0009803578723222017, 0.0008580160792917013, 0.0010019210167229176, 0.0008985879831016064]
2026-04-21 11:10:58.218562 Sync done -> model run start
2026-04-21 11:10:58.218548 Sync done -> model run start
2026-04-21 11:10:58.223883 Sync done -> model run start
2026-04-21 11:10:58.223883 Sync done -> model run start
0 0.012 [0.005414342042058706, 0.0019004580099135637, 0.001569574000313878, 0.0016318131238222122, 0.0016816570423543453]
1 0.012 [0.005415175808593631, 0.0019005099311470985, 0.0015652510337531567, 0.0016317609697580338, 0.0016814488917589188]
3 0.012 [0.005772412987425923, 0.0016863960772752762, 0.001580147072672844, 0.0016011360567063093, 0.0014551999047398567]
2 0.012 [0.005771006923168898, 0.001686603995040059, 0.0015796779189258814, 0.0016013970598578453, 0.001455147983506322]
2026-04-21 11:11:01.674412 Sync done -> model run start
2026-04-21 11:11:01.675427 Sync done -> model run start
2026-04-21 11:11:01.681119 Sync done -> model run start
2026-04-21 11:11:01.682827 Sync done -> model run start
0 0.013 [0.00592944398522377, 0.001828218111768365, 0.0016434798017144203, 0.0018121760804206133, 0.0016442090272903442]
1 0.013 [0.006083765998482704, 0.0017124379519373178, 0.0018721239175647497, 0.0017518638633191586, 0.0015303550753742456]
2 0.013 [0.006343347020447254, 0.0018057699780911207, 0.0016395209822803736, 0.0012731170281767845, 0.0012422848958522081]
3 0.012 [0.006038454128429294, 0.0018616549205034971, 0.0014135329984128475, 0.0012422320432960987, 0.0011731700506061316]
2026-04-21 11:11:05.429637 Sync done -> model run start
2026-04-21 11:11:05.429637 Sync done -> model run start
2026-04-21 11:11:05.434088 Sync done -> model run start
2026-04-21 11:11:05.435198 Sync done -> model run start
0 0.012 [0.0053958529606461525, 0.0017950939945876598, 0.001776551827788353, 0.0016423859633505344, 0.0016918131150305271]
1 0.013 [0.005392883904278278, 0.001795405987650156, 0.0017770209815353155, 0.0016413440462201834, 0.0016928541008383036]
2 0.013 [0.006228192010894418, 0.0017630630172789097, 0.0013752519153058529, 0.001526969950646162, 0.001492281910032034]
3 0.013 [0.006370065966621041, 0.00171150011010468, 0.0017020208761096, 0.0014945219736546278, 0.0011144198942929506]
2026-04-21 11:11:08.956642 Sync done -> model run start
2026-04-21 11:11:08.961127 Sync done -> model run start
2026-04-21 11:11:08.961127 Sync done -> model run start
2026-04-21 11:11:08.966085 Sync done -> model run start
0 0.014 [0.006325796013697982, 0.0018719159997999668, 0.0015365018043667078, 0.0018094161059707403, 0.0018755621276795864]
1 0.013 [0.0056013199500739574, 0.001752594020217657, 0.0016599900554865599, 0.001586137106642127, 0.001736655831336975]
2 0.013 [0.005619029048830271, 0.001746447989717126, 0.0016769170761108398, 0.0015686359256505966, 0.0017365519888699055]
3 0.012 [0.0064759510569274426, 0.0017764479853212833, 0.0014014500193297863, 0.0008186409249901772, 0.0009468691423535347]
2026-04-21 11:11:09.045100 Sync done -> model run start
net_times: [[14.408, 0.0, 100352, 0], [1.693, 0.0, 100352, 0], [5.677, 0.0, 100352, 0], [3.335, 0.0, 100352, 0], [3.653, 0.0, 100352, 0], [3.398, 0.0, 100352, 0], [3.546, 0.0, 100352, 0], [3.298, 0.0, 100352, 0], [3.57, 0.0, 100352, 0], [3.362, 0.0, 100352, 0]]
echo 'race4fun' | sudo -S sh -c 'journalctl --since "2026-04-21 11:10:20.949816" --until "2026-04-21 11:11:09.045100" -k -o short-iso '| grep -i -E 'throttle|throttled|thermal|cpufreq|under-voltage|voltage'
