ALL SYNC
2026-04-21 11:09:19.480272 Sync done -> model run start
2026-04-21 11:09:19.480272 Sync done -> model run start
2026-04-21 11:09:19.480277 Sync done -> model run start
2026-04-21 11:09:19.480272 Sync done -> model run start
1 2.65 [0.5596440460067242, 0.516902897041291, 0.5279763201251626, 0.5261100290808827, 0.5192544450983405]
3 2.659 [0.5603487819898874, 0.5214653168804944, 0.5284569410141557, 0.5261193520855159, 0.5220635419245809]
2 2.737 [0.5596451919991523, 0.5650027119554579, 0.524508215021342, 0.5662598400376737, 0.521417765179649]
0 2.902 [0.5596452439203858, 0.5387051089201123, 0.6366006168536842, 0.6318213229533285, 0.5349089859519154]
2026-04-21 11:09:22.782444 Sync done -> model run start
2026-04-21 11:09:22.784240 Sync done -> model run start
2026-04-21 11:09:22.789981 Sync done -> model run start
2026-04-21 11:09:22.800767 Sync done -> model run start
1 2.52 [0.4992345639038831, 0.4881978069897741, 0.4893186339177191, 0.519758660113439, 0.5236761888954788]
2 2.525 [0.5021546508651227, 0.489025458926335, 0.48993050516583025, 0.5191304350737482, 0.5248447239864618]
0 2.639 [0.5274691348895431, 0.48826728691346943, 0.5363367900718004, 0.5278218409512192, 0.5587307708337903]
3 2.698 [0.49857003800570965, 0.48883983585983515, 0.4877020288258791, 0.6262269287835807, 0.5966026270762086]
2026-04-21 11:09:26.251915 Sync done -> model run start
2026-04-21 11:09:26.255103 Sync done -> model run start
2026-04-21 11:09:26.268403 Sync done -> model run start
2026-04-21 11:09:26.280565 Sync done -> model run start
2 2.516 [0.49957065703347325, 0.48875978286378086, 0.48750718706287444, 0.5120762579608709, 0.5281244439538568]
1 2.519 [0.50207678694278, 0.4903060239739716, 0.4886746280826628, 0.5116054799873382, 0.5258010199759156]
3 2.659 [0.49959081201814115, 0.488458639010787, 0.4871895331889391, 0.5950095120351762, 0.5885112690739334]
2026-04-21 11:09:29.763705 Sync done -> model run start
2026-04-21 11:09:29.765836 Sync done -> model run start
2026-04-21 11:09:29.775719 Sync done -> model run start
2026-04-21 11:09:29.793772 Sync done -> model run start
0 2.516 [0.49961648881435394, 0.48878337698988616, 0.48791697598062456, 0.5163396708667278, 0.5229834320489317]
1 2.534 [0.5028304278384894, 0.49066669889725745, 0.4880071310326457, 0.5214760981034487, 0.5313321850262582]
2 2.614 [0.5488742159213871, 0.4896696740761399, 0.5101795508526266, 0.5433224779553711, 0.5221496359445155]
3 2.686 [0.5014703839551657, 0.4903761800378561, 0.4886388471350074, 0.6216132589615881, 0.583910098997876]
2026-04-21 11:09:33.211922 Sync done -> model run start
2026-04-21 11:09:33.222601 Sync done -> model run start
2026-04-21 11:09:33.229287 Sync done -> model run start
2026-04-21 11:09:33.245093 Sync done -> model run start
0 2.534 [0.5007722110021859, 0.49198153521865606, 0.48909665597602725, 0.5228989541064948, 0.5289015220478177]
3 2.522 [0.49733691895380616, 0.49080294789746404, 0.4891183751169592, 0.5178645050618798, 0.5266066920012236]
2 2.613 [0.5214890670031309, 0.5148285329341888, 0.4906681049615145, 0.5665616088081151, 0.5193123088683933]
1 2.696 [0.4973495760932565, 0.492433771956712, 0.4881734331138432, 0.6318565830588341, 0.5858913380652666]
2026-04-21 11:09:36.656230 Sync done -> model run start
2026-04-21 11:09:36.672570 Sync done -> model run start
2026-04-21 11:09:36.679416 Sync done -> model run start
2026-04-21 11:09:36.696300 Sync done -> model run start
3 2.586 [0.49684358900412917, 0.48939654999412596, 0.48863978404551744, 0.5897913142107427, 0.5207855808548629]
2 2.61 [0.4987521718721837, 0.5362852800171822, 0.48872243985533714, 0.5681687351316214, 0.5181811698712409]
0 2.521 [0.5006612739525735, 0.4910765930544585, 0.49014665000140667, 0.5146843160036951, 0.5244641520548612]
1 2.626 [0.49740181490778923, 0.4911729460582137, 0.48957128799520433, 0.5138719249516726, 0.6339528209064156]
2026-04-21 11:09:40.137810 Sync done -> model run start
2026-04-21 11:09:40.138843 Sync done -> model run start
2026-04-21 11:09:40.158838 Sync done -> model run start
2026-04-21 11:09:40.162511 Sync done -> model run start
1 2.543 [0.5086181019432843, 0.5012122609186918, 0.48942785314284265, 0.5181328358594328, 0.5256630519870669]
0 2.557 [0.5094476279336959, 0.5027642301283777, 0.4933676200453192, 0.5252525848336518, 0.5263400790281594]
2 2.652 [0.5058524941559881, 0.5443382530938834, 0.4905275849159807, 0.5411699910182506, 0.5702473160345107]
3 2.686 [0.5077763879671693, 0.49846701696515083, 0.490780760999769, 0.6307988811749965, 0.5576696309726685]
2026-04-21 11:09:43.574180 Sync done -> model run start
2026-04-21 11:09:43.589215 Sync done -> model run start
2026-04-21 11:09:43.599284 Sync done -> model run start
2026-04-21 11:09:43.618138 Sync done -> model run start
0 2.538 [0.5016976748593152, 0.49059940804727376, 0.49125055014155805, 0.5266538269352168, 0.5272461150307208]
3 2.525 [0.497337908949703, 0.4893010819796473, 0.4917024739552289, 0.5210399550851434, 0.5257342490367591]
2 2.688 [0.49726462806575, 0.48941415385343134, 0.4921739820856601, 0.6178823958616704, 0.5912739611230791]
1 2.605 [0.49771092808805406, 0.48920384398661554, 0.536228092154488, 0.5168281570076942, 0.5646383389830589]
2026-04-21 11:09:47.059336 Sync done -> model run start
2026-04-21 11:09:47.070098 Sync done -> model run start
2026-04-21 11:09:47.071006 Sync done -> model run start
2026-04-21 11:09:47.083004 Sync done -> model run start
3 2.519 [0.4992906569968909, 0.4923606989905238, 0.49129617400467396, 0.5143602029420435, 0.5220371361356229]
2 2.543 [0.5010758030693978, 0.4919561699498445, 0.49164726585149765, 0.514434474054724, 0.5433975809719414]
0 2.656 [0.5028415739070624, 0.4923865329474211, 0.4916988799814135, 0.5912846899591386, 0.5777923229616135]
1 2.662 [0.5400359339546412, 0.4931065801065415, 0.5368880890309811, 0.5202611568383873, 0.5711961651686579]
2026-04-21 11:09:50.580779 Sync done -> model run start
2026-04-21 11:09:50.588339 Sync done -> model run start
2026-04-21 11:09:50.592342 Sync done -> model run start
2026-04-21 11:09:50.607136 Sync done -> model run start
0 2.468 [0.5016295500099659, 0.4926940829027444, 0.49148002709262073, 0.4917012760415673, 0.4904868039302528]
2 2.471 [0.502112828893587, 0.4914742459077388, 0.4920823147986084, 0.4935058490373194, 0.4916262240149081]
1 2.609 [0.5578207760117948, 0.5014912700280547, 0.5463885529898107, 0.5014933529309928, 0.501429185969755]
2026-04-21 11:09:53.273518 Sync done -> model run start
net_times: [[2.575, 0.0, 802816, 0], [0.002, 0.0, 802816, 0], [0.35, 0.0, 802816, 0], [0.423, 0.0, 802816, 0], [0.311, 0.0, 802816, 0], [0.344, 0.0, 802816, 0], [0.439, 0.0, 802816, 0], [0.313, 0.0, 802816, 0], [0.382, 0.0, 802816, 0], [0.45, 0.0, 802816, 0]]
echo 'race4fun' | sudo -S sh -c 'journalctl --since "2026-04-21 11:09:15.954498" --until "2026-04-21 11:09:53.273518" -k -o short-iso '| grep -i -E 'throttle|throttled|thermal|cpufreq|under-voltage|voltage'
