ALL SYNC
2026-04-21 11:09:15.366127 Sync done -> model run start
2026-04-21 11:09:15.366128 Sync done -> model run start
2026-04-21 11:09:15.366127 Sync done -> model run start
2026-04-21 11:09:15.366127 Sync done -> model run start
1 1.729 [0.43350997497327626, 0.34642029483802617, 0.32187331514433026, 0.3158919350244105, 0.31153632793575525]
2 1.75 [0.4345705951564014, 0.34887913800776005, 0.326468869112432, 0.31855208007618785, 0.320861600805074]
0 1.819 [0.4638869820628315, 0.35299484990537167, 0.32648715004324913, 0.38757121190428734, 0.2882344489917159]
2026-04-21 11:09:18.637309 Sync done -> model run start
2026-04-21 11:09:18.642817 Sync done -> model run start
2026-04-21 11:09:18.650064 Sync done -> model run start
2026-04-21 11:09:18.658786 Sync done -> model run start
0 1.618 [0.3400970930233598, 0.33603174495510757, 0.32112410105764866, 0.31234955391846597, 0.308220457052812]
1 1.627 [0.34417634597048163, 0.337229500990361, 0.3179457290098071, 0.31428121286444366, 0.3132775709964335]
3 1.655 [0.35144027415663004, 0.3379930390510708, 0.32612152700312436, 0.31677260901778936, 0.3225739898625761]
2 1.714 [0.3445744689088315, 0.39910017396323383, 0.3281350079923868, 0.3144954829476774, 0.32783704111352563]
2026-04-21 11:09:22.567166 Sync done -> model run start
2026-04-21 11:09:22.571237 Sync done -> model run start
2026-04-21 11:09:22.580661 Sync done -> model run start
2026-04-21 11:09:22.589947 Sync done -> model run start
2 1.593 [0.33729918696917593, 0.32673011790029705, 0.31248445017263293, 0.3079654579050839, 0.30843269592151046]
3 1.609 [0.34285182086750865, 0.3279268841724843, 0.312821791972965, 0.3073341599665582, 0.3182386439293623]
0 1.592 [0.3381943400017917, 0.3279719869606197, 0.31200971198268235, 0.30713285808451474, 0.306998586980626]
1 1.689 [0.38540596212260425, 0.33263764483854175, 0.30672259884886444, 0.317488542990759, 0.34644341887906194]
2026-04-21 11:09:26.083912 Sync done -> model run start
2026-04-21 11:09:26.091843 Sync done -> model run start
2026-04-21 11:09:26.096454 Sync done -> model run start
2026-04-21 11:09:26.106098 Sync done -> model run start
0 1.619 [0.34337869309820235, 0.34080485021695495, 0.3148925129789859, 0.31132981996051967, 0.3084917070809752]
1 1.62 [0.34554342296905816, 0.33912688796408474, 0.31484673102386296, 0.31135596497915685, 0.308895505964756]
2 1.64 [0.3477472688537091, 0.34301838208921254, 0.31651974515989423, 0.31308184284716845, 0.31939598312601447]
3 1.737 [0.4136970399413258, 0.35436817700974643, 0.31914145196788013, 0.31450272211804986, 0.33482690691016614]
2026-04-21 11:09:29.556801 Sync done -> model run start
2026-04-21 11:09:29.560327 Sync done -> model run start
2026-04-21 11:09:29.571110 Sync done -> model run start
2026-04-21 11:09:29.585070 Sync done -> model run start
0 1.595 [0.33549648709595203, 0.3283728719688952, 0.3132637180387974, 0.3097559199668467, 0.3083123320247978]
1 1.601 [0.33933871099725366, 0.3292659930884838, 0.31314267590641975, 0.31021164706908166, 0.309227328049019]
2 1.61 [0.33950990810990334, 0.3320701480843127, 0.3159514660947025, 0.31021794909611344, 0.3117716400884092]
3 1.68 [0.34365619206801057, 0.40026006498374045, 0.3186783299315721, 0.311333361081779, 0.3063715589232743]
2026-04-21 11:09:33.011499 Sync done -> model run start
2026-04-21 11:09:33.018919 Sync done -> model run start
2026-04-21 11:09:33.027528 Sync done -> model run start
2026-04-21 11:09:33.036185 Sync done -> model run start
2 1.596 [0.3404094360303134, 0.3277292810380459, 0.3081146238837391, 0.31019617803394794, 0.30957097304053605]
3 1.607 [0.3465990961994976, 0.330855674110353, 0.30584739497862756, 0.3103764900006354, 0.3131549679674208]
1 1.652 [0.3378515818621963, 0.36286131804808974, 0.3245311169885099, 0.30942550487816334, 0.3175248980987817]
0 1.597 [0.3375770510174334, 0.3280590190552175, 0.3094502971507609, 0.31246455502696335, 0.30909290187992156]
2026-04-21 11:09:36.490040 Sync done -> model run start
2026-04-21 11:09:36.495804 Sync done -> model run start
2026-04-21 11:09:36.507002 Sync done -> model run start
2026-04-21 11:09:36.512399 Sync done -> model run start
0 1.598 [0.3412331298459321, 0.3315198381897062, 0.30713145178742707, 0.31092976895160973, 0.30740780499763787]
1 1.602 [0.34237614599987864, 0.33237936487421393, 0.30765431514009833, 0.31075685285031796, 0.30848738411441445]
2 1.609 [0.3437528058420867, 0.33176275296136737, 0.3096381078939885, 0.31190028600394726, 0.3119922641199082]
3 1.673 [0.34937861608341336, 0.33396357810124755, 0.38175457203760743, 0.3152983959298581, 0.2920470889657736]
2026-04-21 11:09:39.943505 Sync done -> model run start
2026-04-21 11:09:39.950377 Sync done -> model run start
2026-04-21 11:09:39.959873 Sync done -> model run start
2026-04-21 11:09:39.968317 Sync done -> model run start
0 1.589 [0.33850387088023126, 0.3294687010347843, 0.3096339930780232, 0.3055048971436918, 0.3061937999445945]
1 1.592 [0.338953920872882, 0.33001322904601693, 0.30984097183682024, 0.30625609192065895, 0.3070086401421577]
3 1.612 [0.34563654800876975, 0.3314617648720741, 0.3133342380169779, 0.3049966699909419, 0.3160136539954692]
2 1.655 [0.34125984902493656, 0.33058890397660434, 0.319862439064309, 0.36520083993673325, 0.2978167000692338]
2026-04-21 11:09:43.372478 Sync done -> model run start
2026-04-21 11:09:43.384920 Sync done -> model run start
2026-04-21 11:09:43.384920 Sync done -> model run start
2026-04-21 11:09:43.395356 Sync done -> model run start
2 1.582 [0.33164900401607156, 0.3265215780120343, 0.30812879209406674, 0.30784321995452046, 0.30754858581349254]
3 1.59 [0.33415008685551584, 0.3270415239967406, 0.3084598849527538, 0.3101698770187795, 0.31004341901279986]
1 1.672 [0.37007186212576926, 0.32556293602101505, 0.3044289641547948, 0.37110159709118307, 0.3006008549127728]
0 1.578 [0.33137353602796793, 0.3272449600044638, 0.3065637468826026, 0.3049812011886388, 0.30726218107156456]
2026-04-21 11:09:46.889475 Sync done -> model run start
2026-04-21 11:09:46.900861 Sync done -> model run start
2026-04-21 11:09:46.906486 Sync done -> model run start
2026-04-21 11:09:46.924099 Sync done -> model run start
2 1.636 [0.3342558678705245, 0.33009145804680884, 0.3503234041854739, 0.3117135160136968, 0.3094037340488285]
1 1.647 [0.3363995049148798, 0.3306203621905297, 0.3581780060194433, 0.31386116286739707, 0.30809009401127696]
3 1.658 [0.3408142779953778, 0.33221733616665006, 0.3585975880268961, 0.3102194599341601, 0.316443026997149]
0 1.742 [0.386186950141564, 0.34234656300395727, 0.34557206998579204, 0.3484722659923136, 0.31922999513335526]
2026-04-21 11:09:50.288304 Sync done -> model run start
net_times: [[0.0, 1.283, 0, 802816], [0.0, 2.02, 0, 802816], [0.0, 1.615, 0, 802816], [0.0, 1.541, 0, 802816], [0.0, 1.57, 0, 802816], [0.0, 1.614, 0, 802816], [0.0, 1.573, 0, 802816], [0.0, 1.579, 0, 802816], [0.0, 1.611, 0, 802816], [0.0, 1.572, 0, 802816]]
echo 'race4fun' | sudo -S sh -c 'journalctl --since "2026-04-21 11:09:14.941858" --until "2026-04-21 11:09:50.288304" -k -o short-iso '| grep -i -E 'throttle|throttled|thermal|cpufreq|under-voltage|voltage'
