ALL SYNC
2026-04-21 11:10:33.385194 Sync done -> model run start
2026-04-21 11:10:33.385185 Sync done -> model run start
2026-04-21 11:10:33.385185 Sync done -> model run start
2026-04-21 11:10:33.385401 Sync done -> model run start
0 1.663 [0.3629118758253753, 0.32293536397628486, 0.3207430290058255, 0.3195875119417906, 0.33628525980748236]
3 1.674 [0.3636418730020523, 0.3272322230041027, 0.32321968604810536, 0.32220229296945035, 0.33784712897613645]
2 1.673 [0.3642256718594581, 0.3266411309596151, 0.3232198941987008, 0.3222030228935182, 0.3360720840282738]
1 1.755 [0.3636413519270718, 0.3709030949976295, 0.3206273519899696, 0.31977454200387, 0.3798552989028394]
2026-04-21 11:10:35.788882 Sync done -> model run start
2026-04-21 11:10:35.792088 Sync done -> model run start
2026-04-21 11:10:35.796893 Sync done -> model run start
2026-04-21 11:10:35.800830 Sync done -> model run start
0 1.597 [0.3225522921420634, 0.31926267012022436, 0.31758304103277624, 0.3183937668800354, 0.3188936610240489]
2 1.594 [0.3223260948434472, 0.3179086120799184, 0.31742778117768466, 0.3180192359723151, 0.31862626504153013]
3 1.596 [0.3227895831223577, 0.3183013191446662, 0.3179915810469538, 0.3178564249537885, 0.31893897289410233]
1 1.642 [0.32268505287356675, 0.3485296389553696, 0.3311794460751116, 0.31805277802050114, 0.3212116719223559]
2026-04-21 11:10:41.568793 Sync done -> model run start
2026-04-21 11:10:41.571263 Sync done -> model run start
2026-04-21 11:10:41.578432 Sync done -> model run start
2026-04-21 11:10:41.583665 Sync done -> model run start
0 1.638 [0.32442858698777854, 0.31902011786587536, 0.31846027611754835, 0.35837329807691276, 0.3179679340682924]
1 1.639 [0.3249617088586092, 0.3191091800108552, 0.31799631915055215, 0.35807309206575155, 0.31857308908365667]
3 1.638 [0.3242827011272311, 0.3188050149474293, 0.31803189194761217, 0.3583850699942559, 0.3186662648804486]
2 1.678 [0.3242258778773248, 0.31879324303008616, 0.36218469007872045, 0.35809335205703974, 0.3144226351287216]
2026-04-21 11:10:45.142049 Sync done -> model run start
2026-04-21 11:10:45.142049 Sync done -> model run start
2026-04-21 11:10:45.159344 Sync done -> model run start
2026-04-21 11:10:45.172373 Sync done -> model run start
1 1.595 [0.32498822011984885, 0.3180022048763931, 0.3177739249076694, 0.3165795539971441, 0.3175515809562057]
0 1.601 [0.3267953998874873, 0.31907147099263966, 0.31812272500246763, 0.3178356948774308, 0.31853746296837926]
3 1.595 [0.3229318729136139, 0.3184562660753727, 0.3180110070388764, 0.3174169990234077, 0.31822918192483485]
2 1.632 [0.3228723939973861, 0.3182206409983337, 0.3345400569960475, 0.3441368949133903, 0.3125564958900213]
2026-04-21 11:10:48.946947 Sync done -> model run start
2026-04-21 11:10:48.952008 Sync done -> model run start
2026-04-21 11:10:48.955711 Sync done -> model run start
2026-04-21 11:10:48.963983 Sync done -> model run start
3 1.594 [0.32387223397381604, 0.31749298702925444, 0.3171194999013096, 0.31700845807790756, 0.3182069950271398]
1 1.635 [0.32359666214324534, 0.3173656959552318, 0.3622205751016736, 0.3170641348697245, 0.31475867494009435]
0 1.594 [0.32417290890589356, 0.31763371592387557, 0.31705960305407643, 0.31737241498194635, 0.3176895489450544]
2026-04-21 11:10:52.520293 Sync done -> model run start
2026-04-21 11:10:52.520873 Sync done -> model run start
2026-04-21 11:10:52.530356 Sync done -> model run start
2026-04-21 11:10:52.556159 Sync done -> model run start
1 1.642 [0.35023588105104864, 0.3237812959123403, 0.3228942679706961, 0.3226740078534931, 0.3226027060300112]
0 1.621 [0.33742504520341754, 0.3217484389897436, 0.32047865306958556, 0.3202987581025809, 0.3205381310544908]
2 1.633 [0.34029493015259504, 0.32364561897702515, 0.3229682259261608, 0.3225196339190006, 0.3228375499602407]
3 1.66 [0.3404164919629693, 0.3202031848486513, 0.3641261919401586, 0.3196237599477172, 0.3156410150695592]
2026-04-21 11:10:56.178187 Sync done -> model run start
2026-04-21 11:10:56.181997 Sync done -> model run start
2026-04-21 11:10:56.181997 Sync done -> model run start
2026-04-21 11:10:56.181997 Sync done -> model run start
0 1.65 [0.331698504043743, 0.3275112819392234, 0.3245842610485852, 0.32152854395098984, 0.34456652705557644]
2 1.66 [0.335151928011328, 0.33003752096556127, 0.3267772728577256, 0.32333317189477384, 0.3445960071403533]
1 1.665 [0.3351618761662394, 0.3300373130477965, 0.32678149291314185, 0.3233334328979254, 0.34908098890446126]
3 1.702 [0.3351618249434978, 0.33003746904432774, 0.3702373648993671, 0.320553912082687, 0.3461391779128462]
2026-04-21 11:10:59.762867 Sync done -> model run start
2026-04-21 11:10:59.766305 Sync done -> model run start
2026-04-21 11:10:59.773557 Sync done -> model run start
2026-04-21 11:10:59.775513 Sync done -> model run start
1 1.594 [0.3218977090436965, 0.31893355306237936, 0.31741939298808575, 0.3180353280622512, 0.31754663214087486]
2 1.597 [0.3228668188676238, 0.3194742810446769, 0.3179845989216119, 0.3177454329561442, 0.31891032378189266]
3 1.601 [0.3232075481209904, 0.31948850001208484, 0.3180418910924345, 0.317859860137105, 0.3225577580742538]
0 1.64 [0.32265859213657677, 0.31919105304405093, 0.33761493884958327, 0.34265075298026204, 0.3176208508666605]
2026-04-21 11:11:03.461883 Sync done -> model run start
2026-04-21 11:11:03.468074 Sync done -> model run start
2026-04-21 11:11:03.482491 Sync done -> model run start
2026-04-21 11:11:03.491336 Sync done -> model run start
0 1.599 [0.3272866979241371, 0.3187907407991588, 0.31716855987906456, 0.31702022696845233, 0.3180907960049808]
1 1.6 [0.32627930608578026, 0.3194317799061537, 0.3184593878686428, 0.3178090259898454, 0.318251577205956]
2 1.637 [0.3239196268841624, 0.3187011058907956, 0.36189067806117237, 0.3174484020564705, 0.3143843519501388]
2026-04-21 11:11:06.972698 Sync done -> model run start
2026-04-21 11:11:06.980523 Sync done -> model run start
2026-04-21 11:11:06.991251 Sync done -> model run start
2026-04-21 11:11:07.008320 Sync done -> model run start
0 1.635 [0.3522554540541023, 0.32157291704788804, 0.3200664131436497, 0.32131671998649836, 0.3200044338591397]
1 1.63 [0.3418742448557168, 0.324600197840482, 0.3214396880939603, 0.3224040081258863, 0.3190326150506735]
2 1.654 [0.3525523808784783, 0.3238905651960522, 0.31993698608130217, 0.32903090887703, 0.3280984649900347]
3 1.68 [0.356934237992391, 0.32077078497968614, 0.336062443908304, 0.35104478197172284, 0.3150121611543]
2026-04-21 11:11:08.922107 Sync done -> model run start
net_times: [[11.573, 0.173, 401408, 100352], [0.124, 0.156, 401408, 100352], [3.636, 0.179, 401408, 100352], [1.369, 0.156, 401408, 100352], [1.625, 0.179, 401408, 100352], [1.396, 0.156, 401408, 100352], [1.421, 0.177, 401408, 100352], [1.335, 0.156, 401408, 100352], [1.564, 0.174, 401408, 100352], [1.309, 0.156, 401408, 100352]]
echo 'race4fun' | sudo -S sh -c 'journalctl --since "2026-04-21 11:10:20.937680" --until "2026-04-21 11:11:08.922107" -k -o short-iso '| grep -i -E 'throttle|throttled|thermal|cpufreq|under-voltage|voltage'
