ALL SYNC
2026-04-21 06:46:39.097816 Sync done -> model run start
2026-04-21 06:46:39.097816 Sync done -> model run start
2026-04-21 06:46:39.097820 Sync done -> model run start
2026-04-21 06:46:39.097819 Sync done -> model run start
3 0.034 [0.034042611019685864]
2 0.034 [0.034042142098769546]
1 0.034 [0.03404203802347183]
0 0.034 [0.03404203802347183]
2026-04-21 06:46:39.619352 Sync done -> model run start
2026-04-21 06:46:39.663321 Sync done -> model run start
2026-04-21 06:46:39.723148 Sync done -> model run start
2026-04-21 06:46:39.760012 Sync done -> model run start
0 0.022 [0.021755359135568142]
1 0.023 [0.022864829981699586]
2 0.016 [0.015579467173665762]
3 0.011 [0.011092209024354815]
2026-04-21 06:46:40.951577 Sync done -> model run start
2026-04-21 06:46:40.996150 Sync done -> model run start
2026-04-21 06:46:41.053501 Sync done -> model run start
2026-04-21 06:46:41.093982 Sync done -> model run start
0 0.022 [0.021383798914030194]
1 0.024 [0.023281492991372943]
2 0.016 [0.016006025951355696]
3 0.011 [0.011075958842411637]
2026-04-21 06:46:42.439425 Sync done -> model run start
2026-04-21 06:46:42.482676 Sync done -> model run start
2026-04-21 06:46:42.543411 Sync done -> model run start
2026-04-21 06:46:42.585128 Sync done -> model run start
0 0.024 [0.023225608048960567]
1 0.016 [0.015710975974798203]
2 0.015 [0.01480619190260768]
3 0.011 [0.010868149111047387]
2026-04-21 06:46:45.208060 Sync done -> model run start
2026-04-21 06:46:45.262072 Sync done -> model run start
2026-04-21 06:46:45.308929 Sync done -> model run start
2026-04-21 06:46:45.352152 Sync done -> model run start
0 0.023 [0.02229540701955557]
1 0.023 [0.022715507773682475]
2 0.019 [0.018944181967526674]
3 0.011 [0.010813930071890354]
2026-04-21 06:46:45.782819 Sync done -> model run start
net_times: [[0.319, 0.138, 12845056, 4581], [0.09, 0.901, 12845056, 4581], [0.081, 1.039, 12845056, 24046], [0.085, 0.659, 12845056, 70663], [1.743, 0.334, 12845056, 227334]]
echo 'race4fun' | sudo -S sh -c 'journalctl --since "2026-04-21 06:46:38.290558" --until "2026-04-21 06:46:45.782819" -k -o short-iso '| grep -i -E 'throttle|throttled|thermal|cpufreq|under-voltage|voltage'
