ALL SYNC
2026-04-21 06:46:39.853200 Sync done -> model run start
2026-04-21 06:46:39.853200 Sync done -> model run start
2026-04-21 06:46:39.853200 Sync done -> model run start
2026-04-21 06:46:39.853200 Sync done -> model run start
0 0.473 [0.4725347110070288]
2 0.48 [0.4800136911217123]
3 0.52 [0.5196725940331817]
2026-04-21 06:46:40.831933 Sync done -> model run start
2026-04-21 06:46:40.842451 Sync done -> model run start
2026-04-21 06:46:40.853816 Sync done -> model run start
2026-04-21 06:46:40.866515 Sync done -> model run start
0 0.405 [0.404469255823642]
1 0.408 [0.4081616890616715]
2 0.42 [0.41956362198106945]
3 0.425 [0.42511708987876773]
2026-04-21 06:46:42.295948 Sync done -> model run start
2026-04-21 06:46:42.307250 Sync done -> model run start
2026-04-21 06:46:42.320892 Sync done -> model run start
2026-04-21 06:46:42.328784 Sync done -> model run start
2 0.414 [0.4136696869973093]
1 0.41 [0.40943178883753717]
0 0.466 [0.46544609288685024]
3 0.414 [0.41430275817401707]
2026-04-21 06:46:43.412161 Sync done -> model run start
2026-04-21 06:46:43.422782 Sync done -> model run start
2026-04-21 06:46:43.435582 Sync done -> model run start
2026-04-21 06:46:43.445463 Sync done -> model run start
1 0.409 [0.4084264801349491]
2 0.408 [0.40814017900265753]
3 0.412 [0.4115652171894908]
0 0.459 [0.45899372384883463]
2026-04-21 06:46:45.857383 Sync done -> model run start
2026-04-21 06:46:45.861747 Sync done -> model run start
2026-04-21 06:46:45.875876 Sync done -> model run start
2026-04-21 06:46:45.900837 Sync done -> model run start
0 0.419 [0.4185124281793833]
2 0.421 [0.42108950205147266]
3 0.424 [0.4236615221016109]
1 0.473 [0.4730664798989892]
2026-04-21 06:46:47.242187 Sync done -> model run start
net_times: [[1.086, 0.244, 3211264, 161952], [0.022, 0.789, 3211264, 161952], [0.02, 0.435, 3211264, 370531], [0.022, 0.649, 3211264, 584019], [1.146, 0.817, 3211264, 739503]]
echo 'race4fun' | sudo -S sh -c 'journalctl --since "2026-04-21 06:46:38.290305" --until "2026-04-21 06:46:47.242187" -k -o short-iso '| grep -i -E 'throttle|throttled|thermal|cpufreq|under-voltage|voltage'
