ALL SYNC
2026-04-21 06:45:59.303723 Sync done -> model run start
2026-04-21 06:45:59.303719 Sync done -> model run start
2026-04-21 06:45:59.303723 Sync done -> model run start
2026-04-21 06:45:59.303719 Sync done -> model run start
0 0.429 [0.42886412888765335]
2 0.429 [0.4288618890568614]
3 0.431 [0.4303582950960845]
1 0.479 [0.47871550009585917]
2026-04-21 06:46:00.230960 Sync done -> model run start
2026-04-21 06:46:00.236067 Sync done -> model run start
2026-04-21 06:46:00.248656 Sync done -> model run start
2026-04-21 06:46:00.255992 Sync done -> model run start
0 0.345 [0.3446296560578048]
2 0.349 [0.3485685589257628]
3 0.361 [0.36083855107426643]
1 0.34 [0.3401138768531382]
2026-04-21 06:46:01.817567 Sync done -> model run start
2026-04-21 06:46:01.826116 Sync done -> model run start
2026-04-21 06:46:01.837487 Sync done -> model run start
2026-04-21 06:46:01.850171 Sync done -> model run start
0 0.33 [0.3299513307865709]
1 0.335 [0.33457091194577515]
2 0.358 [0.35766922892071307]
3 0.38 [0.37939317198470235]
2026-04-21 06:46:04.318537 Sync done -> model run start
2026-04-21 06:46:04.332206 Sync done -> model run start
2026-04-21 06:46:04.339910 Sync done -> model run start
2026-04-21 06:46:04.344554 Sync done -> model run start
0 0.354 [0.35368860489688814]
2 0.359 [0.358673342037946]
3 0.369 [0.3689652099274099]
1 0.403 [0.40235112397931516]
2026-04-21 06:46:07.508807 Sync done -> model run start
2026-04-21 06:46:07.515067 Sync done -> model run start
2026-04-21 06:46:07.519289 Sync done -> model run start
2026-04-21 06:46:07.539267 Sync done -> model run start
0 0.356 [0.3557915720157325]
2 0.352 [0.351400428917259]
3 0.373 [0.37320312205702066]
1 0.35 [0.35001850314438343]
2026-04-21 06:46:10.630529 Sync done -> model run start
net_times: [[0.0, 0.269, 0, 89359], [0.0, 1.005, 0, 89359], [0.0, 1.906, 0, 1740105], [0.0, 2.582, 0, 2271895], [0.0, 2.61, 0, 2275868]]
echo 'race4fun' | sudo -S sh -c 'journalctl --since "2026-04-21 06:45:58.881453" --until "2026-04-21 06:46:10.630529" -k -o short-iso '| grep -i -E 'throttle|throttled|thermal|cpufreq|under-voltage|voltage'
