ALL SYNC
2026-04-21 06:46:37.727655 Sync done -> model run start
2026-04-21 06:46:37.727655 Sync done -> model run start
2026-04-21 06:46:37.727655 Sync done -> model run start
2026-04-21 06:46:37.727655 Sync done -> model run start
1 0.13 [0.12944568484090269]
0 0.13 [0.1294454769231379]
3 0.131 [0.1304953710641712]
2 0.135 [0.13470958708785474]
2026-04-21 06:46:38.730755 Sync done -> model run start
2026-04-21 06:46:38.734305 Sync done -> model run start
2026-04-21 06:46:38.744869 Sync done -> model run start
2026-04-21 06:46:38.753108 Sync done -> model run start
0 0.088 [0.08818852785043418]
1 0.087 [0.08642420615069568]
2 0.102 [0.10200424608774483]
3 0.111 [0.110791479004547]
2026-04-21 06:46:39.627491 Sync done -> model run start
2026-04-21 06:46:39.635510 Sync done -> model run start
2026-04-21 06:46:39.647618 Sync done -> model run start
2026-04-21 06:46:39.652636 Sync done -> model run start
1 0.086 [0.08607576880604029]
3 0.098 [0.09833851992152631]
0 0.081 [0.08080983604304492]
2 0.156 [0.15532342507503927]
2026-04-21 06:46:40.972800 Sync done -> model run start
2026-04-21 06:46:40.972806 Sync done -> model run start
2026-04-21 06:46:40.990206 Sync done -> model run start
2026-04-21 06:46:41.003085 Sync done -> model run start
0 0.085 [0.08482337393797934]
1 0.085 [0.08482592599466443]
2 0.099 [0.09929331112653017]
3 0.124 [0.1238366779871285]
2026-04-21 06:46:42.449315 Sync done -> model run start
2026-04-21 06:46:42.454910 Sync done -> model run start
2026-04-21 06:46:42.465172 Sync done -> model run start
2026-04-21 06:46:42.474984 Sync done -> model run start
0 0.095 [0.09438508609309793]
3 0.111 [0.11124673904851079]
2 0.103 [0.10272929794155061]
1 0.095 [0.09460664703510702]
2026-04-21 06:46:45.137232 Sync done -> model run start
net_times: [[0.0, 0.489, 0, 13923], [0.0, 0.433, 0, 13923], [0.0, 0.864, 0, 71969], [0.0, 1.006, 0, 258269], [0.0, 2.293, 0, 984565]]
echo 'race4fun' | sudo -S sh -c 'journalctl --since "2026-04-21 06:46:37.299906" --until "2026-04-21 06:46:45.137232" -k -o short-iso '| grep -i -E 'throttle|throttled|thermal|cpufreq|under-voltage|voltage'
