ALL SYNC
2026-04-21 06:46:41.513000 Sync done -> model run start
2026-04-21 06:46:41.513006 Sync done -> model run start
2026-04-21 06:46:41.513000 Sync done -> model run start
2026-04-21 06:46:41.513491 Sync done -> model run start
2 0.358 [0.35783714009448886]
0 0.358 [0.3582425550557673]
3 0.374 [0.3737152030225843]
1 0.388 [0.3879908749368042]
2026-04-21 06:46:42.378153 Sync done -> model run start
2026-04-21 06:46:42.382438 Sync done -> model run start
2026-04-21 06:46:42.389034 Sync done -> model run start
2026-04-21 06:46:42.401477 Sync done -> model run start
1 0.322 [0.3217644691467285]
3 0.321 [0.3207013481296599]
0 0.331 [0.33045630902051926]
2 0.322 [0.3218379570171237]
2026-04-21 06:46:43.491905 Sync done -> model run start
2026-04-21 06:46:43.494998 Sync done -> model run start
2026-04-21 06:46:43.500849 Sync done -> model run start
2026-04-21 06:46:43.512948 Sync done -> model run start
1 0.324 [0.3237946678418666]
0 0.324 [0.3236159710213542]
2 0.324 [0.32372216903604567]
3 0.326 [0.3259314310271293]
2026-04-21 06:46:44.803284 Sync done -> model run start
2026-04-21 06:46:44.808431 Sync done -> model run start
2026-04-21 06:46:44.817373 Sync done -> model run start
2026-04-21 06:46:44.826322 Sync done -> model run start
0 0.323 [0.32238753885030746]
1 0.323 [0.3231570669449866]
3 0.322 [0.32168863504193723]
2 0.33 [0.32963214511983097]
2026-04-21 06:46:47.452965 Sync done -> model run start
2026-04-21 06:46:47.458774 Sync done -> model run start
2026-04-21 06:46:47.470341 Sync done -> model run start
2026-04-21 06:46:47.470341 Sync done -> model run start
0 0.323 [0.3231372230220586]
1 0.323 [0.3230944110546261]
3 0.323 [0.32275425596162677]
2 0.37 [0.36971282213926315]
2026-04-21 06:46:48.153686 Sync done -> model run start
net_times: [[2.377, 0.137, 1605632, 99176], [0.014, 0.122, 1605632, 99176], [0.321, 0.15, 1605632, 126974], [0.491, 0.149, 1605632, 126868], [1.822, 0.208, 1605632, 163277]]
echo 'race4fun' | sudo -S sh -c 'journalctl --since "2026-04-21 06:46:38.292148" --until "2026-04-21 06:46:48.153686" -k -o short-iso '| grep -i -E 'throttle|throttled|thermal|cpufreq|under-voltage|voltage'
