ALL SYNC
2026-04-21 06:46:01.019790 Sync done -> model run start
2026-04-21 06:46:01.019799 Sync done -> model run start
2026-04-21 06:46:01.019794 Sync done -> model run start
2026-04-21 06:46:01.019805 Sync done -> model run start
0 0.556 [0.555210358928889]
3 0.555 [0.554920881986618]
2 0.555 [0.5545596859883517]
1 0.555 [0.5549159860238433]
2026-04-21 06:46:01.968327 Sync done -> model run start
2026-04-21 06:46:01.975127 Sync done -> model run start
2026-04-21 06:46:01.990379 Sync done -> model run start
2026-04-21 06:46:02.027874 Sync done -> model run start
0 0.495 [0.4952192099299282]
1 0.498 [0.4973499260377139]
2 0.494 [0.4934364079963416]
3 0.505 [0.5042249369435012]
2026-04-21 06:46:04.466794 Sync done -> model run start
2026-04-21 06:46:04.474106 Sync done -> model run start
2026-04-21 06:46:04.484699 Sync done -> model run start
2026-04-21 06:46:04.546911 Sync done -> model run start
0 0.501 [0.5004419388715178]
1 0.501 [0.5011943290010095]
2 0.499 [0.4983980960678309]
3 0.491 [0.49049934186041355]
2026-04-21 06:46:07.665689 Sync done -> model run start
2026-04-21 06:46:07.675767 Sync done -> model run start
2026-04-21 06:46:07.700021 Sync done -> model run start
2026-04-21 06:46:07.714727 Sync done -> model run start
0 0.521 [0.5204493179917336]
1 0.519 [0.5183592790272087]
2 0.506 [0.5063499240204692]
3 0.54 [0.5394796209875494]
2026-04-21 06:46:10.866862 Sync done -> model run start
2026-04-21 06:46:10.867150 Sync done -> model run start
2026-04-21 06:46:10.877137 Sync done -> model run start
2026-04-21 06:46:10.900267 Sync done -> model run start
0 0.504 [0.5041244172025472]
2 0.502 [0.5014653699472547]
3 0.503 [0.50336968107149]
1 0.501 [0.5003719909582287]
2026-04-21 06:46:11.488321 Sync done -> model run start
net_times: [[0.23, 0.0, 3211264, 0], [0.022, 0.0, 3211264, 0], [1.552, 0.0, 3211264, 0], [2.243, 0.0, 3211264, 0], [2.231, 0.0, 3211264, 0]]
echo 'race4fun' | sudo -S sh -c 'journalctl --since "2026-04-21 06:45:59.876505" --until "2026-04-21 06:46:11.488321" -k -o short-iso '| grep -i -E 'throttle|throttled|thermal|cpufreq|under-voltage|voltage'
