ALL SYNC
2026-04-21 06:46:42.703624 Sync done -> model run start
2026-04-21 06:46:42.703613 Sync done -> model run start
2026-04-21 06:46:42.703621 Sync done -> model run start
2026-04-21 06:46:42.703634 Sync done -> model run start
0 0.033 [0.032863707980141044]
3 0.033 [0.032843552995473146]
2 0.033 [0.0328482398763299]
1 0.036 [0.035983064910396934]
2026-04-21 06:46:42.958916 Sync done -> model run start
2026-04-21 06:46:42.962708 Sync done -> model run start
2026-04-21 06:46:42.962708 Sync done -> model run start
2026-04-21 06:46:42.972100 Sync done -> model run start
0 0.006 [0.0062303789891302586]
2 0.005 [0.005074865883216262]
1 0.005 [0.00507502187974751]
3 0.003 [0.0031227930448949337]
2026-04-21 06:46:44.103380 Sync done -> model run start
2026-04-21 06:46:44.104559 Sync done -> model run start
2026-04-21 06:46:44.107721 Sync done -> model run start
2026-04-21 06:46:44.110946 Sync done -> model run start
0 0.006 [0.006278088083490729]
1 0.006 [0.006114962976425886]
2 0.006 [0.006092775845900178]
3 0.005 [0.0051161679439246655]
2026-04-21 06:46:45.416174 Sync done -> model run start
2026-04-21 06:46:45.421622 Sync done -> model run start
2026-04-21 06:46:45.421628 Sync done -> model run start
2026-04-21 06:46:45.426374 Sync done -> model run start
2 0.005 [0.0052563222125172615]
0 0.006 [0.006131943082436919]
1 0.005 [0.0052565832156687975]
3 0.005 [0.00445835804566741]
2026-04-21 06:46:48.208190 Sync done -> model run start
2026-04-21 06:46:48.208657 Sync done -> model run start
2026-04-21 06:46:48.214878 Sync done -> model run start
2026-04-21 06:46:48.226637 Sync done -> model run start
3 0.006 [0.005903922952711582]
2 0.007 [0.006443243008106947]
1 0.006 [0.005501268897205591]
2026-04-21 06:46:48.308278 Sync done -> model run start
net_times: [[3.795, 0.0, 401408, 0], [0.071, 0.0, 401408, 0], [0.984, 0.0, 401408, 0], [1.153, 0.0, 401408, 0], [2.616, 0.0, 401408, 0]]
echo 'race4fun' | sudo -S sh -c 'journalctl --since "2026-04-21 06:46:38.290921" --until "2026-04-21 06:46:48.308278" -k -o short-iso '| grep -i -E 'throttle|throttled|thermal|cpufreq|under-voltage|voltage'
