ALL SYNC
2026-04-21 11:20:09.618459 Sync done -> model run start
2026-04-21 11:20:09.618459 Sync done -> model run start
2026-04-21 11:20:09.618459 Sync done -> model run start
2026-04-21 11:20:09.618459 Sync done -> model run start
1 2.129 [0.4850916520226747, 0.4145280891098082, 0.4090896211564541, 0.4094167030416429, 0.4108188319951296]
0 2.129 [0.4850915998686105, 0.41459371289238334, 0.4090296740178019, 0.40941633796319366, 0.4108189370017499]
3 2.165 [0.49567129695788026, 0.420149888144806, 0.4158824048936367, 0.4157079791184515, 0.41702448413707316]
2 2.238 [0.4946363519411534, 0.4685042730998248, 0.412257889052853, 0.43441024608910084, 0.42761412798427045]
2026-04-21 11:20:14.998570 Sync done -> model run start
2026-04-21 11:20:15.005231 Sync done -> model run start
2026-04-21 11:20:15.014140 Sync done -> model run start
2026-04-21 11:20:15.023455 Sync done -> model run start
1 1.984 [0.41439683898352087, 0.392506459960714, 0.38887564092874527, 0.3957744159270078, 0.3921972431708127]
2 1.988 [0.41411064215935767, 0.39333046693354845, 0.38953011808916926, 0.39715248299762607, 0.39372218516655266]
0 2.075 [0.46477657998912036, 0.39077698811888695, 0.39822867582552135, 0.43406941392458975, 0.386474713915959]
3 1.995 [0.4148276709020138, 0.394702595891431, 0.39036329090595245, 0.3974977941252291, 0.39775899099186063]
2026-04-21 11:20:20.947597 Sync done -> model run start
2026-04-21 11:20:20.956496 Sync done -> model run start
2026-04-21 11:20:20.966958 Sync done -> model run start
2026-04-21 11:20:20.975887 Sync done -> model run start
1 1.972 [0.40758337802253664, 0.39109860197640955, 0.3900783450808376, 0.39207198307849467, 0.3913614130578935]
2 1.981 [0.4090577468741685, 0.3921573469415307, 0.39120094501413405, 0.3939091111533344, 0.39449983718805015]
0 2.074 [0.4572233301587403, 0.39205906610004604, 0.39131016307510436, 0.44143604999408126, 0.39181599393486977]
3 1.984 [0.41148070502094924, 0.392893698066473, 0.39271296886727214, 0.3933360402006656, 0.393455205950886]
2026-04-21 11:20:26.909456 Sync done -> model run start
2026-04-21 11:20:26.914531 Sync done -> model run start
2026-04-21 11:20:26.928267 Sync done -> model run start
2026-04-21 11:20:26.937537 Sync done -> model run start
0 1.992 [0.41577157308347523, 0.39864398702047765, 0.393160467967391, 0.38991152308881283, 0.39422572404146194]
1 2.006 [0.4194553070701659, 0.39870804897509515, 0.39407322416082025, 0.39152594399638474, 0.401682254858315]
2 1.998 [0.4168832350987941, 0.39801716594956815, 0.3946640028152615, 0.39291692711412907, 0.3954494681674987]
3 2.088 [0.4681662011425942, 0.3984353421255946, 0.3956253540236503, 0.44497145200148225, 0.38052088394761086]
2026-04-21 11:20:32.857805 Sync done -> model run start
2026-04-21 11:20:32.874505 Sync done -> model run start
2026-04-21 11:20:32.880978 Sync done -> model run start
2026-04-21 11:20:32.893873 Sync done -> model run start
1 1.98 [0.404891774058342, 0.39487197203561664, 0.39167500496841967, 0.3917168800253421, 0.39655097504146397]
2 1.983 [0.40787384496070445, 0.39380072499625385, 0.39194573392160237, 0.3918289109133184, 0.39758831402286887]
3 1.991 [0.4097115451004356, 0.3955367081798613, 0.3924392210319638, 0.3933142179157585, 0.4000395021867007]
0 2.086 [0.41848729085177183, 0.4350794618949294, 0.3920668268110603, 0.40086788521148264, 0.4397609019652009]
2026-04-21 11:20:38.804218 Sync done -> model run start
2026-04-21 11:20:38.812912 Sync done -> model run start
2026-04-21 11:20:38.821818 Sync done -> model run start
2026-04-21 11:20:38.831967 Sync done -> model run start
1 1.982 [0.4137262690346688, 0.3943664007820189, 0.39041844895109534, 0.39132427820004523, 0.3919877640437335]
2 1.986 [0.4144883491098881, 0.39481301279738545, 0.390616571996361, 0.3918940669391304, 0.39397306903265417]
3 1.988 [0.4162353731226176, 0.39534879196435213, 0.391348912846297, 0.39149729697965086, 0.3932542179245502]
0 2.079 [0.41385303903371096, 0.4429271388798952, 0.3902962089050561, 0.3902545419987291, 0.4412525629159063]
2026-04-21 11:20:44.777492 Sync done -> model run start
2026-04-21 11:20:44.784407 Sync done -> model run start
2026-04-21 11:20:44.792854 Sync done -> model run start
2026-04-21 11:20:44.803150 Sync done -> model run start
0 1.982 [0.4103050329722464, 0.3986151849385351, 0.39114672620780766, 0.3907124581746757, 0.3911330809351057]
1 1.996 [0.41184080787934363, 0.4006040310487151, 0.3916400580201298, 0.391411152202636, 0.4005526250693947]
2 2.079 [0.4133161671925336, 0.4496681010350585, 0.3928494800347835, 0.39170599495992064, 0.4313744781538844]
3 1.995 [0.41707135993056, 0.3984224779997021, 0.3929281779564917, 0.3923491700552404, 0.3945508790202439]
2026-04-21 11:20:50.740329 Sync done -> model run start
2026-04-21 11:20:50.746231 Sync done -> model run start
2026-04-21 11:20:50.754982 Sync done -> model run start
2026-04-21 11:20:50.764849 Sync done -> model run start
0 1.973 [0.41044274088926613, 0.39488285686820745, 0.38943048287183046, 0.3888174130115658, 0.3893652749247849]
2 1.978 [0.41354876989498734, 0.3937189558055252, 0.3914302149787545, 0.38964470103383064, 0.38987225317396224]
3 1.991 [0.4161959991324693, 0.3951997831463814, 0.39248786703683436, 0.3908804780803621, 0.39649227703921497]
1 2.052 [0.41340559301897883, 0.42444893321953714, 0.4112650810275227, 0.3900088150985539, 0.4123835659120232]
2026-04-21 11:20:56.715747 Sync done -> model run start
2026-04-21 11:20:56.722907 Sync done -> model run start
2026-04-21 11:20:56.733309 Sync done -> model run start
2026-04-21 11:20:56.742996 Sync done -> model run start
0 1.984 [0.4073677018750459, 0.3935899978969246, 0.3950385849457234, 0.3950490541756153, 0.39247828419320285]
1 1.987 [0.40940154693089426, 0.39330463390797377, 0.3957888949662447, 0.3955297810025513, 0.3931917699519545]
2 1.997 [0.409341859864071, 0.3946568160317838, 0.39685311005450785, 0.395156605867669, 0.4009293429553509]
3 2.047 [0.4111219570040703, 0.3942316100001335, 0.44569431501440704, 0.3959401969332248, 0.39967617113143206]
2026-04-21 11:21:02.677152 Sync done -> model run start
2026-04-21 11:21:02.684306 Sync done -> model run start
2026-04-21 11:21:02.691939 Sync done -> model run start
2026-04-21 11:21:02.701780 Sync done -> model run start
0 2.037 [0.4104319598991424, 0.40240329480729997, 0.4158285011071712, 0.4116043511312455, 0.3968305569142103]
1 2.009 [0.41205367213115096, 0.3969133170321584, 0.4050822430290282, 0.4014102260116488, 0.39355671708472073]
3 2.03 [0.42096509388647974, 0.39889773703180254, 0.4081282189581543, 0.40398276690393686, 0.397701334906742]
2 2.066 [0.41462204698473215, 0.3984373740386218, 0.4560248979832977, 0.3975471688900143, 0.39892955985851586]
2026-04-21 11:21:05.532185 Sync done -> model run start
net_times: [[6.67, 0.696, 802816, 401408], [2.224, 0.632, 802816, 401408], [3.027, 0.702, 802816, 401408], [2.924, 0.698, 802816, 401408], [2.921, 0.71, 802816, 401408], [2.941, 0.692, 802816, 401408], [2.99, 0.693, 802816, 401408], [2.967, 0.698, 802816, 401408], [3.003, 0.701, 802816, 401408], [2.958, 0.693, 802816, 401408]]
echo 'race4fun' | sudo -S sh -c 'journalctl --since "2026-04-21 11:20:02.457535" --until "2026-04-21 11:21:05.532185" -k -o short-iso '| grep -i -E 'throttle|throttled|thermal|cpufreq|under-voltage|voltage'
