ALL SYNC
2026-04-21 11:18:57.964949 Sync done -> model run start
2026-04-21 11:18:57.964949 Sync done -> model run start
2026-04-21 11:18:57.965005 Sync done -> model run start
2026-04-21 11:18:57.965700 Sync done -> model run start
2 1.741 [0.4133602329529822, 0.3453580441419035, 0.3290074791293591, 0.3283618059940636, 0.3250059972051531]
0 1.744 [0.4124727388843894, 0.34361696196720004, 0.32923627994023263, 0.33027971000410616, 0.3278835800010711]
3 1.786 [0.4211904387921095, 0.35041269613429904, 0.34262290596961975, 0.34113828209228814, 0.3304637710098177]
1 1.846 [0.4262107699178159, 0.37788766412995756, 0.34770578797906637, 0.3421683779451996, 0.35177138494327664]
2026-04-21 11:19:01.407582 Sync done -> model run start
2026-04-21 11:19:01.413376 Sync done -> model run start
2026-04-21 11:19:01.423628 Sync done -> model run start
2026-04-21 11:19:01.431442 Sync done -> model run start
0 1.635 [0.34396055387333035, 0.3718646850902587, 0.3103051611687988, 0.3054516518022865, 0.3034764570184052]
2 1.635 [0.35631927102804184, 0.3650969199370593, 0.30707674380391836, 0.3032069280743599, 0.30338744702748954]
3 1.646 [0.35049212304875255, 0.37696136883459985, 0.30373609089292586, 0.305518161971122, 0.3093702709302306]
1 1.695 [0.3454006479587406, 0.3942786979023367, 0.3220076838042587, 0.3070063281338662, 0.32646494498476386]
2026-04-21 11:19:05.360464 Sync done -> model run start
2026-04-21 11:19:05.365467 Sync done -> model run start
2026-04-21 11:19:05.372428 Sync done -> model run start
2026-04-21 11:19:05.381695 Sync done -> model run start
2 1.601 [0.34269249089993536, 0.3290854999795556, 0.3118196299765259, 0.30750939901918173, 0.31005740188993514]
3 1.612 [0.35236752801574767, 0.3260407820343971, 0.31174989114515483, 0.3068726840429008, 0.31450174702331424]
1 1.687 [0.3667028460185975, 0.3562539601698518, 0.30567618180066347, 0.30313244997523725, 0.35520948795601726]
0 1.595 [0.3414595820941031, 0.3307268959470093, 0.31122031109407544, 0.306162950117141, 0.305086602922529]
2026-04-21 11:19:08.806643 Sync done -> model run start
2026-04-21 11:19:08.811375 Sync done -> model run start
2026-04-21 11:19:08.818443 Sync done -> model run start
2026-04-21 11:19:08.826593 Sync done -> model run start
2 1.625 [0.3457035121973604, 0.33035278506577015, 0.3167926170863211, 0.3161624129861593, 0.31598048680461943]
0 1.617 [0.3422620769124478, 0.3345895779784769, 0.31357206613756716, 0.3147536211181432, 0.3111803119536489]
3 1.645 [0.35314236697740853, 0.3336909899953753, 0.3195287957787514, 0.31801620218902826, 0.32017191709019244]
1 1.682 [0.34667246299795806, 0.38639385788701475, 0.3213533142115921, 0.3153602827806026, 0.31232092902064323]
2026-04-21 11:19:12.247738 Sync done -> model run start
2026-04-21 11:19:12.262190 Sync done -> model run start
2026-04-21 11:19:12.273628 Sync done -> model run start
2026-04-21 11:19:12.288515 Sync done -> model run start
0 1.593 [0.35230143601074815, 0.32309460500255227, 0.307771482039243, 0.3062336281873286, 0.30345338582992554]
2 1.591 [0.3516793050803244, 0.32151268888264894, 0.3068701848387718, 0.30551972589455545, 0.30538430996239185]
1 1.598 [0.3536183540709317, 0.32170826103538275, 0.3094496470876038, 0.3058885259088129, 0.3072269018739462]
3 1.651 [0.35444589983671904, 0.3340897378511727, 0.365181399974972, 0.308716578874737, 0.28797005489468575]
2026-04-21 11:19:15.688121 Sync done -> model run start
2026-04-21 11:19:15.698344 Sync done -> model run start
2026-04-21 11:19:15.698344 Sync done -> model run start
2026-04-21 11:19:15.724018 Sync done -> model run start
1 1.617 [0.34052761108614504, 0.3406203188933432, 0.31649652612395585, 0.3118752031587064, 0.30733851599507034]
0 1.637 [0.3446243538055569, 0.34073943295516074, 0.31748620700091124, 0.31955926585942507, 0.3141512300353497]
3 1.634 [0.35054691694676876, 0.34142109495587647, 0.31557340803556144, 0.3140854488592595, 0.31250342912971973]
2 1.687 [0.34462450980208814, 0.3431564480997622, 0.3640077628660947, 0.32635067705996335, 0.308893766021356]
2026-04-21 11:19:19.133465 Sync done -> model run start
2026-04-21 11:19:19.138936 Sync done -> model run start
2026-04-21 11:19:19.161302 Sync done -> model run start
2026-04-21 11:19:19.171217 Sync done -> model run start
0 1.645 [0.33294756012037396, 0.33155001793056726, 0.35835446882992983, 0.31123989587649703, 0.31097010616213083]
3 1.655 [0.33584337309002876, 0.34063724614679813, 0.3457936691120267, 0.31474409089423716, 0.317411103984341]
2 1.715 [0.34588585584424436, 0.36380542116239667, 0.33451135107316077, 0.37848407006822526, 0.2925386701244861]
1 1.652 [0.3365034721791744, 0.338133409852162, 0.34944984200410545, 0.31377097312361, 0.3134481618180871]
2026-04-21 11:19:22.678579 Sync done -> model run start
2026-04-21 11:19:22.688917 Sync done -> model run start
2026-04-21 11:19:22.697661 Sync done -> model run start
2026-04-21 11:19:22.703010 Sync done -> model run start
1 1.578 [0.3340302088763565, 0.3249705310445279, 0.3040920291095972, 0.3032234930433333, 0.31153119704686105]
2 1.582 [0.33569748885929585, 0.32524735294282436, 0.3048398888204247, 0.3067750309128314, 0.30881319497711957]
0 1.683 [0.38673052401281893, 0.32453532703220844, 0.3045731720048934, 0.37136750598438084, 0.29560385807417333]
3 1.592 [0.3416790629271418, 0.3244783468544483, 0.3056970189791173, 0.30732341413386166, 0.31253973115235567]
2026-04-21 11:19:26.157910 Sync done -> model run start
2026-04-21 11:19:26.162718 Sync done -> model run start
2026-04-21 11:19:26.172306 Sync done -> model run start
2026-04-21 11:19:26.179246 Sync done -> model run start
0 1.613 [0.34233233984559774, 0.3311755938921124, 0.3146722170058638, 0.31211786018684506, 0.31213020416907966]
2 1.613 [0.34057047707028687, 0.33208074420690536, 0.31602731300517917, 0.31316087394952774, 0.31114948098547757]
3 1.627 [0.3459283048287034, 0.33407854312099516, 0.31751844799146056, 0.3138894629664719, 0.3152356520295143]
1 1.721 [0.391214296920225, 0.33752456097863615, 0.31597793800756335, 0.31514143315143883, 0.36104200407862663]
2026-04-21 11:19:29.619170 Sync done -> model run start
2026-04-21 11:19:29.624031 Sync done -> model run start
2026-04-21 11:19:29.631750 Sync done -> model run start
2026-04-21 11:19:29.640503 Sync done -> model run start
2 1.591 [0.34769230405800045, 0.32648859615437686, 0.30534811597317457, 0.3049398891162127, 0.30636722315102816]
3 1.603 [0.35366450203582644, 0.32849004003219306, 0.30576535197906196, 0.3048622328788042, 0.31018506083637476]
1 1.658 [0.3445332630071789, 0.3745988910086453, 0.30387645890004933, 0.3041127067990601, 0.33083137799985707]
0 1.59 [0.34610544005408883, 0.33141944697126746, 0.3045417140237987, 0.30415411316789687, 0.30396765610203147]
2026-04-21 11:19:33.017021 Sync done -> model run start
net_times: [[0.0, 1.408, 0, 802816], [0.0, 2.072, 0, 802816], [0.0, 1.586, 0, 802816], [0.0, 1.586, 0, 802816], [0.0, 1.575, 0, 802816], [0.0, 1.563, 0, 802816], [0.0, 1.581, 0, 802816], [0.0, 1.63, 0, 802816], [0.0, 1.561, 0, 802816], [0.0, 1.616, 0, 802816]]
echo 'race4fun' | sudo -S sh -c 'journalctl --since "2026-04-21 11:18:57.333801" --until "2026-04-21 11:19:33.017021" -k -o short-iso '| grep -i -E 'throttle|throttled|thermal|cpufreq|under-voltage|voltage'
