ALL SYNC
2026-04-21 11:20:01.877087 Sync done -> model run start
2026-04-21 11:20:01.877087 Sync done -> model run start
2026-04-21 11:20:01.877087 Sync done -> model run start
2026-04-21 11:20:01.878525 Sync done -> model run start
2 0.467 [0.12847185414284468, 0.09624308301135898, 0.08090689801611006, 0.08219782984815538, 0.07890706183388829]
1 0.47 [0.12993757706135511, 0.09639084292575717, 0.08253366220742464, 0.08114038710482419, 0.07998846378177404]
0 0.492 [0.13377615413628519, 0.10063426196575165, 0.08464782009832561, 0.0838871980085969, 0.08836822095327079]
3 0.492 [0.13233907613903284, 0.09940916299819946, 0.08273079618811607, 0.08279428584501147, 0.09495460009202361]
2026-04-21 11:20:07.840863 Sync done -> model run start
2026-04-21 11:20:07.847301 Sync done -> model run start
2026-04-21 11:20:07.854020 Sync done -> model run start
2026-04-21 11:20:07.862423 Sync done -> model run start
0 0.409 [0.08771494193933904, 0.09552970086224377, 0.07738066301681101, 0.07320812903344631, 0.07525416184216738]
1 0.404 [0.08791218092665076, 0.09186877799220383, 0.07880107406526804, 0.07259891205467284, 0.07223677891306579]
3 0.435 [0.0966170399915427, 0.09264945285394788, 0.07638353202491999, 0.07530322391539812, 0.0938548119738698]
2 0.417 [0.09376356308348477, 0.09156633191742003, 0.0745490079279989, 0.0757319200783968, 0.08152251993305981]
2026-04-21 11:20:13.840930 Sync done -> model run start
2026-04-21 11:20:13.850629 Sync done -> model run start
2026-04-21 11:20:13.861283 Sync done -> model run start
2026-04-21 11:20:13.868289 Sync done -> model run start
1 0.41 [0.08539656712673604, 0.09215117385610938, 0.07708050799556077, 0.07587332604452968, 0.07905247900635004]
2 0.407 [0.09321247204206884, 0.08926405012607574, 0.07298661884851754, 0.07404744788073003, 0.07675550901331007]
0 0.411 [0.0812170528806746, 0.09166570706292987, 0.07894570799544454, 0.07549593108706176, 0.08375209383666515]
3 0.419 [0.09395746793597937, 0.0897531108930707, 0.07330995099619031, 0.07468499685637653, 0.08711609011515975]
2026-04-21 11:20:19.782550 Sync done -> model run start
2026-04-21 11:20:19.787934 Sync done -> model run start
2026-04-21 11:20:19.800746 Sync done -> model run start
2026-04-21 11:20:19.806334 Sync done -> model run start
0 0.417 [0.08353397017344832, 0.09197940398007631, 0.08235288108699024, 0.07843732484616339, 0.07996268314309418]
2 0.423 [0.09504699497483671, 0.09079638798721135, 0.07571754511445761, 0.07779602613300085, 0.08311532693915069]
1 0.413 [0.08601869991980493, 0.09291434707120061, 0.07600316894240677, 0.07721264287829399, 0.08026236994192004]
3 0.426 [0.0940566339995712, 0.0915919051039964, 0.07603993895463645, 0.07762873498722911, 0.0860712518915534]
2026-04-21 11:20:25.748008 Sync done -> model run start
2026-04-21 11:20:25.752658 Sync done -> model run start
2026-04-21 11:20:25.760590 Sync done -> model run start
2026-04-21 11:20:25.768610 Sync done -> model run start
1 0.408 [0.0882851998321712, 0.09351840685121715, 0.07989341299980879, 0.07444229000248015, 0.07172334310598671]
0 0.411 [0.08799817087128758, 0.09511803602799773, 0.07916226983070374, 0.07509140181355178, 0.07350130402483046]
2 0.419 [0.09409970697015524, 0.09228810016065836, 0.07486124709248543, 0.07625926192849874, 0.08167465613223612]
3 0.436 [0.09670073702000082, 0.09283372201025486, 0.07747430820018053, 0.07639483385719359, 0.09246851620264351]
2026-04-21 11:20:31.695500 Sync done -> model run start
2026-04-21 11:20:31.708111 Sync done -> model run start
2026-04-21 11:20:31.715489 Sync done -> model run start
2026-04-21 11:20:31.720287 Sync done -> model run start
2 0.415 [0.09270893107168376, 0.09129628096707165, 0.07373156398534775, 0.07748467312194407, 0.07928320695646107]
2026-04-21 11:20:37.677627 Sync done -> model run start
2026-04-21 11:20:37.691080 Sync done -> model run start
2026-04-21 11:20:37.692892 Sync done -> model run start
2026-04-21 11:20:37.705564 Sync done -> model run start
0 0.372 [0.0801105999853462, 0.08672880101948977, 0.06860642903484404, 0.06755320494994521, 0.06870496994815767]
2 0.374 [0.08273574407212436, 0.08539932686835527, 0.06724226917140186, 0.06791148404590786, 0.07087652408517897]
3 0.379 [0.08203756995499134, 0.08598208497278392, 0.06730231991969049, 0.06688018701970577, 0.07666399911977351]
1 0.436 [0.11673492402769625, 0.08509333897382021, 0.06729888287372887, 0.06753684999421239, 0.0994956218637526]
2026-04-21 11:20:43.613212 Sync done -> model run start
2026-04-21 11:20:43.622209 Sync done -> model run start
2026-04-21 11:20:43.630636 Sync done -> model run start
2026-04-21 11:20:43.640153 Sync done -> model run start
0 0.417 [0.08095809607766569, 0.09133878094144166, 0.07472228794358671, 0.08610880305059254, 0.08333558589220047]
1 0.408 [0.08731369394809008, 0.08882045885547996, 0.07304396317340434, 0.0807352839037776, 0.07807977497577667]
2 0.424 [0.08813676401041448, 0.08823462715372443, 0.0762298870831728, 0.08269345294684172, 0.08868374000303447]
3 0.49 [0.10143233300186694, 0.13669405900873244, 0.07957705995067954, 0.08173991600051522, 0.09053123299963772]
2026-04-21 11:20:49.585695 Sync done -> model run start
2026-04-21 11:20:49.591153 Sync done -> model run start
2026-04-21 11:20:49.603956 Sync done -> model run start
2026-04-21 11:20:49.610435 Sync done -> model run start
1 0.414 [0.08603687700815499, 0.09429090400226414, 0.07195714488625526, 0.08859795890748501, 0.07297323411330581]
2 0.405 [0.09413309185765684, 0.09102086583152413, 0.07365453313104808, 0.07425468694418669, 0.07206089282408357]
3 0.413 [0.0939679890871048, 0.09157758206129074, 0.07604775205254555, 0.07263047504238784, 0.07902435399591923]
0 0.484 [0.08302605617791414, 0.09207830904051661, 0.1135125420987606, 0.09408460301347077, 0.10057499213144183]
2026-04-21 11:20:55.564431 Sync done -> model run start
2026-04-21 11:20:55.565081 Sync done -> model run start
2026-04-21 11:20:55.576729 Sync done -> model run start
2026-04-21 11:20:55.587553 Sync done -> model run start
0 0.406 [0.08972967299632728, 0.0933025749400258, 0.07353948103263974, 0.07501390296965837, 0.07373994891531765]
1 0.405 [0.08992529707029462, 0.0924911720212549, 0.0733612000476569, 0.07518390193581581, 0.07373974099755287]
2 0.414 [0.09310497110709548, 0.090825866907835, 0.07460598810575902, 0.07564900303259492, 0.07942617498338223]
3 0.479 [0.09596324106678367, 0.09257122408598661, 0.07489973586052656, 0.09072430501691997, 0.12456858903169632]
2026-04-21 11:21:01.409444 Sync done -> model run start
net_times: [[0.0, 5.095, 0, 3211264], [0.0, 5.2, 0, 3211264], [0.0, 5.152, 0, 3211264], [0.0, 5.172, 0, 3211264], [0.0, 5.155, 0, 3211264], [0.0, 5.159, 0, 3211264], [0.0, 5.175, 0, 3211264], [0.0, 5.167, 0, 3211264], [0.0, 5.165, 0, 3211264], [0.0, 5.138, 0, 3211264]]
echo 'race4fun' | sudo -S sh -c 'journalctl --since "2026-04-21 11:20:01.437929" --until "2026-04-21 11:21:01.409444" -k -o short-iso '| grep -i -E 'throttle|throttled|thermal|cpufreq|under-voltage|voltage'
