ALL SYNC
2026-04-21 11:20:13.488389 Sync done -> model run start
2026-04-21 11:20:13.488389 Sync done -> model run start
2026-04-21 11:20:13.488394 Sync done -> model run start
2026-04-21 11:20:13.488389 Sync done -> model run start
0 1.681 [0.36363224498927593, 0.3325208588503301, 0.32910269498825073, 0.3281751461327076, 0.3275820759590715]
1 1.681 [0.363795526092872, 0.3321426829788834, 0.3293155070859939, 0.3283550420310348, 0.3274010349996388]
3 1.681 [0.36380724399350584, 0.3323583591263741, 0.32909326790831983, 0.3281836889218539, 0.3275722849648446]
2 1.723 [0.36380620184354484, 0.3766172439791262, 0.32568650995381176, 0.3266929660458118, 0.33020243095234036]
2026-04-21 11:20:18.039804 Sync done -> model run start
2026-04-21 11:20:18.042408 Sync done -> model run start
2026-04-21 11:20:18.048701 Sync done -> model run start
2026-04-21 11:20:18.052603 Sync done -> model run start
0 1.62 [0.3227459501940757, 0.3187431530095637, 0.34178139502182603, 0.31803643703460693, 0.3183686239644885]
1 1.62 [0.32304157316684723, 0.3192547659855336, 0.33994931797496974, 0.31893023499287665, 0.3182885718997568]
2 1.621 [0.3221093371976167, 0.3187166419811547, 0.3433999300468713, 0.3182149790227413, 0.31883033993653953]
3 1.659 [0.3226966259535402, 0.3194496091455221, 0.38285013590939343, 0.3181017490569502, 0.3154321250040084]
2026-04-21 11:20:24.087461 Sync done -> model run start
2026-04-21 11:20:24.091799 Sync done -> model run start
2026-04-21 11:20:24.108093 Sync done -> model run start
2026-04-21 11:20:24.116151 Sync done -> model run start
0 1.598 [0.32849608291871846, 0.31803732295520604, 0.3170286810491234, 0.3171635230537504, 0.31681248382665217]
1 1.601 [0.32803926104679704, 0.3192868491169065, 0.3176314909942448, 0.31728904508054256, 0.3180451348889619]
3 1.595 [0.32502015912905335, 0.3181627909652889, 0.3172149818856269, 0.3173185749910772, 0.31676842109300196]
2 1.635 [0.324318443890661, 0.31846779002808034, 0.3599526749458164, 0.3173693041317165, 0.3142852019518614]
2026-04-21 11:20:30.052959 Sync done -> model run start
2026-04-21 11:20:30.052959 Sync done -> model run start
2026-04-21 11:20:30.063140 Sync done -> model run start
2026-04-21 11:20:30.099924 Sync done -> model run start
0 1.635 [0.33205664111301303, 0.3496027160435915, 0.31741977320052683, 0.31855211197398603, 0.3176070109475404]
1 1.639 [0.3320506520103663, 0.3512167730368674, 0.3183114880230278, 0.3193181499373168, 0.31769815692678094]
2 1.633 [0.3295231608208269, 0.34503367310389876, 0.3190647659357637, 0.32020179205574095, 0.3191276828292757]
3 1.663 [0.32401641202159226, 0.3402994729112834, 0.33485647290945053, 0.34824444097466767, 0.3152917600236833]
2026-04-21 11:20:35.977750 Sync done -> model run start
2026-04-21 11:20:35.982915 Sync done -> model run start
2026-04-21 11:20:35.988414 Sync done -> model run start
2026-04-21 11:20:36.026201 Sync done -> model run start
0 1.597 [0.32756093004718423, 0.31815081113018095, 0.31710295006632805, 0.31691357609815896, 0.3171022739261389]
1 1.597 [0.3267281730659306, 0.31826278986409307, 0.31712675280869007, 0.31702456600032747, 0.3176076889503747]
2 1.596 [0.32583671784959733, 0.31781841698102653, 0.31718143983744085, 0.31716211698949337, 0.317583312978968]
3 1.642 [0.33735323417931795, 0.31790648913010955, 0.31705779395997524, 0.36092277499847114, 0.30909089907072484]
2026-04-21 11:20:41.911898 Sync done -> model run start
2026-04-21 11:20:41.913748 Sync done -> model run start
2026-04-21 11:20:41.920541 Sync done -> model run start
2026-04-21 11:20:41.924418 Sync done -> model run start
0 1.593 [0.322552251862362, 0.3178068529814482, 0.3172090428415686, 0.3177059171721339, 0.318027843022719]
2 1.593 [0.3213294439483434, 0.3178347710054368, 0.3176166978664696, 0.3177225321996957, 0.3178611248731613]
2026-04-21 11:20:47.898175 Sync done -> model run start
2026-04-21 11:20:47.901397 Sync done -> model run start
2026-04-21 11:20:47.905226 Sync done -> model run start
2026-04-21 11:20:47.911962 Sync done -> model run start
2 1.597 [0.3245143268723041, 0.31887960992753506, 0.31768529093824327, 0.3179994570091367, 0.31745680305175483]
0 1.595 [0.32471864903345704, 0.31817226903513074, 0.31714742886833847, 0.31751273991540074, 0.3176771141588688]
3 1.597 [0.32425333792343736, 0.31853784108534455, 0.31731477193534374, 0.3183641948271543, 0.31811232096515596]
1 1.683 [0.3696016459725797, 0.31879914086312056, 0.3174483140464872, 0.31774987396784127, 0.3595846029929817]
2026-04-21 11:20:53.841687 Sync done -> model run start
2026-04-21 11:20:53.843321 Sync done -> model run start
2026-04-21 11:20:53.850625 Sync done -> model run start
2026-04-21 11:20:53.856255 Sync done -> model run start
1 1.596 [0.3235104251652956, 0.31836877879686654, 0.3181652899365872, 0.3179965929593891, 0.3177832600194961]
2 1.594 [0.3222397530917078, 0.3181700820568949, 0.3172126370482147, 0.31805226881988347, 0.3183475281111896]
3 1.675 [0.34061405388638377, 0.34472419414669275, 0.31763747916556895, 0.3178465408273041, 0.35388874099589884]
2026-04-21 11:20:59.830610 Sync done -> model run start
2026-04-21 11:20:59.832183 Sync done -> model run start
2026-04-21 11:20:59.841514 Sync done -> model run start
2026-04-21 11:20:59.849901 Sync done -> model run start
0 1.682 [0.3250852089840919, 0.33684693300165236, 0.35543024400249124, 0.3459859590511769, 0.31824612291529775]
1 1.674 [0.3261505179107189, 0.3340686638839543, 0.34896396822296083, 0.3459698660299182, 0.3185276319272816]
2 1.675 [0.32391073484905064, 0.334615119965747, 0.3560947207733989, 0.34079582314006984, 0.31914158700965345]
3 1.755 [0.32374531915411353, 0.39153999579139054, 0.34162279893644154, 0.3428508678916842, 0.3552002450451255]
2026-04-21 11:21:05.794073 Sync done -> model run start
2026-04-21 11:21:05.795108 Sync done -> model run start
2026-04-21 11:21:05.801765 Sync done -> model run start
2026-04-21 11:21:05.804698 Sync done -> model run start
0 1.631 [0.3230932380538434, 0.3197283558547497, 0.3186052350793034, 0.3199508551042527, 0.3493442269973457]
2 1.63 [0.32438979484140873, 0.31852862099185586, 0.3183965908829123, 0.3266862970776856, 0.3415373309981078]
3 1.642 [0.32878134096972644, 0.3230870929546654, 0.3252920829690993, 0.33026836602948606, 0.33468282711692154]
1 1.673 [0.32466156501322985, 0.3633635980077088, 0.319132941076532, 0.3340527778491378, 0.33154523582197726]
2026-04-21 11:21:07.720833 Sync done -> model run start
net_times: [[10.155, 0.178, 401408, 100352], [2.28, 0.156, 401408, 100352], [3.859, 0.174, 401408, 100352], [3.784, 0.173, 401408, 100352], [3.679, 0.176, 401408, 100352], [3.699, 0.18, 401408, 100352], [3.74, 0.179, 401408, 100352], [3.688, 0.177, 401408, 100352], [3.755, 0.177, 401408, 100352], [3.627, 0.179, 401408, 100352]]
echo 'race4fun' | sudo -S sh -c 'journalctl --since "2026-04-21 11:20:02.449042" --until "2026-04-21 11:21:07.720833" -k -o short-iso '| grep -i -E 'throttle|throttled|thermal|cpufreq|under-voltage|voltage'
