ALL SYNC
2026-04-21 11:19:02.264553 Sync done -> model run start
2026-04-21 11:19:02.264552 Sync done -> model run start
2026-04-21 11:19:02.264552 Sync done -> model run start
2026-04-21 11:19:02.264552 Sync done -> model run start
0 2.705 [0.5374559299089015, 0.5127248829230666, 0.561362189007923, 0.5604446399956942, 0.5326792818959802]
1 2.843 [0.5587413660250604, 0.5448259520344436, 0.6385291730985045, 0.5505664499942213, 0.5506068668328226]
3 2.689 [0.5374564500525594, 0.5113715031184256, 0.5589700620621443, 0.5503541599027812, 0.5308476220816374]
2026-04-21 11:19:05.551420 Sync done -> model run start
2026-04-21 11:19:05.551277 Sync done -> model run start
2026-04-21 11:19:05.569510 Sync done -> model run start
2026-04-21 11:19:05.588057 Sync done -> model run start
2 2.534 [0.5060270971152931, 0.4916543420404196, 0.48862789501436055, 0.5221814590040594, 0.5253864461556077]
0 2.617 [0.5548138818703592, 0.4916631430387497, 0.48757383693009615, 0.5674952890258282, 0.5147652390878648]
3 2.691 [0.5025114340241998, 0.4915477270260453, 0.4884403960313648, 0.6299017069395632, 0.5788649311289191]
1 2.538 [0.5092130210250616, 0.49365386506542563, 0.48898315406404436, 0.5223061461001635, 0.5236518171150237]
2026-04-21 11:19:08.993910 Sync done -> model run start
2026-04-21 11:19:08.993910 Sync done -> model run start
2026-04-21 11:19:09.010277 Sync done -> model run start
2026-04-21 11:19:09.028158 Sync done -> model run start
3 2.533 [0.507068654987961, 0.4882954489439726, 0.4922154319938272, 0.5220632820855826, 0.5226204679347575]
0 2.541 [0.5091425001155585, 0.4909491359721869, 0.4935903230216354, 0.5213627652265131, 0.5253164458554238]
1 2.625 [0.5088222420308739, 0.5376227519009262, 0.49164527794346213, 0.5694301249459386, 0.5169130419380963]
2 2.705 [0.5066939159296453, 0.48955648485571146, 0.4913089780602604, 0.6241433960385621, 0.5932869571261108]
2026-04-21 11:19:12.446140 Sync done -> model run start
2026-04-21 11:19:12.450736 Sync done -> model run start
2026-04-21 11:19:12.460252 Sync done -> model run start
2026-04-21 11:19:12.473333 Sync done -> model run start
0 2.529 [0.49934295704588294, 0.4891392469871789, 0.4884426868520677, 0.5188225139863789, 0.5330380809027702]
2 2.601 [0.4993207170628011, 0.49006846104748547, 0.48971622390672565, 0.5210285980720073, 0.60058015701361]
1 2.622 [0.5014430000446737, 0.4905851779039949, 0.4897365882061422, 0.6144255178514868, 0.5260519641451538]
3 2.608 [0.5008551890496165, 0.5360745810903609, 0.4895385161507875, 0.5650810790248215, 0.516474137082696]
2026-04-21 11:19:15.883799 Sync done -> model run start
2026-04-21 11:19:15.894882 Sync done -> model run start
2026-04-21 11:19:15.904499 Sync done -> model run start
2026-04-21 11:19:15.910523 Sync done -> model run start
2 2.538 [0.5000954009592533, 0.48956981813535094, 0.4896795570384711, 0.521654742071405, 0.5363649430219084]
0 2.613 [0.501171438023448, 0.519495323067531, 0.50492131896317, 0.52541290409863, 0.5619880701415241]
3 2.665 [0.4989987909793854, 0.48819154198281467, 0.48917830898426473, 0.6190597179811448, 0.5697278310544789]
2026-04-21 11:19:19.320984 Sync done -> model run start
2026-04-21 11:19:19.344225 Sync done -> model run start
2026-04-21 11:19:19.356701 Sync done -> model run start
2026-04-21 11:19:19.361235 Sync done -> model run start
0 2.549 [0.5004057639744133, 0.48939742194488645, 0.4890997151378542, 0.5109051489271224, 0.5584565219469368]
3 2.545 [0.49676468479447067, 0.48857383197173476, 0.4878644079435617, 0.51320222299546, 0.558529854984954]
1 2.668 [0.5182476718910038, 0.4898908049799502, 0.5345850018784404, 0.5213877640198916, 0.6033256659284234]
2 2.687 [0.49856061511673033, 0.4893103400245309, 0.4886638841126114, 0.5924804490059614, 0.6180584200192243]
2026-04-21 11:19:22.848331 Sync done -> model run start
2026-04-21 11:19:22.852882 Sync done -> model run start
2026-04-21 11:19:22.864666 Sync done -> model run start
2026-04-21 11:19:22.880067 Sync done -> model run start
2 2.57 [0.5322192818857729, 0.4912971018347889, 0.49072267790324986, 0.5230081740301102, 0.5328463120386004]
0 2.658 [0.5322035539429635, 0.491698298137635, 0.49024366890080273, 0.5187482940964401, 0.6253417748957872]
1 2.571 [0.5340181288775057, 0.49197251605801284, 0.49051392800174654, 0.5281946628820151, 0.5261408700607717]
3 2.759 [0.5745540619827807, 0.48996898299083114, 0.5572992339730263, 0.582283770898357, 0.5543669550679624]
2026-04-21 11:19:26.353689 Sync done -> model run start
2026-04-21 11:19:26.356251 Sync done -> model run start
2026-04-21 11:19:26.367843 Sync done -> model run start
2026-04-21 11:19:26.379852 Sync done -> model run start
0 2.513 [0.500191702041775, 0.4884218529332429, 0.4871961809694767, 0.5145033120643348, 0.5222069779410958]
1 2.518 [0.5030252318829298, 0.4901790330186486, 0.4879836249165237, 0.5103824429679662, 0.5267194081097841]
2 2.606 [0.5477861987892538, 0.4887967468239367, 0.5329175610095263, 0.5198439150117338, 0.5169012709520757]
3 2.677 [0.5029383059591055, 0.4882973739877343, 0.4871256079059094, 0.6121834421064705, 0.5860234429128468]
2026-04-21 11:19:29.806916 Sync done -> model run start
2026-04-21 11:19:29.822126 Sync done -> model run start
2026-04-21 11:19:29.822683 Sync done -> model run start
2026-04-21 11:19:29.845224 Sync done -> model run start
2 2.533 [0.5046762670390308, 0.49072939599864185, 0.4893246099818498, 0.5223823431879282, 0.5260648790281266]
0 2.606 [0.5061034488026053, 0.48995283618569374, 0.4885276851709932, 0.5966205359436572, 0.5246481148060411]
1 2.627 [0.5479978129733354, 0.4877208659891039, 0.48747555492445827, 0.5818728338927031, 0.5213866690173745]
3 2.612 [0.501765602035448, 0.489843409974128, 0.48801810410805047, 0.5180970979854465, 0.6142289028503001]
2026-04-21 11:19:33.281079 Sync done -> model run start
2026-04-21 11:19:33.285852 Sync done -> model run start
2026-04-21 11:19:33.297657 Sync done -> model run start
2026-04-21 11:19:33.319322 Sync done -> model run start
0 2.484 [0.5023294540587813, 0.49555046996101737, 0.4970373909454793, 0.49390396592207253, 0.49485140992328525]
2 2.482 [0.5024615880101919, 0.4929757930804044, 0.4983055628836155, 0.4953728150576353, 0.49298756406642497]
3 2.514 [0.5087531248573214, 0.496522496920079, 0.5043616842012852, 0.5036387708969414, 0.5001897739712149]
1 2.57 [0.5033498131670058, 0.5379618110600859, 0.5007250320632011, 0.5397173769306391, 0.4880350308958441]
2026-04-21 11:19:35.937572 Sync done -> model run start
net_times: [[2.968, 0.0, 802816, 0], [0.003, 0.0, 802816, 0], [0.32, 0.0, 802816, 0], [0.331, 0.0, 802816, 0], [0.41, 0.0, 802816, 0], [0.362, 0.0, 802816, 0], [0.42, 0.0, 802816, 0], [0.297, 0.0, 802816, 0], [0.358, 0.0, 802816, 0], [0.414, 0.0, 802816, 0]]
echo 'race4fun' | sudo -S sh -c 'journalctl --since "2026-04-21 11:18:58.322141" --until "2026-04-21 11:19:35.937572" -k -o short-iso '| grep -i -E 'throttle|throttled|thermal|cpufreq|under-voltage|voltage'
