ALL SYNC
2026-04-21 11:20:08.205872 Sync done -> model run start
2026-04-21 11:20:08.205874 Sync done -> model run start
2026-04-21 11:20:08.205875 Sync done -> model run start
2026-04-21 11:20:08.205872 Sync done -> model run start
2 0.13 [0.037343860138207674, 0.02805017284117639, 0.0233721318654716, 0.02040366199798882, 0.020829649874940515]
3 0.13 [0.03734438098035753, 0.028426941018551588, 0.020615640096366405, 0.02129495795816183, 0.021726100938394666]
1 0.131 [0.037344224052503705, 0.028050277149304748, 0.023372548865154386, 0.02041834988631308, 0.021254333900287747]
0 0.136 [0.040776388021185994, 0.030960464850068092, 0.024435717845335603, 0.02224922296591103, 0.017573578050360084]
2026-04-21 11:20:13.833871 Sync done -> model run start
2026-04-21 11:20:13.900674 Sync done -> model run start
2026-04-21 11:20:13.992066 Sync done -> model run start
2026-04-21 11:20:14.057626 Sync done -> model run start
0 0.067 [0.016047859797254205, 0.018327583093196154, 0.009146291064098477, 0.011000446043908596, 0.011846742127090693]
1 0.075 [0.018559561111032963, 0.017914253054186702, 0.011909815017133951, 0.014448286034166813, 0.012035334017127752]
2 0.059 [0.016367180040106177, 0.01617889991030097, 0.01034112717024982, 0.008089944021776319, 0.007618020987138152]
3 0.047 [0.0144215680193156, 0.011201226152479649, 0.007091357838362455, 0.006944327848032117, 0.007037973031401634]
2026-04-21 11:20:19.794371 Sync done -> model run start
2026-04-21 11:20:19.846221 Sync done -> model run start
2026-04-21 11:20:19.942317 Sync done -> model run start
2026-04-21 11:20:20.008130 Sync done -> model run start
0 0.096 [0.024334416957572103, 0.017151185078546405, 0.022296463139355183, 0.013767562108114362, 0.01769790006801486]
1 0.081 [0.026612943038344383, 0.019731895998120308, 0.011935282964259386, 0.011065133148804307, 0.011762889102101326]
2 0.068 [0.024976964807137847, 0.017434671986848116, 0.009277593111619353, 0.0077606241684407, 0.007946664933115244]
3 0.054 [0.019311795011162758, 0.01211825106292963, 0.007831561146304011, 0.0073685431852936745, 0.006988651119172573]
2026-04-21 11:20:25.741554 Sync done -> model run start
2026-04-21 11:20:25.794026 Sync done -> model run start
2026-04-21 11:20:25.869014 Sync done -> model run start
2026-04-21 11:20:25.958882 Sync done -> model run start
0 0.086 [0.021807350916787982, 0.02034319518133998, 0.011589295929297805, 0.014949428848922253, 0.016913373954594135]
1 0.103 [0.029210946056991816, 0.02757726004347205, 0.019523252034559846, 0.013893185881897807, 0.012470175046473742]
2 0.071 [0.02170281996950507, 0.020972460974007845, 0.0102704509627074, 0.007994320010766387, 0.010230503045022488]
3 0.054 [0.019348982023075223, 0.011626535095274448, 0.006999900098890066, 0.006941150175407529, 0.009458163985982537]
2026-04-21 11:20:31.702362 Sync done -> model run start
2026-04-21 11:20:31.757790 Sync done -> model run start
2026-04-21 11:20:31.831445 Sync done -> model run start
2026-04-21 11:20:31.918495 Sync done -> model run start
1 0.106 [0.03437148383818567, 0.02524795290082693, 0.017633734038099647, 0.015721871983259916, 0.012736163102090359]
0 0.086 [0.0243816040456295, 0.017722848104313016, 0.013669959036633372, 0.014321048045530915, 0.015471718041226268]
2 0.081 [0.030996090965345502, 0.01932330592535436, 0.012181947939097881, 0.010673000011593103, 0.00767749990336597]
3 0.051 [0.0181821680162102, 0.010801852913573384, 0.00787119590677321, 0.007154742954298854, 0.007144325878471136]
2026-04-21 11:20:37.663488 Sync done -> model run start
2026-04-21 11:20:37.721186 Sync done -> model run start
2026-04-21 11:20:37.798983 Sync done -> model run start
2026-04-21 11:20:37.867735 Sync done -> model run start
1 0.093 [0.026204196037724614, 0.02535800402984023, 0.01390136405825615, 0.013183191884309053, 0.014069434953853488]
0 0.079 [0.0212393868714571, 0.017850087024271488, 0.01162913884036243, 0.012783663114532828, 0.01570322597399354]
2 0.068 [0.021915891906246543, 0.020420955028384924, 0.00969055900350213, 0.008584056049585342, 0.007541562896221876]
3 0.048 [0.014536099042743444, 0.012566163903102279, 0.006890004966408014, 0.00712453480809927, 0.006855160929262638]
2026-04-21 11:20:43.619242 Sync done -> model run start
2026-04-21 11:20:43.674391 Sync done -> model run start
2026-04-21 11:20:43.746771 Sync done -> model run start
2026-04-21 11:20:43.837259 Sync done -> model run start
1 0.094 [0.034165131859481335, 0.020890377927571535, 0.011600546073168516, 0.010772842913866043, 0.015971818007528782]
0 0.086 [0.024265510961413383, 0.017663890030235052, 0.013867666013538837, 0.014331778045743704, 0.015649633016437292]
2 0.082 [0.03130129701457918, 0.01957814791239798, 0.013835687190294266, 0.009028480155393481, 0.00757432309910655]
3 0.051 [0.017298788065090775, 0.011004142928868532, 0.007849791087210178, 0.0074285948649048805, 0.006822298048064113]
2026-04-21 11:20:49.576280 Sync done -> model run start
2026-04-21 11:20:49.632687 Sync done -> model run start
2026-04-21 11:20:49.709621 Sync done -> model run start
2026-04-21 11:20:49.790741 Sync done -> model run start
1 0.088 [0.021479749120771885, 0.024768686154857278, 0.01552682206965983, 0.011356015922501683, 0.014243496116250753]
0 0.074 [0.020187935093417764, 0.017504515824839473, 0.010611281031742692, 0.012017939006909728, 0.013101368909701705]
2 0.07 [0.021750476909801364, 0.018421228975057602, 0.010643468936905265, 0.010822009993717074, 0.007824738044291735]
3 0.045 [0.013007306959480047, 0.010980497812852263, 0.006893547018989921, 0.0073726060800254345, 0.006845318013802171]
2026-04-21 11:20:55.562821 Sync done -> model run start
2026-04-21 11:20:55.613100 Sync done -> model run start
2026-04-21 11:20:55.705047 Sync done -> model run start
2026-04-21 11:20:55.760195 Sync done -> model run start
0 0.087 [0.025190348969772458, 0.01727222604677081, 0.01452792203053832, 0.01441865204833448, 0.015801924047991633]
1 0.108 [0.036103451857343316, 0.02739434503018856, 0.01843060296960175, 0.012157260905951262, 0.013963811798021197]
2 0.072 [0.028375796042382717, 0.01564645580947399, 0.009510403964668512, 0.009368895087391138, 0.009349572006613016]
3 0.058 [0.019342627841979265, 0.012889340054243803, 0.011142840143293142, 0.007878487929701805, 0.006888441974297166]
2026-04-21 11:21:01.486659 Sync done -> model run start
2026-04-21 11:21:01.548484 Sync done -> model run start
2026-04-21 11:21:01.640996 Sync done -> model run start
2026-04-21 11:21:01.699100 Sync done -> model run start
1 0.084 [0.022784793050959706, 0.023505620891228318, 0.012084343936294317, 0.012737309094518423, 0.012047573924064636]
0 0.078 [0.02044991310685873, 0.01874268497340381, 0.011572004994377494, 0.012722621904686093, 0.01458062999881804]
2 0.059 [0.0184832070954144, 0.01638478389941156, 0.008164058905094862, 0.007512605050578713, 0.0077469791285693645]
3 0.049 [0.014354069018736482, 0.013286263914778829, 0.006922245025634766, 0.006891620112583041, 0.00696656689979136]
2026-04-21 11:21:02.581824 Sync done -> model run start
net_times: [[5.25, 0.704, 3211264, 802816], [4.539, 0.705, 3211264, 802816], [4.761, 0.713, 3211264, 802816], [4.751, 0.708, 3211264, 802816], [4.756, 0.713, 3211264, 802816], [4.768, 0.711, 3211264, 802816], [4.781, 0.719, 3211264, 802816], [4.761, 0.72, 3211264, 802816], [4.772, 0.718, 3211264, 802816], [4.74, 0.742, 3211264, 802816]]
echo 'race4fun' | sudo -S sh -c 'journalctl --since "2026-04-21 11:20:02.455712" --until "2026-04-21 11:21:02.581824" -k -o short-iso '| grep -i -E 'throttle|throttled|thermal|cpufreq|under-voltage|voltage'
