ALL SYNC
2026-04-21 06:50:42.383515 Sync done -> model run start
2026-04-21 06:50:42.383515 Sync done -> model run start
2026-04-21 06:50:42.383515 Sync done -> model run start
2026-04-21 06:50:42.385434 Sync done -> model run start
1 0.033 [0.032465125899761915]
0 0.033 [0.03254752093926072]
2 0.033 [0.03254819801077247]
3 0.032 [0.031436383025720716]
2026-04-21 06:50:42.902912 Sync done -> model run start
2026-04-21 06:50:42.945875 Sync done -> model run start
2026-04-21 06:50:42.995315 Sync done -> model run start
2026-04-21 06:50:43.047449 Sync done -> model run start
0 0.023 [0.02251144894398749]
1 0.024 [0.02392305387184024]
2 0.021 [0.020829638931900263]
3 0.011 [0.010731483809649944]
2026-04-21 06:50:44.436873 Sync done -> model run start
2026-04-21 06:50:44.506866 Sync done -> model run start
2026-04-21 06:50:44.529235 Sync done -> model run start
2026-04-21 06:50:44.582073 Sync done -> model run start
0 0.022 [0.021514477906748652]
1 0.031 [0.03031430789269507]
2 0.021 [0.020504327956587076]
3 0.011 [0.011059867218136787]
2026-04-21 06:50:45.955623 Sync done -> model run start
2026-04-21 06:50:46.002704 Sync done -> model run start
2026-04-21 06:50:46.052261 Sync done -> model run start
2026-04-21 06:50:46.101408 Sync done -> model run start
0 0.023 [0.0231633719522506]
1 0.023 [0.022549521876499057]
2 0.017 [0.016433160053566098]
3 0.011 [0.010818462120369077]
2026-04-21 06:50:48.568374 Sync done -> model run start
2026-04-21 06:50:48.618667 Sync done -> model run start
2026-04-21 06:50:48.678348 Sync done -> model run start
2026-04-21 06:50:48.708416 Sync done -> model run start
0 0.023 [0.02281332202255726]
1 0.023 [0.022822957951575518]
3 0.011 [0.010468672960996628]
2 0.014 [0.014292135136201978]
2026-04-21 06:50:49.151142 Sync done -> model run start
net_times: [[0.311, 0.137, 12845056, 4581], [0.089, 1.092, 12845056, 4581], [0.081, 1.068, 12845056, 24046], [0.086, 0.708, 12845056, 70663], [1.515, 0.331, 12845056, 227334]]
echo 'race4fun' | sudo -S sh -c 'journalctl --since "2026-04-21 06:50:41.570016" --until "2026-04-21 06:50:49.151142" -k -o short-iso '| grep -i -E 'throttle|throttled|thermal|cpufreq|under-voltage|voltage'
