ALL SYNC
2026-04-21 06:50:44.969691 Sync done -> model run start
2026-04-21 06:50:44.969691 Sync done -> model run start
2026-04-21 06:50:44.969721 Sync done -> model run start
2026-04-21 06:50:44.970052 Sync done -> model run start
1 0.362 [0.36153394915163517]
3 0.366 [0.3662700760178268]
2 0.362 [0.36198504106141627]
0 0.39 [0.3896509751211852]
2026-04-21 06:50:45.899801 Sync done -> model run start
2026-04-21 06:50:45.899825 Sync done -> model run start
2026-04-21 06:50:45.901557 Sync done -> model run start
2026-04-21 06:50:45.921112 Sync done -> model run start
1 0.328 [0.32760225888341665]
2 0.328 [0.3276029359549284]
3 0.323 [0.3230913921725005]
0 0.364 [0.36313805798999965]
2026-04-21 06:50:47.072044 Sync done -> model run start
2026-04-21 06:50:47.074096 Sync done -> model run start
2026-04-21 06:50:47.082282 Sync done -> model run start
2026-04-21 06:50:47.090633 Sync done -> model run start
1 0.323 [0.32243629009462893]
2 0.322 [0.3220654579345137]
3 0.323 [0.32296347501687706]
0 0.367 [0.366589711047709]
2026-04-21 06:50:48.402885 Sync done -> model run start
2026-04-21 06:50:48.407199 Sync done -> model run start
2026-04-21 06:50:48.414698 Sync done -> model run start
2026-04-21 06:50:48.425893 Sync done -> model run start
1 0.321 [0.32044207910075784]
2 0.322 [0.3217549901455641]
3 0.322 [0.3220244678668678]
0 0.333 [0.333298227051273]
2026-04-21 06:50:50.803230 Sync done -> model run start
2026-04-21 06:50:50.806908 Sync done -> model run start
2026-04-21 06:50:50.819510 Sync done -> model run start
2026-04-21 06:50:50.820634 Sync done -> model run start
1 0.355 [0.3548754339572042]
3 0.347 [0.3466955181211233]
0 0.377 [0.3768888369668275]
2 0.351 [0.35040586721152067]
2026-04-21 06:50:51.610360 Sync done -> model run start
net_times: [[2.579, 0.212, 1605632, 99176], [0.014, 0.195, 1605632, 99176], [0.28, 0.249, 1605632, 126974], [0.387, 0.238, 1605632, 126868], [1.477, 0.34, 1605632, 163277]]
echo 'race4fun' | sudo -S sh -c 'journalctl --since "2026-04-21 06:50:41.572364" --until "2026-04-21 06:50:51.610360" -k -o short-iso '| grep -i -E 'throttle|throttled|thermal|cpufreq|under-voltage|voltage'
