ALL SYNC
2026-04-21 06:49:56.587412 Sync done -> model run start
2026-04-21 06:49:56.587710 Sync done -> model run start
2026-04-21 06:49:56.588230 Sync done -> model run start
2026-04-21 06:49:56.589473 Sync done -> model run start
3 0.418 [0.41797369602136314]
0 0.419 [0.418910512002185]
2 0.417 [0.41690927604213357]
1 0.467 [0.4673269269987941]
2026-04-21 06:49:57.504278 Sync done -> model run start
2026-04-21 06:49:57.519996 Sync done -> model run start
2026-04-21 06:49:57.520983 Sync done -> model run start
2026-04-21 06:49:57.537128 Sync done -> model run start
0 0.344 [0.3436619509011507]
2 0.343 [0.34243591921404004]
1 0.344 [0.34357268107123673]
3 0.359 [0.35852486290968955]
2026-04-21 06:49:59.096605 Sync done -> model run start
2026-04-21 06:49:59.101891 Sync done -> model run start
2026-04-21 06:49:59.115388 Sync done -> model run start
2026-04-21 06:49:59.124407 Sync done -> model run start
1 0.336 [0.3361975259613246]
2 0.338 [0.338297147070989]
3 0.348 [0.34824988595210016]
0 0.383 [0.38296056911349297]
2026-04-21 06:50:03.204574 Sync done -> model run start
2026-04-21 06:50:03.211432 Sync done -> model run start
2026-04-21 06:50:03.216089 Sync done -> model run start
2026-04-21 06:50:03.229872 Sync done -> model run start
1 0.349 [0.3483659790363163]
0 0.354 [0.3537739599123597]
3 0.366 [0.3657613198738545]
2026-04-21 06:50:07.970580 Sync done -> model run start
2026-04-21 06:50:07.976469 Sync done -> model run start
2026-04-21 06:50:07.994410 Sync done -> model run start
2026-04-21 06:50:08.002933 Sync done -> model run start
0 0.372 [0.3716946628410369]
1 0.376 [0.37629145197570324]
3 0.38 [0.37956627109088004]
2 0.397 [0.39654130302369595]
2026-04-21 06:50:12.647657 Sync done -> model run start
net_times: [[0.0, 0.27, 0, 89359], [0.0, 0.996, 0, 89359], [0.0, 3.489, 0, 1721154], [0.0, 4.175, 0, 2271835], [0.0, 4.151, 0, 2276399]]
echo 'race4fun' | sudo -S sh -c 'journalctl --since "2026-04-21 06:49:56.173164" --until "2026-04-21 06:50:12.647657" -k -o short-iso '| grep -i -E 'throttle|throttled|thermal|cpufreq|under-voltage|voltage'
