ALL SYNC
2026-04-21 06:49:58.295164 Sync done -> model run start
2026-04-21 06:49:58.295146 Sync done -> model run start
2026-04-21 06:49:58.295146 Sync done -> model run start
2026-04-21 06:49:58.295455 Sync done -> model run start
2 0.545 [0.5449755240697414]
0 0.545 [0.5449751080013812]
1 0.545 [0.5448101090732962]
3 0.546 [0.5462806208524853]
2026-04-21 06:49:59.243914 Sync done -> model run start
2026-04-21 06:49:59.247236 Sync done -> model run start
2026-04-21 06:49:59.259010 Sync done -> model run start
2026-04-21 06:49:59.308576 Sync done -> model run start
0 0.501 [0.5011706307996064]
1 0.503 [0.5032149949111044]
2 0.504 [0.5037154599558562]
3 0.491 [0.49047434190288186]
2026-04-21 06:50:03.339305 Sync done -> model run start
2026-04-21 06:50:03.345720 Sync done -> model run start
2026-04-21 06:50:03.355498 Sync done -> model run start
2026-04-21 06:50:03.367518 Sync done -> model run start
1 0.495 [0.4947465560398996]
0 0.493 [0.49281068216077983]
2 0.493 [0.49330620002001524]
3 0.492 [0.4918342300225049]
2026-04-21 06:50:08.147085 Sync done -> model run start
2026-04-21 06:50:08.151027 Sync done -> model run start
2026-04-21 06:50:08.162340 Sync done -> model run start
2026-04-21 06:50:08.181982 Sync done -> model run start
0 0.511 [0.5108987500425428]
1 0.513 [0.5130562889389694]
2 0.509 [0.5085066808387637]
3 0.499 [0.4990026759915054]
2026-04-21 06:50:12.903319 Sync done -> model run start
2026-04-21 06:50:12.911358 Sync done -> model run start
2026-04-21 06:50:12.918332 Sync done -> model run start
2026-04-21 06:50:12.928216 Sync done -> model run start
2 0.538 [0.5376035890076309]
1 0.547 [0.5468607221264392]
3 0.538 [0.5374237990472466]
2026-04-21 06:50:13.550757 Sync done -> model run start
net_times: [[0.213, 0.0, 3211264, 0], [0.022, 0.0, 3211264, 0], [3.163, 0.0, 3211264, 0], [3.907, 0.0, 3211264, 0], [3.848, 0.0, 3211264, 0]]
echo 'race4fun' | sudo -S sh -c 'journalctl --since "2026-04-21 06:49:57.176901" --until "2026-04-21 06:50:13.550757" -k -o short-iso '| grep -i -E 'throttle|throttled|thermal|cpufreq|under-voltage|voltage'
