ALL SYNC
2026-04-21 06:50:46.063552 Sync done -> model run start
2026-04-21 06:50:46.063545 Sync done -> model run start
2026-04-21 06:50:46.063545 Sync done -> model run start
2026-04-21 06:50:46.063545 Sync done -> model run start
0 0.037 [0.03638832294382155]
3 0.037 [0.0363761349581182]
1 0.036 [0.03637665696442127]
2 0.037 [0.036376446951180696]
2026-04-21 06:50:46.572773 Sync done -> model run start
2026-04-21 06:50:46.575203 Sync done -> model run start
2026-04-21 06:50:46.580157 Sync done -> model run start
2026-04-21 06:50:46.589661 Sync done -> model run start
1 0.006 [0.00542246806435287]
0 0.006 [0.005812620976939797]
3 0.006 [0.006013661855831742]
2 0.003 [0.002848576055839658]
2026-04-21 06:50:47.791144 Sync done -> model run start
2026-04-21 06:50:47.794323 Sync done -> model run start
2026-04-21 06:50:47.804290 Sync done -> model run start
2026-04-21 06:50:47.815176 Sync done -> model run start
1 0.006 [0.005306323058903217]
0 0.005 [0.005321946926414967]
3 0.004 [0.003771226853132248]
2 0.003 [0.003088001860305667]
2026-04-21 06:50:49.113030 Sync done -> model run start
2026-04-21 06:50:49.113027 Sync done -> model run start
2026-04-21 06:50:49.120314 Sync done -> model run start
2026-04-21 06:50:49.120786 Sync done -> model run start
0 0.006 [0.0059649639297276735]
1 0.006 [0.0059661101549863815]
3 0.005 [0.004603981971740723]
2026-04-21 06:50:51.673245 Sync done -> model run start
2026-04-21 06:50:51.674717 Sync done -> model run start
2026-04-21 06:50:51.678912 Sync done -> model run start
2026-04-21 06:50:51.680941 Sync done -> model run start
0 0.008 [0.007745318114757538]
2 0.008 [0.007331414148211479]
1 0.008 [0.007646569050848484]
3 0.007 [0.0068295421078801155]
2026-04-21 06:50:51.758099 Sync done -> model run start
net_times: [[4.034, 0.0, 401408, 0], [0.325, 0.0, 401408, 0], [1.052, 0.0, 401408, 0], [1.148, 0.0, 401408, 0], [2.382, 0.0, 401408, 0]]
echo 'race4fun' | sudo -S sh -c 'journalctl --since "2026-04-21 06:50:41.576844" --until "2026-04-21 06:50:51.758099" -k -o short-iso '| grep -i -E 'throttle|throttled|thermal|cpufreq|under-voltage|voltage'
