ALL SYNC
2026-04-21 06:50:43.362359 Sync done -> model run start
2026-04-21 06:50:43.362349 Sync done -> model run start
2026-04-21 06:50:43.362349 Sync done -> model run start
2026-04-21 06:50:43.362349 Sync done -> model run start
2 0.485 [0.48478127317503095]
0 0.485 [0.4847809609491378]
1 0.494 [0.49393972591497004]
3 0.495 [0.4947776389308274]
2026-04-21 06:50:44.313789 Sync done -> model run start
2026-04-21 06:50:44.326431 Sync done -> model run start
2026-04-21 06:50:44.337316 Sync done -> model run start
2026-04-21 06:50:44.349459 Sync done -> model run start
0 0.408 [0.40823564399033785]
2 0.419 [0.4192639859393239]
3 0.458 [0.4578455479349941]
2026-04-21 06:50:45.819878 Sync done -> model run start
2026-04-21 06:50:45.828554 Sync done -> model run start
2026-04-21 06:50:45.854819 Sync done -> model run start
2026-04-21 06:50:45.862038 Sync done -> model run start
0 0.437 [0.43713063187897205]
1 0.439 [0.4387296880595386]
2 0.449 [0.4493138121906668]
3 0.445 [0.444736486999318]
2026-04-21 06:50:46.989444 Sync done -> model run start
2026-04-21 06:50:46.994007 Sync done -> model run start
2026-04-21 06:50:47.013743 Sync done -> model run start
2026-04-21 06:50:47.061389 Sync done -> model run start
0 0.41 [0.4093722018878907]
1 0.414 [0.4140351000241935]
2 0.42 [0.41945789102464914]
3 0.406 [0.4057192490436137]
2026-04-21 06:50:49.222727 Sync done -> model run start
2026-04-21 06:50:49.233905 Sync done -> model run start
2026-04-21 06:50:49.249296 Sync done -> model run start
2026-04-21 06:50:49.258267 Sync done -> model run start
0 0.411 [0.4108483949676156]
1 0.413 [0.4128534379415214]
3 0.414 [0.41384833003394306]
2 0.462 [0.4618998549412936]
2026-04-21 06:50:50.590468 Sync done -> model run start
net_times: [[1.093, 0.216, 3211264, 161952], [0.022, 0.808, 3211264, 161952], [0.02, 0.464, 3211264, 370531], [0.021, 0.644, 3211264, 584019], [0.926, 0.8, 3211264, 739503]]
echo 'race4fun' | sudo -S sh -c 'journalctl --since "2026-04-21 06:50:41.575944" --until "2026-04-21 06:50:50.590468" -k -o short-iso '| grep -i -E 'throttle|throttled|thermal|cpufreq|under-voltage|voltage'
