ALL SYNC
2026-04-21 06:50:40.992323 Sync done -> model run start
2026-04-21 06:50:40.992323 Sync done -> model run start
2026-04-21 06:50:40.992323 Sync done -> model run start
2026-04-21 06:50:40.993662 Sync done -> model run start
0 0.129 [0.12905544508248568]
1 0.128 [0.12758143711835146]
3 0.129 [0.12905518501065671]
2 0.131 [0.13090591202490032]
2026-04-21 06:50:42.003704 Sync done -> model run start
2026-04-21 06:50:42.007826 Sync done -> model run start
2026-04-21 06:50:42.016456 Sync done -> model run start
2026-04-21 06:50:42.033554 Sync done -> model run start
1 0.088 [0.08808590192347765]
0 0.088 [0.08792824600823224]
2 0.095 [0.09474573913030326]
3 0.121 [0.12076425505802035]
2026-04-21 06:50:42.926171 Sync done -> model run start
2026-04-21 06:50:42.932332 Sync done -> model run start
2026-04-21 06:50:42.950517 Sync done -> model run start
2026-04-21 06:50:42.952900 Sync done -> model run start
0 0.084 [0.08373293792828918]
1 0.082 [0.08235476189292967]
2 0.11 [0.10973957786336541]
3 0.114 [0.11357285617850721]
2026-04-21 06:50:44.450434 Sync done -> model run start
2026-04-21 06:50:44.457599 Sync done -> model run start
2026-04-21 06:50:44.466480 Sync done -> model run start
2026-04-21 06:50:44.474164 Sync done -> model run start
0 0.082 [0.08213408500887454]
1 0.088 [0.087641267105937]
2 0.102 [0.10172182600945234]
3 0.114 [0.11338410596363246]
2026-04-21 06:50:45.969661 Sync done -> model run start
2026-04-21 06:50:45.971873 Sync done -> model run start
2026-04-21 06:50:45.985590 Sync done -> model run start
2026-04-21 06:50:45.991026 Sync done -> model run start
0 0.091 [0.09065345209091902]
1 0.093 [0.09245423087850213]
2 0.109 [0.10909056896343827]
3 0.113 [0.11237530503422022]
2026-04-21 06:50:48.499156 Sync done -> model run start
net_times: [[0.0, 0.496, 0, 13923], [0.0, 0.448, 0, 13923], [0.0, 1.033, 0, 71969], [0.0, 1.041, 0, 258269], [0.0, 2.122, 0, 984565]]
echo 'race4fun' | sudo -S sh -c 'journalctl --since "2026-04-21 06:50:40.575991" --until "2026-04-21 06:50:48.499156" -k -o short-iso '| grep -i -E 'throttle|throttled|thermal|cpufreq|under-voltage|voltage'
