ALL SYNC
2026-04-21 14:22:46.665303 Sync done -> model run start
2026-04-21 14:22:46.665303 Sync done -> model run start
2026-04-21 14:22:46.665303 Sync done -> model run start
2026-04-21 14:22:46.665303 Sync done -> model run start
3 18.08 [3.739801060175523, 3.659992143046111, 3.5601268040481955, 3.5404294978361577, 3.579689697129652]
2 18.08 [3.7398015290964395, 3.6644906010478735, 3.559078322025016, 3.5425313049927354, 3.574133484857157]
0 18.123 [3.7315295040607452, 3.6828456819057465, 3.567181910853833, 3.55534027912654, 3.585908298846334]
1 18.716 [3.9492174619808793, 3.799647626001388, 3.693024104926735, 3.6597477269824594, 3.614362059859559]
2026-04-21 14:23:08.967635 Sync done -> model run start
2026-04-21 14:23:08.967635 Sync done -> model run start
2026-04-21 14:23:08.993240 Sync done -> model run start
2026-04-21 14:23:09.032705 Sync done -> model run start
0 18.041 [3.588468394940719, 3.618072567973286, 3.574162097182125, 3.624040764058009, 3.6362566722091287]
1 18.041 [3.5908992108888924, 3.6208426519297063, 3.568021618993953, 3.6284792739897966, 3.6327350828796625]
2 18.58 [3.712237114086747, 3.739396773977205, 3.7029533870518208, 3.735049730166793, 3.6899286420084536]
3 18.058 [3.5911191571503878, 3.6219466039910913, 3.5769314519129694, 3.625221692956984, 3.6430611559189856]
2026-04-21 14:23:37.031175 Sync done -> model run start
2026-04-21 14:23:37.032544 Sync done -> model run start
2026-04-21 14:23:37.038169 Sync done -> model run start
2026-04-21 14:23:37.115037 Sync done -> model run start
1 17.963 [3.6589149171486497, 3.615291994996369, 3.5713026179000735, 3.5673319718334824, 3.549930274952203]
0 17.969 [3.6573547709267586, 3.6152919428423047, 3.5713026190642267, 3.5681418110616505, 3.556629030033946]
3 18.009 [3.7146515061613172, 3.6146592390723526, 3.5683713878970593, 3.5671200989745557, 3.5441163568757474]
2 18.557 [3.780326726147905, 3.760505255078897, 3.6944262399338186, 3.6997013110667467, 3.6215775900054723]
2026-04-21 14:24:00.709242 Sync done -> model run start
2026-04-21 14:24:00.734343 Sync done -> model run start
2026-04-21 14:24:00.734343 Sync done -> model run start
2026-04-21 14:24:00.783681 Sync done -> model run start
0 17.76 [3.6702588219195604, 3.605722089065239, 3.5315295881591737, 3.4810639531351626, 3.470881215063855]
3 17.773 [3.663801003014669, 3.5995773391332477, 3.55743336584419, 3.480594997992739, 3.471344075864181]
1 17.838 [3.6638000141829252, 3.6032029390335083, 3.5751815761905164, 3.4934109509922564, 3.502034696051851]
2 18.373 [3.7731766479555517, 3.772275668103248, 3.6879566239658743, 3.6060240210499614, 3.5330517718102783]
2026-04-21 14:24:27.928276 Sync done -> model run start
2026-04-21 14:24:27.928282 Sync done -> model run start
2026-04-21 14:24:27.947955 Sync done -> model run start
2026-04-21 14:24:28.021127 Sync done -> model run start
1 17.858 [3.673549505881965, 3.5246023691724986, 3.518769256072119, 3.556167357135564, 3.584651557961479]
0 17.858 [3.6639412918593735, 3.521176714915782, 3.521895088022575, 3.5637229019775987, 3.5870144648943096]
2 17.88 [3.6870720160659403, 3.528505258029327, 3.517259795917198, 3.5574467789847404, 3.5898659639060497]
3 18.421 [3.8123052078299224, 3.6513705500401556, 3.6665195350069553, 3.675568823935464, 3.6147778381127864]
2026-04-21 14:24:54.464870 Sync done -> model run start
net_times: [[0.0, 2.101, 0, 1210368], [0.0, 7.899, 0, 1210368], [0.0, 3.639, 0, 1210368], [0.0, 7.267, 0, 1210368], [0.0, 7.869, 0, 1210368]]
echo 'race4fun' | sudo -S sh -c 'journalctl --since "2026-04-21 14:22:43.869583" --until "2026-04-21 14:24:54.464870" -k -o short-iso '| grep -i -E 'throttle|throttled|thermal|cpufreq|under-voltage|voltage'
