ALL SYNC
2026-04-21 14:25:46.653861 Sync done -> model run start
2026-04-21 14:25:46.653891 Sync done -> model run start
2026-04-21 14:25:46.654168 Sync done -> model run start
2026-04-21 14:25:46.679183 Sync done -> model run start
2 11.346 [2.1729241257999092, 2.750904964050278, 2.4264666631352156, 2.019797442946583, 1.9758670169394463]
3 11.413 [2.1620318221393973, 2.8698204630054533, 2.352839392144233, 2.0393756420817226, 1.9885581759735942]
0 11.55 [2.1597466110251844, 2.872273486107588, 2.35283907991834, 2.182919288985431, 1.982396813808009]
1 11.774 [2.2284487201832235, 3.2040615638252348, 2.2398569190409034, 2.098094350192696, 2.003000480821356]
2026-04-21 14:26:01.450513 Sync done -> model run start
2026-04-21 14:26:01.470509 Sync done -> model run start
2026-04-21 14:26:01.487947 Sync done -> model run start
2026-04-21 14:26:01.510974 Sync done -> model run start
0 10.044 [2.0283837548922747, 2.0332308299839497, 1.9808304999023676, 2.0136095320340246, 1.9873635529074818]
1 10.035 [2.027813130058348, 2.0362636980134994, 1.9798313321080059, 2.002939155790955, 1.9883595961146057]
3 10.052 [2.026653023902327, 2.0327838498633355, 1.9829274809453636, 2.0109583309385926, 1.9984661689959466]
2 10.376 [2.1214446879457682, 2.0694359191693366, 2.0968028088100255, 2.081961581017822, 2.006515707122162]
2026-04-21 14:26:15.631525 Sync done -> model run start
2026-04-21 14:26:15.637947 Sync done -> model run start
2026-04-21 14:26:15.649696 Sync done -> model run start
2026-04-21 14:26:15.679448 Sync done -> model run start
3 11.128 [2.0727825590875, 2.9738675290718675, 2.034619517158717, 2.0273004341870546, 2.0187889540102333]
2 11.354 [2.1242389138787985, 3.083496129140258, 2.154162918915972, 2.0036892618518323, 1.9877850150223821]
0 11.126 [2.0761008970439434, 2.991018327185884, 2.028139772126451, 2.0165119860321283, 2.0142529611475766]
1 11.482 [2.0724300069268793, 3.10204135812819, 2.1717198118567467, 2.05026936205104, 2.085400946205482]
2026-04-21 14:26:31.381322 Sync done -> model run start
2026-04-21 14:26:31.382443 Sync done -> model run start
2026-04-21 14:26:31.399717 Sync done -> model run start
2026-04-21 14:26:31.444130 Sync done -> model run start
0 10.315 [2.084866476012394, 2.0905258948914707, 2.051338082877919, 2.047247804934159, 2.040607317117974]
3 10.342 [2.103985401103273, 2.091847301926464, 2.054828449850902, 2.0399980070069432, 2.0512174828909338]
2 10.663 [2.146389139816165, 2.1908339080400765, 2.1518381268251687, 2.116005734074861, 2.058094257954508]
1 10.318 [2.0862679360434413, 2.0905257388949394, 2.0513383431825787, 2.0475661910604686, 2.0422782560344785]
2026-04-21 14:26:45.776862 Sync done -> model run start
2026-04-21 14:26:45.776861 Sync done -> model run start
2026-04-21 14:26:45.796941 Sync done -> model run start
2026-04-21 14:26:45.800997 Sync done -> model run start
0 10.314 [2.085397789021954, 2.0932302300352603, 2.0354253200348467, 2.0533883441239595, 2.046139315003529]
1 10.314 [2.085397789021954, 2.093230437953025, 2.0372359468601644, 2.0515840710140765, 2.0461394188459963]
2 10.348 [2.1056322858203202, 2.0940823659766465, 2.0304352631792426, 2.0521543838549405, 2.0657686551567167]
3 10.69 [2.1849984019063413, 2.183756302110851, 2.1366834840737283, 2.1096874559298158, 2.07485412992537]
2026-04-21 14:26:59.390152 Sync done -> model run start
net_times: [[0.0, 2.108, 0, 1210368], [0.0, 2.825, 0, 1210368], [0.0, 3.313, 0, 1210368], [0.0, 2.742, 0, 1210368], [0.0, 2.783, 0, 1210368]]
echo 'race4fun' | sudo -S sh -c 'journalctl --since "2026-04-21 14:25:44.866402" --until "2026-04-21 14:26:59.390152" -k -o short-iso '| grep -i -E 'throttle|throttled|thermal|cpufreq|under-voltage|voltage'
