ALL SYNC
2026-04-21 14:26:16.850754 Sync done -> model run start
2026-04-21 14:26:16.850754 Sync done -> model run start
2026-04-21 14:26:16.850754 Sync done -> model run start
2026-04-21 14:26:16.850754 Sync done -> model run start
1 11.934 [2.450726304901764, 2.3864272020291537, 2.3293293230235577, 2.351491074077785, 2.415659660939127]
2 11.946 [2.459828356979415, 2.3942917590029538, 2.327595266047865, 2.3697484598960727, 2.3939774420578033]
0 12.157 [2.454637438058853, 2.391813797876239, 2.320005709072575, 2.351192219881341, 2.639147083973512]
3 12.367 [2.5532053858041763, 2.501748791895807, 2.4224977588746697, 2.440112598007545, 2.449216005858034]
2026-04-21 14:26:31.363430 Sync done -> model run start
2026-04-21 14:26:31.367776 Sync done -> model run start
2026-04-21 14:26:31.393603 Sync done -> model run start
2026-04-21 14:26:31.416501 Sync done -> model run start
2 11.872 [2.387393041048199, 2.4050132448319346, 2.352873526047915, 2.3473309429828078, 2.3791945879347622]
0 11.979 [2.377042764099315, 2.3909313129261136, 2.3467274529393762, 2.3458231349941343, 2.5184103690553457]
3 12.307 [2.4800282509531826, 2.50008787214756, 2.4364944950211793, 2.442864215001464, 2.447689877822995]
2026-04-21 14:26:45.782772 Sync done -> model run start
2026-04-21 14:26:45.811346 Sync done -> model run start
2026-04-21 14:26:45.817536 Sync done -> model run start
2026-04-21 14:26:45.818491 Sync done -> model run start
0 11.82 [2.371197327040136, 2.3762150208931416, 2.3465200180653483, 2.3505966730881482, 2.3748706551268697]
3 11.843 [2.3765544968191534, 2.375455335015431, 2.342201802879572, 2.3524809379596263, 2.3958858449477702]
2 11.977 [2.380405629053712, 2.377679754048586, 2.342200658051297, 2.352487969212234, 2.523978330893442]
1 12.257 [2.460688275983557, 2.466665601124987, 2.4435395868495107, 2.430649684043601, 2.45559616596438]
2026-04-21 14:27:00.202907 Sync done -> model run start
2026-04-21 14:27:00.209490 Sync done -> model run start
2026-04-21 14:27:00.229042 Sync done -> model run start
2026-04-21 14:27:00.279972 Sync done -> model run start
1 11.817 [2.3658748040907085, 2.385480834171176, 2.3456573239527643, 2.349186948966235, 2.370092452969402]
0 11.861 [2.3694248439278454, 2.3884185331407934, 2.346760548884049, 2.347958931932226, 2.4080235238652676]
2 11.863 [2.3726307190954685, 2.398587143048644, 2.341212546918541, 2.356788694858551, 2.3935050829313695]
3 12.349 [2.4493032209575176, 2.483944460982457, 2.4314972958527505, 2.441636585863307, 2.5424786461517215]
2026-04-21 14:27:14.774488 Sync done -> model run start
2026-04-21 14:27:14.808488 Sync done -> model run start
2026-04-21 14:27:14.812323 Sync done -> model run start
2026-04-21 14:27:14.830110 Sync done -> model run start
0 11.551 [2.344894832931459, 2.3291693669743836, 2.2834866060875356, 2.3099154247902334, 2.282771351048723]
3 11.566 [2.337273714132607, 2.338715586112812, 2.2844569149892777, 2.3030703959520906, 2.301788318203762]
2 11.67 [2.373217395041138, 2.376096085179597, 2.322892827913165, 2.286156442016363, 2.311746775172651]
1 11.966 [2.4248230550438166, 2.4257124811410904, 2.3776730089448392, 2.385218088980764, 2.3527436170261353]
2026-04-21 14:27:28.020894 Sync done -> model run start
net_times: [[28.87, 1.119, 1210368, 1210368], [0.002, 1.038, 1210368, 1210368], [0.002, 1.112, 1210368, 1210368], [0.002, 1.122, 1210368, 1210368], [0.002, 1.119, 1210368, 1210368]]
echo 'race4fun' | sudo -S sh -c 'journalctl --since "2026-04-21 14:25:45.869593" --until "2026-04-21 14:27:28.020894" -k -o short-iso '| grep -i -E 'throttle|throttled|thermal|cpufreq|under-voltage|voltage'
