ALL SYNC
2026-04-21 14:26:02.583343 Sync done -> model run start
2026-04-21 14:26:02.583343 Sync done -> model run start
2026-04-21 14:26:02.583343 Sync done -> model run start
2026-04-21 14:26:02.590179 Sync done -> model run start
0 10.579 [2.2025723850820214, 2.108423850964755, 2.0652484910096973, 2.0669103919062763, 2.135424147127196]
3 10.702 [2.2140581698622555, 2.110761081101373, 2.0715804961510003, 2.0765936330426484, 2.2285295878537]
2 10.715 [2.189383222023025, 2.099322535097599, 2.065346095012501, 2.0644189449958503, 2.2966863319743425]
1 11.0 [2.292461644858122, 2.1941176580730826, 2.1599144979845732, 2.149953895015642, 2.2031322959810495]
2026-04-21 14:26:15.644334 Sync done -> model run start
2026-04-21 14:26:15.645685 Sync done -> model run start
2026-04-21 14:26:15.686456 Sync done -> model run start
2026-04-21 14:26:15.704069 Sync done -> model run start
1 10.456 [2.124620659975335, 2.123168510850519, 2.0655872258357704, 2.089693302055821, 2.0531798971351236]
0 10.499 [2.129529285011813, 2.1245154838543385, 2.0687794520054013, 2.102202362846583, 2.0738738200161606]
2 10.514 [2.126739818137139, 2.1287156231701374, 2.071981990011409, 2.1025182988960296, 2.0835155490785837]
3 10.858 [2.2058197429869324, 2.2170898818876594, 2.1567173569928855, 2.1472883140668273, 2.130642948905006]
2026-04-21 14:26:31.353570 Sync done -> model run start
2026-04-21 14:26:31.362021 Sync done -> model run start
2026-04-21 14:26:31.383152 Sync done -> model run start
2026-04-21 14:26:31.422659 Sync done -> model run start
0 10.384 [2.1165727379266173, 2.1040316270664334, 2.0612790319137275, 2.0587556920945644, 2.042877357918769]
1 10.414 [2.120257982984185, 2.1071878119837493, 2.067435047123581, 2.070086997002363, 2.0491084249224514]
3 10.798 [2.2041281939018518, 2.203382082981989, 2.1576205929741263, 2.1102108829654753, 2.1228925809264183]
2 10.455 [2.1262026440817863, 2.116192095912993, 2.067035516956821, 2.0665713869966567, 2.078991888090968]
2026-04-21 14:26:45.787724 Sync done -> model run start
2026-04-21 14:26:45.801185 Sync done -> model run start
2026-04-21 14:26:45.801185 Sync done -> model run start
2026-04-21 14:26:45.828925 Sync done -> model run start
1 10.595 [2.1435270758811384, 2.1068488319870085, 2.1031287771183997, 2.122857370879501, 2.1180057069286704]
2 10.581 [2.14808460813947, 2.1020868208725005, 2.096263286890462, 2.116653700126335, 2.1178525309078395]
3 10.597 [2.145482014864683, 2.1092374147847295, 2.0987234839703888, 2.1187967110890895, 2.1247781249694526]
0 10.979 [2.2453853299375623, 2.1864017120096833, 2.1579685350880027, 2.2033791509456933, 2.1861810819245875]
2026-04-21 14:27:00.210859 Sync done -> model run start
2026-04-21 14:27:00.225833 Sync done -> model run start
2026-04-21 14:27:00.243971 Sync done -> model run start
2026-04-21 14:27:00.262959 Sync done -> model run start
2 10.582 [2.1224414699245244, 2.1282363741192967, 2.1617557909339666, 2.094932161970064, 2.0746089541353285]
1 10.637 [2.1694773558992893, 2.128321686061099, 2.153069162974134, 2.0807339439634234, 2.105160954874009]
3 10.607 [2.1264467649161816, 2.124744721921161, 2.1842317329719663, 2.0872952700592577, 2.083841934101656]
0 10.92 [2.215505850035697, 2.180666089989245, 2.212481657974422, 2.172273171832785, 2.138716895831749]
2026-04-21 14:27:13.900865 Sync done -> model run start
net_times: [[14.779, 1.067, 1210368, 1210368], [0.002, 3.823, 1210368, 1210368], [0.002, 2.577, 1210368, 1210368], [0.002, 2.419, 1210368, 1210368], [0.002, 2.62, 1210368, 1210368]]
echo 'race4fun' | sudo -S sh -c 'journalctl --since "2026-04-21 14:25:45.860177" --until "2026-04-21 14:27:13.900865" -k -o short-iso '| grep -i -E 'throttle|throttled|thermal|cpufreq|under-voltage|voltage'
