ALL SYNC
2026-04-21 14:26:38.939354 Sync done -> model run start
2026-04-21 14:26:38.939354 Sync done -> model run start
2026-04-21 14:26:38.939354 Sync done -> model run start
2026-04-21 14:26:38.939354 Sync done -> model run start
3 0.037 [0.028744161827489734, 0.0022491018753498793, 0.0019884780049324036, 0.002098581986501813, 0.0020189990755170584]
1 0.037 [0.028743589064106345, 0.0022487370297312737, 0.001988478936254978, 0.0020987901370972395, 0.0020188421476632357]
0 0.037 [0.02874364098533988, 0.002249050186946988, 0.0020001449156552553, 0.002090977970510721, 0.002018790924921632]
2 0.037 [0.028743952978402376, 0.0022487370297312737, 0.0019887390080839396, 0.002098737983033061, 0.0020188421476632357]
2026-04-21 14:26:51.669796 Sync done -> model run start
2026-04-21 14:26:51.675905 Sync done -> model run start
2026-04-21 14:26:51.692352 Sync done -> model run start
2026-04-21 14:26:51.693886 Sync done -> model run start
0 0.014 [0.0058712169993668795, 0.001759521896019578, 0.0016611891333013773, 0.0021202480420470238, 0.001912279985845089]
1 0.013 [0.006394912023097277, 0.0018832189962267876, 0.0018000940326601267, 0.0018361881375312805, 0.001339940819889307]
3 0.008 [0.0034407100174576044, 0.0011943159624934196, 0.0010143688414245844, 0.00100322300568223, 0.0010318700224161148]
2 0.009 [0.004211122170090675, 0.0010439001489430666, 0.0010316090192645788, 0.0011429630685597658, 0.0008285369258373976]
2026-04-21 14:27:05.535950 Sync done -> model run start
2026-04-21 14:27:05.558505 Sync done -> model run start
2026-04-21 14:27:05.559971 Sync done -> model run start
2026-04-21 14:27:05.584210 Sync done -> model run start
0 0.016 [0.006945064989849925, 0.0032976369839161634, 0.0014524399302899837, 0.0018287389539182186, 0.00219894596375525]
1 0.011 [0.004885962000116706, 0.001561240991577506, 0.0015259808860719204, 0.001477023120969534, 0.0015598349273204803]
2 0.011 [0.0048806502018123865, 0.0015599909238517284, 0.0014430650044232607, 0.0015601469203829765, 0.0012394730001688004]
3 0.008 [0.0036369580775499344, 0.001198743935674429, 0.0009709838777780533, 0.0009872338268905878, 0.0009704120457172394]
2026-04-21 14:27:18.432509 Sync done -> model run start
2026-04-21 14:27:18.449943 Sync done -> model run start
2026-04-21 14:27:18.461910 Sync done -> model run start
2026-04-21 14:27:18.464800 Sync done -> model run start
1 0.013 [0.006423088954761624, 0.0019381139427423477, 0.0015897308476269245, 0.0015366061124950647, 0.0016001989133656025]
2 0.009 [0.004547787131741643, 0.0011512432247400284, 0.0010245251469314098, 0.0011353062000125647, 0.0011230150703340769]
3 0.01 [0.005000180099159479, 0.0010904099326580763, 0.0009160879999399185, 0.0016617090441286564, 0.000829475000500679]
2026-04-21 14:27:32.607056 Sync done -> model run start
2026-04-21 14:27:32.614748 Sync done -> model run start
2026-04-21 14:27:32.628215 Sync done -> model run start
2026-04-21 14:27:32.637749 Sync done -> model run start
0 0.014 [0.006724598119035363, 0.0016412930563092232, 0.0017404069658368826, 0.001834989059716463, 0.0018143130000680685]
1 0.014 [0.006520692026242614, 0.0019783221650868654, 0.0026412869337946177, 0.0015894179232418537, 0.0013715538661926985]
2 0.011 [0.005375541979447007, 0.0013345240149646997, 0.0012655139435082674, 0.0011790560092777014, 0.0011366598773747683]
3 0.008 [0.004163153003901243, 0.0011240558233112097, 0.0009691091254353523, 0.0010379110462963581, 0.0009708281140774488]
2026-04-21 14:27:32.707299 Sync done -> model run start
net_times: [[52.579, 0.0, 605184, 0], [12.497, 0.0, 605184, 0], [13.652, 0.0, 605184, 0], [12.63, 0.0, 605184, 0], [13.921, 0.0, 605184, 0]]
echo 'race4fun' | sudo -S sh -c 'journalctl --since "2026-04-21 14:25:45.869803" --until "2026-04-21 14:27:32.707299" -k -o short-iso '| grep -i -E 'throttle|throttled|thermal|cpufreq|under-voltage|voltage'
