ALL SYNC
2026-04-21 14:26:31.327756 Sync done -> model run start
2026-04-21 14:26:31.327756 Sync done -> model run start
2026-04-21 14:26:31.328375 Sync done -> model run start
2026-04-21 14:26:31.329913 Sync done -> model run start
2 5.63 [1.124733935110271, 1.2162242610938847, 0.952726739924401, 1.215796547010541, 1.1205563279800117]
0 5.714 [1.1311306930147111, 1.2470208099111915, 0.9971188341733068, 1.2181731050368398, 1.1200484128203243]
1 5.721 [1.1933265519328415, 1.1892499418463558, 0.9962530541233718, 1.2179829489905387, 1.124219342134893]
3 5.916 [1.2003471089992672, 1.2017328850924969, 1.0260142940096557, 1.2258770468179137, 1.2617055089212954]
2026-04-21 14:26:45.143409 Sync done -> model run start
2026-04-21 14:26:45.147552 Sync done -> model run start
2026-04-21 14:26:45.170389 Sync done -> model run start
2026-04-21 14:26:45.194125 Sync done -> model run start
0 5.169 [0.6576581799890846, 1.0549144649412483, 1.2603098049294204, 0.993321520043537, 1.2021338301710784]
2 5.2 [0.6527158471290022, 1.0958360969088972, 1.2329166340641677, 1.0310442510526627, 1.1874485479202121]
3 5.171 [0.6526940758340061, 1.075679108966142, 1.2195965580176562, 1.0270578539930284, 1.1953562919516116]
1 5.303 [0.7006051200442016, 1.0320245139300823, 1.299147377954796, 1.1125408988445997, 1.1586605368647724]
2026-04-21 14:26:59.598272 Sync done -> model run start
2026-04-21 14:26:59.615286 Sync done -> model run start
2026-04-21 14:26:59.627293 Sync done -> model run start
2026-04-21 14:26:59.645210 Sync done -> model run start
0 4.308 [0.6020783840212971, 0.589730546111241, 0.9965456519275904, 1.0772031310480088, 1.0422167989891022]
1 4.329 [0.5991152140777558, 0.5888949739746749, 1.0080977629404515, 1.0706701769959182, 1.0619425368495286]
2 4.572 [0.600242658983916, 0.6331409721169621, 1.1316405669786036, 1.0063112541101873, 1.2007818180136383]
3 4.571 [0.5995817750226706, 0.5884222669992596, 1.0329338549636304, 1.1596936809364706, 1.189944498008117]
2026-04-21 14:27:14.164343 Sync done -> model run start
2026-04-21 14:27:14.208862 Sync done -> model run start
2026-04-21 14:27:14.216078 Sync done -> model run start
2026-04-21 14:27:14.233888 Sync done -> model run start
1 2.903 [0.6001166519708931, 0.5844471019227058, 0.5763935260474682, 0.572481709998101, 0.5695591638796031]
0 2.914 [0.6090591840911657, 0.5833603341598064, 0.5772980030160397, 0.571884314995259, 0.5725000950042158]
3 2.912 [0.601043471833691, 0.5839228318072855, 0.576774514047429, 0.5770835750736296, 0.5729722820688039]
2 2.998 [0.6008700882084668, 0.6318467368837446, 0.5790577381849289, 0.6182612970005721, 0.5674113039858639]
2026-04-21 14:27:28.303806 Sync done -> model run start
2026-04-21 14:27:28.328173 Sync done -> model run start
2026-04-21 14:27:28.356083 Sync done -> model run start
2026-04-21 14:27:28.375571 Sync done -> model run start
0 2.927 [0.602910378947854, 0.5866073921788484, 0.5780970989726484, 0.5775398600380868, 0.5816567768342793]
1 2.911 [0.5974072660319507, 0.5852017188444734, 0.5749683040194213, 0.5750333548057824, 0.5783133469521999]
3 2.915 [0.5913955080322921, 0.5859866130631417, 0.5758587711025029, 0.5775475681293756, 0.5841530729085207]
2 3.031 [0.6180730010382831, 0.6475751220714301, 0.5803662079852074, 0.6261929809115827, 0.5583972451277077]
2026-04-21 14:27:32.527454 Sync done -> model run start
net_times: [[44.559, 1.126, 1210368, 605184], [6.357, 1.047, 1210368, 605184], [7.691, 1.133, 1210368, 605184], [8.366, 1.042, 1210368, 605184], [9.635, 1.049, 1210368, 605184]]
echo 'race4fun' | sudo -S sh -c 'journalctl --since "2026-04-21 14:25:45.864463" --until "2026-04-21 14:27:32.527454" -k -o short-iso '| grep -i -E 'throttle|throttled|thermal|cpufreq|under-voltage|voltage'
