ALL SYNC
2026-04-21 14:23:10.452992 Sync done -> model run start
2026-04-21 14:23:10.452992 Sync done -> model run start
2026-04-21 14:23:10.452992 Sync done -> model run start
2026-04-21 14:23:10.453955 Sync done -> model run start
1 24.304 [5.802242946112528, 6.076624403009191, 3.624621287919581, 3.5633718089666218, 5.23670206987299]
0 24.398 [6.024904371937737, 6.122452839044854, 3.561156193027273, 3.5618779088836163, 5.127220466034487]
3 24.871 [6.3179431080352515, 6.133898320840672, 3.5922097840812057, 4.14641939708963, 4.680351631017402]
2 25.032 [6.0537048450205475, 6.091461070813239, 3.6696713420096785, 4.535179575905204, 4.681614334927872]
2026-04-21 14:23:36.933394 Sync done -> model run start
2026-04-21 14:23:36.948837 Sync done -> model run start
2026-04-21 14:23:36.968837 Sync done -> model run start
2026-04-21 14:23:36.980068 Sync done -> model run start
0 21.532 [6.058569672051817, 3.7033152892254293, 3.5380158547777683, 3.442268318030983, 4.789549903012812]
3 21.618 [6.219561412930489, 3.608956652926281, 3.5086912158876657, 3.4490587629843503, 4.831993194995448]
1 22.235 [6.437730822013691, 3.617141989991069, 3.580805917037651, 3.6050501039717346, 4.993738994933665]
2 21.429 [6.07475003390573, 3.7049468979239464, 3.533082850975916, 3.438963902881369, 4.676740966038778]
2026-04-21 14:24:00.718570 Sync done -> model run start
2026-04-21 14:24:00.734599 Sync done -> model run start
2026-04-21 14:24:00.785954 Sync done -> model run start
2026-04-21 14:24:00.789186 Sync done -> model run start
1 24.786 [6.031166173052043, 4.4292754989583045, 3.5882867388427258, 5.005217476980761, 5.731760066002607]
3 25.032 [6.063523353077471, 4.43251042580232, 3.4726126701571047, 5.049688440049067, 6.013367427978665]
0 24.605 [6.020699072862044, 4.427716447971761, 3.464738987153396, 4.748418455012143, 5.9430586020462215]
2 25.591 [6.163142021978274, 4.56282396405004, 3.633054937934503, 5.877066030865535, 5.354934158036485]
2026-04-21 14:24:27.876726 Sync done -> model run start
2026-04-21 14:24:27.899754 Sync done -> model run start
2026-04-21 14:24:27.915128 Sync done -> model run start
2026-04-21 14:24:27.923016 Sync done -> model run start
1 25.672 [6.2352681388147175, 5.59494091803208, 3.506235193926841, 4.503656442975625, 5.831948914099485]
3 26.203 [6.264313969993964, 5.5419457538519055, 3.630179289029911, 4.752331502968445, 6.013750183163211]
2 26.244 [6.294052353827283, 5.561835821019486, 3.5042785299010575, 4.889419166836888, 5.993816729867831]
0 26.373 [6.47981108003296, 5.653432838851586, 3.8093152069486678, 4.9537224769592285, 5.476792892906815]
2026-04-21 14:24:55.775800 Sync done -> model run start
2026-04-21 14:24:55.813921 Sync done -> model run start
2026-04-21 14:24:55.822474 Sync done -> model run start
2026-04-21 14:24:55.883684 Sync done -> model run start
2 22.119 [4.595104502979666, 4.365519777871668, 3.496205185074359, 4.376286074053496, 5.286088282009587]
1 22.28 [4.661276930011809, 4.354767610086128, 3.528967570979148, 4.438935379963368, 5.296118624974042]
0 22.439 [4.631234280066565, 4.387667288072407, 3.6591066978871822, 4.4934811079874635, 5.266819459851831]
3 22.791 [4.722577179083601, 4.512428611982614, 3.6189922399353236, 5.019121868070215, 4.918128872988746]
2026-04-21 14:25:18.779457 Sync done -> model run start
net_times: [[22.686, 0.0, 1210368, 0], [0.003, 0.0, 1210368, 0], [0.004, 0.0, 1210368, 0], [0.002, 0.0, 1210368, 0], [0.002, 0.0, 1210368, 0]]
echo 'race4fun' | sudo -S sh -c 'journalctl --since "2026-04-21 14:22:44.897448" --until "2026-04-21 14:25:18.779457" -k -o short-iso '| grep -i -E 'throttle|throttled|thermal|cpufreq|under-voltage|voltage'
