ALL SYNC
2026-04-21 06:57:53.663610 Sync done -> model run start
2026-04-21 06:57:53.663610 Sync done -> model run start
2026-04-21 06:57:53.663621 Sync done -> model run start
2026-04-21 06:57:53.663610 Sync done -> model run start
2 2.468 [2.467819342855364]
1 2.468 [2.4678194988518953]
3 2.459 [2.459331614896655]
0 2.597 [2.5968234348110855]
2026-04-21 06:58:06.406135 Sync done -> model run start
2026-04-21 06:58:06.430010 Sync done -> model run start
2026-04-21 06:58:06.453892 Sync done -> model run start
2026-04-21 06:58:06.453892 Sync done -> model run start
0 2.343 [2.342982464004308]
3 2.355 [2.354950960027054]
1 2.434 [2.4336808680091053]
2 2.341 [2.340357317123562]
2026-04-21 06:58:13.585645 Sync done -> model run start
2026-04-21 06:58:13.598515 Sync done -> model run start
2026-04-21 06:58:13.612943 Sync done -> model run start
2026-04-21 06:58:13.613428 Sync done -> model run start
1 2.368 [2.3678737161681056]
2 2.363 [2.362596601014957]
3 2.381 [2.380985592957586]
0 2.464 [2.4642081409692764]
2026-04-21 06:58:17.254816 Sync done -> model run start
2026-04-21 06:58:17.254816 Sync done -> model run start
2026-04-21 06:58:17.282370 Sync done -> model run start
2026-04-21 06:58:17.283233 Sync done -> model run start
1 2.411 [2.4107823509257287]
2 2.411 [2.4107821949291974]
0 2.523 [2.523205464007333]
3 2.426 [2.4259140118956566]
2026-04-21 06:58:20.951185 Sync done -> model run start
2026-04-21 06:58:20.961641 Sync done -> model run start
2026-04-21 06:58:20.978730 Sync done -> model run start
2026-04-21 06:58:20.979977 Sync done -> model run start
2 2.37 [2.369432558072731]
3 2.401 [2.400910614989698]
0 2.504 [2.504052773118019]
1 2.383 [2.3824258418753743]
2026-04-21 06:58:23.785830 Sync done -> model run start
net_times: [[25.364, 9.091, 4841472, 4507245], [0.054, 3.694, 4841472, 4735], [0.025, 0.195, 4841472, 4735], [0.024, 0.158, 4841472, 4735], [0.026, 0.184, 4841472, 4735]]
echo 'race4fun' | sudo -S sh -c 'journalctl --since "2026-04-21 06:57:26.372029" --until "2026-04-21 06:58:23.785830" -k -o short-iso '| grep -i -E 'throttle|throttled|thermal|cpufreq|under-voltage|voltage'
