ALL SYNC
2026-04-21 06:58:13.061244 Sync done -> model run start
2026-04-21 06:58:13.061244 Sync done -> model run start
2026-04-21 06:58:13.061244 Sync done -> model run start
2026-04-21 06:58:13.061245 Sync done -> model run start
2 0.03 [0.030152838909998536]
1 0.03 [0.030152735067531466]
0 0.03 [0.030152371153235435]
2026-04-21 06:58:13.850335 Sync done -> model run start
2026-04-21 06:58:13.858432 Sync done -> model run start
2026-04-21 06:58:13.868503 Sync done -> model run start
2026-04-21 06:58:13.875045 Sync done -> model run start
0 0.006 [0.006220796145498753]
1 0.005 [0.005023251054808497]
2 0.004 [0.00413179793395102]
3 0.003 [0.0030888360925018787]
2026-04-21 06:58:17.531655 Sync done -> model run start
2026-04-21 06:58:17.540123 Sync done -> model run start
2026-04-21 06:58:17.547800 Sync done -> model run start
2026-04-21 06:58:17.556609 Sync done -> model run start
0 0.006 [0.006165588041767478]
1 0.005 [0.0052344470750540495]
2 0.004 [0.00410747597925365]
3 0.003 [0.0029408149421215057]
2026-04-21 06:58:21.274116 Sync done -> model run start
2026-04-21 06:58:21.282317 Sync done -> model run start
2026-04-21 06:58:21.288812 Sync done -> model run start
2026-04-21 06:58:21.305136 Sync done -> model run start
0 0.006 [0.006144494051113725]
1 0.006 [0.0059855368454009295]
2 0.005 [0.004607472103089094]
3 0.003 [0.00295477407053113]
2026-04-21 06:58:24.945917 Sync done -> model run start
2026-04-21 06:58:24.959732 Sync done -> model run start
2026-04-21 06:58:24.961109 Sync done -> model run start
2026-04-21 06:58:24.978967 Sync done -> model run start
2 0.004 [0.004116017138585448]
1 0.004 [0.00405669491738081]
3 0.003 [0.0030275858007371426]
0 0.007 [0.006283140042796731]
2026-04-21 06:58:25.065611 Sync done -> model run start
net_times: [[46.227, 0.0, 2420736, 0], [0.595, 0.0, 2420736, 0], [3.487, 0.0, 2420736, 0], [3.527, 0.0, 2420736, 0], [3.477, 0.0, 2420736, 0]]
echo 'race4fun' | sudo -S sh -c 'journalctl --since "2026-04-21 06:57:26.372416" --until "2026-04-21 06:58:25.065611" -k -o short-iso '| grep -i -E 'throttle|throttled|thermal|cpufreq|under-voltage|voltage'
