ALL SYNC
2026-04-21 06:57:40.248157 Sync done -> model run start
2026-04-21 06:57:40.248157 Sync done -> model run start
2026-04-21 06:57:40.248173 Sync done -> model run start
2026-04-21 06:57:40.252879 Sync done -> model run start
1 2.237 [2.2369290529750288]
3 2.256 [2.255508866161108]
0 2.25 [2.250060155056417]
2 2.334 [2.333729184931144]
2026-04-21 06:57:52.614045 Sync done -> model run start
2026-04-21 06:57:52.660831 Sync done -> model run start
2026-04-21 06:57:52.682405 Sync done -> model run start
2026-04-21 06:57:52.698991 Sync done -> model run start
0 2.161 [2.1607510149478912]
1 2.213 [2.212363453116268]
3 2.204 [2.2042137729004025]
2 2.227 [2.2265398618765175]
2026-04-21 06:58:06.424228 Sync done -> model run start
2026-04-21 06:58:06.439152 Sync done -> model run start
2026-04-21 06:58:06.465079 Sync done -> model run start
2026-04-21 06:58:06.508274 Sync done -> model run start
1 2.104 [2.1037141401320696]
0 2.106 [2.105832666857168]
2 2.115 [2.1151660890318453]
3 2.189 [2.1886369111016393]
2026-04-21 06:58:13.549061 Sync done -> model run start
2026-04-21 06:58:13.556274 Sync done -> model run start
2026-04-21 06:58:13.595644 Sync done -> model run start
2026-04-21 06:58:13.613197 Sync done -> model run start
3 2.148 [2.1480822588782758]
2 2.229 [2.229294484015554]
0 2.149 [2.1490177728701383]
2026-04-21 06:58:17.242260 Sync done -> model run start
2026-04-21 06:58:17.259302 Sync done -> model run start
2026-04-21 06:58:17.295842 Sync done -> model run start
2026-04-21 06:58:17.301525 Sync done -> model run start
1 2.174 [2.173844417091459]
3 2.17 [2.169612467987463]
2 2.228 [2.2273841330315918]
0 2.157 [2.1572582880035043]
2026-04-21 06:58:20.137884 Sync done -> model run start
net_times: [[12.106, 9.057, 4841472, 4523527], [0.038, 10.562, 4841472, 4735], [0.046, 3.951, 4841472, 4735], [0.024, 0.497, 4841472, 4735], [0.026, 0.491, 4841472, 4735]]
echo 'race4fun' | sudo -S sh -c 'journalctl --since "2026-04-21 06:57:26.371588" --until "2026-04-21 06:58:20.137884" -k -o short-iso '| grep -i -E 'throttle|throttled|thermal|cpufreq|under-voltage|voltage'
