ALL SYNC
2026-04-21 06:56:21.588966 Sync done -> model run start
2026-04-21 06:56:21.588966 Sync done -> model run start
2026-04-21 06:56:21.588966 Sync done -> model run start
2026-04-21 06:56:21.636391 Sync done -> model run start
0 3.701 [3.700514475814998]
2 3.735 [3.734588410006836]
1 3.82 [3.8197178801055998]
3 3.701 [3.700506558874622]
2026-04-21 06:56:32.078099 Sync done -> model run start
2026-04-21 06:56:32.078099 Sync done -> model run start
2026-04-21 06:56:32.091604 Sync done -> model run start
2026-04-21 06:56:32.146252 Sync done -> model run start
1 3.591 [3.5911564340349287]
2 3.622 [3.621440693968907]
3 3.721 [3.7209137559402734]
2026-04-21 06:56:39.602210 Sync done -> model run start
2026-04-21 06:56:39.610746 Sync done -> model run start
2026-04-21 06:56:39.611611 Sync done -> model run start
2026-04-21 06:56:39.688971 Sync done -> model run start
2 3.657 [3.6567429448477924]
1 3.66 [3.6597317347768694]
0 3.684 [3.6833651878405362]
3 3.793 [3.792873991886154]
2026-04-21 06:56:45.001421 Sync done -> model run start
2026-04-21 06:56:45.014367 Sync done -> model run start
2026-04-21 06:56:45.015131 Sync done -> model run start
2026-04-21 06:56:45.034724 Sync done -> model run start
2 3.602 [3.6016401241067797]
1 3.634 [3.6333333880174905]
3 3.624 [3.6237577479332685]
0 3.752 [3.751810439862311]
2026-04-21 06:56:50.305230 Sync done -> model run start
2026-04-21 06:56:50.305230 Sync done -> model run start
2026-04-21 06:56:50.306128 Sync done -> model run start
2026-04-21 06:56:50.335462 Sync done -> model run start
2 3.622 [3.622329724021256]
1 3.641 [3.640456218039617]
0 3.747 [3.746995658846572]
3 3.63 [3.6295314668677747]
2026-04-21 06:56:54.362170 Sync done -> model run start
net_times: [[0.0, 5.259, 0, 4496250], [0.0, 2.381, 0, 4735], [0.0, 0.16, 0, 4735], [0.0, 0.16, 0, 4735], [0.0, 0.156, 0, 4735]]
echo 'race4fun' | sudo -S sh -c 'journalctl --since "2026-04-21 06:56:18.780065" --until "2026-04-21 06:56:54.362170" -k -o short-iso '| grep -i -E 'throttle|throttled|thermal|cpufreq|under-voltage|voltage'
