ALL SYNC
2026-04-21 06:58:06.264151 Sync done -> model run start
2026-04-21 06:58:06.264151 Sync done -> model run start
2026-04-21 06:58:06.264152 Sync done -> model run start
2026-04-21 06:58:06.284791 Sync done -> model run start
0 1.213 [1.2130579641088843]
3 1.282 [1.281491809990257]
2 1.367 [1.3671605898998678]
1 1.408 [1.4078124619554728]
2026-04-21 06:58:12.943313 Sync done -> model run start
2026-04-21 06:58:12.953759 Sync done -> model run start
2026-04-21 06:58:12.973947 Sync done -> model run start
2026-04-21 06:58:12.994523 Sync done -> model run start
0 0.612 [0.6122641679830849]
1 0.606 [0.6060858578421175]
3 0.608 [0.6074624669272453]
2 0.654 [0.6535123910289258]
2026-04-21 06:58:16.630083 Sync done -> model run start
2026-04-21 06:58:16.646149 Sync done -> model run start
2026-04-21 06:58:16.663020 Sync done -> model run start
2026-04-21 06:58:16.680883 Sync done -> model run start
0 0.609 [0.6085086090024561]
1 0.603 [0.602710610954091]
3 0.612 [0.6118761480320245]
2 0.648 [0.648289703996852]
2026-04-21 06:58:20.325198 Sync done -> model run start
2026-04-21 06:58:20.326980 Sync done -> model run start
2026-04-21 06:58:20.351327 Sync done -> model run start
2026-04-21 06:58:20.370061 Sync done -> model run start
1 0.612 [0.611927033867687]
0 0.614 [0.6138997869566083]
3 0.612 [0.6119893249124289]
2 0.659 [0.6585953410249203]
2026-04-21 06:58:24.049913 Sync done -> model run start
2026-04-21 06:58:24.063276 Sync done -> model run start
2026-04-21 06:58:24.087747 Sync done -> model run start
2026-04-21 06:58:24.105259 Sync done -> model run start
0 0.603 [0.6032912340015173]
1 0.603 [0.602603267878294]
3 0.606 [0.6061549209989607]
2 0.643 [0.64271852793172]
2026-04-21 06:58:24.891583 Sync done -> model run start
net_times: [[39.084, 4.835, 4841472, 2252488], [0.029, 0.082, 4841472, 2375], [2.549, 0.079, 4841472, 2375], [2.558, 0.095, 4841472, 2375], [2.553, 0.079, 4841472, 2375]]
echo 'race4fun' | sudo -S sh -c 'journalctl --since "2026-04-21 06:57:26.368739" --until "2026-04-21 06:58:24.891583" -k -o short-iso '| grep -i -E 'throttle|throttled|thermal|cpufreq|under-voltage|voltage'
