Code start -> moving to subprocess
[Gloo] Rank 0 is connected to 3 peer ranks. Expected number of connected peer ranks is : 3
Model resnet18 and split children
10 ['conv1', 'bn1', 'relu', 'maxpool', 'layer1']
[3, 3, 2, 2]
{'relu': <SplitPoint.END: 2>, 'layer2': <SplitPoint.END: 2>, 'layer4': <SplitPoint.END: 2>, 'fc': <SplitPoint.END: 2>}
4
2026-04-07 06:09:07.230672 Split done -> model sync start
2026-04-07 06:09:38.272788 Sync done -> model run start
2026-04-07 06:10:14.929024 Sync done -> model run start
2026-04-07 06:10:50.975747 Sync done -> model run start
2026-04-07 06:11:27.378350 Sync done -> model run start
2026-04-07 06:12:03.707810 Sync done -> model run start
2026-04-07 06:12:40.096149 Sync done -> model run start
2026-04-07 06:13:16.540949 Sync done -> model run start
2026-04-07 06:13:53.122086 Sync done -> model run start
2026-04-07 06:14:29.538403 Sync done -> model run start
2026-04-07 06:15:05.993272 Sync done -> model run start
2026-04-07 06:15:42.042143 Sync done -> model run start
2026-04-07 06:16:18.361729 Sync done -> model run start
2026-04-07 06:16:55.009743 Sync done -> model run start
2026-04-07 06:17:31.139677 Sync done -> model run start
2026-04-07 06:18:07.519951 Sync done -> model run start
2026-04-07 06:18:43.928049 Sync done -> model run start
2026-04-07 06:19:20.246476 Sync done -> model run start
2026-04-07 06:19:56.551037 Sync done -> model run start
2026-04-07 06:20:32.996805 Sync done -> model run start
2026-04-07 06:21:09.406349 Sync done -> model run start
2026-04-07 06:21:45.921734 Sync done -> model run start
2026-04-07 06:22:22.338217 Sync done -> model run start
2026-04-07 06:22:58.765369 Sync done -> model run start
2026-04-07 06:23:35.096056 Sync done -> model run start
2026-04-07 06:24:11.454694 Sync done -> model run start
2026-04-07 06:24:47.685853 Sync done -> model run start
2026-04-07 06:25:23.915161 Sync done -> model run start
2026-04-07 06:26:00.345692 Sync done -> model run start
2026-04-07 06:26:36.703715 Sync done -> model run start
2026-04-07 06:27:12.923942 Sync done -> model run start
2026-04-07 06:27:49.343274 Sync done -> model run start
rank 0 FLOP count: 472055808 and full time*10**9 s/op: 0.9965
Time taken by rank:0 in total(avg): 4.7039s Batch time sets raw:[[0.1545, 0.1545, 0.1971, 0.1971, 0.2015, 0.2015, 0.1424, 0.1424, 0.2066, 0.2066], [0.1643, 0.1643, 0.1562, 0.1562, 0.2011, 0.2011, 0.1817, 0.1817, 0.2069, 0.2069], [0.1651, 0.1651, 0.1551, 0.1551, 0.2155, 0.2155, 0.1904, 0.1904, 0.2278, 0.2278], [0.134, 0.134, 0.1697, 0.1697, 0.2147, 0.2147, 0.1455, 0.1455, 0.2054, 0.2054], [0.1392, 0.1392, 0.2689, 0.2689, 0.1999, 0.1999, 0.1427, 0.1427, 0.2166, 0.2166], [0.1648, 0.1648, 0.1637, 0.1637, 0.2019, 0.2019, 0.1442, 0.1442, 0.2084, 0.2084], [0.1654, 0.1654, 0.2392, 0.2392, 0.2215, 0.2215, 0.2011, 0.2011, 0.228, 0.228], [0.1452, 0.1452, 0.1404, 0.1404, 0.2028, 0.2028, 0.1493, 0.1493, 0.2075, 0.2075], [0.1563, 0.1563, 0.2358, 0.2358, 0.2024, 0.2024, 0.1675, 0.1675, 0.2086, 0.2086], [0.158, 0.158, 0.1935, 0.1935, 0.268, 0.268, 0.1436, 0.1436, 0.2256, 0.2256], [0.1583, 0.1583, 0.1997, 0.1997, 0.2638, 0.2638, 0.1507, 0.1507, 0.2094, 0.2094], [0.1397, 0.1397, 0.1498, 0.1498, 0.2026, 0.2026, 0.1323, 0.1323, 0.1977, 0.1977], [0.1889, 0.1889, 0.146, 0.146, 0.2182, 0.2182, 0.1271, 0.1271, 0.2017, 0.2017], [0.1509, 0.1509, 0.2083, 0.2083, 0.3123, 0.3123, 0.196, 0.196, 0.1973, 0.1973], [0.1608, 0.1608, 0.1522, 0.1522, 0.333, 0.333, 0.14, 0.14, 0.2068, 0.2068], [0.1684, 0.1684, 0.1731, 0.1731, 0.3421, 0.3421, 0.1445, 0.1445, 0.1978, 0.1978], [0.1879, 0.1879, 0.1857, 0.1857, 0.3048, 0.3048, 0.1374, 0.1374, 0.2066, 0.2066], [0.2809, 0.2809, 0.3181, 0.3181, 0.2411, 0.2411, 0.3251, 0.3251, 0.2593, 0.2593], [0.1869, 0.1869, 0.1997, 0.1997, 0.2153, 0.2153, 0.233, 0.233, 0.2118, 0.2118], [0.2014, 0.2014, 0.1351, 0.1351, 0.2624, 0.2624, 0.2506, 0.2506, 0.2121, 0.2121], [0.1503, 0.1503, 0.1457, 0.1457, 0.2453, 0.2453, 0.2311, 0.2311, 0.2016, 0.2016], [0.157, 0.157, 0.2148, 0.2148, 0.2432, 0.2432, 0.2225, 0.2225, 0.1984, 0.1984], [0.1955, 0.1955, 0.2456, 0.2456, 0.2405, 0.2405, 0.1735, 0.1735, 0.2201, 0.2201], [0.1668, 0.1668, 0.1648, 0.1648, 0.2112, 0.2112, 0.1263, 0.1263, 0.199, 0.199], [0.164, 0.164, 0.1472, 0.1472, 0.2364, 0.2364, 0.1279, 0.1279, 0.2232, 0.2232], [0.1452, 0.1452, 0.2098, 0.2098, 0.2017, 0.2017, 0.1397, 0.1397, 0.2024, 0.2024], [0.1443, 0.1443, 0.1346, 0.1346, 0.2017, 0.2017, 0.1556, 0.1556, 0.1976, 0.1976], [0.203, 0.203, 0.2197, 0.2197, 0.1304, 0.1304, 0.2037, 0.2037, 0.1607, 0.1607], [0.1752, 0.1752, 0.143, 0.143, 0.2563, 0.2563, 0.2333, 0.2333, 0.2328, 0.2328]] Network sets raw:[[0, 0, 0.1529, 0, 0.8534, 0, 1.0481, 0, 0.9446, 0.7527], [0, 0, 0.1526, 0, 0.9611, 0, 1.0431, 0, 0.9255, 0.7831], [0, 0, 0.1526, 0, 0.9203, 0, 0.9534, 0, 0.9547, 0.742], [0, 0, 0.1525, 0, 0.9537, 0, 1.0551, 0, 0.9554, 0.723], [0, 0, 0.1533, 0, 0.868, 0, 1.0354, 0, 1.044, 0.7639], [0, 0, 0.1516, 0, 0.9387, 0, 1.0123, 0, 0.9268, 0.7823], [0, 0, 0.1725, 0, 0.7042, 0, 0.8901, 0, 0.8571, 0.8879], [0, 0, 0.1531, 0, 0.9733, 0, 0.8108, 0, 0.7641, 0.9106], [0, 0, 0.1548, 0, 0.8098, 0, 1.0323, 0, 0.9048, 0.7767], [0, 0, 0.1542, 0, 0.9238, 0, 0.8334, 0, 1.0166, 0.8958], [0, 0, 0.1531, 0, 0.9349, 0, 0.8195, 0, 0.8973, 0.846], [0, 0, 0.1522, 0, 1.0173, 0, 0.9345, 0, 0.9265, 0.7648], [0, 0, 0.1544, 0, 1.0643, 0, 0.8785, 0, 0.9977, 0.8537], [0, 0, 0.1699, 0, 1.001, 0, 0.8109, 0, 0.9272, 0.8458], [0, 0, 0.1524, 0, 1.0771, 0, 0.8218, 0, 0.9122, 0.7403], [0, 0, 0.1536, 0, 1.078, 0, 0.7936, 0, 0.9769, 0.7757], [0, 0, 0.1521, 0, 1.015, 0, 0.7964, 0, 0.9714, 0.8195], [0, 0, 0.1741, 0, 0.6332, 0, 0.886, 0, 0.7868, 0.87], [0, 0, 0.1679, 0, 0.8201, 0, 0.8334, 0, 0.7641, 0.9108], [0, 0, 0.1544, 0, 0.9056, 0, 0.9035, 0, 0.7178, 0.8733], [0, 0, 0.1528, 0, 0.8669, 0, 0.9816, 0, 0.7126, 0.8965], [0, 0, 0.1538, 0, 0.797, 0, 1.0336, 0, 0.8032, 0.7781], [0, 0, 0.1743, 0, 0.7665, 0, 1.0391, 0, 0.9084, 0.7634], [0, 0, 0.1564, 0, 0.8636, 0, 0.9866, 0, 0.958, 0.8056], [0, 0, 0.1548, 0, 0.8777, 0, 0.972, 0, 0.9819, 0.7828], [0, 0, 0.1675, 0, 0.7865, 0, 0.9742, 0, 1.0004, 0.7949], [0, 0, 0.1528, 0, 0.9183, 0, 1.0395, 0, 0.969, 0.7731], [0, 0, 0.1691, 0, 0.8411, 0, 1.0757, 0, 0.7721, 0.9275], [0, 0, 0.153, 0, 0.9313, 0, 0.9827, 0, 0.7875, 0.8404]] bytes sent:[[6422528], [6422528], [6422528], [6422528], [6422528]] bytes recv:1204224 on avg per image: 0.4704s with std: 0.0091s network time: 0.3714s and network std: 0.4298s network time per img: 0.0371 compute time: 0.4333s compute/network ratio: 1.1667 and throughput 2.1259 img/s
