Code start -> moving to subprocess
[Gloo] Rank 3 is connected to 3 peer ranks. Expected number of connected peer ranks is : 3
Model resnet18 and split children
10 ['conv1', 'bn1', 'relu', 'maxpool', 'layer1']
[3, 3, 2, 2]
{'relu': <SplitPoint.END: 2>, 'layer2': <SplitPoint.END: 2>, 'layer4': <SplitPoint.END: 2>, 'fc': <SplitPoint.END: 2>}
4
2026-04-07 06:09:05.150848 Split done -> model sync start
2026-04-07 06:09:38.271507 Sync done -> model run start
2026-04-07 06:10:14.927928 Sync done -> model run start
2026-04-07 06:10:50.974823 Sync done -> model run start
2026-04-07 06:11:27.377224 Sync done -> model run start
2026-04-07 06:12:03.706609 Sync done -> model run start
2026-04-07 06:12:40.095024 Sync done -> model run start
2026-04-07 06:13:16.539894 Sync done -> model run start
2026-04-07 06:13:53.120975 Sync done -> model run start
2026-04-07 06:14:29.537235 Sync done -> model run start
2026-04-07 06:15:05.992248 Sync done -> model run start
2026-04-07 06:15:42.041004 Sync done -> model run start
2026-04-07 06:16:18.361005 Sync done -> model run start
2026-04-07 06:16:55.009123 Sync done -> model run start
2026-04-07 06:17:31.139304 Sync done -> model run start
2026-04-07 06:18:07.519704 Sync done -> model run start
2026-04-07 06:18:43.926586 Sync done -> model run start
2026-04-07 06:19:20.246499 Sync done -> model run start
2026-04-07 06:19:56.551261 Sync done -> model run start
2026-04-07 06:20:32.996974 Sync done -> model run start
2026-04-07 06:21:09.411173 Sync done -> model run start
2026-04-07 06:21:45.920494 Sync done -> model run start
2026-04-07 06:22:22.338923 Sync done -> model run start
2026-04-07 06:22:58.766265 Sync done -> model run start
2026-04-07 06:23:35.097060 Sync done -> model run start
2026-04-07 06:24:11.455816 Sync done -> model run start
2026-04-07 06:24:47.686756 Sync done -> model run start
2026-04-07 06:25:23.916632 Sync done -> model run start
2026-04-07 06:26:00.347588 Sync done -> model run start
2026-04-07 06:26:36.705260 Sync done -> model run start
2026-04-07 06:27:12.925188 Sync done -> model run start
2026-04-07 06:27:49.344570 Sync done -> model run start
rank 3 FLOP count: 2048000 and full time*10**9 s/op: 309.5863
Time taken by rank:3 in total(avg): 6.3403s Batch time sets raw:[[0.0106, 0.0106, 0.0106, 0.0105, 0.0091], [0.0105, 0.0106, 0.0107, 0.0106, 0.0091], [0.0105, 0.0081, 0.0097, 0.0108, 0.0147], [0.0105, 0.0106, 0.0091, 0.009, 0.0091], [0.0106, 0.0139, 0.0099, 0.0105, 0.0098], [0.0105, 0.0106, 0.0112, 0.0085, 0.0117], [0.0115, 0.0082, 0.0098, 0.0106, 0.0118], [0.009, 0.0107, 0.0096, 0.0106, 0.0098], [0.0105, 0.0084, 0.011, 0.0107, 0.0107], [0.0106, 0.0107, 0.0107, 0.0105, 0.0105], [0.0105, 0.0093, 0.0104, 0.0107, 0.0099], [0.0106, 0.0106, 0.0094, 0.0106, 0.0107], [0.0107, 0.0075, 0.0069, 0.0068, 0.0069], [0.0143, 0.0105, 0.0107, 0.0105, 0.0092], [0.0105, 0.0106, 0.0086, 0.0097, 0.0092], [0.0105, 0.0106, 0.0091, 0.009, 0.0106], [0.0108, 0.0179, 0.0162, 0.0091, 0.0107], [0.0097, 0.0096, 0.0091, 0.0106, 0.0105], [0.0091, 0.0092, 0.0111, 0.0106, 0.0107], [0.0134, 0.0171, 0.0151, 0.0121, 0.0106], [0.0098, 0.0092, 0.0096, 0.0099, 0.0091], [0.0111, 0.009, 0.0106, 0.0105, 0.0106], [0.0161, 0.0117, 0.0194, 0.0105, 0.0105], [0.0106, 0.0097, 0.0106, 0.009, 0.009], [0.0106, 0.0107, 0.0105, 0.0108, 0.0104], [0.0142, 0.0105, 0.0097, 0.0096, 0.0107], [0.0105, 0.0107, 0.0111, 0.0085, 0.0106], [0.008, 0.009, 0.0093, 0.0096, 0.0101], [0.0128, 0.009, 0.0096, 0.0106, 0.0107]] Network sets raw:[[1.7282, 1.5858, 1.1783, 0.9354, 0.8829], [1.8147, 1.5607, 1.0091, 1.0598, 0.7962], [1.8786, 1.4191, 0.8212, 1.3307, 0.8491], [1.8641, 1.52, 0.8285, 1.1845, 0.9614], [1.8472, 1.698, 0.7034, 1.3249, 0.9165], [1.823, 1.7224, 0.5542, 1.2451, 0.9854], [1.7587, 1.5541, 0.7787, 1.092, 1.1817], [1.7857, 1.5508, 0.7624, 1.0208, 0.8418], [1.7873, 1.4917, 1.0381, 0.9489, 0.9666], [1.7621, 1.5855, 1.0256, 1.0229, 1.1617], [1.9156, 1.423, 0.8624, 1.0015, 0.8388], [1.935, 1.5165, 0.8967, 0.7812, 1.1596], [1.9775, 1.5054, 0.5876, 1.3941, 0.8636], [1.9526, 1.5047, 0.9599, 1.0616, 0.7474], [2.0691, 1.3912, 0.5842, 1.2981, 0.8756], [1.9494, 1.5669, 0.7149, 1.29, 0.8196], [1.9752, 1.3829, 0.8165, 1.2767, 0.8543], [1.9698, 1.1958, 1.148, 0.8028, 1.3212], [1.8317, 1.2243, 1.0983, 0.9992, 1.1766], [2.0238, 1.0772, 1.0773, 0.9587, 1.1853], [1.9343, 1.2271, 0.9556, 0.9811, 1.1481], [1.9638, 1.325, 1.0206, 0.8131, 1.1478], [1.8236, 1.4468, 0.8328, 1.268, 0.7552], [1.8139, 1.4536, 1.2134, 0.9063, 0.7545], [2.0056, 1.2734, 0.8654, 1.241, 0.9557], [1.8502, 1.4081, 0.832, 1.2481, 0.9276], [1.9056, 1.4442, 0.7932, 1.2791, 0.711], [1.9697, 1.2164, 1.3074, 0.8258, 1.0178], [1.8912, 1.3824, 1.1359, 0.8424, 1.1133]] bytes sent:[] bytes recv:200704 on avg per image: 0.6340s with std: 0.0121s network time: 1.2566s and network std: 0.3992s network time per img: 0.1257 compute time: 0.5084s compute/network ratio: 0.4045 and throughput 1.5772 img/s
