Code start -> moving to subprocess
[Gloo] Rank 1 is connected to 3 peer ranks. Expected number of connected peer ranks is : 3
Model resnet18 and split children
10 ['conv1', 'bn1', 'relu', 'maxpool', 'layer1']
[3, 3, 2, 2]
{'relu': <SplitPoint.END: 2>, 'layer2': <SplitPoint.END: 2>, 'layer4': <SplitPoint.END: 2>, 'fc': <SplitPoint.END: 2>}
4
2026-04-07 06:09:07.029440 Split done -> model sync start
2026-04-07 06:09:38.272797 Sync done -> model run start
2026-04-07 06:10:14.929206 Sync done -> model run start
2026-04-07 06:10:50.976090 Sync done -> model run start
2026-04-07 06:11:27.378758 Sync done -> model run start
2026-04-07 06:12:03.707758 Sync done -> model run start
2026-04-07 06:12:40.096291 Sync done -> model run start
2026-04-07 06:13:16.541128 Sync done -> model run start
2026-04-07 06:13:53.122189 Sync done -> model run start
2026-04-07 06:14:29.538707 Sync done -> model run start
2026-04-07 06:15:05.993515 Sync done -> model run start
2026-04-07 06:15:42.042365 Sync done -> model run start
2026-04-07 06:16:18.362082 Sync done -> model run start
2026-04-07 06:16:55.009722 Sync done -> model run start
2026-04-07 06:17:31.140039 Sync done -> model run start
2026-04-07 06:18:07.520200 Sync done -> model run start
2026-04-07 06:18:43.927010 Sync done -> model run start
2026-04-07 06:19:20.246667 Sync done -> model run start
2026-04-07 06:19:56.551347 Sync done -> model run start
2026-04-07 06:20:32.997098 Sync done -> model run start
2026-04-07 06:21:09.409301 Sync done -> model run start
2026-04-07 06:21:45.920069 Sync done -> model run start
2026-04-07 06:22:22.338484 Sync done -> model run start
2026-04-07 06:22:58.765874 Sync done -> model run start
2026-04-07 06:23:35.096383 Sync done -> model run start
2026-04-07 06:24:11.455064 Sync done -> model run start
2026-04-07 06:24:47.686161 Sync done -> model run start
2026-04-07 06:25:23.915666 Sync done -> model run start
2026-04-07 06:26:00.346468 Sync done -> model run start
2026-04-07 06:26:36.704342 Sync done -> model run start
2026-04-07 06:27:12.924091 Sync done -> model run start
2026-04-07 06:27:49.343487 Sync done -> model run start
rank 1 FLOP count: 3493855232 and full time*10**9 s/op: 0.1601
Time taken by rank:1 in total(avg): 5.5941s Batch time sets raw:[[0.827, 0.827, 1.0444, 1.0444, 0.8607, 0.8607, 0.7583, 0.7583, 0.9051, 0.9051], [0.8931, 0.8931, 1.0439, 1.0439, 0.8801, 0.8801, 0.789, 0.789, 0.7924, 0.7924], [0.8454, 0.8454, 0.9631, 0.9631, 0.9188, 0.9188, 0.7659, 0.7659, 0.8211, 0.8211], [0.8994, 0.8994, 1.0634, 1.0634, 0.8765, 0.8765, 0.7149, 0.7149, 0.8371, 0.8371], [0.922, 0.922, 1.0153, 1.0153, 0.9601, 0.9601, 0.7781, 0.7781, 0.8383, 0.8383], [0.8743, 0.8743, 1.011, 1.011, 0.8462, 0.8462, 0.773, 0.773, 0.8288, 0.8288], [0.7261, 0.7261, 0.9094, 0.9094, 0.8251, 0.8251, 0.8992, 0.8992, 0.9098, 0.9098], [0.8837, 0.8837, 0.8081, 0.8081, 0.7051, 0.7051, 0.886, 0.886, 0.8884, 0.8884], [0.8189, 0.8189, 1.0319, 1.0319, 0.8418, 0.8418, 0.7794, 0.7794, 0.7534, 0.7534], [0.8943, 0.8943, 0.8923, 0.8923, 0.9324, 0.9324, 0.9163, 0.9163, 0.8595, 0.8595], [0.9097, 0.9097, 0.8782, 0.8782, 0.8233, 0.8233, 0.8495, 0.8495, 0.9431, 0.9431], [0.9441, 0.9441, 0.9315, 0.9315, 0.8354, 0.8354, 0.7592, 0.7592, 0.8074, 0.8074], [0.9841, 0.9841, 0.8923, 0.8923, 0.9014, 0.9014, 0.849, 0.849, 0.8351, 0.8351], [0.9908, 0.9908, 0.9209, 0.9209, 0.8983, 0.8983, 0.8397, 0.8397, 0.7844, 0.7844], [1.0158, 1.0158, 0.9415, 0.9415, 0.8276, 0.8276, 0.7355, 0.7355, 0.8197, 0.8197], [1.0257, 1.0257, 0.9312, 0.9312, 0.8972, 0.8972, 0.7651, 0.7651, 0.834, 0.834], [0.977, 0.977, 0.8958, 0.8958, 0.8794, 0.8794, 0.8079, 0.8079, 0.8446, 0.8446], [0.7361, 0.7361, 0.9012, 0.9012, 0.8993, 0.8993, 0.9045, 0.9045, 0.8864, 0.8864], [0.78, 0.78, 0.8358, 0.8358, 0.7749, 0.7749, 0.9156, 0.9156, 0.881, 0.881], [0.811, 0.811, 0.9684, 0.9684, 0.7407, 0.7407, 0.8784, 0.8784, 0.9122, 0.9122], [0.7887, 0.7887, 1.0209, 1.0209, 0.716, 0.716, 0.8908, 0.8908, 0.8461, 0.8461], [0.7859, 0.7859, 1.0674, 1.0674, 0.8011, 0.8011, 0.7737, 0.7737, 0.8267, 0.8267], [0.7917, 0.7917, 1.0784, 1.0784, 0.8545, 0.8545, 0.7769, 0.7769, 0.8727, 0.8727], [0.8087, 0.8087, 0.9898, 0.9898, 0.8607, 0.8607, 0.8009, 0.8009, 0.8788, 0.8788], [0.797, 0.797, 1.0024, 1.0024, 0.8831, 0.8831, 0.8007, 0.8007, 0.8966, 0.8966], [0.7735, 0.7735, 0.9722, 0.9722, 0.9151, 0.9151, 0.7889, 0.7889, 0.8899, 0.8899], [0.8263, 0.8263, 1.0393, 1.0393, 0.8959, 0.8959, 0.7574, 0.7574, 0.8378, 0.8378], [0.8415, 0.8415, 0.9897, 0.9897, 0.7618, 0.7618, 0.8666, 0.8666, 0.828, 0.828], [0.8497, 0.8497, 1.0367, 1.0367, 0.7912, 0.7912, 0.8671, 0.8671, 0.8768, 0.8768]] Network sets raw:[[0.3445, 0, 0.2183, 0, 0.2042, 0, 0.2164, 0, 0.2038, 0.0107], [0.353, 0, 0.2168, 0, 0.2054, 0, 0.2159, 0, 0.2046, 0.004], [0.355, 0, 0.2218, 0, 0.2085, 0, 0.2168, 0, 0.2057, 0.0036], [0.3221, 0, 0.2191, 0, 0.2065, 0, 0.2171, 0, 0.2103, 0.0035], [0.3291, 0, 0.2162, 0, 0.2121, 0, 0.2197, 0, 0.2022, 0.0039], [0.3539, 0, 0.2203, 0, 0.2048, 0, 0.2193, 0, 0.217, 0.0043], [0.3707, 0, 0.217, 0, 0.2063, 0, 0.2252, 0, 0.2117, 0.0036], [0.3335, 0, 0.2248, 0, 0.2071, 0, 0.2148, 0, 0.2184, 0.0043], [0.3474, 0, 0.2191, 0, 0.2067, 0, 0.2192, 0, 0.2061, 0.0036], [0.3487, 0, 0.2172, 0, 0.2072, 0, 0.2212, 0, 0.2078, 0.0033], [0.3482, 0, 0.2178, 0, 0.2073, 0, 0.2178, 0, 0.2059, 0.0037], [0.3282, 0, 0.2166, 0, 0.2064, 0, 0.2168, 0, 0.2044, 0.002], [0.3789, 0, 0.2204, 0, 0.2056, 0, 0.2175, 0, 0.2071, 0.0172], [0.3534, 0, 0.2185, 0, 0.2066, 0, 0.2169, 0, 0.2036, 0.0029], [0.3496, 0, 0.2164, 0, 0.2049, 0, 0.2165, 0, 0.2126, 0.0035], [0.358, 0, 0.2193, 0, 0.2057, 0, 0.2157, 0, 0.2087, 0.0042], [0.3779, 0, 0.2178, 0, 0.2038, 0, 0.219, 0, 0.2172, 0.0035], [0.4824, 0, 0.217, 0, 0.2205, 0, 0.2158, 0, 0.2169, 0.0036], [0.3917, 0, 0.237, 0, 0.2109, 0, 0.2175, 0, 0.2092, 0.0031], [0.3922, 0, 0.2196, 0, 0.2054, 0, 0.2161, 0, 0.209, 0.0036], [0.3386, 0, 0.2185, 0, 0.2063, 0, 0.2191, 0, 0.2077, 0.0035], [0.3477, 0, 0.2195, 0, 0.212, 0, 0.2199, 0, 0.2046, 0.004], [0.4029, 0, 0.2183, 0, 0.2044, 0, 0.2156, 0, 0.2087, 0.0038], [0.3579, 0, 0.2181, 0, 0.2065, 0, 0.2176, 0, 0.2056, 0.0037], [0.3545, 0, 0.2201, 0, 0.2088, 0, 0.2194, 0, 0.2048, 0.005], [0.3466, 0, 0.2181, 0, 0.2044, 0, 0.218, 0, 0.2083, 0.0036], [0.3329, 0, 0.2184, 0, 0.2052, 0, 0.2176, 0, 0.2124, 0.014], [0.4057, 0, 0.2152, 0, 0.2164, 0, 0.2114, 0, 0.2191, 0.0041], [0.367, 0, 0.2187, 0, 0.205, 0, 0.2196, 0, 0.2078, 0.015]] bytes sent:[[802816], [802816], [802816], [802816], [802816]] bytes recv:6422528 on avg per image: 0.5594s with std: 0.0085s network time: 0.1220s and network std: 0.1284s network time per img: 0.0122 compute time: 0.5472s compute/network ratio: 4.4870 and throughput 1.7876 img/s
