Code start -> moving to subprocess
[Gloo] Rank 2 is connected to 3 peer ranks. Expected number of connected peer ranks is : 3
Model resnet18 and split children
10 ['conv1', 'bn1', 'relu', 'maxpool', 'layer1']
[3, 3, 2, 2]
{'relu': <SplitPoint.END: 2>, 'layer2': <SplitPoint.END: 2>, 'layer4': <SplitPoint.END: 2>, 'fc': <SplitPoint.END: 2>}
4
2026-04-07 06:09:07.037593 Split done -> model sync start
2026-04-07 06:09:38.272195 Sync done -> model run start
2026-04-07 06:10:14.928436 Sync done -> model run start
2026-04-07 06:10:50.975041 Sync done -> model run start
2026-04-07 06:11:27.377425 Sync done -> model run start
2026-04-07 06:12:03.707048 Sync done -> model run start
2026-04-07 06:12:40.095342 Sync done -> model run start
2026-04-07 06:13:16.540170 Sync done -> model run start
2026-04-07 06:13:53.121285 Sync done -> model run start
2026-04-07 06:14:29.537470 Sync done -> model run start
2026-04-07 06:15:05.992159 Sync done -> model run start
2026-04-07 06:15:42.040689 Sync done -> model run start
2026-04-07 06:16:18.360611 Sync done -> model run start
2026-04-07 06:16:55.008410 Sync done -> model run start
2026-04-07 06:17:31.138499 Sync done -> model run start
2026-04-07 06:18:07.518720 Sync done -> model run start
2026-04-07 06:18:43.926872 Sync done -> model run start
2026-04-07 06:19:20.245055 Sync done -> model run start
2026-04-07 06:19:56.549740 Sync done -> model run start
2026-04-07 06:20:32.995145 Sync done -> model run start
2026-04-07 06:21:09.405226 Sync done -> model run start
2026-04-07 06:21:45.919969 Sync done -> model run start
2026-04-07 06:22:22.336607 Sync done -> model run start
2026-04-07 06:22:58.764012 Sync done -> model run start
2026-04-07 06:23:35.094634 Sync done -> model run start
2026-04-07 06:24:11.453203 Sync done -> model run start
2026-04-07 06:24:47.684130 Sync done -> model run start
2026-04-07 06:25:23.913658 Sync done -> model run start
2026-04-07 06:26:00.344249 Sync done -> model run start
2026-04-07 06:26:36.702146 Sync done -> model run start
2026-04-07 06:27:12.922175 Sync done -> model run start
2026-04-07 06:27:49.341532 Sync done -> model run start
rank 2 FLOP count: 3288334336 and full time*10**9 s/op: 0.1923
Time taken by rank:2 in total(avg): 6.3249s Batch time sets raw:[[0.5101, 0.5101, 0.8448, 0.8448, 0.9617, 0.9617, 0.9057, 0.9057, 0.7232, 0.7232], [0.5243, 0.5243, 0.8308, 0.8308, 0.7656, 0.7656, 0.8265, 0.8265, 0.6385, 0.6385], [0.6354, 0.6354, 0.8785, 0.8785, 0.5771, 0.5771, 0.9305, 0.9305, 0.7643, 0.7643], [0.6006, 0.6006, 0.8445, 0.8445, 0.5986, 0.5986, 0.8546, 0.8546, 0.7827, 0.7827], [0.5497, 0.5497, 1.0264, 1.0264, 0.57, 0.57, 0.9029, 0.9029, 0.7923, 0.7923], [0.5501, 0.5501, 1.0484, 1.0484, 0.5293, 0.5293, 0.8262, 0.8262, 0.7758, 0.7758], [0.6157, 0.6157, 1.0552, 1.0552, 0.749, 0.749, 0.7855, 0.7855, 0.8556, 0.8556], [0.5256, 0.5256, 1.0499, 1.0499, 0.7316, 0.7316, 0.8392, 0.8392, 0.5852, 0.5852], [0.5768, 0.5768, 0.8268, 0.8268, 0.8205, 0.8205, 0.7764, 0.7764, 0.797, 0.797], [0.4753, 0.4753, 0.9585, 0.9585, 0.8528, 0.8528, 0.7447, 0.7447, 0.8528, 0.8528], [0.6146, 0.6146, 0.9509, 0.9509, 0.7883, 0.7883, 0.7295, 0.7295, 0.4323, 0.4323], [0.6182, 0.6182, 0.9969, 0.9969, 0.8602, 0.8602, 0.6694, 0.6694, 0.8328, 0.8328], [0.5712, 0.5712, 0.9736, 0.9736, 0.4605, 0.4605, 0.7899, 0.7899, 0.6204, 0.6204], [0.5638, 0.5638, 0.9427, 0.9427, 0.8067, 0.8067, 0.8174, 0.8174, 0.5934, 0.5934], [0.6602, 0.6602, 0.9006, 0.9006, 0.4646, 0.4646, 0.8135, 0.8135, 0.6697, 0.6697], [0.522, 0.522, 0.9469, 0.9469, 0.5679, 0.5679, 0.8805, 0.8805, 0.6708, 0.6708], [0.577, 0.577, 0.8558, 0.8558, 0.6039, 0.6039, 0.8654, 0.8654, 0.6677, 0.6677], [0.7115, 0.7115, 0.7945, 0.7945, 0.8301, 0.8301, 0.5204, 0.5204, 0.7497, 0.7497], [0.6162, 0.6162, 0.776, 0.776, 0.8936, 0.8936, 0.7682, 0.7682, 0.8686, 0.8686], [0.7764, 0.7764, 0.677, 0.677, 0.8221, 0.8221, 0.6998, 0.6998, 0.7769, 0.7769], [0.7649, 0.7649, 0.759, 0.759, 0.7948, 0.7948, 0.6743, 0.6743, 0.7803, 0.7803], [0.7878, 0.7878, 0.834, 0.834, 0.8455, 0.8455, 0.6739, 0.6739, 0.8058, 0.8058], [0.5857, 0.5857, 0.7501, 0.7501, 0.5321, 0.5321, 0.8232, 0.8232, 0.5103, 0.5103], [0.6032, 0.6032, 0.8575, 0.8575, 1.0095, 1.0095, 0.8769, 0.8769, 0.5889, 0.5889], [0.812, 0.812, 0.8717, 0.8717, 0.6474, 0.6474, 0.8793, 0.8793, 0.7462, 0.7462], [0.6872, 0.6872, 0.9147, 0.9147, 0.6369, 0.6369, 0.8844, 0.8844, 0.7243, 0.7243], [0.7034, 0.7034, 0.8985, 0.8985, 0.596, 0.596, 0.9078, 0.9078, 0.5799, 0.5799], [0.679, 0.679, 0.6983, 0.6983, 1.0326, 1.0326, 0.786, 0.786, 0.7686, 0.7686], [0.6297, 0.6297, 0.7714, 0.7714, 0.915, 0.915, 0.6775, 0.6775, 0.7178, 0.7178]] Network sets raw:[[1.2092, 0, 0.7501, 0, 0.2232, 0, 0.0395, 0, 0.1685, 0.002], [1.2819, 0, 0.7388, 0, 0.2523, 0, 0.2418, 0, 0.1667, 0.0021], [1.2335, 0, 0.5504, 0, 0.2505, 0, 0.408, 0, 0.0934, 0.0024], [1.2541, 0, 0.6849, 0, 0.2375, 0, 0.3371, 0, 0.1853, 0.0029], [1.2884, 0, 0.68, 0, 0.1464, 0, 0.4291, 0, 0.1329, 0.0021], [1.2638, 0, 0.6807, 0, 0.036, 0, 0.4279, 0, 0.2155, 0.0021], [1.1337, 0, 0.5079, 0, 0.0369, 0, 0.3127, 0, 0.3348, 0.0032], [1.252, 0, 0.5071, 0, 0.0407, 0, 0.1898, 0, 0.2662, 0.0021], [1.2016, 0, 0.6744, 0, 0.2227, 0, 0.1823, 0, 0.179, 0.0022], [1.2779, 0, 0.6358, 0, 0.1814, 0, 0.2862, 0, 0.3178, 0.002], [1.2916, 0, 0.4819, 0, 0.081, 0, 0.2811, 0, 0.4161, 0.003], [1.3081, 0, 0.5291, 0, 0.0451, 0, 0.1186, 0, 0.3317, 0.0022], [1.3976, 0, 0.5426, 0, 0.1333, 0, 0.607, 0, 0.2473, 0.0021], [1.3777, 0, 0.5757, 0, 0.161, 0, 0.2525, 0, 0.163, 0.0021], [1.4002, 0, 0.4996, 0, 0.1295, 0, 0.4896, 0, 0.2132, 0.0022], [1.4185, 0, 0.6293, 0, 0.1561, 0, 0.4146, 0, 0.1555, 0.0021], [1.3892, 0, 0.5378, 0, 0.2284, 0, 0.4245, 0, 0.1931, 0.0024], [1.2533, 0, 0.4095, 0, 0.3254, 0, 0.2897, 0, 0.5807, 0.0013], [1.2048, 0, 0.4561, 0, 0.2115, 0, 0.2403, 0, 0.3169, 0.0027], [1.2369, 0, 0.4124, 0, 0.2708, 0, 0.272, 0, 0.4174, 0.0023], [1.16, 0, 0.4712, 0, 0.1651, 0, 0.3132, 0, 0.3759, 0.002], [1.167, 0, 0.5005, 0, 0.1821, 0, 0.1468, 0, 0.3505, 0.0028], [1.229, 0, 0.7123, 0, 0.311, 0, 0.4623, 0, 0.2531, 0.0022], [1.2019, 0, 0.6051, 0, 0.2109, 0, 0.0378, 0, 0.1721, 0.0021], [1.1851, 0, 0.4107, 0, 0.2242, 0, 0.3695, 0, 0.2181, 0.0021], [1.1549, 0, 0.506, 0, 0.2036, 0, 0.3713, 0, 0.2101, 0.0027], [1.1937, 0, 0.555, 0, 0.2051, 0, 0.3808, 0, 0.1379, 0.0019], [1.2817, 0, 0.5249, 0, 0.2818, 0, 0.0466, 0, 0.2568, 0.0024], [1.2526, 0, 0.6229, 0, 0.2275, 0, 0.1722, 0, 0.4045, 0.002]] bytes sent:[[200704], [200704], [200704], [200704], [200704]] bytes recv:802816 on avg per image: 0.6325s with std: 0.0121s network time: 0.2564s and network std: 0.3855s network time per img: 0.0256 compute time: 0.6068s compute/network ratio: 2.3667 and throughput 1.5811 img/s
