ALL SYNC
2026-04-21 13:39:27.398847 Sync done -> model run start
2026-04-21 13:39:27.398845 Sync done -> model run start
2026-04-21 13:39:27.398845 Sync done -> model run start
2026-04-21 13:39:27.398849 Sync done -> model run start
0 0.128 [0.034658972872421145, 0.028635829919949174, 0.02292945492081344, 0.02097691409289837, 0.020611135056242347]
3 0.129 [0.03466444183140993, 0.030118998140096664, 0.021257692947983742, 0.02114295493811369, 0.02178170089609921]
1 0.128 [0.03465991001576185, 0.02863541292026639, 0.02113217394798994, 0.022188521921634674, 0.021463733864948153]
2 0.128 [0.03465876402333379, 0.02864155895076692, 0.022911539068445563, 0.02105347695760429, 0.020796603057533503]
2026-04-21 13:39:30.505718 Sync done -> model run start
2026-04-21 13:39:30.562309 Sync done -> model run start
2026-04-21 13:39:30.661793 Sync done -> model run start
2026-04-21 13:39:30.708149 Sync done -> model run start
1 0.084 [0.01924478798173368, 0.023857210064306855, 0.015956421149894595, 0.012882272014394403, 0.01205258909612894]
0 0.073 [0.022088470868766308, 0.01805995195172727, 0.010824940167367458, 0.010905981063842773, 0.011179052060469985]
2 0.058 [0.018362085102126002, 0.013277426129207015, 0.007492354139685631, 0.008033809019252658, 0.010133328847587109]
3 0.053 [0.014785387087613344, 0.015263820998370647, 0.008757659932598472, 0.006861940957605839, 0.006928972201421857]
2026-04-21 13:39:34.255072 Sync done -> model run start
2026-04-21 13:39:34.308914 Sync done -> model run start
2026-04-21 13:39:34.393987 Sync done -> model run start
2026-04-21 13:39:34.470461 Sync done -> model run start
0 0.08 [0.024571269052103162, 0.0168203751090914, 0.011819724924862385, 0.013414873043075204, 0.013155186781659722]
1 0.093 [0.02808692608959973, 0.017429797910153866, 0.01567199593409896, 0.017568442970514297, 0.013578517828136683]
2 0.071 [0.026847402099519968, 0.016564490972086787, 0.012255660956725478, 0.00782927917316556, 0.007635374087840319]
2026-04-21 13:39:37.842996 Sync done -> model run start
2026-04-21 13:39:37.901275 Sync done -> model run start
2026-04-21 13:39:37.988254 Sync done -> model run start
2026-04-21 13:39:38.052260 Sync done -> model run start
0 0.079 [0.02440783311612904, 0.017597506055608392, 0.01096473098732531, 0.013163103954866529, 0.012871022103354335]
1 0.082 [0.02121983002871275, 0.021692430833354592, 0.013148728059604764, 0.012682689120993018, 0.01273519010283053]
2 0.064 [0.020536082796752453, 0.019434110028669238, 0.00852406700141728, 0.0076063640881329775, 0.007684436859562993]
3 0.049 [0.014256796101108193, 0.012780189048498869, 0.007224282948300242, 0.00690449308604002, 0.007167354924604297]
2026-04-21 13:39:41.493070 Sync done -> model run start
2026-04-21 13:39:41.553558 Sync done -> model run start
2026-04-21 13:39:41.654420 Sync done -> model run start
2026-04-21 13:39:41.701552 Sync done -> model run start
0 0.077 [0.020595196867361665, 0.016231055138632655, 0.012937531806528568, 0.012236806098371744, 0.014308982994407415]
1 0.084 [0.027763335034251213, 0.018511146074160933, 0.013188624056056142, 0.012410660041496158, 0.012052275938913226]
2 0.067 [0.02658229903317988, 0.011914985021576285, 0.008569223107770085, 0.009857549099251628, 0.009535623015835881]
3 0.058 [0.019298382103443146, 0.013669403037056327, 0.010824783006682992, 0.006967253051698208, 0.006800796138122678]
2026-04-21 13:39:43.175935 Sync done -> model run start
net_times: [[5.807, 1.395, 3211264, 802816], [1.355, 1.862, 3211264, 802816], [1.421, 1.514, 3211264, 802816], [1.591, 1.481, 3211264, 802816], [1.699, 1.316, 3211264, 802816]]
echo 'race4fun' | sudo -S sh -c 'journalctl --since "2026-04-21 13:39:21.089952" --until "2026-04-21 13:39:43.175935" -k -o short-iso '| grep -i -E 'throttle|throttled|thermal|cpufreq|under-voltage|voltage'
