ALL SYNC
2026-04-21 13:38:37.901091 Sync done -> model run start
2026-04-21 13:38:37.901088 Sync done -> model run start
2026-04-21 13:38:37.901234 Sync done -> model run start
2026-04-21 13:38:37.901309 Sync done -> model run start
0 2.645 [0.5572267810348421, 0.5167206779588014, 0.5292808411177248, 0.5203617070801556, 0.521217537112534]
1 2.656 [0.5583277670666575, 0.5171768220607191, 0.5322832779493183, 0.5232116968836635, 0.5246979407966137]
3 2.727 [0.5581215689890087, 0.5105175760108978, 0.5246830449905246, 0.5230513319838792, 0.610346901929006]
2 2.905 [0.5574030820280313, 0.603408123832196, 0.6399992408696562, 0.6224961800035089, 0.48155809799209237]
2026-04-21 13:38:41.217766 Sync done -> model run start
2026-04-21 13:38:41.237722 Sync done -> model run start
2026-04-21 13:38:41.247333 Sync done -> model run start
2026-04-21 13:38:41.259401 Sync done -> model run start
1 2.593 [0.5273593899328262, 0.5071897238958627, 0.5069616509135813, 0.5252164290286601, 0.525808562990278]
3 2.75 [0.5122880379203707, 0.5079789909068495, 0.5101205459795892, 0.6447486011311412, 0.5748785408213735]
0 2.662 [0.5232776862103492, 0.5064243611413985, 0.5479904608801007, 0.5254796571098268, 0.5584532881621271]
2026-04-21 13:38:44.723896 Sync done -> model run start
2026-04-21 13:38:44.725614 Sync done -> model run start
2026-04-21 13:38:44.737410 Sync done -> model run start
2026-04-21 13:38:44.755595 Sync done -> model run start
3 2.546 [0.4986135580111295, 0.4896227039862424, 0.4885332288686186, 0.5479156710207462, 0.5212955588940531]
0 2.682 [0.54695317405276, 0.48784864810295403, 0.5336160860024393, 0.5540464820805937, 0.559801721945405]
1 2.558 [0.49999730195850134, 0.4914295731578022, 0.4878663569688797, 0.5515817510895431, 0.527340275933966]
2 2.702 [0.4981739241629839, 0.4897609851323068, 0.4882554179057479, 0.6371767530217767, 0.5883660968393087]
2026-04-21 13:38:48.184776 Sync done -> model run start
2026-04-21 13:38:48.192028 Sync done -> model run start
2026-04-21 13:38:48.196432 Sync done -> model run start
2026-04-21 13:38:48.212272 Sync done -> model run start
0 2.511 [0.49918584804981947, 0.49084218009375036, 0.48810161696746945, 0.5106197649147362, 0.5221359729766846]
2 2.517 [0.5005956857930869, 0.4919370198622346, 0.4895152049139142, 0.5136113159824163, 0.5207375918980688]
1 2.612 [0.5465430719777942, 0.4912862409837544, 0.5190444220788777, 0.5286487101111561, 0.5259937709197402]
3 2.662 [0.5004291241057217, 0.4908525438513607, 0.4881979711353779, 0.5977642918005586, 0.5850118389353156]
2026-04-21 13:38:51.699170 Sync done -> model run start
2026-04-21 13:38:51.719851 Sync done -> model run start
2026-04-21 13:38:51.721366 Sync done -> model run start
2026-04-21 13:38:51.754192 Sync done -> model run start
2 2.472 [0.5037338009569794, 0.4919337921310216, 0.4918546772096306, 0.490785411093384, 0.49326394288800657]
1 2.517 [0.5146190209779888, 0.5039328630082309, 0.49967027409002185, 0.49974652379751205, 0.4982704871799797]
0 2.486 [0.51151736616157, 0.494929718086496, 0.49391487799584866, 0.4922149879857898, 0.49358706711791456]
2026-04-21 13:38:54.381324 Sync done -> model run start
net_times: [[2.78, 0.0, 802816, 0], [0.002, 0.0, 802816, 0], [0.321, 0.0, 802816, 0], [0.353, 0.0, 802816, 0], [0.394, 0.0, 802816, 0]]
echo 'race4fun' | sudo -S sh -c 'journalctl --since "2026-04-21 13:38:34.165308" --until "2026-04-21 13:38:54.381324" -k -o short-iso '| grep -i -E 'throttle|throttled|thermal|cpufreq|under-voltage|voltage'
