ALL SYNC
2026-04-21 13:39:29.503003 Sync done -> model run start
2026-04-21 13:39:29.503003 Sync done -> model run start
2026-04-21 13:39:29.503155 Sync done -> model run start
2026-04-21 13:39:29.503003 Sync done -> model run start
1 2.188 [0.49532053992152214, 0.4194264861289412, 0.4125718120485544, 0.43457504687830806, 0.42580391908995807]
2 2.2 [0.49743840005248785, 0.4258661069907248, 0.4184904450085014, 0.43090198189020157, 0.42663709400221705]
3 2.306 [0.5068227029405534, 0.44526601303368807, 0.45300745498389006, 0.4360367089975625, 0.46470925118774176]
0 2.386 [0.4952835610602051, 0.41941023617982864, 0.4204880460165441, 0.5718439668416977, 0.47851005499251187]
2026-04-21 13:39:32.777341 Sync done -> model run start
2026-04-21 13:39:32.777341 Sync done -> model run start
2026-04-21 13:39:32.790677 Sync done -> model run start
2026-04-21 13:39:32.802182 Sync done -> model run start
1 2.002 [0.4123695211019367, 0.39225118001922965, 0.3906798290554434, 0.3944983622059226, 0.41168462578207254]
3 2.002 [0.4112315019592643, 0.39209211710840464, 0.3899059758987278, 0.3962375249247998, 0.4121579590719193]
2 2.037 [0.4089281221386045, 0.39201940898783505, 0.3903621209319681, 0.3964178371243179, 0.44878787896595895]
0 2.104 [0.4562344769947231, 0.3898092049639672, 0.38885821797885, 0.4404425318352878, 0.4284501629881561]
2026-04-21 13:39:36.186560 Sync done -> model run start
2026-04-21 13:39:36.189939 Sync done -> model run start
2026-04-21 13:39:36.205591 Sync done -> model run start
2026-04-21 13:39:36.216852 Sync done -> model run start
1 2.011 [0.4204021589830518, 0.39874986303038895, 0.39250826090574265, 0.3926588848698884, 0.4069214060436934]
0 1.994 [0.4171278951689601, 0.3966258568689227, 0.3906901399604976, 0.3912863889709115, 0.39801955106668174]
3 2.006 [0.41656961501576006, 0.4002796499989927, 0.39160164911299944, 0.390931076137349, 0.40658786497078836]
2 2.104 [0.46678304695524275, 0.39734257315285504, 0.3922198759391904, 0.4412708629388362, 0.40608265809714794]
2026-04-21 13:39:39.765235 Sync done -> model run start
2026-04-21 13:39:39.771676 Sync done -> model run start
2026-04-21 13:39:39.781296 Sync done -> model run start
2026-04-21 13:39:39.790424 Sync done -> model run start
1 1.978 [0.4103821278549731, 0.3939177361316979, 0.3898633180651814, 0.38942462112754583, 0.3937965389341116]
2 1.981 [0.41223478014580905, 0.3928887799847871, 0.38995868200436234, 0.3906437330879271, 0.3948250259272754]
0 2.072 [0.43043953203596175, 0.42081700009293854, 0.3897944639902562, 0.4113337399903685, 0.4189711711369455]
3 1.986 [0.4154985749628395, 0.3917978450190276, 0.3904299840796739, 0.39100956497713923, 0.39677767804823816]
2026-04-21 13:39:43.227926 Sync done -> model run start
2026-04-21 13:39:43.236449 Sync done -> model run start
2026-04-21 13:39:43.247347 Sync done -> model run start
2026-04-21 13:39:43.257713 Sync done -> model run start
2 2.001 [0.4102530649397522, 0.39737267582677305, 0.40356261003762484, 0.39013972296379507, 0.39929246297106147]
1 2.03 [0.41199894598685205, 0.4002471489366144, 0.41536081302911043, 0.40079152304679155, 0.4009088659659028]
0 2.097 [0.4082301000598818, 0.44287315011024475, 0.40911525511182845, 0.39424518193118274, 0.44261049409396946]
3 2.014 [0.4142330039758235, 0.3986022041644901, 0.40817332989536226, 0.3934834140818566, 0.39956944109871984]
2026-04-21 13:39:46.032194 Sync done -> model run start
net_times: [[7.914, 0.693, 802816, 401408], [0.002, 0.739, 802816, 401408], [0.368, 0.631, 802816, 401408], [0.627, 0.649, 802816, 401408], [0.549, 0.635, 802816, 401408]]
echo 'race4fun' | sudo -S sh -c 'journalctl --since "2026-04-21 13:39:21.097748" --until "2026-04-21 13:39:46.032194" -k -o short-iso '| grep -i -E 'throttle|throttled|thermal|cpufreq|under-voltage|voltage'
