ALL SYNC
2026-04-21 13:39:35.954867 Sync done -> model run start
2026-04-21 13:39:35.954870 Sync done -> model run start
2026-04-21 13:39:35.954867 Sync done -> model run start
2026-04-21 13:39:35.954866 Sync done -> model run start
0 0.041 [0.03292507492005825, 0.0026261829771101475, 0.001589938998222351, 0.0018969171214848757, 0.0015017618425190449]
3 0.041 [0.03292512707412243, 0.002076445845887065, 0.0017473339103162289, 0.0019962391816079617, 0.0017168661579489708]
1 0.043 [0.032925128005445004, 0.002075613010674715, 0.001747281989082694, 0.003885239129886031, 0.0024916010443121195]
2 0.041 [0.03294288809411228, 0.0023707160726189613, 0.0019608221482485533, 0.0014916060026735067, 0.0017169700004160404]
2026-04-21 13:39:37.919217 Sync done -> model run start
2026-04-21 13:39:37.919222 Sync done -> model run start
2026-04-21 13:39:37.925659 Sync done -> model run start
2026-04-21 13:39:37.931527 Sync done -> model run start
0 0.013 [0.0056486669927835464, 0.0017033759504556656, 0.0017260839231312275, 0.0017859269864857197, 0.0015438450500369072]
1 0.013 [0.005647571990266442, 0.0017032190226018429, 0.0017258760053664446, 0.0017857188358902931, 0.0015437928959727287]
2 0.012 [0.006485745077952743, 0.0017003549728542566, 0.001614835113286972, 0.0013714509550482035, 0.000992598943412304]
3 0.009 [0.005288876127451658, 0.0010171299800276756, 0.000860932981595397, 0.0009180670604109764, 0.000946348998695612]
2026-04-21 13:39:41.243870 Sync done -> model run start
2026-04-21 13:39:41.246468 Sync done -> model run start
2026-04-21 13:39:41.251850 Sync done -> model run start
2026-04-21 13:39:41.254675 Sync done -> model run start
0 0.015 [0.007227302994579077, 0.0021450920030474663, 0.001758479978889227, 0.002054936019703746, 0.0019102501682937145]
1 0.016 [0.007555270101875067, 0.002156914910301566, 0.002081498969346285, 0.0017811357975006104, 0.0019616030622273684]
2 0.016 [0.007833759067580104, 0.0021055610850453377, 0.002011968055739999, 0.0018546769861131907, 0.0015083241742104292]
3 0.014 [0.007409646175801754, 0.001875980058684945, 0.001570823835209012, 0.0014949399046599865, 0.0011118690017610788]
2026-04-21 13:39:44.776294 Sync done -> model run start
2026-04-21 13:39:44.776294 Sync done -> model run start
2026-04-21 13:39:44.782712 Sync done -> model run start
2026-04-21 13:39:44.785977 Sync done -> model run start
0 0.012 [0.0055326782166957855, 0.0017630630172789097, 0.0017142610158771276, 0.001548845088109374, 0.0016560840886086226]
2 0.011 [0.006380327977240086, 0.0017253030091524124, 0.001131765078753233, 0.0010013491846621037, 0.0008823380339890718]
1 0.012 [0.005528719164431095, 0.0017629589419811964, 0.0017112919595092535, 0.0015486888587474823, 0.0016560840886086226]
3 0.01 [0.00564184389077127, 0.0011989509221166372, 0.0010539530776441097, 0.0008809319697320461, 0.0009523381013423204]
2026-04-21 13:39:48.273560 Sync done -> model run start
2026-04-21 13:39:48.276005 Sync done -> model run start
2026-04-21 13:39:48.279337 Sync done -> model run start
2026-04-21 13:39:48.283244 Sync done -> model run start
0 0.014 [0.00611189310438931, 0.0019343651365488768, 0.0016952508594840765, 0.0019032189156860113, 0.001783479005098343]
2 0.013 [0.006298715015873313, 0.0018388440366834402, 0.001662490889430046, 0.0016546780243515968, 0.0016694171354174614]
3 0.013 [0.006527775898575783, 0.0017249379307031631, 0.0016510849818587303, 0.0016799389850348234, 0.0015618139877915382]
1 0.012 [0.006309182848781347, 0.0017548860050737858, 0.0015492630191147327, 0.0012268680147826672, 0.001061243936419487]
2026-04-21 13:39:48.366286 Sync done -> model run start
net_times: [[14.393, 0.0, 100352, 0], [1.776, 0.0, 100352, 0], [3.134, 0.0, 100352, 0], [3.366, 0.0, 100352, 0], [3.315, 0.0, 100352, 0]]
echo 'race4fun' | sudo -S sh -c 'journalctl --since "2026-04-21 13:39:21.097897" --until "2026-04-21 13:39:48.366286" -k -o short-iso '| grep -i -E 'throttle|throttled|thermal|cpufreq|under-voltage|voltage'
