ALL SYNC
2026-04-21 13:39:33.534370 Sync done -> model run start
2026-04-21 13:39:33.534368 Sync done -> model run start
2026-04-21 13:39:33.534368 Sync done -> model run start
2026-04-21 13:39:33.541894 Sync done -> model run start
2 1.69 [0.35921141295693815, 0.33095104596577585, 0.3326809350401163, 0.3291989688295871, 0.3377005010843277]
3 1.713 [0.3591382361482829, 0.3313432321883738, 0.3322900519706309, 0.32920178212225437, 0.3610900000203401]
0 1.722 [0.3592111000325531, 0.33095182687975466, 0.3326723938807845, 0.3292016249615699, 0.3697975210379809]
1 1.725 [0.35381179582327604, 0.3304365680087358, 0.33119760802946985, 0.37286078999750316, 0.33615826698951423]
2026-04-21 13:39:35.929495 Sync done -> model run start
2026-04-21 13:39:35.931253 Sync done -> model run start
2026-04-21 13:39:35.939428 Sync done -> model run start
2026-04-21 13:39:35.978433 Sync done -> model run start
0 1.618 [0.3261704910546541, 0.3186453089583665, 0.33775373082607985, 0.31745979283005, 0.31815046700648963]
2 1.623 [0.3259494488593191, 0.3185408820863813, 0.34241798403672874, 0.3177408860065043, 0.31782942707650363]
1 1.637 [0.3271242370828986, 0.3191498378291726, 0.3550567920319736, 0.3171245330013335, 0.3182834868784994]
3 1.676 [0.33501301100477576, 0.33511597919277847, 0.3354855610523373, 0.36096703191287816, 0.3087535221129656]
2026-04-21 13:39:39.255373 Sync done -> model run start
2026-04-21 13:39:39.258017 Sync done -> model run start
2026-04-21 13:39:39.265430 Sync done -> model run start
2026-04-21 13:39:39.268965 Sync done -> model run start
2 1.595 [0.3241541441529989, 0.31822624895721674, 0.3171890650410205, 0.3177356249652803, 0.3171648990828544]
3 1.595 [0.324213779065758, 0.31808911287225783, 0.31723500206135213, 0.31758812605403364, 0.3180280199740082]
0 1.68 [0.35486679314635694, 0.3315566689707339, 0.317514481022954, 0.31719448207877576, 0.35899037308990955]
2026-04-21 13:39:42.803356 Sync done -> model run start
2026-04-21 13:39:42.804861 Sync done -> model run start
2026-04-21 13:39:42.814029 Sync done -> model run start
2026-04-21 13:39:42.821275 Sync done -> model run start
0 1.616 [0.34414292708970606, 0.3186155711300671, 0.3176846888381988, 0.3172876068856567, 0.3177239599172026]
1 1.619 [0.3448393829166889, 0.31941317208111286, 0.31797041604295373, 0.3178580740932375, 0.31853432091884315]
2 1.616 [0.34174741385504603, 0.3191459330264479, 0.31765385484322906, 0.3177826050668955, 0.31953416112810373]
3 1.693 [0.35718282707966864, 0.3463085959665477, 0.3174059388693422, 0.317702708998695, 0.3538621619809419]
2026-04-21 13:39:46.265486 Sync done -> model run start
2026-04-21 13:39:46.267880 Sync done -> model run start
2026-04-21 13:39:46.274608 Sync done -> model run start
2026-04-21 13:39:46.279218 Sync done -> model run start
0 1.658 [0.3484648910816759, 0.3513432659674436, 0.3187807269860059, 0.31908426713198423, 0.32065525092184544]
1 1.681 [0.36682466813363135, 0.3475823940243572, 0.3209003550000489, 0.3211122809443623, 0.32471346599049866]
2 1.685 [0.34489016397856176, 0.3842830948997289, 0.3181646871380508, 0.3192503598984331, 0.317761043086648]
2026-04-21 13:39:48.213131 Sync done -> model run start
net_times: [[11.534, 0.174, 401408, 100352], [0.14, 0.156, 401408, 100352], [1.103, 0.174, 401408, 100352], [1.348, 0.157, 401408, 100352], [1.252, 0.179, 401408, 100352]]
echo 'race4fun' | sudo -S sh -c 'journalctl --since "2026-04-21 13:39:21.096472" --until "2026-04-21 13:39:48.213131" -k -o short-iso '| grep -i -E 'throttle|throttled|thermal|cpufreq|under-voltage|voltage'
