ALL SYNC
2026-04-21 13:38:33.601654 Sync done -> model run start
2026-04-21 13:38:33.601663 Sync done -> model run start
2026-04-21 13:38:33.601945 Sync done -> model run start
2026-04-21 13:38:33.601823 Sync done -> model run start
3 1.811 [0.4323481929022819, 0.3701306169386953, 0.3392995879985392, 0.34564770106226206, 0.32354217395186424]
0 1.811 [0.4322956409305334, 0.37013020017184317, 0.3380980808287859, 0.34684879216365516, 0.3230808209627867]
1 1.822 [0.43236043211072683, 0.37034702207893133, 0.3407775030937046, 0.34867227682843804, 0.32974783796817064]
2 1.9 [0.43210574495606124, 0.38339897408150136, 0.4214564450085163, 0.3611513648647815, 0.30189065798185766]
2026-04-21 13:38:37.072099 Sync done -> model run start
2026-04-21 13:38:37.080802 Sync done -> model run start
2026-04-21 13:38:37.082814 Sync done -> model run start
2026-04-21 13:38:37.089312 Sync done -> model run start
1 1.626 [0.3462377500254661, 0.3398182319942862, 0.31496469187550247, 0.3125404780730605, 0.3125493840780109]
2 1.639 [0.3507626890204847, 0.3386646411381662, 0.312860372941941, 0.3198352539911866, 0.3170279690530151]
3 1.653 [0.35853282804600894, 0.34452895214781165, 0.3173111448995769, 0.31175938597880304, 0.32107441895641387]
0 1.69 [0.3509384689386934, 0.3407041160389781, 0.3174761969130486, 0.36724072601646185, 0.3130018829833716]
2026-04-21 13:38:41.008401 Sync done -> model run start
2026-04-21 13:38:41.014147 Sync done -> model run start
2026-04-21 13:38:41.025724 Sync done -> model run start
2026-04-21 13:38:41.031393 Sync done -> model run start
1 1.616 [0.34241030900739133, 0.33353215199895203, 0.31651562498882413, 0.31284084101207554, 0.3101304308511317]
0 1.608 [0.34114848892204463, 0.3324273619800806, 0.3157931789755821, 0.31095782411284745, 0.3079225178807974]
3 1.628 [0.3489023270085454, 0.3343449628446251, 0.31459443108178675, 0.31484005600214005, 0.31514297192916274]
2 1.673 [0.3441174940671772, 0.33373423386365175, 0.3822874641045928, 0.3118698529433459, 0.30050914897583425]
2026-04-21 13:38:44.543146 Sync done -> model run start
2026-04-21 13:38:44.558083 Sync done -> model run start
2026-04-21 13:38:44.569211 Sync done -> model run start
2026-04-21 13:38:44.581263 Sync done -> model run start
0 1.574 [0.3282074749004096, 0.32478586700744927, 0.30445648403838277, 0.31025782600045204, 0.30620627105236053]
2 1.573 [0.32748336205258965, 0.32366191199980676, 0.3038401829544455, 0.30954266991466284, 0.3084785579703748]
1 1.581 [0.32858023419976234, 0.3232166520319879, 0.3072733008302748, 0.3067996040917933, 0.31487364904023707]
3 1.635 [0.3320562159642577, 0.3234576410613954, 0.3740539909340441, 0.31074772006832063, 0.2948455670848489]
2026-04-21 13:38:47.993846 Sync done -> model run start
2026-04-21 13:38:47.996256 Sync done -> model run start
2026-04-21 13:38:48.017250 Sync done -> model run start
2026-04-21 13:38:48.026086 Sync done -> model run start
0 1.677 [0.34533228003419936, 0.34309103596024215, 0.3262769568245858, 0.32568357209675014, 0.3365416219457984]
1 1.675 [0.34278051485307515, 0.3430908787995577, 0.3262770608998835, 0.3257054998539388, 0.33652589307166636]
3 1.7 [0.34749170299619436, 0.34595201909542084, 0.328277942026034, 0.3352657400537282, 0.3430592119693756]
2 1.74 [0.3503433121368289, 0.34474978200159967, 0.33205058984458447, 0.3991666960064322, 0.31315943296067417]
2026-04-21 13:38:51.400277 Sync done -> model run start
net_times: [[0.0, 1.388, 0, 802816], [0.0, 2.058, 0, 802816], [0.0, 1.666, 0, 802816], [0.0, 1.608, 0, 802816], [0.0, 1.549, 0, 802816]]
echo 'race4fun' | sudo -S sh -c 'journalctl --since "2026-04-21 13:38:33.165082" --until "2026-04-21 13:38:51.400277" -k -o short-iso '| grep -i -E 'throttle|throttled|thermal|cpufreq|under-voltage|voltage'
