ALL SYNC
2026-04-21 13:39:20.504170 Sync done -> model run start
2026-04-21 13:39:20.504170 Sync done -> model run start
2026-04-21 13:39:20.504170 Sync done -> model run start
2026-04-21 13:39:20.505419 Sync done -> model run start
1 0.48 [0.1306361120659858, 0.0979808340780437, 0.08348618494346738, 0.08398898877203465, 0.08357925596646965]
3 0.479 [0.12925337511114776, 0.09903050307184458, 0.08374440995976329, 0.08312113909050822, 0.08341910201124847]
2 0.487 [0.13320632884278893, 0.100649330066517, 0.08400513394735754, 0.08410466415807605, 0.08469918393529952]
0 0.486 [0.1332061211578548, 0.09985069814138114, 0.08437872212380171, 0.08405127911828458, 0.08390638581477106]
2026-04-21 13:39:27.028329 Sync done -> model run start
2026-04-21 13:39:27.032813 Sync done -> model run start
2026-04-21 13:39:27.043964 Sync done -> model run start
2026-04-21 13:39:27.052160 Sync done -> model run start
0 0.412 [0.08471909491345286, 0.09220438590273261, 0.07724114903248847, 0.07836753595620394, 0.078825653064996]
1 0.416 [0.08767810883000493, 0.09414003090932965, 0.07640840206295252, 0.07701323484070599, 0.0803989078849554]
2 0.421 [0.0934125951025635, 0.09225943707861006, 0.07541847112588584, 0.07796478201635182, 0.08186674816533923]
3 0.422 [0.09417799906805158, 0.09101622994057834, 0.07493264600634575, 0.07655834779143333, 0.08550205104984343]
2026-04-21 13:39:30.518555 Sync done -> model run start
2026-04-21 13:39:30.523937 Sync done -> model run start
2026-04-21 13:39:30.534476 Sync done -> model run start
2026-04-21 13:39:30.539906 Sync done -> model run start
0 0.416 [0.08271637605503201, 0.09203049098141491, 0.08265627198852599, 0.07837540609762073, 0.08006616006605327]
1 0.415 [0.08678432810120285, 0.0919784081634134, 0.07527676015160978, 0.07861623587086797, 0.08160785189829767]
2 0.423 [0.09501945087686181, 0.0913882099557668, 0.07678251713514328, 0.07782807177864015, 0.08210466685704887]
3 0.428 [0.09478429891169071, 0.0920100740622729, 0.07661840505897999, 0.0773560490924865, 0.08719598804600537]
2026-04-21 13:39:34.297643 Sync done -> model run start
2026-04-21 13:39:34.301918 Sync done -> model run start
2026-04-21 13:39:34.313422 Sync done -> model run start
2026-04-21 13:39:34.321010 Sync done -> model run start
1 0.41 [0.08749031485058367, 0.09519576001912355, 0.0789852999150753, 0.07440417795442045, 0.07369002397172153]
2 0.412 [0.09294001595117152, 0.09134863596409559, 0.07247566897422075, 0.0758745709899813, 0.07951076002791524]
3 0.431 [0.09493342018686235, 0.09208023804239929, 0.07548077497631311, 0.07632794906385243, 0.09185888804495335]
2026-04-21 13:39:37.822801 Sync done -> model run start
2026-04-21 13:39:37.830317 Sync done -> model run start
2026-04-21 13:39:37.840709 Sync done -> model run start
2026-04-21 13:39:37.856166 Sync done -> model run start
1 0.388 [0.08642518310807645, 0.08815062395296991, 0.07065664394758642, 0.0709867428522557, 0.07145485980436206]
2 0.398 [0.08850780501961708, 0.0884210360236466, 0.07319738296791911, 0.0706158122047782, 0.07748595788143575]
3 0.422 [0.0927022669930011, 0.08815156086347997, 0.0711910619866103, 0.07191683119162917, 0.09769406099803746]
2026-04-21 13:39:41.453134 Sync done -> model run start
net_times: [[0.0, 5.673, 0, 3211264], [0.0, 2.727, 0, 3211264], [0.0, 2.972, 0, 3211264], [0.0, 2.762, 0, 3211264], [0.0, 2.944, 0, 3211264]]
echo 'race4fun' | sudo -S sh -c 'journalctl --since "2026-04-21 13:39:20.088887" --until "2026-04-21 13:39:41.453134" -k -o short-iso '| grep -i -E 'throttle|throttled|thermal|cpufreq|under-voltage|voltage'
