TIME:19:38:17
cpu:3.27 3.65 3.27
TIME:19:38:18
cpu:3.25 3.64 3.27
TIME:19:38:19
cpu:3.25 3.64 3.27
TIME:19:38:20
cpu:3.25 3.64 3.27
TIME:19:38:21
cpu:3.25 3.64 3.27
TIME:19:38:22
cpu:3.25 3.64 3.27
TIME:19:38:23
cpu:3.07 3.60 3.25
TIME:19:38:24
cpu:3.07 3.60 3.25
TIME:19:38:25
cpu:3.07 3.60 3.25
TIME:19:38:26
cpu:3.07 3.60 3.25
TIME:19:38:27
cpu:3.07 3.60 3.25
TIME:19:38:28
cpu:2.98 3.57 3.25
TIME:19:38:29
cpu:2.98 3.57 3.25
TIME:19:38:30
cpu:2.98 3.57 3.25
TIME:19:38:31
cpu:2.98 3.57 3.25
TIME:19:38:32
cpu:2.98 3.57 3.25
TIME:19:38:33
cpu:2.74 3.51 3.23
TIME:19:38:34
cpu:2.74 3.51 3.23
TIME:19:38:35
cpu:2.74 3.51 3.23
TIME:19:38:36
cpu:2.74 3.51 3.23
TIME:19:38:37
cpu:2.74 3.51 3.23
TIME:19:38:38
cpu:3.08 3.57 3.25
TIME:19:38:39
cpu:3.08 3.57 3.25
TIME:19:38:40
cpu:3.08 3.57 3.25
TIME:19:38:42
cpu:3.08 3.57 3.25
TIME:19:38:43
cpu:3.08 3.57 3.25
TIME:19:38:44
cpu:3.00 3.54 3.24
TIME:19:38:45
cpu:3.00 3.54 3.24
TIME:19:38:46
cpu:3.00 3.54 3.24
TIME:19:38:47
cpu:3.00 3.54 3.24
TIME:19:38:48
cpu:3.00 3.54 3.24
TIME:19:38:49
cpu:2.92 3.51 3.23
TIME:19:38:50
cpu:2.92 3.51 3.23
TIME:19:38:51
cpu:2.92 3.51 3.23
TIME:19:38:52
cpu:2.92 3.51 3.23
TIME:19:38:53
cpu:2.92 3.51 3.23
TIME:19:38:54
cpu:3.32 3.59 3.26
TIME:19:38:55
cpu:3.32 3.59 3.26
TIME:19:38:56
cpu:3.32 3.59 3.26
TIME:19:38:57
cpu:3.32 3.59 3.26
TIME:19:38:58
cpu:3.14 3.54 3.25
TIME:19:38:59
cpu:3.14 3.54 3.25
TIME:19:39:00
cpu:3.14 3.54 3.25
TIME:19:39:01
cpu:3.14 3.54 3.25
TIME:19:39:02
cpu:3.14 3.54 3.25
TIME:19:39:03
cpu:2.97 3.50 3.23
TIME:19:39:04
cpu:2.97 3.50 3.23
TIME:19:39:05
cpu:2.97 3.50 3.23
TIME:19:39:06
cpu:2.97 3.50 3.23
TIME:19:39:07
cpu:2.97 3.50 3.23
TIME:19:39:08
cpu:2.81 3.46 3.22
TIME:19:39:09
cpu:2.81 3.46 3.22
TIME:19:39:10
cpu:2.81 3.46 3.22
TIME:19:39:11
cpu:2.81 3.46 3.22
TIME:19:39:12
cpu:2.81 3.46 3.22
TIME:19:39:13
cpu:2.82 3.45 3.22
TIME:19:39:14
cpu:2.82 3.45 3.22
TIME:19:39:15
cpu:2.82 3.45 3.22
TIME:19:39:16
cpu:2.82 3.45 3.22
TIME:19:39:17
cpu:2.82 3.45 3.22
