ALL SYNC
2026-04-21 12:46:23.295056 Sync done -> model run start
2026-04-21 12:46:23.295056 Sync done -> model run start
2026-04-21 12:46:23.295062 Sync done -> model run start
2026-04-21 12:46:23.295056 Sync done -> model run start
0 10.661 [2.2196734258905053, 2.12612361414358, 2.0634824810549617, 2.089970819884911, 2.161523525835946]
2 10.721 [2.226104452041909, 2.134106979938224, 2.0687444480136037, 2.1072567151859403, 2.184555031126365]
3 11.319 [2.3259244728833437, 2.223580823978409, 2.1620991649106145, 2.1893388519529253, 2.417799655115232]
1 10.705 [2.2300016300287098, 2.1395320710726082, 2.072532042860985, 2.105863698059693, 2.156883069081232]
2026-04-21 12:46:37.644320 Sync done -> model run start
2026-04-21 12:46:37.651842 Sync done -> model run start
2026-04-21 12:46:37.673634 Sync done -> model run start
2026-04-21 12:46:37.702881 Sync done -> model run start
0 10.495 [2.1585106239654124, 2.161377560114488, 2.065680633066222, 2.0564322909340262, 2.0523910720366985]
1 10.506 [2.1522668888792396, 2.1671240038704127, 2.0678443771321326, 2.0591847309842706, 2.059612822951749]
2 10.861 [2.243588585872203, 2.245906562078744, 2.1578007058706135, 2.090973238926381, 2.1224806769751012]
3 10.52 [2.1588004659861326, 2.1692068621050566, 2.0676281270571053, 2.0559226551558822, 2.0687273300718516]
2026-04-21 12:46:53.639545 Sync done -> model run start
2026-04-21 12:46:53.639536 Sync done -> model run start
2026-04-21 12:46:53.662647 Sync done -> model run start
2026-04-21 12:46:53.682044 Sync done -> model run start
1 10.462 [2.111883662873879, 2.1464637459721416, 2.080981543986127, 2.0605277109425515, 2.0620526769198477]
2 10.454 [2.10298462305218, 2.139340484049171, 2.0823479460086673, 2.061827343888581, 2.0671613079030067]
3 10.495 [2.1101414270233363, 2.1519785220734775, 2.0949530149810016, 2.06692748516798, 2.07084265188314]
0 10.822 [2.2098484050948173, 2.202698803972453, 2.168242347892374, 2.1412150950636715, 2.0997509551234543]
2026-04-21 12:47:07.940140 Sync done -> model run start
2026-04-21 12:47:07.951086 Sync done -> model run start
2026-04-21 12:47:07.970277 Sync done -> model run start
2026-04-21 12:47:07.984384 Sync done -> model run start
2 10.63 [2.1231265868991613, 2.1500589791685343, 2.1104612429626286, 2.1247036198619753, 2.121329535031691]
3 10.642 [2.126462046056986, 2.1549459449015558, 2.1074453140608966, 2.1222893041558564, 2.1310018508229405]
1 10.997 [2.2170410151593387, 2.2385983169078827, 2.198756828904152, 2.163508611964062, 2.1792407219763845]
0 10.642 [2.1322945819702, 2.151702777016908, 2.1128117060288787, 2.1224009699653834, 2.1226079158950597]
2026-04-21 12:47:22.342671 Sync done -> model run start
2026-04-21 12:47:22.363565 Sync done -> model run start
2026-04-21 12:47:22.377377 Sync done -> model run start
2026-04-21 12:47:22.377379 Sync done -> model run start
0 10.414 [2.1391365830786526, 2.100462808040902, 2.0611235150136054, 2.0645832151640207, 2.0485675029922277]
2 10.435 [2.1392776251304895, 2.10543164703995, 2.069050054065883, 2.064316445030272, 2.0567619579378515]
3 10.473 [2.148757544811815, 2.1108877768274397, 2.073385771131143, 2.065168265020475, 2.0742132090963423]
1 10.829 [2.2356206828262657, 2.194380506174639, 2.1202303739264607, 2.150660617975518, 2.1280433600768447]
2026-04-21 12:47:37.595159 Sync done -> model run start
2026-04-21 12:47:37.596068 Sync done -> model run start
2026-04-21 12:47:37.619585 Sync done -> model run start
2026-04-21 12:47:37.689857 Sync done -> model run start
1 10.639 [2.190511205000803, 2.151035820832476, 2.1563215549103916, 2.0846350719220936, 2.0563322631642222]
0 10.656 [2.190902090165764, 2.151678424095735, 2.159085557097569, 2.091623331885785, 2.062138443114236]
2 10.693 [2.2061118360143155, 2.162962452042848, 2.1591945658437908, 2.091608019080013, 2.07284143101424]
3 10.987 [2.237086066044867, 2.252198070054874, 2.2297877380624413, 2.165740500902757, 2.1024518578778952]
2026-04-21 12:47:52.863970 Sync done -> model run start
2026-04-21 12:47:52.863944 Sync done -> model run start
2026-04-21 12:47:52.917916 Sync done -> model run start
2026-04-21 12:47:52.917917 Sync done -> model run start
1 10.526 [2.196902366820723, 2.118623564951122, 2.0578180968295783, 2.065781169803813, 2.0865897240582854]
0 10.566 [2.1986902789212763, 2.1274964541662484, 2.0668260380625725, 2.0753945249598473, 2.0972538569476455]
2 10.904 [2.2778022750280797, 2.2031379390973598, 2.148485419107601, 2.137153862044215, 2.1370971649885178]
2026-04-21 12:48:06.772650 Sync done -> model run start
2026-04-21 12:48:06.796410 Sync done -> model run start
2026-04-21 12:48:06.812630 Sync done -> model run start
2026-04-21 12:48:06.824237 Sync done -> model run start
2 10.439 [2.11568575585261, 2.1013352510053664, 2.102374698035419, 2.0638436989393085, 2.0557139061857015]
3 10.458 [2.1270466570276767, 2.10258399695158, 2.099158874945715, 2.061330946860835, 2.067558503942564]
1 10.79 [2.1845958509948105, 2.1908183000050485, 2.182645743014291, 2.148189259925857, 2.084012769861147]
0 10.45 [2.126672127051279, 2.0992655178997666, 2.107152495998889, 2.0605113659985363, 2.056061875075102]
2026-04-21 12:48:21.246924 Sync done -> model run start
2026-04-21 12:48:21.247257 Sync done -> model run start
2026-04-21 12:48:21.280593 Sync done -> model run start
2026-04-21 12:48:21.305762 Sync done -> model run start
0 10.639 [2.1542074668686837, 2.155020768987015, 2.116303470917046, 2.1206220739986748, 2.0927974509540945]
1 10.665 [2.1540369468275458, 2.155021238140762, 2.1163489390164614, 2.1205822830088437, 2.1189593439921737]
2 10.693 [2.162790823960677, 2.1660795870702714, 2.121454651001841, 2.124063469003886, 2.118065908085555]
3 11.043 [2.2350842361338437, 2.25823673279956, 2.1980775240808725, 2.20457059587352, 2.1470454949885607]
2026-04-21 12:48:35.621286 Sync done -> model run start
2026-04-21 12:48:35.621286 Sync done -> model run start
2026-04-21 12:48:35.660452 Sync done -> model run start
2026-04-21 12:48:35.689955 Sync done -> model run start
1 10.473 [2.1347136949189007, 2.131609146948904, 2.0716476012021303, 2.0729147060774267, 2.0623704970348626]
3 10.51 [2.1535624340176582, 2.1196223099250346, 2.067276729037985, 2.0765751090366393, 2.092664507916197]
0 10.586 [2.1844921230804175, 2.1634764350019395, 2.076908468035981, 2.0771085449960083, 2.0835629240609705]
2 10.877 [2.2541609529871494, 2.1891947330441326, 2.1598114690277725, 2.13939046789892, 2.1346248309127986]
2026-04-21 12:48:48.977293 Sync done -> model run start
net_times: [[14.856, 2.088, 1210368, 1210368], [0.002, 4.085, 1210368, 1210368], [0.002, 2.419, 1210368, 1210368], [0.094, 2.347, 1210368, 1210368], [0.073, 2.544, 1210368, 1210368], [0.882, 2.024, 1210368, 1210368], [1.216, 1.98, 1210368, 1210368], [0.002, 2.628, 1210368, 1210368], [0.066, 2.303, 1210368, 1210368], [0.002, 2.329, 1210368, 1210368]]
echo 'race4fun' | sudo -S sh -c 'journalctl --since "2026-04-21 12:46:06.499369" --until "2026-04-21 12:48:48.977293" -k -o short-iso '| grep -i -E 'throttle|throttled|thermal|cpufreq|under-voltage|voltage'
