ALL SYNC
2026-04-21 12:42:02.027998 Sync done -> model run start
2026-04-21 12:42:02.027998 Sync done -> model run start
2026-04-21 12:42:02.046708 Sync done -> model run start
2026-04-21 12:42:02.086770 Sync done -> model run start
0 17.605 [3.6490370659157634, 3.5234871548600495, 3.4920837390236557, 3.4604500117711723, 3.479602592997253]
3 17.639 [3.6531410079915076, 3.5255499070044607, 3.4954698709771037, 3.468043419998139, 3.4964253378566355]
2 17.655 [3.6125181508250535, 3.5190194121096283, 3.4785675439052284, 3.4651961401104927, 3.5791678179521114]
1 18.172 [3.773113131057471, 3.645474372897297, 3.6076921289786696, 3.5899442329537123, 3.55531765287742]
2026-04-21 12:42:22.616104 Sync done -> model run start
2026-04-21 12:42:22.654646 Sync done -> model run start
2026-04-21 12:42:22.680132 Sync done -> model run start
2026-04-21 12:42:22.722615 Sync done -> model run start
0 17.203 [3.4814489919226617, 3.4606783990748227, 3.412643696181476, 3.430305083980784, 3.4179481028113514]
1 17.202 [3.480623838957399, 3.4576861190143973, 3.417483676923439, 3.4292327971197665, 3.4163048279006034]
3 17.213 [3.488963961834088, 3.458426637109369, 3.4224366780836135, 3.423446673899889, 3.4192003370262682]
2 17.783 [3.6236046191770583, 3.5814281220082194, 3.5191832170821726, 3.569363432005048, 3.4894292221870273]
2026-04-21 12:42:44.085346 Sync done -> model run start
2026-04-21 12:42:44.100857 Sync done -> model run start
2026-04-21 12:42:44.123525 Sync done -> model run start
2026-04-21 12:42:44.127066 Sync done -> model run start
2 17.636 [3.489858804969117, 3.5593374320305884, 3.5243723650928587, 3.5175979142077267, 3.54509441787377]
1 17.652 [3.501947038108483, 3.5628620020579547, 3.5243723650928587, 3.517598070204258, 3.5450943659525365]
3 17.67 [3.5001203790307045, 3.5685703130438924, 3.5431826021522284, 3.5174895809032023, 3.5406046968419105]
0 18.271 [3.6313037059735507, 3.699870827142149, 3.6658483599312603, 3.674899053061381, 3.59919795114547]
2026-04-21 12:43:07.053836 Sync done -> model run start
2026-04-21 12:43:07.073364 Sync done -> model run start
2026-04-21 12:43:07.073355 Sync done -> model run start
2026-04-21 12:43:07.097464 Sync done -> model run start
1 17.231 [3.4812700401525944, 3.469117848901078, 3.438430004986003, 3.416808060836047, 3.4250341209117323]
2 17.249 [3.48259826307185, 3.469550765119493, 3.4499470938462764, 3.418848729226738, 3.4282618169672787]
3 17.26 [3.48414669604972, 3.480558688985184, 3.446243619080633, 3.422089393949136, 3.4272480190265924]
0 17.837 [3.6228307741694152, 3.606371621834114, 3.5727796729188412, 3.5726415500976145, 3.461786056868732]
2026-04-21 12:43:29.539957 Sync done -> model run start
2026-04-21 12:43:29.569623 Sync done -> model run start
2026-04-21 12:43:29.585592 Sync done -> model run start
2026-04-21 12:43:29.621563 Sync done -> model run start
0 17.634 [3.505795465083793, 3.5652873110957444, 3.5380895549897105, 3.521350404014811, 3.5031291760969907]
3 17.618 [3.5016785538755357, 3.559724103892222, 3.5398639750201255, 3.5259049171581864, 3.490207090973854]
2 17.647 [3.5134681949857622, 3.563489036168903, 3.5401464737951756, 3.521915297023952, 3.5075169699266553]
1 18.206 [3.654840908944607, 3.697486571036279, 3.677337277913466, 3.661724632838741, 3.5142800169996917]
2026-04-21 12:43:52.258596 Sync done -> model run start
2026-04-21 12:43:52.279777 Sync done -> model run start
2026-04-21 12:43:52.315214 Sync done -> model run start
2026-04-21 12:43:52.337202 Sync done -> model run start
1 17.258 [3.472129561007023, 3.4761745969299227, 3.4358622080180794, 3.4311385811306536, 3.4427373891230673]
3 17.257 [3.4742645521182567, 3.4734587750863284, 3.4386282900813967, 3.428105884930119, 3.4418175478931516]
0 17.25 [3.4775841229129583, 3.4761845448520035, 3.429042130941525, 3.4291469221934676, 3.4374959520064294]
2026-04-21 12:44:14.278897 Sync done -> model run start
2026-04-21 12:44:14.298751 Sync done -> model run start
2026-04-21 12:44:14.320741 Sync done -> model run start
2026-04-21 12:44:14.335735 Sync done -> model run start
1 17.463 [3.486111694946885, 3.471782430075109, 3.4527967770118266, 3.5176057890057564, 3.5341708271298558]
0 17.482 [3.4887711121700704, 3.477808291092515, 3.4631631940137595, 3.5176232368685305, 3.534889522008598]
3 17.48 [3.4908288109581918, 3.4805899469647557, 3.454859112156555, 3.5198396341875196, 3.533429163042456]
2 18.06 [3.6271484210155904, 3.598748484160751, 3.5957251098006964, 3.6480757859535515, 3.589755240129307]
2026-04-21 12:44:36.221024 Sync done -> model run start
2026-04-21 12:44:36.245740 Sync done -> model run start
2026-04-21 12:44:36.262180 Sync done -> model run start
2026-04-21 12:44:36.277821 Sync done -> model run start
1 17.218 [3.480006670113653, 3.469641399104148, 3.423325646901503, 3.4174266608897597, 3.4275815170258284]
2 17.216 [3.47201659809798, 3.469884574878961, 3.4329949321690947, 3.412630846956745, 3.428524585906416]
3 17.248 [3.4882935110945255, 3.474939659005031, 3.4378067362122238, 3.4161966659594327, 3.430664890212938]
0 17.847 [3.628168054157868, 3.6222545891068876, 3.5594727580901235, 3.5406492929905653, 3.4960529080126435]
2026-04-21 12:44:58.599033 Sync done -> model run start
2026-04-21 12:44:58.604283 Sync done -> model run start
2026-04-21 12:44:58.643453 Sync done -> model run start
2026-04-21 12:44:58.675089 Sync done -> model run start
0 17.689 [3.578760338947177, 3.541222312953323, 3.5348068699240685, 3.517144335899502, 3.516755900811404]
1 17.681 [3.5715066178236157, 3.543585375882685, 3.5345307770185173, 3.517144701909274, 3.5143938791006804]
3 17.704 [3.5739147330168635, 3.5400989309418947, 3.546190313063562, 3.52962308912538, 3.514251431915909]
2 18.275 [3.710953193018213, 3.6729522009845823, 3.67058497085236, 3.670962625881657, 3.549788373056799]
2026-04-21 12:45:21.365771 Sync done -> model run start
2026-04-21 12:45:21.424901 Sync done -> model run start
2026-04-21 12:45:21.425397 Sync done -> model run start
2026-04-21 12:45:21.452360 Sync done -> model run start
0 17.453 [3.5269571628887206, 3.496589211979881, 3.447977741016075, 3.4514738731086254, 3.5295878830365837]
3 17.397 [3.5023218980059028, 3.4959909340832382, 3.446108581032604, 3.4524344420060515, 3.4999971680808812]
2 17.455 [3.5134903411380947, 3.5227434299886227, 3.4415025578346103, 3.4695108318701386, 3.5080395829863846]
1 17.954 [3.635266728932038, 3.628918055910617, 3.5445203750859946, 3.563172227004543, 3.5819761629682034]
2026-04-21 12:45:39.524971 Sync done -> model run start
net_times: [[23.217, 0.0, 1210368, 0], [0.897, 0.0, 1210368, 0], [2.134, 0.0, 1210368, 0], [3.21, 0.0, 1210368, 0], [3.182, 0.0, 1210368, 0], [3.021, 0.0, 1210368, 0], [2.649, 0.0, 1210368, 0], [2.388, 0.0, 1210368, 0], [3.074, 0.0, 1210368, 0], [2.961, 0.0, 1210368, 0]]
echo 'race4fun' | sudo -S sh -c 'journalctl --since "2026-04-21 12:41:35.967444" --until "2026-04-21 12:45:39.524971" -k -o short-iso '| grep -i -E 'throttle|throttled|thermal|cpufreq|under-voltage|voltage'
