ALL SYNC
2026-04-21 12:41:37.740257 Sync done -> model run start
2026-04-21 12:41:37.740257 Sync done -> model run start
2026-04-21 12:41:37.740257 Sync done -> model run start
2026-04-21 12:41:37.772546 Sync done -> model run start
3 18.772 [4.80722572398372, 3.5878812628798187, 3.444484803127125, 3.479690002044663, 3.4520905879326165]
0 18.85 [4.891771843191236, 3.577704703900963, 3.457556582055986, 3.4661005111411214, 3.4569960269145668]
2 19.292 [4.832791519118473, 3.682623625965789, 3.595139194978401, 3.6178060530219227, 3.562980471877381]
1 18.847 [4.756008195923641, 3.702312781009823, 3.4533675520215183, 3.4809372988529503, 3.4537139812018722]
2026-04-21 12:42:00.597709 Sync done -> model run start
2026-04-21 12:42:00.598328 Sync done -> model run start
2026-04-21 12:42:00.627494 Sync done -> model run start
2026-04-21 12:42:00.673533 Sync done -> model run start
0 17.828 [3.611753164092079, 3.5803178988862783, 3.515025708125904, 3.5268486118875444, 3.594309010077268]
2 17.852 [3.6227150899358094, 3.585490057943389, 3.5248538788873702, 3.5213833791203797, 3.5972572518512607]
3 18.424 [3.7536478259135038, 3.699737612856552, 3.656256302027032, 3.6584958268795162, 3.655463973991573]
1 17.82 [3.612159623997286, 3.5746985501609743, 3.5160692031495273, 3.529651802033186, 3.587138195987791]
2026-04-21 12:42:22.650201 Sync done -> model run start
2026-04-21 12:42:22.664843 Sync done -> model run start
2026-04-21 12:42:22.664905 Sync done -> model run start
2026-04-21 12:42:22.682801 Sync done -> model run start
0 17.496 [3.573203669860959, 3.51666756416671, 3.470614786958322, 3.46790606318973, 3.46752193197608]
3 17.522 [3.573356745066121, 3.5214469612110406, 3.4883756490889937, 3.465876573929563, 3.4725164340343326]
2 17.57 [3.6023893249221146, 3.531267943093553, 3.480671811848879, 3.47237941599451, 3.4831876798998564]
1 18.144 [3.7143170761410147, 3.66432412317954, 3.6168308169580996, 3.594303458929062, 3.554062479874119]
2026-04-21 12:42:44.123689 Sync done -> model run start
2026-04-21 12:42:44.123674 Sync done -> model run start
2026-04-21 12:42:44.142520 Sync done -> model run start
2026-04-21 12:42:44.179185 Sync done -> model run start
3 19.062 [3.6411798261106014, 3.6445097220130265, 3.5797949340194464, 4.659511267906055, 3.536969394888729]
0 19.192 [3.617874043993652, 3.620701020117849, 3.573870533145964, 4.7119857768993825, 3.66698086890392]
2 19.606 [3.77612366899848, 3.765762771014124, 3.7205686441157013, 4.862358381971717, 3.480450385948643]
2026-04-21 12:43:07.083241 Sync done -> model run start
2026-04-21 12:43:07.103638 Sync done -> model run start
2026-04-21 12:43:07.107833 Sync done -> model run start
2026-04-21 12:43:07.152043 Sync done -> model run start
0 18.523 [3.5513251600787044, 3.8730999308172613, 4.090726624941453, 3.4579568300396204, 3.5496773330960423]
1 18.629 [3.565592670813203, 3.907611076021567, 4.115828142967075, 3.4757119610439986, 3.5638516671024263]
3 19.096 [3.7250465690158308, 4.349091817159206, 3.793580543017015, 3.5990785569883883, 3.6293778461404145]
2 18.541 [3.566111580003053, 3.9297963317949325, 4.012602521106601, 3.475780450971797, 3.5561802790034562]
2026-04-21 12:43:29.596546 Sync done -> model run start
2026-04-21 12:43:29.612427 Sync done -> model run start
2026-04-21 12:43:29.612427 Sync done -> model run start
2026-04-21 12:43:29.617042 Sync done -> model run start
2 18.82 [3.6199429330881685, 3.5792175808455795, 3.567118398146704, 3.5801132349297404, 4.473104197066277]
1 18.8 [3.6020241549704224, 3.5814799340441823, 3.565795058850199, 3.580965270055458, 4.469643922057003]
3 18.997 [3.620403507957235, 3.5769587161485106, 3.5660161019768566, 3.5815662620589137, 4.6513813498895615]
0 19.411 [3.753448688890785, 3.725080056814477, 3.680712812114507, 3.745533141074702, 4.506359813036397]
2026-04-21 12:43:52.332933 Sync done -> model run start
2026-04-21 12:43:52.349308 Sync done -> model run start
2026-04-21 12:43:52.353407 Sync done -> model run start
2026-04-21 12:43:52.415241 Sync done -> model run start
0 17.997 [3.592705382965505, 3.615359063958749, 3.5742875658906996, 3.582195764873177, 3.6325107680168003]
1 18.088 [3.6164249680005014, 3.6119993610773236, 3.5866997039411217, 3.5988942249678075, 3.674067151034251]
3 18.02 [3.6124689078424126, 3.6067438691388816, 3.578520189039409, 3.5821499838493764, 3.640112989814952]
2 18.602 [3.7512268722057343, 3.7258309109602123, 3.721496189944446, 3.708186689997092, 3.6949975029565394]
2026-04-21 12:44:14.356586 Sync done -> model run start
2026-04-21 12:44:14.358381 Sync done -> model run start
2026-04-21 12:44:14.377403 Sync done -> model run start
2026-04-21 12:44:14.445482 Sync done -> model run start
0 17.851 [3.5276370979845524, 3.5307294949889183, 3.5537705230526626, 3.6196238240227103, 3.618598703062162]
1 17.897 [3.540198039030656, 3.536234258906916, 3.5683050150983036, 3.6202018989715725, 3.63149756193161]
2 17.937 [3.549552976852283, 3.543666063109413, 3.576647291192785, 3.6183174119796604, 3.648216491099447]
3 18.513 [3.6801165780052543, 3.664595818845555, 3.7164093700703233, 3.7837796551175416, 3.6681552219670266]
2026-04-21 12:44:36.319620 Sync done -> model run start
2026-04-21 12:44:36.320676 Sync done -> model run start
2026-04-21 12:44:36.341859 Sync done -> model run start
2026-04-21 12:44:36.380762 Sync done -> model run start
0 18.313 [3.563503172947094, 3.5865170122124255, 3.6890948498621583, 3.748192286118865, 3.7253856619354337]
2 18.312 [3.5723310250323266, 3.576732438057661, 3.689515998121351, 3.7477224399335682, 3.72530675586313]
3 18.332 [3.5739483749493957, 3.5875210789963603, 3.699587916955352, 3.7436389850918204, 3.7271590551827103]
1 18.934 [3.691667228937149, 3.7387207578867674, 3.85961039387621, 3.8659357209689915, 3.778187196003273]
2026-04-21 12:44:58.637297 Sync done -> model run start
2026-04-21 12:44:58.669634 Sync done -> model run start
2026-04-21 12:44:58.683876 Sync done -> model run start
2026-04-21 12:44:58.695255 Sync done -> model run start
0 18.832 [3.537446786882356, 3.5865124098490924, 3.936328467912972, 4.208955070003867, 3.5618601811584085]
2 18.858 [3.529590399004519, 3.593159990850836, 3.983026172965765, 4.154243943979964, 3.597925183130428]
3 19.355 [3.664394899038598, 3.741278611123562, 4.7260163149330765, 3.5864767050370574, 3.636695872992277]
1 19.146 [3.5366313671693206, 3.5902874779421836, 3.976220570039004, 4.337985115125775, 3.7046812241896987]
2026-04-21 12:45:20.079334 Sync done -> model run start
net_times: [[0.0, 2.085, 0, 1210368], [0.0, 2.107, 0, 1210368], [0.0, 1.862, 0, 1210368], [0.0, 1.872, 0, 1210368], [0.0, 1.876, 0, 1210368], [0.0, 1.86, 0, 1210368], [0.0, 1.868, 0, 1210368], [0.0, 1.881, 0, 1210368], [0.0, 1.861, 0, 1210368], [0.0, 1.908, 0, 1210368]]
echo 'race4fun' | sudo -S sh -c 'journalctl --since "2026-04-21 12:41:34.964925" --until "2026-04-21 12:45:20.079334" -k -o short-iso '| grep -i -E 'throttle|throttled|thermal|cpufreq|under-voltage|voltage'
