ALL SYNC
2026-04-21 12:46:07.480591 Sync done -> model run start
2026-04-21 12:46:07.480597 Sync done -> model run start
2026-04-21 12:46:07.480581 Sync done -> model run start
2026-04-21 12:46:07.498779 Sync done -> model run start
2 11.539 [2.1905089039355516, 2.830236056819558, 2.364963090978563, 1.9849032589700073, 2.167798998998478]
1 11.538 [2.2627682820893824, 3.0283066569827497, 2.2616796740330756, 1.9811203780118376, 2.003797870129347]
3 11.693 [2.1880197268910706, 2.8263784360606223, 2.4966757469810545, 1.9806680839974433, 2.2009060690179467]
0 11.714 [2.186412376118824, 2.818831372074783, 2.5287458340171725, 2.09697093302384, 2.0830660769715905]
2026-04-21 12:46:22.182180 Sync done -> model run start
2026-04-21 12:46:22.182180 Sync done -> model run start
2026-04-21 12:46:22.202753 Sync done -> model run start
2026-04-21 12:46:22.253971 Sync done -> model run start
0 10.25 [2.088505364023149, 2.0904474519193172, 2.0506193079054356, 2.037051069084555, 1.9826537990011275]
1 10.275 [2.0884982289280742, 2.090447452152148, 2.051570561947301, 2.04122900380753, 2.0034250349272043]
2 10.306 [2.1057127818930894, 2.097737275995314, 2.055723392870277, 2.0409619191195816, 2.005676345899701]
3 10.608 [2.1827579599339515, 2.189374079927802, 2.096620653057471, 2.106480171903968, 2.0322818260174245]
2026-04-21 12:46:37.690970 Sync done -> model run start
2026-04-21 12:46:37.690970 Sync done -> model run start
2026-04-21 12:46:37.719339 Sync done -> model run start
2026-04-21 12:46:37.748616 Sync done -> model run start
1 10.342 [2.0900089407805353, 2.0944974990561604, 2.05164376902394, 2.058291658060625, 2.046950459945947]
0 10.342 [2.0900163881015033, 2.094491040101275, 2.05164788197726, 2.0582917099818587, 2.0469363981392235]
3 10.362 [2.0984293408691883, 2.0923259779810905, 2.0508230349514633, 2.0570385800674558, 2.063702563988045]
2 10.681 [2.1659202580340207, 2.1634123269468546, 2.1603385088965297, 2.1345417271368206, 2.0566909180488437]
2026-04-21 12:46:53.637627 Sync done -> model run start
2026-04-21 12:46:53.639887 Sync done -> model run start
2026-04-21 12:46:53.654707 Sync done -> model run start
2026-04-21 12:46:53.712920 Sync done -> model run start
2 10.991 [2.0707425829023123, 2.917667794972658, 1.9961396500002593, 2.013306544162333, 1.9924149410799146]
1 11.033 [2.0687911689747125, 2.884759737877175, 1.9917001519352198, 2.0838702861219645, 2.0040758759714663]
0 11.126 [2.0682527809403837, 2.9232988611329347, 1.9898106639739126, 2.1411440218798816, 2.0033668628893793]
3 11.309 [2.145945043070242, 2.935213808901608, 2.096545967971906, 2.104583448031917, 2.0266488899942487]
2026-04-21 12:47:07.940223 Sync done -> model run start
2026-04-21 12:47:07.951544 Sync done -> model run start
2026-04-21 12:47:07.959875 Sync done -> model run start
2026-04-21 12:47:07.992674 Sync done -> model run start
0 11.136 [2.7818947909399867, 2.3532468469347805, 2.0163428941741586, 1.992121224058792, 1.9918759078718722]
3 11.207 [2.8454110531602055, 2.307698005111888, 2.0695671329740435, 1.9932040420826524, 1.9909680909477174]
1 11.332 [2.991670224815607, 2.301414696034044, 2.0548634759616107, 1.9931391451973468, 1.9906006939709187]
2 11.474 [2.946480916114524, 2.2568691400811076, 2.151811758056283, 2.0352724511176348, 2.0837899488396943]
2026-04-21 12:47:22.372217 Sync done -> model run start
2026-04-21 12:47:22.373122 Sync done -> model run start
2026-04-21 12:47:22.383789 Sync done -> model run start
2026-04-21 12:47:22.400485 Sync done -> model run start
0 12.2 [2.0316450300160795, 2.0268168300390244, 2.028904960025102, 3.2002058171201497, 2.9121679088566452]
2 12.069 [2.0371899500023574, 2.0165440251585096, 2.0201097670942545, 3.1696073529310524, 2.8250735248439014]
3 12.053 [2.0432221109513193, 2.021556754829362, 2.029813402099535, 3.128161132801324, 2.8301345880609006]
1 12.348 [2.137152098119259, 2.1124454790260643, 2.178022164152935, 3.182551054051146, 2.7371643451042473]
2026-04-21 12:47:37.606844 Sync done -> model run start
2026-04-21 12:47:37.620298 Sync done -> model run start
2026-04-21 12:47:37.627442 Sync done -> model run start
2026-04-21 12:47:37.635345 Sync done -> model run start
1 12.132 [2.041052237851545, 2.0551297951024026, 2.9340585567988455, 1.987290226854384, 3.1147254139650613]
3 12.15 [2.0482302370946854, 2.0609725289978087, 2.9314842228777707, 1.9897915918845683, 3.119656424038112]
0 12.408 [2.1511536471080035, 2.1285872450098395, 3.035143833141774, 1.9956056789960712, 3.0974025779869407]
2 12.454 [2.0484863319434226, 2.0658735390752554, 3.129314600955695, 2.100108834914863, 3.1095400259364396]
2026-04-21 12:47:52.907904 Sync done -> model run start
2026-04-21 12:47:52.908352 Sync done -> model run start
2026-04-21 12:47:52.928213 Sync done -> model run start
2026-04-21 12:47:52.963258 Sync done -> model run start
2 10.31 [2.083898545941338, 2.0900581020396203, 2.05361898499541, 2.0567087871022522, 2.0248892731033266]
1 10.312 [2.0841450579464436, 2.0900584140326828, 2.0536191929131746, 2.05670889117755, 2.0271326159127057]
0 10.648 [2.1460845419205725, 2.17957212892361, 2.160325742093846, 2.1327702049165964, 2.0290881970431656]
3 10.334 [2.095817712135613, 2.092588007915765, 2.053219452034682, 2.055773990927264, 2.0360811438877136]
2026-04-21 12:48:06.780492 Sync done -> model run start
2026-04-21 12:48:06.799406 Sync done -> model run start
2026-04-21 12:48:06.799406 Sync done -> model run start
2026-04-21 12:48:06.823255 Sync done -> model run start
0 11.19 [3.1336108199320734, 2.037801556987688, 2.0216981519479305, 2.0069439199287444, 1.9899879598524421]
2 11.312 [3.2433475379366428, 2.0502003598958254, 2.0103411769960076, 1.9909836961887777, 2.016997867031023]
3 11.338 [3.1515642299782485, 2.1924950811080635, 1.9918067739345133, 2.0019965551327914, 1.999479927122593]
1 11.555 [3.2536814359482378, 2.1051970520056784, 2.086030198028311, 2.091422352939844, 2.018983551999554]
2026-04-21 12:48:21.259156 Sync done -> model run start
2026-04-21 12:48:21.278559 Sync done -> model run start
2026-04-21 12:48:21.285152 Sync done -> model run start
2026-04-21 12:48:21.314446 Sync done -> model run start
0 10.902 [2.0481489829253405, 2.8304071018937975, 2.0494025759398937, 1.9907506578601897, 1.9834167698863894]
2 10.931 [2.053630515933037, 2.870959202060476, 2.0234825699590147, 1.9833014069590718, 1.9996563179884106]
1 11.209 [2.149360090959817, 2.8910076718311757, 2.0795274439733475, 2.0556251001544297, 2.0328579689376056]
3 10.958 [2.0529730659909546, 2.9272846488747746, 1.987207051133737, 1.9902845101896673, 1.9999487148597836]
2026-04-21 12:48:34.829902 Sync done -> model run start
net_times: [[0.0, 2.091, 0, 1210368], [0.0, 3.911, 0, 1210368], [0.0, 4.269, 0, 1210368], [0.0, 2.01, 0, 1210368], [0.0, 2.019, 0, 1210368], [0.0, 1.974, 0, 1210368], [0.0, 1.909, 0, 1210368], [0.0, 2.264, 0, 1210368], [0.0, 1.988, 0, 1210368], [0.0, 2.201, 0, 1210368]]
echo 'race4fun' | sudo -S sh -c 'journalctl --since "2026-04-21 12:46:05.526216" --until "2026-04-21 12:48:34.829902" -k -o short-iso '| grep -i -E 'throttle|throttled|thermal|cpufreq|under-voltage|voltage'
