ALL SYNC
2026-04-21 12:47:00.171054 Sync done -> model run start
2026-04-21 12:47:00.171054 Sync done -> model run start
2026-04-21 12:47:00.171054 Sync done -> model run start
2026-04-21 12:47:00.171054 Sync done -> model run start
1 0.035 [0.027060954831540585, 0.0021560301538556814, 0.0021519160363823175, 0.001811605179682374, 0.0018268129788339138]
0 0.037 [0.02706517302431166, 0.0021561349276453257, 0.003933208994567394, 0.0018627510871738195, 0.0017687410581856966]
2 0.036 [0.027065486181527376, 0.0021558741573244333, 0.002152124885469675, 0.0026155600789934397, 0.002097437158226967]
3 0.037 [0.027065590023994446, 0.0021571761462837458, 0.0034845650661736727, 0.0023127479944378138, 0.0017687410581856966]
2026-04-21 12:47:12.450018 Sync done -> model run start
2026-04-21 12:47:12.460900 Sync done -> model run start
2026-04-21 12:47:12.471232 Sync done -> model run start
2026-04-21 12:47:12.482986 Sync done -> model run start
2 0.011 [0.006297206971794367, 0.0013507748953998089, 0.0011600980069488287, 0.0012694729957729578, 0.0009476509876549244]
3 0.007 [0.0033724831882864237, 0.0009043698664754629, 0.0007641629781574011, 0.0007511940784752369, 0.0008740578778088093]
0 0.014 [0.005548408953472972, 0.002248789882287383, 0.002179363975301385, 0.001561138080433011, 0.0018868648912757635]
2026-04-21 12:47:26.700276 Sync done -> model run start
2026-04-21 12:47:26.706741 Sync done -> model run start
2026-04-21 12:47:26.719457 Sync done -> model run start
2026-04-21 12:47:26.728552 Sync done -> model run start
0 0.015 [0.0066381951328366995, 0.0019517610780894756, 0.0017723350320011377, 0.0018647818360477686, 0.0023998310789465904]
1 0.019 [0.0064625178929418325, 0.0027474858798086643, 0.001988374860957265, 0.0017162410076707602, 0.005847366061061621]
2 0.011 [0.004910494899377227, 0.0017992621287703514, 0.0014870241284370422, 0.0015511370729655027, 0.0014684819616377354]
3 0.009 [0.004792684223502874, 0.001113120000809431, 0.0009735890198498964, 0.001010045874863863, 0.0010354109108448029]
2026-04-21 12:47:42.383232 Sync done -> model run start
2026-04-21 12:47:42.388475 Sync done -> model run start
2026-04-21 12:47:42.405085 Sync done -> model run start
2026-04-21 12:47:42.414158 Sync done -> model run start
0 0.014 [0.005825646920129657, 0.0023254049010574818, 0.002073999959975481, 0.0015497838612645864, 0.0020612389780580997]
2026-04-21 12:47:55.188765 Sync done -> model run start
2026-04-21 12:47:55.200024 Sync done -> model run start
2026-04-21 12:47:55.211753 Sync done -> model run start
2026-04-21 12:47:55.211752 Sync done -> model run start
2 0.013 [0.00611658301204443, 0.00165629293769598, 0.002078531077131629, 0.0013149930164217949, 0.0017336891032755375]
3 0.009 [0.004296591971069574, 0.0013098891358822584, 0.0011009839363396168, 0.0011019220110028982, 0.0011150459758937359]
1 0.012 [0.004653882002457976, 0.0016413978300988674, 0.0016618140507489443, 0.0022893110290169716, 0.0019362920429557562]
0 0.009 [0.004296696046367288, 0.0013102020602673292, 0.0011012451723217964, 0.0011019220110028982, 0.00111546297557652]
2026-04-21 12:48:10.528696 Sync done -> model run start
2026-04-21 12:48:10.535771 Sync done -> model run start
2026-04-21 12:48:10.544492 Sync done -> model run start
2026-04-21 12:48:10.556303 Sync done -> model run start
0 0.016 [0.006924859946593642, 0.002164833014830947, 0.0021706661209464073, 0.0026626940816640854, 0.0018257719930261374]
1 0.017 [0.008245737990364432, 0.00205347896553576, 0.0022535298485308886, 0.0021573849953711033, 0.00178545992821455]
2 0.015 [0.0072023579850792885, 0.001969209173694253, 0.0016504079103469849, 0.0017271270044147968, 0.0018075951375067234]
3 0.01 [0.005579346092417836, 0.0012793689966201782, 0.0010922339279204607, 0.001183327054604888, 0.0010570778977125883]
2026-04-21 12:48:26.517329 Sync done -> model run start
2026-04-21 12:48:26.525954 Sync done -> model run start
2026-04-21 12:48:26.539815 Sync done -> model run start
2026-04-21 12:48:26.547558 Sync done -> model run start
1 0.015 [0.006761838914826512, 0.0027710788417607546, 0.0023257690481841564, 0.0014330130070447922, 0.0015189500991255045]
0 0.015 [0.007023558020591736, 0.0018169700633734465, 0.0016883250791579485, 0.0020235320553183556, 0.0018633760046213865]
2 0.009 [0.004631747025996447, 0.0012983260676264763, 0.0009842661675065756, 0.0010583801195025444, 0.0011884840205311775]
2026-04-21 12:48:39.277658 Sync done -> model run start
2026-04-21 12:48:39.284214 Sync done -> model run start
2026-04-21 12:48:39.297256 Sync done -> model run start
2026-04-21 12:48:39.309037 Sync done -> model run start
0 0.015 [0.006806578952819109, 0.0019025418441742659, 0.001817542128264904, 0.0019856661092489958, 0.0018476990517228842]
1 0.016 [0.006750433007255197, 0.002107124077156186, 0.002101656049489975, 0.002614517929032445, 0.0017398351337760687]
2 0.011 [0.005654449108988047, 0.001604106044396758, 0.0013026490341871977, 0.0012908789794892073, 0.0012886389158666134]
3 0.009 [0.004337945953011513, 0.0012482230085879564, 0.0010771818924695253, 0.0011243168264627457, 0.0010566620621830225]
2026-04-21 12:48:54.562860 Sync done -> model run start
2026-04-21 12:48:54.570774 Sync done -> model run start
2026-04-21 12:48:54.577534 Sync done -> model run start
2026-04-21 12:48:54.586944 Sync done -> model run start
2 0.012 [0.00577017804607749, 0.0017050430178642273, 0.0015722839161753654, 0.0015145759098231792, 0.0010887959506362677]
3 0.008 [0.00392617704346776, 0.0011405148543417454, 0.0007998908404260874, 0.0008630692027509212, 0.0007637981325387955]
0 0.014 [0.006079239072278142, 0.0018174380529671907, 0.0023171750362962484, 0.00201811408624053, 0.0016635328065603971]
2026-04-21 12:49:08.895395 Sync done -> model run start
2026-04-21 12:49:08.903271 Sync done -> model run start
2026-04-21 12:49:08.914084 Sync done -> model run start
2026-04-21 12:49:08.925891 Sync done -> model run start
1 0.016 [0.007261993130668998, 0.0026796730235219, 0.0018656151369214058, 0.0017991568893194199, 0.0018858241382986307]
2 0.013 [0.006409341003745794, 0.002213061088696122, 0.0013316080439835787, 0.0013082220684736967, 0.0012907751370221376]
0 0.015 [0.006834964035078883, 0.0019072818104177713, 0.0019729058258235455, 0.001876812893897295, 0.00205014506354928]
2026-04-21 12:49:09.008077 Sync done -> model run start
net_times: [[53.167, 0.0, 605184, 0], [12.057, 0.0, 605184, 0], [14.026, 0.0, 605184, 0], [15.441, 0.0, 605184, 0], [12.587, 0.0, 605184, 0], [15.123, 0.0, 605184, 0], [15.781, 0.0, 605184, 0], [12.515, 0.0, 605184, 0], [15.054, 0.0, 605184, 0], [14.103, 0.0, 605184, 0]]
echo 'race4fun' | sudo -S sh -c 'journalctl --since "2026-04-21 12:46:06.512614" --until "2026-04-21 12:49:09.008077" -k -o short-iso '| grep -i -E 'throttle|throttled|thermal|cpufreq|under-voltage|voltage'
