ALL SYNC
2026-04-21 12:46:39.049805 Sync done -> model run start
2026-04-21 12:46:39.049805 Sync done -> model run start
2026-04-21 12:46:39.049805 Sync done -> model run start
2026-04-21 12:46:39.049825 Sync done -> model run start
0 12.238 [2.4604876930825412, 2.3984018489718437, 2.3541533281095326, 2.3956209218595177, 2.629029050003737]
1 12.311 [2.620424395892769, 2.4930296977981925, 2.4451232228893787, 2.347031846176833, 2.4054618198424578]
3 12.404 [2.4746967509854585, 2.421616026200354, 2.3549058767966926, 2.341137910960242, 2.8116723799612373]
2 11.998 [2.460487380856648, 2.3983699209056795, 2.3541739529464394, 2.340012810891494, 2.4442763531114906]
2026-04-21 12:46:53.594105 Sync done -> model run start
2026-04-21 12:46:53.618718 Sync done -> model run start
2026-04-21 12:46:53.623209 Sync done -> model run start
2026-04-21 12:46:53.643524 Sync done -> model run start
2 11.689 [2.349529076134786, 2.352100523887202, 2.314071406144649, 2.3204103379976004, 2.3523897940758616]
1 11.829 [2.3468246599659324, 2.3542728589382023, 2.3128097970038652, 2.321429292904213, 2.493358551990241]
0 11.672 [2.340338747948408, 2.3546718151774257, 2.313876770902425, 2.317887536017224, 2.3451578959356993]
3 12.138 [2.4358083659317344, 2.461940501118079, 2.3932421829085797, 2.405620414065197, 2.441064959857613]
2026-04-21 12:47:07.907610 Sync done -> model run start
2026-04-21 12:47:07.907622 Sync done -> model run start
2026-04-21 12:47:07.914194 Sync done -> model run start
2026-04-21 12:47:07.933393 Sync done -> model run start
2 11.83 [2.4005508520640433, 2.384095449000597, 2.3344637209083885, 2.3459872158709913, 2.3642848511226475]
1 11.837 [2.4005508520640433, 2.384095449000597, 2.338070424972102, 2.3428792080376297, 2.3708162310067564]
3 12.03 [2.423499925993383, 2.3987309630028903, 2.335055071860552, 2.3443208690732718, 2.527882216963917]
0 12.309 [2.5017749769613147, 2.4872746190521866, 2.4276207429356873, 2.446053272811696, 2.446151086129248]
2026-04-21 12:47:22.320719 Sync done -> model run start
2026-04-21 12:47:22.328280 Sync done -> model run start
2026-04-21 12:47:22.343376 Sync done -> model run start
2026-04-21 12:47:22.359947 Sync done -> model run start
1 11.871 [2.383600919973105, 2.391243753954768, 2.3449036800302565, 2.362118038116023, 2.389167877845466]
3 11.95 [2.384107480989769, 2.3928682790137827, 2.3394237540196627, 2.362967930966988, 2.470604530069977]
0 12.305 [2.4732545188162476, 2.4853795748203993, 2.4352583170402795, 2.44391036615707, 2.467407979769632]
2026-04-21 12:47:36.713756 Sync done -> model run start
2026-04-21 12:47:36.747660 Sync done -> model run start
2026-04-21 12:47:36.753639 Sync done -> model run start
2026-04-21 12:47:36.766753 Sync done -> model run start
2 11.58 [2.36752843298018, 2.334423670079559, 2.2865978199988604, 2.3016781250480562, 2.2890834868885577]
1 11.574 [2.3730664828326553, 2.3317189931403846, 2.2853660020045936, 2.301396771101281, 2.281851588981226]
3 11.601 [2.3702180578839034, 2.3362677248660475, 2.2982697000261396, 2.2989534998778254, 2.2975052760448307]
0 11.995 [2.4615444629453123, 2.4265845511108637, 2.386571065057069, 2.3900503739714622, 2.3299829070456326]
2026-04-21 12:47:51.682163 Sync done -> model run start
2026-04-21 12:47:51.696036 Sync done -> model run start
2026-04-21 12:47:51.706511 Sync done -> model run start
2026-04-21 12:47:51.755188 Sync done -> model run start
0 11.532 [2.335761060938239, 2.327894269954413, 2.29821709706448, 2.2825747639872134, 2.2874795880634338]
1 11.52 [2.331821493105963, 2.33391830814071, 2.2994115189649165, 2.2695708060637116, 2.2846854319795966]
2 11.564 [2.345887635136023, 2.3420842129271477, 2.3002229740377516, 2.283856477122754, 2.291534415911883]
3 11.938 [2.432109321001917, 2.4220321220345795, 2.381330461939797, 2.3646542788483202, 2.3375178249552846]
2026-04-21 12:48:06.772901 Sync done -> model run start
2026-04-21 12:48:06.782786 Sync done -> model run start
2026-04-21 12:48:06.798894 Sync done -> model run start
2026-04-21 12:48:06.862788 Sync done -> model run start
0 11.835 [2.3428496790584177, 2.3742832511197776, 2.353362294146791, 2.3563324380666018, 2.4076767640653998]
2 11.885 [2.354336091084406, 2.3758871511090547, 2.3572780590038747, 2.3712264930363744, 2.4259932530112565]
1 11.905 [2.3401733359787613, 2.368444577092305, 2.352036881959066, 2.3563324380666018, 2.487719985190779]
3 12.267 [2.4525185101665556, 2.455598653992638, 2.4392402830999345, 2.457470939029008, 2.4622544101439416]
2026-04-21 12:48:21.238074 Sync done -> model run start
2026-04-21 12:48:21.238693 Sync done -> model run start
2026-04-21 12:48:21.278519 Sync done -> model run start
2026-04-21 12:48:21.291008 Sync done -> model run start
0 11.822 [2.3908173001836985, 2.3907953209709376, 2.320755601860583, 2.3492392380721867, 2.3698919150047004]
3 11.994 [2.397318784845993, 2.3892747540958226, 2.320996694965288, 2.3498747039120644, 2.5364819259848446]
1 11.828 [2.391427714144811, 2.3862759640906006, 2.3244764199480414, 2.34996553696692, 2.375584444962442]
2 12.259 [2.4992939489893615, 2.4875632668845356, 2.4138937699608505, 2.4398732490371913, 2.4179856821428984]
2026-04-21 12:48:35.618749 Sync done -> model run start
2026-04-21 12:48:35.639959 Sync done -> model run start
2026-04-21 12:48:35.658669 Sync done -> model run start
2026-04-21 12:48:35.672060 Sync done -> model run start
0 11.636 [2.330082543892786, 2.3259870391339064, 2.293559147976339, 2.3213827351573855, 2.3641416269820184]
1 11.616 [2.327180680120364, 2.3284751549363136, 2.28666480188258, 2.3097227830439806, 2.3638625140301883]
2 11.755 [2.3277153139933944, 2.3316871728748083, 2.29611257603392, 2.3153243749402463, 2.4836685960181057]
3 12.09 [2.418005525134504, 2.4194523429032415, 2.3808637470938265, 2.4086965010501444, 2.462854980956763]
2026-04-21 12:48:49.853882 Sync done -> model run start
2026-04-21 12:48:49.872107 Sync done -> model run start
2026-04-21 12:48:49.909702 Sync done -> model run start
2026-04-21 12:48:49.926900 Sync done -> model run start
1 11.705 [2.3375695978756994, 2.379580107051879, 2.336444081971422, 2.3404174509923905, 2.310816321056336]
0 11.732 [2.348415127955377, 2.378964693052694, 2.3497153830248863, 2.340461565880105, 2.313812611158937]
3 11.718 [2.3538975541014224, 2.381094580050558, 2.3391917787957937, 2.3261827169917524, 2.3174922310281545]
2 12.083 [2.4267826778814197, 2.4528986159712076, 2.425773411989212, 2.4173778211697936, 2.3596615409478545]
2026-04-21 12:49:03.243930 Sync done -> model run start
net_times: [[30.279, 1.12, 1210368, 1210368], [0.002, 1.044, 1210368, 1210368], [0.002, 1.047, 1210368, 1210368], [0.002, 1.047, 1210368, 1210368], [0.002, 1.042, 1210368, 1210368], [0.864, 1.052, 1210368, 1210368], [1.023, 1.056, 1210368, 1210368], [0.002, 1.051, 1210368, 1210368], [0.01, 1.044, 1210368, 1210368], [0.002, 1.132, 1210368, 1210368]]
echo 'race4fun' | sudo -S sh -c 'journalctl --since "2026-04-21 12:46:06.501775" --until "2026-04-21 12:49:03.243930" -k -o short-iso '| grep -i -E 'throttle|throttled|thermal|cpufreq|under-voltage|voltage'
