ALL SYNC
2026-04-21 12:46:53.541352 Sync done -> model run start
2026-04-21 12:46:53.541352 Sync done -> model run start
2026-04-21 12:46:53.541363 Sync done -> model run start
2026-04-21 12:46:53.541352 Sync done -> model run start
3 4.889 [1.1867949629668146, 1.0196379669941962, 0.9834602470509708, 1.1181889888830483, 0.5810125090647489]
0 5.0 [1.209258781047538, 1.0483655098360032, 1.0936319488100708, 1.0692379320971668, 0.5794415769632906]
1 4.895 [1.2061061379499733, 1.0058468750212342, 0.9832847791258246, 1.1165258181281388, 0.5833019269630313]
2 5.031 [1.2676229260396212, 1.1104743799660355, 1.1370819858275354, 0.9493726219516248, 0.5664978260174394]
2026-04-21 12:47:07.231342 Sync done -> model run start
2026-04-21 12:47:07.251232 Sync done -> model run start
2026-04-21 12:47:07.278338 Sync done -> model run start
2026-04-21 12:47:07.294900 Sync done -> model run start
1 3.693 [1.0420719110406935, 0.866840983973816, 0.590842688921839, 0.6033939949702471, 0.5893167580943555]
3 3.676 [1.07686599297449, 0.8150480610784143, 0.6238471439573914, 0.5802035131491721, 0.5803438250441104]
2026-04-21 12:47:21.674912 Sync done -> model run start
2026-04-21 12:47:21.701426 Sync done -> model run start
2026-04-21 12:47:21.708205 Sync done -> model run start
2026-04-21 12:47:21.729934 Sync done -> model run start
0 3.713 [0.608500445028767, 0.584886213997379, 1.0170013580936939, 0.9282360789366066, 0.5739224571734667]
3 3.701 [0.6016046898439527, 0.5850586090236902, 1.056306621991098, 0.8839380219578743, 0.573809488909319]
1 3.759 [0.6010244330391288, 0.5844931427855045, 1.1579161221161485, 0.8423834971617907, 0.5733285010792315]
2 3.788 [0.6473185229115188, 0.5845577782019973, 1.1039877380244434, 0.8807318899780512, 0.57120350911282]
2026-04-21 12:47:36.115442 Sync done -> model run start
2026-04-21 12:47:36.130051 Sync done -> model run start
2026-04-21 12:47:36.147592 Sync done -> model run start
2026-04-21 12:47:36.170062 Sync done -> model run start
2 4.919 [0.6004216878209263, 1.056304614059627, 1.202123842900619, 1.0550932148471475, 1.0048860150855035]
0 4.954 [0.6061276039108634, 1.0677665481343865, 1.200980253983289, 1.0570782080758363, 1.021486887941137]
3 4.993 [0.6005894469562918, 1.2664628641214222, 1.105748226866126, 1.1320272420998663, 0.8881532892119139]
1 5.049 [0.6261197649873793, 1.0878810009453446, 1.2395953659433872, 1.149576340103522, 0.9459543158300221]
2026-04-21 12:47:50.197854 Sync done -> model run start
2026-04-21 12:47:50.221998 Sync done -> model run start
2026-04-21 12:47:50.241565 Sync done -> model run start
2026-04-21 12:47:50.256041 Sync done -> model run start
0 3.317 [0.6021029439289123, 0.5862992550246418, 0.5724714968819171, 0.5716877500526607, 0.9838061679620296]
3 3.371 [0.5958349469583482, 0.5861986309755594, 0.5752187259495258, 0.5747837799135596, 1.0385344470851123]
2 3.432 [0.5977899921126664, 0.5845209290273488, 0.5752231010701507, 0.573906232137233, 1.1001187940128148]
1 3.619 [0.5984611879102886, 0.6299852340016514, 0.573189201997593, 0.6230640630237758, 1.1937021841295063]
2026-04-21 12:48:05.137185 Sync done -> model run start
2026-04-21 12:48:05.156523 Sync done -> model run start
2026-04-21 12:48:05.179036 Sync done -> model run start
2026-04-21 12:48:05.213149 Sync done -> model run start
0 4.048 [0.6275774438399822, 0.5871136409696192, 0.5728959871921688, 1.0680096689611673, 1.1919429481495172]
3 4.051 [0.6123828149866313, 0.5845091198571026, 0.5736175458878279, 1.123225968098268, 1.1565959469880909]
1 4.046 [0.6271495288237929, 0.5905590958427638, 0.5747175950091332, 1.0789363458752632, 1.1747115550097078]
2 4.141 [0.6160619668662548, 0.6323220101185143, 0.578257059911266, 1.2891987201292068, 1.0249398879241198]
2026-04-21 12:48:20.600362 Sync done -> model run start
2026-04-21 12:48:20.619083 Sync done -> model run start
2026-04-21 12:48:20.638918 Sync done -> model run start
2026-04-21 12:48:20.654606 Sync done -> model run start
0 4.196 [0.5994759500026703, 0.5839169998653233, 0.9198443170171231, 1.2128341950010508, 0.8800699401181191]
3 4.234 [0.596149817109108, 0.585418556118384, 0.9652558120433241, 1.2168494400102645, 0.8701650821603835]
1 4.483 [0.5983435590751469, 0.6301200010348111, 1.0563334859907627, 1.2290900191292167, 0.9693286118563265]
2 4.525 [0.5954215382225811, 0.584873037179932, 0.9402002808637917, 1.3779526830185205, 1.0259695949498564]
2026-04-21 12:48:35.007305 Sync done -> model run start
2026-04-21 12:48:35.015122 Sync done -> model run start
2026-04-21 12:48:35.038347 Sync done -> model run start
2026-04-21 12:48:35.056048 Sync done -> model run start
0 2.911 [0.6017056931741536, 0.5895214171614498, 0.5737469978630543, 0.5722102338913828, 0.5733841359615326]
2 2.906 [0.594056294998154, 0.5867256461642683, 0.5753501169383526, 0.5749222030863166, 0.574797045905143]
3 2.909 [0.5951974368654191, 0.5879609540570527, 0.573554967995733, 0.5744844959117472, 0.5775081301108003]
1 3.046 [0.649084473028779, 0.5969032640568912, 0.6093753532040864, 0.5731361149810255, 0.6170078769791871]
2026-04-21 12:48:49.210722 Sync done -> model run start
2026-04-21 12:48:49.221914 Sync done -> model run start
2026-04-21 12:48:49.239987 Sync done -> model run start
2026-04-21 12:48:49.253410 Sync done -> model run start
3 4.022 [0.604144967161119, 1.0650138601195067, 1.1652966090478003, 0.6133376949001104, 0.5745002890471369]
1 3.977 [0.6013200820889324, 1.0275075940880924, 1.193886605789885, 0.5787065229378641, 0.5750026311725378]
0 4.117 [0.6514478619210422, 1.10960379592143, 1.1690772720612586, 0.5950446908827871, 0.5917289222124964]
2 4.095 [0.6001574301626533, 1.0511530779767781, 1.299122303025797, 0.574026124086231, 0.5705612930469215]
2026-04-21 12:49:03.533675 Sync done -> model run start
2026-04-21 12:49:03.555350 Sync done -> model run start
2026-04-21 12:49:03.567483 Sync done -> model run start
2026-04-21 12:49:03.579386 Sync done -> model run start
2 3.997 [0.6060133040882647, 1.0479941507801414, 1.1864291031379253, 0.577993931947276, 0.5785664829891175]
1 4.044 [0.6195182539522648, 1.0757279018871486, 1.180113815004006, 0.5813514720648527, 0.5870358790270984]
3 4.09 [0.609615946887061, 1.0503191428724676, 1.2579684199299663, 0.587615406839177, 0.5844386490061879]
0 4.151 [0.6080922549590468, 1.1206804940011352, 1.2164270128123462, 0.626997551182285, 0.5783471087925136]
2026-04-21 12:49:08.819003 Sync done -> model run start
net_times: [[46.153, 1.051, 1210368, 605184], [7.202, 1.06, 1210368, 605184], [8.979, 1.046, 1210368, 605184], [9.166, 1.046, 1210368, 605184], [7.572, 1.141, 1210368, 605184], [9.703, 1.051, 1210368, 605184], [9.831, 1.176, 1210368, 605184], [8.23, 1.047, 1210368, 605184], [9.705, 1.044, 1210368, 605184], [8.731, 1.047, 1210368, 605184]]
echo 'race4fun' | sudo -S sh -c 'journalctl --since "2026-04-21 12:46:06.514062" --until "2026-04-21 12:49:08.819003" -k -o short-iso '| grep -i -E 'throttle|throttled|thermal|cpufreq|under-voltage|voltage'
