ALL SYNC
2026-04-21 13:26:02.410656 Sync done -> model run start
2026-04-21 13:26:02.410656 Sync done -> model run start
2026-04-21 13:26:02.410656 Sync done -> model run start
2026-04-21 13:26:02.410658 Sync done -> model run start
2 2.577 [0.5488139051012695, 0.5021490610670298, 0.5258533561136574, 0.5130659798160195, 0.48690581414848566]
1 2.616 [0.5488139051012695, 0.5107743770349771, 0.5598655608482659, 0.5085798059590161, 0.4879691929090768]
0 2.829 [0.5664078679401428, 0.5365281400736421, 0.7126216839533299, 0.5129584800451994, 0.5003917790018022]
3 2.588 [0.5488140089437366, 0.5087124621495605, 0.527599232038483, 0.5126365548931062, 0.4900393378920853]
2026-04-21 13:26:05.647377 Sync done -> model run start
2026-04-21 13:26:05.647377 Sync done -> model run start
2026-04-21 13:26:05.660596 Sync done -> model run start
2026-04-21 13:26:05.682085 Sync done -> model run start
2 2.537 [0.5078106441069394, 0.49242270994000137, 0.4881062749773264, 0.5244027909357101, 0.5236589410342276]
3 2.533 [0.505952998995781, 0.49094990617595613, 0.48829424288123846, 0.5251042451709509, 0.522002283949405]
1 2.645 [0.5425215440336615, 0.5026557769160718, 0.49417868885211647, 0.5976943071000278, 0.5076852811034769]
0 2.675 [0.5104674010071903, 0.49254380189813673, 0.4883894508238882, 0.598926228005439, 0.5840949041303247]
2026-04-21 13:26:08.711408 Sync done -> model run start
2026-04-21 13:26:08.716878 Sync done -> model run start
2026-04-21 13:26:08.732204 Sync done -> model run start
2026-04-21 13:26:08.781230 Sync done -> model run start
0 2.537 [0.5089652210008353, 0.49086042609997094, 0.4883863260038197, 0.5196246400009841, 0.5286550070159137]
1 2.537 [0.5093699060380459, 0.4911035511177033, 0.4894404869992286, 0.5224724370054901, 0.5248003411106765]
3 2.602 [0.4985069988761097, 0.5197908899281174, 0.5098327158484608, 0.5233767551835626, 0.5504594671074301]
2 2.688 [0.5058596660383046, 0.4907696461305022, 0.48943527904339135, 0.6337568659801036, 0.5677224439568818]
2026-04-21 13:26:11.816344 Sync done -> model run start
2026-04-21 13:26:11.820938 Sync done -> model run start
2026-04-21 13:26:11.828136 Sync done -> model run start
2026-04-21 13:26:11.842746 Sync done -> model run start
3 2.521 [0.4989491319283843, 0.48852788796648383, 0.4882515349891037, 0.5216641079168767, 0.5236344099976122]
0 2.603 [0.5446687710937113, 0.48742825794033706, 0.48783393390476704, 0.5627808570861816, 0.5201635961420834]
1 2.515 [0.5002602699678391, 0.4883416388183832, 0.48816736903972924, 0.5116601008921862, 0.5265450179576874]
2026-04-21 13:26:14.862066 Sync done -> model run start
2026-04-21 13:26:14.897748 Sync done -> model run start
2026-04-21 13:26:14.913974 Sync done -> model run start
2026-04-21 13:26:14.918277 Sync done -> model run start
0 2.492 [0.5134636338334531, 0.49661596678197384, 0.4981822611298412, 0.4915308919735253, 0.49222567887045443]
3 2.476 [0.5019202081020921, 0.4954587339889258, 0.49570347205735743, 0.49173255707137287, 0.4907294379081577]
1 2.52 [0.5121835370082408, 0.5046208188869059, 0.5031971281860024, 0.5038771238178015, 0.4958310241345316]
2 2.563 [0.5042304040398449, 0.5429387290496379, 0.4987400700338185, 0.4923664079979062, 0.5243890930432826]
2026-04-21 13:26:17.562128 Sync done -> model run start
net_times: [[2.044, 0.0, 802816, 0], [0.002, 0.0, 802816, 0], [0.002, 0.0, 802816, 0], [0.002, 0.0, 802816, 0], [0.002, 0.0, 802816, 0]]
echo 'race4fun' | sudo -S sh -c 'journalctl --since "2026-04-21 13:25:59.388679" --until "2026-04-21 13:26:17.562128" -k -o short-iso '| grep -i -E 'throttle|throttled|thermal|cpufreq|under-voltage|voltage'
