ALL SYNC
2026-04-21 13:26:57.863854 Sync done -> model run start
2026-04-21 13:26:57.863854 Sync done -> model run start
2026-04-21 13:26:57.863854 Sync done -> model run start
2026-04-21 13:26:57.863855 Sync done -> model run start
0 1.66 [0.3639324789401144, 0.3445975608192384, 0.3170045521110296, 0.3170641348697245, 0.3172906960826367]
2 1.665 [0.3680956910829991, 0.3449255800805986, 0.31725554005242884, 0.3172234049998224, 0.3176028309389949]
1 1.674 [0.3649096100125462, 0.3565988119225949, 0.31736803986132145, 0.3165091888513416, 0.3181239739060402]
3 1.734 [0.3899821611121297, 0.35292127495631576, 0.31704116612672806, 0.31662163604050875, 0.3571693829726428]
2026-04-21 13:27:02.002708 Sync done -> model run start
2026-04-21 13:27:02.003177 Sync done -> model run start
2026-04-21 13:27:02.014003 Sync done -> model run start
2026-04-21 13:27:02.054021 Sync done -> model run start
1 1.624 [0.33236386394128203, 0.323847598163411, 0.321829168824479, 0.32285057101398706, 0.32261984306387603]
3 1.615 [0.3306304330471903, 0.3222293748985976, 0.32015204010531306, 0.3211602650117129, 0.3210248490795493]
2 1.644 [0.3255148830357939, 0.3210354740731418, 0.3197362080682069, 0.3644127920269966, 0.31326628802344203]
0 1.624 [0.332668132847175, 0.3238473900128156, 0.32182364794425666, 0.3228504150174558, 0.32261979090981185]
2026-04-21 13:27:08.095836 Sync done -> model run start
2026-04-21 13:27:08.097194 Sync done -> model run start
2026-04-21 13:27:08.104835 Sync done -> model run start
2026-04-21 13:27:08.148389 Sync done -> model run start
1 1.609 [0.3319020979106426, 0.3208809979259968, 0.3195769409649074, 0.31767934607341886, 0.3185142900329083]
0 1.604 [0.3309548618271947, 0.32019287603907287, 0.3183781439438462, 0.31729825399816036, 0.3174041898455471]
2 1.609 [0.3329720930196345, 0.31986360694281757, 0.3191752238199115, 0.31771122105419636, 0.3187172580510378]
3 1.637 [0.32534436509013176, 0.32000324106775224, 0.3266033190302551, 0.3548123149666935, 0.3103567201178521]
2026-04-21 13:27:14.085114 Sync done -> model run start
2026-04-21 13:27:14.090378 Sync done -> model run start
2026-04-21 13:27:14.101728 Sync done -> model run start
2026-04-21 13:27:14.139191 Sync done -> model run start
1 1.598 [0.3256087419576943, 0.31840022979304194, 0.31792486691847444, 0.31803054502233863, 0.3182028881274164]
3 1.596 [0.32376973889768124, 0.3181938237976283, 0.3177968990057707, 0.31793064903467894, 0.31817262805998325]
2 1.633 [0.3237571350764483, 0.31889767688699067, 0.3179103881120682, 0.36218322394415736, 0.30999781796708703]
0 1.598 [0.32623410411179066, 0.3185186160262674, 0.3181592938490212, 0.31753497407771647, 0.3174975789152086]
2026-04-21 13:27:20.094625 Sync done -> model run start
2026-04-21 13:27:20.098125 Sync done -> model run start
2026-04-21 13:27:20.108952 Sync done -> model run start
2026-04-21 13:27:20.122500 Sync done -> model run start
0 1.656 [0.3525359760969877, 0.3193852810654789, 0.31815684912726283, 0.34511142410337925, 0.320532568031922]
1 1.658 [0.3555241918656975, 0.3196401239838451, 0.31821794295683503, 0.34128966997377574, 0.3226610489655286]
3 1.663 [0.3562011169269681, 0.318984136916697, 0.31786919408477843, 0.3494036460760981, 0.3204486630856991]
2 1.728 [0.37561072292737663, 0.32328240014612675, 0.3253979121800512, 0.3926287260837853, 0.310541985090822]
2026-04-21 13:27:22.100763 Sync done -> model run start
net_times: [[11.347, 0.173, 401408, 100352], [1.888, 0.156, 401408, 100352], [3.894, 0.179, 401408, 100352], [3.754, 0.179, 401408, 100352], [3.757, 0.179, 401408, 100352]]
echo 'race4fun' | sudo -S sh -c 'journalctl --since "2026-04-21 13:26:45.215311" --until "2026-04-21 13:27:22.100763" -k -o short-iso '| grep -i -E 'throttle|throttled|thermal|cpufreq|under-voltage|voltage'
