ALL SYNC
2026-04-21 13:26:53.652799 Sync done -> model run start
2026-04-21 13:26:53.652795 Sync done -> model run start
2026-04-21 13:26:53.652797 Sync done -> model run start
2026-04-21 13:26:53.652795 Sync done -> model run start
1 2.079 [0.48078010394237936, 0.4130071559920907, 0.3993964409455657, 0.39347024890594184, 0.39237962500192225]
3 2.09 [0.48288932093419135, 0.4153613201342523, 0.4026959689799696, 0.39498597709462047, 0.3934614988975227]
0 2.112 [0.49040472880005836, 0.41633256897330284, 0.4041918530128896, 0.3977968068793416, 0.40359633206389844]
2 2.166 [0.5146593381650746, 0.42480505909770727, 0.398120088968426, 0.4413280610460788, 0.3865574961528182]
2026-04-21 13:26:58.950430 Sync done -> model run start
2026-04-21 13:26:58.954468 Sync done -> model run start
2026-04-21 13:26:58.965398 Sync done -> model run start
2026-04-21 13:26:58.990612 Sync done -> model run start
0 2.004 [0.4162078241351992, 0.4019706519320607, 0.4014866938814521, 0.3916763390880078, 0.3927291501313448]
1 2.012 [0.420979225076735, 0.4026202871464193, 0.40179382893256843, 0.39125972520560026, 0.39483008603565395]
2 2.023 [0.42109235003590584, 0.4036698688287288, 0.4021876819897443, 0.39615159505046904, 0.3995044562034309]
3 2.077 [0.4496588287875056, 0.4044549730606377, 0.4481807048432529, 0.393677013926208, 0.3808477569837123]
2026-04-21 13:27:04.970224 Sync done -> model run start
2026-04-21 13:27:04.983798 Sync done -> model run start
2026-04-21 13:27:04.998485 Sync done -> model run start
2026-04-21 13:27:05.011600 Sync done -> model run start
0 1.994 [0.4224616119172424, 0.39486383087933064, 0.39069977309554815, 0.3932019560597837, 0.3926828419789672]
2 1.989 [0.41465662186965346, 0.39604674582369626, 0.3913451361004263, 0.39291674899868667, 0.3941978400107473]
3 1.99 [0.41308865416795015, 0.39647695305757225, 0.39197602099739015, 0.3927916958928108, 0.39576231804676354]
1 2.083 [0.4680136968381703, 0.3954917988739908, 0.400855905842036, 0.4340319619514048, 0.3843106119893491]
2026-04-21 13:27:10.961571 Sync done -> model run start
2026-04-21 13:27:10.968242 Sync done -> model run start
2026-04-21 13:27:10.978491 Sync done -> model run start
2026-04-21 13:27:10.989381 Sync done -> model run start
1 1.976 [0.4103020359762013, 0.3923700249288231, 0.3900344017893076, 0.39195460779592395, 0.39131674403324723]
2 1.98 [0.4100010469555855, 0.3923404940869659, 0.3905716419685632, 0.3941670008935034, 0.39314387715421617]
3 1.983 [0.4120155239943415, 0.39250215981155634, 0.39025310007855296, 0.39369726297445595, 0.39400830399245024]
0 2.065 [0.4584714090451598, 0.3907872138079256, 0.38936393498443067, 0.43961627199314535, 0.3862879481166601]
2026-04-21 13:27:16.950114 Sync done -> model run start
2026-04-21 13:27:16.956507 Sync done -> model run start
2026-04-21 13:27:16.966105 Sync done -> model run start
2026-04-21 13:27:16.976240 Sync done -> model run start
0 1.999 [0.40936421789228916, 0.3947440260089934, 0.39689428405836225, 0.39980375906452537, 0.39829876087605953]
2 2.015 [0.41176786087453365, 0.3976011590566486, 0.3990060531068593, 0.40624286606907845, 0.4001967280637473]
3 2.041 [0.4200733720790595, 0.40005740500055254, 0.4048519830685109, 0.41467311698943377, 0.4013027681503445]
1 2.107 [0.4618461369536817, 0.39661115990020335, 0.39946146798320115, 0.4509646899532527, 0.39735256414860487]
2026-04-21 13:27:19.835132 Sync done -> model run start
net_times: [[7.944, 0.696, 802816, 401408], [2.212, 0.625, 802816, 401408], [3.061, 0.713, 802816, 401408], [2.976, 0.699, 802816, 401408], [2.979, 0.7, 802816, 401408]]
echo 'race4fun' | sudo -S sh -c 'journalctl --since "2026-04-21 13:26:45.220544" --until "2026-04-21 13:27:19.835132" -k -o short-iso '| grep -i -E 'throttle|throttled|thermal|cpufreq|under-voltage|voltage'
