ALL SYNC
2026-04-21 13:27:00.262617 Sync done -> model run start
2026-04-21 13:27:00.262616 Sync done -> model run start
2026-04-21 13:27:00.262616 Sync done -> model run start
2026-04-21 13:27:00.262616 Sync done -> model run start
3 0.04 [0.03282299288548529, 0.0022455600555986166, 0.0015566579531878233, 0.0018833749927580357, 0.0016111889854073524]
0 0.04 [0.03281960799358785, 0.0020781131461262703, 0.0017219181172549725, 0.0018829060718417168, 0.001611553132534027]
2 0.041 [0.03281955583952367, 0.002078009070828557, 0.0019610831514000893, 0.0021934770047664642, 0.0019006661605089903]
1 0.044 [0.03281971183605492, 0.00363242719322443, 0.0020566550083458424, 0.00258258986286819, 0.002408006926998496]
2026-04-21 13:27:03.959901 Sync done -> model run start
2026-04-21 13:27:03.960657 Sync done -> model run start
2026-04-21 13:27:03.970999 Sync done -> model run start
2026-04-21 13:27:03.971037 Sync done -> model run start
0 0.014 [0.005819289945065975, 0.001721343956887722, 0.002625505905598402, 0.0015213980805128813, 0.002089624060317874]
2 0.014 [0.0057371549773961306, 0.0026893599424511194, 0.0016027509700506926, 0.0018251980654895306, 0.0022139460779726505]
1 0.014 [0.0063967350870370865, 0.0017179069109261036, 0.0018762918189167976, 0.0017337410245090723, 0.0015654601156711578]
3 0.019 [0.008583493065088987, 0.0018201458733528852, 0.001496658194810152, 0.0014297841116786003, 0.005049190018326044]
2026-04-21 13:27:10.108543 Sync done -> model run start
2026-04-21 13:27:10.108543 Sync done -> model run start
2026-04-21 13:27:10.111650 Sync done -> model run start
2026-04-21 13:27:10.111650 Sync done -> model run start
1 0.016 [0.006897148909047246, 0.0021704561077058315, 0.0020892589818686247, 0.0022901438642293215, 0.002162070944905281]
0 0.016 [0.0068920450285077095, 0.002173373010009527, 0.002089363057166338, 0.0022906120866537094, 0.002162383869290352]
3 0.016 [0.00682688900269568, 0.002398216165602207, 0.0023260810412466526, 0.0021248310804367065, 0.0018469160422682762]
2 0.016 [0.00682506593875587, 0.002398059004917741, 0.002335352124646306, 0.0021242068614810705, 0.0018355629872530699]
2026-04-21 13:27:16.096625 Sync done -> model run start
2026-04-21 13:27:16.096636 Sync done -> model run start
2026-04-21 13:27:16.101841 Sync done -> model run start
2026-04-21 13:27:16.103694 Sync done -> model run start
0 0.014 [0.006202413002029061, 0.001976446947082877, 0.002000353066250682, 0.0018829060718417168, 0.0018607699312269688]
1 0.014 [0.006097361911088228, 0.002023739041760564, 0.0019857699517160654, 0.0018835309892892838, 0.001861135009676218]
2 0.014 [0.007417042041197419, 0.001888427184894681, 0.0017982188146561384, 0.0017327507957816124, 0.0012235869653522968]
3 0.014 [0.00718943914398551, 0.0018201980274170637, 0.0017103028949350119, 0.0012234312016516924, 0.0011959830299019814]
2026-04-21 13:27:22.165084 Sync done -> model run start
2026-04-21 13:27:22.166738 Sync done -> model run start
2026-04-21 13:27:22.170494 Sync done -> model run start
2026-04-21 13:27:22.170500 Sync done -> model run start
0 0.016 [0.007837351178750396, 0.0018985311035066843, 0.0019019681494683027, 0.002064883941784501, 0.0024038921110332012]
1 0.017 [0.007855372969061136, 0.00213040504604578, 0.0022172790486365557, 0.0024047261103987694, 0.002128790132701397]
2 0.015 [0.0070105858612805605, 0.00225972686894238, 0.0020932171028107405, 0.001844832906499505, 0.0020140509586781263]
3 0.015 [0.007015898125246167, 0.002271392848342657, 0.0020932690240442753, 0.0018434789963066578, 0.002013790886849165]
2026-04-21 13:27:22.257837 Sync done -> model run start
net_times: [[14.596, 0.0, 100352, 0], [3.505, 0.0, 100352, 0], [5.937, 0.0, 100352, 0], [5.804, 0.0, 100352, 0], [5.879, 0.0, 100352, 0]]
echo 'race4fun' | sudo -S sh -c 'journalctl --since "2026-04-21 13:26:45.212693" --until "2026-04-21 13:27:22.257837" -k -o short-iso '| grep -i -E 'throttle|throttled|thermal|cpufreq|under-voltage|voltage'
