ALL SYNC
2026-04-21 13:25:58.821073 Sync done -> model run start
2026-04-21 13:25:58.821087 Sync done -> model run start
2026-04-21 13:25:58.821073 Sync done -> model run start
2026-04-21 13:25:58.821081 Sync done -> model run start
2 1.774 [0.4182501791510731, 0.3592078289948404, 0.326412137132138, 0.3177643620874733, 0.3517041120212525]
1 1.814 [0.42091464600525796, 0.37395646306686103, 0.331786957802251, 0.3329958589747548, 0.3539414459373802]
0 1.848 [0.4201073059812188, 0.36378431995399296, 0.3842866269405931, 0.32840343099087477, 0.3512266150210053]
2026-04-21 13:26:01.556317 Sync done -> model run start
2026-04-21 13:26:01.561573 Sync done -> model run start
2026-04-21 13:26:01.561589 Sync done -> model run start
2026-04-21 13:26:01.580925 Sync done -> model run start
2 1.684 [0.3575855460949242, 0.3511603130027652, 0.3249429790303111, 0.3285703060682863, 0.3219128348864615]
0 1.693 [0.3575851290952414, 0.35256244288757443, 0.3258204229641706, 0.3305208710953593, 0.32649594102986157]
1 1.731 [0.3630760950036347, 0.36924054892733693, 0.34699429012835026, 0.3252949039451778, 0.3266881799791008]
3 1.714 [0.37150605907663703, 0.3603679819498211, 0.32597495312802494, 0.3261576609220356, 0.32971285399980843]
2026-04-21 13:26:05.452776 Sync done -> model run start
2026-04-21 13:26:05.457196 Sync done -> model run start
2026-04-21 13:26:05.469870 Sync done -> model run start
2026-04-21 13:26:05.476523 Sync done -> model run start
0 1.596 [0.3471118430607021, 0.33119701594114304, 0.3058546769898385, 0.305940198013559, 0.30573009396903217]
2 1.596 [0.3514524488709867, 0.3282533308956772, 0.3041886421851814, 0.30455733905546367, 0.3078262829221785]
3 1.607 [0.3558188369497657, 0.3296265008393675, 0.3045791098847985, 0.30442609009332955, 0.311963401036337]
1 1.657 [0.3425921748857945, 0.37684317398816347, 0.30610441602766514, 0.3060287390835583, 0.325667770113796]
2026-04-21 13:26:08.528871 Sync done -> model run start
2026-04-21 13:26:08.542772 Sync done -> model run start
2026-04-21 13:26:08.549671 Sync done -> model run start
2026-04-21 13:26:08.567469 Sync done -> model run start
2 1.601 [0.3361968919634819, 0.33721527294255793, 0.30510733812116086, 0.3095536739565432, 0.31276595196686685]
1 1.609 [0.3411012969445437, 0.33514418895356357, 0.3067313421051949, 0.3104901269543916, 0.31546646007336676]
0 1.658 [0.32987171108834445, 0.34264769800938666, 0.3053737429436296, 0.3579220080282539, 0.32186523522250354]
3 1.622 [0.34955693897791207, 0.32985566882416606, 0.30647066608071327, 0.3155147929210216, 0.3208122190553695]
2026-04-21 13:26:11.618726 Sync done -> model run start
2026-04-21 13:26:11.626560 Sync done -> model run start
2026-04-21 13:26:11.631507 Sync done -> model run start
2026-04-21 13:26:11.640517 Sync done -> model run start
2 1.699 [0.37924405303783715, 0.3455689891707152, 0.32624245807528496, 0.31837670993991196, 0.32891145697794855]
1 1.678 [0.38144352310337126, 0.339588024886325, 0.325852301903069, 0.31644145702011883, 0.3140857389662415]
3 1.786 [0.39961979910731316, 0.40240166313014925, 0.33164680912159383, 0.31774452491663396, 0.333985029021278]
0 1.673 [0.37476818612776697, 0.34453185903839767, 0.32755078515037894, 0.3150824010372162, 0.31094799214042723]
2026-04-21 13:26:14.602951 Sync done -> model run start
net_times: [[0.0, 0.701, 0, 802816], [0.0, 1.974, 0, 802816], [0.0, 1.248, 0, 802816], [0.0, 1.248, 0, 802816], [0.0, 1.097, 0, 802816]]
echo 'race4fun' | sudo -S sh -c 'journalctl --since "2026-04-21 13:25:58.387390" --until "2026-04-21 13:26:14.602951" -k -o short-iso '| grep -i -E 'throttle|throttled|thermal|cpufreq|under-voltage|voltage'
