ALL SYNC
2026-04-21 13:26:51.549777 Sync done -> model run start
2026-04-21 13:26:51.549777 Sync done -> model run start
2026-04-21 13:26:51.549778 Sync done -> model run start
2026-04-21 13:26:51.549785 Sync done -> model run start
2 0.134 [0.040427148807793856, 0.028770901961252093, 0.023205357138067484, 0.020911044906824827, 0.020041777985170484]
0 0.137 [0.04095329181291163, 0.029883761890232563, 0.024753422010689974, 0.02153270784765482, 0.01944454200565815]
3 0.133 [0.04095334396697581, 0.02865100698545575, 0.022818743949756026, 0.02091031614691019, 0.019903132924810052]
1 0.147 [0.04042735695838928, 0.02891173609532416, 0.02310249302536249, 0.021967915119603276, 0.03206396009773016]
2026-04-21 13:26:57.214336 Sync done -> model run start
2026-04-21 13:26:57.266753 Sync done -> model run start
2026-04-21 13:26:57.341201 Sync done -> model run start
2026-04-21 13:26:57.425409 Sync done -> model run start
0 0.083 [0.021783801028504968, 0.01788147585466504, 0.011452964972704649, 0.015013313153758645, 0.016974344849586487]
1 0.096 [0.029974906938150525, 0.02656127791851759, 0.009536359924823046, 0.014884145930409431, 0.014517690055072308]
2 0.075 [0.023625927977263927, 0.018847200088202953, 0.012603273149579763, 0.011585984844714403, 0.007725066971033812]
3 0.047 [0.01445118011906743, 0.011140102054923773, 0.007151736179366708, 0.006970748072490096, 0.006946685025468469]
2026-04-21 13:27:03.208275 Sync done -> model run start
2026-04-21 13:27:03.251409 Sync done -> model run start
2026-04-21 13:27:03.315622 Sync done -> model run start
2026-04-21 13:27:03.385112 Sync done -> model run start
0 0.105 [0.025972164934501052, 0.01787491305731237, 0.027852677972987294, 0.017451686086133122, 0.015392269007861614]
1 0.116 [0.034339885925874114, 0.02167255198583007, 0.01751491497270763, 0.024336078902706504, 0.018055640859529376]
2 0.088 [0.0342569169588387, 0.019924852065742016, 0.011169477133080363, 0.010268128011375666, 0.01248066802509129]
3 0.063 [0.024585402105003595, 0.014533262932673097, 0.010023596929386258, 0.006951424991711974, 0.006895540049299598]
2026-04-21 13:27:09.224593 Sync done -> model run start
2026-04-21 13:27:09.272964 Sync done -> model run start
2026-04-21 13:27:09.341729 Sync done -> model run start
2026-04-21 13:27:09.404925 Sync done -> model run start
1 0.091 [0.024316861061379313, 0.02134968782775104, 0.013272540178149939, 0.016251535853371024, 0.015451851999387145]
0 0.088 [0.021718228003010154, 0.020849013002589345, 0.017890173941850662, 0.013174467021599412, 0.01441071112640202]
2 0.075 [0.026418362045660615, 0.018973710015416145, 0.010811250191181898, 0.008204282959923148, 0.009848336922004819]
3 0.053 [0.014649928081780672, 0.014703158056363463, 0.009249798022210598, 0.007024965947493911, 0.006944185122847557]
2026-04-21 13:27:15.194107 Sync done -> model run start
2026-04-21 13:27:15.235728 Sync done -> model run start
2026-04-21 13:27:15.297820 Sync done -> model run start
2026-04-21 13:27:15.377672 Sync done -> model run start
1 0.121 [0.03448727889917791, 0.019297770923003554, 0.018066213931888342, 0.022947127930819988, 0.02585810306482017]
2 0.093 [0.03203052096068859, 0.02128713601268828, 0.014153525000438094, 0.01155822491273284, 0.013387538958340883]
0 0.106 [0.024803993990644813, 0.017971057910472155, 0.022757180966436863, 0.024498682003468275, 0.01575497491285205]
3 0.059 [0.02266416000202298, 0.014401283813640475, 0.00796303409151733, 0.0070210599806159735, 0.006927778013050556]
2026-04-21 13:27:16.851230 Sync done -> model run start
net_times: [[5.825, 1.38, 3211264, 802816], [3.886, 1.302, 3211264, 802816], [4.214, 1.336, 3211264, 802816], [4.205, 1.325, 3211264, 802816], [4.185, 1.326, 3211264, 802816]]
echo 'race4fun' | sudo -S sh -c 'journalctl --since "2026-04-21 13:26:45.216532" --until "2026-04-21 13:27:16.851230" -k -o short-iso '| grep -i -E 'throttle|throttled|thermal|cpufreq|under-voltage|voltage'
