<<<<<<<< HEAD:logs/roofline/resnet18_children_bramble-4-5/1/4_size/2_1/speed_heatbramble-4-5-17.log
TIME:11:52:03
42932
cpu:0.91, 0.42, 0.26,freq:frequency(48)=900000000,throttle_flag:throttled=0x50000,voltage:volt=1.2875V,volt=1.2500V,volt=1.2500V,volt=1.2250V
TIME:11:52:04
43470
cpu:0.91, 0.43, 0.27,freq:frequency(48)=600000000,throttle_flag:throttled=0x50005,voltage:volt=1.2000V,volt=1.2500V,volt=1.2500V,volt=1.2250V
TIME:11:52:05
43470
cpu:0.91, 0.43, 0.27,freq:frequency(48)=600000000,throttle_flag:throttled=0x50005,voltage:volt=1.2000V,volt=1.2500V,volt=1.2500V,volt=1.2250V
TIME:11:52:06
42932
cpu:0.91, 0.43, 0.27,freq:frequency(48)=1400000000,throttle_flag:throttled=0x50000,voltage:volt=1.3938V,volt=1.2500V,volt=1.2500V,volt=1.2250V
TIME:11:52:08
43470
cpu:0.91, 0.43, 0.27,freq:frequency(48)=1399998000,throttle_flag:throttled=0x50000,voltage:volt=1.3938V,volt=1.2500V,volt=1.2500V,volt=1.2250V
TIME:11:52:09
42932
cpu:0.91, 0.43, 0.27,freq:frequency(48)=1400000000,throttle_flag:throttled=0x50000,voltage:volt=1.3938V,volt=1.2500V,volt=1.2500V,volt=1.2250V
TIME:11:52:10
43470
cpu:0.84, 0.42, 0.27,freq:frequency(48)=600000000,throttle_flag:throttled=0x50000,voltage:volt=1.2875V,volt=1.2500V,volt=1.2500V,volt=1.2250V
TIME:11:52:11
43470
cpu:0.84, 0.42, 0.27,freq:frequency(48)=1400000000,throttle_flag:throttled=0x50000,voltage:volt=1.3938V,volt=1.2500V,volt=1.2500V,volt=1.2250V
TIME:11:52:12
43470
cpu:0.84, 0.42, 0.27,freq:frequency(48)=1399998000,throttle_flag:throttled=0x50000,voltage:volt=1.3938V,volt=1.2500V,volt=1.2500V,volt=1.2250V
TIME:11:52:13
42932
cpu:0.84, 0.42, 0.27,freq:frequency(48)=1400000000,throttle_flag:throttled=0x50000,voltage:volt=1.3938V,volt=1.2500V,volt=1.2500V,volt=1.2250V
TIME:11:52:14
44008
cpu:0.77, 0.41, 0.26,freq:frequency(48)=1400000000,throttle_flag:throttled=0x50000,voltage:volt=1.3938V,volt=1.2500V,volt=1.2500V,volt=1.2250V
TIME:11:52:15
44008
cpu:0.77, 0.41, 0.26,freq:frequency(48)=600000000,throttle_flag:throttled=0x50000,voltage:volt=1.2875V,volt=1.2500V,volt=1.2500V,volt=1.2250V
TIME:11:52:16
42932
cpu:0.77, 0.41, 0.26,freq:frequency(48)=600000000,throttle_flag:throttled=0x50000,voltage:volt=1.2875V,volt=1.2500V,volt=1.2500V,volt=1.2250V
TIME:11:52:17
42932
cpu:0.77, 0.41, 0.26,freq:frequency(48)=700000000,throttle_flag:throttled=0x50000,voltage:volt=1.2875V,volt=1.2500V,volt=1.2500V,volt=1.2250V
TIME:11:52:18
42932
cpu:0.77, 0.41, 0.26,freq:frequency(48)=800000000,throttle_flag:throttled=0x50000,voltage:volt=1.2875V,volt=1.2500V,volt=1.2500V,volt=1.2250V
TIME:11:52:20
42932
cpu:0.71, 0.40, 0.26,freq:frequency(48)=700000000,throttle_flag:throttled=0x50000,voltage:volt=1.2875V,volt=1.2500V,volt=1.2500V,volt=1.2250V
TIME:11:52:21
42394
cpu:0.71, 0.40, 0.26,freq:frequency(48)=600000000,throttle_flag:throttled=0x50000,voltage:volt=1.2875V,volt=1.2500V,volt=1.2500V,volt=1.2250V
TIME:11:52:22
42932
cpu:0.71, 0.40, 0.26,freq:frequency(48)=600000000,throttle_flag:throttled=0x50000,voltage:volt=1.2875V,volt=1.2500V,volt=1.2500V,volt=1.2250V
TIME:11:52:23
42932
cpu:0.71, 0.40, 0.26,freq:frequency(48)=600000000,throttle_flag:throttled=0x50000,voltage:volt=1.2875V,volt=1.2500V,volt=1.2500V,volt=1.2250V
TIME:11:52:24
42394
cpu:0.65, 0.40, 0.26,freq:frequency(48)=800000000,throttle_flag:throttled=0x50000,voltage:volt=1.2875V,volt=1.2500V,volt=1.2500V,volt=1.2250V
TIME:11:52:25
42932
cpu:0.65, 0.40, 0.26,freq:frequency(48)=800000000,throttle_flag:throttled=0x50000,voltage:volt=1.2875V,volt=1.2500V,volt=1.2500V,volt=1.2250V
TIME:11:52:26
42394
cpu:0.65, 0.40, 0.26,freq:frequency(48)=800000000,throttle_flag:throttled=0x50000,voltage:volt=1.2875V,volt=1.2500V,volt=1.2500V,volt=1.2250V
TIME:11:52:27
42932
cpu:0.65, 0.40, 0.26,freq:frequency(48)=800000000,throttle_flag:throttled=0x50000,voltage:volt=1.2875V,volt=1.2500V,volt=1.2500V,volt=1.2250V
TIME:11:52:28
42932
cpu:0.65, 0.40, 0.26,freq:frequency(48)=800000000,throttle_flag:throttled=0x50000,voltage:volt=1.2875V,volt=1.2500V,volt=1.2500V,volt=1.2250V
TIME:11:52:30
42932
cpu:0.60, 0.39, 0.26,freq:frequency(48)=800000000,throttle_flag:throttled=0x50000,voltage:volt=1.2875V,volt=1.2500V,volt=1.2500V,volt=1.2250V
TIME:11:52:31
42394
cpu:0.60, 0.39, 0.26,freq:frequency(48)=800000000,throttle_flag:throttled=0x50000,voltage:volt=1.2875V,volt=1.2500V,volt=1.2500V,volt=1.2250V
TIME:11:52:32
42932
cpu:0.60, 0.39, 0.26,freq:frequency(48)=800002000,throttle_flag:throttled=0x50000,voltage:volt=1.2875V,volt=1.2500V,volt=1.2500V,volt=1.2250V
TIME:11:52:33
42394
cpu:0.60, 0.39, 0.26,freq:frequency(48)=900000000,throttle_flag:throttled=0x50000,voltage:volt=1.2875V,volt=1.2500V,volt=1.2500V,volt=1.2250V
TIME:11:52:34
42932
cpu:0.55, 0.38, 0.26,freq:frequency(48)=800000000,throttle_flag:throttled=0x50000,voltage:volt=1.2875V,volt=1.2500V,volt=1.2500V,volt=1.2250V
TIME:11:52:35
42932
cpu:0.55, 0.38, 0.26,freq:frequency(48)=1400000000,throttle_flag:throttled=0x50000,voltage:volt=1.3938V,volt=1.2500V,volt=1.2500V,volt=1.2250V
TIME:11:52:36
42932
cpu:0.55, 0.38, 0.26,freq:frequency(48)=600000000,throttle_flag:throttled=0x50005,voltage:volt=1.2000V,volt=1.2500V,volt=1.2500V,volt=1.2250V
TIME:11:52:38
42932
cpu:0.55, 0.38, 0.26,freq:frequency(48)=600000000,throttle_flag:throttled=0x50005,voltage:volt=1.2000V,volt=1.2500V,volt=1.2500V,volt=1.2250V
TIME:11:52:39
42932
cpu:0.55, 0.38, 0.26,freq:frequency(48)=1400000000,throttle_flag:throttled=0x50000,voltage:volt=1.3938V,volt=1.2500V,volt=1.2500V,volt=1.2250V
TIME:11:52:40
44008
cpu:0.51, 0.38, 0.26,freq:frequency(48)=1400000000,throttle_flag:throttled=0x50000,voltage:volt=1.3938V,volt=1.2500V,volt=1.2500V,volt=1.2250V
TIME:11:52:41
43470
cpu:0.51, 0.38, 0.26,freq:frequency(48)=700000000,throttle_flag:throttled=0x50000,voltage:volt=1.2875V,volt=1.2500V,volt=1.2500V,volt=1.2250V
TIME:11:52:42
42932
cpu:0.51, 0.38, 0.26,freq:frequency(48)=600000000,throttle_flag:throttled=0x50000,voltage:volt=1.2875V,volt=1.2500V,volt=1.2500V,volt=1.2250V
TIME:11:52:43
42932
cpu:0.51, 0.38, 0.26,freq:frequency(48)=600000000,throttle_flag:throttled=0x50000,voltage:volt=1.2875V,volt=1.2500V,volt=1.2500V,volt=1.2250V
TIME:11:52:44
42932
cpu:0.55, 0.39, 0.26,freq:frequency(48)=600000000,throttle_flag:throttled=0x50000,voltage:volt=1.2875V,volt=1.2500V,volt=1.2500V,volt=1.2250V
TIME:11:52:45
42932
cpu:0.55, 0.39, 0.26,freq:frequency(48)=800000000,throttle_flag:throttled=0x50000,voltage:volt=1.2875V,volt=1.2500V,volt=1.2500V,volt=1.2250V
TIME:11:52:46
42932
cpu:0.55, 0.39, 0.26,freq:frequency(48)=700000000,throttle_flag:throttled=0x50000,voltage:volt=1.2875V,volt=1.2500V,volt=1.2500V,volt=1.2250V
TIME:11:52:47
42394
cpu:0.55, 0.39, 0.26,freq:frequency(48)=600000000,throttle_flag:throttled=0x50000,voltage:volt=1.2875V,volt=1.2500V,volt=1.2500V,volt=1.2250V
TIME:11:52:49
41856
cpu:0.55, 0.39, 0.26,freq:frequency(48)=600000000,throttle_flag:throttled=0x50000,voltage:volt=1.2875V,volt=1.2500V,volt=1.2500V,volt=1.2250V
TIME:11:52:50
42932
cpu:0.50, 0.38, 0.26,freq:frequency(48)=600000000,throttle_flag:throttled=0x50000,voltage:volt=1.2875V,volt=1.2500V,volt=1.2500V,volt=1.2250V
TIME:11:52:51
41856
cpu:0.50, 0.38, 0.26,freq:frequency(48)=600000000,throttle_flag:throttled=0x50000,voltage:volt=1.2875V,volt=1.2500V,volt=1.2500V,volt=1.2250V
TIME:11:52:52
42394
cpu:0.50, 0.38, 0.26,freq:frequency(48)=600000000,throttle_flag:throttled=0x50000,voltage:volt=1.2875V,volt=1.2500V,volt=1.2500V,volt=1.2250V
TIME:11:52:53
42394
cpu:0.50, 0.38, 0.26,freq:frequency(48)=800000000,throttle_flag:throttled=0x50000,voltage:volt=1.2875V,volt=1.2500V,volt=1.2500V,volt=1.2250V
TIME:11:52:54
42932
cpu:0.46, 0.37, 0.26,freq:frequency(48)=800000000,throttle_flag:throttled=0x50000,voltage:volt=1.2875V,volt=1.2500V,volt=1.2500V,volt=1.2250V
TIME:11:52:55
42394
cpu:0.46, 0.37, 0.26,freq:frequency(48)=800000000,throttle_flag:throttled=0x50000,voltage:volt=1.2875V,volt=1.2500V,volt=1.2500V,volt=1.2250V
TIME:11:52:56
42394
cpu:0.46, 0.37, 0.26,freq:frequency(48)=800000000,throttle_flag:throttled=0x50000,voltage:volt=1.2875V,volt=1.2500V,volt=1.2500V,volt=1.2250V
TIME:11:52:57
42932
cpu:0.46, 0.37, 0.26,freq:frequency(48)=800000000,throttle_flag:throttled=0x50000,voltage:volt=1.2875V,volt=1.2500V,volt=1.2500V,volt=1.2250V
TIME:11:52:59
41856
cpu:0.46, 0.37, 0.26,freq:frequency(48)=800000000,throttle_flag:throttled=0x50000,voltage:volt=1.2875V,volt=1.2500V,volt=1.2500V,volt=1.2250V
TIME:11:53:00
42394
cpu:0.43, 0.37, 0.26,freq:frequency(48)=600000000,throttle_flag:throttled=0x50000,voltage:volt=1.2875V,volt=1.2500V,volt=1.2500V,volt=1.2250V
TIME:11:53:01
41856
cpu:0.43, 0.37, 0.26,freq:frequency(48)=800000000,throttle_flag:throttled=0x50000,voltage:volt=1.2875V,volt=1.2500V,volt=1.2500V,volt=1.2250V
TIME:11:53:02
41856
cpu:0.43, 0.37, 0.26,freq:frequency(48)=800000000,throttle_flag:throttled=0x50000,voltage:volt=1.2875V,volt=1.2500V,volt=1.2500V,volt=1.2250V
TIME:11:53:03
41856
cpu:0.43, 0.37, 0.26,freq:frequency(48)=800000000,throttle_flag:throttled=0x50000,voltage:volt=1.2875V,volt=1.2500V,volt=1.2500V,volt=1.2250V
TIME:11:53:04
42394
cpu:0.39, 0.36, 0.25,freq:frequency(48)=800000000,throttle_flag:throttled=0x50000,voltage:volt=1.2875V,volt=1.2500V,volt=1.2500V,volt=1.2250V
TIME:11:53:05
42394
cpu:0.39, 0.36, 0.25,freq:frequency(48)=800000000,throttle_flag:throttled=0x50000,voltage:volt=1.2875V,volt=1.2500V,volt=1.2500V,volt=1.2250V
TIME:11:53:06
42394
cpu:0.39, 0.36, 0.25,freq:frequency(48)=700000000,throttle_flag:throttled=0x50000,voltage:volt=1.2875V,volt=1.2500V,volt=1.2500V,volt=1.2250V
TIME:11:53:07
42932
cpu:0.39, 0.36, 0.25,freq:frequency(48)=800000000,throttle_flag:throttled=0x50000,voltage:volt=1.2875V,volt=1.2500V,volt=1.2500V,volt=1.2250V
TIME:11:53:09
43470
cpu:0.39, 0.36, 0.25,freq:frequency(48)=600000000,throttle_flag:throttled=0x50005,voltage:volt=1.2000V,volt=1.2500V,volt=1.2500V,volt=1.2250V
TIME:11:53:10
43470
cpu:0.44, 0.37, 0.26,freq:frequency(48)=1400002000,throttle_flag:throttled=0x50000,voltage:volt=1.3938V,volt=1.2500V,volt=1.2500V,volt=1.2250V
TIME:11:53:11
43470
cpu:0.44, 0.37, 0.26,freq:frequency(48)=1400000000,throttle_flag:throttled=0x50000,voltage:volt=1.3938V,volt=1.2500V,volt=1.2500V,volt=1.2250V
TIME:11:53:12
44008
cpu:0.44, 0.37, 0.26,freq:frequency(48)=1400000000,throttle_flag:throttled=0x50000,voltage:volt=1.3938V,volt=1.2500V,volt=1.2500V,volt=1.2250V
========
TIME:20:59:10
42394
cpu:0.54, 0.36, 0.25,freq:frequency(48)=600000000,throttle_flag:throttled=0x50005,voltage:volt=1.2000V,volt=1.2500V,volt=1.2500V,volt=1.2250V
TIME:20:59:12
42394
cpu:0.54, 0.36, 0.25,freq:frequency(48)=600000000,throttle_flag:throttled=0x50005,voltage:volt=1.2000V,volt=1.2500V,volt=1.2500V,volt=1.2250V
TIME:20:59:13
42932
cpu:0.54, 0.36, 0.25,freq:frequency(48)=1400000000,throttle_flag:throttled=0x50000,voltage:volt=1.3938V,volt=1.2500V,volt=1.2500V,volt=1.2250V
TIME:20:59:14
42932
cpu:0.54, 0.36, 0.25,freq:frequency(48)=1400000000,throttle_flag:throttled=0x50000,voltage:volt=1.3938V,volt=1.2500V,volt=1.2500V,volt=1.2250V
TIME:20:59:15
42932
cpu:0.50, 0.36, 0.25,freq:frequency(48)=1400000000,throttle_flag:throttled=0x50000,voltage:volt=1.3938V,volt=1.2500V,volt=1.2500V,volt=1.2250V
TIME:20:59:16
42932
cpu:0.50, 0.36, 0.25,freq:frequency(48)=600000000,throttle_flag:throttled=0x50000,voltage:volt=1.2875V,volt=1.2500V,volt=1.2500V,volt=1.2250V
TIME:20:59:17
41856
cpu:0.50, 0.36, 0.25,freq:frequency(48)=800000000,throttle_flag:throttled=0x50000,voltage:volt=1.2875V,volt=1.2500V,volt=1.2500V,volt=1.2250V
TIME:20:59:18
42932
cpu:0.50, 0.36, 0.25,freq:frequency(48)=800000000,throttle_flag:throttled=0x50000,voltage:volt=1.2875V,volt=1.2500V,volt=1.2500V,volt=1.2250V
TIME:20:59:19
41856
cpu:0.54, 0.37, 0.26,freq:frequency(48)=800000000,throttle_flag:throttled=0x50000,voltage:volt=1.2875V,volt=1.2500V,volt=1.2500V,volt=1.2250V
TIME:20:59:20
41856
cpu:0.54, 0.37, 0.26,freq:frequency(48)=800000000,throttle_flag:throttled=0x50000,voltage:volt=1.2875V,volt=1.2500V,volt=1.2500V,volt=1.2250V
TIME:20:59:22
41856
cpu:0.54, 0.37, 0.26,freq:frequency(48)=600000000,throttle_flag:throttled=0x50000,voltage:volt=1.2875V,volt=1.2500V,volt=1.2500V,volt=1.2250V
TIME:20:59:23
42932
cpu:0.54, 0.37, 0.26,freq:frequency(48)=600000000,throttle_flag:throttled=0x50000,voltage:volt=1.2875V,volt=1.2500V,volt=1.2500V,volt=1.2250V
TIME:20:59:24
41856
cpu:0.54, 0.37, 0.26,freq:frequency(48)=600000000,throttle_flag:throttled=0x50000,voltage:volt=1.2875V,volt=1.2500V,volt=1.2500V,volt=1.2250V
TIME:20:59:25
42394
cpu:0.57, 0.38, 0.26,freq:frequency(48)=800000000,throttle_flag:throttled=0x50000,voltage:volt=1.2875V,volt=1.2500V,volt=1.2500V,volt=1.2250V
TIME:20:59:26
41856
cpu:0.57, 0.38, 0.26,freq:frequency(48)=800000000,throttle_flag:throttled=0x50000,voltage:volt=1.2875V,volt=1.2500V,volt=1.2500V,volt=1.2250V
TIME:20:59:27
41856
cpu:0.57, 0.38, 0.26,freq:frequency(48)=800000000,throttle_flag:throttled=0x50000,voltage:volt=1.2875V,volt=1.2500V,volt=1.2500V,volt=1.2250V
TIME:20:59:28
42932
cpu:0.57, 0.38, 0.26,freq:frequency(48)=700000000,throttle_flag:throttled=0x50000,voltage:volt=1.2875V,volt=1.2500V,volt=1.2500V,volt=1.2250V
TIME:20:59:29
41856
cpu:0.53, 0.37, 0.26,freq:frequency(48)=600000000,throttle_flag:throttled=0x50000,voltage:volt=1.2875V,volt=1.2500V,volt=1.2500V,volt=1.2250V
TIME:20:59:31
42394
cpu:0.53, 0.37, 0.26,freq:frequency(48)=600000000,throttle_flag:throttled=0x50000,voltage:volt=1.2875V,volt=1.2500V,volt=1.2500V,volt=1.2250V
TIME:20:59:32
42394
cpu:0.53, 0.37, 0.26,freq:frequency(48)=600000000,throttle_flag:throttled=0x50000,voltage:volt=1.2875V,volt=1.2500V,volt=1.2500V,volt=1.2250V
TIME:20:59:33
41856
cpu:0.53, 0.37, 0.26,freq:frequency(48)=700000000,throttle_flag:throttled=0x50000,voltage:volt=1.2875V,volt=1.2500V,volt=1.2500V,volt=1.2250V
TIME:20:59:34
41856
cpu:0.53, 0.37, 0.26,freq:frequency(48)=800000000,throttle_flag:throttled=0x50000,voltage:volt=1.2875V,volt=1.2500V,volt=1.2500V,volt=1.2250V
TIME:20:59:35
41856
cpu:0.56, 0.38, 0.26,freq:frequency(48)=800002000,throttle_flag:throttled=0x50000,voltage:volt=1.2875V,volt=1.2500V,volt=1.2500V,volt=1.2250V
TIME:20:59:36
42394
cpu:0.56, 0.38, 0.26,freq:frequency(48)=600000000,throttle_flag:throttled=0x50000,voltage:volt=1.2875V,volt=1.2500V,volt=1.2500V,volt=1.2250V
TIME:20:59:37
42394
cpu:0.56, 0.38, 0.26,freq:frequency(48)=600000000,throttle_flag:throttled=0x50000,voltage:volt=1.2875V,volt=1.2500V,volt=1.2500V,volt=1.2250V
TIME:20:59:38
41856
cpu:0.56, 0.38, 0.26,freq:frequency(48)=600000000,throttle_flag:throttled=0x50000,voltage:volt=1.2875V,volt=1.2500V,volt=1.2500V,volt=1.2250V
TIME:20:59:39
41856
cpu:0.52, 0.38, 0.26,freq:frequency(48)=600000000,throttle_flag:throttled=0x50000,voltage:volt=1.2875V,volt=1.2500V,volt=1.2500V,volt=1.2250V
TIME:20:59:41
42394
cpu:0.52, 0.38, 0.26,freq:frequency(48)=600000000,throttle_flag:throttled=0x50000,voltage:volt=1.2875V,volt=1.2500V,volt=1.2500V,volt=1.2250V
TIME:20:59:42
41856
cpu:0.52, 0.38, 0.26,freq:frequency(48)=600000000,throttle_flag:throttled=0x50000,voltage:volt=1.2875V,volt=1.2500V,volt=1.2500V,volt=1.2250V
TIME:20:59:43
42394
cpu:0.52, 0.38, 0.26,freq:frequency(48)=600000000,throttle_flag:throttled=0x50005,voltage:volt=1.2000V,volt=1.2500V,volt=1.2500V,volt=1.2250V
TIME:20:59:44
41856
cpu:0.52, 0.38, 0.26,freq:frequency(48)=600000000,throttle_flag:throttled=0x50005,voltage:volt=1.2000V,volt=1.2500V,volt=1.2500V,volt=1.2250V
TIME:20:59:45
42932
cpu:0.48, 0.37, 0.26,freq:frequency(48)=1400000000,throttle_flag:throttled=0x50000,voltage:volt=1.3938V,volt=1.2500V,volt=1.2500V,volt=1.2250V
TIME:20:59:46
42932
cpu:0.48, 0.37, 0.26,freq:frequency(48)=1400000000,throttle_flag:throttled=0x50000,voltage:volt=1.3938V,volt=1.2500V,volt=1.2500V,volt=1.2250V
TIME:20:59:47
42932
cpu:0.48, 0.37, 0.26,freq:frequency(48)=1400000000,throttle_flag:throttled=0x50000,voltage:volt=1.3938V,volt=1.2500V,volt=1.2500V,volt=1.2250V
TIME:20:59:48
42932
cpu:0.48, 0.37, 0.26,freq:frequency(48)=1400000000,throttle_flag:throttled=0x50000,voltage:volt=1.3938V,volt=1.2500V,volt=1.2500V,volt=1.2250V
TIME:20:59:49
42932
cpu:0.44, 0.36, 0.26,freq:frequency(48)=1400000000,throttle_flag:throttled=0x50000,voltage:volt=1.3938V,volt=1.2500V,volt=1.2500V,volt=1.2250V
TIME:20:59:51
42932
cpu:0.44, 0.36, 0.26,freq:frequency(48)=1400000000,throttle_flag:throttled=0x50000,voltage:volt=1.3938V,volt=1.2500V,volt=1.2500V,volt=1.2250V
TIME:20:59:52
42932
cpu:0.44, 0.36, 0.26,freq:frequency(48)=1400000000,throttle_flag:throttled=0x50000,voltage:volt=1.3938V,volt=1.2500V,volt=1.2500V,volt=1.2250V
TIME:20:59:53
42932
cpu:0.44, 0.36, 0.26,freq:frequency(48)=1400000000,throttle_flag:throttled=0x50000,voltage:volt=1.3938V,volt=1.2500V,volt=1.2500V,volt=1.2250V
TIME:20:59:54
42932
cpu:0.44, 0.36, 0.26,freq:frequency(48)=600000000,throttle_flag:throttled=0x50000,voltage:volt=1.2875V,volt=1.2500V,volt=1.2500V,volt=1.2250V
TIME:20:59:55
42932
cpu:0.40, 0.36, 0.26,freq:frequency(48)=600000000,throttle_flag:throttled=0x50000,voltage:volt=1.2875V,volt=1.2500V,volt=1.2500V,volt=1.2250V
TIME:20:59:56
42394
cpu:0.40, 0.36, 0.26,freq:frequency(48)=600000000,throttle_flag:throttled=0x50000,voltage:volt=1.2875V,volt=1.2500V,volt=1.2500V,volt=1.2250V
TIME:20:59:57
42394
cpu:0.40, 0.36, 0.26,freq:frequency(48)=700000000,throttle_flag:throttled=0x50000,voltage:volt=1.2875V,volt=1.2500V,volt=1.2500V,volt=1.2250V
TIME:20:59:58
42394
cpu:0.40, 0.36, 0.26,freq:frequency(48)=800000000,throttle_flag:throttled=0x50000,voltage:volt=1.2875V,volt=1.2500V,volt=1.2500V,volt=1.2250V
TIME:20:59:59
41856
cpu:0.37, 0.35, 0.26,freq:frequency(48)=700000000,throttle_flag:throttled=0x50000,voltage:volt=1.2875V,volt=1.2500V,volt=1.2500V,volt=1.2250V
TIME:21:00:00
41856
cpu:0.37, 0.35, 0.26,freq:frequency(48)=600000000,throttle_flag:throttled=0x50000,voltage:volt=1.2875V,volt=1.2500V,volt=1.2500V,volt=1.2250V
TIME:21:00:02
41856
cpu:0.37, 0.35, 0.26,freq:frequency(48)=600000000,throttle_flag:throttled=0x50000,voltage:volt=1.2875V,volt=1.2500V,volt=1.2500V,volt=1.2250V
TIME:21:00:03
42394
cpu:0.37, 0.35, 0.26,freq:frequency(48)=800000000,throttle_flag:throttled=0x50000,voltage:volt=1.2875V,volt=1.2500V,volt=1.2500V,volt=1.2250V
TIME:21:00:04
42394
cpu:0.37, 0.35, 0.26,freq:frequency(48)=800000000,throttle_flag:throttled=0x50000,voltage:volt=1.2875V,volt=1.2500V,volt=1.2500V,volt=1.2250V
TIME:21:00:05
42394
cpu:0.42, 0.36, 0.26,freq:frequency(48)=800000000,throttle_flag:throttled=0x50000,voltage:volt=1.2875V,volt=1.2500V,volt=1.2500V,volt=1.2250V
TIME:21:00:06
41856
cpu:0.42, 0.36, 0.26,freq:frequency(48)=800000000,throttle_flag:throttled=0x50000,voltage:volt=1.2875V,volt=1.2500V,volt=1.2500V,volt=1.2250V
TIME:21:00:07
41856
cpu:0.42, 0.36, 0.26,freq:frequency(48)=800000000,throttle_flag:throttled=0x50000,voltage:volt=1.2875V,volt=1.2500V,volt=1.2500V,volt=1.2250V
TIME:21:00:08
41856
cpu:0.42, 0.36, 0.26,freq:frequency(48)=700000000,throttle_flag:throttled=0x50000,voltage:volt=1.2875V,volt=1.2500V,volt=1.2500V,volt=1.2250V
TIME:21:00:09
41856
cpu:0.39, 0.36, 0.26,freq:frequency(48)=700000000,throttle_flag:throttled=0x50000,voltage:volt=1.2875V,volt=1.2500V,volt=1.2500V,volt=1.2250V
TIME:21:00:10
41856
cpu:0.39, 0.36, 0.26,freq:frequency(48)=700000000,throttle_flag:throttled=0x50000,voltage:volt=1.2875V,volt=1.2500V,volt=1.2500V,volt=1.2250V
TIME:21:00:12
42394
cpu:0.39, 0.36, 0.26,freq:frequency(48)=800000000,throttle_flag:throttled=0x50000,voltage:volt=1.2875V,volt=1.2500V,volt=1.2500V,volt=1.2250V
TIME:21:00:13
41856
cpu:0.39, 0.36, 0.26,freq:frequency(48)=800000000,throttle_flag:throttled=0x50000,voltage:volt=1.2875V,volt=1.2500V,volt=1.2500V,volt=1.2250V
TIME:21:00:14
42394
cpu:0.39, 0.36, 0.26,freq:frequency(48)=700000000,throttle_flag:throttled=0x50000,voltage:volt=1.2875V,volt=1.2500V,volt=1.2500V,volt=1.2250V
TIME:21:00:15
41856
cpu:0.36, 0.35, 0.26,freq:frequency(48)=700000000,throttle_flag:throttled=0x50000,voltage:volt=1.2875V,volt=1.2500V,volt=1.2500V,volt=1.2250V
TIME:21:00:16
41856
cpu:0.36, 0.35, 0.26,freq:frequency(48)=600000000,throttle_flag:throttled=0x50005,voltage:volt=1.2000V,volt=1.2500V,volt=1.2500V,volt=1.2250V
TIME:21:00:17
43470
cpu:0.36, 0.35, 0.26,freq:frequency(48)=1400000000,throttle_flag:throttled=0x50000,voltage:volt=1.3938V,volt=1.2500V,volt=1.2500V,volt=1.2250V
TIME:21:00:18
42932
cpu:0.36, 0.35, 0.26,freq:frequency(48)=1400000000,throttle_flag:throttled=0x50000,voltage:volt=1.3938V,volt=1.2500V,volt=1.2500V,volt=1.2250V
TIME:21:00:19
44008
cpu:0.41, 0.36, 0.26,freq:frequency(48)=1400000000,throttle_flag:throttled=0x50000,voltage:volt=1.3938V,volt=1.2500V,volt=1.2500V,volt=1.2250V
>>>>>>>> 978dcc83 (emergency commit?):logs/roofline/resnet18_children_bramble-4-5/9/9_size/2_1/speed_heatbramble-4-5-17.log
