<<<<<<<< HEAD:logs/roofline/resnet18_children_bramble-4-5/9_size/2_2/speed_heatbramble-4-5-12.log
TIME:09:30:24
37552
cpu:0.48, 0.42, 0.31,freq:frequency(48)=900000000,throttle_flag:throttled=0x50000,voltage:volt=1.2313V,volt=1.2500V,volt=1.2500V,volt=1.2250V
TIME:09:30:25
36476
cpu:0.48, 0.42, 0.31,freq:frequency(48)=700000000,throttle_flag:throttled=0x50000,voltage:volt=1.2313V,volt=1.2500V,volt=1.2500V,volt=1.2250V
TIME:09:30:26
37014
cpu:0.48, 0.42, 0.31,freq:frequency(48)=800000000,throttle_flag:throttled=0x50000,voltage:volt=1.2313V,volt=1.2500V,volt=1.2500V,volt=1.2250V
TIME:09:30:28
37552
cpu:0.44, 0.41, 0.31,freq:frequency(48)=800000000,throttle_flag:throttled=0x50000,voltage:volt=1.2313V,volt=1.2500V,volt=1.2500V,volt=1.2250V
TIME:09:30:29
37014
cpu:0.44, 0.41, 0.31,freq:frequency(48)=800000000,throttle_flag:throttled=0x50000,voltage:volt=1.2313V,volt=1.2500V,volt=1.2500V,volt=1.2250V
TIME:09:30:30
37014
cpu:0.44, 0.41, 0.31,freq:frequency(48)=800000000,throttle_flag:throttled=0x50000,voltage:volt=1.2313V,volt=1.2500V,volt=1.2500V,volt=1.2250V
TIME:09:30:31
37552
cpu:0.44, 0.41, 0.31,freq:frequency(48)=800000000,throttle_flag:throttled=0x50000,voltage:volt=1.2313V,volt=1.2500V,volt=1.2500V,volt=1.2250V
TIME:09:30:32
37014
cpu:0.41, 0.41, 0.31,freq:frequency(48)=800000000,throttle_flag:throttled=0x50000,voltage:volt=1.2313V,volt=1.2500V,volt=1.2500V,volt=1.2250V
TIME:09:30:33
37552
cpu:0.41, 0.41, 0.31,freq:frequency(48)=700000000,throttle_flag:throttled=0x50000,voltage:volt=1.2313V,volt=1.2500V,volt=1.2500V,volt=1.2250V
TIME:09:30:34
37552
cpu:0.41, 0.41, 0.31,freq:frequency(48)=700000000,throttle_flag:throttled=0x50000,voltage:volt=1.2313V,volt=1.2500V,volt=1.2500V,volt=1.2250V
TIME:09:30:35
37552
cpu:0.41, 0.41, 0.31,freq:frequency(48)=1400000000,throttle_flag:throttled=0x50000,voltage:volt=1.3375V,volt=1.2500V,volt=1.2500V,volt=1.2250V
TIME:09:30:36
37552
cpu:0.41, 0.41, 0.31,freq:frequency(48)=1400000000,throttle_flag:throttled=0x50000,voltage:volt=1.3375V,volt=1.2500V,volt=1.2500V,volt=1.2250V
TIME:09:30:38
38628
cpu:0.38, 0.40, 0.31,freq:frequency(48)=1399998000,throttle_flag:throttled=0x50000,voltage:volt=1.3375V,volt=1.2500V,volt=1.2500V,volt=1.2250V
TIME:09:30:39
37552
cpu:0.38, 0.40, 0.31,freq:frequency(48)=1400000000,throttle_flag:throttled=0x50000,voltage:volt=1.3375V,volt=1.2500V,volt=1.2500V,volt=1.2250V
TIME:09:30:40
38090
cpu:0.38, 0.40, 0.31,freq:frequency(48)=600000000,throttle_flag:throttled=0x50000,voltage:volt=1.2313V,volt=1.2500V,volt=1.2500V,volt=1.2250V
TIME:09:30:41
37552
cpu:0.38, 0.40, 0.31,freq:frequency(48)=700000000,throttle_flag:throttled=0x50000,voltage:volt=1.2313V,volt=1.2500V,volt=1.2500V,volt=1.2250V
TIME:09:30:42
37552
cpu:0.35, 0.39, 0.31,freq:frequency(48)=700000000,throttle_flag:throttled=0x50000,voltage:volt=1.2313V,volt=1.2500V,volt=1.2500V,volt=1.2250V
TIME:09:30:43
37552
cpu:0.35, 0.39, 0.31,freq:frequency(48)=700000000,throttle_flag:throttled=0x50000,voltage:volt=1.2313V,volt=1.2500V,volt=1.2500V,volt=1.2250V
TIME:09:30:44
37552
cpu:0.35, 0.39, 0.31,freq:frequency(48)=700000000,throttle_flag:throttled=0x50000,voltage:volt=1.2313V,volt=1.2500V,volt=1.2500V,volt=1.2250V
TIME:09:30:45
37014
cpu:0.35, 0.39, 0.31,freq:frequency(48)=700000000,throttle_flag:throttled=0x50000,voltage:volt=1.2313V,volt=1.2500V,volt=1.2500V,volt=1.2250V
TIME:09:30:46
37552
cpu:0.35, 0.39, 0.31,freq:frequency(48)=700000000,throttle_flag:throttled=0x50000,voltage:volt=1.2313V,volt=1.2500V,volt=1.2500V,volt=1.2250V
TIME:09:30:47
37014
cpu:0.32, 0.39, 0.30,freq:frequency(48)=600000000,throttle_flag:throttled=0x50000,voltage:volt=1.2313V,volt=1.2500V,volt=1.2500V,volt=1.2250V
TIME:09:30:49
37552
cpu:0.32, 0.39, 0.30,freq:frequency(48)=600000000,throttle_flag:throttled=0x50000,voltage:volt=1.2313V,volt=1.2500V,volt=1.2500V,volt=1.2250V
TIME:09:30:50
37552
cpu:0.32, 0.39, 0.30,freq:frequency(48)=600000000,throttle_flag:throttled=0x50000,voltage:volt=1.2313V,volt=1.2500V,volt=1.2500V,volt=1.2250V
TIME:09:30:51
37552
cpu:0.32, 0.39, 0.30,freq:frequency(48)=600000000,throttle_flag:throttled=0x50000,voltage:volt=1.2313V,volt=1.2500V,volt=1.2500V,volt=1.2250V
TIME:09:30:52
37552
cpu:0.37, 0.40, 0.31,freq:frequency(48)=800000000,throttle_flag:throttled=0x50000,voltage:volt=1.2313V,volt=1.2500V,volt=1.2500V,volt=1.2250V
TIME:09:30:53
37014
cpu:0.37, 0.40, 0.31,freq:frequency(48)=700000000,throttle_flag:throttled=0x50000,voltage:volt=1.2313V,volt=1.2500V,volt=1.2500V,volt=1.2250V
TIME:09:30:54
37552
cpu:0.37, 0.40, 0.31,freq:frequency(48)=600000000,throttle_flag:throttled=0x50000,voltage:volt=1.2313V,volt=1.2500V,volt=1.2500V,volt=1.2250V
TIME:09:30:55
37552
cpu:0.37, 0.40, 0.31,freq:frequency(48)=600000000,throttle_flag:throttled=0x50000,voltage:volt=1.2313V,volt=1.2500V,volt=1.2500V,volt=1.2250V
TIME:09:30:56
37014
cpu:0.37, 0.40, 0.31,freq:frequency(48)=600000000,throttle_flag:throttled=0x50000,voltage:volt=1.2313V,volt=1.2500V,volt=1.2500V,volt=1.2250V
TIME:09:30:57
37552
cpu:0.42, 0.41, 0.31,freq:frequency(48)=600000000,throttle_flag:throttled=0x50000,voltage:volt=1.2313V,volt=1.2500V,volt=1.2500V,volt=1.2250V
TIME:09:30:59
37014
cpu:0.42, 0.41, 0.31,freq:frequency(48)=600000000,throttle_flag:throttled=0x50000,voltage:volt=1.2313V,volt=1.2500V,volt=1.2500V,volt=1.2250V
TIME:09:31:00
37014
cpu:0.42, 0.41, 0.31,freq:frequency(48)=600000000,throttle_flag:throttled=0x50000,voltage:volt=1.2313V,volt=1.2500V,volt=1.2500V,volt=1.2250V
TIME:09:31:01
37552
cpu:0.42, 0.41, 0.31,freq:frequency(48)=600000000,throttle_flag:throttled=0x50000,voltage:volt=1.2313V,volt=1.2500V,volt=1.2500V,volt=1.2250V
TIME:09:31:02
37552
cpu:0.39, 0.40, 0.31,freq:frequency(48)=600000000,throttle_flag:throttled=0x50000,voltage:volt=1.2313V,volt=1.2500V,volt=1.2500V,volt=1.2250V
TIME:09:31:03
37014
cpu:0.39, 0.40, 0.31,freq:frequency(48)=600000000,throttle_flag:throttled=0x50000,voltage:volt=1.2313V,volt=1.2500V,volt=1.2500V,volt=1.2250V
TIME:09:31:04
37014
cpu:0.39, 0.40, 0.31,freq:frequency(48)=700000000,throttle_flag:throttled=0x50000,voltage:volt=1.2313V,volt=1.2500V,volt=1.2500V,volt=1.2250V
TIME:09:31:05
36476
cpu:0.39, 0.40, 0.31,freq:frequency(48)=800000000,throttle_flag:throttled=0x50000,voltage:volt=1.2313V,volt=1.2500V,volt=1.2500V,volt=1.2250V
TIME:09:31:06
37552
cpu:0.39, 0.40, 0.31,freq:frequency(48)=700000000,throttle_flag:throttled=0x50000,voltage:volt=1.2313V,volt=1.2500V,volt=1.2500V,volt=1.2250V
TIME:09:31:07
37014
cpu:0.36, 0.39, 0.31,freq:frequency(48)=600000000,throttle_flag:throttled=0x50000,voltage:volt=1.2313V,volt=1.2500V,volt=1.2500V,volt=1.2250V
TIME:09:31:09
37552
cpu:0.36, 0.39, 0.31,freq:frequency(48)=600000000,throttle_flag:throttled=0x50000,voltage:volt=1.2313V,volt=1.2500V,volt=1.2500V,volt=1.2250V
TIME:09:31:10
37014
cpu:0.36, 0.39, 0.31,freq:frequency(48)=600000000,throttle_flag:throttled=0x50000,voltage:volt=1.2313V,volt=1.2500V,volt=1.2500V,volt=1.2250V
TIME:09:31:11
37552
cpu:0.36, 0.39, 0.31,freq:frequency(48)=600000000,throttle_flag:throttled=0x50000,voltage:volt=1.2313V,volt=1.2500V,volt=1.2500V,volt=1.2250V
TIME:09:31:12
37552
cpu:0.33, 0.39, 0.31,freq:frequency(48)=600000000,throttle_flag:throttled=0x50000,voltage:volt=1.2313V,volt=1.2500V,volt=1.2500V,volt=1.2250V
TIME:09:31:13
37552
cpu:0.33, 0.39, 0.31,freq:frequency(48)=600000000,throttle_flag:throttled=0x50000,voltage:volt=1.2313V,volt=1.2500V,volt=1.2500V,volt=1.2250V
TIME:09:31:14
36476
cpu:0.33, 0.39, 0.31,freq:frequency(48)=600000000,throttle_flag:throttled=0x50000,voltage:volt=1.2313V,volt=1.2500V,volt=1.2500V,volt=1.2250V
TIME:09:31:15
37014
cpu:0.33, 0.39, 0.31,freq:frequency(48)=800000000,throttle_flag:throttled=0x50000,voltage:volt=1.2313V,volt=1.2500V,volt=1.2500V,volt=1.2250V
TIME:09:31:16
37014
cpu:0.33, 0.39, 0.31,freq:frequency(48)=800000000,throttle_flag:throttled=0x50000,voltage:volt=1.2313V,volt=1.2500V,volt=1.2500V,volt=1.2250V
TIME:09:31:18
37014
cpu:0.30, 0.38, 0.30,freq:frequency(48)=800002000,throttle_flag:throttled=0x50000,voltage:volt=1.2313V,volt=1.2500V,volt=1.2500V,volt=1.2250V
TIME:09:31:19
37552
cpu:0.30, 0.38, 0.30,freq:frequency(48)=800000000,throttle_flag:throttled=0x50000,voltage:volt=1.2313V,volt=1.2500V,volt=1.2500V,volt=1.2250V
TIME:09:31:20
37552
cpu:0.30, 0.38, 0.30,freq:frequency(48)=600000000,throttle_flag:throttled=0x50000,voltage:volt=1.2313V,volt=1.2500V,volt=1.2500V,volt=1.2250V
TIME:09:31:21
37014
cpu:0.30, 0.38, 0.30,freq:frequency(48)=600000000,throttle_flag:throttled=0x50000,voltage:volt=1.2313V,volt=1.2500V,volt=1.2500V,volt=1.2250V
TIME:09:31:22
36476
cpu:0.28, 0.37, 0.30,freq:frequency(48)=600000000,throttle_flag:throttled=0x50000,voltage:volt=1.2313V,volt=1.2500V,volt=1.2500V,volt=1.2250V
TIME:09:31:23
37552
cpu:0.28, 0.37, 0.30,freq:frequency(48)=600000000,throttle_flag:throttled=0x50000,voltage:volt=1.2313V,volt=1.2500V,volt=1.2500V,volt=1.2250V
TIME:09:31:24
37014
cpu:0.28, 0.37, 0.30,freq:frequency(48)=600000000,throttle_flag:throttled=0x50000,voltage:volt=1.2313V,volt=1.2500V,volt=1.2500V,volt=1.2250V
TIME:09:31:25
37552
cpu:0.28, 0.37, 0.30,freq:frequency(48)=800000000,throttle_flag:throttled=0x50000,voltage:volt=1.2313V,volt=1.2500V,volt=1.2500V,volt=1.2250V
TIME:09:31:26
37552
cpu:0.28, 0.37, 0.30,freq:frequency(48)=800000000,throttle_flag:throttled=0x50000,voltage:volt=1.2313V,volt=1.2500V,volt=1.2500V,volt=1.2250V
TIME:09:31:28
36476
cpu:0.25, 0.37, 0.30,freq:frequency(48)=700000000,throttle_flag:throttled=0x50000,voltage:volt=1.2313V,volt=1.2500V,volt=1.2500V,volt=1.2250V
TIME:09:31:29
37014
cpu:0.25, 0.37, 0.30,freq:frequency(48)=700000000,throttle_flag:throttled=0x50000,voltage:volt=1.2313V,volt=1.2500V,volt=1.2500V,volt=1.2250V
TIME:09:31:30
37014
cpu:0.25, 0.37, 0.30,freq:frequency(48)=699998000,throttle_flag:throttled=0x50000,voltage:volt=1.2313V,volt=1.2500V,volt=1.2500V,volt=1.2250V
TIME:09:31:31
37552
cpu:0.25, 0.37, 0.30,freq:frequency(48)=800000000,throttle_flag:throttled=0x50000,voltage:volt=1.2313V,volt=1.2500V,volt=1.2500V,volt=1.2250V
TIME:09:31:32
37014
cpu:0.23, 0.36, 0.30,freq:frequency(48)=700000000,throttle_flag:throttled=0x50000,voltage:volt=1.2313V,volt=1.2500V,volt=1.2500V,volt=1.2250V
TIME:09:31:33
37552
cpu:0.23, 0.36, 0.30,freq:frequency(48)=1400000000,throttle_flag:throttled=0x50000,voltage:volt=1.3375V,volt=1.2500V,volt=1.2500V,volt=1.2250V
TIME:09:31:34
38628
cpu:0.23, 0.36, 0.30,freq:frequency(48)=1400000000,throttle_flag:throttled=0x50000,voltage:volt=1.3375V,volt=1.2500V,volt=1.2500V,volt=1.2250V
TIME:09:31:35
39166
cpu:0.23, 0.36, 0.30,freq:frequency(48)=1400000000,throttle_flag:throttled=0x50000,voltage:volt=1.3375V,volt=1.2500V,volt=1.2500V,volt=1.2250V
========
TIME:12:54:23
37552
cpu:0.62, 0.52, 0.34,freq:frequency(48)=800000000,throttle_flag:throttled=0x50000,voltage:volt=1.2313V,volt=1.2500V,volt=1.2500V,volt=1.2250V
TIME:12:54:24
37552
cpu:0.62, 0.52, 0.34,freq:frequency(48)=600000000,throttle_flag:throttled=0x50000,voltage:volt=1.2313V,volt=1.2500V,volt=1.2500V,volt=1.2250V
TIME:12:54:25
37552
cpu:0.62, 0.52, 0.34,freq:frequency(48)=600000000,throttle_flag:throttled=0x50000,voltage:volt=1.2313V,volt=1.2500V,volt=1.2500V,volt=1.2250V
TIME:12:54:26
37552
cpu:0.62, 0.52, 0.34,freq:frequency(48)=600000000,throttle_flag:throttled=0x50000,voltage:volt=1.2313V,volt=1.2500V,volt=1.2500V,volt=1.2250V
TIME:12:54:27
37552
cpu:0.65, 0.53, 0.34,freq:frequency(48)=600000000,throttle_flag:throttled=0x50000,voltage:volt=1.2313V,volt=1.2500V,volt=1.2500V,volt=1.2250V
TIME:12:54:28
37552
cpu:0.65, 0.53, 0.34,freq:frequency(48)=600000000,throttle_flag:throttled=0x50000,voltage:volt=1.2313V,volt=1.2500V,volt=1.2500V,volt=1.2250V
TIME:12:54:29
37552
cpu:0.65, 0.53, 0.34,freq:frequency(48)=700000000,throttle_flag:throttled=0x50000,voltage:volt=1.2313V,volt=1.2500V,volt=1.2500V,volt=1.2250V
TIME:12:54:30
37552
cpu:0.65, 0.53, 0.34,freq:frequency(48)=800000000,throttle_flag:throttled=0x50000,voltage:volt=1.2313V,volt=1.2500V,volt=1.2500V,volt=1.2250V
TIME:12:54:31
38090
cpu:0.65, 0.53, 0.34,freq:frequency(48)=700000000,throttle_flag:throttled=0x50000,voltage:volt=1.2313V,volt=1.2500V,volt=1.2500V,volt=1.2250V
TIME:12:54:33
38090
cpu:0.76, 0.55, 0.35,freq:frequency(48)=600000000,throttle_flag:throttled=0x50000,voltage:volt=1.2313V,volt=1.2500V,volt=1.2500V,volt=1.2250V
TIME:12:54:34
37014
cpu:0.76, 0.55, 0.35,freq:frequency(48)=600000000,throttle_flag:throttled=0x50000,voltage:volt=1.2313V,volt=1.2500V,volt=1.2500V,volt=1.2250V
TIME:12:54:35
37552
cpu:0.76, 0.55, 0.35,freq:frequency(48)=600000000,throttle_flag:throttled=0x50000,voltage:volt=1.2313V,volt=1.2500V,volt=1.2500V,volt=1.2250V
TIME:12:54:36
37552
cpu:0.76, 0.55, 0.35,freq:frequency(48)=800000000,throttle_flag:throttled=0x50000,voltage:volt=1.2313V,volt=1.2500V,volt=1.2500V,volt=1.2250V
TIME:12:54:37
37552
cpu:0.70, 0.54, 0.35,freq:frequency(48)=800000000,throttle_flag:throttled=0x50000,voltage:volt=1.2313V,volt=1.2500V,volt=1.2500V,volt=1.2250V
TIME:12:54:38
37552
cpu:0.70, 0.54, 0.35,freq:frequency(48)=800000000,throttle_flag:throttled=0x50000,voltage:volt=1.2313V,volt=1.2500V,volt=1.2500V,volt=1.2250V
TIME:12:54:39
37014
cpu:0.70, 0.54, 0.35,freq:frequency(48)=700000000,throttle_flag:throttled=0x50000,voltage:volt=1.2313V,volt=1.2500V,volt=1.2500V,volt=1.2250V
TIME:12:54:40
37552
cpu:0.70, 0.54, 0.35,freq:frequency(48)=800000000,throttle_flag:throttled=0x50000,voltage:volt=1.2313V,volt=1.2500V,volt=1.2500V,volt=1.2250V
TIME:12:54:41
37552
cpu:0.70, 0.54, 0.35,freq:frequency(48)=700000000,throttle_flag:throttled=0x50000,voltage:volt=1.2313V,volt=1.2500V,volt=1.2500V,volt=1.2250V
TIME:12:54:43
37552
cpu:0.80, 0.57, 0.36,freq:frequency(48)=700000000,throttle_flag:throttled=0x50000,voltage:volt=1.2313V,volt=1.2500V,volt=1.2500V,volt=1.2250V
TIME:12:54:44
37552
cpu:0.80, 0.57, 0.36,freq:frequency(48)=900000000,throttle_flag:throttled=0x50000,voltage:volt=1.2313V,volt=1.2500V,volt=1.2500V,volt=1.2250V
TIME:12:54:45
37014
cpu:0.80, 0.57, 0.36,freq:frequency(48)=800000000,throttle_flag:throttled=0x50000,voltage:volt=1.2313V,volt=1.2500V,volt=1.2500V,volt=1.2250V
TIME:12:54:46
37552
cpu:0.80, 0.57, 0.36,freq:frequency(48)=1400000000,throttle_flag:throttled=0x50000,voltage:volt=1.3375V,volt=1.2500V,volt=1.2500V,volt=1.2250V
TIME:12:54:47
37552
cpu:0.74, 0.56, 0.36,freq:frequency(48)=1400002000,throttle_flag:throttled=0x50000,voltage:volt=1.3375V,volt=1.2500V,volt=1.2500V,volt=1.2250V
TIME:12:54:48
38090
cpu:0.74, 0.56, 0.36,freq:frequency(48)=1400000000,throttle_flag:throttled=0x50000,voltage:volt=1.3375V,volt=1.2500V,volt=1.2500V,volt=1.2250V
TIME:12:54:49
37552
cpu:0.74, 0.56, 0.36,freq:frequency(48)=1400000000,throttle_flag:throttled=0x50000,voltage:volt=1.3375V,volt=1.2500V,volt=1.2500V,volt=1.2250V
TIME:12:54:50
37552
cpu:0.74, 0.56, 0.36,freq:frequency(48)=1400000000,throttle_flag:throttled=0x50000,voltage:volt=1.3375V,volt=1.2500V,volt=1.2500V,volt=1.2250V
TIME:12:54:51
37552
cpu:0.74, 0.56, 0.36,freq:frequency(48)=600000000,throttle_flag:throttled=0x50000,voltage:volt=1.2313V,volt=1.2500V,volt=1.2500V,volt=1.2250V
TIME:12:54:52
37552
cpu:0.68, 0.55, 0.36,freq:frequency(48)=600000000,throttle_flag:throttled=0x50000,voltage:volt=1.2313V,volt=1.2500V,volt=1.2500V,volt=1.2250V
TIME:12:54:54
37552
cpu:0.68, 0.55, 0.36,freq:frequency(48)=700000000,throttle_flag:throttled=0x50000,voltage:volt=1.2313V,volt=1.2500V,volt=1.2500V,volt=1.2250V
TIME:12:54:55
37552
cpu:0.68, 0.55, 0.36,freq:frequency(48)=800000000,throttle_flag:throttled=0x50000,voltage:volt=1.2313V,volt=1.2500V,volt=1.2500V,volt=1.2250V
TIME:12:54:56
37552
cpu:0.68, 0.55, 0.36,freq:frequency(48)=600000000,throttle_flag:throttled=0x50000,voltage:volt=1.2313V,volt=1.2500V,volt=1.2500V,volt=1.2250V
TIME:12:54:57
37014
cpu:0.62, 0.54, 0.35,freq:frequency(48)=600000000,throttle_flag:throttled=0x50000,voltage:volt=1.2313V,volt=1.2500V,volt=1.2500V,volt=1.2250V
TIME:12:54:58
37552
cpu:0.62, 0.54, 0.35,freq:frequency(48)=700000000,throttle_flag:throttled=0x50000,voltage:volt=1.2313V,volt=1.2500V,volt=1.2500V,volt=1.2250V
TIME:12:54:59
37014
cpu:0.62, 0.54, 0.35,freq:frequency(48)=600000000,throttle_flag:throttled=0x50000,voltage:volt=1.2313V,volt=1.2500V,volt=1.2500V,volt=1.2250V
TIME:12:55:00
37552
cpu:0.62, 0.54, 0.35,freq:frequency(48)=600000000,throttle_flag:throttled=0x50000,voltage:volt=1.2313V,volt=1.2500V,volt=1.2500V,volt=1.2250V
TIME:12:55:01
36476
cpu:0.62, 0.54, 0.35,freq:frequency(48)=600000000,throttle_flag:throttled=0x50000,voltage:volt=1.2313V,volt=1.2500V,volt=1.2500V,volt=1.2250V
TIME:12:55:02
37552
cpu:0.57, 0.53, 0.35,freq:frequency(48)=600000000,throttle_flag:throttled=0x50000,voltage:volt=1.2313V,volt=1.2500V,volt=1.2500V,volt=1.2250V
TIME:12:55:04
37014
cpu:0.57, 0.53, 0.35,freq:frequency(48)=800000000,throttle_flag:throttled=0x50000,voltage:volt=1.2313V,volt=1.2500V,volt=1.2500V,volt=1.2250V
TIME:12:55:05
37014
cpu:0.57, 0.53, 0.35,freq:frequency(48)=800000000,throttle_flag:throttled=0x50000,voltage:volt=1.2313V,volt=1.2500V,volt=1.2500V,volt=1.2250V
TIME:12:55:06
37014
cpu:0.57, 0.53, 0.35,freq:frequency(48)=800000000,throttle_flag:throttled=0x50000,voltage:volt=1.2313V,volt=1.2500V,volt=1.2500V,volt=1.2250V
TIME:12:55:07
37014
cpu:0.53, 0.52, 0.35,freq:frequency(48)=800000000,throttle_flag:throttled=0x50000,voltage:volt=1.2313V,volt=1.2500V,volt=1.2500V,volt=1.2250V
TIME:12:55:08
37552
cpu:0.53, 0.52, 0.35,freq:frequency(48)=700000000,throttle_flag:throttled=0x50000,voltage:volt=1.2313V,volt=1.2500V,volt=1.2500V,volt=1.2250V
TIME:12:55:09
37014
cpu:0.53, 0.52, 0.35,freq:frequency(48)=600000000,throttle_flag:throttled=0x50000,voltage:volt=1.2313V,volt=1.2500V,volt=1.2500V,volt=1.2250V
TIME:12:55:10
37552
cpu:0.53, 0.52, 0.35,freq:frequency(48)=600000000,throttle_flag:throttled=0x50000,voltage:volt=1.2313V,volt=1.2500V,volt=1.2500V,volt=1.2250V
TIME:12:55:11
37014
cpu:0.53, 0.52, 0.35,freq:frequency(48)=600000000,throttle_flag:throttled=0x50000,voltage:volt=1.2313V,volt=1.2500V,volt=1.2500V,volt=1.2250V
TIME:12:55:12
37014
cpu:0.56, 0.53, 0.35,freq:frequency(48)=600000000,throttle_flag:throttled=0x50000,voltage:volt=1.2313V,volt=1.2500V,volt=1.2500V,volt=1.2250V
TIME:12:55:14
37014
cpu:0.56, 0.53, 0.35,freq:frequency(48)=800000000,throttle_flag:throttled=0x50000,voltage:volt=1.2313V,volt=1.2500V,volt=1.2500V,volt=1.2250V
TIME:12:55:15
36476
cpu:0.56, 0.53, 0.35,freq:frequency(48)=800000000,throttle_flag:throttled=0x50000,voltage:volt=1.2313V,volt=1.2500V,volt=1.2500V,volt=1.2250V
TIME:12:55:16
37552
cpu:0.56, 0.53, 0.35,freq:frequency(48)=800000000,throttle_flag:throttled=0x50000,voltage:volt=1.2313V,volt=1.2500V,volt=1.2500V,volt=1.2250V
TIME:12:55:17
37014
cpu:0.60, 0.54, 0.36,freq:frequency(48)=800000000,throttle_flag:throttled=0x50000,voltage:volt=1.2313V,volt=1.2500V,volt=1.2500V,volt=1.2250V
TIME:12:55:18
37014
cpu:0.60, 0.54, 0.36,freq:frequency(48)=700000000,throttle_flag:throttled=0x50000,voltage:volt=1.2313V,volt=1.2500V,volt=1.2500V,volt=1.2250V
TIME:12:55:19
37552
cpu:0.60, 0.54, 0.36,freq:frequency(48)=800000000,throttle_flag:throttled=0x50000,voltage:volt=1.2313V,volt=1.2500V,volt=1.2500V,volt=1.2250V
TIME:12:55:20
37014
cpu:0.60, 0.54, 0.36,freq:frequency(48)=800000000,throttle_flag:throttled=0x50000,voltage:volt=1.2313V,volt=1.2500V,volt=1.2500V,volt=1.2250V
TIME:12:55:21
36476
cpu:0.60, 0.54, 0.36,freq:frequency(48)=800000000,throttle_flag:throttled=0x50000,voltage:volt=1.2313V,volt=1.2500V,volt=1.2500V,volt=1.2250V
TIME:12:55:22
37014
cpu:0.55, 0.53, 0.36,freq:frequency(48)=800000000,throttle_flag:throttled=0x50000,voltage:volt=1.2313V,volt=1.2500V,volt=1.2500V,volt=1.2250V
TIME:12:55:24
37014
cpu:0.55, 0.53, 0.36,freq:frequency(48)=800000000,throttle_flag:throttled=0x50000,voltage:volt=1.2313V,volt=1.2500V,volt=1.2500V,volt=1.2250V
TIME:12:55:25
36476
cpu:0.55, 0.53, 0.36,freq:frequency(48)=700000000,throttle_flag:throttled=0x50000,voltage:volt=1.2313V,volt=1.2500V,volt=1.2500V,volt=1.2250V
TIME:12:55:26
37552
cpu:0.55, 0.53, 0.36,freq:frequency(48)=800000000,throttle_flag:throttled=0x50000,voltage:volt=1.2313V,volt=1.2500V,volt=1.2500V,volt=1.2250V
TIME:12:55:27
37014
cpu:0.51, 0.52, 0.35,freq:frequency(48)=700000000,throttle_flag:throttled=0x50000,voltage:volt=1.2313V,volt=1.2500V,volt=1.2500V,volt=1.2250V
TIME:12:55:28
37014
cpu:0.51, 0.52, 0.35,freq:frequency(48)=700000000,throttle_flag:throttled=0x50000,voltage:volt=1.2313V,volt=1.2500V,volt=1.2500V,volt=1.2250V
TIME:12:55:29
37552
cpu:0.51, 0.52, 0.35,freq:frequency(48)=800000000,throttle_flag:throttled=0x50000,voltage:volt=1.2313V,volt=1.2500V,volt=1.2500V,volt=1.2250V
TIME:12:55:30
37014
cpu:0.51, 0.52, 0.35,freq:frequency(48)=700000000,throttle_flag:throttled=0x50000,voltage:volt=1.2313V,volt=1.2500V,volt=1.2500V,volt=1.2250V
TIME:12:55:31
38090
cpu:0.51, 0.52, 0.35,freq:frequency(48)=1400000000,throttle_flag:throttled=0x50000,voltage:volt=1.3375V,volt=1.2500V,volt=1.2500V,volt=1.2250V
TIME:12:55:32
38628
cpu:0.55, 0.53, 0.36,freq:frequency(48)=1400000000,throttle_flag:throttled=0x50000,voltage:volt=1.3375V,volt=1.2500V,volt=1.2500V,volt=1.2250V
TIME:12:55:34
38628
cpu:0.55, 0.53, 0.36,freq:frequency(48)=1400000000,throttle_flag:throttled=0x50000,voltage:volt=1.3375V,volt=1.2500V,volt=1.2500V,volt=1.2250V
>>>>>>>> 978dcc83 (emergency commit?):logs/roofline/resnet18_children_bramble-4-5/7/8_size/2_2/speed_heatbramble-4-5-12.log
