ALL SYNC
2026-04-21 13:34:08.555744 Sync done -> model run start
2026-04-21 13:34:08.555744 Sync done -> model run start
2026-04-21 13:34:08.555744 Sync done -> model run start
2026-04-21 13:34:08.555744 Sync done -> model run start
1 0.136 [0.0456730870064348, 0.027032718993723392, 0.0220644639339298, 0.020473171025514603, 0.020789835834875703]
2 0.136 [0.04567615990526974, 0.027032979065552354, 0.02209034888073802, 0.02047530608251691, 0.02078124205581844]
0 0.139 [0.04567267093807459, 0.027164593106135726, 0.022389670833945274, 0.021393791073933244, 0.021829361096024513]
3 0.151 [0.05820312397554517, 0.03196795214898884, 0.023064043140038848, 0.021597540006041527, 0.01641548494808376]
2026-04-21 13:34:14.270185 Sync done -> model run start
2026-04-21 13:34:14.325107 Sync done -> model run start
2026-04-21 13:34:14.430750 Sync done -> model run start
2026-04-21 13:34:14.467957 Sync done -> model run start
1 0.085 [0.022096755914390087, 0.021516914945095778, 0.01622861111536622, 0.012878003995865583, 0.012082902947440743]
0 0.076 [0.021603998029604554, 0.017837716033682227, 0.009175992105156183, 0.013500135857611895, 0.013459042180329561]
2 0.071 [0.01884255511686206, 0.02315383404493332, 0.009041201090440154, 0.009921924909576774, 0.010127288987860084]
3 0.059 [0.01334247994236648, 0.014680546009913087, 0.009473802987486124, 0.012120039202272892, 0.009294428862631321]
2026-04-21 13:34:20.211635 Sync done -> model run start
2026-04-21 13:34:20.267799 Sync done -> model run start
2026-04-21 13:34:20.337004 Sync done -> model run start
2026-04-21 13:34:20.438337 Sync done -> model run start
0 0.086 [0.02431539003737271, 0.01770011312328279, 0.013727426063269377, 0.014639660017564893, 0.01567876897752285]
1 0.098 [0.03464033408090472, 0.020971708931028843, 0.011623894795775414, 0.015216220170259476, 0.015074657974764705]
2 0.087 [0.03200477501377463, 0.019744477001950145, 0.01442231796681881, 0.01227196492254734, 0.00819615414366126]
3 0.051 [0.017806675052270293, 0.010920252883806825, 0.007913812063634396, 0.007227669935673475, 0.007071264088153839]
2026-04-21 13:34:26.241224 Sync done -> model run start
2026-04-21 13:34:26.294495 Sync done -> model run start
2026-04-21 13:34:26.372705 Sync done -> model run start
2026-04-21 13:34:26.471686 Sync done -> model run start
0 0.077 [0.02139905095100403, 0.016621941002085805, 0.011102440068498254, 0.012835972011089325, 0.014336849795654416]
1 0.092 [0.02286305301822722, 0.026453658938407898, 0.015599342994391918, 0.01228493289090693, 0.014701014151796699]
2 0.072 [0.02324253087863326, 0.019388697808608413, 0.010536036919802427, 0.010106143075972795, 0.008433234877884388]
3 0.057 [0.014565755147486925, 0.013333782088011503, 0.011752801015973091, 0.010213902918621898, 0.007149857003241777]
2026-04-21 13:34:32.232968 Sync done -> model run start
2026-04-21 13:34:32.288162 Sync done -> model run start
2026-04-21 13:34:32.381335 Sync done -> model run start
2026-04-21 13:34:32.444915 Sync done -> model run start
0 0.09 [0.024420492816716433, 0.021906808018684387, 0.014156797900795937, 0.014892523176968098, 0.014225027058273554]
1 0.102 [0.031482590129598975, 0.025250905193388462, 0.014433515025302768, 0.017580633983016014, 0.012852013111114502]
2 0.07 [0.02538699796423316, 0.016142204869538546, 0.011748739052563906, 0.007716573076322675, 0.008885368937626481]
3 0.053 [0.0176395399030298, 0.013391072861850262, 0.00820729904808104, 0.0070042849984019995, 0.007038347888737917]
2026-04-21 13:34:33.899651 Sync done -> model run start
net_times: [[5.815, 1.389, 3211264, 802816], [3.909, 1.273, 3211264, 802816], [4.2, 1.378, 3211264, 802816], [4.152, 1.332, 3211264, 802816], [4.159, 1.325, 3211264, 802816]]
echo 'race4fun' | sudo -S sh -c 'journalctl --since "2026-04-21 13:34:02.228210" --until "2026-04-21 13:34:33.899651" -k -o short-iso '| grep -i -E 'throttle|throttled|thermal|cpufreq|under-voltage|voltage'
