ALL SYNC
2026-04-21 13:33:20.062198 Sync done -> model run start
2026-04-21 13:33:20.062198 Sync done -> model run start
2026-04-21 13:33:20.062198 Sync done -> model run start
2026-04-21 13:33:20.062468 Sync done -> model run start
3 2.588 [0.5489544230513275, 0.5113494251854718, 0.5242441969458014, 0.5131743629463017, 0.49052407313138247]
0 2.6 [0.5490280680824071, 0.5162543461192399, 0.5279599050991237, 0.5154388290829957, 0.4908634980674833]
1 2.709 [0.5895729449111968, 0.5133759758900851, 0.57105622603558, 0.5074013229459524, 0.5277008439879864]
2 2.742 [0.5490295779891312, 0.5490133811254054, 0.641592132858932, 0.5246814340353012, 0.4770825859159231]
2026-04-21 13:33:23.204279 Sync done -> model run start
2026-04-21 13:33:23.205954 Sync done -> model run start
2026-04-21 13:33:23.217163 Sync done -> model run start
2026-04-21 13:33:23.238304 Sync done -> model run start
0 2.521 [0.5013514081947505, 0.49041167786344886, 0.48851689719595015, 0.5133100911043584, 0.5273843870963901]
2 2.525 [0.5022572358138859, 0.491869481978938, 0.4908537589944899, 0.5137501410208642, 0.5258562711533159]
1 2.67 [0.5035349379759282, 0.4919302109628916, 0.4900661068968475, 0.593144069891423, 0.5915462670382112]
2026-04-21 13:33:26.266491 Sync done -> model run start
2026-04-21 13:33:26.271104 Sync done -> model run start
2026-04-21 13:33:26.290249 Sync done -> model run start
2026-04-21 13:33:26.299262 Sync done -> model run start
0 2.531 [0.5026622859295458, 0.4905771459452808, 0.488557469798252, 0.5226922780275345, 0.5261800189036876]
1 2.536 [0.5037637378554791, 0.49085052916780114, 0.4906123529653996, 0.5281718310434371, 0.5220156151335686]
3 2.527 [0.5018004158046097, 0.4915385979693383, 0.4910175600089133, 0.5233887848444283, 0.5191602150443941]
2 2.785 [0.537577454932034, 0.4919705241918564, 0.5602368591353297, 0.6432423319201916, 0.5513387839309871]
2026-04-21 13:33:29.470255 Sync done -> model run start
2026-04-21 13:33:29.472888 Sync done -> model run start
2026-04-21 13:33:29.483061 Sync done -> model run start
2026-04-21 13:33:29.499153 Sync done -> model run start
0 2.607 [0.5331599798519164, 0.5037215510383248, 0.4893017360009253, 0.5589018671307713, 0.5214991599787027]
2 2.605 [0.5016147920396179, 0.49034407385624945, 0.48998990887776017, 0.5153566941153258, 0.6070914398878813]
3 2.594 [0.5020132281351835, 0.4898720970377326, 0.4911394859664142, 0.5911030930001289, 0.5198055750224739]
1 2.52 [0.5028621810488403, 0.4920322939287871, 0.48946626717224717, 0.5103291699197143, 0.5247849228326231]
2026-04-21 13:33:32.509608 Sync done -> model run start
2026-04-21 13:33:32.515901 Sync done -> model run start
2026-04-21 13:33:32.534352 Sync done -> model run start
2026-04-21 13:33:32.535223 Sync done -> model run start
2 2.488 [0.508297931868583, 0.4961755517870188, 0.4915012028068304, 0.5009400560520589, 0.4912849538959563]
3 2.488 [0.5071341879665852, 0.49469274817965925, 0.49292348697781563, 0.501985153881833, 0.4913385468535125]
1 2.526 [0.5145438860636204, 0.507108406862244, 0.49629909195937216, 0.511438800022006, 0.4961908122058958]
0 2.564 [0.5077054349239916, 0.5009928680956364, 0.5333054480142891, 0.49540800391696393, 0.5263227268587798]
2026-04-21 13:33:35.181273 Sync done -> model run start
net_times: [[2.008, 0.0, 802816, 0], [0.002, 0.0, 802816, 0], [0.002, 0.0, 802816, 0], [0.002, 0.0, 802816, 0], [0.002, 0.0, 802816, 0]]
echo 'race4fun' | sudo -S sh -c 'journalctl --since "2026-04-21 13:33:17.081558" --until "2026-04-21 13:33:35.181273" -k -o short-iso '| grep -i -E 'throttle|throttled|thermal|cpufreq|under-voltage|voltage'
