ALL SYNC
2026-04-21 13:34:14.516010 Sync done -> model run start
2026-04-21 13:34:14.516010 Sync done -> model run start
2026-04-21 13:34:14.516003 Sync done -> model run start
2026-04-21 13:34:14.516005 Sync done -> model run start
1 1.676 [0.3566618880722672, 0.35157675109803677, 0.32244326709769666, 0.32274378603324294, 0.32283638999797404]
0 1.679 [0.3584858919493854, 0.3517615939490497, 0.3226781089324504, 0.32253670413047075, 0.32294456707313657]
2 1.75 [0.3886280700098723, 0.36066083097830415, 0.32060817000456154, 0.32083723112009466, 0.3592588580213487]
3 1.676 [0.35666251298971474, 0.35157430195249617, 0.32244295394048095, 0.32274430710822344, 0.32283638999797404]
2026-04-21 13:34:18.978708 Sync done -> model run start
2026-04-21 13:34:18.980285 Sync done -> model run start
2026-04-21 13:34:18.987638 Sync done -> model run start
2026-04-21 13:34:18.990019 Sync done -> model run start
0 1.595 [0.32349732611328363, 0.3188620829023421, 0.31706735002808273, 0.3175088588614017, 0.31773443100973964]
1 1.598 [0.3244209159165621, 0.31947822705842555, 0.3178422430064529, 0.3177481289021671, 0.318675366230309]
2 1.599 [0.32533132983371615, 0.31802458711899817, 0.31784656597301364, 0.31835343898274004, 0.31931598810479045]
3 1.638 [0.32422664598561823, 0.3195874448865652, 0.36043072887696326, 0.3184849489480257, 0.31535183591768146]
2026-04-21 13:34:25.169624 Sync done -> model run start
2026-04-21 13:34:25.172620 Sync done -> model run start
2026-04-21 13:34:25.177798 Sync done -> model run start
2026-04-21 13:34:25.183924 Sync done -> model run start
0 1.593 [0.32403685594908893, 0.31851646094582975, 0.31696011289022863, 0.31646506185643375, 0.3171766740269959]
2 1.595 [0.3241505022160709, 0.31806609709747136, 0.31752609997056425, 0.31708855018951, 0.3180226089898497]
1 1.639 [0.32457925006747246, 0.34855660796165466, 0.3307157370727509, 0.31724000722169876, 0.31778437993489206]
3 1.595 [0.32430675090290606, 0.31785125518217683, 0.31764036999084055, 0.31696105003356934, 0.31776333786547184]
2026-04-21 13:34:31.121774 Sync done -> model run start
2026-04-21 13:34:31.126956 Sync done -> model run start
2026-04-21 13:34:31.128781 Sync done -> model run start
2026-04-21 13:34:31.136466 Sync done -> model run start
0 1.592 [0.3219054590445012, 0.31810302496887743, 0.3174016228877008, 0.31737730000168085, 0.31726292497478426]
2 1.595 [0.3230886838864535, 0.3186972939874977, 0.31697500916197896, 0.31721490481868386, 0.3191585950553417]
3 1.594 [0.32291847583837807, 0.3186145869549364, 0.3173637059517205, 0.31737375794909894, 0.3180239119101316]
1 1.634 [0.3221101979725063, 0.31855828408151865, 0.3606214080937207, 0.31736479979008436, 0.3150730899069458]
2026-04-21 13:34:37.085326 Sync done -> model run start
2026-04-21 13:34:37.088551 Sync done -> model run start
2026-04-21 13:34:37.092682 Sync done -> model run start
2026-04-21 13:34:37.097229 Sync done -> model run start
1 1.604 [0.3260144041851163, 0.3204141641035676, 0.3183059950824827, 0.3212558280210942, 0.31778516387566924]
3 1.605 [0.3258697169367224, 0.3196003648918122, 0.3178185489960015, 0.3200024471152574, 0.3217294719070196]
0 1.647 [0.3262807570863515, 0.3208265588618815, 0.3634038988966495, 0.3179015701171011, 0.31794792390428483]
2026-04-21 13:34:38.994103 Sync done -> model run start
net_times: [[11.395, 0.174, 401408, 100352], [2.185, 0.156, 401408, 100352], [4.01, 0.176, 401408, 100352], [3.755, 0.176, 401408, 100352], [3.78, 0.18, 401408, 100352]]
echo 'race4fun' | sudo -S sh -c 'journalctl --since "2026-04-21 13:34:02.243757" --until "2026-04-21 13:34:38.994103" -k -o short-iso '| grep -i -E 'throttle|throttled|thermal|cpufreq|under-voltage|voltage'
