ALL SYNC
2026-04-21 13:33:16.498550 Sync done -> model run start
2026-04-21 13:33:16.498554 Sync done -> model run start
2026-04-21 13:33:16.498550 Sync done -> model run start
2026-04-21 13:33:16.498550 Sync done -> model run start
1 1.781 [0.44786991202272475, 0.35042686108499765, 0.32706507993862033, 0.3271744551602751, 0.32823315006680787]
0 1.788 [0.44786923518404365, 0.3504274860024452, 0.3287427849136293, 0.33094002096913755, 0.329582158010453]
2 1.836 [0.45446937903761864, 0.36239454592578113, 0.3419479171279818, 0.3381070389878005, 0.3384740687906742]
3 1.859 [0.44786944310180843, 0.3966815681196749, 0.3465723879635334, 0.3356862619984895, 0.331586112966761]
2026-04-21 13:33:19.208403 Sync done -> model run start
2026-04-21 13:33:19.213467 Sync done -> model run start
2026-04-21 13:33:19.226333 Sync done -> model run start
2026-04-21 13:33:19.232933 Sync done -> model run start
0 1.591 [0.3410085430368781, 0.33047627098858356, 0.30966833885759115, 0.3053488680161536, 0.30427152710035443]
3 1.601 [0.3495279550552368, 0.32477216608822346, 0.30943834013305604, 0.3065116791985929, 0.31009240192361176]
1 1.687 [0.3636851159390062, 0.35717158601619303, 0.3041835578624159, 0.3029212688561529, 0.3588549168780446]
2 1.592 [0.3416270320303738, 0.32598284096457064, 0.30853839404881, 0.30646746000275016, 0.30924110021442175]
2026-04-21 13:33:23.010738 Sync done -> model run start
2026-04-21 13:33:23.017219 Sync done -> model run start
2026-04-21 13:33:23.023416 Sync done -> model run start
2026-04-21 13:33:23.031301 Sync done -> model run start
0 1.622 [0.3443962431047112, 0.34356176597066224, 0.31391286198049784, 0.3096906819846481, 0.3098036500159651]
2 1.647 [0.35048336791805923, 0.3421982789877802, 0.3155404629651457, 0.30984927504323423, 0.32869174098595977]
3 1.742 [0.42816452705301344, 0.34860160085372627, 0.3160870249848813, 0.3277753358706832, 0.321330243954435]
2026-04-21 13:33:26.073015 Sync done -> model run start
2026-04-21 13:33:26.079552 Sync done -> model run start
2026-04-21 13:33:26.088658 Sync done -> model run start
2026-04-21 13:33:26.098363 Sync done -> model run start
0 1.576 [0.3353384470101446, 0.3259122660383582, 0.30740026803687215, 0.304932720027864, 0.302670432953164]
3 1.602 [0.3450332200154662, 0.32796476199291646, 0.31039192993193865, 0.3066729260608554, 0.311972500057891]
2 1.646 [0.34089515497907996, 0.32722492003813386, 0.37377910502254963, 0.30784729891456664, 0.29594127903692424]
2026-04-21 13:33:29.273124 Sync done -> model run start
2026-04-21 13:33:29.278507 Sync done -> model run start
2026-04-21 13:33:29.293425 Sync done -> model run start
2026-04-21 13:33:29.303675 Sync done -> model run start
0 1.643 [0.33639021404087543, 0.3346329771447927, 0.31850524595938623, 0.30981213808991015, 0.34342525294050574]
1 1.66 [0.34336962806992233, 0.33407975011505187, 0.3206422219518572, 0.31059713615104556, 0.35086539504118264]
3 1.666 [0.3476402969099581, 0.3379153669811785, 0.3227862280327827, 0.31053286604583263, 0.3465288409497589]
2 1.729 [0.37120744097046554, 0.3502260739915073, 0.31865628785453737, 0.362124748993665, 0.3262791901361197]
2026-04-21 13:33:32.224168 Sync done -> model run start
net_times: [[0.0, 0.676, 0, 802816], [0.0, 1.941, 0, 802816], [0.0, 1.128, 0, 802816], [0.0, 1.37, 0, 802816], [0.0, 1.078, 0, 802816]]
echo 'race4fun' | sudo -S sh -c 'journalctl --since "2026-04-21 13:33:16.079478" --until "2026-04-21 13:33:32.224168" -k -o short-iso '| grep -i -E 'throttle|throttled|thermal|cpufreq|under-voltage|voltage'
