ALL SYNC
2026-04-21 13:34:01.657742 Sync done -> model run start
2026-04-21 13:34:01.657742 Sync done -> model run start
2026-04-21 13:34:01.657742 Sync done -> model run start
2026-04-21 13:34:01.657742 Sync done -> model run start
2 0.437 [0.130665997043252, 0.08709438005462289, 0.07413313700817525, 0.07056261599063873, 0.07474239403381944]
1 0.437 [0.130665997043252, 0.08895010896958411, 0.07338456506840885, 0.07077396311797202, 0.07347435783594847]
3 0.458 [0.13136295694857836, 0.09196981391869485, 0.0809961180202663, 0.07397626899182796, 0.07997229718603194]
0 0.517 [0.14229056099429727, 0.11851790803484619, 0.07710591703653336, 0.07466432405635715, 0.10453768796287477]
2026-04-21 13:34:08.191489 Sync done -> model run start
2026-04-21 13:34:08.194503 Sync done -> model run start
2026-04-21 13:34:08.205480 Sync done -> model run start
2026-04-21 13:34:08.213443 Sync done -> model run start
1 0.411 [0.08683348004706204, 0.09539256105199456, 0.0767554841004312, 0.07523511117324233, 0.07658877014182508]
0 0.414 [0.08781970292329788, 0.09521616017445922, 0.07639330695383251, 0.07792602386325598, 0.0765884059946984]
2 0.427 [0.0953318860847503, 0.09289638185873628, 0.07709406805224717, 0.07750327605754137, 0.08403897611424327]
3 0.434 [0.09629524406045675, 0.0925185801461339, 0.07675819308497012, 0.0771618268918246, 0.09054556302726269]
2026-04-21 13:34:14.287771 Sync done -> model run start
2026-04-21 13:34:14.294296 Sync done -> model run start
2026-04-21 13:34:14.305021 Sync done -> model run start
2026-04-21 13:34:14.310354 Sync done -> model run start
0 0.414 [0.08405806217342615, 0.09330676193349063, 0.07829749397933483, 0.07889023795723915, 0.0789633090607822]
1 0.414 [0.08786967396736145, 0.0939142438583076, 0.07614875305444002, 0.07718028617091477, 0.07868628506548703]
2 0.417 [0.09480057400651276, 0.09085391298867762, 0.07485087215900421, 0.07667181105352938, 0.08005270594730973]
3 0.427 [0.09607949713245034, 0.09206414106301963, 0.07501310715451837, 0.0765196280553937, 0.08724286896176636]
2026-04-21 13:34:20.236305 Sync done -> model run start
2026-04-21 13:34:20.242378 Sync done -> model run start
2026-04-21 13:34:20.252451 Sync done -> model run start
2026-04-21 13:34:20.271675 Sync done -> model run start
1 0.398 [0.08806589106097817, 0.08925606682896614, 0.07220591395162046, 0.07526119495742023, 0.07273485884070396]
0 0.404 [0.09611478308215737, 0.09013869799673557, 0.07170587591826916, 0.0728597508277744, 0.07278074300847948]
2 0.41 [0.0909916958771646, 0.0895398089196533, 0.07411596598103642, 0.07589018810540438, 0.07928337506018579]
3 0.44 [0.0960095259360969, 0.09111231798306108, 0.07461037905886769, 0.07558608194813132, 0.10251382389105856]
2026-04-21 13:34:26.265400 Sync done -> model run start
2026-04-21 13:34:26.269118 Sync done -> model run start
2026-04-21 13:34:26.280855 Sync done -> model run start
2026-04-21 13:34:26.292294 Sync done -> model run start
1 0.397 [0.08819955913349986, 0.08955400087870657, 0.07330970698967576, 0.073056744877249, 0.07227770402096212]
2026-04-21 13:34:32.176225 Sync done -> model run start
net_times: [[0.0, 5.686, 0, 3211264], [0.0, 5.304, 0, 3211264], [0.0, 5.144, 0, 3211264], [0.0, 5.243, 0, 3211264], [0.0, 5.209, 0, 3211264]]
echo 'race4fun' | sudo -S sh -c 'journalctl --since "2026-04-21 13:34:01.233570" --until "2026-04-21 13:34:32.176225" -k -o short-iso '| grep -i -E 'throttle|throttled|thermal|cpufreq|under-voltage|voltage'
