ALL SYNC
2026-04-21 14:02:00.825286 Sync done -> model run start
2026-04-21 14:02:00.825275 Sync done -> model run start
2026-04-21 14:02:00.825925 Sync done -> model run start
2026-04-21 14:02:00.870066 Sync done -> model run start
1 17.478 [3.655801973072812, 3.5156201410572976, 3.437992960214615, 3.4255719168577343, 3.442736604018137]
0 17.5 [3.66559084597975, 3.5190151629503816, 3.4482880770228803, 3.4276360138319433, 3.4394756441470236]
2 17.533 [3.672370472922921, 3.5235155920963734, 3.4512401341926306, 3.4289871479850262, 3.4569525220431387]
3 18.07 [3.791946549899876, 3.6335846739821136, 3.5682356161996722, 3.556823475053534, 3.519185522105545]
2026-04-21 14:02:21.566009 Sync done -> model run start
2026-04-21 14:02:21.581905 Sync done -> model run start
2026-04-21 14:02:21.588837 Sync done -> model run start
2026-04-21 14:02:21.659186 Sync done -> model run start
0 17.578 [3.5083864820189774, 3.537816846044734, 3.5058780580293387, 3.4656927259638906, 3.5604832461103797]
2 17.571 [3.526824810076505, 3.5376438789535314, 3.498649579938501, 3.467626877129078, 3.5396567101124674]
1 17.632 [3.5272438689135015, 3.5378801790066063, 3.5256137701217085, 3.480825927807018, 3.559808566002175]
3 18.17 [3.6584808439947665, 3.668320443946868, 3.645780172897503, 3.6092555930372328, 3.588358116103336]
2026-04-21 14:02:44.438242 Sync done -> model run start
2026-04-21 14:02:44.460091 Sync done -> model run start
2026-04-21 14:02:44.460091 Sync done -> model run start
2026-04-21 14:02:44.547086 Sync done -> model run start
0 18.518 [3.5784307080321014, 3.5767974369227886, 3.5034201501403004, 3.935577186057344, 3.9239240610040724]
1 18.747 [3.579778144136071, 3.586058398010209, 3.514491877052933, 3.9286363611463457, 4.138072159839794]
2 18.557 [3.578434771159664, 3.5971642390359193, 3.5208477079868317, 3.970358656020835, 3.8897299298550934]
3 19.099 [3.765069556888193, 3.6609828548971564, 3.657648246968165, 4.512117938138545, 3.5032138540409505]
2026-04-21 14:03:07.006147 Sync done -> model run start
2026-04-21 14:03:07.029093 Sync done -> model run start
2026-04-21 14:03:07.040210 Sync done -> model run start
2026-04-21 14:03:07.100981 Sync done -> model run start
0 17.427 [3.5003729229792953, 3.527531480882317, 3.501301697921008, 3.432973003014922, 3.4645651180762798]
1 17.44 [3.51629091007635, 3.522801835089922, 3.5041188618633896, 3.4349361120257527, 3.4612421260681003]
2 17.46 [3.511499232845381, 3.5213417429476976, 3.5128353498876095, 3.445949974935502, 3.4679626929573715]
3 18.005 [3.65330827399157, 3.6392696909606457, 3.6188055381644517, 3.573114047991112, 3.519928348949179]
2026-04-21 14:03:31.398926 Sync done -> model run start
2026-04-21 14:03:31.453683 Sync done -> model run start
2026-04-21 14:03:31.458616 Sync done -> model run start
2026-04-21 14:03:31.459098 Sync done -> model run start
1 17.574 [3.569935593055561, 3.6057354870717973, 3.468274562852457, 3.4507301170378923, 3.4793782990891486]
3 17.535 [3.5462537109851837, 3.5823128749616444, 3.4771120401564986, 3.4480847229715437, 3.4808073481544852]
0 17.681 [3.5698122589383274, 3.6318926599342376, 3.5185384061187506, 3.4850622210651636, 3.47579463198781]
2 18.149 [3.667071691947058, 3.7613953622058034, 3.575737820006907, 3.5899038349743932, 3.554163711844012]
2026-04-21 14:03:49.704531 Sync done -> model run start
net_times: [[23.542, 0.0, 1210368, 0], [1.176, 0.0, 1210368, 0], [3.098, 0.0, 1210368, 0], [1.916, 0.0, 1210368, 0], [4.838, 0.0, 1210368, 0]]
echo 'race4fun' | sudo -S sh -c 'journalctl --since "2026-04-21 14:01:34.343641" --until "2026-04-21 14:03:49.704531" -k -o short-iso '| grep -i -E 'throttle|throttled|thermal|cpufreq|under-voltage|voltage'
