ALL SYNC
2026-04-21 14:04:49.366981 Sync done -> model run start
2026-04-21 14:04:49.366980 Sync done -> model run start
2026-04-21 14:04:49.366981 Sync done -> model run start
2026-04-21 14:04:49.408877 Sync done -> model run start
2 12.04 [2.4993180299643427, 2.374416822101921, 2.3422433498781174, 2.3724229850340635, 2.4518225470092148]
3 12.069 [2.488555412972346, 2.3768873850349337, 2.337744719814509, 2.3476348449476063, 2.518410692922771]
1 12.204 [2.486464951885864, 2.3768561880569905, 2.339802890084684, 2.3476895331405103, 2.6527934879995883]
0 12.597 [2.6052433240693063, 2.470140016870573, 2.432508908910677, 2.4595339740626514, 2.6290150329004973]
2026-04-21 14:05:04.174970 Sync done -> model run start
2026-04-21 14:05:04.194418 Sync done -> model run start
2026-04-21 14:05:04.215529 Sync done -> model run start
2026-04-21 14:05:04.221127 Sync done -> model run start
1 11.691 [2.338351770071313, 2.3297110251151025, 2.3138620250392705, 2.334016644861549, 2.3750371269416064]
2 11.668 [2.332232157001272, 2.322276937076822, 2.3077295990660787, 2.3328184720594436, 2.3726728649344295]
3 11.84 [2.339309632079676, 2.3306265950668603, 2.3090369389392436, 2.3318640480283648, 2.528982302872464]
0 12.136 [2.427998946979642, 2.4247051109559834, 2.4058549229521304, 2.4152261440176517, 2.461690410040319]
2026-04-21 14:05:18.446784 Sync done -> model run start
2026-04-21 14:05:18.479902 Sync done -> model run start
2026-04-21 14:05:18.487939 Sync done -> model run start
2026-04-21 14:05:18.502696 Sync done -> model run start
0 11.5 [2.3226793052162975, 2.3261837759055197, 2.283087009098381, 2.278642653953284, 2.2888441330287606]
3 11.619 [2.329565999098122, 2.328518820926547, 2.2857312180567533, 2.2791921321768314, 2.396122497972101]
1 11.972 [2.415194284869358, 2.4183326130732894, 2.379861923167482, 2.372757056960836, 2.385165924206376]
2026-04-21 14:05:32.661341 Sync done -> model run start
2026-04-21 14:05:32.680153 Sync done -> model run start
2026-04-21 14:05:32.722564 Sync done -> model run start
2026-04-21 14:05:32.732221 Sync done -> model run start
0 11.464 [2.323259592987597, 2.3178342001046985, 2.2819531350396574, 2.27636701380834, 2.2647369040641934]
2 11.954 [2.416825195075944, 2.422467836178839, 2.3786912779323757, 2.3727976069785655, 2.3632145209703594]
3 11.498 [2.320396216819063, 2.3250626120716333, 2.2867813990451396, 2.287078537978232, 2.2782001360319555]
1 11.491 [2.328343167901039, 2.3276645820587873, 2.2829568809829652, 2.280306739034131, 2.2718579720240086]
2026-04-21 14:05:47.132028 Sync done -> model run start
2026-04-21 14:05:47.152247 Sync done -> model run start
2026-04-21 14:05:47.152239 Sync done -> model run start
2026-04-21 14:05:47.168638 Sync done -> model run start
1 11.653 [2.3683989390265197, 2.393228958826512, 2.3018976747989655, 2.3050983459688723, 2.2843895701225847]
3 11.64 [2.3752321449574083, 2.3754951171576977, 2.2931565609760582, 2.29701045807451, 2.2988405600190163]
2 11.713 [2.3911177639383823, 2.3812306690961123, 2.3214981257915497, 2.321778181940317, 2.2969520771875978]
0 12.065 [2.459641895024106, 2.4927696988452226, 2.3867130510043353, 2.3760796040296555, 2.350036210846156]
2026-04-21 14:06:00.460094 Sync done -> model run start
net_times: [[30.509, 1.123, 1210368, 1210368], [0.002, 1.05, 1210368, 1210368], [0.002, 1.041, 1210368, 1210368], [0.151, 1.042, 1210368, 1210368], [0.321, 1.132, 1210368, 1210368]]
echo 'race4fun' | sudo -S sh -c 'journalctl --since "2026-04-21 14:04:16.844149" --until "2026-04-21 14:06:00.460094" -k -o short-iso '| grep -i -E 'throttle|throttled|thermal|cpufreq|under-voltage|voltage'
