ALL SYNC
2026-04-21 14:04:17.610730 Sync done -> model run start
2026-04-21 14:04:17.610730 Sync done -> model run start
2026-04-21 14:04:17.610730 Sync done -> model run start
2026-04-21 14:04:17.639814 Sync done -> model run start
0 12.098 [2.9222726749721915, 2.9593818988651037, 2.21762176300399, 2.0143080458510667, 1.9840096838306636]
2 12.215 [3.057702237041667, 2.872614041902125, 2.198423745110631, 2.1070230179466307, 1.9789184189867228]
1 12.307 [2.9776085468474776, 2.9743177820928395, 2.175503676990047, 2.206178758991882, 1.9729142759460956]
3 12.409 [2.91438813181594, 3.14832815900445, 2.1962010329589248, 2.088550328044221, 2.0609531041700393]
2026-04-21 14:04:33.022041 Sync done -> model run start
2026-04-21 14:04:33.022413 Sync done -> model run start
2026-04-21 14:04:33.027929 Sync done -> model run start
2026-04-21 14:04:33.043838 Sync done -> model run start
1 10.339 [2.0895610679872334, 2.0930593439843506, 2.046890293015167, 2.0606764960102737, 2.0487714940682054]
0 10.34 [2.0898222709074616, 2.0930594988167286, 2.046885241055861, 2.0606771730817854, 2.048928997013718]
3 10.368 [2.104044074891135, 2.0930822580121458, 2.0458099560346454, 2.0587664539925754, 2.066301902057603]
2 10.719 [2.199132665991783, 2.18385350308381, 2.1563098737969995, 2.115123264025897, 2.064450168982148]
2026-04-21 14:04:48.215374 Sync done -> model run start
2026-04-21 14:04:48.234318 Sync done -> model run start
2026-04-21 14:04:48.234698 Sync done -> model run start
2026-04-21 14:04:48.253189 Sync done -> model run start
2 11.141 [3.150886590126902, 2.0197520998772234, 1.9850381701253355, 1.991941689979285, 1.993379008024931]
1 11.392 [3.2409095959737897, 2.0729574800934643, 2.1042158980853856, 1.9915384300984442, 1.9823601730167866]
3 11.225 [3.177130346884951, 2.0265392649453133, 2.0362061669584364, 1.992146217962727, 1.9923955430276692]
0 11.52 [3.240673136897385, 2.030378295807168, 2.147021133918315, 2.0849915919825435, 2.016866215970367]
2026-04-21 14:05:04.157331 Sync done -> model run start
2026-04-21 14:05:04.171866 Sync done -> model run start
2026-04-21 14:05:04.171866 Sync done -> model run start
2026-04-21 14:05:04.171866 Sync done -> model run start
3 11.17 [2.082371141994372, 2.770252824993804, 2.257086409954354, 2.066510203992948, 1.9935648918617517]
2 11.245 [2.089937800075859, 2.9129742891527712, 2.192278531845659, 2.0300725179258734, 2.01933043403551]
1 11.317 [2.076504049822688, 2.8415028019808233, 2.239346272079274, 2.1329893451184034, 2.026907553896308]
0 11.575 [2.180644048843533, 3.1051076389849186, 2.1421583748888224, 2.1303045318927616, 2.016264203004539]
2026-04-21 14:05:18.643146 Sync done -> model run start
2026-04-21 14:05:18.652417 Sync done -> model run start
2026-04-21 14:05:18.659766 Sync done -> model run start
2026-04-21 14:05:18.733976 Sync done -> model run start
0 10.928 [2.6718486878089607, 2.247158642858267, 2.0149748229887336, 1.9888077219948173, 2.004933758173138]
2 10.951 [2.7008812681306154, 2.2282976082060486, 2.020231378963217, 1.9879582771100104, 2.012930936180055]
3 11.424 [2.955611807992682, 2.1601229638326913, 2.213844000827521, 2.0810333129484206, 2.0137112208176404]
2026-04-21 14:05:32.251546 Sync done -> model run start
net_times: [[0.0, 2.086, 0, 1210368], [0.0, 3.547, 0, 1210368], [0.0, 3.501, 0, 1210368], [0.0, 2.006, 0, 1210368], [0.0, 1.998, 0, 1210368]]
echo 'race4fun' | sudo -S sh -c 'journalctl --since "2026-04-21 14:04:15.830539" --until "2026-04-21 14:05:32.251546" -k -o short-iso '| grep -i -E 'throttle|throttled|thermal|cpufreq|under-voltage|voltage'
