ALL SYNC
2026-04-21 14:05:04.090010 Sync done -> model run start
2026-04-21 14:05:04.090016 Sync done -> model run start
2026-04-21 14:05:04.090010 Sync done -> model run start
2026-04-21 14:05:04.090010 Sync done -> model run start
3 4.8 [1.1379083490464836, 0.9134055760223418, 0.7051430058199912, 0.9919313490390778, 1.0510246879421175]
2 4.854 [1.137907411903143, 0.9128695880062878, 0.7557047079317272, 1.049258443992585, 0.998447939986363]
0 4.871 [1.2078837868757546, 0.9220979418605566, 0.6661601709201932, 1.112524424912408, 0.9621362418401986]
1 4.908 [1.1379078291356564, 0.9134071890730411, 0.8343178769573569, 1.1296328050084412, 0.8923302830662578]
2026-04-21 14:05:17.812887 Sync done -> model run start
2026-04-21 14:05:17.835192 Sync done -> model run start
2026-04-21 14:05:17.847107 Sync done -> model run start
2026-04-21 14:05:17.865424 Sync done -> model run start
2 3.637 [0.5980935278348625, 0.5860669030807912, 1.0368714549113065, 0.8430568049661815, 0.5724331990350038]
1 3.67 [0.5972986349370331, 0.5862861210480332, 1.0244058729149401, 0.8871114470530301, 0.5746712649706751]
0 3.759 [0.5982125378213823, 0.5831557668279856, 0.9979999731294811, 1.0006901209708303, 0.579172499012202]
3 3.766 [0.6390992738306522, 0.5865175258368254, 1.1736330178100616, 0.7831586247775704, 0.5835715460125357]
2026-04-21 14:05:31.903649 Sync done -> model run start
2026-04-21 14:05:31.918993 Sync done -> model run start
2026-04-21 14:05:31.931443 Sync done -> model run start
2026-04-21 14:05:31.949788 Sync done -> model run start
0 2.908 [0.6022016908973455, 0.5874498139601201, 0.5741413701325655, 0.571202005026862, 0.5723510629031807]
2 2.907 [0.6013250281102955, 0.5836986810900271, 0.5740154851227999, 0.5729434059467167, 0.5745688690803945]
1 3.009 [0.6087243768852204, 0.625397966010496, 0.5822948319837451, 0.6080098999664187, 0.5845859178807586]
3 2.911 [0.5989765981212258, 0.5863829429727048, 0.574893502984196, 0.5731734049040824, 0.5770360478200018]
2026-04-21 14:05:46.141558 Sync done -> model run start
2026-04-21 14:05:46.161825 Sync done -> model run start
2026-04-21 14:05:46.172118 Sync done -> model run start
2026-04-21 14:05:46.187926 Sync done -> model run start
3 3.696 [0.6002680000383407, 0.5869012218900025, 0.5710602351464331, 1.0785602708347142, 0.8589138339739293]
1 3.805 [0.6035975199192762, 0.5896116818767041, 0.5728450207971036, 1.2482030759565532, 0.7900319858454168]
0 3.815 [0.5998927929904312, 0.6351831411011517, 0.5741599120665342, 1.1849371991120279, 0.8207621939945966]
2026-04-21 14:06:00.742696 Sync done -> model run start
2026-04-21 14:06:00.788874 Sync done -> model run start
2026-04-21 14:06:00.798133 Sync done -> model run start
2026-04-21 14:06:00.803778 Sync done -> model run start
2 5.019 [1.1423445311374962, 1.1034208110067993, 0.8995930170640349, 1.204300570068881, 0.6694368771277368]
0 5.138 [1.1121209890116006, 1.242440751986578, 0.9855401199311018, 1.2047421832103282, 0.5924088601022959]
3 5.056 [1.1697288129944354, 1.083922595018521, 0.9707271498627961, 1.2310769890900701, 0.6005268529988825]
1 5.19 [1.2333211479708552, 1.1091755300294608, 1.0588369010947645, 1.1830483509693295, 0.6051796490792185]
2026-04-21 14:06:07.116910 Sync done -> model run start
net_times: [[46.368, 1.051, 1210368, 605184], [7.35, 1.042, 1210368, 605184], [8.829, 1.045, 1210368, 605184], [9.746, 1.044, 1210368, 605184], [9.304, 1.046, 1210368, 605184]]
echo 'race4fun' | sudo -S sh -c 'journalctl --since "2026-04-21 14:04:16.844420" --until "2026-04-21 14:06:07.116910" -k -o short-iso '| grep -i -E 'throttle|throttled|thermal|cpufreq|under-voltage|voltage'
