ALL SYNC
2026-04-21 14:05:10.590735 Sync done -> model run start
2026-04-21 14:05:10.590734 Sync done -> model run start
2026-04-21 14:05:10.590734 Sync done -> model run start
2026-04-21 14:05:10.591261 Sync done -> model run start
0 0.037 [0.028736589942127466, 0.002083007013425231, 0.001900664996355772, 0.0020933719351887703, 0.002317955018952489]
2 0.038 [0.028228728799149394, 0.0020846750121563673, 0.0031819590367376804, 0.0027889402117580175, 0.001817852957174182]
1 0.04 [0.02968220878392458, 0.0030659709591418505, 0.00206910097040236, 0.003182479878887534, 0.002106392988935113]
2026-04-21 14:05:22.829579 Sync done -> model run start
2026-04-21 14:05:22.836090 Sync done -> model run start
2026-04-21 14:05:22.855057 Sync done -> model run start
2026-04-21 14:05:22.864256 Sync done -> model run start
0 0.013 [0.005788139998912811, 0.0017046250868588686, 0.001613896107301116, 0.0016497289761900902, 0.002093736780807376]
1 0.015 [0.0067568321246653795, 0.0020166540052741766, 0.00164311402477324, 0.001603167038410902, 0.0025872238911688328]
3 0.01 [0.004362942185252905, 0.0014219700824469328, 0.0012745230924338102, 0.0011253568809479475, 0.0011605140753090382]
2 0.008 [0.004077005898579955, 0.0011853049509227276, 0.0009558799210935831, 0.0010230671614408493, 0.0009547851514071226]
2026-04-21 14:05:36.147591 Sync done -> model run start
2026-04-21 14:05:36.166448 Sync done -> model run start
2026-04-21 14:05:36.173248 Sync done -> model run start
2026-04-21 14:05:36.178458 Sync done -> model run start
2 0.011 [0.00510814506560564, 0.0015124380588531494, 0.001545407110825181, 0.0015363958664238453, 0.0013615540228784084]
0 0.01 [0.004232004983350635, 0.0013642630074173212, 0.0016764479223638773, 0.0015542618930339813, 0.0012028571218252182]
3 0.01 [0.004657002165913582, 0.0013962930534034967, 0.001426813891157508, 0.0010792119428515434, 0.0010128580033779144]
1 0.009 [0.005045176018029451, 0.0010937959887087345, 0.0010580138769000769, 0.000827547162771225, 0.0007679120171815157]
2026-04-21 14:05:51.200653 Sync done -> model run start
2026-04-21 14:05:51.207537 Sync done -> model run start
2026-04-21 14:05:51.215965 Sync done -> model run start
2026-04-21 14:05:51.225380 Sync done -> model run start
0 0.014 [0.006076368037611246, 0.0017254569102078676, 0.0017436349298804998, 0.0017538429237902164, 0.002396599855273962]
1 0.014 [0.006834645057097077, 0.00181545689702034, 0.0018274369649589062, 0.001780458027496934, 0.001458063954487443]
2 0.011 [0.0055184029042720795, 0.0014732200652360916, 0.0014850948937237263, 0.0012546281795948744, 0.0010259828995913267]
3 0.007 [0.0036876338999718428, 0.0009350990876555443, 0.0007429639808833599, 0.000785463023930788, 0.0007484850939363241]
2026-04-21 14:06:07.199676 Sync done -> model run start
2026-04-21 14:06:07.207687 Sync done -> model run start
2026-04-21 14:06:07.216803 Sync done -> model run start
2026-04-21 14:06:07.225121 Sync done -> model run start
0 0.014 [0.006163815036416054, 0.0016094171442091465, 0.0017670199740678072, 0.001834155060350895, 0.0023274850100278854]
1 0.014 [0.006771728163585067, 0.0017280098982155323, 0.0018814981449395418, 0.0014392088633030653, 0.0015316049102693796]
2 0.011 [0.005410226061940193, 0.0016483231447637081, 0.001269782893359661, 0.0010058269836008549, 0.0010089001152664423]
3 0.008 [0.003436123952269554, 0.0012647840194404125, 0.0010025461670011282, 0.0009771292097866535, 0.0008578600827604532]
2026-04-21 14:06:07.297789 Sync done -> model run start
net_times: [[53.262, 0.0, 605184, 0], [11.998, 0.0, 605184, 0], [13.095, 0.0, 605184, 0], [14.827, 0.0, 605184, 0], [15.78, 0.0, 605184, 0]]
echo 'race4fun' | sudo -S sh -c 'journalctl --since "2026-04-21 14:04:16.843077" --until "2026-04-21 14:06:07.297789" -k -o short-iso '| grep -i -E 'throttle|throttled|thermal|cpufreq|under-voltage|voltage'
