ALL SYNC
2026-04-21 14:01:36.392285 Sync done -> model run start
2026-04-21 14:01:36.392289 Sync done -> model run start
2026-04-21 14:01:36.392285 Sync done -> model run start
2026-04-21 14:01:36.411333 Sync done -> model run start
3 18.778 [4.769846484065056, 3.6088198660872877, 3.4561444888822734, 3.4749035409186035, 3.4682879159227014]
1 18.89 [4.8134933691471815, 3.707142129074782, 3.460671031847596, 3.441344110062346, 3.4667461530771106]
2 19.036 [4.871216441038996, 3.5672637009993196, 3.4628531048074365, 3.53219697996974, 3.6022038750816137]
0 19.283 [4.885307625867426, 3.751221408834681, 3.5925362680573016, 3.6008425049949437, 3.452531220158562]
2026-04-21 14:01:59.266596 Sync done -> model run start
2026-04-21 14:01:59.280557 Sync done -> model run start
2026-04-21 14:01:59.290126 Sync done -> model run start
2026-04-21 14:01:59.304874 Sync done -> model run start
0 18.374 [3.9452039420139045, 4.026684073964134, 3.4691038969904184, 3.4600858869962394, 3.4723853319883347]
2 18.583 [4.028991169063374, 4.125137747032568, 3.485868667019531, 3.4671436690259725, 3.475423027994111]
3 18.95 [4.104735099012032, 4.097175268922001, 3.603412670083344, 3.604954978916794, 3.5399742510635406]
1 18.521 [4.36235946090892, 3.7565310730133206, 3.469740977976471, 3.460091929882765, 3.4718559600878507]
2026-04-21 14:02:21.631850 Sync done -> model run start
2026-04-21 14:02:21.647907 Sync done -> model run start
2026-04-21 14:02:21.647907 Sync done -> model run start
2026-04-21 14:02:21.667830 Sync done -> model run start
0 18.78 [3.5229943189769983, 3.535894023021683, 3.5716445099096745, 4.041973014827818, 4.1071452021133155]
2 18.803 [3.525719619123265, 3.5354822010267526, 3.588510945905, 4.108712979126722, 4.044150066096336]
3 18.899 [3.523380306083709, 3.5226788211148232, 3.568583326181397, 4.041683120885864, 4.242627620929852]
1 19.407 [3.6588757960125804, 3.683721749810502, 3.703882153145969, 4.795477535109967, 3.5649269898422062]
2026-04-21 14:02:44.388166 Sync done -> model run start
2026-04-21 14:02:44.403667 Sync done -> model run start
2026-04-21 14:02:44.403667 Sync done -> model run start
2026-04-21 14:02:44.439837 Sync done -> model run start
0 18.683 [4.638010983122513, 3.596252182032913, 3.469584635924548, 3.4843950599897653, 3.494982064003125]
3 18.726 [4.627273686928675, 3.6288115691859275, 3.4687341719400138, 3.484337612055242, 3.516913478029892]
2 18.928 [4.703382621053606, 3.7444100701250136, 3.4956881690304726, 3.4953133990056813, 3.488795999903232]
1 19.266 [4.779683587141335, 3.7117121929768473, 3.606326222186908, 3.62056852504611, 3.547174703096971]
2026-04-21 14:03:07.028828 Sync done -> model run start
2026-04-21 14:03:07.059089 Sync done -> model run start
2026-04-21 14:03:07.059966 Sync done -> model run start
2026-04-21 14:03:07.080271 Sync done -> model run start
1 20.455 [4.0723055640701205, 3.908430943964049, 4.370699675986543, 4.580583686009049, 3.5228327040094882]
0 20.515 [4.022540834033862, 3.955149071989581, 4.509331204928458, 4.488465130096301, 3.5389979460742325]
2 20.507 [4.301328674890101, 3.732125570997596, 4.36761635588482, 4.473330039065331, 3.632834411924705]
3 20.828 [4.063046853989363, 3.9349600980058312, 4.577658405993134, 4.622124860063195, 3.629834010032937]
2026-04-21 14:03:30.076158 Sync done -> model run start
net_times: [[0.0, 2.095, 0, 1210368], [0.0, 1.921, 0, 1210368], [0.0, 1.877, 0, 1210368], [0.0, 1.885, 0, 1210368], [0.0, 2.074, 0, 1210368]]
echo 'race4fun' | sudo -S sh -c 'journalctl --since "2026-04-21 14:01:33.328647" --until "2026-04-21 14:03:30.076158" -k -o short-iso '| grep -i -E 'throttle|throttled|thermal|cpufreq|under-voltage|voltage'
