ALL SYNC
2026-04-21 14:04:34.128626 Sync done -> model run start
2026-04-21 14:04:34.128613 Sync done -> model run start
2026-04-21 14:04:34.128613 Sync done -> model run start
2026-04-21 14:04:34.128613 Sync done -> model run start
0 10.757 [2.2265959789510816, 2.1445274050347507, 2.0917871280107647, 2.0697343030478805, 2.2244342810008675]
1 10.674 [2.222571793012321, 2.1426063789986074, 2.0896050629671663, 2.067568226950243, 2.151583324186504]
3 11.056 [2.317392357857898, 2.2328936490230262, 2.1351349980104715, 2.1428660929668695, 2.2280007121153176]
2 10.793 [2.209259559866041, 2.13018101407215, 2.0809053950943053, 2.070760962087661, 2.302047125995159]
2026-04-21 14:04:48.222034 Sync done -> model run start
2026-04-21 14:04:48.261645 Sync done -> model run start
2026-04-21 14:04:48.274954 Sync done -> model run start
2026-04-21 14:04:48.289061 Sync done -> model run start
1 10.427 [2.152649183990434, 2.097307519055903, 2.0651754550635815, 2.0583010960835963, 2.0536434911191463]
2 10.429 [2.142794266110286, 2.0996274480130523, 2.0669096070341766, 2.0590122889261693, 2.0603465610183775]
3 10.468 [2.1385483630001545, 2.104994226945564, 2.0756219308823347, 2.0595498890616, 2.089302779873833]
0 10.768 [2.1900440300814807, 2.1847412229981273, 2.1639076080173254, 2.1482907708268613, 2.080661238869652]
2026-04-21 14:05:04.139279 Sync done -> model run start
2026-04-21 14:05:04.163533 Sync done -> model run start
2026-04-21 14:05:04.181772 Sync done -> model run start
2026-04-21 14:05:04.244354 Sync done -> model run start
1 10.456 [2.1233855120372027, 2.103606417076662, 2.0591587231028825, 2.0763387489132583, 2.0934605470392853]
0 10.449 [2.1300816549919546, 2.0978227669838816, 2.0592053360305727, 2.0690448509994894, 2.0922132660634816]
2 10.482 [2.12692058715038, 2.108478512847796, 2.065623773029074, 2.0745813148096204, 2.1064716910477728]
3 10.81 [2.1999134751968086, 2.1691992110572755, 2.1475899750366807, 2.158154170960188, 2.135309007950127]
2026-04-21 14:05:18.698544 Sync done -> model run start
2026-04-21 14:05:18.723237 Sync done -> model run start
2026-04-21 14:05:18.739051 Sync done -> model run start
2026-04-21 14:05:18.745351 Sync done -> model run start
1 10.373 [2.1122329279314727, 2.090562754077837, 2.0577364719938487, 2.0620651978533715, 2.0502944730687886]
2 10.392 [2.1104442460928112, 2.092418468091637, 2.067120249848813, 2.0614604640286416, 2.0600348620209843]
3 10.415 [2.118248922051862, 2.097708632936701, 2.0691490878816694, 2.062697225017473, 2.0672693338710815]
0 10.73 [2.158101979875937, 2.1767190280370414, 2.158816738985479, 2.15158493607305, 2.08450028905645]
2026-04-21 14:05:33.086424 Sync done -> model run start
2026-04-21 14:05:33.088961 Sync done -> model run start
2026-04-21 14:05:33.115393 Sync done -> model run start
2026-04-21 14:05:33.135242 Sync done -> model run start
1 10.512 [2.139513569884002, 2.118752240901813, 2.080392981879413, 2.081338349962607, 2.091309739043936]
0 10.552 [2.175759315956384, 2.1181615688838065, 2.070603739004582, 2.0843890018295497, 2.1033443799242377]
3 10.546 [2.140768767800182, 2.1197757741902024, 2.0849541418720037, 2.1039540509227663, 2.0966018829494715]
2 10.875 [2.220504003111273, 2.207430737093091, 2.17064438178204, 2.187488789204508, 2.088893667096272]
2026-04-21 14:05:46.211504 Sync done -> model run start
net_times: [[15.355, 2.083, 1210368, 1210368], [0.002, 4.127, 1210368, 1210368], [0.002, 2.396, 1210368, 1210368], [0.268, 2.226, 1210368, 1210368], [0.405, 2.104, 1210368, 1210368]]
echo 'race4fun' | sudo -S sh -c 'journalctl --since "2026-04-21 14:04:16.841420" --until "2026-04-21 14:05:46.211504" -k -o short-iso '| grep -i -E 'throttle|throttled|thermal|cpufreq|under-voltage|voltage'
