ALL SYNC
2026-04-21 13:41:06.381784 Sync done -> model run start
2026-04-21 13:41:06.381787 Sync done -> model run start
2026-04-21 13:41:06.381784 Sync done -> model run start
2026-04-21 13:41:06.381784 Sync done -> model run start
2 0.13 [0.03576771495863795, 0.029298272915184498, 0.023117681965231895, 0.020656184991821647, 0.020807799883186817]
3 0.128 [0.03576781880110502, 0.029298011912032962, 0.0201069179456681, 0.02168045099824667, 0.021340765058994293]
1 0.13 [0.03576740296557546, 0.029335824074223638, 0.02308606798760593, 0.020580978132784367, 0.020960923982784152]
0 0.133 [0.035767662804573774, 0.03034357912838459, 0.024857412092387676, 0.021961906924843788, 0.02023077104240656]
2026-04-21 13:41:12.069215 Sync done -> model run start
2026-04-21 13:41:12.126869 Sync done -> model run start
2026-04-21 13:41:12.198078 Sync done -> model run start
2026-04-21 13:41:12.281015 Sync done -> model run start
1 0.087 [0.02832588297314942, 0.02149550407193601, 0.009792183991521597, 0.011703944997861981, 0.01564512006007135]
0 0.083 [0.02168055484071374, 0.017708963016048074, 0.012153733987361193, 0.013549559051170945, 0.017599640879780054]
2 0.071 [0.022510499227792025, 0.019169475883245468, 0.011003271909430623, 0.01034192112274468, 0.007888706168159842]
3 0.046 [0.013910597888752818, 0.010963115142658353, 0.007039856165647507, 0.006900533800944686, 0.0070377730298787355]
2026-04-21 13:41:18.073853 Sync done -> model run start
2026-04-21 13:41:18.130534 Sync done -> model run start
2026-04-21 13:41:18.205620 Sync done -> model run start
2026-04-21 13:41:18.282194 Sync done -> model run start
1 0.1 [0.03497876110486686, 0.02212888584472239, 0.01653355290181935, 0.012927999952808022, 0.012772532878443599]
0 0.086 [0.024557362077757716, 0.01760625489987433, 0.013690130785107613, 0.014505960047245026, 0.015199289890006185]
2 0.076 [0.026696881046518683, 0.019027079921215773, 0.013529455056414008, 0.008907605893909931, 0.0075634990353137255]
3 0.053 [0.01946457801386714, 0.01168566313572228, 0.00809000595472753, 0.006890274118632078, 0.006997148040682077]
2026-04-21 13:41:24.101784 Sync done -> model run start
2026-04-21 13:41:24.160468 Sync done -> model run start
2026-04-21 13:41:24.247467 Sync done -> model run start
2026-04-21 13:41:24.303919 Sync done -> model run start
0 0.08 [0.02178508508950472, 0.017548131057992578, 0.011699934024363756, 0.012766022002324462, 0.016188503010198474]
1 0.087 [0.02911113784648478, 0.02220539515838027, 0.010570721002295613, 0.012621386907994747, 0.012101026019081473]
2 0.064 [0.0185814059805125, 0.018730520037934184, 0.009437341941520572, 0.007923653116449714, 0.009348853025585413]
3 0.051 [0.014706949004903436, 0.014764188090339303, 0.00698990817181766, 0.006919128121808171, 0.007601519813761115]
2026-04-21 13:41:30.113894 Sync done -> model run start
2026-04-21 13:41:30.176193 Sync done -> model run start
2026-04-21 13:41:30.254789 Sync done -> model run start
2026-04-21 13:41:30.334268 Sync done -> model run start
0 0.091 [0.02723797201178968, 0.020083949901163578, 0.015099029056727886, 0.014386220835149288, 0.014125909889116883]
1 0.095 [0.03211252694018185, 0.022456331877037883, 0.013617527903988957, 0.010955145815387368, 0.015418872004374862]
2 0.079 [0.031875497894361615, 0.020132387056946754, 0.011536862002685666, 0.0076891230419278145, 0.007657300913706422]
3 0.053 [0.01875041495077312, 0.011548111913725734, 0.008258286863565445, 0.006943449843674898, 0.00691157509572804]
2026-04-21 13:41:31.813079 Sync done -> model run start
net_times: [[5.933, 1.378, 3211264, 802816], [3.915, 1.312, 3211264, 802816], [4.221, 1.33, 3211264, 802816], [4.205, 1.324, 3211264, 802816], [4.229, 1.342, 3211264, 802816]]
echo 'race4fun' | sudo -S sh -c 'journalctl --since "2026-04-21 13:40:59.955023" --until "2026-04-21 13:41:31.813079" -k -o short-iso '| grep -i -E 'throttle|throttled|thermal|cpufreq|under-voltage|voltage'
