ALL SYNC
2026-04-21 13:41:08.467746 Sync done -> model run start
2026-04-21 13:41:08.467746 Sync done -> model run start
2026-04-21 13:41:08.468223 Sync done -> model run start
2026-04-21 13:41:08.468266 Sync done -> model run start
1 2.108 [0.48597037605941296, 0.41680256091058254, 0.40562248206697404, 0.40168066788464785, 0.3979884360451251]
2 2.125 [0.49103875108994544, 0.42202880000695586, 0.40727930096909404, 0.4026883221231401, 0.40174639713950455]
3 2.135 [0.4923480700235814, 0.4270915489178151, 0.40987210790626705, 0.40465264092199504, 0.4012255650013685]
0 2.201 [0.5070282469969243, 0.4519555561710149, 0.4048650888726115, 0.44767212797887623, 0.3892834559082985]
2026-04-21 13:41:13.828672 Sync done -> model run start
2026-04-21 13:41:13.840964 Sync done -> model run start
2026-04-21 13:41:13.841611 Sync done -> model run start
2026-04-21 13:41:13.853866 Sync done -> model run start
1 1.974 [0.4121515811420977, 0.3908547540195286, 0.38898335210978985, 0.39180256403051317, 0.3899937649257481]
2 1.981 [0.41115090693347156, 0.392514853971079, 0.39076621318235993, 0.3915738668292761, 0.3943342249840498]
0 2.044 [0.43647220404818654, 0.3916508969850838, 0.42383301397785544, 0.40607440704479814, 0.3859458058141172]
3 1.977 [0.4083565380424261, 0.3919569901190698, 0.39080756600014865, 0.3921633968129754, 0.39312459202483296]
2026-04-21 13:41:19.855563 Sync done -> model run start
2026-04-21 13:41:19.865121 Sync done -> model run start
2026-04-21 13:41:19.871625 Sync done -> model run start
2026-04-21 13:41:19.888792 Sync done -> model run start
1 1.984 [0.4142521999310702, 0.3927587061189115, 0.39016845216974616, 0.39429865102283657, 0.39239771803840995]
2 1.983 [0.40911840996704996, 0.3918181350454688, 0.3906073570251465, 0.39688114495947957, 0.39444443210959435]
3 1.98 [0.40661700908094645, 0.39305141498334706, 0.3907202740665525, 0.3961998450104147, 0.39350214204750955]
0 2.057 [0.4478508229367435, 0.3910365749616176, 0.40794903691858053, 0.42349827382713556, 0.38636814802885056]
2026-04-21 13:41:25.862039 Sync done -> model run start
2026-04-21 13:41:25.867707 Sync done -> model run start
2026-04-21 13:41:25.879383 Sync done -> model run start
2026-04-21 13:41:25.893637 Sync done -> model run start
0 1.994 [0.4186625019647181, 0.3997373878955841, 0.3908052211627364, 0.3925465701613575, 0.3917585511226207]
2 2.0 [0.4137143879197538, 0.4019807679578662, 0.39429015992209315, 0.3936137028504163, 0.39578052097931504]
3 2.001 [0.41239194315858185, 0.4027192040812224, 0.3951199499424547, 0.3944956799969077, 0.3958606249652803]
1 2.093 [0.46973249106667936, 0.4013435821980238, 0.39874197309836745, 0.43858599895611405, 0.38445143192075193]
2026-04-21 13:41:31.913671 Sync done -> model run start
2026-04-21 13:41:31.923604 Sync done -> model run start
2026-04-21 13:41:31.933437 Sync done -> model run start
2026-04-21 13:41:31.944554 Sync done -> model run start
0 2.026 [0.41161532886326313, 0.39735463191755116, 0.39842332690022886, 0.4065710168797523, 0.41162829706445336]
3 2.029 [0.41083908011205494, 0.39848390012048185, 0.39910957613028586, 0.4077756500337273, 0.4124491799157113]
1 2.052 [0.4208471830934286, 0.4027317550498992, 0.401314778951928, 0.4073333591222763, 0.4194894249085337]
2 2.106 [0.45769605902023613, 0.395170260919258, 0.39874707581475377, 0.45452502416446805, 0.3998778029344976]
2026-04-21 13:41:34.827263 Sync done -> model run start
net_times: [[8.027, 0.699, 802816, 401408], [2.234, 0.628, 802816, 401408], [3.12, 0.694, 802816, 401408], [3.021, 0.698, 802816, 401408], [3.029, 0.7, 802816, 401408]]
echo 'race4fun' | sudo -S sh -c 'journalctl --since "2026-04-21 13:40:59.957566" --until "2026-04-21 13:41:34.827263" -k -o short-iso '| grep -i -E 'throttle|throttled|thermal|cpufreq|under-voltage|voltage'
