ALL SYNC
2026-04-21 13:40:18.283373 Sync done -> model run start
2026-04-21 13:40:18.283373 Sync done -> model run start
2026-04-21 13:40:18.283374 Sync done -> model run start
2026-04-21 13:40:18.283373 Sync done -> model run start
2 2.696 [0.5516040078364313, 0.5078793219290674, 0.5537242100108415, 0.5240452541038394, 0.5582788279280066]
1 2.675 [0.5529236390721053, 0.5108357169665396, 0.5598512711003423, 0.5262705569621176, 0.5249408229719847]
0 2.782 [0.5966673360671848, 0.5073897398542613, 0.5965841070283204, 0.5228997890371829, 0.5579434130340815]
3 2.893 [0.5516036429908127, 0.5409335251897573, 0.6559136339928955, 0.6349875109735876, 0.5095165041275322]
2026-04-21 13:40:21.578901 Sync done -> model run start
2026-04-21 13:40:21.579225 Sync done -> model run start
2026-04-21 13:40:21.589735 Sync done -> model run start
2026-04-21 13:40:21.604465 Sync done -> model run start
0 2.665 [0.510467333951965, 0.5019600209780037, 0.5008848160505295, 0.5313885090872645, 0.6203405340202153]
2 2.579 [0.5075604170560837, 0.49985690298490226, 0.4994416958652437, 0.5435528920497745, 0.5280163860879838]
3 2.651 [0.525014781858772, 0.5217057829722762, 0.499080240027979, 0.5939774510916322, 0.5106401450466365]
1 2.572 [0.5102696260437369, 0.501960176974535, 0.5008846598211676, 0.5292622668202966, 0.5296119530685246]
2026-04-21 13:40:24.645040 Sync done -> model run start
2026-04-21 13:40:24.658917 Sync done -> model run start
2026-04-21 13:40:24.670473 Sync done -> model run start
2026-04-21 13:40:24.694388 Sync done -> model run start
0 2.564 [0.5031955370213836, 0.4938120299484581, 0.5018790839239955, 0.5423086259979755, 0.5227699989918619]
2 2.558 [0.5011200760491192, 0.491163028171286, 0.502630383009091, 0.5356166718993336, 0.5275555548723787]
1 2.634 [0.5005522130522877, 0.48970839800313115, 0.5698967049829662, 0.5233907781075686, 0.5506895859725773]
3 2.715 [0.5025852280668914, 0.4921386500354856, 0.501823719823733, 0.653032551985234, 0.5656187508720905]
2026-04-21 13:40:27.809235 Sync done -> model run start
2026-04-21 13:40:27.816180 Sync done -> model run start
2026-04-21 13:40:27.835790 Sync done -> model run start
2026-04-21 13:40:27.838157 Sync done -> model run start
1 2.602 [0.5334383458830416, 0.49477786011993885, 0.491675317985937, 0.5584862770047039, 0.523037341888994]
3 2.603 [0.5286807590164244, 0.492493910016492, 0.49115245696157217, 0.5724110179580748, 0.5184963690117002]
0 2.66 [0.5791493800934404, 0.4930969290435314, 0.5015554400160909, 0.5698046218603849, 0.5159148680977523]
2 2.761 [0.5344929250422865, 0.49443749710917473, 0.4988861789461225, 0.6803312050178647, 0.550430681090802]
2026-04-21 13:40:30.985476 Sync done -> model run start
2026-04-21 13:40:30.996333 Sync done -> model run start
2026-04-21 13:40:31.000643 Sync done -> model run start
2026-04-21 13:40:31.016213 Sync done -> model run start
0 2.464 [0.5008399218786508, 0.4911627690307796, 0.49156073690392077, 0.49070381186902523, 0.4899591801222414]
2 2.462 [0.49973732186481357, 0.4897657937835902, 0.49163334001787007, 0.4910734461154789, 0.4899650141596794]
1 2.468 [0.5020909060258418, 0.4914154240395874, 0.4917589130345732, 0.4914065711200237, 0.49120178003795445]
3 2.572 [0.5101643670350313, 0.5409986840095371, 0.4997969570104033, 0.5168033021036536, 0.5038644939195365]
2026-04-21 13:40:33.661457 Sync done -> model run start
net_times: [[2.751, 0.0, 802816, 0], [0.002, 0.0, 802816, 0], [0.002, 0.0, 802816, 0], [0.002, 0.0, 802816, 0], [0.002, 0.0, 802816, 0]]
echo 'race4fun' | sudo -S sh -c 'journalctl --since "2026-04-21 13:40:14.558880" --until "2026-04-21 13:40:33.661457" -k -o short-iso '| grep -i -E 'throttle|throttled|thermal|cpufreq|under-voltage|voltage'
