ALL SYNC
2026-04-21 13:40:59.447934 Sync done -> model run start
2026-04-21 13:40:59.447857 Sync done -> model run start
2026-04-21 13:40:59.448213 Sync done -> model run start
2026-04-21 13:40:59.448485 Sync done -> model run start
1 0.482 [0.1383849538397044, 0.0998309871647507, 0.08086199406534433, 0.08231540909036994, 0.08063777815550566]
3 0.492 [0.13909634901210666, 0.10142460907809436, 0.08520224294625223, 0.08413319592364132, 0.08172271004877985]
2 0.505 [0.13923077401705086, 0.10196652892045677, 0.08626217488199472, 0.08397423895075917, 0.09301072196103632]
0 0.484 [0.13890103995800018, 0.09983129892498255, 0.08168515912257135, 0.08151437994092703, 0.08151234802789986]
2026-04-21 13:41:06.028466 Sync done -> model run start
2026-04-21 13:41:06.034349 Sync done -> model run start
2026-04-21 13:41:06.041868 Sync done -> model run start
2026-04-21 13:41:06.052635 Sync done -> model run start
1 0.398 [0.08844048902392387, 0.08669291017577052, 0.07817610702477396, 0.07197755109518766, 0.0726538950111717]
2 0.393 [0.09331422112882137, 0.08636760292574763, 0.06895045889541507, 0.07204536185599864, 0.07183078187517822]
3 0.403 [0.09532002499327064, 0.08633067598566413, 0.07102490798570216, 0.0718176569789648, 0.07874833908863366]
0 0.478 [0.08757977280765772, 0.13094930001534522, 0.08259073109366, 0.07259754207916558, 0.10438374802470207]
2026-04-21 13:41:12.081209 Sync done -> model run start
2026-04-21 13:41:12.087112 Sync done -> model run start
2026-04-21 13:41:12.094503 Sync done -> model run start
2026-04-21 13:41:12.102748 Sync done -> model run start
3 0.414 [0.09607111988589168, 0.09237711085006595, 0.07106736488640308, 0.0741807569283992, 0.07968494901433587]
0 0.492 [0.08734343410469592, 0.1225150628015399, 0.10099125793203712, 0.07600760692730546, 0.10509645915590227]
2 0.402 [0.09428177098743618, 0.08814352587796748, 0.07539469888433814, 0.07318389718420804, 0.07108059385791421]
2026-04-21 13:41:18.087197 Sync done -> model run start
2026-04-21 13:41:18.092414 Sync done -> model run start
2026-04-21 13:41:18.102390 Sync done -> model run start
2026-04-21 13:41:18.109101 Sync done -> model run start
0 0.417 [0.08621314796619117, 0.09668419696390629, 0.0763280801475048, 0.0798336029984057, 0.07752941688522696]
2 0.407 [0.09500562702305615, 0.09155343612655997, 0.06781028490513563, 0.07948058703914285, 0.07330395607277751]
1 0.49 [0.0886866538785398, 0.09569598105736077, 0.09982790192589164, 0.10106257116422057, 0.1044327849522233]
3 0.412 [0.09571061609312892, 0.09289544797502458, 0.07298588799312711, 0.07222569012083113, 0.07767811301164329]
2026-04-21 13:41:24.099532 Sync done -> model run start
2026-04-21 13:41:24.103954 Sync done -> model run start
2026-04-21 13:41:24.111492 Sync done -> model run start
2026-04-21 13:41:24.120143 Sync done -> model run start
1 0.41 [0.08875958109274507, 0.0925648920238018, 0.08048803103156388, 0.06961755896918476, 0.07797103491611779]
2 0.416 [0.0950357939582318, 0.09321326809003949, 0.07546966406516731, 0.06953698815777898, 0.08199556195177138]
3 0.417 [0.09661566792055964, 0.09383242600597441, 0.07833123905584216, 0.07284381613135338, 0.07521550101228058]
0 0.49 [0.08880879892967641, 0.09610952995717525, 0.08308611903339624, 0.10016103507950902, 0.12187984306365252]
2026-04-21 13:41:30.041266 Sync done -> model run start
net_times: [[0.0, 5.702, 0, 3211264], [0.0, 5.263, 0, 3211264], [0.0, 5.201, 0, 3211264], [0.0, 5.208, 0, 3211264], [0.0, 5.217, 0, 3211264]]
echo 'race4fun' | sudo -S sh -c 'journalctl --since "2026-04-21 13:40:58.943860" --until "2026-04-21 13:41:30.041266" -k -o short-iso '| grep -i -E 'throttle|throttled|thermal|cpufreq|under-voltage|voltage'
