ALL SYNC
2026-04-21 13:40:13.984056 Sync done -> model run start
2026-04-21 13:40:13.984040 Sync done -> model run start
2026-04-21 13:40:13.984037 Sync done -> model run start
2026-04-21 13:40:13.984037 Sync done -> model run start
0 1.761 [0.4368541140574962, 0.35042418097145855, 0.33385776402428746, 0.32111215800978243, 0.31838957010768354]
2 1.772 [0.43684703088365495, 0.3546149400062859, 0.3335394330788404, 0.3266427000053227, 0.32033825595863163]
3 1.81 [0.439799461979419, 0.35767455701716244, 0.3463892568834126, 0.3346185931004584, 0.3315669959411025]
1 1.873 [0.48056751396507025, 0.35633216914720833, 0.3559384741820395, 0.3479171129874885, 0.33199147298000753]
2026-04-21 13:40:17.428228 Sync done -> model run start
2026-04-21 13:40:17.433555 Sync done -> model run start
2026-04-21 13:40:17.443554 Sync done -> model run start
2026-04-21 13:40:17.451782 Sync done -> model run start
1 1.654 [0.34136318997479975, 0.3701208410784602, 0.3159623430110514, 0.31364376191049814, 0.31231923890300095]
2 1.654 [0.34401562297716737, 0.37020354997366667, 0.3123465820681304, 0.31304814014583826, 0.3137648559641093]
3 1.656 [0.3500887658447027, 0.36421894701197743, 0.3131706400308758, 0.31299985898658633, 0.3156091158743948]
0 1.714 [0.34523863811045885, 0.4019494131207466, 0.31750623998232186, 0.31650765310041606, 0.3320798568893224]
2026-04-21 13:40:21.386225 Sync done -> model run start
2026-04-21 13:40:21.391334 Sync done -> model run start
2026-04-21 13:40:21.391333 Sync done -> model run start
2026-04-21 13:40:21.410243 Sync done -> model run start
0 1.673 [0.34693763800896704, 0.3475134680047631, 0.3320168361533433, 0.32631306489929557, 0.3203776830341667]
2 1.686 [0.3469376899302006, 0.34942408208735287, 0.3385052368976176, 0.33027059491723776, 0.3205091399140656]
3 1.7 [0.3548629048746079, 0.35696112317964435, 0.3394729921128601, 0.3293448199983686, 0.3195119579322636]
1 1.79 [0.4030928441789001, 0.3613229738548398, 0.3350637978874147, 0.3576666919980198, 0.3323687082156539]
2026-04-21 13:40:24.478668 Sync done -> model run start
2026-04-21 13:40:24.483752 Sync done -> model run start
2026-04-21 13:40:24.491213 Sync done -> model run start
2026-04-21 13:40:24.499792 Sync done -> model run start
0 1.611 [0.34134006407111883, 0.3288647700101137, 0.3125492369290441, 0.313598969951272, 0.31479979609139264]
2 1.619 [0.345651030074805, 0.32998851290903986, 0.3117643450386822, 0.3146460468415171, 0.316989524057135]
3 1.63 [0.35310406098142266, 0.3337702630087733, 0.31196772889234126, 0.31212986283935606, 0.31875107693485916]
1 1.668 [0.34481379482895136, 0.33008215902373195, 0.363331139087677, 0.31195913604460657, 0.3177961860783398]
2026-04-21 13:40:27.595709 Sync done -> model run start
2026-04-21 13:40:27.603614 Sync done -> model run start
2026-04-21 13:40:27.611502 Sync done -> model run start
2026-04-21 13:40:27.617705 Sync done -> model run start
1 1.582 [0.33510900498367846, 0.3248864058405161, 0.30728322407230735, 0.3044670410454273, 0.31010190583765507]
2 1.589 [0.33870794298127294, 0.32440719101577997, 0.30854728003032506, 0.30783733492717147, 0.30976076191291213]
3 1.603 [0.34201229992322624, 0.3264156160876155, 0.31064778892323375, 0.3102273219265044, 0.3139493321068585]
0 1.697 [0.38798975106328726, 0.3262757221236825, 0.3100625309161842, 0.35807700199075043, 0.3139350099954754]
2026-04-21 13:40:30.708152 Sync done -> model run start
net_times: [[0.0, 1.396, 0, 802816], [0.0, 2.06, 0, 802816], [0.0, 1.107, 0, 802816], [0.0, 1.273, 0, 802816], [0.0, 1.335, 0, 802816]]
echo 'race4fun' | sudo -S sh -c 'journalctl --since "2026-04-21 13:40:13.556817" --until "2026-04-21 13:40:30.708152" -k -o short-iso '| grep -i -E 'throttle|throttled|thermal|cpufreq|under-voltage|voltage'
