ALL SYNC
2026-04-21 13:41:14.690592 Sync done -> model run start
2026-04-21 13:41:14.690592 Sync done -> model run start
2026-04-21 13:41:14.690592 Sync done -> model run start
2026-04-21 13:41:14.690893 Sync done -> model run start
3 0.039 [0.03169075911864638, 0.0019038431346416473, 0.0019520721398293972, 0.0018906139302998781, 0.0018224900122731924]
2 0.04 [0.031734925927594304, 0.0017338450998067856, 0.0028014429844915867, 0.0019920719787478447, 0.0017200938891619444]
0 0.041 [0.0316929470282048, 0.001902228919789195, 0.0026079020462930202, 0.0030812849290668964, 0.0015386368613690138]
1 0.04 [0.03169008204713464, 0.0019046240486204624, 0.0019500930793583393, 0.0026171731296926737, 0.001936499960720539]
2026-04-21 13:41:18.783053 Sync done -> model run start
2026-04-21 13:41:18.783053 Sync done -> model run start
2026-04-21 13:41:18.787822 Sync done -> model run start
2026-04-21 13:41:18.789343 Sync done -> model run start
1 0.013 [0.005570854991674423, 0.0018011881038546562, 0.0017894168850034475, 0.0017228550277650356, 0.0016904070507735014]
0 0.013 [0.005570332985371351, 0.001800771802663803, 0.0017822820227593184, 0.0017258240841329098, 0.0016898338217288256]
2 0.013 [0.0064516831189394, 0.0015951469540596008, 0.0015905119944363832, 0.0015809799078851938, 0.0012804609723389149]
3 0.012 [0.006326006026938558, 0.0015707730781286955, 0.0015532730612903833, 0.0012812430504709482, 0.001183483051136136]
2026-04-21 13:41:24.954034 Sync done -> model run start
2026-04-21 13:41:24.956425 Sync done -> model run start
2026-04-21 13:41:24.975104 Sync done -> model run start
2026-04-21 13:41:24.975853 Sync done -> model run start
2 0.012 [0.00530642899684608, 0.0014293671119958162, 0.001411867095157504, 0.0019291560165584087, 0.001808270812034607]
1 0.007 [0.003602063050493598, 0.001017807051539421, 0.0008503599092364311, 0.0008097870741039515, 0.000872079050168395]
0 0.011 [0.005025544902309775, 0.0014572839718312025, 0.0013473881408572197, 0.0012116080615669489, 0.001412699930369854]
3 0.007 [0.0034615430049598217, 0.0010118691716343164, 0.0010107760317623615, 0.0009300471283495426, 0.0008106720633804798]
2026-04-21 13:41:31.012638 Sync done -> model run start
2026-04-21 13:41:31.013013 Sync done -> model run start
2026-04-21 13:41:31.019906 Sync done -> model run start
2026-04-21 13:41:31.030035 Sync done -> model run start
0 0.016 [0.006902096094563603, 0.002238997956737876, 0.002097749151289463, 0.0020974879153072834, 0.0020726968068629503]
1 0.015 [0.006783243035897613, 0.002238841960206628, 0.00209738384000957, 0.0020970189943909645, 0.002072697039693594]
2 0.016 [0.008859168970957398, 0.001888322876766324, 0.0018191561102867126, 0.0017422819510102272, 0.0014270241372287273]
3 0.011 [0.006258090026676655, 0.0016192100010812283, 0.0012086390051990747, 0.000674891984090209, 0.0007885370869189501]
2026-04-21 13:41:37.114203 Sync done -> model run start
2026-04-21 13:41:37.118610 Sync done -> model run start
2026-04-21 13:41:37.118610 Sync done -> model run start
2026-04-21 13:41:37.123431 Sync done -> model run start
0 0.012 [0.005443353904411197, 0.0017981152050197124, 0.001655095024034381, 0.001598533010110259, 0.0015917099080979824]
1 0.013 [0.006412985036149621, 0.0017611361108720303, 0.0014539510011672974, 0.0018820210825651884, 0.0016843141056597233]
3 0.012 [0.005442157154902816, 0.0017917079385370016, 0.001663845032453537, 0.0015984280034899712, 0.0015916058328002691]
2 0.012 [0.00652840081602335, 0.001619052840396762, 0.0023406120017170906, 0.0007233810611069202, 0.0006715580821037292]
2026-04-21 13:41:37.199444 Sync done -> model run start
net_times: [[14.273, 0.0, 100352, 0], [3.906, 0.0, 100352, 0], [5.98, 0.0, 100352, 0], [5.855, 0.0, 100352, 0], [5.89, 0.0, 100352, 0]]
echo 'race4fun' | sudo -S sh -c 'journalctl --since "2026-04-21 13:40:59.950328" --until "2026-04-21 13:41:37.199444" -k -o short-iso '| grep -i -E 'throttle|throttled|thermal|cpufreq|under-voltage|voltage'
