ALL SYNC
2026-04-21 13:56:14.342808 Sync done -> model run start
2026-04-21 13:56:14.342802 Sync done -> model run start
2026-04-21 13:56:14.342802 Sync done -> model run start
2026-04-21 13:56:14.378515 Sync done -> model run start
0 17.75 [3.6949892637785524, 3.5627692411653697, 3.5183558070566505, 3.486741245025769, 3.486986021976918]
3 17.784 [3.704339788062498, 3.583278549835086, 3.5253782321233302, 3.4858274010475725, 3.4848391199484468]
2 17.824 [3.7092861919663846, 3.583189436001703, 3.544092196971178, 3.4986200239509344, 3.488705746131018]
1 18.397 [3.8252315521240234, 3.7246579630300403, 3.680668805958703, 3.600507845869288, 3.566222896799445]
2026-04-21 13:56:36.330703 Sync done -> model run start
2026-04-21 13:56:36.330700 Sync done -> model run start
2026-04-21 13:56:36.352869 Sync done -> model run start
2026-04-21 13:56:36.412566 Sync done -> model run start
0 17.594 [3.6149675191845745, 3.557098702993244, 3.4828436989337206, 3.4593608109280467, 3.4791792831383646]
1 17.673 [3.6246480410918593, 3.5701022630091757, 3.4966114698909223, 3.467003231169656, 3.5145833890419453]
2 17.696 [3.645308444974944, 3.5739104009699076, 3.516708759125322, 3.459539665840566, 3.5002876028884202]
3 18.234 [3.750617583980784, 3.6896951091475785, 3.6379420119337738, 3.5912399468943477, 3.564385171048343]
2026-04-21 13:57:00.640411 Sync done -> model run start
2026-04-21 13:57:00.640411 Sync done -> model run start
2026-04-21 13:57:00.668352 Sync done -> model run start
2026-04-21 13:57:00.682026 Sync done -> model run start
0 17.938 [3.6548908757977188, 3.6157860679086298, 3.57169724884443, 3.572524620918557, 3.5224551800638437]
1 17.948 [3.6548826459329575, 3.6157896099612117, 3.5716974039096385, 3.5725248290691525, 3.532813719008118]
3 18.032 [3.6823609531857073, 3.6260195039212704, 3.5885170749388635, 3.5931405550800264, 3.541952063096687]
2 18.628 [3.8184831191319972, 3.7667910039890558, 3.7245571189559996, 3.7241639408748597, 3.5934401359409094]
2026-04-21 13:57:23.681382 Sync done -> model run start
2026-04-21 13:57:23.681382 Sync done -> model run start
2026-04-21 13:57:23.708238 Sync done -> model run start
2026-04-21 13:57:23.722453 Sync done -> model run start
0 17.883 [3.6699082429986447, 3.6144230738282204, 3.571072777034715, 3.551821706118062, 3.4759219428524375]
1 17.901 [3.669908608077094, 3.6144232298247516, 3.57106746500358, 3.5656966150272638, 3.479779768968001]
3 17.938 [3.6823161370120943, 3.6392578189261258, 3.579178893007338, 3.552308941958472, 3.485069404123351]
2 18.546 [3.786064441082999, 3.783466544933617, 3.73486438090913, 3.6668973099440336, 3.5745437601581216]
2026-04-21 13:57:47.354121 Sync done -> model run start
2026-04-21 13:57:47.366979 Sync done -> model run start
2026-04-21 13:57:47.370663 Sync done -> model run start
2026-04-21 13:57:47.418226 Sync done -> model run start
0 17.713 [3.6110324491746724, 3.5501401859801263, 3.573389302007854, 3.498497122200206, 3.47958994214423]
3 17.734 [3.609154290985316, 3.5665431439410895, 3.5876208781264722, 3.4877656169701368, 3.4826049639377743]
2 17.787 [3.615972972009331, 3.567818131064996, 3.589977885130793, 3.5134314510505646, 3.4991446419153363]
1 18.29 [3.768482725135982, 3.693386809900403, 3.70126786082983, 3.5973214979749173, 3.5290408639702946]
2026-04-21 13:58:14.837260 Sync done -> model run start
net_times: [[0.0, 2.091, 0, 1210368], [0.0, 4.457, 0, 1210368], [0.0, 2.91, 0, 1210368], [0.0, 3.601, 0, 1210368], [0.0, 8.982, 0, 1210368]]
echo 'race4fun' | sudo -S sh -c 'journalctl --since "2026-04-21 13:56:11.520094" --until "2026-04-21 13:58:14.837260" -k -o short-iso '| grep -i -E 'throttle|throttled|thermal|cpufreq|under-voltage|voltage'
