ALL SYNC
2026-04-21 13:59:37.675172 Sync done -> model run start
2026-04-21 13:59:37.675172 Sync done -> model run start
2026-04-21 13:59:37.675179 Sync done -> model run start
2026-04-21 13:59:37.675172 Sync done -> model run start
2 11.903 [2.4484585218597203, 2.387023051036522, 2.349122951971367, 2.311805714853108, 2.406521333847195]
0 11.973 [2.4671054251957685, 2.4078355189412832, 2.3572420340497047, 2.324288582894951, 2.4160480671562254]
1 12.057 [2.448458052938804, 2.387022894108668, 2.349123159889132, 2.318016783799976, 2.554630583850667]
3 12.627 [2.5582578720059246, 2.5045072140637785, 2.45231055887416, 2.397266780026257, 2.7142293208744377]
2026-04-21 13:59:53.428328 Sync done -> model run start
2026-04-21 13:59:53.458337 Sync done -> model run start
2026-04-21 13:59:53.458860 Sync done -> model run start
2026-04-21 13:59:53.473738 Sync done -> model run start
3 11.542 [2.33590893400833, 2.3120654441881925, 2.2676748489029706, 2.327508524991572, 2.2990492729004472]
0 11.527 [2.3310430150013417, 2.3102583158761263, 2.2690145310480148, 2.3254286379087716, 2.291104564908892]
2 11.671 [2.3440551520325243, 2.325047112070024, 2.270893587032333, 2.322539275046438, 2.4086748261470348]
2026-04-21 14:00:08.522716 Sync done -> model run start
2026-04-21 14:00:08.557826 Sync done -> model run start
2026-04-21 14:00:08.569734 Sync done -> model run start
2026-04-21 14:00:08.589952 Sync done -> model run start
0 11.492 [2.3301728169899434, 2.31862000701949, 2.2800847007893026, 2.268348401878029, 2.294776482041925]
2 11.507 [2.3305177639704198, 2.3202439069282264, 2.276550600072369, 2.271893907804042, 2.307698254007846]
3 11.639 [2.336488521192223, 2.3328865659423172, 2.2845694741699845, 2.2699736549984664, 2.4145511637907475]
1 11.919 [2.418243404943496, 2.4157922780141234, 2.358852670993656, 2.3285132159944624, 2.3975057129282504]
2026-04-21 14:00:23.659828 Sync done -> model run start
2026-04-21 14:00:23.667144 Sync done -> model run start
2026-04-21 14:00:23.682711 Sync done -> model run start
2026-04-21 14:00:23.682706 Sync done -> model run start
2 11.783 [2.3889602990821004, 2.364977797959, 2.3385280151851475, 2.3523659899365157, 2.337564703077078]
0 11.8 [2.3920942440163344, 2.360151567030698, 2.346739961998537, 2.3526150519028306, 2.3481981509830803]
1 12.241 [2.4761004231404513, 2.461372521938756, 2.440365321934223, 2.4463556739501655, 2.4165261641610414]
3 11.81 [2.3946125160437077, 2.3731096929404885, 2.345585071016103, 2.353132080985233, 2.343612387077883]
2026-04-21 14:00:39.027625 Sync done -> model run start
2026-04-21 14:00:39.053225 Sync done -> model run start
2026-04-21 14:00:39.080336 Sync done -> model run start
2026-04-21 14:00:39.104181 Sync done -> model run start
0 11.647 [2.3368905598763376, 2.357398197054863, 2.341608058894053, 2.3220474149566144, 2.288213752908632]
3 11.63 [2.345057923812419, 2.3448938708752394, 2.3412425911519676, 2.3058547698892653, 2.292345091002062]
2 11.701 [2.351709251990542, 2.370691842865199, 2.3368831819389015, 2.32557604694739, 2.315621822839603]
1 12.041 [2.4637630321085453, 2.437982464907691, 2.432776036206633, 2.373678619042039, 2.3323382700327784]
2026-04-21 14:00:53.349747 Sync done -> model run start
net_times: [[28.954, 2.094, 1210368, 1210368], [0.002, 2.094, 1210368, 1210368], [0.002, 2.078, 1210368, 1210368], [0.002, 2.086, 1210368, 1210368], [0.002, 2.095, 1210368, 1210368]]
echo 'race4fun' | sudo -S sh -c 'journalctl --since "2026-04-21 13:59:06.646530" --until "2026-04-21 14:00:53.349747" -k -o short-iso '| grep -i -E 'throttle|throttled|thermal|cpufreq|under-voltage|voltage'
