ALL SYNC
2026-04-21 13:56:37.808073 Sync done -> model run start
2026-04-21 13:56:37.808073 Sync done -> model run start
2026-04-21 13:56:37.808073 Sync done -> model run start
2026-04-21 13:56:37.868743 Sync done -> model run start
3 21.06 [4.356546137947589, 3.5789123300928622, 3.451291046105325, 5.835266354959458, 3.8373108748346567]
1 21.278 [4.5923534070607275, 3.7404311548452824, 3.552337004104629, 5.656550090061501, 3.7363387199584395]
0 20.684 [4.430822604103014, 3.5493300349917263, 3.4497415721416473, 5.643473520176485, 3.6102039930410683]
2 20.971 [4.541712434031069, 3.537748564966023, 3.4321475699543953, 5.620306516066194, 3.839336283970624]
2026-04-21 13:57:00.528621 Sync done -> model run start
2026-04-21 13:57:00.582531 Sync done -> model run start
2026-04-21 13:57:00.592869 Sync done -> model run start
2026-04-21 13:57:00.615043 Sync done -> model run start
0 21.011 [5.172331687062979, 4.535177817102522, 3.466222763992846, 4.2190160299651325, 3.617814955068752]
3 21.173 [5.052341680042446, 4.453211951069534, 3.5872376628685743, 4.234225092921406, 3.8459325621370226]
1 21.293 [5.106949931010604, 4.43743059807457, 3.7128479129169136, 4.333543607965112, 3.702291906112805]
2 21.609 [5.229155659908429, 4.692177386954427, 3.592986863106489, 4.314738254994154, 3.7799869019072503]
2026-04-21 13:57:23.682449 Sync done -> model run start
2026-04-21 13:57:23.683534 Sync done -> model run start
2026-04-21 13:57:23.741611 Sync done -> model run start
2026-04-21 13:57:23.763290 Sync done -> model run start
3 21.63 [4.402530194027349, 3.4808164099231362, 4.354760512011126, 3.5088835021015257, 5.882754675112665]
0 22.064 [4.506827495060861, 3.489069089991972, 4.571912012062967, 3.979978092946112, 5.515805613948032]
2 21.995 [4.5391213949769735, 3.783487981883809, 4.2215761239640415, 3.8160545371938497, 5.634246615925804]
1 22.164 [4.367777395993471, 3.484652125975117, 4.380081259878352, 3.5873627129476517, 6.343544353032485]
2026-04-21 13:57:47.302330 Sync done -> model run start
2026-04-21 13:57:47.325936 Sync done -> model run start
2026-04-21 13:57:47.378403 Sync done -> model run start
2026-04-21 13:57:47.402319 Sync done -> model run start
0 26.54 [5.2371954179834574, 5.031404451932758, 6.157493787119165, 5.057398580946028, 5.056638946989551]
3 26.479 [5.232188404072076, 5.075476646190509, 6.13727640802972, 5.009696242865175, 5.024511608993635]
2026-04-21 13:58:16.155339 Sync done -> model run start
2026-04-21 13:58:16.172284 Sync done -> model run start
2026-04-21 13:58:16.200182 Sync done -> model run start
2026-04-21 13:58:16.220698 Sync done -> model run start
3 21.964 [5.615901100914925, 5.114439059980214, 3.482068951940164, 3.44529272406362, 4.306562597863376]
0 22.085 [5.668302380014211, 5.1477172288578, 3.504322521854192, 3.43045761808753, 4.333906201878563]
2 22.274 [5.754295941209421, 5.1337287339847535, 3.6279644439928234, 3.4536914459895343, 4.3037777110002935]
1 22.605 [5.76494434196502, 5.293186784023419, 3.598381992895156, 3.5696651639882475, 4.3785099040251225]
2026-04-21 13:58:38.933992 Sync done -> model run start
net_times: [[22.414, 0.0, 1210368, 0], [0.003, 0.0, 1210368, 0], [0.003, 0.0, 1210368, 0], [0.002, 0.0, 1210368, 0], [0.002, 0.0, 1210368, 0]]
echo 'race4fun' | sudo -S sh -c 'journalctl --since "2026-04-21 13:56:12.539354" --until "2026-04-21 13:58:38.933992" -k -o short-iso '| grep -i -E 'throttle|throttled|thermal|cpufreq|under-voltage|voltage'
