ALL SYNC
2026-04-21 13:59:22.218710 Sync done -> model run start
2026-04-21 13:59:22.218710 Sync done -> model run start
2026-04-21 13:59:22.218710 Sync done -> model run start
2026-04-21 13:59:22.223106 Sync done -> model run start
0 10.725 [2.2144708959385753, 2.1509098140522838, 2.1135246250778437, 2.1232361178845167, 2.1230845819227397]
1 10.729 [2.2144714170135558, 2.15297567890957, 2.1114551660139114, 2.123236013809219, 2.1263447070959955]
3 10.864 [2.230043820105493, 2.162124132970348, 2.124903162010014, 2.1256344290450215, 2.2205750558059663]
2 11.209 [2.318605260923505, 2.254902099026367, 2.2092326681595296, 2.2198103030677885, 2.2063474890310317]
2026-04-21 13:59:36.491863 Sync done -> model run start
2026-04-21 13:59:36.510642 Sync done -> model run start
2026-04-21 13:59:36.510540 Sync done -> model run start
2026-04-21 13:59:36.531899 Sync done -> model run start
0 10.474 [2.1032404080033302, 2.155893628951162, 2.0597714430186898, 2.0706040179356933, 2.083893290022388]
2 10.493 [2.12126705981791, 2.136177723063156, 2.063211931148544, 2.086791468784213, 2.0855544731020927]
3 10.526 [2.126338990870863, 2.14370301598683, 2.069598433095962, 2.0871317270211875, 2.0986385149881244]
1 10.917 [2.2516507648397237, 2.188343061134219, 2.1547580410260707, 2.14162813895382, 2.180513991974294]
2026-04-21 13:59:53.462132 Sync done -> model run start
2026-04-21 13:59:53.462139 Sync done -> model run start
2026-04-21 13:59:53.503651 Sync done -> model run start
2026-04-21 13:59:53.503564 Sync done -> model run start
1 10.622 [2.1653244888875633, 2.1560029869433492, 2.1026118982117623, 2.100740115856752, 2.0974906377959996]
0 10.622 [2.165325165959075, 2.15853233798407, 2.1011454020626843, 2.1055093419272453, 2.0916593389119953]
3 10.656 [2.182602450950071, 2.163177501875907, 2.097629757830873, 2.103814930887893, 2.1088415740523487]
2 11.019 [2.26348637486808, 2.256308917189017, 2.187135220039636, 2.1502839759923518, 2.1620408170856535]
2026-04-21 14:00:08.522209 Sync done -> model run start
2026-04-21 14:00:08.545883 Sync done -> model run start
2026-04-21 14:00:08.575409 Sync done -> model run start
2026-04-21 14:00:08.588441 Sync done -> model run start
0 10.44 [2.1081320659723133, 2.092875564005226, 2.094779890961945, 2.095312980003655, 2.048955569975078]
1 10.447 [2.1016545749735087, 2.094365342054516, 2.097683562198654, 2.092046865960583, 2.0613863398320973]
3 10.459 [2.107293063076213, 2.0962792299687862, 2.0948836400639266, 2.0920598870143294, 2.0683074209373444]
2 10.818 [2.151257964782417, 2.185946205165237, 2.1977271609939635, 2.177279145922512, 2.105117082130164]
2026-04-21 14:00:23.626988 Sync done -> model run start
2026-04-21 14:00:23.643498 Sync done -> model run start
2026-04-21 14:00:23.673597 Sync done -> model run start
2026-04-21 14:00:23.683306 Sync done -> model run start
0 11.719 [2.1786038600839674, 3.1396811630111188, 2.1597421118058264, 2.147179750027135, 2.0934570399113]
1 11.867 [2.2033025370910764, 3.23393789306283, 2.160476741846651, 2.1830735858529806, 2.0862446080427617]
3 11.903 [2.1800182750448585, 3.246716578025371, 2.21364046796225, 2.1724514982197434, 2.0904603521339595]
2 12.048 [2.2657710190396756, 3.309110115049407, 2.142435712972656, 2.173727059038356, 2.156428908929229]
2026-04-21 14:00:38.165498 Sync done -> model run start
net_times: [[13.713, 2.083, 1210368, 1210368], [0.002, 5.017, 1210368, 1210368], [0.002, 3.04, 1210368, 1210368], [0.002, 3.231, 1210368, 1210368], [0.002, 2.327, 1210368, 1210368]]
echo 'race4fun' | sudo -S sh -c 'journalctl --since "2026-04-21 13:59:06.639793" --until "2026-04-21 14:00:38.165498" -k -o short-iso '| grep -i -E 'throttle|throttled|thermal|cpufreq|under-voltage|voltage'
