ALL SYNC
2026-04-21 14:00:00.987363 Sync done -> model run start
2026-04-21 14:00:00.988979 Sync done -> model run start
2026-04-21 14:00:00.988979 Sync done -> model run start
2026-04-21 14:00:00.988979 Sync done -> model run start
0 0.035 [0.02701867721043527, 0.0018684768583625555, 0.0019588409923017025, 0.0019704040605574846, 0.001967799849808216]
3 0.037 [0.02879934199154377, 0.0018679560162127018, 0.0019586849957704544, 0.001969934906810522, 0.0019677469972521067]
2 0.035 [0.026841282146051526, 0.0018726969137787819, 0.001956966007128358, 0.001975039020180702, 0.001966967014595866]
1 0.039 [0.0329001999925822, 0.0019412890542298555, 0.0014886879362165928, 0.0016717079561203718, 0.0011300959158688784]
2026-04-21 14:00:14.223745 Sync done -> model run start
2026-04-21 14:00:14.229132 Sync done -> model run start
2026-04-21 14:00:14.246290 Sync done -> model run start
2026-04-21 14:00:14.253395 Sync done -> model run start
0 0.013 [0.005616057198494673, 0.0020697780419141054, 0.0021676940377801657, 0.0015201980713754892, 0.0018507170025259256]
1 0.015 [0.006606310838833451, 0.001934882951900363, 0.0017718109302222729, 0.0022625888232141733, 0.002028892980888486]
2 0.01 [0.004997259005904198, 0.0012076999992132187, 0.0012173359282314777, 0.001258116913959384, 0.0011786899995058775]
3 0.008 [0.004281326197087765, 0.0013615540228784084, 0.0008731200359761715, 0.0008194730617105961, 0.0007699949201196432]
2026-04-21 14:00:28.714121 Sync done -> model run start
2026-04-21 14:00:28.723262 Sync done -> model run start
2026-04-21 14:00:28.735091 Sync done -> model run start
2026-04-21 14:00:28.744428 Sync done -> model run start
0 0.015 [0.007033911999315023, 0.0016143128741532564, 0.0019187380094081163, 0.001973007107153535, 0.0019791009835898876]
1 0.015 [0.007293495116755366, 0.002743419958278537, 0.0016752500087022781, 0.0017100409604609013, 0.001717800972983241]
2 0.011 [0.005823607789352536, 0.0014093660283833742, 0.0010704619344323874, 0.00102863903157413, 0.0013466058298945427]
2026-04-21 14:00:44.875572 Sync done -> model run start
2026-04-21 14:00:44.882276 Sync done -> model run start
2026-04-21 14:00:44.896572 Sync done -> model run start
2026-04-21 14:00:44.908703 Sync done -> model run start
1 0.014 [0.00687068491242826, 0.0018545708153396845, 0.0019424878992140293, 0.0016240000259131193, 0.0016412390395998955]
2 0.011 [0.00553527707234025, 0.0013120230287313461, 0.0013378560543060303, 0.001226034015417099, 0.0011582740116864443]
3 0.008 [0.003988308133557439, 0.0011918679811060429, 0.0009528060909360647, 0.0009207751136273146, 0.0009082239121198654]
0 0.014 [0.005660015158355236, 0.0021141530014574528, 0.002186391968280077, 0.0015369688626378775, 0.001784623833373189]
2026-04-21 14:00:59.392233 Sync done -> model run start
2026-04-21 14:00:59.401670 Sync done -> model run start
2026-04-21 14:00:59.411699 Sync done -> model run start
2026-04-21 14:00:59.422168 Sync done -> model run start
0 0.014 [0.00671865395270288, 0.0017539469990879297, 0.0017716551665216684, 0.0018217589240521193, 0.0019108208362013102]
1 0.014 [0.007206046022474766, 0.0021393089555203915, 0.0015160839539021254, 0.001622124807909131, 0.001544416882097721]
2 0.012 [0.005638973088935018, 0.0017258741427212954, 0.001746967900544405, 0.0011197319254279137, 0.0012166069354861975]
3 0.008 [0.004178619012236595, 0.0011077008675783873, 0.0009600978810340166, 0.0010520240757614374, 0.0009816600941121578]
2026-04-21 14:00:59.504551 Sync done -> model run start
net_times: [[53.83, 0.0, 605184, 0], [13.026, 0.0, 605184, 0], [14.276, 0.0, 605184, 0], [15.935, 0.0, 605184, 0], [14.29, 0.0, 605184, 0]]
echo 'race4fun' | sudo -S sh -c 'journalctl --since "2026-04-21 13:59:06.649222" --until "2026-04-21 14:00:59.504551" -k -o short-iso '| grep -i -E 'throttle|throttled|thermal|cpufreq|under-voltage|voltage'
