ALL SYNC
2026-04-21 13:59:53.354924 Sync done -> model run start
2026-04-21 13:59:53.354951 Sync done -> model run start
2026-04-21 13:59:53.354923 Sync done -> model run start
2026-04-21 13:59:53.382514 Sync done -> model run start
0 5.45 [1.147646290017292, 1.1799216489307582, 1.026540296850726, 1.135130968177691, 0.9602657849900424]
3 5.475 [1.1710598052013665, 1.1690475707873702, 1.0383170801214874, 1.1222645021043718, 0.9736954260151833]
1 5.531 [1.224803214194253, 1.142350475070998, 1.0659551629796624, 1.094292723108083, 1.0031449089292437]
2 5.987 [1.4762562098912895, 1.0940518900752068, 1.2622518360149115, 0.9129511541686952, 1.241047638002783]
2026-04-21 14:00:07.958762 Sync done -> model run start
2026-04-21 14:00:07.971624 Sync done -> model run start
2026-04-21 14:00:07.988063 Sync done -> model run start
2026-04-21 14:00:08.032906 Sync done -> model run start
1 4.381 [0.5976530641783029, 0.5847990971524268, 1.0031240228563547, 1.2068422341253608, 0.9887431869283319]
2 4.461 [0.5997415978927165, 0.5891447600442916, 1.0755035679321736, 1.16429232689552, 1.0316918939352036]
3 4.934 [0.5970622841268778, 0.6304908161982894, 1.4442934019025415, 1.070592074189335, 1.191464785952121]
2026-04-21 14:00:22.998634 Sync done -> model run start
2026-04-21 14:00:23.019681 Sync done -> model run start
2026-04-21 14:00:23.030750 Sync done -> model run start
2026-04-21 14:00:23.048495 Sync done -> model run start
3 4.056 [0.6144200370181352, 0.5886224170681089, 0.9825394060462713, 1.0298832540865988, 0.840846817009151]
2 4.155 [0.6454872749745846, 0.5871951300650835, 0.9947487390600145, 1.0424361799377948, 0.8844965628813952]
0 4.27 [0.6129350941628218, 0.6024788292124867, 0.9438071940094233, 1.1782709241379052, 0.9319594220723957]
1 4.329 [0.6409721351228654, 0.6284566042013466, 1.084114267025143, 1.003730061929673, 0.9714845470152795]
2026-04-21 14:00:38.407263 Sync done -> model run start
2026-04-21 14:00:38.437654 Sync done -> model run start
2026-04-21 14:00:38.462689 Sync done -> model run start
2026-04-21 14:00:38.466953 Sync done -> model run start
0 5.05 [1.0060328668914735, 1.2345748990774155, 0.8722600939217955, 1.2015821470413357, 0.7352851449977607]
3 5.079 [1.0492645939812064, 1.2264874789398164, 0.9542063248809427, 1.196617268025875, 0.6519274609163404]
2 5.135 [1.0143502340652049, 1.3202673150226474, 0.989717504940927, 1.1974357538856566, 0.6130533758550882]
1 5.198 [1.09145043999888, 1.198326115962118, 1.0231249430216849, 1.2556945658288896, 0.6294475379399955]
2026-04-21 14:00:53.641691 Sync done -> model run start
2026-04-21 14:00:53.655820 Sync done -> model run start
2026-04-21 14:00:53.678251 Sync done -> model run start
2026-04-21 14:00:53.692117 Sync done -> model run start
2 4.223 [0.6086984418798238, 0.6001258669421077, 1.11499660811387, 0.901100620161742, 0.9982948200777173]
1 4.249 [0.6022429440636188, 0.585876801982522, 1.0509402130264789, 0.9929784319829196, 1.0168137669097632]
0 4.322 [0.6054825151804835, 0.5881546060554683, 1.0513844820670784, 1.0138083610218018, 1.0624599650036544]
3 4.36 [0.6419841619208455, 0.5878777320031077, 1.2326666759327054, 0.8202744389418513, 1.076928196940571]
2026-04-21 14:00:59.313869 Sync done -> model run start
net_times: [[45.836, 1.053, 1210368, 605184], [7.082, 1.072, 1210368, 605184], [8.522, 1.173, 1210368, 605184], [9.441, 1.047, 1210368, 605184], [8.513, 1.15, 1210368, 605184]]
echo 'race4fun' | sudo -S sh -c 'journalctl --since "2026-04-21 13:59:06.650277" --until "2026-04-21 14:00:59.313869" -k -o short-iso '| grep -i -E 'throttle|throttled|thermal|cpufreq|under-voltage|voltage'
