TIME:19:41:29
cpu:3.20 3.68 3.36
TIME:19:41:30
cpu:3.20 3.68 3.36
TIME:19:41:31
cpu:3.20 3.68 3.36
TIME:19:41:32
cpu:3.20 3.68 3.36
TIME:19:41:33
cpu:3.20 3.68 3.36
TIME:19:41:34
cpu:2.94 3.61 3.34
TIME:19:41:35
cpu:2.94 3.61 3.34
TIME:19:41:36
cpu:2.94 3.61 3.34
TIME:19:41:37
cpu:2.94 3.61 3.34
TIME:19:41:38
cpu:2.94 3.61 3.34
TIME:19:41:39
cpu:2.86 3.59 3.34
TIME:19:41:40
cpu:2.86 3.59 3.34
TIME:19:41:41
cpu:2.86 3.59 3.34
TIME:19:41:42
cpu:2.86 3.59 3.34
TIME:19:41:43
cpu:2.86 3.59 3.34
TIME:19:41:44
cpu:3.36 3.68 3.37
TIME:19:41:45
cpu:3.36 3.68 3.37
TIME:19:41:46
cpu:3.36 3.68 3.37
TIME:19:41:47
cpu:3.36 3.68 3.37
TIME:19:41:48
cpu:3.36 3.68 3.37
TIME:19:41:49
cpu:3.65 3.73 3.39
TIME:19:41:50
cpu:3.65 3.73 3.39
TIME:19:41:51
cpu:3.65 3.73 3.39
TIME:19:41:52
cpu:3.65 3.73 3.39
TIME:19:41:53
cpu:3.84 3.77 3.40
TIME:19:41:54
cpu:3.84 3.77 3.40
TIME:19:41:55
cpu:3.84 3.77 3.40
TIME:19:41:56
cpu:3.84 3.77 3.40
TIME:19:41:57
cpu:3.84 3.77 3.40
TIME:19:41:58
cpu:3.69 3.74 3.40
TIME:19:41:59
cpu:3.69 3.74 3.40
TIME:19:42:00
cpu:3.69 3.74 3.40
TIME:19:42:01
cpu:3.69 3.74 3.40
TIME:19:42:03
cpu:3.69 3.74 3.40
TIME:19:42:04
cpu:3.55 3.71 3.39
TIME:19:42:05
cpu:3.55 3.71 3.39
TIME:19:42:06
cpu:3.55 3.71 3.39
TIME:19:42:07
cpu:3.55 3.71 3.39
TIME:19:42:08
cpu:3.55 3.71 3.39
TIME:19:42:09
cpu:4.55 3.91 3.46
TIME:19:42:10
cpu:4.55 3.91 3.46
TIME:19:42:11
cpu:4.55 3.91 3.46
TIME:19:42:12
cpu:4.55 3.91 3.46
TIME:19:42:13
cpu:4.55 3.91 3.46
TIME:19:42:14
cpu:4.26 3.87 3.45
TIME:19:42:15
cpu:4.26 3.87 3.45
TIME:19:42:16
cpu:4.26 3.87 3.45
TIME:19:42:17
cpu:4.26 3.87 3.45
TIME:19:42:18
cpu:4.26 3.87 3.45
TIME:19:42:19
cpu:5.12 4.05 3.51
TIME:19:42:20
cpu:5.12 4.05 3.51
TIME:19:42:21
cpu:5.12 4.05 3.51
TIME:19:42:22
cpu:5.12 4.05 3.51
TIME:19:42:23
cpu:5.12 4.05 3.51
TIME:19:42:24
cpu:4.95 4.03 3.51
TIME:19:42:25
cpu:4.95 4.03 3.51
TIME:19:42:26
cpu:4.95 4.03 3.51
TIME:19:42:27
cpu:4.95 4.03 3.51
TIME:19:42:28
cpu:4.95 4.03 3.51
TIME:19:42:29
cpu:4.72 4.00 3.50
