ALL SYNC
2026-04-21 13:36:48.549873 Sync done -> model run start
2026-04-21 13:36:48.549874 Sync done -> model run start
2026-04-21 13:36:48.549873 Sync done -> model run start
2026-04-21 13:36:48.549873 Sync done -> model run start
1 2.675 [0.554140946129337, 0.513227280927822, 0.5637505101040006, 0.5217474191449583, 0.5219029921572655]
0 2.66 [0.554037248948589, 0.505402505164966, 0.5561911500990391, 0.5265719399321824, 0.5175186770502478]
2 2.772 [0.5915461310651153, 0.506118387915194, 0.5977960128802806, 0.5238140290603042, 0.5523585020564497]
3 2.937 [0.5540426650550216, 0.5531733960378915, 0.6810213108547032, 0.6416011832188815, 0.5068493760190904]
2026-04-21 13:36:51.886079 Sync done -> model run start
2026-04-21 13:36:51.895285 Sync done -> model run start
2026-04-21 13:36:51.895285 Sync done -> model run start
2026-04-21 13:36:51.912787 Sync done -> model run start
0 2.531 [0.507997082080692, 0.4918435208965093, 0.4889370158780366, 0.5157907630782574, 0.5261083450168371]
1 2.618 [0.5416877940297127, 0.5048796918708831, 0.4879952990449965, 0.5631783218123019, 0.5204247639048845]
3 2.604 [0.5075640098657459, 0.49212940596044064, 0.48910279711708426, 0.5159865960013121, 0.5987501228228211]
2 2.637 [0.5097877020016313, 0.49282367480918765, 0.489800191950053, 0.6087273950688541, 0.5352363479323685]
2026-04-21 13:36:55.383377 Sync done -> model run start
2026-04-21 13:36:55.387642 Sync done -> model run start
2026-04-21 13:36:55.396555 Sync done -> model run start
2026-04-21 13:36:55.407388 Sync done -> model run start
2 2.536 [0.5012331360485405, 0.49331268295645714, 0.4910674800630659, 0.5236960060428828, 0.5269984980113804]
3 2.568 [0.4984667869284749, 0.4909296149853617, 0.49006633600220084, 0.522165748057887, 0.5662234700284898]
0 2.688 [0.4999464200809598, 0.4935220580082387, 0.49001482501626015, 0.6309219829272479, 0.5734616320114583]
1 2.63 [0.501654488965869, 0.5393587339203805, 0.4910095618106425, 0.5752654829993844, 0.5220973631367087]
2026-04-21 13:36:58.836813 Sync done -> model run start
2026-04-21 13:36:58.840687 Sync done -> model run start
2026-04-21 13:36:58.850697 Sync done -> model run start
2026-04-21 13:36:58.863607 Sync done -> model run start
0 2.521 [0.5003325629513711, 0.4884667538572103, 0.48800326487980783, 0.5159320088569075, 0.5282546919770539]
1 2.603 [0.5023666210472584, 0.49013305315747857, 0.48949461709707975, 0.513066234998405, 0.607396038947627]
2 2.612 [0.5001771470997483, 0.533704733941704, 0.4892847731243819, 0.5422710180282593, 0.5468863199930638]
3 2.614 [0.50147709203884, 0.48861289978958666, 0.48891951399855316, 0.6086518710944802, 0.5265939149539918]
2026-04-21 13:37:02.293048 Sync done -> model run start
2026-04-21 13:37:02.295796 Sync done -> model run start
2026-04-21 13:37:02.312347 Sync done -> model run start
2026-04-21 13:37:02.367844 Sync done -> model run start
0 2.476 [0.5128547749482095, 0.49199289199896157, 0.4904202378820628, 0.49049711297266185, 0.48995232209563255]
1 2.48 [0.5146883658599108, 0.49340106593444943, 0.490176176186651, 0.49136481899768114, 0.49039903888478875]
2 2.475 [0.5112453519832343, 0.49164190189912915, 0.4910346120595932, 0.4913367470726371, 0.4892877920065075]
2026-04-21 13:37:05.016766 Sync done -> model run start
net_times: [[2.594, 0.0, 802816, 0], [0.002, 0.0, 802816, 0], [0.458, 0.0, 802816, 0], [0.363, 0.0, 802816, 0], [0.427, 0.0, 802816, 0]]
echo 'race4fun' | sudo -S sh -c 'journalctl --since "2026-04-21 13:36:44.986556" --until "2026-04-21 13:37:05.016766" -k -o short-iso '| grep -i -E 'throttle|throttled|thermal|cpufreq|under-voltage|voltage'
