ALL SYNC
2026-04-21 13:37:43.215122 Sync done -> model run start
2026-04-21 13:37:43.215122 Sync done -> model run start
2026-04-21 13:37:43.215232 Sync done -> model run start
2026-04-21 13:37:43.215349 Sync done -> model run start
2 1.663 [0.3671042330097407, 0.33036853396333754, 0.3259481331333518, 0.32011617603711784, 0.3190546170808375]
0 1.671 [0.36710376502014697, 0.33036801405251026, 0.3275009400676936, 0.3233245490118861, 0.32295095711015165]
3 1.671 [0.3671039210166782, 0.3303688990417868, 0.3275008359923959, 0.32332413201220334, 0.32295324793085456]
1 1.702 [0.3666740779299289, 0.32525162515230477, 0.3708328129723668, 0.32052533980458975, 0.31835347414016724]
2026-04-21 13:37:47.759114 Sync done -> model run start
2026-04-21 13:37:47.767238 Sync done -> model run start
2026-04-21 13:37:47.769150 Sync done -> model run start
2026-04-21 13:37:47.796004 Sync done -> model run start
1 1.596 [0.3231061128899455, 0.31874758703634143, 0.317329416051507, 0.3178226419258863, 0.31827337108552456]
2 1.595 [0.3224435111042112, 0.3188187850173563, 0.31755727902054787, 0.31808472494594753, 0.31743998802267015]
3 1.597 [0.32299126987345517, 0.31927607487887144, 0.3177226949483156, 0.31880123307928443, 0.318453473970294]
0 1.639 [0.3229099679738283, 0.31847467087209225, 0.31777321617119014, 0.36396752716973424, 0.3157987971790135]
2026-04-21 13:37:53.934922 Sync done -> model run start
2026-04-21 13:37:53.941723 Sync done -> model run start
2026-04-21 13:37:53.953039 Sync done -> model run start
2026-04-21 13:37:53.970069 Sync done -> model run start
0 1.623 [0.3273559419903904, 0.3432190609164536, 0.31721050990745425, 0.31736478116363287, 0.3173550411593169]
2 1.622 [0.32626282097771764, 0.34326781099662185, 0.3169781679753214, 0.3176494159270078, 0.31719873985275626]
1 1.661 [0.32402121485210955, 0.34600915596820414, 0.3340831049717963, 0.3448903050739318, 0.31190110300667584]
2026-04-21 13:37:59.942664 Sync done -> model run start
2026-04-21 13:37:59.950196 Sync done -> model run start
2026-04-21 13:37:59.960571 Sync done -> model run start
2026-04-21 13:37:59.983355 Sync done -> model run start
1 1.624 [0.3488293548580259, 0.31968612712807953, 0.3192684210371226, 0.3175473331939429, 0.31815738300792873]
2 1.623 [0.3465395709499717, 0.31972128292545676, 0.31892102607525885, 0.318184623029083, 0.3188870679587126]
3 1.63 [0.3556360478978604, 0.31982331397011876, 0.3190379000734538, 0.31775561394169927, 0.31780759198591113]
0 1.668 [0.3528343918733299, 0.3194072740152478, 0.31831962103024125, 0.3613804019987583, 0.31638093083165586]
2026-04-21 13:38:05.972635 Sync done -> model run start
2026-04-21 13:38:05.978567 Sync done -> model run start
2026-04-21 13:38:05.988171 Sync done -> model run start
2026-04-21 13:38:06.016424 Sync done -> model run start
2 1.63 [0.32640933291986585, 0.3189203499350697, 0.3186100379098207, 0.34511593100614846, 0.32040893798694015]
1 1.631 [0.3273282879963517, 0.3190533700399101, 0.317980770021677, 0.34619957278482616, 0.31981347198598087]
3 1.657 [0.33223113394342363, 0.32472715084441006, 0.32357413484714925, 0.3534384530503303, 0.32246710802428424]
0 1.649 [0.32426538201980293, 0.3186733720358461, 0.3173839489463717, 0.37297661090269685, 0.3156710381153971]
2026-04-21 13:38:07.931688 Sync done -> model run start
net_times: [[11.414, 0.178, 401408, 100352], [2.288, 0.155, 401408, 100352], [3.992, 0.176, 401408, 100352], [3.785, 0.179, 401408, 100352], [3.789, 0.18, 401408, 100352]]
echo 'race4fun' | sudo -S sh -c 'journalctl --since "2026-04-21 13:37:30.925915" --until "2026-04-21 13:38:07.931688" -k -o short-iso '| grep -i -E 'throttle|throttled|thermal|cpufreq|under-voltage|voltage'
