ALL SYNC
2026-04-21 13:37:30.351968 Sync done -> model run start
2026-04-21 13:37:30.351968 Sync done -> model run start
2026-04-21 13:37:30.351968 Sync done -> model run start
2026-04-21 13:37:30.351968 Sync done -> model run start
1 0.47 [0.12847203598357737, 0.09745141491293907, 0.08235713606700301, 0.08192876004613936, 0.07986999885179102]
2 0.468 [0.13049251702614129, 0.09968225401826203, 0.08116939896717668, 0.0782428439706564, 0.07799790101125836]
3 0.469 [0.12847203598357737, 0.09740813402459025, 0.08232036605477333, 0.08144204993732274, 0.07952203694730997]
0 0.494 [0.1320840991102159, 0.10095873894169927, 0.0850228110793978, 0.08446818706579506, 0.09160247002728283]
2026-04-21 13:37:36.946571 Sync done -> model run start
2026-04-21 13:37:36.947552 Sync done -> model run start
2026-04-21 13:37:36.961117 Sync done -> model run start
2026-04-21 13:37:36.966171 Sync done -> model run start
0 0.409 [0.07992548309266567, 0.10129823395982385, 0.07164117088541389, 0.08037125715054572, 0.075580416014418]
2 0.399 [0.09519267803989351, 0.08516605687327683, 0.0717979387845844, 0.07329207612201571, 0.07351556094363332]
3 0.405 [0.09401233703829348, 0.084974757861346, 0.07336249109357595, 0.07466230913996696, 0.07807109504938126]
1 0.483 [0.11321856686845422, 0.11419995501637459, 0.0739523230586201, 0.07709861407056451, 0.10446535795927048]
2026-04-21 13:37:42.988864 Sync done -> model run start
2026-04-21 13:37:42.997628 Sync done -> model run start
2026-04-21 13:37:43.000047 Sync done -> model run start
2026-04-21 13:37:43.011694 Sync done -> model run start
2 0.402 [0.0945321898907423, 0.0864999529439956, 0.07282855710946023, 0.07397749298252165, 0.07352703297510743]
1 0.404 [0.0946911450009793, 0.0865203698631376, 0.07470607198774815, 0.07403832511045039, 0.0736911438871175]
3 0.411 [0.09644121397286654, 0.08809799491427839, 0.07271116296760738, 0.07383020408451557, 0.07937821908853948]
0 0.49 [0.09734864300116897, 0.13134286692366004, 0.07792814401909709, 0.074551752069965, 0.10839738394133747]
2026-04-21 13:37:48.994558 Sync done -> model run start
2026-04-21 13:37:49.000408 Sync done -> model run start
2026-04-21 13:37:49.008132 Sync done -> model run start
2026-04-21 13:37:49.015302 Sync done -> model run start
1 0.407 [0.0877061951905489, 0.09075785405002534, 0.07758634211495519, 0.07611428806558251, 0.07419656496495008]
2 0.401 [0.09571046591736376, 0.08967693918384612, 0.07219696906395257, 0.07149625290185213, 0.07155765919014812]
3 0.413 [0.09680804796516895, 0.09320582705549896, 0.06929910904727876, 0.07350241206586361, 0.07975228899158537]
0 0.488 [0.08544946881011128, 0.12256368878297508, 0.09765068790875375, 0.07675739983096719, 0.10576266492716968]
2026-04-21 13:37:55.041342 Sync done -> model run start
2026-04-21 13:37:55.048013 Sync done -> model run start
2026-04-21 13:37:55.057294 Sync done -> model run start
2026-04-21 13:37:55.064869 Sync done -> model run start
1 0.406 [0.08720825309865177, 0.09163066698238254, 0.07591810799203813, 0.07719818688929081, 0.0739699169062078]
2 0.397 [0.0932142820674926, 0.09067870583385229, 0.06812216597609222, 0.07211828604340553, 0.07244088384322822]
3 0.41 [0.09570689010433853, 0.09032689011655748, 0.07109653507359326, 0.07278431509621441, 0.0803011478856206]
0 0.48 [0.082583551062271, 0.09875094587914646, 0.11259223916567862, 0.08381649595685303, 0.10152724501676857]
2026-04-21 13:38:00.963429 Sync done -> model run start
net_times: [[0.0, 5.711, 0, 3211264], [0.0, 5.253, 0, 3211264], [0.0, 5.203, 0, 3211264], [0.0, 5.233, 0, 3211264], [0.0, 5.222, 0, 3211264]]
echo 'race4fun' | sudo -S sh -c 'journalctl --since "2026-04-21 13:37:29.924206" --until "2026-04-21 13:38:00.963429" -k -o short-iso '| grep -i -E 'throttle|throttled|thermal|cpufreq|under-voltage|voltage'
