ALL SYNC
2026-04-21 13:37:45.593994 Sync done -> model run start
2026-04-21 13:37:45.593993 Sync done -> model run start
2026-04-21 13:37:45.593993 Sync done -> model run start
2026-04-21 13:37:45.594238 Sync done -> model run start
1 0.042 [0.034317255951464176, 0.0020025409758090973, 0.0018159269820898771, 0.0018461882136762142, 0.0017241050954908133]
3 0.042 [0.03424579789862037, 0.002002436900511384, 0.0018090519588440657, 0.0018462399020791054, 0.001724157016724348]
2 0.042 [0.034317255951464176, 0.0020029579754918814, 0.001815770985558629, 0.0018467609770596027, 0.001724364934489131]
0 0.042 [0.034317046869546175, 0.002002123976126313, 0.0018155619036406279, 0.0018596779555082321, 0.0017146780155599117]
2026-04-21 13:37:49.698140 Sync done -> model run start
2026-04-21 13:37:49.698140 Sync done -> model run start
2026-04-21 13:37:49.703598 Sync done -> model run start
2026-04-21 13:37:49.705805 Sync done -> model run start
0 0.013 [0.005626479163765907, 0.0017788440454751253, 0.0017286359798163176, 0.0017610841896384954, 0.0015931690577417612]
1 0.013 [0.005626426078379154, 0.0017791569698601961, 0.0017286879010498524, 0.001761188032105565, 0.0015943660400807858]
2 0.012 [0.006556213833391666, 0.001529783010482788, 0.0017531670164316893, 0.0013515029568225145, 0.001000724034383893]
3 0.011 [0.0061499138828366995, 0.0016490540001541376, 0.0012330140452831984, 0.0010009841062128544, 0.0009140048641711473]
2026-04-21 13:37:55.934247 Sync done -> model run start
2026-04-21 13:37:55.934257 Sync done -> model run start
2026-04-21 13:37:55.938898 Sync done -> model run start
2026-04-21 13:37:55.939858 Sync done -> model run start
1 0.013 [0.005531740142032504, 0.001772386021912098, 0.0017531670164316893, 0.0017042090184986591, 0.0016778029967099428]
0 0.013 [0.0055318959057331085, 0.001772542018443346, 0.001756447833031416, 0.0017046257853507996, 0.001678219996392727]
2 0.013 [0.006436370080336928, 0.0015429079066962004, 0.001395825995132327, 0.0016233241185545921, 0.001387439901009202]
3 0.013 [0.006577463122084737, 0.001698323991149664, 0.001691918121650815, 0.0013876999728381634, 0.0010597340296953917]
2026-04-21 13:38:01.956666 Sync done -> model run start
2026-04-21 13:38:01.956673 Sync done -> model run start
2026-04-21 13:38:01.963749 Sync done -> model run start
2026-04-21 13:38:01.965161 Sync done -> model run start
1 0.016 [0.007078919094055891, 0.0022163409739732742, 0.0019854058045893908, 0.002064103027805686, 0.001900406088680029]
0 0.016 [0.007075220113620162, 0.0022159249056130648, 0.0019857699517160654, 0.0020634259562939405, 0.0019003539346158504]
2 0.016 [0.008213496068492532, 0.0018302500247955322, 0.0018680109642446041, 0.0018582709599286318, 0.0016315539833158255]
3 0.015 [0.00790078891441226, 0.002064415020868182, 0.0018207188695669174, 0.0016463450156152248, 0.0011585871689021587]
2026-04-21 13:38:07.989940 Sync done -> model run start
2026-04-21 13:38:07.991093 Sync done -> model run start
2026-04-21 13:38:07.994923 Sync done -> model run start
2026-04-21 13:38:07.997169 Sync done -> model run start
0 0.013 [0.006266109878197312, 0.0017590520437806845, 0.0018078028224408627, 0.001858011120930314, 0.0014878560323268175]
1 0.014 [0.0060805389657616615, 0.001990404911339283, 0.0018276979681104422, 0.0018382188864052296, 0.0018280099611729383]
2 0.013 [0.00649996311403811, 0.0017262401524931192, 0.001708323834463954, 0.0016270738560706377, 0.0015921788290143013]
3 0.012 [0.006060226121917367, 0.001646762015298009, 0.0015059290453791618, 0.0015924919862300158, 0.0012931169476360083]
2026-04-21 13:38:08.070839 Sync done -> model run start
net_times: [[14.217, 0.0, 100352, 0], [3.915, 0.0, 100352, 0], [6.044, 0.0, 100352, 0], [5.846, 0.0, 100352, 0], [5.853, 0.0, 100352, 0]]
echo 'race4fun' | sudo -S sh -c 'journalctl --since "2026-04-21 13:37:30.926393" --until "2026-04-21 13:38:08.070839" -k -o short-iso '| grep -i -E 'throttle|throttled|thermal|cpufreq|under-voltage|voltage'
