ALL SYNC
2026-04-21 13:37:39.386565 Sync done -> model run start
2026-04-21 13:37:39.386565 Sync done -> model run start
2026-04-21 13:37:39.386565 Sync done -> model run start
2026-04-21 13:37:39.386565 Sync done -> model run start
0 2.091 [0.4804296719375998, 0.4188189150299877, 0.3975860420614481, 0.39747260604053736, 0.3966250540688634]
1 2.101 [0.48042962001636624, 0.42258723988197744, 0.4006277029402554, 0.39997291192412376, 0.39729651203379035]
3 2.125 [0.4885611650533974, 0.4278970209416002, 0.403947071172297, 0.40275535406544805, 0.40149332489818335]
2 2.201 [0.5421623550355434, 0.420748702948913, 0.40125223295763135, 0.45008067321032286, 0.3863907530903816]
2026-04-21 13:37:44.715281 Sync done -> model run start
2026-04-21 13:37:44.727911 Sync done -> model run start
2026-04-21 13:37:44.744022 Sync done -> model run start
2026-04-21 13:37:44.756364 Sync done -> model run start
0 1.988 [0.41759454109705985, 0.39319532201625407, 0.3902721512131393, 0.3939834439661354, 0.39301193598657846]
1 1.987 [0.4139628300908953, 0.3923502191901207, 0.3902197019197047, 0.3945393292233348, 0.3951613060198724]
2 2.035 [0.42046849406324327, 0.38980762008577585, 0.4383705388754606, 0.39320579008199275, 0.39253678009845316]
3 1.987 [0.4130312178749591, 0.39212271897122264, 0.39069089898839593, 0.395055890083313, 0.3959045340307057]
2026-04-21 13:37:50.758268 Sync done -> model run start
2026-04-21 13:37:50.767320 Sync done -> model run start
2026-04-21 13:37:50.778107 Sync done -> model run start
2026-04-21 13:37:50.809832 Sync done -> model run start
0 2.04 [0.43433195212855935, 0.41779797594062984, 0.39278281992301345, 0.39742510206997395, 0.3970148949883878]
1 2.051 [0.4279212369583547, 0.43070289585739374, 0.3953418249730021, 0.3950545338448137, 0.40166139509528875]
2 2.055 [0.44102438585832715, 0.4213418741710484, 0.39533823099918664, 0.3972066130954772, 0.39994743978604674]
3 2.101 [0.4741207230836153, 0.4021128530148417, 0.44416698277927935, 0.39595406292937696, 0.3842646609991789]
2026-04-21 13:37:56.820539 Sync done -> model run start
2026-04-21 13:37:56.826244 Sync done -> model run start
2026-04-21 13:37:56.845723 Sync done -> model run start
2026-04-21 13:37:56.858202 Sync done -> model run start
0 2.002 [0.42245259997434914, 0.3974790060892701, 0.3918626119848341, 0.3935440150089562, 0.39609317597933114]
1 2.017 [0.42498863697983325, 0.39831265015527606, 0.39341146289370954, 0.39688848704099655, 0.40270769293420017]
3 2.013 [0.4237675969488919, 0.40013858396559954, 0.3939051600173116, 0.3958207799587399, 0.39917077380232513]
2 2.074 [0.4531494618859142, 0.39771041297353804, 0.4398355318699032, 0.3993187421001494, 0.3840357009321451]
2026-04-21 13:38:02.786219 Sync done -> model run start
2026-04-21 13:38:02.795997 Sync done -> model run start
2026-04-21 13:38:02.805084 Sync done -> model run start
2026-04-21 13:38:02.813670 Sync done -> model run start
1 2.049 [0.41475532203912735, 0.4066303391009569, 0.40780512895435095, 0.41590297617949545, 0.40337201301008463]
0 2.052 [0.421583745861426, 0.4159595901146531, 0.40285477484576404, 0.4077962739393115, 0.40359810600057244]
2 2.06 [0.4165581311099231, 0.40861507481895387, 0.40478164493106306, 0.41617964184843004, 0.41404844890348613]
3 2.14 [0.46988374809734523, 0.4099519469309598, 0.4227107227779925, 0.4435260419268161, 0.39361510681919754]
2026-04-21 13:38:05.721387 Sync done -> model run start
net_times: [[7.954, 0.694, 802816, 401408], [2.203, 0.632, 802816, 401408], [3.123, 0.713, 802816, 401408], [2.984, 0.696, 802816, 401408], [2.953, 0.701, 802816, 401408]]
echo 'race4fun' | sudo -S sh -c 'journalctl --since "2026-04-21 13:37:30.935546" --until "2026-04-21 13:38:05.721387" -k -o short-iso '| grep -i -E 'throttle|throttled|thermal|cpufreq|under-voltage|voltage'
