ALL SYNC
2026-04-21 13:37:37.281415 Sync done -> model run start
2026-04-21 13:37:37.281415 Sync done -> model run start
2026-04-21 13:37:37.281417 Sync done -> model run start
2026-04-21 13:37:37.281415 Sync done -> model run start
2 0.13 [0.04080930585041642, 0.028014585142955184, 0.022968050092458725, 0.017217560904100537, 0.020527230110019445]
3 0.13 [0.04080951400101185, 0.02801364683546126, 0.02314690314233303, 0.017426152946427464, 0.02051915810443461]
1 0.135 [0.04182971711270511, 0.030585455941036344, 0.022654248867183924, 0.01973499497398734, 0.019781609065830708]
2026-04-21 13:37:42.977147 Sync done -> model run start
2026-04-21 13:37:43.034258 Sync done -> model run start
2026-04-21 13:37:43.107585 Sync done -> model run start
2026-04-21 13:37:43.183908 Sync done -> model run start
0 0.083 [0.022268001921474934, 0.017907608998939395, 0.011565872933715582, 0.013774715131148696, 0.017263915156945586]
1 0.091 [0.02871801797300577, 0.021690766094252467, 0.00959499878808856, 0.013589352136477828, 0.016875844914466143]
2 0.072 [0.023860648972913623, 0.0184909391682595, 0.013947110157459974, 0.008000425063073635, 0.007497979095205665]
3 0.047 [0.01532767596654594, 0.011076762108132243, 0.0068890240509063005, 0.006789440987631679, 0.0069252741523087025]
2026-04-21 13:37:48.963143 Sync done -> model run start
2026-04-21 13:37:49.015516 Sync done -> model run start
2026-04-21 13:37:49.093611 Sync done -> model run start
2026-04-21 13:37:49.185081 Sync done -> model run start
0 0.081 [0.024375072913244367, 0.016775063006207347, 0.011953788110986352, 0.01349138398654759, 0.013856120873242617]
1 0.109 [0.029818793991580606, 0.023122580023482442, 0.016340638976544142, 0.017571776872500777, 0.021367121022194624]
2 0.107 [0.035782822873443365, 0.0203498350456357, 0.02253388613462448, 0.013087427942082286, 0.014731949893757701]
3 0.069 [0.02607673080638051, 0.01658053300343454, 0.011375509900972247, 0.007697352906689048, 0.006882305955514312]
2026-04-21 13:37:55.037900 Sync done -> model run start
2026-04-21 13:37:55.097732 Sync done -> model run start
2026-04-21 13:37:55.171141 Sync done -> model run start
2026-04-21 13:37:55.250391 Sync done -> model run start
0 0.089 [0.023821794893592596, 0.01991582685150206, 0.013147790916264057, 0.01446945103816688, 0.017145216930657625]
1 0.1 [0.02959020109847188, 0.028162761125713587, 0.012882949085906148, 0.015922932885587215, 0.012805554084479809]
2 0.075 [0.02435674099251628, 0.018571824999526143, 0.014026535907760262, 0.009866091189906001, 0.007498760940507054]
3 0.048 [0.015271165873855352, 0.011047231033444405, 0.00682579493150115, 0.00758152105845511, 0.007010638015344739]
2026-04-21 13:38:01.041822 Sync done -> model run start
2026-04-21 13:38:01.087414 Sync done -> model run start
2026-04-21 13:38:01.146740 Sync done -> model run start
2026-04-21 13:38:01.234716 Sync done -> model run start
0 0.104 [0.028584738029167056, 0.022861903999000788, 0.022771280026063323, 0.014130286173895001, 0.015084291808307171]
1 0.109 [0.03605693602003157, 0.022258575074374676, 0.018448335118591785, 0.015555746853351593, 0.015932776033878326]
2 0.093 [0.035161836072802544, 0.024005335988476872, 0.012836542911827564, 0.011480873916298151, 0.009151876205578446]
3 0.053 [0.019058227073401213, 0.012141027022153139, 0.00781896710395813, 0.006918034050613642, 0.006859492976218462]
2026-04-21 13:38:02.684346 Sync done -> model run start
net_times: [[5.867, 1.379, 3211264, 802816], [3.922, 1.306, 3211264, 802816], [4.235, 1.331, 3211264, 802816], [4.223, 1.338, 3211264, 802816], [4.183, 1.323, 3211264, 802816]]
echo 'race4fun' | sudo -S sh -c 'journalctl --since "2026-04-21 13:37:30.930787" --until "2026-04-21 13:38:02.684346" -k -o short-iso '| grep -i -E 'throttle|throttled|thermal|cpufreq|under-voltage|voltage'
