ALL SYNC
2026-04-21 13:36:44.383740 Sync done -> model run start
2026-04-21 13:36:44.383734 Sync done -> model run start
2026-04-21 13:36:44.383734 Sync done -> model run start
2026-04-21 13:36:44.383738 Sync done -> model run start
3 1.782 [0.43015817692503333, 0.3552993971388787, 0.34424026985652745, 0.32655799807980657, 0.32551672402769327]
0 1.823 [0.4341248080600053, 0.3658341160044074, 0.35123308608308434, 0.33515708101913333, 0.33660013088956475]
2 1.781 [0.4301578109152615, 0.35668832482770085, 0.34285592497326434, 0.32655789400450885, 0.3244302379898727]
1 1.905 [0.482280113035813, 0.38311749207787216, 0.3569878570269793, 0.3453815991524607, 0.33665304887108505]
2026-04-21 13:36:47.702065 Sync done -> model run start
2026-04-21 13:36:47.708250 Sync done -> model run start
2026-04-21 13:36:47.718153 Sync done -> model run start
2026-04-21 13:36:47.727755 Sync done -> model run start
1 1.591 [0.33728997805155814, 0.3298668160568923, 0.3102025019470602, 0.3070959020406008, 0.3061994221061468]
2 1.592 [0.3392290500923991, 0.3306865901686251, 0.306698463158682, 0.3073274081107229, 0.30815026513300836]
3 1.603 [0.3442217039410025, 0.33146136393770576, 0.3082522831391543, 0.3068897610064596, 0.3115501918364316]
0 1.651 [0.3354166329372674, 0.3391857799142599, 0.3460736519191414, 0.3085892051458359, 0.3217339289840311]
2026-04-21 13:36:51.692780 Sync done -> model run start
2026-04-21 13:36:51.697585 Sync done -> model run start
2026-04-21 13:36:51.705632 Sync done -> model run start
2026-04-21 13:36:51.712995 Sync done -> model run start
2 1.65 [0.3417795638088137, 0.33201822196133435, 0.31180735514499247, 0.3080808729864657, 0.35586730507202446]
3 1.659 [0.353235880844295, 0.3294066630769521, 0.3115106939803809, 0.3080767060164362, 0.3567113489843905]
1 1.733 [0.3676168730016798, 0.358650617999956, 0.30673017213121057, 0.30361982295289636, 0.396219041896984]
0 1.64 [0.3416057131253183, 0.3315589090343565, 0.3126677528489381, 0.3075180721934885, 0.34679421689361334]
2026-04-21 13:36:55.212188 Sync done -> model run start
2026-04-21 13:36:55.221095 Sync done -> model run start
2026-04-21 13:36:55.226253 Sync done -> model run start
2026-04-21 13:36:55.234763 Sync done -> model run start
1 1.584 [0.33899628510698676, 0.3286161939613521, 0.3056256000418216, 0.30464208289049566, 0.3055289378389716]
2 1.59 [0.3438421708997339, 0.32786220009438694, 0.3057703881058842, 0.3052480590995401, 0.3068785450886935]
0 1.651 [0.33937388099730015, 0.3787338708061725, 0.3056090900208801, 0.30520368507131934, 0.32189015089534223]
3 1.602 [0.3498732401058078, 0.33166493102908134, 0.306087049189955, 0.3049230659380555, 0.3094918231945485]
2026-04-21 13:36:58.646423 Sync done -> model run start
2026-04-21 13:36:58.647045 Sync done -> model run start
2026-04-21 13:36:58.660242 Sync done -> model run start
2026-04-21 13:36:58.673585 Sync done -> model run start
1 1.634 [0.34369158488698304, 0.33755782013759017, 0.3221334607806057, 0.318022663006559, 0.312019778881222]
0 1.643 [0.34429261391051114, 0.33923392998985946, 0.32360415905714035, 0.3211002009920776, 0.31481977202929556]
3 1.702 [0.3538836599327624, 0.38949781004339457, 0.34378320910036564, 0.320565840927884, 0.29407839104533195]
2 1.653 [0.3501685818191618, 0.342194439843297, 0.3221525230910629, 0.31939430092461407, 0.3187373459804803]
2026-04-21 13:37:02.027469 Sync done -> model run start
net_times: [[0.0, 1.239, 0, 802816], [0.0, 2.162, 0, 802816], [0.0, 1.593, 0, 802816], [0.0, 1.604, 0, 802816], [0.0, 1.563, 0, 802816]]
echo 'race4fun' | sudo -S sh -c 'journalctl --since "2026-04-21 13:36:43.966041" --until "2026-04-21 13:37:02.027469" -k -o short-iso '| grep -i -E 'throttle|throttled|thermal|cpufreq|under-voltage|voltage'
