ALL SYNC
2026-04-21 14:17:17.253426 Sync done -> model run start
2026-04-21 14:17:17.253415 Sync done -> model run start
2026-04-21 14:17:17.263162 Sync done -> model run start
2026-04-21 14:17:17.293499 Sync done -> model run start
2 17.685 [3.6636373640503734, 3.5517379390075803, 3.5138210321310908, 3.478544119047001, 3.4766590748913586]
1 17.726 [3.6755461271386594, 3.5714328738395125, 3.5169556059408933, 3.4746679340023547, 3.486755031859502]
3 17.749 [3.6706811948679388, 3.5707103239838034, 3.518498361809179, 3.4882921599783003, 3.50111342407763]
0 18.288 [3.7996286400593817, 3.7088654479011893, 3.6338031960185617, 3.6085818221326917, 3.537268775049597]
2026-04-21 14:17:39.160364 Sync done -> model run start
2026-04-21 14:17:39.160933 Sync done -> model run start
2026-04-21 14:17:39.188163 Sync done -> model run start
2026-04-21 14:17:39.251327 Sync done -> model run start
1 17.919 [3.6044641348998994, 3.6024519049096853, 3.5598553789313883, 3.5771153261885047, 3.574975282885134]
0 17.919 [3.6039880951866508, 3.6024519570637494, 3.5598552748560905, 3.5771151171065867, 3.574975386960432]
3 17.934 [3.6177246649749577, 3.596395152853802, 3.561189854051918, 3.577362824929878, 3.5813134401105344]
2 18.48 [3.761860291007906, 3.715006331913173, 3.695012856973335, 3.7045619441196322, 3.602945192018524]
2026-04-21 14:18:02.441414 Sync done -> model run start
2026-04-21 14:18:02.441414 Sync done -> model run start
2026-04-21 14:18:02.462777 Sync done -> model run start
2026-04-21 14:18:02.502097 Sync done -> model run start
1 17.868 [3.5972389669623226, 3.566551049007103, 3.571195879019797, 3.562869189772755, 3.569799066055566]
0 17.868 [3.5901059701573104, 3.5716962919104844, 3.573185612913221, 3.562848408939317, 3.569872919935733]
3 17.889 [3.5990348469931632, 3.5766869010403752, 3.5790885100141168, 3.5569006679579616, 3.576996698975563]
2 18.471 [3.7245672531425953, 3.7162070751655847, 3.7185586320701987, 3.6868224868085235, 3.6243927439209074]
2026-04-21 14:18:24.596106 Sync done -> model run start
2026-04-21 14:18:24.600245 Sync done -> model run start
2026-04-21 14:18:24.617259 Sync done -> model run start
2026-04-21 14:18:24.634952 Sync done -> model run start
1 17.445 [3.5545318289659917, 3.511402075877413, 3.4678159169852734, 3.4549853878561407, 3.4563195530790836]
2 17.48 [3.576020823093131, 3.5180277309846133, 3.4693025269079953, 3.4607355250045657, 3.4552495561074466]
3 17.505 [3.5773750371299684, 3.5309472209773958, 3.479674160014838, 3.4551677310373634, 3.4616465668659657]
0 18.103 [3.7074911780655384, 3.6701893219724298, 3.6135107579175383, 3.5884003210812807, 3.523464804980904]
2026-04-21 14:18:54.718736 Sync done -> model run start
2026-04-21 14:18:54.720467 Sync done -> model run start
2026-04-21 14:18:54.752523 Sync done -> model run start
2026-04-21 14:18:54.792621 Sync done -> model run start
1 17.72 [3.6167706199921668, 3.606856395956129, 3.5061894811224192, 3.4927289669867605, 3.497126253088936]
0 17.733 [3.6187033210881054, 3.610783308977261, 3.5099020190536976, 3.490237151971087, 3.503117064014077]
3 17.764 [3.6460069199092686, 3.6081869651097804, 3.5166946509853005, 3.4854036800097674, 3.507142518181354]
2 18.297 [3.7664814840536565, 3.7301486579235643, 3.638731187907979, 3.614849098958075, 3.546235502930358]
2026-04-21 14:19:24.084205 Sync done -> model run start
net_times: [[0.0, 2.094, 0, 1210368], [0.0, 3.221, 0, 1210368], [0.0, 2.117, 0, 1210368], [0.0, 10.472, 0, 1210368], [0.0, 10.826, 0, 1210368]]
echo 'race4fun' | sudo -S sh -c 'journalctl --since "2026-04-21 14:17:14.417180" --until "2026-04-21 14:19:24.084205" -k -o short-iso '| grep -i -E 'throttle|throttled|thermal|cpufreq|under-voltage|voltage'
