ALL SYNC
2026-04-21 14:17:40.656399 Sync done -> model run start
2026-04-21 14:17:40.656399 Sync done -> model run start
2026-04-21 14:17:40.656399 Sync done -> model run start
2026-04-21 14:17:40.656399 Sync done -> model run start
1 19.598 [5.329156235093251, 3.482563314959407, 3.440075187943876, 3.4339113729074597, 3.9124788530170918]
0 19.859 [5.354644726961851, 3.6002262509427965, 3.423312372993678, 3.4213582719676197, 4.059074271004647]
2 19.828 [5.2588869710452855, 3.6021683749277145, 3.4374530678614974, 3.4408797160722315, 4.088733362965286]
3 20.257 [5.292184374062344, 3.7616156418807805, 3.5666448411066085, 3.564207669813186, 4.071902005933225]
2026-04-21 14:18:02.387055 Sync done -> model run start
2026-04-21 14:18:02.423554 Sync done -> model run start
2026-04-21 14:18:02.443524 Sync done -> model run start
2026-04-21 14:18:02.462625 Sync done -> model run start
2 19.148 [3.484300449024886, 4.3804166100453585, 3.8956119308713824, 3.8308968539349735, 3.5561358560808003]
0 19.402 [3.4826697290409356, 4.34438578505069, 4.009341453202069, 3.93786428286694, 3.6269431898836046]
1 19.442 [3.623883305117488, 4.470826951088384, 4.355999521212652, 3.452143772970885, 3.53855372290127]
3 19.047 [3.482294575078413, 4.3147696098312736, 3.7730253259651363, 3.8949852178338915, 3.5822665840387344]
2026-04-21 14:18:24.570649 Sync done -> model run start
2026-04-21 14:18:24.597517 Sync done -> model run start
2026-04-21 14:18:24.598388 Sync done -> model run start
2026-04-21 14:18:24.617035 Sync done -> model run start
0 27.377 [6.133750742999837, 4.827251067850739, 4.828571843914688, 5.138605084037408, 6.4480987100396305]
3 27.435 [5.864394761854783, 4.960974532878026, 4.844842423917726, 5.225855338852853, 6.538522384129465]
1 27.748 [5.828198521165177, 4.976766833104193, 4.871264399960637, 5.475524512119591, 6.595976882148534]
2 28.602 [6.210564395179972, 5.138281276915222, 5.165311690885574, 5.238928021863103, 6.8491041590459645]
2026-04-21 14:18:54.660609 Sync done -> model run start
2026-04-21 14:18:54.665202 Sync done -> model run start
2026-04-21 14:18:54.697005 Sync done -> model run start
2026-04-21 14:18:54.713886 Sync done -> model run start
2 28.486 [6.307004619156942, 5.495708468137309, 6.292553570121527, 5.399583742022514, 4.991046465933323]
1 28.515 [6.305963687831536, 5.507949696155265, 6.28774615097791, 5.408136034151539, 5.005288566928357]
3 28.741 [6.3066738930065185, 5.4827057861257344, 6.292735443916172, 6.023695559008047, 4.635435482021421]
0 29.216 [6.5213812449947, 5.878770485054702, 6.773782652104273, 5.764219933887944, 4.278018675046042]
2026-04-21 14:19:25.412745 Sync done -> model run start
2026-04-21 14:19:25.459625 Sync done -> model run start
2026-04-21 14:19:25.471395 Sync done -> model run start
2026-04-21 14:19:25.502305 Sync done -> model run start
0 25.374 [4.3071514188777655, 4.500712600070983, 4.645598605973646, 6.471865796949714, 5.448258575052023]
3 25.437 [4.35486206994392, 4.501868374180049, 4.750453911954537, 6.386959589086473, 5.442334703868255]
2 25.753 [4.501082023140043, 4.523059549974278, 5.307856860104948, 5.993130917893723, 5.4276764071546495]
1 26.169 [4.475635405862704, 4.678438771050423, 5.4304098731372505, 6.048356887884438, 5.535767996916547]
2026-04-21 14:19:51.758594 Sync done -> model run start
net_times: [[22.343, 0.0, 1210368, 0], [0.003, 0.0, 1210368, 0], [1.172, 0.0, 1210368, 0], [0.002, 0.0, 1210368, 0], [0.002, 0.0, 1210368, 0]]
echo 'race4fun' | sudo -S sh -c 'journalctl --since "2026-04-21 14:17:15.430379" --until "2026-04-21 14:19:51.758594" -k -o short-iso '| grep -i -E 'throttle|throttled|thermal|cpufreq|under-voltage|voltage'
