ALL SYNC
2026-04-21 14:20:35.352165 Sync done -> model run start
2026-04-21 14:20:35.352165 Sync done -> model run start
2026-04-21 14:20:35.352165 Sync done -> model run start
2026-04-21 14:20:35.352165 Sync done -> model run start
0 10.622 [2.2024752770084888, 2.118591183098033, 2.093753182096407, 2.0968857139814645, 2.110295934136957]
3 10.711 [2.194028254132718, 2.110234366962686, 2.085072983056307, 2.0968578499741852, 2.224415391916409]
2 10.859 [2.2094097081571817, 2.1257266011089087, 2.09326651901938, 2.099063355010003, 2.3316003668587655]
1 11.06 [2.3026770199649036, 2.208051125984639, 2.1823631320148706, 2.1746364689897746, 2.192013068124652]
2026-04-21 14:20:49.414732 Sync done -> model run start
2026-04-21 14:20:49.414732 Sync done -> model run start
2026-04-21 14:20:49.454071 Sync done -> model run start
2026-04-21 14:20:49.501575 Sync done -> model run start
1 10.581 [2.164801702136174, 2.15777352405712, 2.085942625068128, 2.080407873960212, 2.091509933816269]
0 10.584 [2.164800972910598, 2.162948174867779, 2.088933801976964, 2.0795462138485163, 2.087529805023223]
2 10.614 [2.174586111912504, 2.1721570168156177, 2.0845872699283063, 2.0815543248318136, 2.100501016015187]
3 10.953 [2.2620080488268286, 2.2434387549292296, 2.1349160310346633, 2.1545039161574095, 2.1580556640401483]
2026-04-21 14:21:06.200260 Sync done -> model run start
2026-04-21 14:21:06.226545 Sync done -> model run start
2026-04-21 14:21:06.262571 Sync done -> model run start
2026-04-21 14:21:06.279706 Sync done -> model run start
0 10.434 [2.1067043128423393, 2.0977833881042898, 2.062227546935901, 2.0634830079507083, 2.1032191892154515]
1 10.45 [2.103726625908166, 2.100241392152384, 2.0619717149529606, 2.0699978061020374, 2.113381149014458]
3 10.448 [2.1047413058113307, 2.100045664003119, 2.060076260007918, 2.07034905301407, 2.1129071419127285]
2 10.789 [2.1865764090325683, 2.142712760018185, 2.1525393601041287, 2.1607368560507894, 2.146153836045414]
2026-04-21 14:21:21.470799 Sync done -> model run start
2026-04-21 14:21:21.479579 Sync done -> model run start
2026-04-21 14:21:21.491375 Sync done -> model run start
2026-04-21 14:21:21.524654 Sync done -> model run start
0 10.51 [2.107850464992225, 2.167386976070702, 2.0627673470880836, 2.0888962808530778, 2.082710543880239]
1 10.543 [2.111165076959878, 2.184442065190524, 2.0697343819774687, 2.0900703340303153, 2.0877408219967037]
3 10.539 [2.114559740992263, 2.181750572985038, 2.073100659996271, 2.0845936539117247, 2.084542094031349]
2 10.897 [2.200506221037358, 2.257403480121866, 2.1557049239054322, 2.1600234899669886, 2.1234516131225973]
2026-04-21 14:21:36.610564 Sync done -> model run start
2026-04-21 14:21:36.633772 Sync done -> model run start
2026-04-21 14:21:36.652371 Sync done -> model run start
2026-04-21 14:21:36.674108 Sync done -> model run start
2 10.582 [2.1528570889495313, 2.1502804949413985, 2.1022786458488554, 2.0730359361041337, 2.1036173889879137]
3 10.586 [2.1466521329712123, 2.124615570064634, 2.11015634983778, 2.088520670775324, 2.1163319358602166]
0 10.939 [2.249768337002024, 2.1570524780545384, 2.197720424970612, 2.1870066991541535, 2.147247293032706]
1 10.636 [2.1710368571802974, 2.1238976588938385, 2.1057514341082424, 2.0867835469543934, 2.1487163440324366]
2026-04-21 14:21:50.929491 Sync done -> model run start
net_times: [[13.739, 2.08, 1210368, 1210368], [0.002, 4.757, 1210368, 1210368], [0.002, 3.418, 1210368, 1210368], [0.002, 3.224, 1210368, 1210368], [0.002, 3.205, 1210368, 1210368]]
echo 'race4fun' | sudo -S sh -c 'journalctl --since "2026-04-21 14:20:19.711285" --until "2026-04-21 14:21:50.929491" -k -o short-iso '| grep -i -E 'throttle|throttled|thermal|cpufreq|under-voltage|voltage'
