ALL SYNC
2026-04-21 14:20:50.618835 Sync done -> model run start
2026-04-21 14:20:50.618838 Sync done -> model run start
2026-04-21 14:20:50.618835 Sync done -> model run start
2026-04-21 14:20:50.618835 Sync done -> model run start
1 11.884 [2.450151216937229, 2.3709397818893194, 2.324391148984432, 2.3259485429152846, 2.411919804988429]
2 11.912 [2.4638496059924364, 2.381576359970495, 2.3316621128469706, 2.3311617539729923, 2.403385565150529]
0 12.457 [2.55474272207357, 2.474363010842353, 2.4197994580026716, 2.420103678945452, 2.5875268927775323]
3 12.161 [2.448823929997161, 2.3682076050899923, 2.3244638580363244, 2.3292404590174556, 2.689938405994326]
2026-04-21 14:21:06.200006 Sync done -> model run start
2026-04-21 14:21:06.203693 Sync done -> model run start
2026-04-21 14:21:06.228390 Sync done -> model run start
2026-04-21 14:21:06.278273 Sync done -> model run start
0 11.751 [2.392359936842695, 2.371170066995546, 2.306648474885151, 2.326380231883377, 2.3544800330419093]
2 11.783 [2.4039511459413916, 2.3854762660339475, 2.3132210560142994, 2.327339343028143, 2.3532815468497574]
1 11.87 [2.3887115109246224, 2.3758006228599697, 2.3086183639243245, 2.3214116040617228, 2.475448564160615]
3 12.245 [2.493443798040971, 2.463250783039257, 2.394687280058861, 2.4217663020826876, 2.471858057193458]
2026-04-21 14:21:21.474470 Sync done -> model run start
2026-04-21 14:21:21.494504 Sync done -> model run start
2026-04-21 14:21:21.516036 Sync done -> model run start
2026-04-21 14:21:21.537474 Sync done -> model run start
3 11.532 [2.311577223939821, 2.328493782086298, 2.284432325977832, 2.287521173013374, 2.32016236288473]
1 11.656 [2.316204395145178, 2.3289381549693644, 2.2867857550736517, 2.294355418998748, 2.429311875021085]
2 11.969 [2.405331736896187, 2.417076126905158, 2.3825821368955076, 2.3791914239991456, 2.3840667218901217]
0 11.511 [2.312800813000649, 2.320872974814847, 2.2878746050409973, 2.2881255981046706, 2.301306647947058]
2026-04-21 14:21:36.594228 Sync done -> model run start
2026-04-21 14:21:36.625868 Sync done -> model run start
2026-04-21 14:21:36.652663 Sync done -> model run start
2026-04-21 14:21:36.655139 Sync done -> model run start
0 11.547 [2.3395111579447985, 2.321750234114006, 2.2891864450648427, 2.295365072088316, 2.3009196917992085]
2 11.55 [2.3329596710391343, 2.3285340131260455, 2.2881799379829317, 2.2956071561202407, 2.3048780120443553]
3 11.624 [2.338003766955808, 2.3267324559856206, 2.290498262969777, 2.2923451878596097, 2.3764657808933407]
1 12.012 [2.432971663074568, 2.4155606869608164, 2.378252696013078, 2.3812986260745674, 2.4037454780191183]
2026-04-21 14:21:51.778537 Sync done -> model run start
2026-04-21 14:21:51.785869 Sync done -> model run start
2026-04-21 14:21:51.798839 Sync done -> model run start
2026-04-21 14:21:51.825221 Sync done -> model run start
1 11.714 [2.348704116186127, 2.360832723090425, 2.350187295116484, 2.356144829886034, 2.297620401950553]
0 11.725 [2.35194322001189, 2.3522408260032535, 2.3484500609338284, 2.360182732110843, 2.312427120981738]
3 11.736 [2.3523154580034316, 2.3482961519621313, 2.3510662498883903, 2.3583573210053146, 2.326173635199666]
2 12.134 [2.431171640055254, 2.4557867660187185, 2.44120431994088, 2.4421132269781083, 2.3634905889630318]
2026-04-21 14:22:06.142470 Sync done -> model run start
net_times: [[28.856, 2.096, 1210368, 1210368], [0.002, 1.912, 1210368, 1210368], [0.002, 2.088, 1210368, 1210368], [0.002, 2.081, 1210368, 1210368], [0.002, 2.109, 1210368, 1210368]]
echo 'race4fun' | sudo -S sh -c 'journalctl --since "2026-04-21 14:20:19.711857" --until "2026-04-21 14:22:06.142470" -k -o short-iso '| grep -i -E 'throttle|throttled|thermal|cpufreq|under-voltage|voltage'
