ALL SYNC
2026-04-21 14:21:06.135662 Sync done -> model run start
2026-04-21 14:21:06.135666 Sync done -> model run start
2026-04-21 14:21:06.135662 Sync done -> model run start
2026-04-21 14:21:06.135662 Sync done -> model run start
1 5.087 [1.0869629979133606, 0.9845311599783599, 0.8573412308469415, 1.1241927659139037, 1.0337560968473554]
2 5.087 [1.0844212349038571, 0.9378899140283465, 0.9065215310547501, 1.124512713169679, 1.0335082330275327]
0 5.319 [1.2122926199808717, 0.8899646610952914, 1.070775605039671, 0.9940219609998167, 1.1514141310472041]
3 5.537 [1.1570841630455106, 0.9733764070551842, 1.1409915629774332, 1.008117174031213, 1.257012205896899]
2026-04-21 14:21:20.809387 Sync done -> model run start
2026-04-21 14:21:20.845019 Sync done -> model run start
2026-04-21 14:21:20.849534 Sync done -> model run start
2026-04-21 14:21:20.870968 Sync done -> model run start
0 4.547 [1.0779956851620227, 0.8382654630113393, 0.9664939299691468, 1.089644914958626, 0.5743154818192124]
3 4.543 [1.1144299870356917, 0.7988968479912728, 1.0349648941773921, 1.0201931740157306, 0.5747923548333347]
2 4.631 [1.1688257378991693, 0.8372131229843944, 1.104720592033118, 0.9485533148981631, 0.5706823158543557]
1 4.677 [1.2007488580420613, 0.7816053971182555, 1.1441339480224997, 0.98397611011751, 0.5666829030960798]
2026-04-21 14:21:36.001570 Sync done -> model run start
2026-04-21 14:21:36.013234 Sync done -> model run start
2026-04-21 14:21:36.045872 Sync done -> model run start
2026-04-21 14:21:36.070338 Sync done -> model run start
1 2.913 [0.6032627259846777, 0.5858000260777771, 0.5728743930812925, 0.5762255790177733, 0.5744202209170908]
0 2.905 [0.5999177899211645, 0.5837555541656911, 0.5733312140218914, 0.5747159491293132, 0.5734540258999914]
3 2.979 [0.5981400350574404, 0.6283053490333259, 0.57161377184093, 0.6205383439082652, 0.5599895929917693]
2026-04-21 14:21:51.150568 Sync done -> model run start
2026-04-21 14:21:51.172720 Sync done -> model run start
2026-04-21 14:21:51.197618 Sync done -> model run start
2026-04-21 14:21:51.218688 Sync done -> model run start
2 3.679 [0.6345628788694739, 0.5946129118092358, 1.0315992799587548, 0.819676463957876, 0.5981530558783561]
1 3.665 [0.6267045210115612, 0.5920481290668249, 0.9978198651224375, 0.8521757279522717, 0.5965301969554275]
3 3.747 [0.6227307838853449, 0.5950265559367836, 1.040013523073867, 0.9142112450208515, 0.5752288110088557]
0 3.829 [0.6697433840017766, 0.5972268090117723, 1.097287701908499, 0.8335338649339974, 0.630491642979905]
2026-04-21 14:22:06.425727 Sync done -> model run start
2026-04-21 14:22:06.459041 Sync done -> model run start
2026-04-21 14:22:06.469992 Sync done -> model run start
2026-04-21 14:22:06.490305 Sync done -> model run start
1 3.722 [0.6188103291206062, 1.0929309979546815, 0.8600830449722707, 0.5770633888896555, 0.5730018399190158]
0 3.695 [0.6074442740064114, 1.020085830008611, 0.9119091699831188, 0.5787011960055679, 0.5760994858574122]
3 3.724 [0.6070020890329033, 1.0765093869995326, 0.8654002139810473, 0.5877862691413611, 0.5875904359854758]
2 3.812 [0.606835006037727, 1.1314516991842538, 0.8866987871006131, 0.5838050851598382, 0.6032531950622797]
2026-04-21 14:22:11.422143 Sync done -> model run start
net_times: [[45.535, 1.123, 1210368, 605184], [7.609, 1.05, 1210368, 605184], [8.997, 1.055, 1210368, 605184], [10.644, 1.041, 1210368, 605184], [9.983, 1.048, 1210368, 605184]]
echo 'race4fun' | sudo -S sh -c 'journalctl --since "2026-04-21 14:20:19.721194" --until "2026-04-21 14:22:11.422143" -k -o short-iso '| grep -i -E 'throttle|throttled|thermal|cpufreq|under-voltage|voltage'
