ALL SYNC
2026-04-21 14:21:13.355969 Sync done -> model run start
2026-04-21 14:21:13.355969 Sync done -> model run start
2026-04-21 14:21:13.355969 Sync done -> model run start
2026-04-21 14:21:13.355969 Sync done -> model run start
1 0.034 [0.02551099192351103, 0.0021778519731014967, 0.0019451449625194073, 0.001944779884070158, 0.002387641929090023]
3 0.034 [0.025511044077575207, 0.0021748829167336226, 0.001943737966939807, 0.0019444150384515524, 0.001988738076761365]
2 0.036 [0.027609781827777624, 0.0020966539159417152, 0.0018696249462664127, 0.0019885811489075422, 0.0018014998640865088]
0 0.036 [0.025515628047287464, 0.003195866011083126, 0.002444776939228177, 0.0023988401517271996, 0.001759990118443966]
2026-04-21 14:21:26.733238 Sync done -> model run start
2026-04-21 14:21:26.737807 Sync done -> model run start
2026-04-21 14:21:26.754933 Sync done -> model run start
2026-04-21 14:21:26.764729 Sync done -> model run start
0 0.013 [0.0055239261128008366, 0.0022891531698405743, 0.001975249033421278, 0.0015578549355268478, 0.001720458036288619]
1 0.014 [0.006754178088158369, 0.0020205609034746885, 0.0016743650194257498, 0.001954259118065238, 0.0017016050405800343]
2 0.01 [0.004607941024005413, 0.0014020230155438185, 0.0012183780781924725, 0.0012109298259019852, 0.0010941599030047655]
3 0.008 [0.003967787837609649, 0.001297960989177227, 0.0009571299888193607, 0.0007541619706898928, 0.0007437979802489281]
2026-04-21 14:21:40.264083 Sync done -> model run start
2026-04-21 14:21:40.271889 Sync done -> model run start
2026-04-21 14:21:40.287842 Sync done -> model run start
2026-04-21 14:21:40.295623 Sync done -> model run start
0 0.014 [0.006031265016645193, 0.002062643878161907, 0.0023101430851966143, 0.0016113959718495607, 0.001823686994612217]
1 0.015 [0.0065812100656330585, 0.002067695837467909, 0.00194972800090909, 0.0020280610769987106, 0.0019006661605089903]
2 0.009 [0.004365859087556601, 0.0012946280185133219, 0.0011147849727422, 0.0009602031204849482, 0.0010636912193149328]
3 0.007 [0.003463052213191986, 0.0009228589478880167, 0.0007552558090537786, 0.0008297869935631752, 0.0007742659654468298]
2026-04-21 14:21:56.203692 Sync done -> model run start
2026-04-21 14:21:56.210558 Sync done -> model run start
2026-04-21 14:21:56.230624 Sync done -> model run start
2026-04-21 14:21:56.237768 Sync done -> model run start
0 0.013 [0.0058217879850417376, 0.0023164970334619284, 0.001947956858202815, 0.0013344711624085903, 0.0014029080048203468]
1 0.013 [0.0057901740074157715, 0.001601656898856163, 0.001796186901628971, 0.0015624379739165306, 0.001538584940135479]
3 0.009 [0.0043048697989434, 0.0012042638845741749, 0.00118066999129951, 0.0011932740453630686, 0.0010014520958065987]
2 0.011 [0.004517368972301483, 0.0013413459528237581, 0.002908941125497222, 0.0011752010323107243, 0.0013265542220324278]
2026-04-21 14:22:11.499990 Sync done -> model run start
2026-04-21 14:22:11.511434 Sync done -> model run start
2026-04-21 14:22:11.520568 Sync done -> model run start
2026-04-21 14:22:11.532163 Sync done -> model run start
1 0.015 [0.00782036897726357, 0.0017344688531011343, 0.0017586878966540098, 0.0017037391662597656, 0.0021053520031273365]
2 0.013 [0.0065348041243851185, 0.0017931140027940273, 0.0017962390556931496, 0.0011994719970971346, 0.0013831688556820154]
3 0.009 [0.005112990038469434, 0.0012271278537809849, 0.0008668180089443922, 0.0008330149576067924, 0.0010005149524658918]
0 0.015 [0.0069408961571753025, 0.0019550411961972713, 0.0018419688567519188, 0.001799573190510273, 0.0020347789395600557]
2026-04-21 14:22:11.611411 Sync done -> model run start
net_times: [[53.161, 0.0, 605184, 0], [13.138, 0.0, 605184, 0], [13.316, 0.0, 605184, 0], [15.71, 0.0, 605184, 0], [15.077, 0.0, 605184, 0]]
echo 'race4fun' | sudo -S sh -c 'journalctl --since "2026-04-21 14:20:19.716854" --until "2026-04-21 14:22:11.611411" -k -o short-iso '| grep -i -E 'throttle|throttled|thermal|cpufreq|under-voltage|voltage'
