ALL SYNC
2026-04-21 14:20:20.508096 Sync done -> model run start
2026-04-21 14:20:20.508096 Sync done -> model run start
2026-04-21 14:20:20.508096 Sync done -> model run start
2026-04-21 14:20:20.552168 Sync done -> model run start
0 10.363 [2.1525950208306313, 2.0828878758475184, 2.0395655950997025, 2.051389714004472, 2.036094177979976]
3 10.363 [2.152594916988164, 2.0828879280015826, 2.0407214839942753, 2.0502355969510972, 2.0361712090671062]
2 10.433 [2.1667464659549296, 2.097668696893379, 2.0472310320474207, 2.0505763778928667, 2.07028567395173]
1 10.718 [2.2060124578420073, 2.1833776249550283, 2.1498525040224195, 2.1298652838449925, 2.0487369149923325]
2026-04-21 14:20:34.257024 Sync done -> model run start
2026-04-21 14:20:34.257158 Sync done -> model run start
2026-04-21 14:20:34.281327 Sync done -> model run start
2026-04-21 14:20:34.307291 Sync done -> model run start
0 10.319 [2.086262572091073, 2.091554224025458, 2.049735805951059, 2.0506266159936786, 2.0403941147960722]
3 10.343 [2.0950298339594156, 2.092184277018532, 2.0499685669783503, 2.0493305700365454, 2.056078112917021]
2 10.319 [2.0862617900129408, 2.0915543290320784, 2.0497333579696715, 2.050626407144591, 2.04039463493973]
1 10.694 [2.182040843181312, 2.151429952122271, 2.152350445976481, 2.135432767914608, 2.0720339310355484]
2026-04-21 14:20:49.455914 Sync done -> model run start
2026-04-21 14:20:49.455914 Sync done -> model run start
2026-04-21 14:20:49.476553 Sync done -> model run start
2026-04-21 14:20:49.477567 Sync done -> model run start
3 11.311 [2.087377477902919, 3.205228019040078, 1.9863350740633905, 2.0536943320184946, 1.9781009431462735]
2 11.351 [2.088620032882318, 3.2599775318522006, 1.9904698228929192, 2.014087670017034, 1.9976561991497874]
0 11.497 [2.0981953190639615, 3.194609191035852, 2.0254149110987782, 2.099829237908125, 2.0782843669876456]
1 11.571 [2.192114253062755, 3.251561831915751, 1.9766305689699948, 2.172604000894353, 1.9775693758856505]
2026-04-21 14:21:06.217849 Sync done -> model run start
2026-04-21 14:21:06.218262 Sync done -> model run start
2026-04-21 14:21:06.244756 Sync done -> model run start
2026-04-21 14:21:06.246507 Sync done -> model run start
0 10.937 [2.0958481698762625, 2.092081780079752, 2.0459300810471177, 2.7272959540132433, 1.975752563914284]
1 10.99 [2.096174107864499, 2.092081833165139, 2.045930237043649, 2.758806236088276, 1.996527248993516]
2 11.09 [2.1097159639466554, 2.0879301028326154, 2.044255597051233, 2.8752370870206505, 1.9729091699700803]
3 11.306 [2.211758815916255, 2.185441482812166, 2.2483062411192805, 2.6565986939240247, 2.003471323987469]
2026-04-21 14:21:21.463534 Sync done -> model run start
2026-04-21 14:21:21.469756 Sync done -> model run start
2026-04-21 14:21:21.481244 Sync done -> model run start
2026-04-21 14:21:21.538612 Sync done -> model run start
1 10.187 [2.0464158861432225, 2.045619035838172, 2.0030918831471354, 2.050281082978472, 2.0416683829389513]
2 10.222 [2.0589511229190975, 2.0503888400271535, 2.0053577730432153, 2.052326972829178, 2.055211225990206]
3 10.506 [2.1001106458716094, 2.1210610340349376, 2.1137029170058668, 2.1294643860310316, 2.0413447311148047]
0 10.194 [2.044110151939094, 2.0479718551505357, 2.007397464942187, 2.0521083269268274, 2.0417680179234594]
2026-04-21 14:21:35.791681 Sync done -> model run start
net_times: [[0.0, 2.105, 0, 1210368], [0.0, 3.53, 0, 1210368], [0.0, 4.264, 0, 1210368], [0.0, 2.999, 0, 1210368], [0.0, 3.631, 0, 1210368]]
echo 'race4fun' | sudo -S sh -c 'journalctl --since "2026-04-21 14:20:18.710614" --until "2026-04-21 14:21:35.791681" -k -o short-iso '| grep -i -E 'throttle|throttled|thermal|cpufreq|under-voltage|voltage'
