ALL SYNC
2026-04-21 12:04:26.075183 Sync done -> model run start
2026-04-21 12:04:26.075183 Sync done -> model run start
2026-04-21 12:04:26.075183 Sync done -> model run start
2026-04-21 12:04:26.116521 Sync done -> model run start
0 27.339 [6.361502442043275, 5.364406757056713, 5.988838230958208, 5.670124588999897, 3.953718406148255]
2 27.365 [6.582700513070449, 5.41844477201812, 5.845053141005337, 5.501095115905628, 4.0172056360170245]
3 26.962 [6.437972408020869, 5.361443753819913, 5.944592294050381, 5.567013947060332, 3.650903472909704]
1 28.582 [6.645061552058905, 5.8348789310548455, 6.185542123159394, 5.453437739983201, 4.4625164470635355]
2026-04-21 12:04:56.135478 Sync done -> model run start
2026-04-21 12:04:56.156920 Sync done -> model run start
2026-04-21 12:04:56.190670 Sync done -> model run start
2026-04-21 12:04:56.210043 Sync done -> model run start
3 27.626 [6.155943232122809, 5.655029986985028, 6.109268869040534, 5.850308104883879, 3.8549137769732624]
0 27.952 [6.158848214196041, 5.620043006027117, 6.126095436979085, 5.8673300868831575, 4.179542695870623]
1 28.08 [6.150565814925358, 5.619483425049111, 6.112730411812663, 6.131999829085544, 4.0645049889571965]
2 28.933 [6.330416006036103, 6.189083920093253, 6.462348975008354, 5.440264533041045, 4.511137146037072]
2026-04-21 12:05:26.594333 Sync done -> model run start
2026-04-21 12:05:26.600380 Sync done -> model run start
2026-04-21 12:05:26.640886 Sync done -> model run start
2026-04-21 12:05:26.665568 Sync done -> model run start
0 29.907 [6.317862688098103, 6.338615118060261, 6.347091056173667, 6.44282366707921, 4.460391765926033]
3 30.487 [6.315427912166342, 6.3311182339675725, 6.375290784984827, 7.0777926300652325, 4.387338342145085]
2 31.215 [6.482066512107849, 6.816240736981854, 6.773426927160472, 6.581193163059652, 4.56219975813292]
2026-04-21 12:05:59.326510 Sync done -> model run start
2026-04-21 12:05:59.343068 Sync done -> model run start
2026-04-21 12:05:59.399164 Sync done -> model run start
2026-04-21 12:05:59.416390 Sync done -> model run start
3 28.309 [6.273579768138006, 5.496607266133651, 6.2488329850602895, 6.049586815061048, 4.24002760509029]
1 28.426 [6.285467718029395, 5.430683905025944, 6.241303394082934, 6.222202568082139, 4.246122980024666]
0 28.468 [6.287814944051206, 5.471360487863421, 6.243530619889498, 6.231576469959691, 4.233434573980048]
2 29.163 [6.449710343033075, 6.045035332906991, 6.54988803085871, 5.816138816997409, 4.301882205996662]
2026-04-21 12:06:30.023634 Sync done -> model run start
2026-04-21 12:06:30.040061 Sync done -> model run start
2026-04-21 12:06:30.079221 Sync done -> model run start
2026-04-21 12:06:30.095091 Sync done -> model run start
0 26.892 [6.415166934020817, 6.406568100908771, 6.321275424910709, 4.305702486075461, 3.4425718509592116]
1 26.965 [6.457029541954398, 6.516756520140916, 6.294455293100327, 4.271096091950312, 3.4256904739886522]
3 27.19 [6.4786139680072665, 6.513459191890433, 6.29271467612125, 4.346947281854227, 3.5585252379532903]
2 27.324 [6.517747788922861, 6.921545790042728, 6.66685450496152, 3.8188197119161487, 3.3983739390969276]
2026-04-21 12:06:58.826511 Sync done -> model run start
2026-04-21 12:06:58.848290 Sync done -> model run start
2026-04-21 12:06:58.868565 Sync done -> model run start
2026-04-21 12:06:58.937557 Sync done -> model run start
0 28.449 [6.344793310156092, 6.263325728010386, 6.560582629870623, 5.128330022096634, 4.1519549819640815]
1 28.619 [6.309648691909388, 6.265837121056393, 6.571807520929724, 5.323032859014347, 4.14879056904465]
2 28.661 [6.3177238090429455, 6.265455612912774, 6.57271277718246, 5.353994736913592, 4.151055870112032]
3 29.25 [6.747174712829292, 6.845820605987683, 6.763699372066185, 4.667522764997557, 4.226051274919882]
2026-04-21 12:07:29.723020 Sync done -> model run start
2026-04-21 12:07:29.745464 Sync done -> model run start
2026-04-21 12:07:29.767236 Sync done -> model run start
2026-04-21 12:07:29.782928 Sync done -> model run start
3 28.941 [6.339174835942686, 4.296128707937896, 6.202756711980328, 6.7697551171295345, 5.332558189053088]
0 29.02 [6.3339269978459924, 4.2571384340990335, 6.226731020025909, 6.873811628902331, 5.327927171019837]
2 29.034 [6.3405023301020265, 4.266136877937242, 6.219931314932182, 6.879127279156819, 5.3282006059307605]
1 29.673 [6.506757387891412, 4.793141385074705, 6.562261627987027, 6.411401222925633, 5.39966508699581]
2026-04-21 12:08:00.941137 Sync done -> model run start
2026-04-21 12:08:01.005771 Sync done -> model run start
2026-04-21 12:08:01.027764 Sync done -> model run start
2026-04-21 12:08:01.035844 Sync done -> model run start
1 30.36 [6.262332675047219, 5.424432094208896, 6.205231393920258, 6.627439204836264, 5.839786408934742]
3 30.174 [6.223749950993806, 5.496943447040394, 6.130510415881872, 6.342719705076888, 5.979845336871222]
0 30.358 [6.281520649790764, 5.538217196939513, 6.103553780121729, 6.649570497917011, 5.785424288129434]
2 30.96 [6.413715141126886, 6.015342033933848, 6.451755613088608, 6.582757493015379, 5.495737568940967]
2026-04-21 12:08:33.418677 Sync done -> model run start
2026-04-21 12:08:33.450207 Sync done -> model run start
2026-04-21 12:08:33.462632 Sync done -> model run start
2026-04-21 12:08:33.476237 Sync done -> model run start
3 29.169 [6.204536470817402, 6.384855970041826, 6.150960019091144, 6.097924039931968, 4.330625928938389]
0 29.267 [6.20814124494791, 6.357278765877709, 6.157486914889887, 6.211182733997703, 4.3325752939563245]
2 29.432 [6.1956010481808335, 6.352280874969438, 6.157608839916065, 6.400149478809908, 4.325564651051536]
1 29.96 [6.551461847033352, 6.709335359046236, 6.430507184937596, 6.343054085038602, 3.9258212179411203]
2026-04-21 12:09:04.899556 Sync done -> model run start
2026-04-21 12:09:04.899566 Sync done -> model run start
2026-04-21 12:09:04.947468 Sync done -> model run start
2026-04-21 12:09:04.984214 Sync done -> model run start
3 30.568 [6.266354322899133, 6.020352095132694, 6.2069873390719295, 6.623773480998352, 5.4507117019966245]
1 30.643 [6.2788254579063505, 6.002548072021455, 6.282337368931621, 6.6122522368095815, 5.466368497116491]
0 30.656 [6.277392913820222, 6.00354478508234, 6.251917370129377, 6.651928388047963, 5.470660557970405]
2 31.374 [6.506538303103298, 6.641437086043879, 6.530757181113586, 6.969919919036329, 4.724745637970045]
2026-04-21 12:09:36.464027 Sync done -> model run start
net_times: [[22.917, 0.0, 1210368, 0], [0.003, 0.0, 1210368, 0], [0.003, 0.0, 1210368, 0], [0.002, 0.0, 1210368, 0], [0.002, 0.0, 1210368, 0], [0.002, 0.0, 1210368, 0], [0.003, 0.0, 1210368, 0], [0.003, 0.0, 1210368, 0], [0.002, 0.0, 1210368, 0], [0.002, 0.0, 1210368, 0]]
echo 'race4fun' | sudo -S sh -c 'journalctl --since "2026-04-21 12:04:00.084027" --until "2026-04-21 12:09:36.464027" -k -o short-iso '| grep -i -E 'throttle|throttled|thermal|cpufreq|under-voltage|voltage'
