ALL SYNC
2026-04-21 12:10:57.785870 Sync done -> model run start
2026-04-21 12:10:57.785869 Sync done -> model run start
2026-04-21 12:10:57.786061 Sync done -> model run start
2026-04-21 12:10:57.786070 Sync done -> model run start
0 0.037 [0.027732301969081163, 0.0023204039316624403, 0.002091915812343359, 0.0020318650640547276, 0.0021510301157832146]
3 0.038 [0.02814292488619685, 0.0022169160656630993, 0.003311492968350649, 0.0022978009656071663, 0.0017604068852961063]
1 0.037 [0.028170738136395812, 0.002216343069449067, 0.0021918639540672302, 0.002031707903370261, 0.0021504578180611134]
2 0.037 [0.028171258978545666, 0.0022168110590428114, 0.0026004549581557512, 0.0021581139881163836, 0.0018912921659648418]
2026-04-21 12:11:11.474520 Sync done -> model run start
2026-04-21 12:11:11.496986 Sync done -> model run start
2026-04-21 12:11:11.503202 Sync done -> model run start
2026-04-21 12:11:11.526915 Sync done -> model run start
0 0.012 [0.0054811169393360615, 0.0016783250030130148, 0.0016908240504562855, 0.0016515541356056929, 0.0017058239318430424]
2 0.011 [0.0051210669334977865, 0.0014338991604745388, 0.0015283250249922276, 0.0013758779969066381, 0.0013962429948151112]
1 0.011 [0.0052978890016674995, 0.0016247828025370836, 0.0015000440180301666, 0.0012655658647418022, 0.0011095767840743065]
2026-04-21 12:11:27.253551 Sync done -> model run start
2026-04-21 12:11:27.262668 Sync done -> model run start
2026-04-21 12:11:27.277846 Sync done -> model run start
2026-04-21 12:11:27.285784 Sync done -> model run start
0 0.014 [0.00600585388019681, 0.002177540911361575, 0.0020536871161311865, 0.0017951990012079477, 0.0017497299704700708]
1 0.016 [0.007297618081793189, 0.0024388418532907963, 0.0014553051441907883, 0.0015884819440543652, 0.0025533197913318872]
2 0.011 [0.00590715603902936, 0.001371920108795166, 0.001215307042002678, 0.0012564519420266151, 0.0013405662029981613]
3 0.009 [0.00470549613237381, 0.0014373878948390484, 0.0012539001181721687, 0.0010121820960193872, 0.000791402067989111]
2026-04-21 12:11:43.106977 Sync done -> model run start
2026-04-21 12:11:43.115941 Sync done -> model run start
2026-04-21 12:11:43.124245 Sync done -> model run start
2026-04-21 12:11:43.134885 Sync done -> model run start
1 0.015 [0.007644126890227199, 0.0019011350814253092, 0.0017232729587703943, 0.0018080640584230423, 0.0016867101658135653]
0 0.015 [0.006592673948034644, 0.0016960320062935352, 0.0017948339227586985, 0.0018806159496307373, 0.0024100400041788816]
2 0.013 [0.0062039250042289495, 0.0016945749521255493, 0.0018739488441497087, 0.0014208781067281961, 0.0012904622126370668]
3 0.008 [0.004526070086285472, 0.0011581708677113056, 0.0010097872000187635, 0.0008059851825237274, 0.0007325999904423952]
2026-04-21 12:11:57.915291 Sync done -> model run start
2026-04-21 12:11:57.918390 Sync done -> model run start
2026-04-21 12:11:57.944453 Sync done -> model run start
2026-04-21 12:11:57.945177 Sync done -> model run start
1 0.014 [0.005794395925477147, 0.0018166049849241972, 0.0016379079315811396, 0.001569210784509778, 0.00343107501976192]
3 0.009 [0.00429279007948935, 0.00127343088388443, 0.0010275470558553934, 0.0009049950167536736, 0.001164211891591549]
2026-04-21 12:12:12.724047 Sync done -> model run start
2026-04-21 12:12:12.729871 Sync done -> model run start
2026-04-21 12:12:12.743326 Sync done -> model run start
2026-04-21 12:12:12.750297 Sync done -> model run start
0 0.012 [0.005167525028809905, 0.002142540877684951, 0.0017346781678497791, 0.001541814999654889, 0.0016157198697328568]
1 0.014 [0.006228978047147393, 0.0017460319213569164, 0.002239883877336979, 0.002041448140516877, 0.001127963187173009]
3 0.007 [0.003466387977823615, 0.001173222903162241, 0.0008206730708479881, 0.0007464028894901276, 0.0007870269473642111]
2026-04-21 12:12:28.150036 Sync done -> model run start
2026-04-21 12:12:28.159445 Sync done -> model run start
2026-04-21 12:12:28.170220 Sync done -> model run start
2026-04-21 12:12:28.177065 Sync done -> model run start
1 0.014 [0.006737463874742389, 0.0018887920305132866, 0.0018786359578371048, 0.0015090538654476404, 0.0015183249488472939]
0 0.015 [0.007363918935880065, 0.0017507721204310656, 0.0018487400375306606, 0.0018617610912770033, 0.002295195823535323]
2 0.01 [0.0048008079174906015, 0.0014133770018815994, 0.0010997329372912645, 0.001061660936102271, 0.0010862958151847124]
2026-04-21 12:12:43.324212 Sync done -> model run start
2026-04-21 12:12:43.330709 Sync done -> model run start
2026-04-21 12:12:43.341176 Sync done -> model run start
2026-04-21 12:12:43.351995 Sync done -> model run start
0 0.016 [0.007092044921591878, 0.0020745210349559784, 0.0018903028685599566, 0.0025113411247730255, 0.002307488117367029]
1 0.016 [0.007694595027714968, 0.0023262901231646538, 0.0017855120822787285, 0.0023511331528425217, 0.0018145220819860697]
2 0.014 [0.006726786959916353, 0.0030047758482396603, 0.001221243990585208, 0.0013629100285470486, 0.0012934829574078321]
3 0.01 [0.004596954910084605, 0.0014747309032827616, 0.0011107760947197676, 0.0010408279486000538, 0.0011065569706261158]
2026-04-21 12:12:57.581659 Sync done -> model run start
2026-04-21 12:12:57.589142 Sync done -> model run start
2026-04-21 12:12:57.596624 Sync done -> model run start
2026-04-21 12:12:57.598891 Sync done -> model run start
2 0.013 [0.00662215193733573, 0.0018498338758945465, 0.0015399400144815445, 0.0015674910973757505, 0.0013249400071799755]
3 0.009 [0.00458883005194366, 0.0015212418511509895, 0.000993432942777872, 0.0008560370188206434, 0.0009231721051037312]
0 0.021 [0.008328966097906232, 0.003760189050808549, 0.002808630932122469, 0.002762380987405777, 0.0027149859815835953]
1 0.014 [0.006427987013012171, 0.001930302008986473, 0.0018147299997508526, 0.002091603819280863, 0.0018075939733535051]
2026-04-21 12:13:13.730692 Sync done -> model run start
2026-04-21 12:13:13.738157 Sync done -> model run start
2026-04-21 12:13:13.746021 Sync done -> model run start
2026-04-21 12:13:13.757254 Sync done -> model run start
0 0.016 [0.006780900992453098, 0.0019742080476135015, 0.0023059770464897156, 0.00264508998952806, 0.0016538449563086033]
1 0.016 [0.008051883894950151, 0.0019919169135391712, 0.002188008977100253, 0.0016179599333554506, 0.0018063450697809458]
2 0.017 [0.007581157144159079, 0.001893531996756792, 0.0032302429899573326, 0.0016475950833410025, 0.0018860320560634136]
3 0.011 [0.005828771041706204, 0.001533272909000516, 0.0014200969599187374, 0.0011159318964928389, 0.001034995075315237]
2026-04-21 12:13:13.842285 Sync done -> model run start
net_times: [[53.059, 0.0, 605184, 0], [13.47, 0.0, 605184, 0], [15.532, 0.0, 605184, 0], [15.623, 0.0, 605184, 0], [14.591, 0.0, 605184, 0], [14.575, 0.0, 605184, 0], [15.203, 0.0, 605184, 0], [14.951, 0.0, 605184, 0], [14.015, 0.0, 605184, 0], [15.924, 0.0, 605184, 0]]
echo 'race4fun' | sudo -S sh -c 'journalctl --since "2026-04-21 12:10:04.250989" --until "2026-04-21 12:13:13.842285" -k -o short-iso '| grep -i -E 'throttle|throttled|thermal|cpufreq|under-voltage|voltage'
