ALL SYNC
2026-04-21 12:10:36.082213 Sync done -> model run start
2026-04-21 12:10:36.082210 Sync done -> model run start
2026-04-21 12:10:36.082215 Sync done -> model run start
2026-04-21 12:10:36.116116 Sync done -> model run start
1 11.857 [2.447515422012657, 2.370429655071348, 2.3036860791034997, 2.309933504788205, 2.42484322283417]
0 11.95 [2.450901082949713, 2.3812584581319243, 2.314006758853793, 2.3185515359509736, 2.4850654350593686]
2 12.128 [2.439075982896611, 2.37472265586257, 2.3030979570467025, 2.309575955150649, 2.7018313750158995]
3 12.329 [2.519419452175498, 2.470927975140512, 2.3964197491295636, 2.409473445964977, 2.5329035411123186]
2026-04-21 12:10:51.542019 Sync done -> model run start
2026-04-21 12:10:51.582183 Sync done -> model run start
2026-04-21 12:10:51.596212 Sync done -> model run start
2026-04-21 12:10:51.624975 Sync done -> model run start
0 11.532 [2.329486201982945, 2.3209686470218003, 2.2926066550426185, 2.2852351360488683, 2.303873128024861]
3 11.571 [2.331364318029955, 2.32819887297228, 2.2939674300141633, 2.2884522029198706, 2.3291910279076546]
2 11.637 [2.3251051290426403, 2.3196841741446406, 2.288504487136379, 2.288244548952207, 2.415601189015433]
1 11.973 [2.417562395799905, 2.403442212147638, 2.380675454158336, 2.363352628890425, 2.407594248885289]
2026-04-21 12:11:06.691374 Sync done -> model run start
2026-04-21 12:11:06.723149 Sync done -> model run start
2026-04-21 12:11:06.745515 Sync done -> model run start
2026-04-21 12:11:06.755819 Sync done -> model run start
0 11.482 [2.323465449968353, 2.3239261861890554, 2.284479350084439, 2.28110229014419, 2.268395691877231]
1 11.497 [2.321811969159171, 2.3285984029062092, 2.280919003067538, 2.283757746918127, 2.281359640881419]
3 11.566 [2.3269913201220334, 2.333631504094228, 2.280800617998466, 2.285752112045884, 2.338398537132889]
2026-04-21 12:11:21.882842 Sync done -> model run start
2026-04-21 12:11:21.889767 Sync done -> model run start
2026-04-21 12:11:21.939748 Sync done -> model run start
2026-04-21 12:11:21.942659 Sync done -> model run start
1 11.748 [2.3801089848857373, 2.37009966513142, 2.305504458025098, 2.318970183143392, 2.3733375379815698]
3 11.849 [2.3843695370014757, 2.365728643955663, 2.3029713449068367, 2.3180123758502305, 2.477846419904381]
0 11.714 [2.373423547949642, 2.3648988041095436, 2.308691943064332, 2.317038212902844, 2.3496139000635594]
2 12.172 [2.4994285758584738, 2.461663816124201, 2.3926662858575583, 2.4006707358639687, 2.4169712921138853]
2026-04-21 12:11:37.247518 Sync done -> model run start
2026-04-21 12:11:37.256765 Sync done -> model run start
2026-04-21 12:11:37.287535 Sync done -> model run start
2026-04-21 12:11:37.302757 Sync done -> model run start
1 11.792 [2.3688496111426502, 2.378675145097077, 2.3362253541126847, 2.3427188710775226, 2.3652660120278597]
0 11.905 [2.377937745070085, 2.3786820718087256, 2.3360921239946038, 2.3428473088424653, 2.469394793966785]
3 11.797 [2.375336976023391, 2.3823930451180786, 2.3325453707948327, 2.3444540719501674, 2.361602123826742]
2 12.252 [2.475480671040714, 2.4623773039784282, 2.4215914621017873, 2.4230470361653715, 2.4697842730674893]
2026-04-21 12:11:52.686794 Sync done -> model run start
2026-04-21 12:11:52.688903 Sync done -> model run start
2026-04-21 12:11:52.743989 Sync done -> model run start
2026-04-21 12:11:52.771903 Sync done -> model run start
1 11.548 [2.3647969719022512, 2.3272227288689464, 2.2839189290534705, 2.277379591949284, 2.2945168619044125]
0 11.584 [2.3710752241313457, 2.3360408649314195, 2.29948109597899, 2.281480769859627, 2.295581856975332]
3 11.709 [2.369345128070563, 2.3270942920353264, 2.2907836879603565, 2.283334875945002, 2.4386665001511574]
2 12.011 [2.4601974098477513, 2.41054520313628, 2.385264183860272, 2.3693782771006227, 2.3857013331726193]
2026-04-21 12:12:07.919451 Sync done -> model run start
2026-04-21 12:12:07.919455 Sync done -> model run start
2026-04-21 12:12:07.947206 Sync done -> model run start
2026-04-21 12:12:07.964259 Sync done -> model run start
0 11.857 [2.390096173156053, 2.384901412995532, 2.343521664850414, 2.3465297848451883, 2.3919433809351176]
1 11.901 [2.390095809008926, 2.3849020909983665, 2.343521666014567, 2.3465296800713986, 2.435395209817216]
3 11.97 [2.402290595928207, 2.3908744060900062, 2.340816000942141, 2.349653051001951, 2.485777318943292]
2 12.368 [2.511375242145732, 2.5016110769938678, 2.429587566992268, 2.4625777858309448, 2.4626661790534854]
2026-04-21 12:12:23.460329 Sync done -> model run start
2026-04-21 12:12:23.479829 Sync done -> model run start
2026-04-21 12:12:23.480258 Sync done -> model run start
2026-04-21 12:12:23.510279 Sync done -> model run start
1 11.519 [2.339588122908026, 2.3246260120067745, 2.2668003500439227, 2.270019873045385, 2.3173061187844723]
2 11.537 [2.3324566460214555, 2.322578781982884, 2.275416404940188, 2.2764278640970588, 2.330214391928166]
3 11.661 [2.3390127609018236, 2.328572347993031, 2.2761794219259173, 2.2677620709873736, 2.448932799976319]
0 11.971 [2.4265004280023277, 2.4188875008840114, 2.357766177970916, 2.35806925711222, 2.4091441319324076]
2026-04-21 12:12:38.584838 Sync done -> model run start
2026-04-21 12:12:38.598494 Sync done -> model run start
2026-04-21 12:12:38.603638 Sync done -> model run start
2026-04-21 12:12:38.664534 Sync done -> model run start
0 11.668 [2.3825488542206585, 2.3224881500937045, 2.2791651799343526, 2.3149275220930576, 2.3682096779812127]
2 11.686 [2.389004762051627, 2.3335591410286725, 2.2798721559811383, 2.316489129094407, 2.367130098864436]
1 11.789 [2.378674185136333, 2.3317835240159184, 2.287547277053818, 2.3210772320162505, 2.469768531853333]
3 12.093 [2.4824916729703546, 2.4071310400031507, 2.3790424270555377, 2.390708161983639, 2.433913751039654]
2026-04-21 12:12:53.906304 Sync done -> model run start
2026-04-21 12:12:53.937383 Sync done -> model run start
2026-04-21 12:12:53.937383 Sync done -> model run start
2026-04-21 12:12:53.937929 Sync done -> model run start
0 11.546 [2.356095792958513, 2.314116461900994, 2.2815250030253083, 2.3079539500176907, 2.2861008800100535]
3 11.563 [2.352339715929702, 2.3237675630953163, 2.294066820992157, 2.302236424991861, 2.290036539081484]
2 11.62 [2.3932641621213406, 2.349819316994399, 2.2840437421109527, 2.295186144998297, 2.2974309329874814]
1 11.96 [2.442782995989546, 2.4145600090269, 2.3862501468975097, 2.379421694902703, 2.336681220913306]
2026-04-21 12:13:08.035242 Sync done -> model run start
net_times: [[29.83, 2.096, 1210368, 1210368], [0.002, 2.089, 1210368, 1210368], [0.002, 2.103, 1210368, 1210368], [0.002, 2.081, 1210368, 1210368], [0.002, 2.101, 1210368, 1210368], [0.002, 2.075, 1210368, 1210368], [0.002, 2.083, 1210368, 1210368], [0.002, 2.08, 1210368, 1210368], [0.002, 2.091, 1210368, 1210368], [0.002, 2.017, 1210368, 1210368]]
echo 'race4fun' | sudo -S sh -c 'journalctl --since "2026-04-21 12:10:04.246185" --until "2026-04-21 12:13:08.035242" -k -o short-iso '| grep -i -E 'throttle|throttled|thermal|cpufreq|under-voltage|voltage'
