ALL SYNC
2026-04-21 12:10:05.009129 Sync done -> model run start
2026-04-21 12:10:05.009129 Sync done -> model run start
2026-04-21 12:10:05.009134 Sync done -> model run start
2026-04-21 12:10:05.044455 Sync done -> model run start
1 11.231 [2.878213786985725, 2.3582633370533586, 2.009822092950344, 2.002301507163793, 1.982277570059523]
3 11.35 [2.8223752970807254, 2.549282633000985, 1.9999103178270161, 1.9925271798856556, 1.9855060239788145]
2 11.502 [3.075431451899931, 2.2224141887854785, 2.2276515341363847, 1.9924737918190658, 1.9837586160283536]
0 11.663 [2.8133900379762053, 2.5836533450055867, 2.171216062968597, 2.054464970016852, 2.0395442380104214]
2026-04-21 12:10:19.674967 Sync done -> model run start
2026-04-21 12:10:19.674967 Sync done -> model run start
2026-04-21 12:10:19.696847 Sync done -> model run start
2026-04-21 12:10:19.746624 Sync done -> model run start
1 10.322 [2.0862634479999542, 2.090495944954455, 2.0427112309262156, 2.0547927839215845, 2.047203656984493]
0 10.322 [2.0862638119142503, 2.090495476964861, 2.0427112311590463, 2.0547592430375516, 2.0472317298408598]
2 10.349 [2.103556771064177, 2.0863427449949086, 2.042270290898159, 2.0538133000954986, 2.0630424399860203]
3 10.655 [2.152912407880649, 2.1534724361263216, 2.151083958800882, 2.132865082938224, 2.0640880670398474]
2026-04-21 12:10:34.994007 Sync done -> model run start
2026-04-21 12:10:34.994007 Sync done -> model run start
2026-04-21 12:10:35.013540 Sync done -> model run start
2026-04-21 12:10:35.019407 Sync done -> model run start
0 11.303 [2.092799084028229, 2.089970763074234, 2.053384396014735, 3.0503951660357416, 2.01585647999309]
1 11.478 [2.0927971571218222, 2.0899711279198527, 2.0533845510799438, 3.079000320052728, 2.1627350819762796]
3 11.537 [2.1065777000039816, 2.086418659891933, 2.0536286148708314, 3.1739631749223918, 2.1167030099313706]
2 11.609 [2.196253291098401, 2.175272055901587, 2.209645602153614, 3.0006897361017764, 2.026747940806672]
2026-04-21 12:10:51.566587 Sync done -> model run start
2026-04-21 12:10:51.566818 Sync done -> model run start
2026-04-21 12:10:51.567384 Sync done -> model run start
2026-04-21 12:10:51.638898 Sync done -> model run start
1 12.362 [3.1850981099996716, 2.023784741992131, 2.0082900018896908, 2.0052732981275767, 3.139214951079339]
2 12.475 [3.249639651970938, 2.0222415558528155, 2.0714115870650858, 1.9921572899911553, 3.1394610442221165]
3 12.652 [3.2631984730251133, 2.0658030891790986, 2.140252316137776, 2.139682861045003, 3.0432704780250788]
0 12.437 [3.208704954944551, 2.030732330866158, 2.1090704328380525, 1.9993636819999665, 3.0892429139930755]
2026-04-21 12:11:07.119912 Sync done -> model run start
2026-04-21 12:11:07.145352 Sync done -> model run start
2026-04-21 12:11:07.145352 Sync done -> model run start
2026-04-21 12:11:07.211696 Sync done -> model run start
2 10.135 [2.114856026135385, 2.039508784888312, 1.988472871016711, 1.9946667889598757, 1.997382459929213]
1 10.167 [2.1146024828776717, 2.0574667442124337, 1.997571876971051, 2.0002369738649577, 1.9969429259654135]
3 10.45 [2.1952020721510053, 2.0893209711648524, 2.094756393926218, 2.065940752159804, 2.0049967139493674]
2026-04-21 12:11:21.811634 Sync done -> model run start
2026-04-21 12:11:21.825239 Sync done -> model run start
2026-04-21 12:11:21.830558 Sync done -> model run start
2026-04-21 12:11:21.845923 Sync done -> model run start
1 12.124 [2.063839820912108, 2.9443927370011806, 2.024682171875611, 3.1073428778909147, 1.9835639400407672]
2 12.141 [2.0744575320277363, 2.9274837428238243, 2.0201820959337056, 3.1125609250739217, 2.0057987419422716]
0 12.493 [2.1611218359321356, 2.9892110920045525, 2.141710533061996, 3.147564328974113, 2.0532988260965794]
3 12.298 [2.069118025014177, 3.0894983829930425, 2.009770998964086, 3.1331689450889826, 1.9962367119733244]
2026-04-21 12:11:37.262023 Sync done -> model run start
2026-04-21 12:11:37.266156 Sync done -> model run start
2026-04-21 12:11:37.276758 Sync done -> model run start
2026-04-21 12:11:37.289982 Sync done -> model run start
0 11.247 [2.0852951360866427, 2.088037681998685, 2.0521449770312756, 3.0428742528893054, 1.9780993959866464]
2 11.301 [2.091175323119387, 2.087019238155335, 2.051401016069576, 3.0783681320026517, 1.9931374930310994]
1 11.671 [2.1758253898005933, 2.1758363051339984, 2.1628351740073413, 3.0797037589363754, 2.075989732053131]
3 11.373 [2.0965282139368355, 2.0870583010837436, 2.0516235679388046, 3.1206969919148833, 2.017433188157156]
2026-04-21 12:11:52.680727 Sync done -> model run start
2026-04-21 12:11:52.687579 Sync done -> model run start
2026-04-21 12:11:52.698870 Sync done -> model run start
2026-04-21 12:11:52.716725 Sync done -> model run start
0 11.963 [2.156126796035096, 3.0168785941787064, 1.9884943410288543, 2.7988828499801457, 2.002094417111948]
1 12.053 [2.1495289499871433, 3.1315720861312, 1.9887576228938997, 2.7874716978985816, 1.9952438611071557]
3 12.326 [2.359628391917795, 2.990436529973522, 2.077112178085372, 2.8705785691272467, 2.028530847048387]
2026-04-21 12:12:07.917459 Sync done -> model run start
2026-04-21 12:12:07.936762 Sync done -> model run start
2026-04-21 12:12:07.947753 Sync done -> model run start
2026-04-21 12:12:07.972836 Sync done -> model run start
2 11.898 [2.697686929954216, 2.393277215072885, 2.035264848964289, 2.041577517054975, 2.729578797938302]
3 11.898 [2.695008427836001, 2.4249524760525674, 1.9955943920649588, 2.0413872560020536, 2.7410290099214762]
1 12.11 [2.893056283937767, 2.2738846950232983, 2.153729962883517, 2.0864687780849636, 2.7031505920458585]
0 12.293 [2.7159044691361487, 2.47871175291948, 2.0869635408744216, 2.0985227439086884, 2.912639694986865]
2026-04-21 12:12:23.460399 Sync done -> model run start
2026-04-21 12:12:23.481054 Sync done -> model run start
2026-04-21 12:12:23.498695 Sync done -> model run start
2026-04-21 12:12:23.508706 Sync done -> model run start
0 10.013 [2.023839436005801, 2.0258194271009415, 1.9950829059816897, 1.9989400419872254, 1.9692636819090694]
3 10.058 [2.028211332857609, 2.031755080912262, 2.010405063163489, 2.000544789014384, 1.9868580379988998]
1 10.38 [2.1047071230132133, 2.110357339028269, 2.09753298596479, 2.035212299088016, 2.032200755085796]
2 10.035 [2.0251567338127643, 2.031411277130246, 1.9996094380039722, 1.9985343620646745, 1.9798432129900903]
2026-04-21 12:12:37.748874 Sync done -> model run start
net_times: [[0.0, 2.09, 0, 1210368], [0.0, 3.636, 0, 1210368], [0.0, 4.034, 0, 1210368], [0.0, 1.928, 0, 1210368], [0.0, 3.245, 0, 1210368], [0.0, 1.994, 0, 1210368], [0.0, 2.827, 0, 1210368], [0.0, 1.968, 0, 1210368], [0.0, 2.317, 0, 1210368], [0.0, 3.752, 0, 1210368]]
echo 'race4fun' | sudo -S sh -c 'journalctl --since "2026-04-21 12:10:03.236783" --until "2026-04-21 12:12:37.748874" -k -o short-iso '| grep -i -E 'throttle|throttled|thermal|cpufreq|under-voltage|voltage'
