ALL SYNC
2026-04-21 12:04:01.854810 Sync done -> model run start
2026-04-21 12:04:01.854810 Sync done -> model run start
2026-04-21 12:04:01.864495 Sync done -> model run start
2026-04-21 12:04:01.889323 Sync done -> model run start
3 18.482 [4.589570550015196, 3.5129944551736116, 3.4542458339128643, 3.4700808830093592, 3.4547276948578656]
1 18.5 [4.60152351600118, 3.509538591140881, 3.4555404267739505, 3.468819882022217, 3.464590693823993]
2 18.577 [4.673806125065312, 3.508069358067587, 3.461890948936343, 3.4615716410335153, 3.4715497619472444]
0 18.971 [4.5819105370901525, 3.6592659258749336, 3.5993031680118293, 3.60409581894055, 3.525979691185057]
2026-04-21 12:04:24.390126 Sync done -> model run start
2026-04-21 12:04:24.403918 Sync done -> model run start
2026-04-21 12:04:24.404601 Sync done -> model run start
2026-04-21 12:04:24.485987 Sync done -> model run start
0 19.698 [4.695215963991359, 3.5543674738146365, 3.4564826630521566, 3.4526867140084505, 4.538723041070625]
1 19.915 [4.747542600845918, 3.5754954079166055, 3.4746228100266308, 3.4570254450663924, 4.659985231002793]
2 19.929 [4.763787371804938, 3.6431414948310703, 3.456867919070646, 3.457408830989152, 4.607962507987395]
3 20.393 [4.856984662124887, 3.696464956039563, 3.577745373127982, 3.588676415849477, 4.672212595120072]
2026-04-21 12:04:56.222029 Sync done -> model run start
2026-04-21 12:04:56.222575 Sync done -> model run start
2026-04-21 12:04:56.246343 Sync done -> model run start
2026-04-21 12:04:56.271273 Sync done -> model run start
1 18.925 [3.6113327560015023, 3.5987147020641714, 3.584133513038978, 3.571218220051378, 4.559450180036947]
0 18.959 [3.6102774869650602, 3.6008341470733285, 3.582210527965799, 3.5715600450057536, 4.594174933852628]
3 19.034 [3.609916754066944, 3.61545316898264, 3.58045046008192, 3.571508221095428, 4.656820478849113]
2 19.559 [3.732541545992717, 3.7594994239043444, 3.724491287022829, 4.148071017116308, 4.193759741028771]
2026-04-21 12:05:26.654425 Sync done -> model run start
2026-04-21 12:05:26.670341 Sync done -> model run start
2026-04-21 12:05:26.672718 Sync done -> model run start
2026-04-21 12:05:26.722200 Sync done -> model run start
0 19.613 [4.562274554045871, 3.593537715030834, 3.472141080070287, 3.8629403000231832, 4.12154342001304]
1 19.728 [4.531407283851877, 3.5999936510343105, 3.4790066559799016, 4.018395758932456, 4.099414861062542]
2 19.803 [4.653559740167111, 3.6193799420725554, 3.4579561229329556, 4.036713759182021, 4.035325357923284]
3 20.217 [4.769519123015925, 3.667238637804985, 3.6090743590611964, 4.608137789182365, 3.562887883046642]
2026-04-21 12:05:59.402951 Sync done -> model run start
2026-04-21 12:05:59.403391 Sync done -> model run start
2026-04-21 12:05:59.437323 Sync done -> model run start
2026-04-21 12:05:59.453416 Sync done -> model run start
3 18.853 [3.621758238878101, 3.6310213070828468, 3.5305924750864506, 3.477014883188531, 4.592565411934629]
0 19.078 [3.6164103359915316, 3.620939618907869, 3.535771213937551, 3.487505169119686, 4.817205592989922]
2 18.826 [3.616092833923176, 3.619142470182851, 3.5295376260764897, 3.47108010109514, 4.590086698997766]
1 20.108 [3.7717079459689558, 3.750247964868322, 3.6427703220397234, 3.6125949260313064, 5.330652745207772]
2026-04-21 12:06:30.092891 Sync done -> model run start
2026-04-21 12:06:30.106315 Sync done -> model run start
2026-04-21 12:06:30.120499 Sync done -> model run start
2026-04-21 12:06:30.151790 Sync done -> model run start
0 19.409 [3.5151074421592057, 3.5320635470561683, 3.4718470191583037, 3.469892942113802, 5.419676373945549]
3 19.452 [3.5338473671581596, 3.5476453229784966, 3.4866823309566826, 3.4786548770498484, 5.405092675006017]
2 19.588 [3.5295145239215344, 3.534604293992743, 3.4784492009785026, 3.472158582182601, 5.572928801877424]
1 19.992 [3.6561813140287995, 3.6814336138777435, 3.6080028188880533, 3.612913310993463, 5.432891334174201]
2026-04-21 12:06:58.873566 Sync done -> model run start
2026-04-21 12:06:58.873566 Sync done -> model run start
2026-04-21 12:06:58.887432 Sync done -> model run start
2026-04-21 12:06:58.966088 Sync done -> model run start
2 20.348 [3.636143700219691, 3.642791604856029, 3.581178884021938, 5.273328525945544, 4.214796399930492]
0 20.435 [3.6087813768535852, 3.62433913606219, 3.569879641989246, 5.320427808910608, 4.311265803873539]
1 20.556 [3.608781846007332, 3.622951209079474, 3.571121212095022, 5.440106434049085, 4.312759977066889]
3 20.724 [3.771279369946569, 3.751970525132492, 3.960082821082324, 5.043501203879714, 4.196555272210389]
2026-04-21 12:07:29.741413 Sync done -> model run start
2026-04-21 12:07:29.741597 Sync done -> model run start
2026-04-21 12:07:29.769677 Sync done -> model run start
2026-04-21 12:07:29.785292 Sync done -> model run start
2 18.549 [3.6216986749786884, 4.1055467238184065, 3.8505642858799547, 3.4969847679603845, 3.474081761902198]
0 18.627 [3.6211710679344833, 4.241967783076689, 3.7861295340117067, 3.4953283488284796, 3.4823983770329505]
1 19.192 [3.7738310920540243, 4.617074425099418, 3.619444252923131, 3.6353043070994318, 3.545882059028372]
3 18.732 [3.632622705074027, 4.285755414981395, 3.8576683888677508, 3.4900737788993865, 3.466035140911117]
2026-04-21 12:08:00.999771 Sync done -> model run start
2026-04-21 12:08:00.999961 Sync done -> model run start
2026-04-21 12:08:01.019621 Sync done -> model run start
2026-04-21 12:08:01.071197 Sync done -> model run start
0 18.816 [3.6314738020300865, 4.696783523075283, 3.484346967888996, 3.5084237488918006, 3.495132430223748]
3 18.879 [3.653835976962, 4.705875662853941, 3.4930769689381123, 3.511281525949016, 3.514294423861429]
1 19.03 [3.6314680729992688, 4.792362673906609, 3.611092561855912, 3.5052544521167874, 3.4892193670384586]
2 19.399 [3.7816499199252576, 4.844409820158035, 3.611459431005642, 3.624486711109057, 3.537112000863999]
2026-04-21 12:08:33.498778 Sync done -> model run start
2026-04-21 12:08:33.498778 Sync done -> model run start
2026-04-21 12:08:33.508083 Sync done -> model run start
2026-04-21 12:08:33.523629 Sync done -> model run start
2 20.593 [4.6561764110811055, 4.371700240997598, 3.5003095229621977, 3.4888602520804852, 4.576046712929383]
0 20.726 [4.69085172819905, 4.340098743792623, 3.568343689199537, 3.493943511042744, 4.632503823144361]
1 20.744 [4.9114886610768735, 4.202530913054943, 3.585613426985219, 3.4854740819428116, 4.556411325931549]
3 21.303 [4.958610618952662, 4.362309966003522, 3.6707355559337884, 3.617414358071983, 4.6938923539128155]
2026-04-21 12:09:03.612548 Sync done -> model run start
net_times: [[0.0, 2.097, 0, 1210368], [0.0, 9.85, 0, 1210368], [0.0, 9.358, 0, 1210368], [0.0, 10.962, 0, 1210368], [0.0, 9.042, 0, 1210368], [0.0, 7.268, 0, 1210368], [0.0, 8.549, 0, 1210368], [0.0, 10.523, 0, 1210368], [0.0, 11.535, 0, 1210368], [0.0, 8.656, 0, 1210368]]
echo 'race4fun' | sudo -S sh -c 'journalctl --since "2026-04-21 12:03:59.084720" --until "2026-04-21 12:09:03.612548" -k -o short-iso '| grep -i -E 'throttle|throttled|thermal|cpufreq|under-voltage|voltage'
