ALL SYNC
2026-04-21 12:10:51.503304 Sync done -> model run start
2026-04-21 12:10:51.503304 Sync done -> model run start
2026-04-21 12:10:51.503304 Sync done -> model run start
2026-04-21 12:10:51.503304 Sync done -> model run start
0 4.602 [1.2766487000044435, 0.7296379839535803, 0.5724669671617448, 1.05031355493702, 0.9727755680214614]
3 4.651 [1.3620546699967235, 0.6855778079479933, 0.5728086868766695, 1.0912815330084413, 0.9387572959531099]
1 4.667 [1.4098658461589366, 0.6596536198630929, 0.5739724398590624, 1.1226498500909656, 0.9007037009578198]
2 4.695 [1.2448130908887833, 0.7837617301847786, 0.5742915559094399, 1.1547207210678607, 0.9374160419683903]
2026-04-21 12:11:06.093593 Sync done -> model run start
2026-04-21 12:11:06.108463 Sync done -> model run start
2026-04-21 12:11:06.124081 Sync done -> model run start
2026-04-21 12:11:06.143155 Sync done -> model run start
0 3.938 [0.6025665521156043, 0.5880126040428877, 0.5748199101071805, 0.9988651920575649, 1.173276524990797]
1 3.949 [0.5984188849106431, 0.5882765110582113, 0.5777442920953035, 1.0178559701889753, 1.166427078889683]
2 3.999 [0.6003166500013322, 0.5901318278629333, 0.5794703389983624, 1.0351794008165598, 1.1933906897902489]
3 4.1 [0.6409526439383626, 0.5878707270603627, 0.6280069251079112, 1.2033354670275003, 1.0397825241088867]
2026-04-21 12:11:21.190094 Sync done -> model run start
2026-04-21 12:11:21.219693 Sync done -> model run start
2026-04-21 12:11:21.247414 Sync done -> model run start
2026-04-21 12:11:21.262689 Sync done -> model run start
1 4.654 [0.5972951939329505, 0.980635573156178, 0.9242921939585358, 0.9695118290837854, 1.1817134879529476]
3 4.696 [0.595577429048717, 1.0086656420025975, 0.8992324948776513, 1.063959144987166, 1.128218302037567]
0 4.778 [0.6057365690357983, 0.9607700549531728, 0.9460662591736764, 1.160890219034627, 1.1043149100150913]
2 4.778 [0.594513364136219, 1.0825486918911338, 0.8900790340267122, 1.1464190878905356, 1.0645490288734436]
2026-04-21 12:11:36.598762 Sync done -> model run start
2026-04-21 12:11:36.629025 Sync done -> model run start
2026-04-21 12:11:36.639976 Sync done -> model run start
2026-04-21 12:11:36.661784 Sync done -> model run start
3 4.899 [1.1076313480734825, 0.820742801995948, 0.8917307211086154, 1.0879775730427355, 0.9906065559480339]
0 5.12 [1.0290339249186218, 1.017925555119291, 0.9696368381846696, 1.0221625238191336, 1.080811345949769]
1 5.098 [1.0583755560219288, 0.8854040470905602, 0.9363171788863838, 1.1132977358065546, 1.1038680661004037]
2 5.09 [1.1651172109413892, 0.8441916578449309, 0.9694071500562131, 1.0195619449950755, 1.0915808510035276]
2026-04-21 12:11:52.068041 Sync done -> model run start
2026-04-21 12:11:52.087033 Sync done -> model run start
2026-04-21 12:11:52.099168 Sync done -> model run start
2026-04-21 12:11:52.118581 Sync done -> model run start
0 4.181 [0.6049484100658447, 0.585734095890075, 0.9536709350068122, 1.0701168039813638, 0.9666195390745997]
1 4.194 [0.5997530871536583, 0.5861240960657597, 0.972787955775857, 1.0516574929933995, 0.9839468679856509]
3 4.396 [0.6442163090687245, 0.5869959199335426, 1.1403162879869342, 0.9275390971451998, 1.096384503878653]
2 4.478 [0.6017814760562032, 0.5876294639892876, 1.01090069510974, 1.1181729489471763, 1.1595262030605227]
2026-04-21 12:12:07.289262 Sync done -> model run start
2026-04-21 12:12:07.319553 Sync done -> model run start
2026-04-21 12:12:07.344841 Sync done -> model run start
2026-04-21 12:12:07.378247 Sync done -> model run start
2 3.996 [0.590407355921343, 0.5846206210553646, 1.0137571168597788, 1.2356013059616089, 0.5712103189434856]
1 4.008 [0.6017063381150365, 0.5837759329006076, 0.9635171189438552, 1.265058710006997, 0.5941995850298554]
0 4.087 [0.6016232650727034, 0.5865359890740365, 0.9976867190562189, 1.3312374879606068, 0.5693760958965868]
3 4.127 [0.5932054871227592, 0.6313863929826766, 1.1320950638037175, 1.1858580780681223, 0.5846220110543072]
2026-04-21 12:12:22.824355 Sync done -> model run start
2026-04-21 12:12:22.845286 Sync done -> model run start
2026-04-21 12:12:22.857446 Sync done -> model run start
2026-04-21 12:12:22.876707 Sync done -> model run start
2 3.944 [0.5984646819997579, 0.5865528860595077, 0.6137247551232576, 1.0251116210129112, 1.1197144980542362]
1 3.911 [0.5980486387852579, 0.5860020518302917, 0.595095292897895, 0.9919182260055095, 1.139989067101851]
3 4.056 [0.6415765860583633, 0.5862455929163843, 0.6561905129346997, 1.1910855788737535, 0.9810929850209504]
0 4.022 [0.6028176590334624, 0.5862241871654987, 0.6012470750138164, 0.9874828530009836, 1.2435155641287565]
2026-04-21 12:12:37.948471 Sync done -> model run start
2026-04-21 12:12:37.950653 Sync done -> model run start
2026-04-21 12:12:37.976635 Sync done -> model run start
2026-04-21 12:12:38.017040 Sync done -> model run start
1 3.962 [0.6373524290975183, 0.5856047829147428, 1.0361073401290923, 1.1273906149435788, 0.5755152720957994]
2 3.98 [0.6375501370057464, 0.5866669199895114, 1.066257392987609, 1.1114797010086477, 0.578270121011883]
0 4.056 [0.6279424638487399, 0.5841448330320418, 1.0284896709490567, 1.2288549579679966, 0.586483467835933]
3 4.097 [0.6337148698512465, 0.6296983498614281, 1.2122120740823448, 1.0505240720231086, 0.5706413560546935]
2026-04-21 12:12:53.263360 Sync done -> model run start
2026-04-21 12:12:53.278015 Sync done -> model run start
2026-04-21 12:12:53.294350 Sync done -> model run start
2026-04-21 12:12:53.313359 Sync done -> model run start
0 2.909 [0.6023293701000512, 0.5863879350945354, 0.5718234300147742, 0.5743831170257181, 0.5740074368659407]
1 2.925 [0.5992801990360022, 0.586551371961832, 0.5765754170715809, 0.5776110391598195, 0.5852234971243888]
2 2.919 [0.5986803020350635, 0.5869065800216049, 0.5788620868697762, 0.5763137969188392, 0.5776912979781628]
3 3.035 [0.6419927680399269, 0.5850841291248798, 0.6254752350505441, 0.5743378561455756, 0.6079131681472063]
2026-04-21 12:13:08.296275 Sync done -> model run start
2026-04-21 12:13:08.301781 Sync done -> model run start
2026-04-21 12:13:08.324846 Sync done -> model run start
2026-04-21 12:13:08.365974 Sync done -> model run start
0 4.045 [0.61421087407507, 0.6267472950275987, 1.0165281859226525, 1.212921803118661, 0.5742478799074888]
2 4.044 [0.6093963359016925, 0.6232084350194782, 1.0396734289824963, 1.1920709901023656, 0.5792503349948674]
1 4.08 [0.6108600359875709, 0.6171173329930753, 1.0089985919184983, 1.2226319210603833, 0.6199332599062473]
3 4.134 [0.6158392089419067, 0.6862905090674758, 1.2337680929340422, 1.0386212279554456, 0.5595230129547417]
2026-04-21 12:13:13.644482 Sync done -> model run start
net_times: [[46.366, 1.051, 1210368, 605184], [8.425, 1.052, 1210368, 605184], [9.477, 1.052, 1210368, 605184], [9.109, 1.163, 1210368, 605184], [8.707, 1.138, 1210368, 605184], [9.11, 1.047, 1210368, 605184], [9.842, 1.045, 1210368, 605184], [9.549, 1.047, 1210368, 605184], [9.685, 1.042, 1210368, 605184], [10.513, 1.048, 1210368, 605184]]
echo 'race4fun' | sudo -S sh -c 'journalctl --since "2026-04-21 12:10:04.253881" --until "2026-04-21 12:13:13.644482" -k -o short-iso '| grep -i -E 'throttle|throttled|thermal|cpufreq|under-voltage|voltage'
