ALL SYNC
2026-04-21 11:25:31.536226 Sync done -> model run start
2026-04-21 11:25:31.536226 Sync done -> model run start
2026-04-21 11:25:31.536226 Sync done -> model run start
2026-04-21 11:25:31.536232 Sync done -> model run start
2 0.042 [0.03370552696287632, 0.001952956896275282, 0.001983894035220146, 0.0019609248265624046, 0.0018142079934477806]
3 0.042 [0.033705475041642785, 0.0019521759822964668, 0.002186913974583149, 0.0016304070595651865, 0.0019253010395914316]
0 0.043 [0.033726099878549576, 0.0019346240442246199, 0.0019467591773718596, 0.0021676949691027403, 0.003484145039692521]
1 0.042 [0.03370589204132557, 0.0019528008997440338, 0.002575244987383485, 0.0018583221826702356, 0.001934155123308301]
2026-04-21 11:25:35.494713 Sync done -> model run start
2026-04-21 11:25:35.494718 Sync done -> model run start
2026-04-21 11:25:35.496598 Sync done -> model run start
2026-04-21 11:25:35.499806 Sync done -> model run start
0 0.012 [0.005483768880367279, 0.001861603930592537, 0.0016882189083844423, 0.0016940520144999027, 0.0014667101204395294]
1 0.012 [0.005483716959133744, 0.00186436390504241, 0.0016882189083844423, 0.0016860829200595617, 0.0014680121093988419]
3 0.013 [0.006486001890152693, 0.0018433751538395882, 0.001835404895246029, 0.0013710330240428448, 0.0012479620054364204]
2 0.013 [0.006171889835968614, 0.002028790069743991, 0.0017629589419811964, 0.001396136824041605, 0.0015666568651795387]
2026-04-21 11:25:41.550895 Sync done -> model run start
2026-04-21 11:25:41.551098 Sync done -> model run start
2026-04-21 11:25:41.554901 Sync done -> model run start
2026-04-21 11:25:41.556064 Sync done -> model run start
0 0.012 [0.005522883962839842, 0.0018706659320741892, 0.0016771780792623758, 0.0016349381767213345, 0.0015504069160670042]
1 0.013 [0.005522676045075059, 0.001870353939011693, 0.001677697990089655, 0.0016341570299118757, 0.0015502511523663998]
2 0.013 [0.0065557940397411585, 0.0018087911885231733, 0.0015898349229246378, 0.0016566570848226547, 0.0011152529623359442]
3 0.012 [0.006225535878911614, 0.0019059779588133097, 0.0017923330888152122, 0.001395511906594038, 0.0009339530952274799]
2026-04-21 11:25:47.525266 Sync done -> model run start
2026-04-21 11:25:47.525614 Sync done -> model run start
2026-04-21 11:25:47.530434 Sync done -> model run start
2026-04-21 11:25:47.531891 Sync done -> model run start
0 0.013 [0.005578977055847645, 0.0018117600120604038, 0.0017289479728788137, 0.0016080630011856556, 0.0016386359930038452]
1 0.013 [0.005583977093920112, 0.0018113949336111546, 0.0017256150022149086, 0.0016080630011856556, 0.0016387409996241331]
2 0.013 [0.006431523943319917, 0.0016648340970277786, 0.0015257720369845629, 0.0015640011988580227, 0.0013259290717542171]
3 0.012 [0.0061805350705981255, 0.0016573339235037565, 0.0015479070134460926, 0.0013261379208415747, 0.0008647339418530464]
2026-04-21 11:25:53.518219 Sync done -> model run start
2026-04-21 11:25:53.518247 Sync done -> model run start
2026-04-21 11:25:53.525334 Sync done -> model run start
2026-04-21 11:25:53.528117 Sync done -> model run start
1 0.016 [0.007146103074774146, 0.0020793110597878695, 0.0021612888667732477, 0.0021288408897817135, 0.0020055610220879316]
0 0.016 [0.007145373150706291, 0.002080456120893359, 0.002160768024623394, 0.0021229558624327183, 0.002011707052588463]
2 0.016 [0.008550783153623343, 0.0018397809471935034, 0.002140508033335209, 0.0017304581124335527, 0.0010857752058655024]
3 0.014 [0.007972764084115624, 0.0022539959754794836, 0.001487022964283824, 0.0009002031292766333, 0.0008200472220778465]
2026-04-21 11:25:59.551202 Sync done -> model run start
2026-04-21 11:25:59.552844 Sync done -> model run start
2026-04-21 11:25:59.557288 Sync done -> model run start
2026-04-21 11:25:59.559854 Sync done -> model run start
0 0.015 [0.0072772998828440905, 0.0018563431221991777, 0.0019353530369699001, 0.0018914989195764065, 0.0018617070745676756]
1 0.015 [0.007177717052400112, 0.0020085300784558058, 0.001868843100965023, 0.0018675411120057106, 0.001723896013572812]
2 0.016 [0.007757141022011638, 0.0021387890446931124, 0.002018009079620242, 0.0018748329021036625, 0.0016914999578148127]
3 0.014 [0.007619173964485526, 0.001848947023972869, 0.0017149378545582294, 0.0016871779225766659, 0.0013868659734725952]
2026-04-21 11:26:05.622379 Sync done -> model run start
2026-04-21 11:26:05.623615 Sync done -> model run start
2026-04-21 11:26:05.624726 Sync done -> model run start
2026-04-21 11:26:05.632143 Sync done -> model run start
1 0.014 [0.006092723924666643, 0.002018372993916273, 0.0017696248833090067, 0.0019207699224352837, 0.001827854197472334]
0 0.013 [0.0059087148401886225, 0.0018164480570703745, 0.0016170218586921692, 0.0017149369232356548, 0.001520408084616065]
2 0.013 [0.006268244003877044, 0.0018304579425603151, 0.0016923339571803808, 0.0015021790750324726, 0.0014870220329612494]
3 0.01 [0.006151733919978142, 0.0016552500892430544, 0.0009681710507720709, 0.0006908809300512075, 0.0006172880530357361]
2026-04-21 11:26:11.628556 Sync done -> model run start
2026-04-21 11:26:11.628559 Sync done -> model run start
2026-04-21 11:26:11.635691 Sync done -> model run start
2026-04-21 11:26:11.637833 Sync done -> model run start
0 0.015 [0.006784854922443628, 0.002009727992117405, 0.0019130099099129438, 0.0020598829723894596, 0.0018408738542348146]
1 0.015 [0.00678469892591238, 0.0020097801461815834, 0.0019134259782731533, 0.0020604038145393133, 0.0018410829361528158]
2 0.015 [0.008013180922716856, 0.0019027490634471178, 0.001700978958979249, 0.0014135329984128475, 0.0014936369843780994]
3 0.014 [0.007516881916671991, 0.0018250930588692427, 0.0013690551277250051, 0.0014936369843780994, 0.001267857151106]
2026-04-21 11:26:17.678298 Sync done -> model run start
2026-04-21 11:26:17.682292 Sync done -> model run start
2026-04-21 11:26:17.685018 Sync done -> model run start
2026-04-21 11:26:17.689215 Sync done -> model run start
0 0.016 [0.007828389992937446, 0.0021813928615301847, 0.0019262379501014948, 0.0020705610513687134, 0.0020671228412538767]
1 0.016 [0.007776463869959116, 0.002170611871406436, 0.002032696036621928, 0.0018831659108400345, 0.0020789981354027987]
2 0.017 [0.008130732923746109, 0.0022886318620294333, 0.002127851825207472, 0.0018892590887844563, 0.0018864469602704048]
3 0.016 [0.008312970865517855, 0.0021009771153330803, 0.001863738987594843, 0.001584365963935852, 0.0016815001145005226]
2026-04-21 11:26:23.716526 Sync done -> model run start
2026-04-21 11:26:23.718281 Sync done -> model run start
2026-04-21 11:26:23.722251 Sync done -> model run start
2026-04-21 11:26:23.723286 Sync done -> model run start
1 0.013 [0.006130744004622102, 0.001822176855057478, 0.0016163969412446022, 0.0017100418917834759, 0.0018384791910648346]
2 0.013 [0.006139547098428011, 0.0017475411295890808, 0.0015371779445558786, 0.0015615008305758238, 0.0015187931712716818]
3 0.013 [0.006737407995387912, 0.0015947818756103516, 0.0016485319938510656, 0.001520616002380848, 0.0009866610635071993]
0 0.013 [0.006168036023154855, 0.0016617090441286564, 0.0016876980662345886, 0.0016633241903036833, 0.001709989970549941]
2026-04-21 11:26:23.802924 Sync done -> model run start
net_times: [[14.33, 0.0, 100352, 0], [3.754, 0.0, 100352, 0], [5.868, 0.0, 100352, 0], [5.781, 0.0, 100352, 0], [5.809, 0.0, 100352, 0], [5.827, 0.0, 100352, 0], [5.881, 0.0, 100352, 0], [5.809, 0.0, 100352, 0], [5.859, 0.0, 100352, 0], [5.85, 0.0, 100352, 0]]
echo 'race4fun' | sudo -S sh -c 'journalctl --since "2026-04-21 11:25:16.753140" --until "2026-04-21 11:26:23.802924" -k -o short-iso '| grep -i -E 'throttle|throttled|thermal|cpufreq|under-voltage|voltage'
