ALL SYNC
2026-04-21 11:24:15.846674 Sync done -> model run start
2026-04-21 11:24:15.846680 Sync done -> model run start
2026-04-21 11:24:15.846674 Sync done -> model run start
2026-04-21 11:24:15.846674 Sync done -> model run start
0 2.661 [0.5612696569878608, 0.5173950248863548, 0.5301991661544889, 0.5272165280766785, 0.524827322922647]
3 2.667 [0.5612703338265419, 0.5218036430887878, 0.5308738499879837, 0.5293636498972774, 0.5232977489940822]
2 2.746 [0.5671300902031362, 0.5662282728590071, 0.529596044914797, 0.5718261038418859, 0.5105412120465189]
1 2.921 [0.5612692409195006, 0.555830679833889, 0.6476071081124246, 0.6378841460682452, 0.5182733519468457]
2026-04-21 11:24:19.160419 Sync done -> model run start
2026-04-21 11:24:19.177363 Sync done -> model run start
2026-04-21 11:24:19.186005 Sync done -> model run start
2026-04-21 11:24:19.204590 Sync done -> model run start
0 2.527 [0.5009547059889883, 0.49070179904811084, 0.4913697119336575, 0.5199788631871343, 0.5237538409419358]
3 2.522 [0.4974459770601243, 0.48970175301656127, 0.4916060122195631, 0.5181138219777495, 0.5249697708059102]
1 2.617 [0.4968425431288779, 0.4962742659263313, 0.5297616689931601, 0.5212984390091151, 0.572253966005519]
2 2.693 [0.4974912889301777, 0.489691753173247, 0.49121351493522525, 0.6290387299377471, 0.5856376360170543]
2026-04-21 11:24:22.607058 Sync done -> model run start
2026-04-21 11:24:22.623109 Sync done -> model run start
2026-04-21 11:24:22.623109 Sync done -> model run start
2026-04-21 11:24:22.634344 Sync done -> model run start
2 2.52 [0.4985205540433526, 0.49015050008893013, 0.48868826986290514, 0.5169320579152554, 0.5254223721567541]
3 2.521 [0.49908086308278143, 0.49002242810092866, 0.48895410099066794, 0.518839443102479, 0.5242882638704032]
0 2.63 [0.4987216980662197, 0.4885101967956871, 0.4875462439376861, 0.5240259740967304, 0.6312430400867015]
1 2.696 [0.537200998980552, 0.49003279209136963, 0.5348210139200091, 0.5830997349694371, 0.5505130030214787]
2026-04-21 11:24:26.073879 Sync done -> model run start
2026-04-21 11:24:26.085176 Sync done -> model run start
2026-04-21 11:24:26.089250 Sync done -> model run start
2026-04-21 11:24:26.107367 Sync done -> model run start
2 2.546 [0.5019462101627141, 0.4901350310537964, 0.48843436408787966, 0.5255255999509245, 0.5399744720198214]
1 2.523 [0.5008926750160754, 0.48913831915706396, 0.48792119114659727, 0.5213867709971964, 0.5231694169342518]
0 2.621 [0.5474170839879662, 0.48909904807806015, 0.5357294969726354, 0.5230131149291992, 0.5258739839773625]
3 2.676 [0.49892482184804976, 0.48881274717859924, 0.48766431701369584, 0.6369379528332502, 0.5630072511266917]
2026-04-21 11:24:29.501208 Sync done -> model run start
2026-04-21 11:24:29.516086 Sync done -> model run start
2026-04-21 11:24:29.519010 Sync done -> model run start
2026-04-21 11:24:29.538327 Sync done -> model run start
2 2.538 [0.5017525660805404, 0.4918631461914629, 0.4893055579159409, 0.5267553848680109, 0.5285267289727926]
0 2.629 [0.5484358801040798, 0.4918123648967594, 0.49102570302784443, 0.5710864209104329, 0.5268363738432527]
3 2.608 [0.4975543620530516, 0.49031102005392313, 0.4881908241659403, 0.6138354358263314, 0.5180654891300946]
1 2.638 [0.499783931998536, 0.49125950294546783, 0.48873384203761816, 0.5312219210900366, 0.6264098389074206]
2026-04-21 11:24:32.954005 Sync done -> model run start
2026-04-21 11:24:32.957029 Sync done -> model run start
2026-04-21 11:24:32.968920 Sync done -> model run start
2026-04-21 11:24:32.984889 Sync done -> model run start
0 2.52 [0.5007390819955617, 0.49054966401308775, 0.48845863598398864, 0.5133873398881406, 0.526377575006336]
3 2.577 [0.5019692319910973, 0.4908391418866813, 0.48939420212991536, 0.5746656181290746, 0.5198246450163424]
1 2.619 [0.5027056850958616, 0.49209205084480345, 0.48914764099754393, 0.531444211024791, 0.6032027911860496]
2 2.638 [0.5021369389723986, 0.5364496500696987, 0.48949316097423434, 0.5644277629908174, 0.5456332408357412]
2026-04-21 11:24:36.436624 Sync done -> model run start
2026-04-21 11:24:36.438742 Sync done -> model run start
2026-04-21 11:24:36.448962 Sync done -> model run start
2026-04-21 11:24:36.463477 Sync done -> model run start
0 2.527 [0.5020601160358638, 0.4924888720270246, 0.49073409009724855, 0.5173847121186554, 0.5243864411022514]
1 2.601 [0.5046066120266914, 0.49230225710198283, 0.4917765841819346, 0.5175260649994016, 0.5941865949425846]
2 2.614 [0.5027078199200332, 0.5374624039977789, 0.4916178868152201, 0.5491885310038924, 0.5327368071302772]
3 2.611 [0.5032767748925835, 0.491022682050243, 0.4906227879691869, 0.6106452979147434, 0.5151525370310992]
2026-04-21 11:24:39.892776 Sync done -> model run start
2026-04-21 11:24:39.894616 Sync done -> model run start
2026-04-21 11:24:39.924317 Sync done -> model run start
2026-04-21 11:24:39.962818 Sync done -> model run start
1 2.567 [0.5118632870726287, 0.4919331460259855, 0.49058794509619474, 0.5371426669880748, 0.5352459070272744]
0 2.572 [0.5081474760081619, 0.4910340888891369, 0.4898494079243392, 0.5403145218733698, 0.5421026889234781]
2 2.65 [0.5056114490143955, 0.49085007910616696, 0.49043862405233085, 0.5720291240140796, 0.5908217199612409]
2026-04-21 11:24:43.365594 Sync done -> model run start
2026-04-21 11:24:43.380231 Sync done -> model run start
2026-04-21 11:24:43.402893 Sync done -> model run start
2026-04-21 11:24:43.422253 Sync done -> model run start
0 2.556 [0.5062421231996268, 0.4952501568477601, 0.49075169512070715, 0.5310431190300733, 0.5329264421015978]
3 2.56 [0.5024958429858088, 0.49356334400363266, 0.49071273603476584, 0.5458895929623395, 0.5269561130553484]
1 2.666 [0.5123886479996145, 0.49556781095452607, 0.49094054801389575, 0.5513663308229297, 0.6151778241619468]
2 2.651 [0.5164127380121499, 0.4930093891452998, 0.5373950600624084, 0.5411751950159669, 0.562992355087772]
2026-04-21 11:24:46.847792 Sync done -> model run start
2026-04-21 11:24:46.858543 Sync done -> model run start
2026-04-21 11:24:46.868824 Sync done -> model run start
2026-04-21 11:24:46.880090 Sync done -> model run start
1 2.484 [0.5017871491145343, 0.49639520212076604, 0.49350969796068966, 0.495340937981382, 0.4967459822073579]
3 2.505 [0.5010662160348147, 0.5022245950531214, 0.49929247703403234, 0.5026467270217836, 0.4997941399924457]
0 2.481 [0.5027706848923117, 0.4958841640036553, 0.4928689729422331, 0.4950028150342405, 0.4941169349476695]
2 2.601 [0.5572140049189329, 0.5016314208041877, 0.5394712979905307, 0.49305720208212733, 0.5097663199994713]
2026-04-21 11:24:49.545744 Sync done -> model run start
net_times: [[2.564, 0.0, 802816, 0], [0.002, 0.0, 802816, 0], [0.331, 0.0, 802816, 0], [0.365, 0.0, 802816, 0], [0.319, 0.0, 802816, 0], [0.408, 0.0, 802816, 0], [0.412, 0.0, 802816, 0], [0.42, 0.0, 802816, 0], [0.365, 0.0, 802816, 0], [0.361, 0.0, 802816, 0]]
echo 'race4fun' | sudo -S sh -c 'journalctl --since "2026-04-21 11:24:12.320361" --until "2026-04-21 11:24:49.545744" -k -o short-iso '| grep -i -E 'throttle|throttled|thermal|cpufreq|under-voltage|voltage'
