ALL SYNC
2026-04-21 11:25:23.034654 Sync done -> model run start
2026-04-21 11:25:23.034654 Sync done -> model run start
2026-04-21 11:25:23.034654 Sync done -> model run start
2026-04-21 11:25:23.034654 Sync done -> model run start
1 0.124 [0.03403216693550348, 0.027803251054137945, 0.02088725520297885, 0.020440747030079365, 0.02099819201976061]
2 0.124 [0.03384352312423289, 0.027806532103568316, 0.020884494995698333, 0.020440956111997366, 0.02098558796569705]
0 0.128 [0.03403253201395273, 0.027803145814687014, 0.02417233702726662, 0.02162370807491243, 0.020139917032793164]
3 0.134 [0.03930608998052776, 0.03209051303565502, 0.02246755687519908, 0.021611780859529972, 0.01842638594098389]
2026-04-21 11:25:28.741938 Sync done -> model run start
2026-04-21 11:25:28.799968 Sync done -> model run start
2026-04-21 11:25:28.870702 Sync done -> model run start
2026-04-21 11:25:28.964047 Sync done -> model run start
0 0.077 [0.02009048988111317, 0.018148211995139718, 0.01140809990465641, 0.012459811987355351, 0.014445892069488764]
1 0.083 [0.023988068103790283, 0.022292714100331068, 0.009413270046934485, 0.011270965915173292, 0.0158145809546113]
2 0.076 [0.023791454965248704, 0.014898285968229175, 0.011547683039680123, 0.013328034896403551, 0.011694453191012144]
3 0.043 [0.010508679086342454, 0.01086383406072855, 0.006843547103926539, 0.007393856067210436, 0.007769844029098749]
2026-04-21 11:25:34.723854 Sync done -> model run start
2026-04-21 11:25:34.778757 Sync done -> model run start
2026-04-21 11:25:34.878651 Sync done -> model run start
2026-04-21 11:25:34.917950 Sync done -> model run start
0 0.086 [0.024625616148114204, 0.017702328972518444, 0.014037040993571281, 0.014766203006729484, 0.014190322021022439]
1 0.099 [0.032115566078573465, 0.022145840106531978, 0.02307343785651028, 0.010613678954541683, 0.010973206954076886]
3 0.059 [0.01718623796477914, 0.014376777922734618, 0.01071669883094728, 0.008527494966983795, 0.00783854117617011]
2 0.088 [0.026832527946680784, 0.025585974100977182, 0.010291181039065123, 0.010072170989587903, 0.015347969951108098]
2026-04-21 11:25:40.702680 Sync done -> model run start
2026-04-21 11:25:40.759497 Sync done -> model run start
2026-04-21 11:25:40.835451 Sync done -> model run start
2026-04-21 11:25:40.914747 Sync done -> model run start
0 0.081 [0.021739541087299585, 0.017855401150882244, 0.011605182196944952, 0.013244285946711898, 0.01617697416804731]
1 0.094 [0.0272003379650414, 0.026461385190486908, 0.01248340611346066, 0.01329162996262312, 0.013859594007954001]
2 0.078 [0.022792970994487405, 0.01877023815177381, 0.011772732948884368, 0.01506062806583941, 0.009141604881733656]
3 0.052 [0.01773284887894988, 0.012593301013112068, 0.007138388929888606, 0.0068683919962495565, 0.007069378858432174]
2026-04-21 11:25:46.735530 Sync done -> model run start
2026-04-21 11:25:46.768157 Sync done -> model run start
2026-04-21 11:25:46.848528 Sync done -> model run start
2026-04-21 11:25:46.912137 Sync done -> model run start
0 0.089 [0.021893759025260806, 0.017053896095603704, 0.016564211109653115, 0.017875556834042072, 0.01537260483019054]
1 0.114 [0.03670709696598351, 0.022645368007943034, 0.01928825513459742, 0.02228047582320869, 0.01322985882870853]
2 0.08 [0.03291957103647292, 0.016113850055262446, 0.012591894948855042, 0.009242385858669877, 0.009365197038277984]
3 0.06 [0.01906648720614612, 0.014894899912178516, 0.010152223985642195, 0.006996880052611232, 0.008330048993229866]
2026-04-21 11:25:52.720224 Sync done -> model run start
2026-04-21 11:25:52.768000 Sync done -> model run start
2026-04-21 11:25:52.831416 Sync done -> model run start
2026-04-21 11:25:52.895719 Sync done -> model run start
1 0.104 [0.03863166691735387, 0.02021351014263928, 0.015258594881743193, 0.016283900942653418, 0.0131081931758672]
0 0.083 [0.020349914906546474, 0.01761696394532919, 0.018463105894625187, 0.013711210107430816, 0.012176010990515351]
2 0.08 [0.029227304039523005, 0.01829232508316636, 0.01071180310100317, 0.011835440993309021, 0.009876704076305032]
3 0.055 [0.017791079124435782, 0.013812093995511532, 0.009925454156473279, 0.006839380832388997, 0.006894537014886737]
2026-04-21 11:25:58.793050 Sync done -> model run start
2026-04-21 11:25:58.839938 Sync done -> model run start
2026-04-21 11:25:58.900268 Sync done -> model run start
2026-04-21 11:25:58.974981 Sync done -> model run start
1 0.119 [0.03820239892229438, 0.022869430016726255, 0.019292579032480717, 0.02428244100883603, 0.01387516688555479]
2 0.091 [0.03667011810466647, 0.020253509981557727, 0.011698201997205615, 0.009805871872231364, 0.012751633068546653]
0 0.107 [0.028838556027039886, 0.022956981090828776, 0.025117852026596665, 0.01416823803447187, 0.015294688986614347]
3 0.063 [0.024977592984214425, 0.015264793066307902, 0.00828484003432095, 0.00743302283808589, 0.0068685999140143394]
2026-04-21 11:26:04.778358 Sync done -> model run start
2026-04-21 11:26:04.823876 Sync done -> model run start
2026-04-21 11:26:04.884967 Sync done -> model run start
2026-04-21 11:26:04.959494 Sync done -> model run start
0 0.091 [0.020119864959269762, 0.017476965906098485, 0.024239471880719066, 0.014026989927515388, 0.014759639976546168]
1 0.113 [0.025844878051429987, 0.022202506894245744, 0.013942301971837878, 0.03118452988564968, 0.01909685111604631]
2 0.082 [0.023380833212286234, 0.022652139887213707, 0.010815864894539118, 0.011225914116948843, 0.013276994926854968]
3 0.052 [0.016786086140200496, 0.014142614090815187, 0.00717885815538466, 0.006982973078265786, 0.006850162986665964]
2026-04-21 11:26:10.819975 Sync done -> model run start
2026-04-21 11:26:10.867077 Sync done -> model run start
2026-04-21 11:26:10.924502 Sync done -> model run start
2026-04-21 11:26:11.004505 Sync done -> model run start
1 0.106 [0.033154152100905776, 0.02289125300012529, 0.018895602086558938, 0.015661977929994464, 0.014908024109899998]
0 0.112 [0.028712515952065587, 0.021179232047870755, 0.030044642044231296, 0.014640371082350612, 0.016649888129904866]
2 0.095 [0.03753709211014211, 0.020491790026426315, 0.012675696052610874, 0.01220356416888535, 0.011901170015335083]
3 0.06 [0.022596566937863827, 0.0151869289111346, 0.00791525887325406, 0.007220108062028885, 0.0069069331511855125]
2026-04-21 11:26:16.833219 Sync done -> model run start
2026-04-21 11:26:16.880633 Sync done -> model run start
2026-04-21 11:26:16.947771 Sync done -> model run start
2026-04-21 11:26:17.007643 Sync done -> model run start
1 0.109 [0.025089205941185355, 0.022878128103911877, 0.014700214145705104, 0.026523207081481814, 0.01974273193627596]
2 0.076 [0.01888721715658903, 0.022085215896368027, 0.011368412990123034, 0.009574623079970479, 0.01371381408534944]
0 0.097 [0.020515382988378406, 0.01744415401481092, 0.025345923844724894, 0.018456283025443554, 0.014539486030116677]
3 0.056 [0.019378775963559747, 0.014998388942331076, 0.007199377985671163, 0.007328179897740483, 0.006856204010546207]
2026-04-21 11:26:18.483403 Sync done -> model run start
net_times: [[5.783, 1.385, 3211264, 802816], [3.93, 1.315, 3211264, 802816], [4.183, 1.33, 3211264, 802816], [4.181, 1.327, 3211264, 802816], [4.214, 1.331, 3211264, 802816], [4.194, 1.327, 3211264, 802816], [4.271, 1.342, 3211264, 802816], [4.167, 1.326, 3211264, 802816], [4.25, 1.347, 3211264, 802816], [4.192, 1.328, 3211264, 802816]]
echo 'race4fun' | sudo -S sh -c 'journalctl --since "2026-04-21 11:25:16.745056" --until "2026-04-21 11:26:18.483403" -k -o short-iso '| grep -i -E 'throttle|throttled|thermal|cpufreq|under-voltage|voltage'
