ALL SYNC
2026-04-21 11:25:16.147114 Sync done -> model run start
2026-04-21 11:25:16.147114 Sync done -> model run start
2026-04-21 11:25:16.147114 Sync done -> model run start
2026-04-21 11:25:16.147114 Sync done -> model run start
2 0.461 [0.13179142400622368, 0.09651777101680636, 0.0775132670532912, 0.07844237820245326, 0.07665410405024886]
1 0.463 [0.12975684995763004, 0.09663750883191824, 0.07878972007893026, 0.08025966095738113, 0.07727061212062836]
3 0.504 [0.14333923906087875, 0.09760505799204111, 0.08171387482434511, 0.08155840705148876, 0.0993970287963748]
0 0.463 [0.1297561728861183, 0.09811870101839304, 0.0779540459625423, 0.07964096707291901, 0.07749988185241818]
2026-04-21 11:25:22.659886 Sync done -> model run start
2026-04-21 11:25:22.665034 Sync done -> model run start
2026-04-21 11:25:22.677145 Sync done -> model run start
2026-04-21 11:25:22.682228 Sync done -> model run start
1 0.407 [0.08750697504729033, 0.0931251801084727, 0.0758021289948374, 0.07418645801953971, 0.07592150312848389]
2 0.418 [0.09436501911841333, 0.09045993210747838, 0.07530093309469521, 0.07612254400737584, 0.08196231094188988]
3 0.429 [0.09569777292199433, 0.0914002398494631, 0.07515598507598042, 0.07640030304901302, 0.09008696395903826]
0 0.412 [0.08313673292286694, 0.09124138695187867, 0.08062106696888804, 0.07862784597091377, 0.0777226930949837]
2026-04-21 11:25:28.741539 Sync done -> model run start
2026-04-21 11:25:28.743292 Sync done -> model run start
2026-04-21 11:25:28.755956 Sync done -> model run start
2026-04-21 11:25:28.764266 Sync done -> model run start
1 0.406 [0.08756374497897923, 0.0945152270141989, 0.07381364703178406, 0.0750300488434732, 0.07450390490703285]
2 0.415 [0.09537126519717276, 0.0914996659848839, 0.07321568089537323, 0.07504536095075309, 0.07968607009388506]
3 0.428 [0.09613766800612211, 0.09217851795256138, 0.07435249886475503, 0.07485557114705443, 0.09031342202797532]
2026-04-21 11:25:34.714519 Sync done -> model run start
2026-04-21 11:25:34.728593 Sync done -> model run start
2026-04-21 11:25:34.728591 Sync done -> model run start
2026-04-21 11:25:34.758032 Sync done -> model run start
2 0.374 [0.08236975711770356, 0.08546708803623915, 0.06711763399653137, 0.06739252805709839, 0.07152798003517091]
3 0.405 [0.08865723107010126, 0.08400990604422987, 0.06677628098987043, 0.06726263300515711, 0.09827651316300035]
0 0.366 [0.07443749881349504, 0.08559562917798758, 0.07260896498337388, 0.06644451105967164, 0.06666643801145256]
2026-04-21 11:25:40.711091 Sync done -> model run start
2026-04-21 11:25:40.711610 Sync done -> model run start
2026-04-21 11:25:40.720446 Sync done -> model run start
2026-04-21 11:25:40.728468 Sync done -> model run start
0 0.416 [0.08934998814947903, 0.09622454294003546, 0.07983117504045367, 0.07530957809649408, 0.07484786189161241]
2 0.427 [0.09754974488168955, 0.0938062712084502, 0.076601707842201, 0.07693753996863961, 0.08139101089909673]
1 0.415 [0.08888045884668827, 0.09578048111870885, 0.07950653997249901, 0.07592837791889906, 0.07495348597876728]
3 0.44 [0.09887104108929634, 0.09423205116763711, 0.07826420105993748, 0.07699087401852012, 0.09149846900254488]
2026-04-21 11:25:46.719002 Sync done -> model run start
2026-04-21 11:25:46.723639 Sync done -> model run start
2026-04-21 11:25:46.735010 Sync done -> model run start
2026-04-21 11:25:46.741382 Sync done -> model run start
0 0.41 [0.08581166993826628, 0.09366809506900609, 0.07602066895924509, 0.07948654005303979, 0.07512843399308622]
1 0.408 [0.08805567095987499, 0.09371221018955112, 0.0780566509347409, 0.07457598787732422, 0.0727982351090759]
2 0.415 [0.09368564700707793, 0.09065618086606264, 0.07354812696576118, 0.07605837821029127, 0.08105090912431479]
3 0.431 [0.09577240888029337, 0.09152628108859062, 0.0757120770867914, 0.07654056302271783, 0.09084362792782485]
2026-04-21 11:25:52.730044 Sync done -> model run start
2026-04-21 11:25:52.732588 Sync done -> model run start
2026-04-21 11:25:52.738108 Sync done -> model run start
2026-04-21 11:25:52.755843 Sync done -> model run start
0 0.414 [0.0914869059342891, 0.09142003208398819, 0.07649623998440802, 0.07565259793773293, 0.07829998293891549]
2 0.408 [0.09362220903858542, 0.09013675595633686, 0.07449619611725211, 0.07510885084047914, 0.07473963312804699]
3 0.45 [0.09603027300909162, 0.0918273210991174, 0.07784383790567517, 0.07816123310476542, 0.10607731388881803]
2026-04-21 11:25:58.789513 Sync done -> model run start
2026-04-21 11:25:58.796184 Sync done -> model run start
2026-04-21 11:25:58.807257 Sync done -> model run start
2026-04-21 11:25:58.829416 Sync done -> model run start
1 0.391 [0.08662499906495214, 0.08802551520057023, 0.0714467300567776, 0.07066366006620228, 0.07362724211998284]
0 0.397 [0.08237548707984388, 0.08833504491485655, 0.07653717696666718, 0.07527036010287702, 0.074538956861943]
2 0.4 [0.08793624397367239, 0.08703905995935202, 0.07231755997054279, 0.07302630692720413, 0.0796676860190928]
3 0.434 [0.09224924608133733, 0.08822967996820807, 0.07280417298898101, 0.07412973884493113, 0.10662569594569504]
2026-04-21 11:26:04.754817 Sync done -> model run start
2026-04-21 11:26:04.762179 Sync done -> model run start
2026-04-21 11:26:04.769978 Sync done -> model run start
2026-04-21 11:26:04.786032 Sync done -> model run start
1 0.417 [0.08782796398736537, 0.08970029884949327, 0.0744172390550375, 0.08139413595199585, 0.08304657693952322]
2 0.433 [0.08888139599002898, 0.09000649605877697, 0.08200059295631945, 0.08267704700119793, 0.08897363604046404]
3 0.495 [0.13711910997517407, 0.102590766036883, 0.07838763785548508, 0.078192587941885, 0.09808620088733733]
0 0.424 [0.08205923694185913, 0.09118284494616091, 0.07943206210620701, 0.08703713398426771, 0.08390886592678726]
2026-04-21 11:26:10.820775 Sync done -> model run start
2026-04-21 11:26:10.826590 Sync done -> model run start
2026-04-21 11:26:10.836600 Sync done -> model run start
2026-04-21 11:26:10.845228 Sync done -> model run start
2 0.402 [0.08757999492809176, 0.08428339497186244, 0.07440062402747571, 0.07618764811195433, 0.07952138409018517]
0 0.387 [0.07622259622439742, 0.08767978707328439, 0.0757154100574553, 0.07316625420935452, 0.07451291498728096]
3 0.399 [0.08901035389862955, 0.08210199791938066, 0.07335271197371185, 0.07458770694211125, 0.07999544404447079]
1 0.487 [0.12436254904605448, 0.10255227610468864, 0.07459723809733987, 0.07545707793906331, 0.10936657013371587]
2026-04-21 11:26:16.732868 Sync done -> model run start
net_times: [[0.0, 5.664, 0, 3211264], [0.0, 5.283, 0, 3211264], [0.0, 5.198, 0, 3211264], [0.0, 5.241, 0, 3211264], [0.0, 5.212, 0, 3211264], [0.0, 5.21, 0, 3211264], [0.0, 5.239, 0, 3211264], [0.0, 5.192, 0, 3211264], [0.0, 5.241, 0, 3211264], [0.0, 5.218, 0, 3211264]]
echo 'race4fun' | sudo -S sh -c 'journalctl --since "2026-04-21 11:25:15.715532" --until "2026-04-21 11:26:16.732868" -k -o short-iso '| grep -i -E 'throttle|throttled|thermal|cpufreq|under-voltage|voltage'
