ALL SYNC
2026-04-21 11:25:25.131402 Sync done -> model run start
2026-04-21 11:25:25.131402 Sync done -> model run start
2026-04-21 11:25:25.131408 Sync done -> model run start
2026-04-21 11:25:25.131402 Sync done -> model run start
2 2.086 [0.45671718986704946, 0.41562381689436734, 0.4133336180821061, 0.40445328992791474, 0.395979834953323]
0 2.098 [0.46829896606504917, 0.415854545077309, 0.41349043999798596, 0.40405146800912917, 0.396258583990857]
3 2.112 [0.4682990701403469, 0.415854545077309, 0.41349356481805444, 0.40962759079411626, 0.40479771606624126]
1 2.168 [0.49075803998857737, 0.41766932886093855, 0.4655731429811567, 0.4037323030643165, 0.39044110802933574]
2026-04-21 11:25:30.504307 Sync done -> model run start
2026-04-21 11:25:30.511849 Sync done -> model run start
2026-04-21 11:25:30.523047 Sync done -> model run start
2026-04-21 11:25:30.534879 Sync done -> model run start
0 1.975 [0.4065014070365578, 0.3912197498138994, 0.39179542497731745, 0.39129532291553915, 0.3936031782068312]
1 1.983 [0.40868420992046595, 0.3933809387963265, 0.39152740500867367, 0.3916739150881767, 0.3979086291510612]
3 1.981 [0.4094751439988613, 0.39125855220481753, 0.39229380805045366, 0.3924465160816908, 0.3949778079986572]
2 2.064 [0.40829145116731524, 0.44132235716097057, 0.39238531794399023, 0.39184131007641554, 0.4302913090214133]
2026-04-21 11:25:36.490802 Sync done -> model run start
2026-04-21 11:25:36.498816 Sync done -> model run start
2026-04-21 11:25:36.509721 Sync done -> model run start
2026-04-21 11:25:36.519912 Sync done -> model run start
1 1.97 [0.40841358597390354, 0.39118985482491553, 0.39168360200710595, 0.389057831838727, 0.38960637082345784]
2 1.974 [0.4090293131303042, 0.39312385697849095, 0.39129422907717526, 0.3892960080411285, 0.3906175650190562]
3 1.975 [0.41033587022684515, 0.3931564090307802, 0.39001360908150673, 0.38899059290997684, 0.3925081309862435]
0 2.033 [0.40689885313622653, 0.40908988495357335, 0.4200376009102911, 0.38866528193466365, 0.40808905591256917]
2026-04-21 11:25:42.480515 Sync done -> model run start
2026-04-21 11:25:42.485189 Sync done -> model run start
2026-04-21 11:25:42.496850 Sync done -> model run start
2026-04-21 11:25:42.506412 Sync done -> model run start
0 1.979 [0.4087172830477357, 0.3921764139086008, 0.3931500550825149, 0.3925969840493053, 0.39232813101261854]
1 1.987 [0.4133584618102759, 0.39310739818029106, 0.39446171605959535, 0.39253391209058464, 0.39374036504887044]
3 1.992 [0.4143583020195365, 0.3935073979664594, 0.3931925029028207, 0.39336885581724346, 0.39695457089692354]
2 2.031 [0.4117033649235964, 0.39328213781118393, 0.44368000398389995, 0.39295437885448337, 0.3895055898465216]
2026-04-21 11:25:48.483820 Sync done -> model run start
2026-04-21 11:25:48.488934 Sync done -> model run start
2026-04-21 11:25:48.500423 Sync done -> model run start
2026-04-21 11:25:48.510103 Sync done -> model run start
1 1.984 [0.41070362902246416, 0.39245948498137295, 0.39315198198892176, 0.39163136295974255, 0.39562009717337787]
3 1.982 [0.41168753104284406, 0.39265453605912626, 0.3921880789566785, 0.39194370596669614, 0.393804376013577]
2 2.026 [0.4105727958958596, 0.3928265150170773, 0.44266360183246434, 0.3915790191385895, 0.3887067399919033]
2026-04-21 11:25:54.460370 Sync done -> model run start
2026-04-21 11:25:54.468541 Sync done -> model run start
2026-04-21 11:25:54.477156 Sync done -> model run start
2026-04-21 11:25:54.500013 Sync done -> model run start
0 1.975 [0.4104837861377746, 0.3923114649951458, 0.39174995687790215, 0.38992657884955406, 0.3898953809402883]
1 1.983 [0.4120556029956788, 0.39436359191313386, 0.393377450061962, 0.3911433438770473, 0.39168037404306233]
2 1.992 [0.41325200418941677, 0.39384520798921585, 0.39348734612576663, 0.39092870987951756, 0.4006349730771035]
3 2.017 [0.41059159906581044, 0.39221141301095486, 0.4399509569630027, 0.3902708478271961, 0.3836445731576532]
2026-04-21 11:26:00.555565 Sync done -> model run start
2026-04-21 11:26:00.568124 Sync done -> model run start
2026-04-21 11:26:00.591229 Sync done -> model run start
2026-04-21 11:26:00.600366 Sync done -> model run start
0 1.985 [0.4134870548732579, 0.393604532815516, 0.39065740909427404, 0.3947665069717914, 0.392221205169335]
1 1.99 [0.4122208100743592, 0.39406031207181513, 0.3904904299415648, 0.39527968200854957, 0.3977945148944855]
2 2.025 [0.4057009930256754, 0.39321224205195904, 0.44003288401290774, 0.39808560791425407, 0.38787070102989674]
3 1.979 [0.4062170849647373, 0.3931437009014189, 0.3898135058116168, 0.3963362399954349, 0.39376593800261617]
2026-04-21 11:26:06.528213 Sync done -> model run start
2026-04-21 11:26:06.541892 Sync done -> model run start
2026-04-21 11:26:06.552669 Sync done -> model run start
2026-04-21 11:26:06.559166 Sync done -> model run start
0 1.981 [0.40725082997232676, 0.3931602109223604, 0.39184771687723696, 0.3936680220067501, 0.3947054648306221]
2 1.975 [0.40486380900256336, 0.3905658998992294, 0.39118120912462473, 0.3931468778755516, 0.39474952802993357]
3 1.986 [0.4076117149088532, 0.39227708987891674, 0.3936406259890646, 0.39537556702271104, 0.39719160087406635]
1 2.039 [0.4195205718278885, 0.3912599589675665, 0.4409439219161868, 0.3948579130228609, 0.39264083886519074]
2026-04-21 11:26:12.590721 Sync done -> model run start
2026-04-21 11:26:12.602676 Sync done -> model run start
2026-04-21 11:26:12.622107 Sync done -> model run start
2026-04-21 11:26:12.638486 Sync done -> model run start
1 2.014 [0.4235586279537529, 0.3995229450520128, 0.393547710031271, 0.39468348608352244, 0.40270501584745944]
0 1.998 [0.4206625979859382, 0.3976711828727275, 0.39390432299114764, 0.3916142280213535, 0.3935953651089221]
3 2.003 [0.41895979386754334, 0.4000551828648895, 0.3940096339210868, 0.39477942395024, 0.395025203935802]
2 2.056 [0.434119313955307, 0.3970666020177305, 0.4436728679575026, 0.39634821913205087, 0.38416790403425694]
2026-04-21 11:26:18.569361 Sync done -> model run start
2026-04-21 11:26:18.576975 Sync done -> model run start
2026-04-21 11:26:18.588079 Sync done -> model run start
2026-04-21 11:26:18.596612 Sync done -> model run start
1 2.032 [0.42188941687345505, 0.4000707040540874, 0.40333605511114, 0.39975685090757906, 0.4062766160350293]
3 2.029 [0.41829781606793404, 0.40273694321513176, 0.40018309908919036, 0.3989642499946058, 0.4087065542116761]
2 2.113 [0.46874724491499364, 0.406404220033437, 0.4226647780742496, 0.4280743910931051, 0.38659154111519456]
0 2.019 [0.42039369395934045, 0.4001802869606763, 0.39882149011828005, 0.39669920806773007, 0.4027221519500017]
2026-04-21 11:26:21.476177 Sync done -> model run start
net_times: [[7.89, 0.698, 802816, 401408], [2.28, 0.63, 802816, 401408], [3.067, 0.697, 802816, 401408], [3.038, 0.697, 802816, 401408], [3.05, 0.7, 802816, 401408], [3.032, 0.702, 802816, 401408], [3.128, 0.698, 802816, 401408], [2.99, 0.699, 802816, 401408], [3.074, 0.693, 802816, 401408], [2.984, 0.7, 802816, 401408]]
echo 'race4fun' | sudo -S sh -c 'journalctl --since "2026-04-21 11:25:16.743954" --until "2026-04-21 11:26:21.476177" -k -o short-iso '| grep -i -E 'throttle|throttled|thermal|cpufreq|under-voltage|voltage'
