ALL SYNC
2026-04-21 11:24:11.720100 Sync done -> model run start
2026-04-21 11:24:11.720103 Sync done -> model run start
2026-04-21 11:24:11.720096 Sync done -> model run start
2026-04-21 11:24:11.720110 Sync done -> model run start
1 1.739 [0.4309570901095867, 0.34628796693868935, 0.32256947411224246, 0.319215893978253, 0.3200219850987196]
3 1.739 [0.43096136092208326, 0.3463143219705671, 0.3225257759913802, 0.3192017269320786, 0.32004641206003726]
0 1.77 [0.43237171904183924, 0.35408746590837836, 0.32810528413392603, 0.3273684640880674, 0.32780575403012335]
2 1.839 [0.44835404795594513, 0.3596269739791751, 0.3373055050615221, 0.39095731102861464, 0.30294502479955554]
2026-04-21 11:24:14.992060 Sync done -> model run start
2026-04-21 11:24:14.999035 Sync done -> model run start
2026-04-21 11:24:15.004360 Sync done -> model run start
2026-04-21 11:24:15.016837 Sync done -> model run start
1 1.58 [0.3366860810201615, 0.32158801914192736, 0.3074653190560639, 0.30637355288490653, 0.30768589093349874]
0 1.588 [0.3378195660188794, 0.3255205031018704, 0.30926140514202416, 0.30800880608148873, 0.3069088109768927]
3 1.607 [0.3482855628244579, 0.3229072850663215, 0.3097781741525978, 0.308538855984807, 0.31697309110313654]
2 1.687 [0.35999666014686227, 0.36017509596422315, 0.3133788350969553, 0.3073777670506388, 0.3462599469348788]
2026-04-21 11:24:18.963126 Sync done -> model run start
2026-04-21 11:24:18.965559 Sync done -> model run start
2026-04-21 11:24:18.974062 Sync done -> model run start
2026-04-21 11:24:18.983713 Sync done -> model run start
1 1.567 [0.32709961105138063, 0.3240199889987707, 0.30433074897155166, 0.3050409541465342, 0.30639219796285033]
2 1.571 [0.32761643221601844, 0.32329858490265906, 0.3054042861331254, 0.3066089160274714, 0.30737198586575687]
3 1.581 [0.3302000151015818, 0.32418030104599893, 0.305759544018656, 0.3106853570789099, 0.3095626018475741]
0 1.668 [0.371310415212065, 0.323304106015712, 0.3050416309852153, 0.37092213495634496, 0.2974309860728681]
2026-04-21 11:24:22.424752 Sync done -> model run start
2026-04-21 11:24:22.431250 Sync done -> model run start
2026-04-21 11:24:22.440356 Sync done -> model run start
2026-04-21 11:24:22.447677 Sync done -> model run start
1 1.578 [0.33506015106104314, 0.32595242909155786, 0.3062724079936743, 0.3056494928896427, 0.30511798500083387]
2 1.584 [0.3378480030223727, 0.32471488090232015, 0.30685485200956464, 0.306282406905666, 0.3076272460166365]
3 1.598 [0.34503807802684605, 0.32673200918361545, 0.3076633389573544, 0.3058113669976592, 0.3122573820874095]
0 1.684 [0.3924112629611045, 0.3248984219972044, 0.30378116806969047, 0.3054099108558148, 0.3577021900564432]
2026-04-21 11:24:25.867741 Sync done -> model run start
2026-04-21 11:24:25.873177 Sync done -> model run start
2026-04-21 11:24:25.884178 Sync done -> model run start
2026-04-21 11:24:25.892403 Sync done -> model run start
2 1.591 [0.3426540249492973, 0.3268160179723054, 0.3061257409863174, 0.3058377739507705, 0.30981775699183345]
3 1.602 [0.3473966089077294, 0.3270373190753162, 0.30521616199985147, 0.30662141693755984, 0.31540325400419533]
1 1.586 [0.3411955418996513, 0.3288858018349856, 0.30382934492081404, 0.3054990768432617, 0.30635766708292067]
0 1.666 [0.3431386579759419, 0.37662424612790346, 0.3066162078175694, 0.30615688604302704, 0.3332492730114609]
2026-04-21 11:24:29.299347 Sync done -> model run start
2026-04-21 11:24:29.304360 Sync done -> model run start
2026-04-21 11:24:29.313152 Sync done -> model run start
2026-04-21 11:24:29.321975 Sync done -> model run start
1 1.597 [0.3406137730926275, 0.3338681769091636, 0.3083474498707801, 0.30800948408432305, 0.30628626118414104]
2 1.603 [0.3441048520617187, 0.3317750080022961, 0.3088203649967909, 0.30838073207996786, 0.3092526029795408]
3 1.611 [0.3498454529326409, 0.3381296161096543, 0.30472366395406425, 0.30578845110721886, 0.3121706631500274]
0 1.656 [0.3426842850167304, 0.3733954580966383, 0.31630746903829277, 0.30739193293266, 0.3156556491740048]
2026-04-21 11:24:32.779773 Sync done -> model run start
2026-04-21 11:24:32.784045 Sync done -> model run start
2026-04-21 11:24:32.793563 Sync done -> model run start
2026-04-21 11:24:32.801035 Sync done -> model run start
0 1.614 [0.34651713306084275, 0.3393646120093763, 0.31474231905303895, 0.3073424550238997, 0.30607709591276944]
3 1.625 [0.3525904940906912, 0.3406680431216955, 0.3146385180298239, 0.30719146598130465, 0.3097266110125929]
1 1.683 [0.34400339401327074, 0.33955232007429004, 0.36281685600988567, 0.3050328290555626, 0.33108740695752203]
2 1.614 [0.34711853694170713, 0.33891310286708176, 0.3129177959635854, 0.30735656898468733, 0.30755255790427327]
2026-04-21 11:24:36.225868 Sync done -> model run start
2026-04-21 11:24:36.228433 Sync done -> model run start
2026-04-21 11:24:36.242664 Sync done -> model run start
2026-04-21 11:24:36.249340 Sync done -> model run start
0 1.66 [0.3458197929430753, 0.34146663383580744, 0.3223375480156392, 0.32282968098297715, 0.3277087230235338]
1 1.66 [0.34313475200906396, 0.34148152894340456, 0.3223655689507723, 0.3230322850868106, 0.32980788103304803]
3 1.696 [0.35299752303399146, 0.3456438558641821, 0.32624409394338727, 0.32989736017771065, 0.34051809599623084]
2 1.736 [0.34839108400046825, 0.34420901793055236, 0.39056601002812386, 0.3327895349357277, 0.3194404768291861]
2026-04-21 11:24:39.699444 Sync done -> model run start
2026-04-21 11:24:39.708237 Sync done -> model run start
2026-04-21 11:24:39.729578 Sync done -> model run start
2026-04-21 11:24:39.729578 Sync done -> model run start
1 1.569 [0.32847023010253906, 0.3256903989240527, 0.3054877750109881, 0.305127204163, 0.3036965848878026]
3 1.573 [0.33065865910612047, 0.3247459759004414, 0.30586391990073025, 0.3051938700955361, 0.3059126688167453]
2 1.641 [0.3471519739832729, 0.3236130631994456, 0.30575886787846684, 0.37345009320415556, 0.29066856601275504]
0 1.575 [0.3298871519509703, 0.3258316470310092, 0.30773682799190283, 0.306668238947168, 0.3050384020898491]
2026-04-21 11:24:43.204134 Sync done -> model run start
2026-04-21 11:24:43.206493 Sync done -> model run start
2026-04-21 11:24:43.219013 Sync done -> model run start
2026-04-21 11:24:43.228359 Sync done -> model run start
0 1.583 [0.33767670183442533, 0.32430175808258355, 0.3062200110871345, 0.30550563894212246, 0.30917093716561794]
2 1.583 [0.3336326570715755, 0.3244194670114666, 0.3078715668525547, 0.30695709213614464, 0.30998077685944736]
3 1.592 [0.33782206615433097, 0.3243363939691335, 0.30850817915052176, 0.3071592259220779, 0.313575241016224]
1 1.679 [0.38292895909398794, 0.3232487940695137, 0.3066991239320487, 0.35380897810682654, 0.31207904894836247]
2026-04-21 11:24:46.556519 Sync done -> model run start
net_times: [[0.0, 1.259, 0, 802816], [0.0, 2.106, 0, 802816], [0.0, 1.6, 0, 802816], [0.0, 1.583, 0, 802816], [0.0, 1.591, 0, 802816], [0.0, 1.619, 0, 802816], [0.0, 1.568, 0, 802816], [0.0, 1.556, 0, 802816], [0.0, 1.624, 0, 802816], [0.0, 1.582, 0, 802816]]
echo 'race4fun' | sudo -S sh -c 'journalctl --since "2026-04-21 11:24:11.304729" --until "2026-04-21 11:24:46.556519" -k -o short-iso '| grep -i -E 'throttle|throttled|thermal|cpufreq|under-voltage|voltage'
