ALL SYNC
2026-04-21 11:25:29.141926 Sync done -> model run start
2026-04-21 11:25:29.141926 Sync done -> model run start
2026-04-21 11:25:29.141926 Sync done -> model run start
2026-04-21 11:25:29.141926 Sync done -> model run start
1 1.683 [0.36495733307674527, 0.33529016096144915, 0.3347476120106876, 0.3273735789116472, 0.32080037612468004]
0 1.688 [0.3649565000087023, 0.33528865105472505, 0.3349516207817942, 0.3279562850948423, 0.32457421510480344]
3 1.723 [0.3649572809226811, 0.3352885991334915, 0.3430095571093261, 0.3615823988802731, 0.3184456981252879]
2 1.688 [0.364956604084, 0.3352887029759586, 0.33487870497629046, 0.32803513784892857, 0.32456510001793504]
2026-04-21 11:25:33.546199 Sync done -> model run start
2026-04-21 11:25:33.546199 Sync done -> model run start
2026-04-21 11:25:33.554685 Sync done -> model run start
2026-04-21 11:25:33.557496 Sync done -> model run start
1 1.602 [0.3268663410563022, 0.31937657995149493, 0.31942485994659364, 0.3180610639974475, 0.3185671551618725]
3 1.601 [0.32556598214432597, 0.31886527920141816, 0.3187424149364233, 0.3186124679632485, 0.31919397599995136]
0 1.687 [0.3445013740565628, 0.34558782796375453, 0.3193675170186907, 0.31897199782542884, 0.35820579808205366]
2026-04-21 11:25:39.561478 Sync done -> model run start
2026-04-21 11:25:39.562665 Sync done -> model run start
2026-04-21 11:25:39.569663 Sync done -> model run start
2026-04-21 11:25:39.572112 Sync done -> model run start
1 1.599 [0.32567608496174216, 0.31901142396964133, 0.31838856311514974, 0.31855986383743584, 0.31729070213623345]
2 1.597 [0.32514989003539085, 0.3191173621453345, 0.31766080507077277, 0.31720611988566816, 0.317960178013891]
3 1.599 [0.32605582289397717, 0.31914590299129486, 0.31785877305082977, 0.3178999188821763, 0.3183448649942875]
0 1.676 [0.3258290539961308, 0.3641660870052874, 0.31860767607577145, 0.3184119479265064, 0.3488785959780216]
2026-04-21 11:25:45.560185 Sync done -> model run start
2026-04-21 11:25:45.560097 Sync done -> model run start
2026-04-21 11:25:45.568936 Sync done -> model run start
2026-04-21 11:25:45.570660 Sync done -> model run start
3 1.6 [0.3256704080849886, 0.32002772320993245, 0.3179043980780989, 0.31770080514252186, 0.31837736396119]
2 1.597 [0.3244842148851603, 0.31973204715177417, 0.3175525770056993, 0.31766533688642085, 0.3177479919977486]
0 1.651 [0.3269542569760233, 0.36563076893799007, 0.31767090898938477, 0.31762851402163506, 0.3225656810682267]
1 1.601 [0.32695431006141007, 0.3204729810822755, 0.31795637705363333, 0.31777799199335277, 0.31770658609457314]
2026-04-21 11:25:51.552792 Sync done -> model run start
2026-04-21 11:25:51.553376 Sync done -> model run start
2026-04-21 11:25:51.560965 Sync done -> model run start
2026-04-21 11:25:51.567530 Sync done -> model run start
0 1.599 [0.3252888987772167, 0.318666998995468, 0.31792444991879165, 0.31824528193101287, 0.318407884798944]
2 1.596 [0.3242390069644898, 0.3179962718859315, 0.3174774730578065, 0.31745747197419405, 0.31836673989892006]
3 1.636 [0.32414848706685007, 0.36217921995557845, 0.3170854940544814, 0.3174648161511868, 0.3145626930054277]
1 1.597 [0.32444650679826736, 0.31854387396015227, 0.3171585148666054, 0.3181900209747255, 0.3181180951651186]
2026-04-21 11:25:57.581900 Sync done -> model run start
2026-04-21 11:25:57.588332 Sync done -> model run start
2026-04-21 11:25:57.588916 Sync done -> model run start
2026-04-21 11:25:57.595155 Sync done -> model run start
0 1.609 [0.3237034890335053, 0.3205706891603768, 0.3208081880584359, 0.32243448309600353, 0.32125308201648295]
2 1.617 [0.325094890082255, 0.32236578594893217, 0.3230120330117643, 0.32396838394925, 0.3225057329982519]
1 1.619 [0.3245236419606954, 0.32236630585975945, 0.3230197939556092, 0.32396614318713546, 0.32499697315506637]
3 1.648 [0.3238138009328395, 0.3516635322012007, 0.3333829289767891, 0.32157891406677663, 0.3171648168936372]
2026-04-21 11:26:03.662718 Sync done -> model run start
2026-04-21 11:26:03.667110 Sync done -> model run start
2026-04-21 11:26:03.671227 Sync done -> model run start
2026-04-21 11:26:03.676409 Sync done -> model run start
0 1.595 [0.3234619789291173, 0.31842444697394967, 0.31756840902380645, 0.31736169080249965, 0.3178756998386234]
2 1.595 [0.3236252071801573, 0.31771872099488974, 0.3180945520289242, 0.3175494510214776, 0.31779408594593406]
3 1.596 [0.32372994697652757, 0.317456325981766, 0.31807023007422686, 0.3175149189773947, 0.31866173818707466]
1 1.642 [0.32377671799622476, 0.34978510183282197, 0.33134731207974255, 0.3173701809719205, 0.3190901211928576]
2026-04-21 11:26:09.657947 Sync done -> model run start
2026-04-21 11:26:09.660109 Sync done -> model run start
2026-04-21 11:26:09.661216 Sync done -> model run start
2026-04-21 11:26:09.671816 Sync done -> model run start
0 1.607 [0.3331728260964155, 0.31947360979393125, 0.3175478361081332, 0.31805522996000946, 0.31825059396214783]
2 1.609 [0.3357457311358303, 0.3183286660350859, 0.31816944805905223, 0.31810241704806685, 0.31856007198803127]
1 1.655 [0.33936660294421017, 0.3270104539114982, 0.35511200805194676, 0.31832226016558707, 0.3153934180736542]
2026-04-21 11:26:15.716397 Sync done -> model run start
2026-04-21 11:26:15.720021 Sync done -> model run start
2026-04-21 11:26:15.725846 Sync done -> model run start
2026-04-21 11:26:15.730567 Sync done -> model run start
2 1.595 [0.32398307090625167, 0.3183926250785589, 0.31788913696072996, 0.3172126808203757, 0.3175392949488014]
0 1.596 [0.3238943729083985, 0.3185092380736023, 0.3180076261050999, 0.31741679506376386, 0.3177553869318217]
3 1.597 [0.32454332895576954, 0.31886548711918294, 0.3178017409518361, 0.31750028394162655, 0.31796741811558604]
1 1.638 [0.324024060042575, 0.3186653829179704, 0.3623810929711908, 0.3174743461422622, 0.3151360747870058]
2026-04-21 11:26:21.736061 Sync done -> model run start
2026-04-21 11:26:21.739631 Sync done -> model run start
2026-04-21 11:26:21.744812 Sync done -> model run start
2026-04-21 11:26:21.750986 Sync done -> model run start
0 1.605 [0.32370473886840045, 0.3191325170919299, 0.3195280358195305, 0.3211603220552206, 0.32102443696931005]
1 1.608 [0.3261220201384276, 0.32095693587325513, 0.32249479508027434, 0.3188779870979488, 0.3196081928908825]
3 1.603 [0.32456765114329755, 0.31947871297597885, 0.3191592360381037, 0.32002954510971904, 0.3191024649422616]
2 1.654 [0.3272636828478426, 0.3229218767955899, 0.36554003902710974, 0.3190845490898937, 0.318960121832788]
2026-04-21 11:26:23.657258 Sync done -> model run start
net_times: [[11.308, 0.174, 401408, 100352], [2.137, 0.156, 401408, 100352], [3.807, 0.178, 401408, 100352], [3.771, 0.182, 401408, 100352], [3.797, 0.184, 401408, 100352], [3.801, 0.176, 401408, 100352], [3.873, 0.177, 401408, 100352], [3.785, 0.18, 401408, 100352], [3.854, 0.179, 401408, 100352], [3.822, 0.177, 401408, 100352]]
echo 'race4fun' | sudo -S sh -c 'journalctl --since "2026-04-21 11:25:16.748519" --until "2026-04-21 11:26:23.657258" -k -o short-iso '| grep -i -E 'throttle|throttled|thermal|cpufreq|under-voltage|voltage'
