<<<<<<<< HEAD:logs/roofline/resnet18_children_bramble-4-5/1/10_size/2_2/speed_heatbramble-4-5-4.log
TIME:14:12:13
38628
cpu:average: 0.40, 0.51,,freq:frequency(48)=600000000,throttle_flag:throttled=0x50005,voltage:volt=1.2000V,volt=1.2500V,volt=1.2500V,volt=1.2250V
TIME:14:12:14
38628
cpu:average: 0.40, 0.51,,freq:frequency(48)=600000000,throttle_flag:throttled=0x50005,voltage:volt=1.2000V,volt=1.2500V,volt=1.2500V,volt=1.2250V
TIME:14:12:15
38628
cpu:average: 0.40, 0.51,,freq:frequency(48)=1400000000,throttle_flag:throttled=0x50000,voltage:volt=1.3625V,volt=1.2500V,volt=1.2500V,volt=1.2250V
TIME:14:12:16
38628
cpu:average: 0.37, 0.50,,freq:frequency(48)=1400000000,throttle_flag:throttled=0x50000,voltage:volt=1.3625V,volt=1.2500V,volt=1.2500V,volt=1.2250V
TIME:14:12:17
38628
cpu:average: 0.37, 0.50,,freq:frequency(48)=1400000000,throttle_flag:throttled=0x50000,voltage:volt=1.3625V,volt=1.2500V,volt=1.2500V,volt=1.2250V
TIME:14:12:19
38628
cpu:average: 0.37, 0.50,,freq:frequency(48)=800000000,throttle_flag:throttled=0x50000,voltage:volt=1.2625V,volt=1.2500V,volt=1.2500V,volt=1.2250V
TIME:14:12:20
38628
cpu:average: 0.37, 0.50,,freq:frequency(48)=1400002000,throttle_flag:throttled=0x50000,voltage:volt=1.3625V,volt=1.2500V,volt=1.2500V,volt=1.2250V
TIME:14:12:21
39166
cpu:average: 0.34, 0.49,,freq:frequency(48)=1400002000,throttle_flag:throttled=0x50000,voltage:volt=1.3625V,volt=1.2500V,volt=1.2500V,volt=1.2250V
TIME:14:12:22
39166
cpu:average: 0.34, 0.49,,freq:frequency(48)=1400000000,throttle_flag:throttled=0x50000,voltage:volt=1.3625V,volt=1.2500V,volt=1.2500V,volt=1.2250V
TIME:14:12:23
38628
cpu:average: 0.34, 0.49,,freq:frequency(48)=1400000000,throttle_flag:throttled=0x50000,voltage:volt=1.3625V,volt=1.2500V,volt=1.2500V,volt=1.2250V
TIME:14:12:24
38628
cpu:average: 0.34, 0.49,,freq:frequency(48)=600000000,throttle_flag:throttled=0x50000,voltage:volt=1.2625V,volt=1.2500V,volt=1.2500V,volt=1.2250V
TIME:14:12:25
38628
cpu:average: 0.34, 0.49,,freq:frequency(48)=600000000,throttle_flag:throttled=0x50000,voltage:volt=1.2625V,volt=1.2500V,volt=1.2500V,volt=1.2250V
TIME:14:12:26
38628
cpu:average: 0.31, 0.48,,freq:frequency(48)=600000000,throttle_flag:throttled=0x50000,voltage:volt=1.2625V,volt=1.2500V,volt=1.2500V,volt=1.2250V
TIME:14:12:27
38628
cpu:average: 0.31, 0.48,,freq:frequency(48)=800000000,throttle_flag:throttled=0x50000,voltage:volt=1.2625V,volt=1.2500V,volt=1.2500V,volt=1.2250V
TIME:14:12:28
38628
cpu:average: 0.31, 0.48,,freq:frequency(48)=800000000,throttle_flag:throttled=0x50000,voltage:volt=1.2625V,volt=1.2500V,volt=1.2500V,volt=1.2250V
TIME:14:12:30
38628
cpu:average: 0.31, 0.48,,freq:frequency(48)=800000000,throttle_flag:throttled=0x50000,voltage:volt=1.2625V,volt=1.2500V,volt=1.2500V,volt=1.2250V
TIME:14:12:31
38628
cpu:average: 0.29, 0.47,,freq:frequency(48)=600000000,throttle_flag:throttled=0x50000,voltage:volt=1.2625V,volt=1.2500V,volt=1.2500V,volt=1.2250V
TIME:14:12:32
37552
cpu:average: 0.29, 0.47,,freq:frequency(48)=600000000,throttle_flag:throttled=0x50000,voltage:volt=1.2625V,volt=1.2500V,volt=1.2500V,volt=1.2250V
TIME:14:12:33
38090
cpu:average: 0.29, 0.47,,freq:frequency(48)=800000000,throttle_flag:throttled=0x50000,voltage:volt=1.2625V,volt=1.2500V,volt=1.2500V,volt=1.2250V
TIME:14:12:34
38090
cpu:average: 0.29, 0.47,,freq:frequency(48)=800000000,throttle_flag:throttled=0x50000,voltage:volt=1.2625V,volt=1.2500V,volt=1.2500V,volt=1.2250V
TIME:14:12:35
38090
cpu:average: 0.29, 0.47,,freq:frequency(48)=800002000,throttle_flag:throttled=0x50000,voltage:volt=1.2625V,volt=1.2500V,volt=1.2500V,volt=1.2250V
TIME:14:12:36
38090
cpu:average: 0.34, 0.48,,freq:frequency(48)=800000000,throttle_flag:throttled=0x50000,voltage:volt=1.2625V,volt=1.2500V,volt=1.2500V,volt=1.2250V
TIME:14:12:37
37552
cpu:average: 0.34, 0.48,,freq:frequency(48)=800000000,throttle_flag:throttled=0x50000,voltage:volt=1.2625V,volt=1.2500V,volt=1.2500V,volt=1.2250V
TIME:14:12:38
38090
cpu:average: 0.34, 0.48,,freq:frequency(48)=800000000,throttle_flag:throttled=0x50000,voltage:volt=1.2625V,volt=1.2500V,volt=1.2500V,volt=1.2250V
TIME:14:12:40
38628
cpu:average: 0.34, 0.48,,freq:frequency(48)=800000000,throttle_flag:throttled=0x50000,voltage:volt=1.2625V,volt=1.2500V,volt=1.2500V,volt=1.2250V
TIME:14:12:41
38090
cpu:average: 0.32, 0.48,,freq:frequency(48)=800000000,throttle_flag:throttled=0x50000,voltage:volt=1.2625V,volt=1.2500V,volt=1.2500V,volt=1.2250V
TIME:14:12:42
38090
cpu:average: 0.32, 0.48,,freq:frequency(48)=1000000000,throttle_flag:throttled=0x50000,voltage:volt=1.2625V,volt=1.2500V,volt=1.2500V,volt=1.2250V
TIME:14:12:43
37552
cpu:average: 0.32, 0.48,,freq:frequency(48)=700000000,throttle_flag:throttled=0x50000,voltage:volt=1.2625V,volt=1.2500V,volt=1.2500V,volt=1.2250V
TIME:14:12:44
37552
cpu:average: 0.32, 0.48,,freq:frequency(48)=800000000,throttle_flag:throttled=0x50000,voltage:volt=1.2625V,volt=1.2500V,volt=1.2500V,volt=1.2250V
TIME:14:12:45
37552
cpu:average: 0.32, 0.48,,freq:frequency(48)=800000000,throttle_flag:throttled=0x50000,voltage:volt=1.2625V,volt=1.2500V,volt=1.2500V,volt=1.2250V
TIME:14:12:46
38090
cpu:average: 0.29, 0.47,,freq:frequency(48)=900000000,throttle_flag:throttled=0x50000,voltage:volt=1.2625V,volt=1.2500V,volt=1.2500V,volt=1.2250V
TIME:14:12:47
38628
cpu:average: 0.29, 0.47,,freq:frequency(48)=1400000000,throttle_flag:throttled=0x50000,voltage:volt=1.3625V,volt=1.2500V,volt=1.2500V,volt=1.2250V
TIME:14:12:49
38628
cpu:average: 0.29, 0.47,,freq:frequency(48)=1400000000,throttle_flag:throttled=0x50000,voltage:volt=1.3625V,volt=1.2500V,volt=1.2500V,volt=1.2250V
TIME:14:12:50
38628
cpu:average: 0.29, 0.47,,freq:frequency(48)=1400000000,throttle_flag:throttled=0x50000,voltage:volt=1.3625V,volt=1.2500V,volt=1.2500V,volt=1.2250V
TIME:14:12:51
38628
cpu:average: 0.29, 0.47,,freq:frequency(48)=1400000000,throttle_flag:throttled=0x50000,voltage:volt=1.3625V,volt=1.2500V,volt=1.2500V,volt=1.2250V
TIME:14:12:52
38628
cpu:average: 0.35, 0.48,,freq:frequency(48)=600000000,throttle_flag:throttled=0x50000,voltage:volt=1.2625V,volt=1.2500V,volt=1.2500V,volt=1.2250V
TIME:14:12:53
38090
cpu:average: 0.35, 0.48,,freq:frequency(48)=700000000,throttle_flag:throttled=0x50000,voltage:volt=1.2625V,volt=1.2500V,volt=1.2500V,volt=1.2250V
TIME:14:12:54
38090
cpu:average: 0.35, 0.48,,freq:frequency(48)=800000000,throttle_flag:throttled=0x50000,voltage:volt=1.2625V,volt=1.2500V,volt=1.2500V,volt=1.2250V
TIME:14:12:55
38628
cpu:average: 0.35, 0.48,,freq:frequency(48)=700000000,throttle_flag:throttled=0x50000,voltage:volt=1.2625V,volt=1.2500V,volt=1.2500V,volt=1.2250V
TIME:14:12:56
37552
cpu:average: 0.32, 0.47,,freq:frequency(48)=600000000,throttle_flag:throttled=0x50000,voltage:volt=1.2625V,volt=1.2500V,volt=1.2500V,volt=1.2250V
TIME:14:12:57
37552
cpu:average: 0.32, 0.47,,freq:frequency(48)=600000000,throttle_flag:throttled=0x50000,voltage:volt=1.2625V,volt=1.2500V,volt=1.2500V,volt=1.2250V
TIME:14:12:58
37552
cpu:average: 0.32, 0.47,,freq:frequency(48)=600000000,throttle_flag:throttled=0x50000,voltage:volt=1.2625V,volt=1.2500V,volt=1.2500V,volt=1.2250V
TIME:14:13:00
38090
cpu:average: 0.32, 0.47,,freq:frequency(48)=600000000,throttle_flag:throttled=0x50000,voltage:volt=1.2625V,volt=1.2500V,volt=1.2500V,volt=1.2250V
TIME:14:13:01
37552
cpu:average: 0.32, 0.47,,freq:frequency(48)=600000000,throttle_flag:throttled=0x50000,voltage:volt=1.2625V,volt=1.2500V,volt=1.2500V,volt=1.2250V
TIME:14:13:02
37552
cpu:average: 0.45, 0.49,,freq:frequency(48)=600000000,throttle_flag:throttled=0x50000,voltage:volt=1.2625V,volt=1.2500V,volt=1.2500V,volt=1.2250V
TIME:14:13:03
37552
cpu:average: 0.45, 0.49,,freq:frequency(48)=800000000,throttle_flag:throttled=0x50000,voltage:volt=1.2625V,volt=1.2500V,volt=1.2500V,volt=1.2250V
TIME:14:13:04
37552
cpu:average: 0.45, 0.49,,freq:frequency(48)=800000000,throttle_flag:throttled=0x50000,voltage:volt=1.2625V,volt=1.2500V,volt=1.2500V,volt=1.2250V
TIME:14:13:05
38090
cpu:average: 0.45, 0.49,,freq:frequency(48)=800000000,throttle_flag:throttled=0x50000,voltage:volt=1.2625V,volt=1.2500V,volt=1.2500V,volt=1.2250V
TIME:14:13:06
37552
cpu:average: 0.42, 0.49,,freq:frequency(48)=800000000,throttle_flag:throttled=0x50000,voltage:volt=1.2625V,volt=1.2500V,volt=1.2500V,volt=1.2250V
TIME:14:13:07
38090
cpu:average: 0.42, 0.49,,freq:frequency(48)=800000000,throttle_flag:throttled=0x50000,voltage:volt=1.2625V,volt=1.2500V,volt=1.2500V,volt=1.2250V
TIME:14:13:08
37014
cpu:average: 0.42, 0.49,,freq:frequency(48)=600000000,throttle_flag:throttled=0x50000,voltage:volt=1.2625V,volt=1.2500V,volt=1.2500V,volt=1.2250V
TIME:14:13:10
37552
cpu:average: 0.42, 0.49,,freq:frequency(48)=800000000,throttle_flag:throttled=0x50000,voltage:volt=1.2625V,volt=1.2500V,volt=1.2500V,volt=1.2250V
TIME:14:13:11
38090
cpu:average: 0.42, 0.49,,freq:frequency(48)=800000000,throttle_flag:throttled=0x50000,voltage:volt=1.2625V,volt=1.2500V,volt=1.2500V,volt=1.2250V
TIME:14:13:12
38090
cpu:average: 0.54, 0.51,,freq:frequency(48)=700000000,throttle_flag:throttled=0x50000,voltage:volt=1.2625V,volt=1.2500V,volt=1.2500V,volt=1.2250V
TIME:14:13:13
37552
cpu:average: 0.54, 0.51,,freq:frequency(48)=700000000,throttle_flag:throttled=0x50000,voltage:volt=1.2625V,volt=1.2500V,volt=1.2500V,volt=1.2250V
TIME:14:13:14
37552
cpu:average: 0.54, 0.51,,freq:frequency(48)=800000000,throttle_flag:throttled=0x50000,voltage:volt=1.2625V,volt=1.2500V,volt=1.2500V,volt=1.2250V
TIME:14:13:15
37552
cpu:average: 0.54, 0.51,,freq:frequency(48)=700000000,throttle_flag:throttled=0x50000,voltage:volt=1.2625V,volt=1.2500V,volt=1.2500V,volt=1.2250V
TIME:14:13:16
38090
cpu:average: 0.58, 0.52,,freq:frequency(48)=700000000,throttle_flag:throttled=0x50000,voltage:volt=1.2625V,volt=1.2500V,volt=1.2500V,volt=1.2250V
TIME:14:13:17
37552
cpu:average: 0.58, 0.52,,freq:frequency(48)=700000000,throttle_flag:throttled=0x50000,voltage:volt=1.2625V,volt=1.2500V,volt=1.2500V,volt=1.2250V
TIME:14:13:18
38090
cpu:average: 0.58, 0.52,,freq:frequency(48)=700000000,throttle_flag:throttled=0x50000,voltage:volt=1.2625V,volt=1.2500V,volt=1.2500V,volt=1.2250V
TIME:14:13:20
37552
cpu:average: 0.58, 0.52,,freq:frequency(48)=800000000,throttle_flag:throttled=0x50000,voltage:volt=1.2625V,volt=1.2500V,volt=1.2500V,volt=1.2250V
TIME:14:13:21
39166
cpu:average: 0.69, 0.54,,freq:frequency(48)=1400000000,throttle_flag:throttled=0x50000,voltage:volt=1.3625V,volt=1.2500V,volt=1.2500V,volt=1.2250V
TIME:14:13:22
39166
cpu:average: 0.69, 0.54,,freq:frequency(48)=1400000000,throttle_flag:throttled=0x50000,voltage:volt=1.3625V,volt=1.2500V,volt=1.2500V,volt=1.2250V
TIME:14:13:23
39704
cpu:average: 0.69, 0.54,,freq:frequency(48)=1400000000,throttle_flag:throttled=0x50000,voltage:volt=1.3625V,volt=1.2500V,volt=1.2500V,volt=1.2250V
TIME:14:13:24
39166
cpu:average: 0.69, 0.54,,freq:frequency(48)=1400000000,throttle_flag:throttled=0x50000,voltage:volt=1.3625V,volt=1.2500V,volt=1.2500V,volt=1.2250V
========
TIME:13:17:56
38628
cpu:average: 0.65, 0.73,,freq:frequency(48)=600000000,throttle_flag:throttled=0x50005,voltage:volt=1.2000V,volt=1.2500V,volt=1.2500V,volt=1.2250V
TIME:13:17:57
38628
cpu:average: 0.60, 0.72,,freq:frequency(48)=1400000000,throttle_flag:throttled=0x50000,voltage:volt=1.3625V,volt=1.2500V,volt=1.2500V,volt=1.2250V
TIME:13:17:59
38628
cpu:average: 0.60, 0.72,,freq:frequency(48)=1400000000,throttle_flag:throttled=0x50000,voltage:volt=1.3625V,volt=1.2500V,volt=1.2500V,volt=1.2250V
TIME:13:18:00
38628
cpu:average: 0.60, 0.72,,freq:frequency(48)=1400000000,throttle_flag:throttled=0x50000,voltage:volt=1.3625V,volt=1.2500V,volt=1.2500V,volt=1.2250V
TIME:13:18:01
39166
cpu:average: 0.60, 0.72,,freq:frequency(48)=800000000,throttle_flag:throttled=0x50000,voltage:volt=1.2625V,volt=1.2500V,volt=1.2500V,volt=1.2250V
TIME:13:18:02
38090
cpu:average: 0.60, 0.72,,freq:frequency(48)=600000000,throttle_flag:throttled=0x50000,voltage:volt=1.2625V,volt=1.2500V,volt=1.2500V,volt=1.2250V
TIME:13:18:03
38090
cpu:average: 0.63, 0.73,,freq:frequency(48)=600000000,throttle_flag:throttled=0x50000,voltage:volt=1.2625V,volt=1.2500V,volt=1.2500V,volt=1.2250V
TIME:13:18:04
38628
cpu:average: 0.63, 0.73,,freq:frequency(48)=600000000,throttle_flag:throttled=0x50000,voltage:volt=1.2625V,volt=1.2500V,volt=1.2500V,volt=1.2250V
TIME:13:18:05
38628
cpu:average: 0.63, 0.73,,freq:frequency(48)=600000000,throttle_flag:throttled=0x50000,voltage:volt=1.2625V,volt=1.2500V,volt=1.2500V,volt=1.2250V
TIME:13:18:06
37552
cpu:average: 0.63, 0.73,,freq:frequency(48)=800000000,throttle_flag:throttled=0x50000,voltage:volt=1.2625V,volt=1.2500V,volt=1.2500V,volt=1.2250V
TIME:13:18:07
38090
cpu:average: 0.58, 0.71,,freq:frequency(48)=800000000,throttle_flag:throttled=0x50000,voltage:volt=1.2625V,volt=1.2500V,volt=1.2500V,volt=1.2250V
TIME:13:18:08
37552
cpu:average: 0.58, 0.71,,freq:frequency(48)=800000000,throttle_flag:throttled=0x50000,voltage:volt=1.2625V,volt=1.2500V,volt=1.2500V,volt=1.2250V
TIME:13:18:10
37552
cpu:average: 0.58, 0.71,,freq:frequency(48)=800000000,throttle_flag:throttled=0x50000,voltage:volt=1.2625V,volt=1.2500V,volt=1.2500V,volt=1.2250V
TIME:13:18:11
38090
cpu:average: 0.58, 0.71,,freq:frequency(48)=800000000,throttle_flag:throttled=0x50000,voltage:volt=1.2625V,volt=1.2500V,volt=1.2500V,volt=1.2250V
TIME:13:18:12
38090
cpu:average: 0.58, 0.71,,freq:frequency(48)=600000000,throttle_flag:throttled=0x50000,voltage:volt=1.2625V,volt=1.2500V,volt=1.2500V,volt=1.2250V
TIME:13:18:13
37552
cpu:average: 0.54, 0.70,,freq:frequency(48)=800002000,throttle_flag:throttled=0x50000,voltage:volt=1.2625V,volt=1.2500V,volt=1.2500V,volt=1.2250V
TIME:13:18:14
37552
cpu:average: 0.54, 0.70,,freq:frequency(48)=800000000,throttle_flag:throttled=0x50000,voltage:volt=1.2625V,volt=1.2500V,volt=1.2500V,volt=1.2250V
TIME:13:18:15
38090
cpu:average: 0.54, 0.70,,freq:frequency(48)=800000000,throttle_flag:throttled=0x50000,voltage:volt=1.2625V,volt=1.2500V,volt=1.2500V,volt=1.2250V
TIME:13:18:16
38090
cpu:average: 0.54, 0.70,,freq:frequency(48)=800000000,throttle_flag:throttled=0x50000,voltage:volt=1.2625V,volt=1.2500V,volt=1.2500V,volt=1.2250V
TIME:13:18:17
37552
cpu:average: 0.49, 0.69,,freq:frequency(48)=800002000,throttle_flag:throttled=0x50000,voltage:volt=1.2625V,volt=1.2500V,volt=1.2500V,volt=1.2250V
TIME:13:18:18
37552
cpu:average: 0.49, 0.69,,freq:frequency(48)=800000000,throttle_flag:throttled=0x50000,voltage:volt=1.2625V,volt=1.2500V,volt=1.2500V,volt=1.2250V
TIME:13:18:20
37552
cpu:average: 0.49, 0.69,,freq:frequency(48)=700000000,throttle_flag:throttled=0x50000,voltage:volt=1.2625V,volt=1.2500V,volt=1.2500V,volt=1.2250V
TIME:13:18:21
37552
cpu:average: 0.49, 0.69,,freq:frequency(48)=800000000,throttle_flag:throttled=0x50000,voltage:volt=1.2625V,volt=1.2500V,volt=1.2500V,volt=1.2250V
TIME:13:18:22
38090
cpu:average: 0.49, 0.69,,freq:frequency(48)=700000000,throttle_flag:throttled=0x50000,voltage:volt=1.2625V,volt=1.2500V,volt=1.2500V,volt=1.2250V
TIME:13:18:23
37552
cpu:average: 0.45, 0.68,,freq:frequency(48)=800000000,throttle_flag:throttled=0x50000,voltage:volt=1.2625V,volt=1.2500V,volt=1.2500V,volt=1.2250V
TIME:13:18:24
37552
cpu:average: 0.45, 0.68,,freq:frequency(48)=900000000,throttle_flag:throttled=0x50000,voltage:volt=1.2625V,volt=1.2500V,volt=1.2500V,volt=1.2250V
TIME:13:18:25
37552
cpu:average: 0.45, 0.68,,freq:frequency(48)=800000000,throttle_flag:throttled=0x50000,voltage:volt=1.2625V,volt=1.2500V,volt=1.2500V,volt=1.2250V
TIME:13:18:26
37552
cpu:average: 0.45, 0.68,,freq:frequency(48)=800000000,throttle_flag:throttled=0x50000,voltage:volt=1.2625V,volt=1.2500V,volt=1.2500V,volt=1.2250V
TIME:13:18:27
37552
cpu:average: 0.42, 0.67,,freq:frequency(48)=900000000,throttle_flag:throttled=0x50000,voltage:volt=1.2625V,volt=1.2500V,volt=1.2500V,volt=1.2250V
TIME:13:18:29
37552
cpu:average: 0.42, 0.67,,freq:frequency(48)=800000000,throttle_flag:throttled=0x50000,voltage:volt=1.2625V,volt=1.2500V,volt=1.2500V,volt=1.2250V
TIME:13:18:30
37552
cpu:average: 0.42, 0.67,,freq:frequency(48)=600000000,throttle_flag:throttled=0x50005,voltage:volt=1.2000V,volt=1.2500V,volt=1.2500V,volt=1.2250V
TIME:13:18:31
37552
cpu:average: 0.42, 0.67,,freq:frequency(48)=600000000,throttle_flag:throttled=0x50005,voltage:volt=1.2000V,volt=1.2500V,volt=1.2500V,volt=1.2250V
TIME:13:18:32
38090
cpu:average: 0.42, 0.67,,freq:frequency(48)=1400000000,throttle_flag:throttled=0x50000,voltage:volt=1.3625V,volt=1.2500V,volt=1.2500V,volt=1.2250V
TIME:13:18:33
37552
cpu:average: 0.38, 0.66,,freq:frequency(48)=1400000000,throttle_flag:throttled=0x50000,voltage:volt=1.3625V,volt=1.2500V,volt=1.2500V,volt=1.2250V
TIME:13:18:34
38628
cpu:average: 0.38, 0.66,,freq:frequency(48)=700000000,throttle_flag:throttled=0x50000,voltage:volt=1.2625V,volt=1.2500V,volt=1.2500V,volt=1.2250V
TIME:13:18:35
38090
cpu:average: 0.38, 0.66,,freq:frequency(48)=1400000000,throttle_flag:throttled=0x50000,voltage:volt=1.3625V,volt=1.2500V,volt=1.2500V,volt=1.2250V
TIME:13:18:36
38090
cpu:average: 0.38, 0.66,,freq:frequency(48)=1400000000,throttle_flag:throttled=0x50000,voltage:volt=1.3625V,volt=1.2500V,volt=1.2500V,volt=1.2250V
TIME:13:18:37
38628
cpu:average: 0.35, 0.64,,freq:frequency(48)=1400000000,throttle_flag:throttled=0x50000,voltage:volt=1.3625V,volt=1.2500V,volt=1.2500V,volt=1.2250V
TIME:13:18:39
38628
cpu:average: 0.35, 0.64,,freq:frequency(48)=1399998000,throttle_flag:throttled=0x50000,voltage:volt=1.3625V,volt=1.2500V,volt=1.2500V,volt=1.2250V
TIME:13:18:40
37552
cpu:average: 0.35, 0.64,,freq:frequency(48)=1400000000,throttle_flag:throttled=0x50000,voltage:volt=1.3625V,volt=1.2500V,volt=1.2500V,volt=1.2250V
TIME:13:18:41
38090
cpu:average: 0.35, 0.64,,freq:frequency(48)=600000000,throttle_flag:throttled=0x50000,voltage:volt=1.2625V,volt=1.2500V,volt=1.2500V,volt=1.2250V
TIME:13:18:42
38090
cpu:average: 0.35, 0.64,,freq:frequency(48)=600000000,throttle_flag:throttled=0x50000,voltage:volt=1.2625V,volt=1.2500V,volt=1.2500V,volt=1.2250V
TIME:13:18:43
37014
cpu:average: 0.40, 0.65,,freq:frequency(48)=600000000,throttle_flag:throttled=0x50000,voltage:volt=1.2625V,volt=1.2500V,volt=1.2500V,volt=1.2250V
TIME:13:18:44
37552
cpu:average: 0.40, 0.65,,freq:frequency(48)=600000000,throttle_flag:throttled=0x50000,voltage:volt=1.2625V,volt=1.2500V,volt=1.2500V,volt=1.2250V
TIME:13:18:45
37552
cpu:average: 0.40, 0.65,,freq:frequency(48)=600000000,throttle_flag:throttled=0x50000,voltage:volt=1.2625V,volt=1.2500V,volt=1.2500V,volt=1.2250V
TIME:13:18:46
38090
cpu:average: 0.40, 0.65,,freq:frequency(48)=600000000,throttle_flag:throttled=0x50000,voltage:volt=1.2625V,volt=1.2500V,volt=1.2500V,volt=1.2250V
TIME:13:18:47
37552
cpu:average: 0.45, 0.66,,freq:frequency(48)=600000000,throttle_flag:throttled=0x50000,voltage:volt=1.2625V,volt=1.2500V,volt=1.2500V,volt=1.2250V
TIME:13:18:48
37552
cpu:average: 0.45, 0.66,,freq:frequency(48)=800000000,throttle_flag:throttled=0x50000,voltage:volt=1.2625V,volt=1.2500V,volt=1.2500V,volt=1.2250V
TIME:13:18:50
37014
cpu:average: 0.45, 0.66,,freq:frequency(48)=800000000,throttle_flag:throttled=0x50000,voltage:volt=1.2625V,volt=1.2500V,volt=1.2500V,volt=1.2250V
TIME:13:18:51
37014
cpu:average: 0.45, 0.66,,freq:frequency(48)=600000000,throttle_flag:throttled=0x50000,voltage:volt=1.2625V,volt=1.2500V,volt=1.2500V,volt=1.2250V
TIME:13:18:52
37552
cpu:average: 0.45, 0.66,,freq:frequency(48)=600000000,throttle_flag:throttled=0x50000,voltage:volt=1.2625V,volt=1.2500V,volt=1.2500V,volt=1.2250V
TIME:13:18:53
37014
cpu:average: 0.42, 0.65,,freq:frequency(48)=600000000,throttle_flag:throttled=0x50000,voltage:volt=1.2625V,volt=1.2500V,volt=1.2500V,volt=1.2250V
TIME:13:18:54
37014
cpu:average: 0.42, 0.65,,freq:frequency(48)=600000000,throttle_flag:throttled=0x50000,voltage:volt=1.2625V,volt=1.2500V,volt=1.2500V,volt=1.2250V
TIME:13:18:55
37014
cpu:average: 0.42, 0.65,,freq:frequency(48)=600000000,throttle_flag:throttled=0x50000,voltage:volt=1.2625V,volt=1.2500V,volt=1.2500V,volt=1.2250V
TIME:13:18:56
37552
cpu:average: 0.42, 0.65,,freq:frequency(48)=800000000,throttle_flag:throttled=0x50000,voltage:volt=1.2625V,volt=1.2500V,volt=1.2500V,volt=1.2250V
TIME:13:18:57
37552
cpu:average: 0.38, 0.64,,freq:frequency(48)=800000000,throttle_flag:throttled=0x50000,voltage:volt=1.2625V,volt=1.2500V,volt=1.2500V,volt=1.2250V
TIME:13:18:58
37014
cpu:average: 0.38, 0.64,,freq:frequency(48)=800000000,throttle_flag:throttled=0x50000,voltage:volt=1.2625V,volt=1.2500V,volt=1.2500V,volt=1.2250V
TIME:13:19:00
37014
cpu:average: 0.38, 0.64,,freq:frequency(48)=800000000,throttle_flag:throttled=0x50000,voltage:volt=1.2625V,volt=1.2500V,volt=1.2500V,volt=1.2250V
TIME:13:19:01
37552
cpu:average: 0.38, 0.64,,freq:frequency(48)=800000000,throttle_flag:throttled=0x50000,voltage:volt=1.2625V,volt=1.2500V,volt=1.2500V,volt=1.2250V
TIME:13:19:02
37552
cpu:average: 0.38, 0.64,,freq:frequency(48)=800000000,throttle_flag:throttled=0x50000,voltage:volt=1.2625V,volt=1.2500V,volt=1.2500V,volt=1.2250V
TIME:13:19:03
38628
cpu:average: 0.35, 0.62,,freq:frequency(48)=600000000,throttle_flag:throttled=0x50005,voltage:volt=1.2000V,volt=1.2500V,volt=1.2500V,volt=1.2250V
TIME:13:19:04
38090
cpu:average: 0.35, 0.62,,freq:frequency(48)=1400000000,throttle_flag:throttled=0x50000,voltage:volt=1.3625V,volt=1.2500V,volt=1.2500V,volt=1.2250V
TIME:13:19:05
38628
cpu:average: 0.35, 0.62,,freq:frequency(48)=1400000000,throttle_flag:throttled=0x50000,voltage:volt=1.3625V,volt=1.2500V,volt=1.2500V,volt=1.2250V
TIME:13:19:06
38628
cpu:average: 0.35, 0.62,,freq:frequency(48)=1399998000,throttle_flag:throttled=0x50000,voltage:volt=1.3625V,volt=1.2500V,volt=1.2500V,volt=1.2250V
>>>>>>>> 978dcc83 (emergency commit?):logs/roofline/resnet18_children_bramble-4-5/7/9_size/2_2/speed_heatbramble-4-5-4.log
