ALL SYNC
2026-04-21 11:22:38.408986 Sync done -> model run start
2026-04-21 11:22:38.408989 Sync done -> model run start
2026-04-21 11:22:38.409185 Sync done -> model run start
2026-04-21 11:22:38.409204 Sync done -> model run start
3 0.473 [0.12790904403664172, 0.09953853907063603, 0.0830545979551971, 0.08113241801038384, 0.08081700303591788]
2 0.479 [0.1279184720478952, 0.10004082811065018, 0.08342298096977174, 0.08285553683526814, 0.08459927910007536]
1 0.469 [0.1279126899316907, 0.09884937480092049, 0.08184960298240185, 0.07996888202615082, 0.08064809697680175]
0 0.501 [0.12791404407471418, 0.10424648690968752, 0.0855680771637708, 0.08539964002557099, 0.0976741190534085]
2026-04-21 11:22:44.915087 Sync done -> model run start
2026-04-21 11:22:44.920377 Sync done -> model run start
2026-04-21 11:22:44.930027 Sync done -> model run start
2026-04-21 11:22:44.936866 Sync done -> model run start
0 0.412 [0.08751535997726023, 0.09652188397012651, 0.08057148288935423, 0.07652186485938728, 0.07072011800482869]
2 0.409 [0.0947579329367727, 0.09200403885915875, 0.07613202300854027, 0.0756504109594971, 0.0705634520854801]
1 0.443 [0.08714468404650688, 0.09391054208390415, 0.08038388006389141, 0.07519494299776852, 0.1063367910683155]
3 0.427 [0.0952572540845722, 0.09315601293928921, 0.07835998199880123, 0.07727024704217911, 0.08318574307486415]
2026-04-21 11:22:50.993507 Sync done -> model run start
2026-04-21 11:22:50.999367 Sync done -> model run start
2026-04-21 11:22:51.015248 Sync done -> model run start
2026-04-21 11:22:51.018720 Sync done -> model run start
2 0.435 [0.10942224692553282, 0.10151665494777262, 0.07617530296556652, 0.0771301428321749, 0.07004329795017838]
0 0.456 [0.09310179483145475, 0.1148099850397557, 0.08734338195063174, 0.08561219088733196, 0.07522494299337268]
3 0.453 [0.11894543585367501, 0.0946863719727844, 0.07918143691495061, 0.0822401219047606, 0.07811383809894323]
1 0.51 [0.1290220080409199, 0.09288179595023394, 0.07478796597570181, 0.09207586199045181, 0.12054865807294846]
2026-04-21 11:22:57.063377 Sync done -> model run start
2026-04-21 11:22:57.071530 Sync done -> model run start
2026-04-21 11:22:57.081959 Sync done -> model run start
2026-04-21 11:22:57.088640 Sync done -> model run start
0 0.408 [0.08200205001048744, 0.09297278500162065, 0.07952117500826716, 0.0804712229873985, 0.07229943503625691]
2 0.404 [0.09341194992884994, 0.08997295401059091, 0.07215230003930628, 0.07424317696131766, 0.07417182298377156]
3 0.424 [0.09472569380886853, 0.09071982582099736, 0.07478780997917056, 0.07670894707553089, 0.08684270712547004]
1 0.419 [0.08614609600044787, 0.09281809814274311, 0.07769691199064255, 0.07517634984105825, 0.08641973999328911]
2026-04-21 11:23:03.106639 Sync done -> model run start
2026-04-21 11:23:03.110345 Sync done -> model run start
2026-04-21 11:23:03.121271 Sync done -> model run start
2026-04-21 11:23:03.128626 Sync done -> model run start
0 0.417 [0.08869655290618539, 0.0954549100715667, 0.07920643710531294, 0.07713347603566945, 0.07643920904956758]
2 0.415 [0.09348226292058825, 0.09150430094450712, 0.07427609292790294, 0.07647790713235736, 0.07879435503855348]
3 0.437 [0.0960543870460242, 0.09313799301162362, 0.0774729021359235, 0.0773813920095563, 0.09228992299176753]
1 0.415 [0.08807358797639608, 0.09478730894625187, 0.08006351720541716, 0.07483020587824285, 0.0767578009981662]
2026-04-21 11:23:09.142852 Sync done -> model run start
2026-04-21 11:23:09.148370 Sync done -> model run start
2026-04-21 11:23:09.158995 Sync done -> model run start
2026-04-21 11:23:09.164688 Sync done -> model run start
1 0.42 [0.08790744212456048, 0.09371908404864371, 0.07488853903487325, 0.08125023008324206, 0.0816438221372664]
2 0.423 [0.0954820450861007, 0.0919099252205342, 0.07642124104313552, 0.0781259210780263, 0.08127325121313334]
0 0.422 [0.08299272297881544, 0.092818982899189, 0.08204996609129012, 0.08123950101435184, 0.08261543302796781]
2026-04-21 11:23:15.168292 Sync done -> model run start
2026-04-21 11:23:15.173460 Sync done -> model run start
2026-04-21 11:23:15.185138 Sync done -> model run start
2026-04-21 11:23:15.193421 Sync done -> model run start
0 0.404 [0.08292001485824585, 0.09010092192329466, 0.07868565805256367, 0.07597546093165874, 0.07651998987421393]
1 0.401 [0.08735921490006149, 0.09208445507101715, 0.0749048930592835, 0.07228532014414668, 0.07398906303569674]
2 0.41 [0.0923498710617423, 0.09068722208030522, 0.07295661885291338, 0.0742688539903611, 0.0796568519435823]
3 0.424 [0.09455663291737437, 0.08990899613127112, 0.07326224306598306, 0.07443682197481394, 0.09167107194662094]
2026-04-21 11:23:21.171341 Sync done -> model run start
2026-04-21 11:23:21.176422 Sync done -> model run start
2026-04-21 11:23:21.189314 Sync done -> model run start
2026-04-21 11:23:21.196947 Sync done -> model run start
0 0.404 [0.0833207939285785, 0.09231044398620725, 0.07823555520735681, 0.07503457996062934, 0.07507030805572867]
2 0.41 [0.09198185196146369, 0.09070378518663347, 0.07363984594121575, 0.07361802295781672, 0.0802353909239173]
1 0.401 [0.08679489395581186, 0.09224877809174359, 0.07316109701059759, 0.07378390803933144, 0.07462129998020828]
3 0.423 [0.09441449795849621, 0.09016842185519636, 0.07358005410060287, 0.0741479170974344, 0.09051769110374153]
2026-04-21 11:23:27.179192 Sync done -> model run start
2026-04-21 11:23:27.184553 Sync done -> model run start
2026-04-21 11:23:27.193733 Sync done -> model run start
2026-04-21 11:23:27.201685 Sync done -> model run start
0 0.41 [0.08653213595971465, 0.09341252292506397, 0.07517046388238668, 0.07947950903326273, 0.07492041401565075]
2 0.416 [0.093874657060951, 0.09122430300340056, 0.07385088712908328, 0.07528676581569016, 0.08164059277623892]
1 0.407 [0.08784905704669654, 0.0931319510564208, 0.07838128390721977, 0.07399875018745661, 0.0728629739023745]
3 0.43 [0.09588990802876651, 0.09131987602449954, 0.07545520202256739, 0.07618795987218618, 0.09108596993610263]
2026-04-21 11:23:33.181941 Sync done -> model run start
2026-04-21 11:23:33.188039 Sync done -> model run start
2026-04-21 11:23:33.199075 Sync done -> model run start
2026-04-21 11:23:33.204570 Sync done -> model run start
0 0.413 [0.0830277749337256, 0.09248695382848382, 0.08037169300951064, 0.07918742601759732, 0.07806352502666414]
1 0.414 [0.08699432108551264, 0.09262122400105, 0.07610504399053752, 0.07910284399986267, 0.07923461403697729]
2 0.417 [0.09452043497003615, 0.090794722083956, 0.07488270499743521, 0.07710847700946033, 0.07987841311842203]
3 0.425 [0.09517121315002441, 0.09124513599090278, 0.07544624409638345, 0.07708925800397992, 0.08602396002970636]
2026-04-21 11:23:39.092405 Sync done -> model run start
net_times: [[0.0, 5.63, 0, 3211264], [0.0, 5.272, 0, 3211264], [0.0, 5.215, 0, 3211264], [0.0, 5.234, 0, 3211264], [0.0, 5.233, 0, 3211264], [0.0, 5.218, 0, 3211264], [0.0, 5.213, 0, 3211264], [0.0, 5.213, 0, 3211264], [0.0, 5.201, 0, 3211264], [0.0, 5.204, 0, 3211264]]
echo 'race4fun' | sudo -S sh -c 'journalctl --since "2026-04-21 11:22:38.003389" --until "2026-04-21 11:23:39.092405" -k -o short-iso '| grep -i -E 'throttle|throttled|thermal|cpufreq|under-voltage|voltage'
