ALL SYNC
2026-04-21 11:22:53.559265 Sync done -> model run start
2026-04-21 11:22:53.559298 Sync done -> model run start
2026-04-21 11:22:53.559264 Sync done -> model run start
2026-04-21 11:22:53.559496 Sync done -> model run start
0 0.042 [0.03407864994369447, 0.0018598840106278658, 0.001845718128606677, 0.0017606669571250677, 0.0017867609858512878]
2 0.042 [0.03406641003675759, 0.0018633219879120588, 0.0018579058814793825, 0.001752438023686409, 0.0017830620054155588]
3 0.041 [0.03418573294766247, 0.0016972818411886692, 0.0018416550010442734, 0.0017608229536563158, 0.0017871249001473188]
1 0.042 [0.034066671039909124, 0.0018687390256673098, 0.0018455618992447853, 0.0017605628818273544, 0.0017869691364467144]
2026-04-21 11:22:57.802298 Sync done -> model run start
2026-04-21 11:22:57.802298 Sync done -> model run start
2026-04-21 11:22:57.809623 Sync done -> model run start
2026-04-21 11:22:57.815556 Sync done -> model run start
0 0.013 [0.005792621988803148, 0.0017469690646976233, 0.0016898850444704294, 0.0018206140957772732, 0.0016036878805607557]
1 0.013 [0.005793403135612607, 0.0017460838425904512, 0.001698843901976943, 0.0018185828812420368, 0.001604052959010005]
2 0.012 [0.006233711959794164, 0.0017517609521746635, 0.0015135849826037884, 0.0011013478506356478, 0.0011015560012310743]
3 0.009 [0.005022938828915358, 0.001041764859110117, 0.0008840051013976336, 0.000943067017942667, 0.0008898379746824503]
2026-04-21 11:23:03.971311 Sync done -> model run start
2026-04-21 11:23:03.971311 Sync done -> model run start
2026-04-21 11:23:03.971315 Sync done -> model run start
2026-04-21 11:23:03.971311 Sync done -> model run start
1 0.015 [0.0060572028160095215, 0.0022070701234042645, 0.0021314979530870914, 0.0019969670102000237, 0.00208233087323606]
0 0.015 [0.0060639220755547285, 0.002207381883636117, 0.00213155010715127, 0.001996707171201706, 0.002080092206597328]
2 0.015 [0.006064390996471047, 0.002207017969340086, 0.0021318099461495876, 0.0019968110136687756, 0.002080196049064398]
3 0.015 [0.006064754910767078, 0.0022086850367486477, 0.0021318099461495876, 0.0019967590924352407, 0.002079727128148079]
2026-04-21 11:23:10.001146 Sync done -> model run start
2026-04-21 11:23:10.001148 Sync done -> model run start
2026-04-21 11:23:10.006623 Sync done -> model run start
2026-04-21 11:23:10.009073 Sync done -> model run start
1 0.013 [0.005555488169193268, 0.0017580620478838682, 0.0017224380280822515, 0.0016623330302536488, 0.001656917156651616]
0 0.013 [0.0055562169291079044, 0.0017682190518826246, 0.0017206140328198671, 0.00167170912027359, 0.0016568650025874376]
2 0.013 [0.0064947528298944235, 0.0015312929172068834, 0.0016375940758734941, 0.001419627107679844, 0.0012026489712297916]
3 0.011 [0.006091994000598788, 0.0018558220472186804, 0.0013833248522132635, 0.0008824940305203199, 0.0008508800528943539]
2026-04-21 11:23:16.056267 Sync done -> model run start
2026-04-21 11:23:16.060751 Sync done -> model run start
2026-04-21 11:23:16.064132 Sync done -> model run start
2026-04-21 11:23:16.064138 Sync done -> model run start
0 0.016 [0.007287716958671808, 0.0022780071012675762, 0.0017758228350430727, 0.0018559261225163937, 0.0018856651149690151]
1 0.015 [0.0073075080290436745, 0.001809156034141779, 0.001858738949522376, 0.0020371749997138977, 0.002067434834316373]
2 0.015 [0.006678448989987373, 0.00222878810018301, 0.0019540509674698114, 0.0019507170654833317, 0.0014670221135020256]
2026-04-21 11:23:22.063042 Sync done -> model run start
2026-04-21 11:23:22.063049 Sync done -> model run start
2026-04-21 11:23:22.070049 Sync done -> model run start
2026-04-21 11:23:22.073357 Sync done -> model run start
0 0.014 [0.006291472818702459, 0.002062383806332946, 0.0019275411032140255, 0.001827488886192441, 0.0018684780225157738]
2 0.014 [0.007511362200602889, 0.0017842608503997326, 0.0016338960267603397, 0.001421032939106226, 0.0009492130484431982]
3 0.012 [0.006911885924637318, 0.0017607188783586025, 0.0013112949673086405, 0.0010043689981102943, 0.0011233789846301079]
1 0.014 [0.006291992962360382, 0.0020621749572455883, 0.0019276449456810951, 0.001823323080316186, 0.0018692079465836287]
2026-04-21 11:23:28.059269 Sync done -> model run start
2026-04-21 11:23:28.062685 Sync done -> model run start
2026-04-21 11:23:28.067048 Sync done -> model run start
2026-04-21 11:23:28.087764 Sync done -> model run start
1 0.016 [0.007193447090685368, 0.002073633950203657, 0.0018847810570150614, 0.0019068119581788778, 0.0023349858820438385]
3 0.015 [0.00747094489634037, 0.0026255580596625805, 0.0018973848782479763, 0.0015737400390207767, 0.0015907199122011662]
2 0.006 [0.0028993571177124977, 0.0008552561048418283, 0.000689161941409111, 0.000617495970800519, 0.000659214798361063]
0 0.015 [0.007172561017796397, 0.0018430619966238737, 0.001792385010048747, 0.00174873904325068, 0.0018749372102320194]
2026-04-21 11:23:34.075653 Sync done -> model run start
2026-04-21 11:23:34.080506 Sync done -> model run start
2026-04-21 11:23:34.081821 Sync done -> model run start
2026-04-21 11:23:34.096617 Sync done -> model run start
2 0.013 [0.006362878950312734, 0.0014735851436853409, 0.0014529598411172628, 0.001691396115347743, 0.001486917957663536]
0 0.013 [0.005757309030741453, 0.0015598339959979057, 0.002011602045968175, 0.0018180098850280046, 0.0013710849452763796]
3 0.013 [0.006436939816921949, 0.0015646780375391245, 0.0016698860563337803, 0.0014867098070681095, 0.0014806680846959352]
1 0.011 [0.005655434913933277, 0.0009515038691461086, 0.0006882771849632263, 0.0012817641254514456, 0.0017926979344338179]
2026-04-21 11:23:40.046354 Sync done -> model run start
2026-04-21 11:23:40.050803 Sync done -> model run start
2026-04-21 11:23:40.055380 Sync done -> model run start
2026-04-21 11:23:40.057296 Sync done -> model run start
1 0.013 [0.005946891149505973, 0.0018882700242102146, 0.0017553018406033516, 0.0015176469460129738, 0.0016161880921572447]
3 0.012 [0.006103504914790392, 0.0017645731568336487, 0.0013970229774713516, 0.001623739954084158, 0.0012446281034499407]
0 0.011 [0.005706528900191188, 0.0017769169062376022, 0.0016218130476772785, 0.001232231967151165, 0.0008243180345743895]
2 0.013 [0.006416941061615944, 0.0017103028949350119, 0.001715614926069975, 0.0015935851261019707, 0.0014733760617673397]
2026-04-21 11:23:46.167941 Sync done -> model run start
2026-04-21 11:23:46.169944 Sync done -> model run start
2026-04-21 11:23:46.172070 Sync done -> model run start
2026-04-21 11:23:46.186339 Sync done -> model run start
1 0.012 [0.0056779340375214815, 0.0016332720406353474, 0.0016607719007879496, 0.00146223115734756, 0.0016354070976376534]
2 0.012 [0.005464810878038406, 0.0015056158881634474, 0.0014414500910788774, 0.0016367610078305006, 0.001452283002436161]
0 0.006 [0.003403573064133525, 0.0008359320927411318, 0.0006545800715684891, 0.0007571310270577669, 0.0006585379596799612]
3 0.013 [0.005629288963973522, 0.001949103083461523, 0.001898529939353466, 0.001617959002032876, 0.001782229170203209]
2026-04-21 11:23:46.264048 Sync done -> model run start
net_times: [[14.07, 0.0, 100352, 0], [4.054, 0.0, 100352, 0], [5.975, 0.0, 100352, 0], [5.842, 0.0, 100352, 0], [5.872, 0.0, 100352, 0], [5.821, 0.0, 100352, 0], [5.791, 0.0, 100352, 0], [5.811, 0.0, 100352, 0], [5.759, 0.0, 100352, 0], [5.923, 0.0, 100352, 0]]
echo 'race4fun' | sudo -S sh -c 'journalctl --since "2026-04-21 11:22:39.040869" --until "2026-04-21 11:23:46.264048" -k -o short-iso '| grep -i -E 'throttle|throttled|thermal|cpufreq|under-voltage|voltage'
