ALL SYNC
2026-04-21 11:21:33.632952 Sync done -> model run start
2026-04-21 11:21:33.632948 Sync done -> model run start
2026-04-21 11:21:33.632948 Sync done -> model run start
2026-04-21 11:21:33.632948 Sync done -> model run start
0 1.719 [0.413817873923108, 0.36053090007044375, 0.323710422962904, 0.3139166079927236, 0.30677351099438965]
3 1.726 [0.41381652001291513, 0.3605309519916773, 0.32527723885141313, 0.31604097387753427, 0.3106671411078423]
1 1.765 [0.41553500294685364, 0.3684415970928967, 0.33813708391971886, 0.32231048005633056, 0.3202894979622215]
2 1.803 [0.4155347940977663, 0.426346885971725, 0.34478565002791584, 0.3172854478470981, 0.29876296990551054]
2026-04-21 11:21:36.873416 Sync done -> model run start
2026-04-21 11:21:36.876053 Sync done -> model run start
2026-04-21 11:21:36.897233 Sync done -> model run start
2026-04-21 11:21:36.899544 Sync done -> model run start
1 1.674 [0.3498647960368544, 0.3443402871489525, 0.32969654398038983, 0.3228658428415656, 0.3270905129611492]
0 1.671 [0.34761511790566146, 0.34382263314910233, 0.3296963879838586, 0.32286599883809686, 0.32709066988900304]
3 1.7 [0.34988432796671987, 0.34678657981567085, 0.33233205508440733, 0.3333339770324528, 0.3371002129279077]
2 1.739 [0.35554279503412545, 0.34718189015984535, 0.3398632740136236, 0.38768188492394984, 0.30824282788671553]
2026-04-21 11:21:40.928284 Sync done -> model run start
2026-04-21 11:21:40.937181 Sync done -> model run start
2026-04-21 11:21:40.941944 Sync done -> model run start
2026-04-21 11:21:40.951566 Sync done -> model run start
0 1.649 [0.3363488621544093, 0.38205977203324437, 0.32388969184830785, 0.30414029210805893, 0.30277727684006095]
2 1.651 [0.3415863399859518, 0.3829290911089629, 0.31529769604094326, 0.3044210209045559, 0.3061925759539008]
1 1.674 [0.33904593298211694, 0.40252755396068096, 0.32059189304709435, 0.30343024292960763, 0.30799413099884987]
3 1.678 [0.3483505321200937, 0.40534759499132633, 0.3068450731225312, 0.3054489849600941, 0.31219062418676913]
2026-04-21 11:21:44.377617 Sync done -> model run start
2026-04-21 11:21:44.383372 Sync done -> model run start
2026-04-21 11:21:44.391115 Sync done -> model run start
2026-04-21 11:21:44.399816 Sync done -> model run start
1 1.647 [0.34055431303568184, 0.3400570750236511, 0.32300740387290716, 0.32280454016290605, 0.32074704789556563]
0 1.653 [0.34486367111094296, 0.3417143600527197, 0.32299589295871556, 0.32352240197360516, 0.3199477281887084]
3 1.682 [0.35130140581168234, 0.3449353890027851, 0.32743118796497583, 0.3285734751261771, 0.3298435751348734]
2 1.719 [0.3454342931509018, 0.34281987603753805, 0.3958071649540216, 0.3257240599486977, 0.30931641696952283]
2026-04-21 11:21:47.852123 Sync done -> model run start
2026-04-21 11:21:47.858357 Sync done -> model run start
2026-04-21 11:21:47.865036 Sync done -> model run start
2026-04-21 11:21:47.873656 Sync done -> model run start
0 1.603 [0.3400032729841769, 0.3286411319859326, 0.3084323580842465, 0.3136966598685831, 0.31157500203698874]
1 1.618 [0.3421182120218873, 0.329094358952716, 0.3086118360515684, 0.3170218551531434, 0.3205766847822815]
2 1.667 [0.3439177367836237, 0.32996081397868693, 0.3108844831585884, 0.37701874994672835, 0.30489023705013096]
3 1.631 [0.3505691159516573, 0.33198445104062557, 0.31137234601192176, 0.3143116051796824, 0.3229169868864119]
2026-04-21 11:21:51.347312 Sync done -> model run start
2026-04-21 11:21:51.356339 Sync done -> model run start
2026-04-21 11:21:51.365065 Sync done -> model run start
2026-04-21 11:21:51.381887 Sync done -> model run start
2 1.614 [0.34456679690629244, 0.33399470313452184, 0.3103750590234995, 0.30918350093998015, 0.31522108102217317]
3 1.686 [0.3858217359520495, 0.3379402079153806, 0.3121230211108923, 0.36297604511491954, 0.28653390402905643]
0 1.588 [0.33272705296985805, 0.3306720079854131, 0.30829829606227577, 0.30644991784356534, 0.3094683438539505]
2026-04-21 11:21:54.781813 Sync done -> model run start
2026-04-21 11:21:54.787631 Sync done -> model run start
2026-04-21 11:21:54.794567 Sync done -> model run start
2026-04-21 11:21:54.803048 Sync done -> model run start
0 1.625 [0.34099571709521115, 0.3333154348656535, 0.31761378003284335, 0.3192572630941868, 0.31358488905243576]
2 1.627 [0.3381436448544264, 0.33373006898909807, 0.3210291820578277, 0.32020147680304945, 0.3136666598729789]
1 1.735 [0.39171087811701, 0.34047264605760574, 0.32777905091643333, 0.3338188698980957, 0.34087983216159046]
2026-04-21 11:21:58.244861 Sync done -> model run start
2026-04-21 11:21:58.250284 Sync done -> model run start
2026-04-21 11:21:58.260922 Sync done -> model run start
2026-04-21 11:21:58.269990 Sync done -> model run start
0 1.595 [0.338734527816996, 0.3350174590013921, 0.30846543004736304, 0.3056061191018671, 0.3066955942194909]
2 1.595 [0.3430637288838625, 0.3283306108787656, 0.3085026699118316, 0.30627517914399505, 0.3088711581658572]
3 1.602 [0.3470189741346985, 0.32717858511023223, 0.3093503750860691, 0.3063786160200834, 0.3117442710790783]
1 1.674 [0.35074437595903873, 0.3690141460392624, 0.30456492491066456, 0.30510424613021314, 0.3439795069862157]
2026-04-21 11:22:01.767578 Sync done -> model run start
2026-04-21 11:22:01.772828 Sync done -> model run start
2026-04-21 11:22:01.777539 Sync done -> model run start
2026-04-21 11:22:01.786605 Sync done -> model run start
2 1.603 [0.34889328898862004, 0.33329449803568423, 0.3074391330592334, 0.3065270008519292, 0.30701746698468924]
0 1.65 [0.34249518997967243, 0.38392799184657633, 0.30715611297637224, 0.30577002512291074, 0.3106075581163168]
1 1.598 [0.3478022520430386, 0.3307590389158577, 0.30669179209508, 0.30654851091094315, 0.3058088270481676]
2026-04-21 11:22:05.189451 Sync done -> model run start
2026-04-21 11:22:05.194194 Sync done -> model run start
2026-04-21 11:22:05.204806 Sync done -> model run start
2026-04-21 11:22:05.212862 Sync done -> model run start
3 1.66 [0.351424841908738, 0.37591156689450145, 0.30975068593397737, 0.3075860070530325, 0.31529550696723163]
1 1.71 [0.3425983670167625, 0.3788842100184411, 0.35339186480268836, 0.3110920861363411, 0.32395995198749006]
0 1.651 [0.3464850699529052, 0.3690040421206504, 0.3180513819679618, 0.3086173050105572, 0.309144230093807]
2026-04-21 11:22:08.570175 Sync done -> model run start
net_times: [[0.0, 1.247, 0, 802816], [0.0, 2.102, 0, 802816], [0.0, 1.562, 0, 802816], [0.0, 1.559, 0, 802816], [0.0, 1.61, 0, 802816], [0.0, 1.543, 0, 802816], [0.0, 1.55, 0, 802816], [0.0, 1.63, 0, 802816], [0.0, 1.588, 0, 802816], [0.0, 1.574, 0, 802816]]
echo 'race4fun' | sudo -S sh -c 'journalctl --since "2026-04-21 11:21:33.220915" --until "2026-04-21 11:22:08.570175" -k -o short-iso '| grep -i -E 'throttle|throttled|thermal|cpufreq|under-voltage|voltage'
