ALL SYNC
2026-04-21 11:21:37.716442 Sync done -> model run start
2026-04-21 11:21:37.716442 Sync done -> model run start
2026-04-21 11:21:37.716442 Sync done -> model run start
2026-04-21 11:21:37.716442 Sync done -> model run start
3 2.64 [0.5626998050138354, 0.5083637770731002, 0.5235706649255008, 0.5194573039188981, 0.5258078910410404]
1 2.65 [0.5626331910025328, 0.5103951189666986, 0.5305506750009954, 0.5254941950552166, 0.520734118996188]
0 2.659 [0.5655498399864882, 0.510410743067041, 0.5310884839855134, 0.5252600300591439, 0.5260053379461169]
2 2.981 [0.5664178559090942, 0.6000258838757873, 0.641096054110676, 0.6801629040855914, 0.4928972029592842]
2026-04-21 11:21:41.104925 Sync done -> model run start
2026-04-21 11:21:41.113671 Sync done -> model run start
2026-04-21 11:21:41.126637 Sync done -> model run start
2026-04-21 11:21:41.130976 Sync done -> model run start
1 2.554 [0.5007689779158682, 0.4898444600403309, 0.4897548258304596, 0.5172621610108763, 0.5560679698828608]
2 2.519 [0.5002956478856504, 0.49069445487111807, 0.48978180391713977, 0.5157752949744463, 0.5219371849671006]
3 2.587 [0.4994116430170834, 0.4880373359192163, 0.48968211794272065, 0.5893348539248109, 0.5202999031171203]
0 2.674 [0.5025865708012134, 0.5080849239602685, 0.5186912668868899, 0.5181580930948257, 0.6259374481160194]
2026-04-21 11:21:44.573388 Sync done -> model run start
2026-04-21 11:21:44.582759 Sync done -> model run start
2026-04-21 11:21:44.589954 Sync done -> model run start
2026-04-21 11:21:44.598907 Sync done -> model run start
2 2.593 [0.500628094188869, 0.4892280059866607, 0.4898434190545231, 0.5153882659506053, 0.5974599609617144]
1 2.519 [0.5006431459914893, 0.4895514929667115, 0.48893706989474595, 0.5162926870398223, 0.5236659250222147]
0 2.63 [0.5261691389605403, 0.4874749951995909, 0.5322771230712533, 0.5193439708091319, 0.5641335470136255]
3 2.611 [0.4977983199059963, 0.4877471821382642, 0.48811025195755064, 0.6132937201764435, 0.5241548279300332]
2026-04-21 11:21:48.031960 Sync done -> model run start
2026-04-21 11:21:48.040652 Sync done -> model run start
2026-04-21 11:21:48.055982 Sync done -> model run start
2026-04-21 11:21:48.071825 Sync done -> model run start
0 2.628 [0.5467064110562205, 0.4878874409478158, 0.5346851290669292, 0.5217118221335113, 0.5372198538389057]
3 2.52 [0.49798331782221794, 0.4885669678915292, 0.4876255679409951, 0.5207531810738146, 0.5252784141339362]
2 2.701 [0.4991407070774585, 0.490637632785365, 0.4889770701993257, 0.6279817048925906, 0.5945497190114111]
1 2.528 [0.4995277358684689, 0.4899148771073669, 0.487962543964386, 0.5212076050229371, 0.5287254778668284]
2026-04-21 11:21:51.503914 Sync done -> model run start
2026-04-21 11:21:51.517561 Sync done -> model run start
2026-04-21 11:21:51.522522 Sync done -> model run start
2026-04-21 11:21:51.540340 Sync done -> model run start
0 2.518 [0.5007178329396993, 0.4918506459798664, 0.4895417538937181, 0.5130846342071891, 0.5229741579387337]
1 2.508 [0.49823800404556096, 0.49068153905682266, 0.48901482997462153, 0.5099957981146872, 0.5198742281645536]
2 2.525 [0.4996034640353173, 0.4913563260342926, 0.48987170006148517, 0.5152447770815343, 0.5288753719069064]
3 2.753 [0.543054715031758, 0.4898428979795426, 0.5081275801640004, 0.6563410139642656, 0.555414536036551]
2026-04-21 11:21:54.972941 Sync done -> model run start
2026-04-21 11:21:54.984604 Sync done -> model run start
2026-04-21 11:21:54.986150 Sync done -> model run start
2026-04-21 11:21:55.004642 Sync done -> model run start
0 2.527 [0.5007335101254284, 0.4914422109723091, 0.488981185015291, 0.5157928471453488, 0.5300629180856049]
2 2.521 [0.501430954085663, 0.49121669214218855, 0.4895796189084649, 0.5150054551195353, 0.5232053028885275]
3 2.676 [0.49980716104619205, 0.4900339380837977, 0.48896097601391375, 0.6064996460918337, 0.5907892198301852]
1 2.603 [0.5077597699128091, 0.5286851651035249, 0.48873389419168234, 0.5596141468267888, 0.518065124982968]
2026-04-21 11:21:58.429277 Sync done -> model run start
2026-04-21 11:21:58.442853 Sync done -> model run start
2026-04-21 11:21:58.447512 Sync done -> model run start
2026-04-21 11:21:58.466627 Sync done -> model run start
0 2.548 [0.501082100905478, 0.4897553459741175, 0.48884373786859214, 0.5192811589222401, 0.5491334279067814]
1 2.551 [0.5001462739892304, 0.4891784740611911, 0.48888264293782413, 0.5167280489113182, 0.5561208860017359]
2 2.635 [0.501013038912788, 0.49023680202662945, 0.48919722507707775, 0.517202264862135, 0.6370961300563067]
3 2.721 [0.4978424331638962, 0.5345765880774707, 0.48980024200864136, 0.6531522839795798, 0.5451070459093899]
2026-04-21 11:22:01.929717 Sync done -> model run start
2026-04-21 11:22:01.933834 Sync done -> model run start
2026-04-21 11:22:01.950157 Sync done -> model run start
2026-04-21 11:22:01.954017 Sync done -> model run start
0 2.525 [0.5037427630741149, 0.4901105009485036, 0.48753655795007944, 0.5187507460359484, 0.5243753478862345]
1 2.532 [0.5055075439158827, 0.4916424711700529, 0.4889579559676349, 0.5211727630812675, 0.5245073770638555]
2 2.77 [0.501796836964786, 0.534716326976195, 0.4875122350640595, 0.6836960599757731, 0.562610327033326]
3 2.525 [0.5047841619234532, 0.49200653098523617, 0.4882515009958297, 0.5155011808965355, 0.5242361819837242]
2026-04-21 11:22:05.382224 Sync done -> model run start
2026-04-21 11:22:05.392237 Sync done -> model run start
2026-04-21 11:22:05.408984 Sync done -> model run start
2026-04-21 11:22:05.414546 Sync done -> model run start
1 2.567 [0.5011103309225291, 0.49158486700616777, 0.4899293042253703, 0.5525591368786991, 0.5313004618510604]
0 2.643 [0.5013296520337462, 0.49826170201413333, 0.5274416310712695, 0.5530998108442873, 0.563020687783137]
2 2.563 [0.5004817931912839, 0.4911260160151869, 0.4894982648547739, 0.5550799020566046, 0.5263683560770005]
3 2.695 [0.4991579980123788, 0.48910154798068106, 0.48870665486902, 0.6297878408804536, 0.588350327918306]
2026-04-21 11:22:08.850627 Sync done -> model run start
2026-04-21 11:22:08.859385 Sync done -> model run start
2026-04-21 11:22:08.866171 Sync done -> model run start
2026-04-21 11:22:08.887920 Sync done -> model run start
1 2.492 [0.5032915670890361, 0.49907700903713703, 0.4981722750235349, 0.49266433995217085, 0.49868326098658144]
2 2.498 [0.5024053221568465, 0.4997779419645667, 0.5008876759093255, 0.49517885595560074, 0.49965888098813593]
0 2.609 [0.54213279299438, 0.4979017551522702, 0.5460552170407027, 0.4938294889871031, 0.5294202649965882]
3 2.522 [0.5084848180413246, 0.503031985135749, 0.5069182640872896, 0.5014441830571741, 0.5021142309997231]
2026-04-21 11:22:11.543665 Sync done -> model run start
net_times: [[2.528, 0.0, 802816, 0], [0.002, 0.0, 802816, 0], [0.371, 0.0, 802816, 0], [0.418, 0.0, 802816, 0], [0.351, 0.0, 802816, 0], [0.282, 0.0, 802816, 0], [0.356, 0.0, 802816, 0], [0.339, 0.0, 802816, 0], [0.258, 0.0, 802816, 0], [0.353, 0.0, 802816, 0]]
echo 'race4fun' | sudo -S sh -c 'journalctl --since "2026-04-21 11:21:34.222751" --until "2026-04-21 11:22:11.543665" -k -o short-iso '| grep -i -E 'throttle|throttled|thermal|cpufreq|under-voltage|voltage'
