ALL SYNC
2026-04-21 11:22:51.203482 Sync done -> model run start
2026-04-21 11:22:51.203482 Sync done -> model run start
2026-04-21 11:22:51.203482 Sync done -> model run start
2026-04-21 11:22:51.203482 Sync done -> model run start
2 1.653 [0.38048633793368936, 0.3196448639500886, 0.31781903794035316, 0.3170789359137416, 0.3172903419472277]
1 1.657 [0.3841532508376986, 0.31883476208895445, 0.3182594000827521, 0.3174905499909073, 0.3179559640120715]
3 1.662 [0.38976244698278606, 0.318749763071537, 0.3178207559976727, 0.3174865390174091, 0.3181714320089668]
0 1.692 [0.3787195219192654, 0.3184506499674171, 0.36251641088165343, 0.31705680093728006, 0.31544008920900524]
2026-04-21 11:22:55.844105 Sync done -> model run start
2026-04-21 11:22:55.846366 Sync done -> model run start
2026-04-21 11:22:55.855553 Sync done -> model run start
2026-04-21 11:22:55.896422 Sync done -> model run start
0 1.599 [0.3271683750208467, 0.3190103860106319, 0.31801533908583224, 0.317304456140846, 0.3169336759019643]
1 1.601 [0.3277143619488925, 0.31893637613393366, 0.31852215994149446, 0.31746310205198824, 0.31785169313661754]
2 1.601 [0.32722342712804675, 0.3191608020570129, 0.3183810659684241, 0.3179183080792427, 0.31829887884669006]
3 1.639 [0.3297976350877434, 0.31879632477648556, 0.3181780460290611, 0.36244422290474176, 0.309568288968876]
2026-04-21 11:23:01.961711 Sync done -> model run start
2026-04-21 11:23:01.967088 Sync done -> model run start
2026-04-21 11:23:01.970355 Sync done -> model run start
2026-04-21 11:23:02.022874 Sync done -> model run start
0 1.6 [0.3300279979594052, 0.3184543470852077, 0.3169271661899984, 0.31765200616791844, 0.3168600299395621]
2 1.602 [0.3312529418617487, 0.31875377311371267, 0.31671169796027243, 0.31753007997758687, 0.31786825507879257]
3 1.635 [0.3251169240102172, 0.31919481279328465, 0.3177671618759632, 0.36271917005069554, 0.3096896940842271]
1 1.599 [0.32957852189429104, 0.3181332550011575, 0.3172237789258361, 0.3170420608948916, 0.3173280491027981]
2026-04-21 11:23:08.037272 Sync done -> model run start
2026-04-21 11:23:08.039281 Sync done -> model run start
2026-04-21 11:23:08.044844 Sync done -> model run start
2026-04-21 11:23:08.044902 Sync done -> model run start
2 1.595 [0.32308589085005224, 0.3185472630430013, 0.31779497512616217, 0.3176760689821094, 0.31815054593607783]
0 1.595 [0.32372927386313677, 0.3180318479426205, 0.3172797679435462, 0.3174535180442035, 0.3182064308784902]
3 1.596 [0.32245261198841035, 0.31844648299738765, 0.31793445302173495, 0.3174790379125625, 0.3191523130517453]
1 1.65 [0.3340265757869929, 0.3183652840089053, 0.31741664302535355, 0.3622799529694021, 0.3178185159340501]
2026-04-21 11:23:14.039818 Sync done -> model run start
2026-04-21 11:23:14.047919 Sync done -> model run start
2026-04-21 11:23:14.051272 Sync done -> model run start
2026-04-21 11:23:14.056839 Sync done -> model run start
2 1.618 [0.32486911304295063, 0.31850205501541495, 0.3385441100690514, 0.3188163759186864, 0.31711554992944]
0 1.631 [0.3251417160499841, 0.31947382213547826, 0.34771214611828327, 0.3196531960275024, 0.318353618029505]
3 1.626 [0.32530843396671116, 0.3188904910348356, 0.34481621999293566, 0.3187788249924779, 0.3184743470046669]
1 1.692 [0.3523573880083859, 0.3196029360406101, 0.3449090840294957, 0.36272552399896085, 0.3124690060503781]
2026-04-21 11:23:20.078338 Sync done -> model run start
2026-04-21 11:23:20.087954 Sync done -> model run start
2026-04-21 11:23:20.088055 Sync done -> model run start
2026-04-21 11:23:20.093409 Sync done -> model run start
0 1.599 [0.3224667268805206, 0.31881976197473705, 0.31833840999752283, 0.32055517192929983, 0.31839465885423124]
2 1.595 [0.32229021610692143, 0.31839564885012805, 0.3178300780709833, 0.3185958559624851, 0.3181101290974766]
3 1.595 [0.32163646910339594, 0.3183599200565368, 0.3177688280120492, 0.318878720048815, 0.31835142988711596]
1 1.672 [0.3580904370173812, 0.31840283679775894, 0.31753992289304733, 0.3620446929708123, 0.316145553952083]
2026-04-21 11:23:26.050417 Sync done -> model run start
2026-04-21 11:23:26.054092 Sync done -> model run start
2026-04-21 11:23:26.058335 Sync done -> model run start
2026-04-21 11:23:26.065230 Sync done -> model run start
0 1.594 [0.32354437792673707, 0.31797492085024714, 0.3172264869790524, 0.31787585909478366, 0.31745695509016514]
1 1.596 [0.32393901189789176, 0.31842294009402394, 0.31749247503466904, 0.3177200260106474, 0.3183865339960903]
3 1.595 [0.32411312591284513, 0.31806940003298223, 0.3173582050949335, 0.31771737011149526, 0.3176055480726063]
2 1.677 [0.3687582069542259, 0.31871554302051663, 0.3175266420003027, 0.3256086930632591, 0.34637569286860526]
2026-04-21 11:23:32.077110 Sync done -> model run start
2026-04-21 11:23:32.078609 Sync done -> model run start
2026-04-21 11:23:32.083609 Sync done -> model run start
2026-04-21 11:23:32.089600 Sync done -> model run start
0 1.596 [0.3223192789591849, 0.3189395528752357, 0.3184206481091678, 0.31856064801104367, 0.3180085669737309]
1 1.598 [0.3235643261577934, 0.3188559589907527, 0.3184441898483783, 0.31859366898424923, 0.3182852321770042]
3 1.596 [0.3222322480287403, 0.3190071571152657, 0.31804632814601064, 0.3182065349537879, 0.3181727849878371]
2 1.677 [0.3669265469070524, 0.3187570529989898, 0.31844189786352217, 0.31827919092029333, 0.35392425605095923]
2026-04-21 11:23:38.051596 Sync done -> model run start
2026-04-21 11:23:38.053482 Sync done -> model run start
2026-04-21 11:23:38.058581 Sync done -> model run start
2026-04-21 11:23:38.065089 Sync done -> model run start
0 1.596 [0.32422093697823584, 0.31914720800705254, 0.31760601699352264, 0.31699325796216726, 0.31772231799550354]
1 1.599 [0.3252655689138919, 0.31921429093927145, 0.31819142983295023, 0.317871066974476, 0.3184821580071002]
3 1.598 [0.32436088495887816, 0.31911324919201434, 0.31850408599711955, 0.31807367014698684, 0.3181739819701761]
2 1.678 [0.3550333140883595, 0.33131330483593047, 0.31842705397866666, 0.31817122199572623, 0.35449789999984205]
2026-04-21 11:23:44.137654 Sync done -> model run start
2026-04-21 11:23:44.140142 Sync done -> model run start
2026-04-21 11:23:44.147886 Sync done -> model run start
2026-04-21 11:23:44.150656 Sync done -> model run start
3 1.621 [0.346175380051136, 0.31853481382131577, 0.3186953868716955, 0.31917465501464903, 0.31794153596274555]
0 1.64 [0.36035745893605053, 0.3198193400166929, 0.3205373070668429, 0.3197264240588993, 0.31914423988200724]
2 1.66 [0.36053318716585636, 0.32389135495759547, 0.32459546718746424, 0.3272763940040022, 0.32310542091727257]
1 1.718 [0.3968575729522854, 0.3192337180953473, 0.3188295520376414, 0.31971439300104976, 0.36270802305079997]
2026-04-21 11:23:46.103642 Sync done -> model run start
net_times: [[11.296, 0.174, 401408, 100352], [2.414, 0.156, 401408, 100352], [3.92, 0.173, 401408, 100352], [3.8, 0.174, 401408, 100352], [3.795, 0.173, 401408, 100352], [3.782, 0.176, 401408, 100352], [3.743, 0.179, 401408, 100352], [3.782, 0.178, 401408, 100352], [3.747, 0.176, 401408, 100352], [3.851, 0.177, 401408, 100352]]
echo 'race4fun' | sudo -S sh -c 'journalctl --since "2026-04-21 11:22:39.034652" --until "2026-04-21 11:23:46.103642" -k -o short-iso '| grep -i -E 'throttle|throttled|thermal|cpufreq|under-voltage|voltage'
