ALL SYNC
2026-04-21 11:22:47.402012 Sync done -> model run start
2026-04-21 11:22:47.402012 Sync done -> model run start
2026-04-21 11:22:47.402012 Sync done -> model run start
2026-04-21 11:22:47.402026 Sync done -> model run start
2 2.109 [0.49470864702016115, 0.42315857601352036, 0.40211746492423117, 0.3969230060465634, 0.3915094349067658]
0 2.121 [0.49470937601290643, 0.4276772029697895, 0.40541120106354356, 0.39796237694099545, 0.39508395199663937]
3 2.136 [0.5030630398541689, 0.43133713584393263, 0.4058586461469531, 0.39932586112990975, 0.39615431195124984]
1 2.189 [0.49519322789274156, 0.4594337388407439, 0.41186487185768783, 0.3933402090333402, 0.42901016608811915]
2026-04-21 11:22:52.756506 Sync done -> model run start
2026-04-21 11:22:52.761292 Sync done -> model run start
2026-04-21 11:22:52.769619 Sync done -> model run start
2026-04-21 11:22:52.777297 Sync done -> model run start
0 1.996 [0.40991805703379214, 0.40003351401537657, 0.3935903641395271, 0.39277026313357055, 0.3991739870980382]
1 2.0 [0.41342903207987547, 0.3998952340334654, 0.3942018721718341, 0.3936966131441295, 0.39859154098667204]
2 2.005 [0.41464512096717954, 0.40015705511905253, 0.3941281221341342, 0.39511957578361034, 0.4009793440345675]
3 2.093 [0.46060889097861946, 0.4065801550168544, 0.39532921090722084, 0.4447665079496801, 0.3857648749835789]
2026-04-21 11:22:58.846063 Sync done -> model run start
2026-04-21 11:22:58.849734 Sync done -> model run start
2026-04-21 11:22:58.860456 Sync done -> model run start
2026-04-21 11:22:58.878384 Sync done -> model run start
1 1.982 [0.41249606804922223, 0.39727836893871427, 0.3888610601425171, 0.39040397107601166, 0.3923026609700173]
2 1.99 [0.4124891411047429, 0.39902799809351563, 0.3921434429939836, 0.39159636199474335, 0.39424624596722424]
3 1.989 [0.41274059819988906, 0.3981820640619844, 0.39181589311920106, 0.3911532908678055, 0.39446416194550693]
0 2.086 [0.4489426368381828, 0.4144892890471965, 0.3907927710097283, 0.4286944910418242, 0.4024309008382261]
2026-04-21 11:23:04.871269 Sync done -> model run start
2026-04-21 11:23:04.875680 Sync done -> model run start
2026-04-21 11:23:04.882981 Sync done -> model run start
2026-04-21 11:23:04.892453 Sync done -> model run start
0 2.008 [0.4102705561090261, 0.4023598600178957, 0.4005917408503592, 0.3990257070399821, 0.3952693669125438]
2 2.013 [0.4128623171709478, 0.4004292939789593, 0.40147564513608813, 0.4018612150102854, 0.3964699348434806]
3 2.021 [0.41670219600200653, 0.4009387190453708, 0.4034117301926017, 0.4031227210070938, 0.3969394639134407]
1 2.096 [0.43345504393801093, 0.42692100908607244, 0.40164757100865245, 0.43353994004428387, 0.40027591004036367]
2026-04-21 11:23:10.914336 Sync done -> model run start
2026-04-21 11:23:10.920795 Sync done -> model run start
2026-04-21 11:23:10.930677 Sync done -> model run start
2026-04-21 11:23:10.941526 Sync done -> model run start
0 1.982 [0.40796884684823453, 0.39626988396048546, 0.39154526800848544, 0.39108141604810953, 0.3949064528569579]
1 1.985 [0.410585398087278, 0.39540046104229987, 0.39152735099196434, 0.3911626129411161, 0.39595420891419053]
3 1.998 [0.4149381930474192, 0.3948437450453639, 0.3937127599492669, 0.39165500714443624, 0.40228444314561784]
2 2.08 [0.41861541802063584, 0.43738544499501586, 0.39278302411548793, 0.4008684081491083, 0.4306000559590757]
2026-04-21 11:23:16.946651 Sync done -> model run start
2026-04-21 11:23:16.959203 Sync done -> model run start
2026-04-21 11:23:16.973812 Sync done -> model run start
2026-04-21 11:23:16.981742 Sync done -> model run start
0 1.982 [0.4105521170422435, 0.39631550991907716, 0.3905563671141863, 0.39146823715418577, 0.3924203689675778]
1 1.988 [0.40895410417579114, 0.3974795669782907, 0.39065417810343206, 0.39179745502769947, 0.39891622704453766]
3 1.985 [0.4094043099321425, 0.3967973820399493, 0.390623448882252, 0.3922107871621847, 0.39594176108948886]
2 2.068 [0.4076867119874805, 0.44564093207009137, 0.3910933949518949, 0.39204807905480266, 0.4311377101112157]
2026-04-21 11:23:22.919160 Sync done -> model run start
2026-04-21 11:23:22.931816 Sync done -> model run start
2026-04-21 11:23:22.944927 Sync done -> model run start
2026-04-21 11:23:22.959061 Sync done -> model run start
0 1.99 [0.4163843849673867, 0.3962271760683507, 0.392478910041973, 0.3919528708793223, 0.3929834908340126]
2 1.987 [0.4107485229615122, 0.39461062103509903, 0.39380166586488485, 0.39240323402918875, 0.39524540887214243]
3 1.987 [0.4090125919319689, 0.39449265296570957, 0.39433999615721405, 0.39225359889678657, 0.3963998837862164]
1 2.084 [0.4144580909051001, 0.4441733860876411, 0.3937792698852718, 0.39246203494258225, 0.4387175750453025]
2026-04-21 11:23:28.958498 Sync done -> model run start
2026-04-21 11:23:28.969803 Sync done -> model run start
2026-04-21 11:23:28.980331 Sync done -> model run start
2026-04-21 11:23:28.991759 Sync done -> model run start
0 1.977 [0.41091841785237193, 0.3956484280060977, 0.39014386804774404, 0.3898572539910674, 0.39003444113768637]
2 1.979 [0.40894821798428893, 0.39514301414601505, 0.39169761212542653, 0.390822668094188, 0.3918330268934369]
3 1.984 [0.4102507650386542, 0.39641707204282284, 0.39246854605153203, 0.3905467309523374, 0.3945775991305709]
1 2.077 [0.40985550615005195, 0.44449400901794434, 0.39143896708264947, 0.3906079810112715, 0.44008444412611425]
2026-04-21 11:23:34.937641 Sync done -> model run start
2026-04-21 11:23:34.948067 Sync done -> model run start
2026-04-21 11:23:34.965027 Sync done -> model run start
2026-04-21 11:23:34.977975 Sync done -> model run start
0 1.984 [0.41699266410432756, 0.39410911314189434, 0.3904328248463571, 0.3905114708468318, 0.39198167296126485]
2 1.979 [0.4111946150660515, 0.3926315139979124, 0.39220625604502857, 0.3904352730605751, 0.39204151718877256]
3 1.982 [0.4110648238565773, 0.39422270585782826, 0.392972398083657, 0.3908579791896045, 0.3931026579812169]
1 2.077 [0.4159895949997008, 0.44152225088328123, 0.3926557849626988, 0.390436366898939, 0.43635581410489976]
2026-04-21 11:23:40.945425 Sync done -> model run start
2026-04-21 11:23:40.953207 Sync done -> model run start
2026-04-21 11:23:40.965406 Sync done -> model run start
2026-04-21 11:23:40.978152 Sync done -> model run start
2 2.025 [0.43021891289390624, 0.39798716898076236, 0.39873576001264155, 0.3968088929541409, 0.4010399701073766]
3 2.032 [0.4277417869307101, 0.39932117401622236, 0.4012311140540987, 0.4011180941015482, 0.4022172049153596]
0 2.034 [0.4337699918542057, 0.4018036120105535, 0.39930888288654387, 0.3991978410631418, 0.39987289090640843]
1 2.141 [0.43440858204849064, 0.42847944097593427, 0.4334341080393642, 0.4032858978025615, 0.4409514721482992]
2026-04-21 11:23:43.875819 Sync done -> model run start
net_times: [[7.859, 0.683, 802816, 401408], [2.255, 0.635, 802816, 401408], [3.11, 0.712, 802816, 401408], [3.005, 0.698, 802816, 401408], [3.045, 0.698, 802816, 401408], [3.028, 0.692, 802816, 401408], [2.965, 0.691, 802816, 401408], [3.034, 0.694, 802816, 401408], [2.987, 0.699, 802816, 401408], [3.01, 0.7, 802816, 401408]]
echo 'race4fun' | sudo -S sh -c 'journalctl --since "2026-04-21 11:22:39.039041" --until "2026-04-21 11:23:43.875819" -k -o short-iso '| grep -i -E 'throttle|throttled|thermal|cpufreq|under-voltage|voltage'
