ALL SYNC
2026-04-21 11:22:45.303310 Sync done -> model run start
2026-04-21 11:22:45.303310 Sync done -> model run start
2026-04-21 11:22:45.303310 Sync done -> model run start
2026-04-21 11:22:45.303313 Sync done -> model run start
3 0.129 [0.03543574898503721, 0.02846209891140461, 0.020410069962963462, 0.022399588022381067, 0.02250885800458491]
1 0.129 [0.035441478015854955, 0.02839709911495447, 0.02352973585948348, 0.020614184206351638, 0.020736578153446317]
2 0.129 [0.03543538483791053, 0.02847043192014098, 0.023652601055800915, 0.02044105902314186, 0.021238761954009533]
0 0.134 [0.03785651386715472, 0.03190728393383324, 0.023264998104423285, 0.021860216977074742, 0.018974454840645194]
2026-04-21 11:22:50.962433 Sync done -> model run start
2026-04-21 11:22:51.017171 Sync done -> model run start
2026-04-21 11:22:51.103705 Sync done -> model run start
2026-04-21 11:22:51.170847 Sync done -> model run start
0 0.075 [0.021297616884112358, 0.016824000049382448, 0.010992217110469937, 0.012174917850643396, 0.013034807052463293]
1 0.098 [0.022012455156072974, 0.025470400927588344, 0.015186303993687034, 0.017400142969563603, 0.017707068007439375]
2 0.096 [0.034718306036666036, 0.017676390940323472, 0.012498561991378665, 0.017285767942667007, 0.012947932817041874]
3 0.081 [0.023333800956606865, 0.0195786168333143, 0.013412981992587447, 0.013252670178189874, 0.010856332955881953]
2026-04-21 11:22:57.059247 Sync done -> model run start
2026-04-21 11:22:57.117916 Sync done -> model run start
2026-04-21 11:22:57.192650 Sync done -> model run start
2026-04-21 11:22:57.278808 Sync done -> model run start
0 0.091 [0.02715544099919498, 0.018850184977054596, 0.013703657081350684, 0.014518547104671597, 0.01658337702974677]
1 0.103 [0.03499445109628141, 0.02468342613428831, 0.013739126035943627, 0.014955315040424466, 0.014283808879554272]
2 0.084 [0.03138478798791766, 0.02046949602663517, 0.014595889952033758, 0.009398217080160975, 0.00753052206709981]
3 0.053 [0.019522316055372357, 0.010915342019870877, 0.007897916017100215, 0.007062348071485758, 0.007095942040905356]
2026-04-21 11:23:03.100292 Sync done -> model run start
2026-04-21 11:23:03.155415 Sync done -> model run start
2026-04-21 11:23:03.239899 Sync done -> model run start
2026-04-21 11:23:03.303644 Sync done -> model run start
0 0.08 [0.02157073887065053, 0.017579203937202692, 0.011640650918707252, 0.013783708913251758, 0.0154679159168154]
1 0.088 [0.026622684905305505, 0.02402421203441918, 0.011762419948354363, 0.013090743916109204, 0.012511999113485217]
2 0.063 [0.01932398392818868, 0.017847379203885794, 0.010637739906087518, 0.007448491174727678, 0.007511564064770937]
3 0.049 [0.014682296896353364, 0.012974756071344018, 0.007034796057268977, 0.0068912028800696135, 0.006777559174224734]
2026-04-21 11:23:09.134225 Sync done -> model run start
2026-04-21 11:23:09.191474 Sync done -> model run start
2026-04-21 11:23:09.275519 Sync done -> model run start
2026-04-21 11:23:09.359916 Sync done -> model run start
0 0.103 [0.02772262506186962, 0.026488206116482615, 0.01772102597169578, 0.014136780053377151, 0.016724991146475077]
1 0.108 [0.03659735596738756, 0.023978275014087558, 0.018986486131325364, 0.01376657304354012, 0.01407698797993362]
2 0.078 [0.028490275843068957, 0.020491110859438777, 0.012936109909787774, 0.008046611910685897, 0.007623855024576187]
3 0.051 [0.017350925132632256, 0.010928468080237508, 0.007810676004737616, 0.006864016177132726, 0.007111827144399285]
2026-04-21 11:23:15.175203 Sync done -> model run start
2026-04-21 11:23:15.234802 Sync done -> model run start
2026-04-21 11:23:15.319399 Sync done -> model run start
2026-04-21 11:23:15.381027 Sync done -> model run start
1 0.085 [0.0268096630461514, 0.021345376037061214, 0.011908148881047964, 0.011848825961351395, 0.012833505868911743]
0 0.079 [0.02041283086873591, 0.01869388297200203, 0.011745441006496549, 0.011986116878688335, 0.01559640490449965]
2 0.066 [0.020641214912757277, 0.019845229806378484, 0.008933793986216187, 0.007526302943006158, 0.00852817203849554]
3 0.049 [0.014164018910378218, 0.014119696104899049, 0.006819901987910271, 0.007032505003735423, 0.006960110040381551]
2026-04-21 11:23:21.176331 Sync done -> model run start
2026-04-21 11:23:21.242703 Sync done -> model run start
2026-04-21 11:23:21.296509 Sync done -> model run start
2026-04-21 11:23:21.364567 Sync done -> model run start
1 0.098 [0.03198775206692517, 0.021187304984778166, 0.018015034031122923, 0.014964794041588902, 0.011368829989805818]
0 0.101 [0.02585201198235154, 0.02072173496708274, 0.013244596775621176, 0.017811442026868463, 0.02343754912726581]
2 0.087 [0.03566845692694187, 0.018614040920510888, 0.013434960972517729, 0.009942224947735667, 0.008989573922008276]
3 0.061 [0.020991733064875007, 0.013667460065335035, 0.01124383113346994, 0.00713328504934907, 0.007362033007666469]
2026-04-21 11:23:27.201865 Sync done -> model run start
2026-04-21 11:23:27.251522 Sync done -> model run start
2026-04-21 11:23:27.328375 Sync done -> model run start
2026-04-21 11:23:27.408532 Sync done -> model run start
1 0.093 [0.02480353112332523, 0.025517951929941773, 0.014342611189931631, 0.012600488029420376, 0.015197657980024815]
0 0.081 [0.020293560810387135, 0.01841648994013667, 0.01193788810633123, 0.014835732989013195, 0.01489422214217484]
2 0.071 [0.022053704829886556, 0.019444816978648305, 0.012656633043661714, 0.00915233395062387, 0.007596824085339904]
3 0.046 [0.013902249978855252, 0.010915967868641019, 0.006950943032279611, 0.007009848020970821, 0.006968545960262418]
2026-04-21 11:23:33.184059 Sync done -> model run start
2026-04-21 11:23:33.225227 Sync done -> model run start
2026-04-21 11:23:33.298308 Sync done -> model run start
2026-04-21 11:23:33.379019 Sync done -> model run start
0 0.101 [0.02367588202469051, 0.018069409066811204, 0.016610720893368125, 0.016664678929373622, 0.025477745104581118]
2 0.087 [0.036075694020837545, 0.019465649966150522, 0.012644341913983226, 0.009744829963892698, 0.008945720968768]
1 0.107 [0.034121852135285735, 0.020798140903934836, 0.014499692944809794, 0.016705460147932172, 0.02084694290533662]
3 0.055 [0.018846174934878945, 0.0139142288826406, 0.008106194902211428, 0.007028026040643454, 0.006937504978850484]
2026-04-21 11:23:39.199949 Sync done -> model run start
2026-04-21 11:23:39.246292 Sync done -> model run start
2026-04-21 11:23:39.314134 Sync done -> model run start
2026-04-21 11:23:39.383667 Sync done -> model run start
0 0.087 [0.022701357025653124, 0.01826149085536599, 0.013232150813564658, 0.014039697125554085, 0.018855498172342777]
2 0.084 [0.02752392878755927, 0.01877002906985581, 0.014343653107061982, 0.009694361127912998, 0.013121733907610178]
1 0.112 [0.023563018068671227, 0.02179110306315124, 0.02331953006796539, 0.017310038907453418, 0.02592841791920364]
3 0.056 [0.018239928176626563, 0.0151618761010468, 0.008610410848632455, 0.006967452820390463, 0.006862766109406948]
2026-04-21 11:23:40.846023 Sync done -> model run start
net_times: [[5.748, 1.379, 3211264, 802816], [3.914, 1.314, 3211264, 802816], [4.276, 1.336, 3211264, 802816], [4.223, 1.329, 3211264, 802816], [4.233, 1.33, 3211264, 802816], [4.212, 1.337, 3211264, 802816], [4.187, 1.318, 3211264, 802816], [4.217, 1.323, 3211264, 802816], [4.186, 1.323, 3211264, 802816], [4.206, 1.321, 3211264, 802816]]
echo 'race4fun' | sudo -S sh -c 'journalctl --since "2026-04-21 11:22:39.033627" --until "2026-04-21 11:23:40.846023" -k -o short-iso '| grep -i -E 'throttle|throttled|thermal|cpufreq|under-voltage|voltage'
