<<<<<<<< HEAD:logs/roofline/resnet18_children_bramble-4-5/3/8_size/2_2/speed_heatbramble-4-5-17.log
TIME:21:14:43
44008
cpu:0.58, 0.49, 0.35,freq:frequency(48)=600000000,throttle_flag:throttled=0x50005,voltage:volt=1.2000V,volt=1.2500V,volt=1.2500V,volt=1.2250V
TIME:21:14:45
43470
cpu:0.58, 0.49, 0.35,freq:frequency(48)=600000000,throttle_flag:throttled=0x50005,voltage:volt=1.2000V,volt=1.2500V,volt=1.2500V,volt=1.2250V
TIME:21:14:46
44008
cpu:0.54, 0.48, 0.35,freq:frequency(48)=1400000000,throttle_flag:throttled=0x50000,voltage:volt=1.3938V,volt=1.2500V,volt=1.2500V,volt=1.2250V
TIME:21:14:47
44008
cpu:0.54, 0.48, 0.35,freq:frequency(48)=1400000000,throttle_flag:throttled=0x50000,voltage:volt=1.3938V,volt=1.2500V,volt=1.2500V,volt=1.2250V
TIME:21:14:48
44008
cpu:0.54, 0.48, 0.35,freq:frequency(48)=1400000000,throttle_flag:throttled=0x50000,voltage:volt=1.3938V,volt=1.2500V,volt=1.2500V,volt=1.2250V
TIME:21:14:49
43470
cpu:0.54, 0.48, 0.35,freq:frequency(48)=800000000,throttle_flag:throttled=0x50000,voltage:volt=1.2875V,volt=1.2500V,volt=1.2500V,volt=1.2250V
TIME:21:14:50
44008
cpu:0.54, 0.48, 0.35,freq:frequency(48)=700000000,throttle_flag:throttled=0x50000,voltage:volt=1.2875V,volt=1.2500V,volt=1.2500V,volt=1.2250V
TIME:21:14:51
42932
cpu:0.49, 0.47, 0.34,freq:frequency(48)=600000000,throttle_flag:throttled=0x50000,voltage:volt=1.2875V,volt=1.2500V,volt=1.2500V,volt=1.2250V
TIME:21:14:53
42932
cpu:0.49, 0.47, 0.34,freq:frequency(48)=800002000,throttle_flag:throttled=0x50000,voltage:volt=1.2875V,volt=1.2500V,volt=1.2500V,volt=1.2250V
TIME:21:14:54
43470
cpu:0.49, 0.47, 0.34,freq:frequency(48)=800000000,throttle_flag:throttled=0x50000,voltage:volt=1.2875V,volt=1.2500V,volt=1.2500V,volt=1.2250V
TIME:21:14:55
44008
cpu:0.49, 0.47, 0.34,freq:frequency(48)=800000000,throttle_flag:throttled=0x50000,voltage:volt=1.2875V,volt=1.2500V,volt=1.2500V,volt=1.2250V
TIME:21:14:56
43470
cpu:0.45, 0.46, 0.34,freq:frequency(48)=800002000,throttle_flag:throttled=0x50000,voltage:volt=1.2875V,volt=1.2500V,volt=1.2500V,volt=1.2250V
TIME:21:14:57
43470
cpu:0.45, 0.46, 0.34,freq:frequency(48)=800000000,throttle_flag:throttled=0x50000,voltage:volt=1.2875V,volt=1.2500V,volt=1.2500V,volt=1.2250V
TIME:21:14:58
42394
cpu:0.45, 0.46, 0.34,freq:frequency(48)=800000000,throttle_flag:throttled=0x50000,voltage:volt=1.2875V,volt=1.2500V,volt=1.2500V,volt=1.2250V
TIME:21:14:59
43470
cpu:0.45, 0.46, 0.34,freq:frequency(48)=800000000,throttle_flag:throttled=0x50000,voltage:volt=1.2875V,volt=1.2500V,volt=1.2500V,volt=1.2250V
TIME:21:15:00
42932
cpu:0.45, 0.46, 0.34,freq:frequency(48)=800000000,throttle_flag:throttled=0x50000,voltage:volt=1.2875V,volt=1.2500V,volt=1.2500V,volt=1.2250V
TIME:21:15:01
42932
cpu:0.42, 0.46, 0.34,freq:frequency(48)=800000000,throttle_flag:throttled=0x50000,voltage:volt=1.2875V,volt=1.2500V,volt=1.2500V,volt=1.2250V
TIME:21:15:03
42932
cpu:0.42, 0.46, 0.34,freq:frequency(48)=900000000,throttle_flag:throttled=0x50000,voltage:volt=1.2875V,volt=1.2500V,volt=1.2500V,volt=1.2250V
TIME:21:15:04
42932
cpu:0.42, 0.46, 0.34,freq:frequency(48)=800000000,throttle_flag:throttled=0x50000,voltage:volt=1.2875V,volt=1.2500V,volt=1.2500V,volt=1.2250V
TIME:21:15:05
42932
cpu:0.42, 0.46, 0.34,freq:frequency(48)=800000000,throttle_flag:throttled=0x50000,voltage:volt=1.2875V,volt=1.2500V,volt=1.2500V,volt=1.2250V
TIME:21:15:06
43470
cpu:0.38, 0.45, 0.34,freq:frequency(48)=800000000,throttle_flag:throttled=0x50000,voltage:volt=1.2875V,volt=1.2500V,volt=1.2500V,volt=1.2250V
TIME:21:15:07
42932
cpu:0.38, 0.45, 0.34,freq:frequency(48)=700000000,throttle_flag:throttled=0x50000,voltage:volt=1.2875V,volt=1.2500V,volt=1.2500V,volt=1.2250V
TIME:21:15:08
42394
cpu:0.38, 0.45, 0.34,freq:frequency(48)=700000000,throttle_flag:throttled=0x50000,voltage:volt=1.2875V,volt=1.2500V,volt=1.2500V,volt=1.2250V
TIME:21:15:09
42932
cpu:0.38, 0.45, 0.34,freq:frequency(48)=600000000,throttle_flag:throttled=0x50000,voltage:volt=1.2875V,volt=1.2500V,volt=1.2500V,volt=1.2250V
TIME:21:15:10
42932
cpu:0.38, 0.45, 0.34,freq:frequency(48)=600000000,throttle_flag:throttled=0x50000,voltage:volt=1.2875V,volt=1.2500V,volt=1.2500V,volt=1.2250V
TIME:21:15:12
42932
cpu:0.35, 0.44, 0.34,freq:frequency(48)=600000000,throttle_flag:throttled=0x50000,voltage:volt=1.2875V,volt=1.2500V,volt=1.2500V,volt=1.2250V
TIME:21:15:13
42932
cpu:0.35, 0.44, 0.34,freq:frequency(48)=600000000,throttle_flag:throttled=0x50000,voltage:volt=1.2875V,volt=1.2500V,volt=1.2500V,volt=1.2250V
TIME:21:15:14
42932
cpu:0.35, 0.44, 0.34,freq:frequency(48)=600000000,throttle_flag:throttled=0x50000,voltage:volt=1.2875V,volt=1.2500V,volt=1.2500V,volt=1.2250V
TIME:21:15:15
42932
cpu:0.35, 0.44, 0.34,freq:frequency(48)=700000000,throttle_flag:throttled=0x50000,voltage:volt=1.2875V,volt=1.2500V,volt=1.2500V,volt=1.2250V
TIME:21:15:16
42932
cpu:0.41, 0.45, 0.34,freq:frequency(48)=1400000000,throttle_flag:throttled=0x50000,voltage:volt=1.3938V,volt=1.2500V,volt=1.2500V,volt=1.2250V
TIME:21:15:17
43470
cpu:0.41, 0.45, 0.34,freq:frequency(48)=600000000,throttle_flag:throttled=0x50005,voltage:volt=1.2000V,volt=1.2500V,volt=1.2500V,volt=1.2250V
TIME:21:15:18
43470
cpu:0.41, 0.45, 0.34,freq:frequency(48)=1400000000,throttle_flag:throttled=0x50000,voltage:volt=1.3938V,volt=1.2500V,volt=1.2500V,volt=1.2250V
TIME:21:15:19
43470
cpu:0.41, 0.45, 0.34,freq:frequency(48)=1400000000,throttle_flag:throttled=0x50000,voltage:volt=1.3938V,volt=1.2500V,volt=1.2500V,volt=1.2250V
TIME:21:15:20
44008
cpu:0.41, 0.45, 0.34,freq:frequency(48)=1399998000,throttle_flag:throttled=0x50000,voltage:volt=1.3938V,volt=1.2500V,volt=1.2500V,volt=1.2250V
TIME:21:15:21
43470
cpu:0.37, 0.44, 0.34,freq:frequency(48)=600000000,throttle_flag:throttled=0x50000,voltage:volt=1.2875V,volt=1.2500V,volt=1.2500V,volt=1.2250V
TIME:21:15:23
42932
cpu:0.37, 0.44, 0.34,freq:frequency(48)=1400000000,throttle_flag:throttled=0x50000,voltage:volt=1.3938V,volt=1.2500V,volt=1.2500V,volt=1.2250V
TIME:21:15:24
43470
cpu:0.37, 0.44, 0.34,freq:frequency(48)=1400002000,throttle_flag:throttled=0x50000,voltage:volt=1.3938V,volt=1.2500V,volt=1.2500V,volt=1.2250V
TIME:21:15:25
44008
cpu:0.37, 0.44, 0.34,freq:frequency(48)=1400000000,throttle_flag:throttled=0x50000,voltage:volt=1.3938V,volt=1.2500V,volt=1.2500V,volt=1.2250V
TIME:21:15:26
43470
cpu:0.37, 0.44, 0.34,freq:frequency(48)=1400000000,throttle_flag:throttled=0x50000,voltage:volt=1.3938V,volt=1.2500V,volt=1.2500V,volt=1.2250V
TIME:21:15:27
43470
cpu:0.42, 0.45, 0.34,freq:frequency(48)=1400000000,throttle_flag:throttled=0x50000,voltage:volt=1.3938V,volt=1.2500V,volt=1.2500V,volt=1.2250V
TIME:21:15:28
42932
cpu:0.42, 0.45, 0.34,freq:frequency(48)=600000000,throttle_flag:throttled=0x50000,voltage:volt=1.2875V,volt=1.2500V,volt=1.2500V,volt=1.2250V
TIME:21:15:29
42932
cpu:0.42, 0.45, 0.34,freq:frequency(48)=600000000,throttle_flag:throttled=0x50000,voltage:volt=1.2875V,volt=1.2500V,volt=1.2500V,volt=1.2250V
TIME:21:15:30
43470
cpu:0.42, 0.45, 0.34,freq:frequency(48)=600000000,throttle_flag:throttled=0x50000,voltage:volt=1.2875V,volt=1.2500V,volt=1.2500V,volt=1.2250V
TIME:21:15:31
42932
cpu:0.39, 0.44, 0.34,freq:frequency(48)=600000000,throttle_flag:throttled=0x50000,voltage:volt=1.2875V,volt=1.2500V,volt=1.2500V,volt=1.2250V
TIME:21:15:32
43470
cpu:0.39, 0.44, 0.34,freq:frequency(48)=600000000,throttle_flag:throttled=0x50000,voltage:volt=1.2875V,volt=1.2500V,volt=1.2500V,volt=1.2250V
TIME:21:15:34
42932
cpu:0.39, 0.44, 0.34,freq:frequency(48)=600000000,throttle_flag:throttled=0x50000,voltage:volt=1.2875V,volt=1.2500V,volt=1.2500V,volt=1.2250V
TIME:21:15:35
42932
cpu:0.39, 0.44, 0.34,freq:frequency(48)=800000000,throttle_flag:throttled=0x50000,voltage:volt=1.2875V,volt=1.2500V,volt=1.2500V,volt=1.2250V
TIME:21:15:36
42932
cpu:0.39, 0.44, 0.34,freq:frequency(48)=800000000,throttle_flag:throttled=0x50000,voltage:volt=1.2875V,volt=1.2500V,volt=1.2500V,volt=1.2250V
TIME:21:15:37
42932
cpu:0.44, 0.45, 0.34,freq:frequency(48)=800000000,throttle_flag:throttled=0x50000,voltage:volt=1.2875V,volt=1.2500V,volt=1.2500V,volt=1.2250V
TIME:21:15:38
42932
cpu:0.44, 0.45, 0.34,freq:frequency(48)=800000000,throttle_flag:throttled=0x50000,voltage:volt=1.2875V,volt=1.2500V,volt=1.2500V,volt=1.2250V
TIME:21:15:39
42394
cpu:0.44, 0.45, 0.34,freq:frequency(48)=800000000,throttle_flag:throttled=0x50000,voltage:volt=1.2875V,volt=1.2500V,volt=1.2500V,volt=1.2250V
TIME:21:15:40
42932
cpu:0.44, 0.45, 0.34,freq:frequency(48)=800000000,throttle_flag:throttled=0x50000,voltage:volt=1.2875V,volt=1.2500V,volt=1.2500V,volt=1.2250V
TIME:21:15:41
41856
cpu:0.40, 0.45, 0.34,freq:frequency(48)=800000000,throttle_flag:throttled=0x50000,voltage:volt=1.2875V,volt=1.2500V,volt=1.2500V,volt=1.2250V
TIME:21:15:42
42932
cpu:0.40, 0.45, 0.34,freq:frequency(48)=800000000,throttle_flag:throttled=0x50000,voltage:volt=1.2875V,volt=1.2500V,volt=1.2500V,volt=1.2250V
TIME:21:15:44
42932
cpu:0.40, 0.45, 0.34,freq:frequency(48)=700002000,throttle_flag:throttled=0x50000,voltage:volt=1.2875V,volt=1.2500V,volt=1.2500V,volt=1.2250V
TIME:21:15:45
42932
cpu:0.40, 0.45, 0.34,freq:frequency(48)=700000000,throttle_flag:throttled=0x50000,voltage:volt=1.2875V,volt=1.2500V,volt=1.2500V,volt=1.2250V
TIME:21:15:46
42394
cpu:0.40, 0.45, 0.34,freq:frequency(48)=700000000,throttle_flag:throttled=0x50000,voltage:volt=1.2875V,volt=1.2500V,volt=1.2500V,volt=1.2250V
TIME:21:15:47
42394
cpu:0.45, 0.45, 0.35,freq:frequency(48)=700000000,throttle_flag:throttled=0x50000,voltage:volt=1.2875V,volt=1.2500V,volt=1.2500V,volt=1.2250V
TIME:21:15:48
42394
cpu:0.45, 0.45, 0.35,freq:frequency(48)=700000000,throttle_flag:throttled=0x50000,voltage:volt=1.2875V,volt=1.2500V,volt=1.2500V,volt=1.2250V
TIME:21:15:49
42932
cpu:0.45, 0.45, 0.35,freq:frequency(48)=600000000,throttle_flag:throttled=0x50005,voltage:volt=1.2000V,volt=1.2500V,volt=1.2500V,volt=1.2250V
TIME:21:15:51
42932
cpu:0.45, 0.45, 0.35,freq:frequency(48)=1400000000,throttle_flag:throttled=0x50000,voltage:volt=1.3938V,volt=1.2500V,volt=1.2500V,volt=1.2250V
TIME:21:15:52
44008
cpu:0.50, 0.46, 0.35,freq:frequency(48)=1400000000,throttle_flag:throttled=0x50000,voltage:volt=1.3938V,volt=1.2500V,volt=1.2500V,volt=1.2250V
TIME:21:15:53
44008
cpu:0.50, 0.46, 0.35,freq:frequency(48)=1400000000,throttle_flag:throttled=0x50000,voltage:volt=1.3938V,volt=1.2500V,volt=1.2500V,volt=1.2250V
========
TIME:11:52:03
42932
cpu:0.91, 0.42, 0.26,freq:frequency(48)=900000000,throttle_flag:throttled=0x50000,voltage:volt=1.2875V,volt=1.2500V,volt=1.2500V,volt=1.2250V
TIME:11:52:04
43470
cpu:0.91, 0.43, 0.27,freq:frequency(48)=600000000,throttle_flag:throttled=0x50005,voltage:volt=1.2000V,volt=1.2500V,volt=1.2500V,volt=1.2250V
TIME:11:52:05
43470
cpu:0.91, 0.43, 0.27,freq:frequency(48)=600000000,throttle_flag:throttled=0x50005,voltage:volt=1.2000V,volt=1.2500V,volt=1.2500V,volt=1.2250V
TIME:11:52:06
42932
cpu:0.91, 0.43, 0.27,freq:frequency(48)=1400000000,throttle_flag:throttled=0x50000,voltage:volt=1.3938V,volt=1.2500V,volt=1.2500V,volt=1.2250V
TIME:11:52:08
43470
cpu:0.91, 0.43, 0.27,freq:frequency(48)=1399998000,throttle_flag:throttled=0x50000,voltage:volt=1.3938V,volt=1.2500V,volt=1.2500V,volt=1.2250V
TIME:11:52:09
42932
cpu:0.91, 0.43, 0.27,freq:frequency(48)=1400000000,throttle_flag:throttled=0x50000,voltage:volt=1.3938V,volt=1.2500V,volt=1.2500V,volt=1.2250V
TIME:11:52:10
43470
cpu:0.84, 0.42, 0.27,freq:frequency(48)=600000000,throttle_flag:throttled=0x50000,voltage:volt=1.2875V,volt=1.2500V,volt=1.2500V,volt=1.2250V
TIME:11:52:11
43470
cpu:0.84, 0.42, 0.27,freq:frequency(48)=1400000000,throttle_flag:throttled=0x50000,voltage:volt=1.3938V,volt=1.2500V,volt=1.2500V,volt=1.2250V
TIME:11:52:12
43470
cpu:0.84, 0.42, 0.27,freq:frequency(48)=1399998000,throttle_flag:throttled=0x50000,voltage:volt=1.3938V,volt=1.2500V,volt=1.2500V,volt=1.2250V
TIME:11:52:13
42932
cpu:0.84, 0.42, 0.27,freq:frequency(48)=1400000000,throttle_flag:throttled=0x50000,voltage:volt=1.3938V,volt=1.2500V,volt=1.2500V,volt=1.2250V
TIME:11:52:14
44008
cpu:0.77, 0.41, 0.26,freq:frequency(48)=1400000000,throttle_flag:throttled=0x50000,voltage:volt=1.3938V,volt=1.2500V,volt=1.2500V,volt=1.2250V
TIME:11:52:15
44008
cpu:0.77, 0.41, 0.26,freq:frequency(48)=600000000,throttle_flag:throttled=0x50000,voltage:volt=1.2875V,volt=1.2500V,volt=1.2500V,volt=1.2250V
TIME:11:52:16
42932
cpu:0.77, 0.41, 0.26,freq:frequency(48)=600000000,throttle_flag:throttled=0x50000,voltage:volt=1.2875V,volt=1.2500V,volt=1.2500V,volt=1.2250V
TIME:11:52:17
42932
cpu:0.77, 0.41, 0.26,freq:frequency(48)=700000000,throttle_flag:throttled=0x50000,voltage:volt=1.2875V,volt=1.2500V,volt=1.2500V,volt=1.2250V
TIME:11:52:18
42932
cpu:0.77, 0.41, 0.26,freq:frequency(48)=800000000,throttle_flag:throttled=0x50000,voltage:volt=1.2875V,volt=1.2500V,volt=1.2500V,volt=1.2250V
TIME:11:52:20
42932
cpu:0.71, 0.40, 0.26,freq:frequency(48)=700000000,throttle_flag:throttled=0x50000,voltage:volt=1.2875V,volt=1.2500V,volt=1.2500V,volt=1.2250V
TIME:11:52:21
42394
cpu:0.71, 0.40, 0.26,freq:frequency(48)=600000000,throttle_flag:throttled=0x50000,voltage:volt=1.2875V,volt=1.2500V,volt=1.2500V,volt=1.2250V
TIME:11:52:22
42932
cpu:0.71, 0.40, 0.26,freq:frequency(48)=600000000,throttle_flag:throttled=0x50000,voltage:volt=1.2875V,volt=1.2500V,volt=1.2500V,volt=1.2250V
TIME:11:52:23
42932
cpu:0.71, 0.40, 0.26,freq:frequency(48)=600000000,throttle_flag:throttled=0x50000,voltage:volt=1.2875V,volt=1.2500V,volt=1.2500V,volt=1.2250V
TIME:11:52:24
42394
cpu:0.65, 0.40, 0.26,freq:frequency(48)=800000000,throttle_flag:throttled=0x50000,voltage:volt=1.2875V,volt=1.2500V,volt=1.2500V,volt=1.2250V
TIME:11:52:25
42932
cpu:0.65, 0.40, 0.26,freq:frequency(48)=800000000,throttle_flag:throttled=0x50000,voltage:volt=1.2875V,volt=1.2500V,volt=1.2500V,volt=1.2250V
TIME:11:52:26
42394
cpu:0.65, 0.40, 0.26,freq:frequency(48)=800000000,throttle_flag:throttled=0x50000,voltage:volt=1.2875V,volt=1.2500V,volt=1.2500V,volt=1.2250V
TIME:11:52:27
42932
cpu:0.65, 0.40, 0.26,freq:frequency(48)=800000000,throttle_flag:throttled=0x50000,voltage:volt=1.2875V,volt=1.2500V,volt=1.2500V,volt=1.2250V
TIME:11:52:28
42932
cpu:0.65, 0.40, 0.26,freq:frequency(48)=800000000,throttle_flag:throttled=0x50000,voltage:volt=1.2875V,volt=1.2500V,volt=1.2500V,volt=1.2250V
TIME:11:52:30
42932
cpu:0.60, 0.39, 0.26,freq:frequency(48)=800000000,throttle_flag:throttled=0x50000,voltage:volt=1.2875V,volt=1.2500V,volt=1.2500V,volt=1.2250V
TIME:11:52:31
42394
cpu:0.60, 0.39, 0.26,freq:frequency(48)=800000000,throttle_flag:throttled=0x50000,voltage:volt=1.2875V,volt=1.2500V,volt=1.2500V,volt=1.2250V
TIME:11:52:32
42932
cpu:0.60, 0.39, 0.26,freq:frequency(48)=800002000,throttle_flag:throttled=0x50000,voltage:volt=1.2875V,volt=1.2500V,volt=1.2500V,volt=1.2250V
TIME:11:52:33
42394
cpu:0.60, 0.39, 0.26,freq:frequency(48)=900000000,throttle_flag:throttled=0x50000,voltage:volt=1.2875V,volt=1.2500V,volt=1.2500V,volt=1.2250V
TIME:11:52:34
42932
cpu:0.55, 0.38, 0.26,freq:frequency(48)=800000000,throttle_flag:throttled=0x50000,voltage:volt=1.2875V,volt=1.2500V,volt=1.2500V,volt=1.2250V
TIME:11:52:35
42932
cpu:0.55, 0.38, 0.26,freq:frequency(48)=1400000000,throttle_flag:throttled=0x50000,voltage:volt=1.3938V,volt=1.2500V,volt=1.2500V,volt=1.2250V
TIME:11:52:36
42932
cpu:0.55, 0.38, 0.26,freq:frequency(48)=600000000,throttle_flag:throttled=0x50005,voltage:volt=1.2000V,volt=1.2500V,volt=1.2500V,volt=1.2250V
TIME:11:52:38
42932
cpu:0.55, 0.38, 0.26,freq:frequency(48)=600000000,throttle_flag:throttled=0x50005,voltage:volt=1.2000V,volt=1.2500V,volt=1.2500V,volt=1.2250V
TIME:11:52:39
42932
cpu:0.55, 0.38, 0.26,freq:frequency(48)=1400000000,throttle_flag:throttled=0x50000,voltage:volt=1.3938V,volt=1.2500V,volt=1.2500V,volt=1.2250V
TIME:11:52:40
44008
cpu:0.51, 0.38, 0.26,freq:frequency(48)=1400000000,throttle_flag:throttled=0x50000,voltage:volt=1.3938V,volt=1.2500V,volt=1.2500V,volt=1.2250V
TIME:11:52:41
43470
cpu:0.51, 0.38, 0.26,freq:frequency(48)=700000000,throttle_flag:throttled=0x50000,voltage:volt=1.2875V,volt=1.2500V,volt=1.2500V,volt=1.2250V
TIME:11:52:42
42932
cpu:0.51, 0.38, 0.26,freq:frequency(48)=600000000,throttle_flag:throttled=0x50000,voltage:volt=1.2875V,volt=1.2500V,volt=1.2500V,volt=1.2250V
TIME:11:52:43
42932
cpu:0.51, 0.38, 0.26,freq:frequency(48)=600000000,throttle_flag:throttled=0x50000,voltage:volt=1.2875V,volt=1.2500V,volt=1.2500V,volt=1.2250V
TIME:11:52:44
42932
cpu:0.55, 0.39, 0.26,freq:frequency(48)=600000000,throttle_flag:throttled=0x50000,voltage:volt=1.2875V,volt=1.2500V,volt=1.2500V,volt=1.2250V
TIME:11:52:45
42932
cpu:0.55, 0.39, 0.26,freq:frequency(48)=800000000,throttle_flag:throttled=0x50000,voltage:volt=1.2875V,volt=1.2500V,volt=1.2500V,volt=1.2250V
TIME:11:52:46
42932
cpu:0.55, 0.39, 0.26,freq:frequency(48)=700000000,throttle_flag:throttled=0x50000,voltage:volt=1.2875V,volt=1.2500V,volt=1.2500V,volt=1.2250V
TIME:11:52:47
42394
cpu:0.55, 0.39, 0.26,freq:frequency(48)=600000000,throttle_flag:throttled=0x50000,voltage:volt=1.2875V,volt=1.2500V,volt=1.2500V,volt=1.2250V
TIME:11:52:49
41856
cpu:0.55, 0.39, 0.26,freq:frequency(48)=600000000,throttle_flag:throttled=0x50000,voltage:volt=1.2875V,volt=1.2500V,volt=1.2500V,volt=1.2250V
TIME:11:52:50
42932
cpu:0.50, 0.38, 0.26,freq:frequency(48)=600000000,throttle_flag:throttled=0x50000,voltage:volt=1.2875V,volt=1.2500V,volt=1.2500V,volt=1.2250V
TIME:11:52:51
41856
cpu:0.50, 0.38, 0.26,freq:frequency(48)=600000000,throttle_flag:throttled=0x50000,voltage:volt=1.2875V,volt=1.2500V,volt=1.2500V,volt=1.2250V
TIME:11:52:52
42394
cpu:0.50, 0.38, 0.26,freq:frequency(48)=600000000,throttle_flag:throttled=0x50000,voltage:volt=1.2875V,volt=1.2500V,volt=1.2500V,volt=1.2250V
TIME:11:52:53
42394
cpu:0.50, 0.38, 0.26,freq:frequency(48)=800000000,throttle_flag:throttled=0x50000,voltage:volt=1.2875V,volt=1.2500V,volt=1.2500V,volt=1.2250V
TIME:11:52:54
42932
cpu:0.46, 0.37, 0.26,freq:frequency(48)=800000000,throttle_flag:throttled=0x50000,voltage:volt=1.2875V,volt=1.2500V,volt=1.2500V,volt=1.2250V
TIME:11:52:55
42394
cpu:0.46, 0.37, 0.26,freq:frequency(48)=800000000,throttle_flag:throttled=0x50000,voltage:volt=1.2875V,volt=1.2500V,volt=1.2500V,volt=1.2250V
TIME:11:52:56
42394
cpu:0.46, 0.37, 0.26,freq:frequency(48)=800000000,throttle_flag:throttled=0x50000,voltage:volt=1.2875V,volt=1.2500V,volt=1.2500V,volt=1.2250V
TIME:11:52:57
42932
cpu:0.46, 0.37, 0.26,freq:frequency(48)=800000000,throttle_flag:throttled=0x50000,voltage:volt=1.2875V,volt=1.2500V,volt=1.2500V,volt=1.2250V
TIME:11:52:59
41856
cpu:0.46, 0.37, 0.26,freq:frequency(48)=800000000,throttle_flag:throttled=0x50000,voltage:volt=1.2875V,volt=1.2500V,volt=1.2500V,volt=1.2250V
TIME:11:53:00
42394
cpu:0.43, 0.37, 0.26,freq:frequency(48)=600000000,throttle_flag:throttled=0x50000,voltage:volt=1.2875V,volt=1.2500V,volt=1.2500V,volt=1.2250V
TIME:11:53:01
41856
cpu:0.43, 0.37, 0.26,freq:frequency(48)=800000000,throttle_flag:throttled=0x50000,voltage:volt=1.2875V,volt=1.2500V,volt=1.2500V,volt=1.2250V
TIME:11:53:02
41856
cpu:0.43, 0.37, 0.26,freq:frequency(48)=800000000,throttle_flag:throttled=0x50000,voltage:volt=1.2875V,volt=1.2500V,volt=1.2500V,volt=1.2250V
TIME:11:53:03
41856
cpu:0.43, 0.37, 0.26,freq:frequency(48)=800000000,throttle_flag:throttled=0x50000,voltage:volt=1.2875V,volt=1.2500V,volt=1.2500V,volt=1.2250V
TIME:11:53:04
42394
cpu:0.39, 0.36, 0.25,freq:frequency(48)=800000000,throttle_flag:throttled=0x50000,voltage:volt=1.2875V,volt=1.2500V,volt=1.2500V,volt=1.2250V
TIME:11:53:05
42394
cpu:0.39, 0.36, 0.25,freq:frequency(48)=800000000,throttle_flag:throttled=0x50000,voltage:volt=1.2875V,volt=1.2500V,volt=1.2500V,volt=1.2250V
TIME:11:53:06
42394
cpu:0.39, 0.36, 0.25,freq:frequency(48)=700000000,throttle_flag:throttled=0x50000,voltage:volt=1.2875V,volt=1.2500V,volt=1.2500V,volt=1.2250V
TIME:11:53:07
42932
cpu:0.39, 0.36, 0.25,freq:frequency(48)=800000000,throttle_flag:throttled=0x50000,voltage:volt=1.2875V,volt=1.2500V,volt=1.2500V,volt=1.2250V
TIME:11:53:09
43470
cpu:0.39, 0.36, 0.25,freq:frequency(48)=600000000,throttle_flag:throttled=0x50005,voltage:volt=1.2000V,volt=1.2500V,volt=1.2500V,volt=1.2250V
TIME:11:53:10
43470
cpu:0.44, 0.37, 0.26,freq:frequency(48)=1400002000,throttle_flag:throttled=0x50000,voltage:volt=1.3938V,volt=1.2500V,volt=1.2500V,volt=1.2250V
TIME:11:53:11
43470
cpu:0.44, 0.37, 0.26,freq:frequency(48)=1400000000,throttle_flag:throttled=0x50000,voltage:volt=1.3938V,volt=1.2500V,volt=1.2500V,volt=1.2250V
TIME:11:53:12
44008
cpu:0.44, 0.37, 0.26,freq:frequency(48)=1400000000,throttle_flag:throttled=0x50000,voltage:volt=1.3938V,volt=1.2500V,volt=1.2500V,volt=1.2250V
>>>>>>>> 978dcc83 (emergency commit?):logs/roofline/resnet18_children_bramble-4-5/1/4_size/2_1/speed_heatbramble-4-5-17.log
