ALL SYNC
2026-04-21 06:44:41.882118 Sync done -> model run start
2026-04-21 06:44:41.882118 Sync done -> model run start
2026-04-21 06:44:41.882124 Sync done -> model run start
2026-04-21 06:44:41.882191 Sync done -> model run start
3 0.578 [0.577518308069557]
1 0.598 [0.5981558840721846]
0 0.608 [0.6077485019341111]
2 0.578 [0.5775178400799632]
2026-04-21 06:44:42.919959 Sync done -> model run start
2026-04-21 06:44:42.925126 Sync done -> model run start
2026-04-21 06:44:42.926733 Sync done -> model run start
2026-04-21 06:44:42.945383 Sync done -> model run start
3 0.498 [0.4974670079536736]
0 0.502 [0.502211885061115]
2 0.501 [0.5009734001941979]
1 0.503 [0.5026620919816196]
2026-04-21 06:44:46.619080 Sync done -> model run start
2026-04-21 06:44:46.623889 Sync done -> model run start
2026-04-21 06:44:46.633717 Sync done -> model run start
2026-04-21 06:44:46.657767 Sync done -> model run start
1 0.525 [0.5244283080101013]
0 0.525 [0.5252383048646152]
2 0.524 [0.5243642979767174]
3 0.516 [0.5161354239098728]
2026-04-21 06:44:51.392864 Sync done -> model run start
2026-04-21 06:44:51.392864 Sync done -> model run start
2026-04-21 06:44:51.407566 Sync done -> model run start
2026-04-21 06:44:51.416614 Sync done -> model run start
1 0.573 [0.5729194718878716]
2 0.558 [0.5582946850918233]
0 0.575 [0.5745670178439468]
3 0.558 [0.5583671862259507]
2026-04-21 06:44:56.134684 Sync done -> model run start
2026-04-21 06:44:56.142974 Sync done -> model run start
2026-04-21 06:44:56.148848 Sync done -> model run start
2026-04-21 06:44:56.161728 Sync done -> model run start
2 0.498 [0.4976766938343644]
0 0.498 [0.49755554902367294]
1 0.509 [0.5092506080400199]
3 0.497 [0.4969090409576893]
2026-04-21 06:44:56.736169 Sync done -> model run start
net_times: [[0.286, 0.0, 3211264, 0], [0.022, 0.0, 3211264, 0], [2.798, 0.0, 3211264, 0], [3.838, 0.0, 3211264, 0], [3.788, 0.0, 3211264, 0]]
echo 'race4fun' | sudo -S sh -c 'journalctl --since "2026-04-21 06:44:40.666008" --until "2026-04-21 06:44:56.736169" -k -o short-iso '| grep -i -E 'throttle|throttled|thermal|cpufreq|under-voltage|voltage'
