ALL SYNC
2026-04-21 06:45:26.309696 Sync done -> model run start
2026-04-21 06:45:26.309692 Sync done -> model run start
2026-04-21 06:45:26.309692 Sync done -> model run start
2026-04-21 06:45:26.309921 Sync done -> model run start
0 0.367 [0.3664273130707443]
1 0.365 [0.36519403709098697]
2 0.369 [0.36919563612900674]
3 0.4 [0.4001669199205935]
2026-04-21 06:45:27.269971 Sync done -> model run start
2026-04-21 06:45:27.269971 Sync done -> model run start
2026-04-21 06:45:27.281942 Sync done -> model run start
2026-04-21 06:45:27.291262 Sync done -> model run start
1 0.323 [0.32253113202750683]
2 0.321 [0.3209583249408752]
3 0.321 [0.3213336879853159]
0 0.365 [0.3649475278798491]
2026-04-21 06:45:28.641063 Sync done -> model run start
2026-04-21 06:45:28.642688 Sync done -> model run start
2026-04-21 06:45:28.661110 Sync done -> model run start
2026-04-21 06:45:28.692979 Sync done -> model run start
0 0.327 [0.3262767419219017]
1 0.328 [0.327828090172261]
3 0.325 [0.32500060088932514]
2 0.322 [0.3218395719304681]
2026-04-21 06:45:30.382482 Sync done -> model run start
2026-04-21 06:45:30.388947 Sync done -> model run start
2026-04-21 06:45:30.391355 Sync done -> model run start
2026-04-21 06:45:30.407932 Sync done -> model run start
1 0.325 [0.324425081955269]
0 0.324 [0.3234558152034879]
2 0.326 [0.3257565868552774]
3 0.326 [0.32571570202708244]
2026-04-21 06:45:32.909862 Sync done -> model run start
2026-04-21 06:45:32.918426 Sync done -> model run start
2026-04-21 06:45:32.927019 Sync done -> model run start
2026-04-21 06:45:32.931255 Sync done -> model run start
0 0.325 [0.3248229979071766]
1 0.322 [0.3222467580344528]
2 0.323 [0.32333487807773054]
3 0.327 [0.3268184580374509]
2026-04-21 06:45:33.545515 Sync done -> model run start
net_times: [[2.549, 0.213, 1605632, 99176], [0.014, 0.191, 1605632, 99176], [0.5, 0.242, 1605632, 126974], [0.799, 0.149, 1605632, 126868], [1.686, 0.208, 1605632, 163277]]
echo 'race4fun' | sudo -S sh -c 'journalctl --since "2026-04-21 06:45:22.911871" --until "2026-04-21 06:45:33.545515" -k -o short-iso '| grep -i -E 'throttle|throttled|thermal|cpufreq|under-voltage|voltage'
