ALL SYNC
2026-04-21 06:44:40.132516 Sync done -> model run start
2026-04-21 06:44:40.132516 Sync done -> model run start
2026-04-21 06:44:40.132516 Sync done -> model run start
2026-04-21 06:44:40.132516 Sync done -> model run start
2 0.44 [0.4402332289610058]
3 0.44 [0.4402330198790878]
0 0.442 [0.44175119092687964]
1 0.445 [0.4448775330092758]
2026-04-21 06:44:41.063212 Sync done -> model run start
2026-04-21 06:44:41.072221 Sync done -> model run start
2026-04-21 06:44:41.080912 Sync done -> model run start
2026-04-21 06:44:41.089775 Sync done -> model run start
0 0.335 [0.33449531998485327]
1 0.335 [0.3347754229325801]
2 0.346 [0.3461440240498632]
3 0.35 [0.3497606760356575]
2026-04-21 06:44:42.718484 Sync done -> model run start
2026-04-21 06:44:42.729626 Sync done -> model run start
2026-04-21 06:44:42.739385 Sync done -> model run start
2026-04-21 06:44:42.747691 Sync done -> model run start
2 0.35 [0.3499211960006505]
1 0.334 [0.3343105821404606]
3 0.349 [0.34888161602430046]
0 0.334 [0.3339250630233437]
2026-04-21 06:44:46.498249 Sync done -> model run start
2026-04-21 06:44:46.506990 Sync done -> model run start
2026-04-21 06:44:46.517250 Sync done -> model run start
2026-04-21 06:44:46.524266 Sync done -> model run start
0 0.342 [0.3421952382195741]
2 0.346 [0.3460948569700122]
3 0.356 [0.35631158691830933]
1 0.343 [0.3428510162048042]
2026-04-21 06:44:51.223428 Sync done -> model run start
2026-04-21 06:44:51.230590 Sync done -> model run start
2026-04-21 06:44:51.241960 Sync done -> model run start
2026-04-21 06:44:51.250387 Sync done -> model run start
0 0.38 [0.37963581597432494]
1 0.378 [0.37776436493732035]
2 0.385 [0.3846505868714303]
3 0.398 [0.39771720208227634]
2026-04-21 06:44:55.881206 Sync done -> model run start
net_times: [[0.0, 0.269, 0, 89359], [0.0, 1.085, 0, 89359], [0.0, 3.169, 0, 1721154], [0.0, 4.146, 0, 2271835], [0.0, 4.136, 0, 2276399]]
echo 'race4fun' | sudo -S sh -c 'journalctl --since "2026-04-21 06:44:39.670796" --until "2026-04-21 06:44:55.881206" -k -o short-iso '| grep -i -E 'throttle|throttled|thermal|cpufreq|under-voltage|voltage'
