ALL SYNC
2026-04-21 06:45:27.431930 Sync done -> model run start
2026-04-21 06:45:27.431930 Sync done -> model run start
2026-04-21 06:45:27.431930 Sync done -> model run start
2026-04-21 06:45:27.431930 Sync done -> model run start
2 0.034 [0.03397161792963743]
0 0.034 [0.03397198300808668]
1 0.034 [0.033971305936574936]
3 0.034 [0.033970576943829656]
2026-04-21 06:45:27.937004 Sync done -> model run start
2026-04-21 06:45:27.941823 Sync done -> model run start
2026-04-21 06:45:27.948435 Sync done -> model run start
2026-04-21 06:45:27.953833 Sync done -> model run start
0 0.006 [0.006222671130672097]
2 0.006 [0.0061853788793087006]
3 0.005 [0.004927573958411813]
1 0.003 [0.0034027399960905313]
2026-04-21 06:45:29.371651 Sync done -> model run start
2026-04-21 06:45:29.372644 Sync done -> model run start
2026-04-21 06:45:29.378196 Sync done -> model run start
2026-04-21 06:45:29.382162 Sync done -> model run start
1 0.006 [0.005662987008690834]
0 0.006 [0.006204284960404038]
2 0.006 [0.005405384115874767]
3 0.004 [0.004039351129904389]
2026-04-21 06:45:31.006470 Sync done -> model run start
2026-04-21 06:45:31.006959 Sync done -> model run start
2026-04-21 06:45:31.012261 Sync done -> model run start
2026-04-21 06:45:31.015750 Sync done -> model run start
0 0.006 [0.005596320843324065]
1 0.005 [0.005323196994140744]
2 0.006 [0.005493144039064646]
3 0.004 [0.0041327879298478365]
2026-04-21 06:45:33.604481 Sync done -> model run start
2026-04-21 06:45:33.607036 Sync done -> model run start
2026-04-21 06:45:33.608316 Sync done -> model run start
2026-04-21 06:45:33.611424 Sync done -> model run start
0 0.007 [0.006392252864316106]
1 0.006 [0.005946317920461297]
2 0.006 [0.0062755870167165995]
3 0.006 [0.005523195955902338]
2026-04-21 06:45:33.685844 Sync done -> model run start
net_times: [[4.066, 0.0, 401408, 0], [0.324, 0.0, 401408, 0], [1.268, 0.0, 401408, 0], [1.472, 0.0, 401408, 0], [2.414, 0.0, 401408, 0]]
echo 'race4fun' | sudo -S sh -c 'journalctl --since "2026-04-21 06:45:22.911375" --until "2026-04-21 06:45:33.685844" -k -o short-iso '| grep -i -E 'throttle|throttled|thermal|cpufreq|under-voltage|voltage'
