ALL SYNC
2026-04-21 07:21:09.721725 Sync done -> model run start
2026-04-21 07:21:09.721721 Sync done -> model run start
2026-04-21 07:21:09.721721 Sync done -> model run start
2026-04-21 07:21:09.721721 Sync done -> model run start
2 1.135 [1.1348684169352055]
1 1.143 [1.1424071909859776]
3 1.155 [1.1550516220740974]
0 1.198 [1.1982948440127075]
2026-04-21 07:21:16.093622 Sync done -> model run start
2026-04-21 07:21:16.111144 Sync done -> model run start
2026-04-21 07:21:16.151821 Sync done -> model run start
2026-04-21 07:21:16.157584 Sync done -> model run start
1 0.601 [0.6007458539679646]
3 0.593 [0.5931420270353556]
2 0.617 [0.6170593330170959]
0 0.6 [0.5998114820104092]
2026-04-21 07:21:19.725278 Sync done -> model run start
2026-04-21 07:21:19.744474 Sync done -> model run start
2026-04-21 07:21:19.778692 Sync done -> model run start
2026-04-21 07:21:19.778692 Sync done -> model run start
0 0.599 [0.5991807028185576]
1 0.593 [0.59282859088853]
3 0.595 [0.5946792608592659]
2 0.631 [0.6308613640721887]
2026-04-21 07:21:23.368364 Sync done -> model run start
2026-04-21 07:21:23.387666 Sync done -> model run start
2026-04-21 07:21:23.426033 Sync done -> model run start
2026-04-21 07:21:23.429829 Sync done -> model run start
0 0.599 [0.5985570070333779]
1 0.598 [0.5974539900198579]
3 0.593 [0.5927518729586154]
2 0.618 [0.6177651109173894]
2026-04-21 07:21:26.951291 Sync done -> model run start
2026-04-21 07:21:26.965955 Sync done -> model run start
2026-04-21 07:21:26.983088 Sync done -> model run start
2026-04-21 07:21:27.002230 Sync done -> model run start
0 0.603 [0.6028176150284708]
1 0.6 [0.5995688780676574]
3 0.599 [0.5989792970940471]
2 0.641 [0.640490910038352]
2026-04-21 07:21:27.779463 Sync done -> model run start
net_times: [[35.267, 4.703, 4841472, 2252488], [0.052, 0.081, 4841472, 2375], [2.508, 0.078, 4841472, 2375], [2.515, 0.088, 4841472, 2375], [2.439, 0.08, 4841472, 2375]]
echo 'race4fun' | sudo -S sh -c 'journalctl --since "2026-04-21 07:20:33.633917" --until "2026-04-21 07:21:27.779463" -k -o short-iso '| grep -i -E 'throttle|throttled|thermal|cpufreq|under-voltage|voltage'
