ALL SYNC
2026-04-21 07:19:26.836760 Sync done -> model run start
2026-04-21 07:19:26.836760 Sync done -> model run start
2026-04-21 07:19:26.858336 Sync done -> model run start
2026-04-21 07:19:26.860360 Sync done -> model run start
3 3.702 [3.7015159889124334]
0 3.69 [3.6895715850405395]
2 3.716 [3.715177264995873]
1 3.827 [3.8268737168982625]
2026-04-21 07:19:41.254740 Sync done -> model run start
2026-04-21 07:19:41.254740 Sync done -> model run start
2026-04-21 07:19:41.275618 Sync done -> model run start
2026-04-21 07:19:41.307452 Sync done -> model run start
0 3.622 [3.621954520000145]
1 3.623 [3.6226459241006523]
3 3.654 [3.653927842853591]
2 3.762 [3.7617581579834223]
2026-04-21 07:19:47.750337 Sync done -> model run start
2026-04-21 07:19:47.750531 Sync done -> model run start
2026-04-21 07:19:47.781083 Sync done -> model run start
2026-04-21 07:19:47.808965 Sync done -> model run start
1 3.617 [3.6165151740424335]
3 3.636 [3.6361440441105515]
0 3.617 [3.616517674177885]
2 3.764 [3.7639619240071625]
2026-04-21 07:19:53.037931 Sync done -> model run start
2026-04-21 07:19:53.054151 Sync done -> model run start
2026-04-21 07:19:53.054715 Sync done -> model run start
2026-04-21 07:19:53.084786 Sync done -> model run start
0 3.628 [3.6280202199704945]
2 3.629 [3.628449699142948]
3 3.629 [3.629012718098238]
1 3.763 [3.7625900160055608]
2026-04-21 07:19:58.279566 Sync done -> model run start
2026-04-21 07:19:58.297003 Sync done -> model run start
2026-04-21 07:19:58.297307 Sync done -> model run start
2026-04-21 07:19:58.348511 Sync done -> model run start
0 3.62 [3.6199025951791555]
1 3.621 [3.6210705609992146]
2 3.621 [3.6208574888296425]
3 3.74 [3.7393429400399327]
2026-04-21 07:20:02.373874 Sync done -> model run start
net_times: [[0.0, 9.172, 0, 4496250], [0.0, 1.382, 0, 4735], [0.0, 0.163, 0, 4735], [0.0, 0.161, 0, 4735], [0.0, 0.158, 0, 4735]]
echo 'race4fun' | sudo -S sh -c 'journalctl --since "2026-04-21 07:19:24.009875" --until "2026-04-21 07:20:02.373874" -k -o short-iso '| grep -i -E 'throttle|throttled|thermal|cpufreq|under-voltage|voltage'
