ALL SYNC
2026-04-21 07:20:47.673224 Sync done -> model run start
2026-04-21 07:20:47.673231 Sync done -> model run start
2026-04-21 07:20:47.673224 Sync done -> model run start
2026-04-21 07:20:47.673236 Sync done -> model run start
3 2.202 [2.2014648569747806]
2 2.202 [2.2019944358617067]
1 2.317 [2.3169612609781325]
0 2.218 [2.2175899939611554]
2026-04-21 07:21:00.026343 Sync done -> model run start
2026-04-21 07:21:00.032314 Sync done -> model run start
2026-04-21 07:21:00.089131 Sync done -> model run start
2026-04-21 07:21:00.141641 Sync done -> model run start
1 2.144 [2.1440132269635797]
0 2.161 [2.1611560641322285]
2 2.156 [2.1554678259417415]
3 2.18 [2.180028626928106]
2026-04-21 07:21:09.796868 Sync done -> model run start
2026-04-21 07:21:09.825917 Sync done -> model run start
2026-04-21 07:21:09.852430 Sync done -> model run start
2026-04-21 07:21:09.871686 Sync done -> model run start
0 2.11 [2.1095184478908777]
2 2.105 [2.1049673368688673]
3 2.118 [2.1175150021445006]
1 2.157 [2.1567607410252094]
2026-04-21 07:21:16.703207 Sync done -> model run start
2026-04-21 07:21:16.707933 Sync done -> model run start
2026-04-21 07:21:16.737568 Sync done -> model run start
2026-04-21 07:21:16.748991 Sync done -> model run start
1 2.141 [2.140894775977358]
3 2.145 [2.145295472117141]
2 2.235 [2.2347072849515826]
0 2.146 [2.14557765587233]
2026-04-21 07:21:20.358503 Sync done -> model run start
2026-04-21 07:21:20.378942 Sync done -> model run start
2026-04-21 07:21:20.378942 Sync done -> model run start
2026-04-21 07:21:20.406342 Sync done -> model run start
2 2.127 [2.1264243689365685]
1 2.168 [2.16757217887789]
3 2.203 [2.202635555062443]
0 2.118 [2.1182982861064374]
2026-04-21 07:21:23.184075 Sync done -> model run start
net_times: [[12.244, 9.099, 4841472, 4523527], [0.029, 6.566, 4841472, 4735], [0.025, 3.775, 4841472, 4735], [0.024, 0.457, 4841472, 4735], [0.026, 0.453, 4841472, 4735]]
echo 'race4fun' | sudo -S sh -c 'journalctl --since "2026-04-21 07:20:33.635023" --until "2026-04-21 07:21:23.184075" -k -o short-iso '| grep -i -E 'throttle|throttled|thermal|cpufreq|under-voltage|voltage'
