ALL SYNC
2026-04-21 07:20:34.460952 Sync done -> model run start
2026-04-21 07:20:34.492094 Sync done -> model run start
2026-04-21 07:20:34.492777 Sync done -> model run start
2026-04-21 07:20:34.494353 Sync done -> model run start
2 2.119 [2.1188770688604563]
1 2.155 [2.1548821579199284]
0 2.135 [2.134393915068358]
3 2.229 [2.2287503539118916]
2026-04-21 07:20:46.663040 Sync done -> model run start
2026-04-21 07:20:46.670787 Sync done -> model run start
2026-04-21 07:20:46.678510 Sync done -> model run start
2026-04-21 07:20:46.694613 Sync done -> model run start
2 2.051 [2.050966590177268]
3 2.063 [2.0626501101069152]
0 2.16 [2.159432898974046]
1 2.056 [2.0555488211102784]
2026-04-21 07:21:00.067940 Sync done -> model run start
2026-04-21 07:21:00.071217 Sync done -> model run start
2026-04-21 07:21:00.083970 Sync done -> model run start
2026-04-21 07:21:00.101556 Sync done -> model run start
2 2.073 [2.0725674559362233]
3 2.082 [2.0818484800402075]
1 2.082 [2.0812937940936536]
0 2.184 [2.183558916905895]
2026-04-21 07:21:09.815285 Sync done -> model run start
2026-04-21 07:21:09.835081 Sync done -> model run start
2026-04-21 07:21:09.842266 Sync done -> model run start
2026-04-21 07:21:09.860708 Sync done -> model run start
2 2.051 [2.0505796461366117]
0 2.031 [2.0306157239247113]
3 2.045 [2.0452163219451904]
1 2.137 [2.137072922894731]
2026-04-21 07:21:16.711123 Sync done -> model run start
2026-04-21 07:21:16.711123 Sync done -> model run start
2026-04-21 07:21:16.729559 Sync done -> model run start
2026-04-21 07:21:16.787332 Sync done -> model run start
0 2.091 [2.0907795820385218]
2 2.123 [2.12281311606057]
3 2.149 [2.149305775994435]
1 2.091 [2.0907796339597553]
2026-04-21 07:21:19.625273 Sync done -> model run start
net_times: [[0.0, 9.083, 0, 4529019], [0.0, 10.336, 0, 4735], [0.0, 6.677, 0, 4735], [0.0, 3.864, 0, 4735], [0.0, 0.556, 0, 4735]]
echo 'race4fun' | sudo -S sh -c 'journalctl --since "2026-04-21 07:20:32.641858" --until "2026-04-21 07:21:19.625273" -k -o short-iso '| grep -i -E 'throttle|throttled|thermal|cpufreq|under-voltage|voltage'
