ALL SYNC
2026-04-21 07:21:16.163643 Sync done -> model run start
2026-04-21 07:21:16.163643 Sync done -> model run start
2026-04-21 07:21:16.163643 Sync done -> model run start
2026-04-21 07:21:16.163643 Sync done -> model run start
3 0.03 [0.030070289969444275]
0 0.03 [0.030070602893829346]
2 0.03 [0.030069508822634816]
1 0.03 [0.03007055097259581]
2026-04-21 07:21:16.999189 Sync done -> model run start
2026-04-21 07:21:17.006109 Sync done -> model run start
2026-04-21 07:21:17.014760 Sync done -> model run start
2026-04-21 07:21:17.026528 Sync done -> model run start
0 0.006 [0.006097828038036823]
1 0.005 [0.005182728869840503]
2 0.004 [0.00402205903083086]
3 0.003 [0.0029525351710617542]
2026-04-21 07:21:20.623153 Sync done -> model run start
2026-04-21 07:21:20.629849 Sync done -> model run start
2026-04-21 07:21:20.638110 Sync done -> model run start
2026-04-21 07:21:20.646137 Sync done -> model run start
0 0.006 [0.006092880852520466]
1 0.006 [0.005657779052853584]
2 0.004 [0.004163360921666026]
3 0.003 [0.0029775870498269796]
2026-04-21 07:21:24.305847 Sync done -> model run start
2026-04-21 07:21:24.315556 Sync done -> model run start
2026-04-21 07:21:24.321272 Sync done -> model run start
2026-04-21 07:21:24.336763 Sync done -> model run start
0 0.005 [0.0048268979880958796]
2 0.004 [0.004087839974090457]
3 0.003 [0.0028968050610274076]
1 0.007 [0.007090998813509941]
2026-04-21 07:21:27.839400 Sync done -> model run start
2026-04-21 07:21:27.842259 Sync done -> model run start
2026-04-21 07:21:27.848651 Sync done -> model run start
2026-04-21 07:21:27.865693 Sync done -> model run start
1 0.007 [0.006368504138663411]
0 0.006 [0.005525436019524932]
2 0.005 [0.005233041942119598]
3 0.003 [0.0029369089752435684]
2026-04-21 07:21:27.925835 Sync done -> model run start
net_times: [[42.067, 0.0, 2420736, 0], [0.635, 0.0, 2420736, 0], [3.435, 0.0, 2420736, 0], [3.473, 0.0, 2420736, 0], [3.338, 0.0, 2420736, 0]]
echo 'race4fun' | sudo -S sh -c 'journalctl --since "2026-04-21 07:20:33.639518" --until "2026-04-21 07:21:27.925835" -k -o short-iso '| grep -i -E 'throttle|throttled|thermal|cpufreq|under-voltage|voltage'
