ALL SYNC
2026-04-21 07:21:01.062200 Sync done -> model run start
2026-04-21 07:21:01.062200 Sync done -> model run start
2026-04-21 07:21:01.072297 Sync done -> model run start
2026-04-21 07:21:01.076939 Sync done -> model run start
1 2.455 [2.454429771983996]
2 2.455 [2.4548831039573997]
0 2.455 [2.4544291470665485]
3 2.564 [2.5640201158821583]
2026-04-21 07:21:09.825682 Sync done -> model run start
2026-04-21 07:21:09.825679 Sync done -> model run start
2026-04-21 07:21:09.847555 Sync done -> model run start
2026-04-21 07:21:09.886829 Sync done -> model run start
0 2.388 [2.3878787881694734]
1 2.388 [2.387878163019195]
2 2.414 [2.413982172962278]
3 2.495 [2.495092943077907]
2026-04-21 07:21:16.698891 Sync done -> model run start
2026-04-21 07:21:16.701514 Sync done -> model run start
2026-04-21 07:21:16.746856 Sync done -> model run start
2026-04-21 07:21:16.774017 Sync done -> model run start
0 2.368 [2.3680732417851686]
1 2.369 [2.3691478210967034]
2 2.374 [2.374093322083354]
3 2.442 [2.441575395874679]
2026-04-21 07:21:20.352685 Sync done -> model run start
2026-04-21 07:21:20.368731 Sync done -> model run start
2026-04-21 07:21:20.368960 Sync done -> model run start
2026-04-21 07:21:20.387920 Sync done -> model run start
1 2.334 [2.333974784007296]
2 2.345 [2.344702553935349]
3 2.343 [2.342896623071283]
0 2.452 [2.4520551979076117]
2026-04-21 07:21:23.977123 Sync done -> model run start
2026-04-21 07:21:23.987025 Sync done -> model run start
2026-04-21 07:21:23.989330 Sync done -> model run start
2026-04-21 07:21:24.016777 Sync done -> model run start
1 2.348 [2.347765873884782]
2 2.368 [2.3679119921289384]
3 2.398 [2.398379995021969]
0 2.445 [2.4447478828951716]
2026-04-21 07:21:26.702347 Sync done -> model run start
net_times: [[25.553, 5.181, 4841472, 4507245], [0.029, 3.342, 4841472, 4735], [0.025, 0.157, 4841472, 4735], [0.024, 0.19, 4841472, 4735], [0.026, 0.153, 4841472, 4735]]
echo 'race4fun' | sudo -S sh -c 'journalctl --since "2026-04-21 07:20:33.628896" --until "2026-04-21 07:21:26.702347" -k -o short-iso '| grep -i -E 'throttle|throttled|thermal|cpufreq|under-voltage|voltage'
