ALL SYNC
2026-04-21 06:54:41.001332 Sync done -> model run start
2026-04-21 06:54:41.001325 Sync done -> model run start
2026-04-21 06:54:41.001325 Sync done -> model run start
2026-04-21 06:54:41.001925 Sync done -> model run start
2 0.481 [0.48110633809119463]
0 0.482 [0.4820532090961933]
1 0.482 [0.48143097199499607]
3 0.498 [0.49811439495533705]
2026-04-21 06:54:41.952417 Sync done -> model run start
2026-04-21 06:54:41.972263 Sync done -> model run start
2026-04-21 06:54:41.981619 Sync done -> model run start
2026-04-21 06:54:41.995706 Sync done -> model run start
0 0.411 [0.4111720898654312]
1 0.41 [0.4097898551262915]
2 0.414 [0.4142600449267775]
3 0.414 [0.41427587904036045]
2026-04-21 06:54:43.483865 Sync done -> model run start
2026-04-21 06:54:43.490256 Sync done -> model run start
2026-04-21 06:54:43.509393 Sync done -> model run start
2026-04-21 06:54:43.518376 Sync done -> model run start
0 0.41 [0.4095775648020208]
1 0.414 [0.41349390312097967]
2 0.412 [0.4114292759913951]
3 0.417 [0.41686774394474924]
2026-04-21 06:54:44.608716 Sync done -> model run start
2026-04-21 06:54:44.618216 Sync done -> model run start
2026-04-21 06:54:44.630885 Sync done -> model run start
2026-04-21 06:54:44.642021 Sync done -> model run start
0 0.405 [0.4049933119677007]
1 0.411 [0.41040677996352315]
2 0.408 [0.4076162180863321]
3 0.412 [0.41227224189788103]
2026-04-21 06:54:47.137764 Sync done -> model run start
2026-04-21 06:54:47.144221 Sync done -> model run start
2026-04-21 06:54:47.151756 Sync done -> model run start
2026-04-21 06:54:47.170795 Sync done -> model run start
1 0.414 [0.4141919210087508]
0 0.411 [0.411292765988037]
2 0.422 [0.4221341288648546]
3 0.415 [0.4153145728632808]
2026-04-21 06:54:48.490982 Sync done -> model run start
net_times: [[1.187, 0.22, 3211264, 161952], [0.022, 0.862, 3211264, 161952], [0.02, 0.449, 3211264, 370531], [0.021, 0.653, 3211264, 584019], [1.236, 0.811, 3211264, 739503]]
echo 'race4fun' | sudo -S sh -c 'journalctl --since "2026-04-21 06:54:39.357294" --until "2026-04-21 06:54:48.490982" -k -o short-iso '| grep -i -E 'throttle|throttled|thermal|cpufreq|under-voltage|voltage'
