ALL SYNC
2026-04-21 06:54:38.782025 Sync done -> model run start
2026-04-21 06:54:38.782025 Sync done -> model run start
2026-04-21 06:54:38.782025 Sync done -> model run start
2026-04-21 06:54:38.782025 Sync done -> model run start
2 0.133 [0.13243443216197193]
3 0.133 [0.13243401516228914]
0 0.133 [0.1324342768639326]
1 0.133 [0.13243464101105928]
2026-04-21 06:54:39.799410 Sync done -> model run start
2026-04-21 06:54:39.806275 Sync done -> model run start
2026-04-21 06:54:39.820574 Sync done -> model run start
2026-04-21 06:54:39.827038 Sync done -> model run start
1 0.083 [0.08243745798245072]
0 0.085 [0.08453922695480287]
3 0.109 [0.10840701102279127]
2 0.102 [0.10208988399244845]
2026-04-21 06:54:40.793072 Sync done -> model run start
2026-04-21 06:54:40.799385 Sync done -> model run start
2026-04-21 06:54:40.805896 Sync done -> model run start
2026-04-21 06:54:40.814417 Sync done -> model run start
0 0.087 [0.08688917197287083]
1 0.09 [0.09013421996496618]
2 0.1 [0.09933764697052538]
3 0.112 [0.11161711206659675]
2026-04-21 06:54:42.092965 Sync done -> model run start
2026-04-21 06:54:42.097632 Sync done -> model run start
2026-04-21 06:54:42.107796 Sync done -> model run start
2026-04-21 06:54:42.115022 Sync done -> model run start
0 0.089 [0.08855646103620529]
1 0.088 [0.08750271215103567]
2 0.1 [0.09990098001435399]
3 0.11 [0.10985607211478055]
2026-04-21 06:54:43.637222 Sync done -> model run start
2026-04-21 06:54:43.654285 Sync done -> model run start
2026-04-21 06:54:43.663552 Sync done -> model run start
2026-04-21 06:54:43.666527 Sync done -> model run start
0 0.081 [0.08030459494329989]
3 0.108 [0.10791737702675164]
1 0.094 [0.09407400689087808]
2 0.13 [0.12974787293933332]
2026-04-21 06:54:46.364545 Sync done -> model run start
net_times: [[0.0, 0.501, 0, 13923], [0.0, 0.49, 0, 13923], [0.0, 0.828, 0, 71969], [0.0, 1.066, 0, 258269], [0.0, 2.316, 0, 984565]]
echo 'race4fun' | sudo -S sh -c 'journalctl --since "2026-04-21 06:54:38.370183" --until "2026-04-21 06:54:46.364545" -k -o short-iso '| grep -i -E 'throttle|throttled|thermal|cpufreq|under-voltage|voltage'
