ALL SYNC
2026-04-21 06:54:42.615007 Sync done -> model run start
2026-04-21 06:54:42.615024 Sync done -> model run start
2026-04-21 06:54:42.615781 Sync done -> model run start
2026-04-21 06:54:42.615718 Sync done -> model run start
2 0.359 [0.3589344290085137]
1 0.363 [0.36248998693190515]
3 0.362 [0.36153431492857635]
0 0.379 [0.3787177368067205]
2026-04-21 06:54:43.564283 Sync done -> model run start
2026-04-21 06:54:43.566644 Sync done -> model run start
2026-04-21 06:54:43.570114 Sync done -> model run start
2026-04-21 06:54:43.577772 Sync done -> model run start
0 0.322 [0.3218271262012422]
1 0.323 [0.3227961838711053]
2 0.324 [0.3234099850524217]
2026-04-21 06:54:44.694684 Sync done -> model run start
2026-04-21 06:54:44.705495 Sync done -> model run start
2026-04-21 06:54:44.705495 Sync done -> model run start
2026-04-21 06:54:44.718302 Sync done -> model run start
0 0.325 [0.3251475291326642]
2 0.326 [0.3258431002032012]
1 0.326 [0.32583861984312534]
2026-04-21 06:54:46.000579 Sync done -> model run start
2026-04-21 06:54:46.002231 Sync done -> model run start
2026-04-21 06:54:46.012155 Sync done -> model run start
2026-04-21 06:54:46.021472 Sync done -> model run start
1 0.353 [0.35282549378462136]
2 0.352 [0.3514148748945445]
3 0.349 [0.3485732190310955]
0 0.348 [0.3475501500070095]
2026-04-21 06:54:48.701562 Sync done -> model run start
2026-04-21 06:54:48.707550 Sync done -> model run start
2026-04-21 06:54:48.717200 Sync done -> model run start
2026-04-21 06:54:48.719783 Sync done -> model run start
0 0.325 [0.32503331103362143]
1 0.324 [0.32395977387204766]
2 0.323 [0.32334535010159016]
3 0.329 [0.32840673602186143]
2026-04-21 06:54:49.467095 Sync done -> model run start
net_times: [[2.426, 0.216, 1605632, 99176], [0.014, 0.197, 1605632, 99176], [0.248, 0.254, 1605632, 126974], [0.369, 0.238, 1605632, 126868], [1.771, 0.338, 1605632, 163277]]
echo 'race4fun' | sudo -S sh -c 'journalctl --since "2026-04-21 06:54:39.366898" --until "2026-04-21 06:54:49.467095" -k -o short-iso '| grep -i -E 'throttle|throttled|thermal|cpufreq|under-voltage|voltage'
