ALL SYNC
2026-04-21 06:54:43.715745 Sync done -> model run start
2026-04-21 06:54:43.715731 Sync done -> model run start
2026-04-21 06:54:43.715735 Sync done -> model run start
2026-04-21 06:54:43.716041 Sync done -> model run start
3 0.035 [0.03507468500174582]
2 0.035 [0.03507484192959964]
0 0.035 [0.03494228911586106]
1 0.039 [0.039193930802866817]
2026-04-21 06:54:44.226140 Sync done -> model run start
2026-04-21 06:54:44.226140 Sync done -> model run start
2026-04-21 06:54:44.228633 Sync done -> model run start
2026-04-21 06:54:44.234780 Sync done -> model run start
1 0.006 [0.005659549031406641]
0 0.006 [0.005658403038978577]
2 0.006 [0.00601673498749733]
3 0.004 [0.004023048095405102]
2026-04-21 06:54:45.415656 Sync done -> model run start
2026-04-21 06:54:45.415654 Sync done -> model run start
2026-04-21 06:54:45.421508 Sync done -> model run start
2026-04-21 06:54:45.424147 Sync done -> model run start
0 0.006 [0.005616685142740607]
2 0.005 [0.005287833046168089]
1 0.006 [0.005616632988676429]
3 0.004 [0.004282630980014801]
2026-04-21 06:54:46.714174 Sync done -> model run start
2026-04-21 06:54:46.715681 Sync done -> model run start
2026-04-21 06:54:46.721517 Sync done -> model run start
2026-04-21 06:54:46.726850 Sync done -> model run start
0 0.007 [0.00636126403696835]
1 0.006 [0.00587314204312861]
2 0.005 [0.005286374129354954]
3 0.004 [0.0036386759020388126]
2026-04-21 06:54:49.519206 Sync done -> model run start
2026-04-21 06:54:49.521830 Sync done -> model run start
2026-04-21 06:54:49.526185 Sync done -> model run start
2026-04-21 06:54:49.528107 Sync done -> model run start
0 0.007 [0.006501366849988699]
2 0.006 [0.005522571038454771]
3 0.005 [0.005142885958775878]
1 0.006 [0.00613678595982492]
2026-04-21 06:54:49.599281 Sync done -> model run start
net_times: [[3.907, 0.0, 401408, 0], [0.324, 0.0, 401408, 0], [1.024, 0.0, 401408, 0], [1.146, 0.0, 401408, 0], [2.626, 0.0, 401408, 0]]
echo 'race4fun' | sudo -S sh -c 'journalctl --since "2026-04-21 06:54:39.362516" --until "2026-04-21 06:54:49.599281" -k -o short-iso '| grep -i -E 'throttle|throttled|thermal|cpufreq|under-voltage|voltage'
