ALL SYNC
2026-04-21 06:53:56.257428 Sync done -> model run start
2026-04-21 06:53:56.257317 Sync done -> model run start
2026-04-21 06:53:56.257319 Sync done -> model run start
2026-04-21 06:53:56.257317 Sync done -> model run start
0 0.42 [0.41971635399386287]
1 0.42 [0.41961697908118367]
2 0.42 [0.419716457137838]
3 0.422 [0.4220629660412669]
2026-04-21 06:53:57.194051 Sync done -> model run start
2026-04-21 06:53:57.201028 Sync done -> model run start
2026-04-21 06:53:57.210472 Sync done -> model run start
2026-04-21 06:53:57.218183 Sync done -> model run start
0 0.335 [0.3348937400151044]
1 0.341 [0.3412556080147624]
3 0.351 [0.3511609621345997]
2 0.396 [0.3955506510101259]
2026-04-21 06:53:58.831692 Sync done -> model run start
2026-04-21 06:53:58.844303 Sync done -> model run start
2026-04-21 06:53:58.853320 Sync done -> model run start
2026-04-21 06:53:58.868736 Sync done -> model run start
1 0.334 [0.334301239810884]
2 0.33 [0.32951155793853104]
3 0.341 [0.34123722184449434]
2026-04-21 06:54:02.706195 Sync done -> model run start
2026-04-21 06:54:02.710397 Sync done -> model run start
2026-04-21 06:54:02.720406 Sync done -> model run start
2026-04-21 06:54:02.732287 Sync done -> model run start
0 0.347 [0.3473119018599391]
1 0.346 [0.3454828420653939]
2 0.353 [0.35251002106815577]
3 0.362 [0.36135443788953125]
2026-04-21 06:54:07.439005 Sync done -> model run start
2026-04-21 06:54:07.444653 Sync done -> model run start
2026-04-21 06:54:07.453325 Sync done -> model run start
2026-04-21 06:54:07.462399 Sync done -> model run start
0 0.379 [0.3789538450073451]
1 0.386 [0.3859537329990417]
2 0.387 [0.38660545111633837]
3 0.401 [0.4004536638967693]
2026-04-21 06:54:12.061330 Sync done -> model run start
net_times: [[0.0, 0.3, 0, 89359], [0.0, 1.047, 0, 89359], [0.0, 3.269, 0, 1740105], [0.0, 4.155, 0, 2271895], [0.0, 4.109, 0, 2275868]]
echo 'race4fun' | sudo -S sh -c 'journalctl --since "2026-04-21 06:53:55.830927" --until "2026-04-21 06:54:12.061330" -k -o short-iso '| grep -i -E 'throttle|throttled|thermal|cpufreq|under-voltage|voltage'
