ALL SYNC
2026-04-21 13:42:49.968612 Sync done -> model run start
2026-04-21 13:42:49.968605 Sync done -> model run start
2026-04-21 13:42:49.968605 Sync done -> model run start
2026-04-21 13:42:49.968888 Sync done -> model run start
3 0.469 [0.12892963993363082, 0.09855611389502883, 0.08213319396600127, 0.08074300293810666, 0.07873662211932242]
0 0.467 [0.12905719107948244, 0.0964160889852792, 0.08063545194454491, 0.07897151401266456, 0.08174752094782889]
2 0.469 [0.12905703391879797, 0.09868850815109909, 0.08239110792055726, 0.08020743704400957, 0.07891557714901865]
1 0.495 [0.13062555715441704, 0.10305647412315011, 0.08568356581963599, 0.08384259906597435, 0.09150500409305096]
2026-04-21 13:42:56.550303 Sync done -> model run start
2026-04-21 13:42:56.556150 Sync done -> model run start
2026-04-21 13:42:56.563329 Sync done -> model run start
2026-04-21 13:42:56.571707 Sync done -> model run start
0 0.4 [0.08729256596416235, 0.09284994495101273, 0.07465246203355491, 0.07554989913478494, 0.06960653513669968]
1 0.4 [0.08830151101574302, 0.09305942105129361, 0.07391715794801712, 0.07488990691490471, 0.06933372491039336]
3 0.412 [0.09718869300559163, 0.09282432007603347, 0.07271295390091836, 0.0682799369096756, 0.08063077297993004]
2 0.477 [0.09455471602268517, 0.09177277097478509, 0.08926394814625382, 0.08888489007949829, 0.11243136995472014]
2026-04-21 13:43:02.528926 Sync done -> model run start
2026-04-21 13:43:02.533042 Sync done -> model run start
2026-04-21 13:43:02.542968 Sync done -> model run start
2026-04-21 13:43:02.550983 Sync done -> model run start
2 0.414 [0.0953341422136873, 0.0931496899574995, 0.07654833095148206, 0.07688577496446669, 0.07193484692834318]
1 0.41 [0.087278668070212, 0.09522002912126482, 0.07991141499951482, 0.07225307100452483, 0.07446241891011596]
3 0.419 [0.0957991888280958, 0.09369739191606641, 0.07726472895592451, 0.07723790709860623, 0.07509590103290975]
0 0.469 [0.08807136700488627, 0.0959854880347848, 0.07682754704728723, 0.0881169920321554, 0.11939738900400698]
2026-04-21 13:43:08.476008 Sync done -> model run start
2026-04-21 13:43:08.481501 Sync done -> model run start
2026-04-21 13:43:08.488544 Sync done -> model run start
2026-04-21 13:43:08.500351 Sync done -> model run start
0 0.404 [0.08813575003296137, 0.09151128213852644, 0.0754962689243257, 0.07443091715686023, 0.07457159203477204]
1 0.402 [0.08895547897554934, 0.09207533788867295, 0.07449086499400437, 0.07318681781180203, 0.07333332602865994]
2 0.411 [0.09289407799951732, 0.08942120405845344, 0.07529538590461016, 0.07406269200146198, 0.07951241708360612]
3 0.44 [0.09615773614495993, 0.09179758001118898, 0.07542137382552028, 0.07584511814638972, 0.10013904119841754]
2026-04-21 13:43:14.435979 Sync done -> model run start
2026-04-21 13:43:14.438903 Sync done -> model run start
2026-04-21 13:43:14.447104 Sync done -> model run start
2026-04-21 13:43:14.454817 Sync done -> model run start
1 0.415 [0.08883538609370589, 0.09433875698596239, 0.08053340297192335, 0.07620673603378236, 0.07454982912167907]
0 0.418 [0.09003177797421813, 0.09613227704539895, 0.08068173518404365, 0.07614048686809838, 0.07448363211005926]
2 0.424 [0.0952992660459131, 0.09322335408069193, 0.07576637691818178, 0.07719708885997534, 0.08198958309367299]
3 0.441 [0.09837094787508249, 0.09412683197297156, 0.07852181210182607, 0.07738088886253536, 0.09243305097334087]
2026-04-21 13:43:20.311946 Sync done -> model run start
net_times: [[0.0, 5.716, 0, 3211264], [0.0, 5.191, 0, 3211264], [0.0, 5.142, 0, 3211264], [0.0, 5.166, 0, 3211264], [0.0, 5.154, 0, 3211264]]
echo 'race4fun' | sudo -S sh -c 'journalctl --since "2026-04-21 13:42:49.549531" --until "2026-04-21 13:43:20.311946" -k -o short-iso '| grep -i -E 'throttle|throttled|thermal|cpufreq|under-voltage|voltage'
