ALL SYNC
2026-04-21 13:43:04.499704 Sync done -> model run start
2026-04-21 13:43:04.499694 Sync done -> model run start
2026-04-21 13:43:04.499701 Sync done -> model run start
2026-04-21 13:43:04.499698 Sync done -> model run start
0 0.043 [0.035324384924024343, 0.002100978046655655, 0.0016656159423291683, 0.0016623870469629765, 0.0016028040554374456]
3 0.043 [0.03530808398500085, 0.002072853036224842, 0.0017071780748665333, 0.0016625949647277594, 0.0015914489049464464]
2 0.043 [0.035308395978063345, 0.0020722278859466314, 0.001703533111140132, 0.0016623339615762234, 0.001583585049957037]
1 0.044 [0.03530876082368195, 0.0028406090568751097, 0.0019291038624942303, 0.002130351960659027, 0.001291763037443161]
2026-04-21 13:43:08.671822 Sync done -> model run start
2026-04-21 13:43:08.671822 Sync done -> model run start
2026-04-21 13:43:08.677659 Sync done -> model run start
2026-04-21 13:43:08.683771 Sync done -> model run start
1 0.013 [0.005712623940780759, 0.0017985838931053877, 0.0019111870788037777, 0.0015990009997040033, 0.0015464499592781067]
0 0.013 [0.00571142602711916, 0.001798219047486782, 0.001911447150632739, 0.0016058769542723894, 0.0015446781180799007]
2 0.013 [0.006319496082141995, 0.0018012919463217258, 0.0016069181729108095, 0.001469315029680729, 0.0012681179214268923]
3 0.01 [0.005432364996522665, 0.00113577488809824, 0.0008672859985381365, 0.0010170780587941408, 0.0009086411446332932]
2026-04-21 13:43:14.695735 Sync done -> model run start
2026-04-21 13:43:14.697219 Sync done -> model run start
2026-04-21 13:43:14.698682 Sync done -> model run start
2026-04-21 13:43:14.704630 Sync done -> model run start
0 0.017 [0.0076690721325576305, 0.0020830610301345587, 0.00218457099981606, 0.0023155079688876867, 0.002153113018721342]
2 0.017 [0.007724384078755975, 0.0024214969016611576, 0.0020738421007990837, 0.0021481129806488752, 0.001891604159027338]
3 0.015 [0.008469691965728998, 0.001913738902658224, 0.0019193650223314762, 0.001358377980068326, 0.001133639831095934]
1 0.016 [0.007361209020018578, 0.002118322066962719, 0.002054779790341854, 0.0020893639884889126, 0.002137853065505624]
2026-04-21 13:43:20.672266 Sync done -> model run start
2026-04-21 13:43:20.672266 Sync done -> model run start
2026-04-21 13:43:20.677096 Sync done -> model run start
2026-04-21 13:43:20.677096 Sync done -> model run start
1 0.013 [0.005571478977799416, 0.001807906897738576, 0.001713427947834134, 0.0015003560110926628, 0.001804780913516879]
0 0.013 [0.005570853827521205, 0.001807906897738576, 0.001709470059722662, 0.001500668004155159, 0.001804624916985631]
3 0.012 [0.005888300947844982, 0.0018016560934484005, 0.0014800960198044777, 0.001559730852022767, 0.0013670229818671942]
2 0.012 [0.005893612978979945, 0.0018117597792297602, 0.0014643140602856874, 0.0015598870813846588, 0.0013672839850187302]
2026-04-21 13:43:26.698133 Sync done -> model run start
2026-04-21 13:43:26.701128 Sync done -> model run start
2026-04-21 13:43:26.707776 Sync done -> model run start
2026-04-21 13:43:26.710324 Sync done -> model run start
0 0.016 [0.007667978061363101, 0.002155353082343936, 0.002021291060373187, 0.0021260299254208803, 0.0021605598740279675]
1 0.017 [0.007906727027148008, 0.0021689459681510925, 0.0022756641265004873, 0.0019008219242095947, 0.0021089459769427776]
2 0.015 [0.007955214940011501, 0.0020860820077359676, 0.0017318660393357277, 0.0015233249869197607, 0.001274941023439169]
3 0.014 [0.008093392010778189, 0.0018191570416092873, 0.0013225970324128866, 0.001282127806916833, 0.000956087838858366]
2026-04-21 13:43:26.781612 Sync done -> model run start
net_times: [[13.51, 0.0, 100352, 0], [3.972, 0.0, 100352, 0], [5.832, 0.0, 100352, 0], [5.782, 0.0, 100352, 0], [5.836, 0.0, 100352, 0]]
echo 'race4fun' | sudo -S sh -c 'journalctl --since "2026-04-21 13:42:50.551629" --until "2026-04-21 13:43:26.781612" -k -o short-iso '| grep -i -E 'throttle|throttled|thermal|cpufreq|under-voltage|voltage'
