ALL SYNC
2026-04-21 13:42:02.911972 Sync done -> model run start
2026-04-21 13:42:02.911958 Sync done -> model run start
2026-04-21 13:42:02.911958 Sync done -> model run start
2026-04-21 13:42:02.911958 Sync done -> model run start
3 1.775 [0.446732530137524, 0.36080442112870514, 0.31628696504049003, 0.32444853405468166, 0.3263406050391495]
1 1.782 [0.4467330512125045, 0.35738350404426455, 0.3179146109614521, 0.3266262300312519, 0.3335290029644966]
0 1.824 [0.4536792621947825, 0.36995087983086705, 0.319616112858057, 0.336346851894632, 0.34447763906791806]
2 1.836 [0.4467328430619091, 0.3798730638809502, 0.34111333498731256, 0.33950917702168226, 0.32884304015897214]
2026-04-21 13:42:06.311777 Sync done -> model run start
2026-04-21 13:42:06.318342 Sync done -> model run start
2026-04-21 13:42:06.332458 Sync done -> model run start
2026-04-21 13:42:06.340200 Sync done -> model run start
1 1.595 [0.33678882801905274, 0.32773408689536154, 0.3073870660737157, 0.3103513200767338, 0.31220198795199394]
3 1.613 [0.3414140099193901, 0.3297375659458339, 0.3085008100606501, 0.31011840607970953, 0.32272302196361125]
2 1.648 [0.3362628419417888, 0.32758825505152345, 0.307565086055547, 0.37515631993301213, 0.3007776769809425]
0 1.59 [0.33487425511702895, 0.3277158059645444, 0.30719910003244877, 0.3097222619690001, 0.31010163482278585]
2026-04-21 13:42:10.243429 Sync done -> model run start
2026-04-21 13:42:10.249581 Sync done -> model run start
2026-04-21 13:42:10.260328 Sync done -> model run start
2026-04-21 13:42:10.267673 Sync done -> model run start
1 1.629 [0.34023094386793673, 0.3403790679294616, 0.32314786314964294, 0.3158625909127295, 0.30927648302167654]
0 1.644 [0.345656641991809, 0.34138005203567445, 0.3241906699258834, 0.3188063760753721, 0.31335494900122285]
2 1.701 [0.3444647209253162, 0.3477247031405568, 0.38956118607893586, 0.31936580082401633, 0.29971169284544885]
3 1.663 [0.3492854230571538, 0.346704657189548, 0.325690713012591, 0.3221905769314617, 0.318882365943864]
2026-04-21 13:42:13.775510 Sync done -> model run start
2026-04-21 13:42:13.780339 Sync done -> model run start
2026-04-21 13:42:13.788113 Sync done -> model run start
2026-04-21 13:42:13.795651 Sync done -> model run start
0 1.614 [0.3449047189205885, 0.33479253691621125, 0.31410557008348405, 0.31152032408863306, 0.30823893612250686]
2 1.623 [0.34812282607890666, 0.33478425489738584, 0.3163745680358261, 0.3112529299687594, 0.312370162922889]
1 1.619 [0.34942880691960454, 0.3333538470324129, 0.3151301480829716, 0.31158824008889496, 0.3094842419959605]
3 1.687 [0.35456919483840466, 0.3387830338906497, 0.39025670289993286, 0.31481165997684, 0.28888138895854354]
2026-04-21 13:42:17.231956 Sync done -> model run start
2026-04-21 13:42:17.235274 Sync done -> model run start
2026-04-21 13:42:17.253393 Sync done -> model run start
2026-04-21 13:42:17.255474 Sync done -> model run start
1 1.613 [0.34443565900437534, 0.3317802620586008, 0.31341843702830374, 0.3089026818051934, 0.31395530910231173]
0 1.621 [0.3467768949922174, 0.33432253915816545, 0.3139661429449916, 0.3090028369333595, 0.31641581701114774]
3 1.629 [0.3480832420755178, 0.3329417649656534, 0.31275969091802835, 0.31315484503284097, 0.3214296430815011]
2 1.683 [0.35393149009905756, 0.33357212599366903, 0.3149831681512296, 0.38105263910256326, 0.2987750309985131]
2026-04-21 13:42:20.621800 Sync done -> model run start
net_times: [[0.0, 1.387, 0, 802816], [0.0, 2.085, 0, 802816], [0.0, 1.605, 0, 802816], [0.0, 1.571, 0, 802816], [0.0, 1.597, 0, 802816]]
echo 'race4fun' | sudo -S sh -c 'journalctl --since "2026-04-21 13:42:02.488253" --until "2026-04-21 13:42:20.621800" -k -o short-iso '| grep -i -E 'throttle|throttled|thermal|cpufreq|under-voltage|voltage'
