ALL SYNC
2026-04-21 13:42:56.920648 Sync done -> model run start
2026-04-21 13:42:56.920652 Sync done -> model run start
2026-04-21 13:42:56.920648 Sync done -> model run start
2026-04-21 13:42:56.924895 Sync done -> model run start
0 0.133 [0.040192221058532596, 0.02451595477759838, 0.025703968945890665, 0.02197305206209421, 0.020301759941503406]
2 0.145 [0.04457818507216871, 0.04052357212640345, 0.023787469137459993, 0.019539785105735064, 0.015633506001904607]
3 0.142 [0.0489089940674603, 0.03111643809825182, 0.02209305204451084, 0.02166946092620492, 0.018404895905405283]
1 0.124 [0.0398050881922245, 0.021914354991167784, 0.020743215922266245, 0.020153115037828684, 0.021189620019868016]
2026-04-21 13:43:02.522620 Sync done -> model run start
2026-04-21 13:43:02.587232 Sync done -> model run start
2026-04-21 13:43:02.655725 Sync done -> model run start
2026-04-21 13:43:02.742667 Sync done -> model run start
0 0.089 [0.0235472631175071, 0.020438374020159245, 0.012766750063747168, 0.013528881827369332, 0.01804557489231229]
1 0.092 [0.029801185010001063, 0.0232646600343287, 0.011402123142033815, 0.014018671121448278, 0.013069092994555831]
2 0.073 [0.023051328025758266, 0.019386503845453262, 0.01092436513863504, 0.011700194096192718, 0.007873340975493193]
3 0.044 [0.012066858820617199, 0.011112749809399247, 0.006898033898323774, 0.006996053969487548, 0.0069624080788344145]
2026-04-21 13:43:08.455952 Sync done -> model run start
2026-04-21 13:43:08.511592 Sync done -> model run start
2026-04-21 13:43:08.598193 Sync done -> model run start
2026-04-21 13:43:08.673893 Sync done -> model run start
0 0.084 [0.027155470801517367, 0.01775656593963504, 0.012227795086801052, 0.013326017884537578, 0.013232842087745667]
1 0.089 [0.02811275701969862, 0.01853729016147554, 0.013298101956024766, 0.015546161914244294, 0.01294070784933865]
2 0.075 [0.02829978708177805, 0.020876235095784068, 0.010460201185196638, 0.007565843174234033, 0.0076052178628742695]
2026-04-21 13:43:14.426495 Sync done -> model run start
2026-04-21 13:43:14.480710 Sync done -> model run start
2026-04-21 13:43:14.556851 Sync done -> model run start
2026-04-21 13:43:14.629228 Sync done -> model run start
0 0.081 [0.021433627931401134, 0.017703284975141287, 0.011522017884999514, 0.01404726505279541, 0.01615011692047119]
1 0.098 [0.027675624936819077, 0.029040668159723282, 0.013319664169102907, 0.012818780960515141, 0.014578771078959107]
2 0.072 [0.02307747397571802, 0.02059826790355146, 0.010713897878304124, 0.009984214091673493, 0.007551518967375159]
3 0.049 [0.014686480164527893, 0.012533418834209442, 0.007184229791164398, 0.007619956973940134, 0.007003553910180926]
2026-04-21 13:43:20.381004 Sync done -> model run start
2026-04-21 13:43:20.451525 Sync done -> model run start
2026-04-21 13:43:20.531771 Sync done -> model run start
2026-04-21 13:43:20.611203 Sync done -> model run start
0 0.08 [0.023882573004812002, 0.016349334036931396, 0.014231638051569462, 0.011869099922478199, 0.013268935028463602]
1 0.092 [0.03059795219451189, 0.021611283998936415, 0.013153831008821726, 0.012091493932530284, 0.013741588918492198]
2 0.076 [0.027321199886500835, 0.01887447596527636, 0.014183409046381712, 0.007810737006366253, 0.00756537402048707]
3 0.052 [0.018579321913421154, 0.010844470001757145, 0.008181047858670354, 0.006883502937853336, 0.006942408159375191]
2026-04-21 13:43:21.502652 Sync done -> model run start
net_times: [[5.856, 0.7, 3211264, 802816], [4.471, 0.701, 3211264, 802816], [4.751, 0.718, 3211264, 802816], [4.754, 0.71, 3211264, 802816], [4.781, 0.743, 3211264, 802816]]
echo 'race4fun' | sudo -S sh -c 'journalctl --since "2026-04-21 13:42:50.550308" --until "2026-04-21 13:43:21.502652" -k -o short-iso '| grep -i -E 'throttle|throttled|thermal|cpufreq|under-voltage|voltage'
