ALL SYNC
2026-04-21 13:43:02.133652 Sync done -> model run start
2026-04-21 13:43:02.133663 Sync done -> model run start
2026-04-21 13:43:02.133652 Sync done -> model run start
2026-04-21 13:43:02.133862 Sync done -> model run start
0 1.646 [0.3629423580132425, 0.3229459379799664, 0.3206259978469461, 0.31985053210519254, 0.3190754819661379]
1 1.659 [0.3647805810905993, 0.32609274913556874, 0.32334729097783566, 0.32246026187203825, 0.321879014139995]
3 1.66 [0.3647728729993105, 0.32588764606043696, 0.32354489411227405, 0.32245963788591325, 0.3232620300259441]
2 1.7 [0.3647802690975368, 0.36980816815048456, 0.3211630799341947, 0.31969240796752274, 0.32414598600007594]
2026-04-21 13:43:06.733478 Sync done -> model run start
2026-04-21 13:43:06.734182 Sync done -> model run start
2026-04-21 13:43:06.739625 Sync done -> model run start
2026-04-21 13:43:06.743867 Sync done -> model run start
1 1.62 [0.3222290650010109, 0.33615505788475275, 0.3246660369914025, 0.3182721009943634, 0.3183718400541693]
0 1.624 [0.3238308299332857, 0.3357125069014728, 0.3275532659608871, 0.3184461621567607, 0.3185613190289587]
3 1.62 [0.32316734292544425, 0.3370008359197527, 0.32065537408925593, 0.3191057948861271, 0.3198526678606868]
2 1.665 [0.32298484398052096, 0.33860312192700803, 0.3689533800352365, 0.31857845396734774, 0.31532883015461266]
2026-04-21 13:43:12.687791 Sync done -> model run start
2026-04-21 13:43:12.690869 Sync done -> model run start
2026-04-21 13:43:12.699879 Sync done -> model run start
2026-04-21 13:43:12.710741 Sync done -> model run start
2 1.62 [0.32463338086381555, 0.3189378271345049, 0.3374566158745438, 0.31964626302942634, 0.31931183696724474]
1 1.636 [0.3260534799192101, 0.3186768388841301, 0.3528673960827291, 0.31943235686048865, 0.3187442868947983]
0 1.642 [0.3258451991714537, 0.3190175669733435, 0.3559889988973737, 0.3203574591316283, 0.3204696460161358]
3 1.662 [0.32381286192685366, 0.3181582479737699, 0.3838075981475413, 0.3192025148309767, 0.3164866380393505]
2026-04-21 13:43:18.623843 Sync done -> model run start
2026-04-21 13:43:18.635305 Sync done -> model run start
2026-04-21 13:43:18.637803 Sync done -> model run start
2026-04-21 13:43:18.664995 Sync done -> model run start
0 1.651 [0.3271770179271698, 0.3188213699031621, 0.3339936078991741, 0.3265670721884817, 0.34391622990369797]
2 1.641 [0.3246221311856061, 0.31856236094608903, 0.33541959314607084, 0.32106719608418643, 0.34116472909227014]
1 1.694 [0.3233612501062453, 0.31877949507907033, 0.36226939293555915, 0.346980958012864, 0.3424971189815551]
3 1.646 [0.3249435359612107, 0.3188202769961208, 0.3345669391565025, 0.32371479109860957, 0.34408883284777403]
2026-04-21 13:43:24.706083 Sync done -> model run start
2026-04-21 13:43:24.712302 Sync done -> model run start
2026-04-21 13:43:24.718644 Sync done -> model run start
2026-04-21 13:43:24.754694 Sync done -> model run start
1 1.611 [0.3313636181410402, 0.3241212470456958, 0.3183785080909729, 0.31887236004695296, 0.3183284041006118]
2 1.614 [0.3325489778071642, 0.3200263660401106, 0.32044574012979865, 0.31964319106191397, 0.3206065730191767]
0 1.627 [0.3308578389696777, 0.32024344918318093, 0.3259111891966313, 0.32361885299906135, 0.3266219680663198]
3 1.639 [0.3240618209820241, 0.31890199496410787, 0.327487746020779, 0.35442285891622305, 0.31356086814776063]
2026-04-21 13:43:26.634661 Sync done -> model run start
net_times: [[10.697, 0.175, 401408, 100352], [2.338, 0.156, 401408, 100352], [3.755, 0.182, 401408, 100352], [3.698, 0.177, 401408, 100352], [3.809, 0.179, 401408, 100352]]
echo 'race4fun' | sudo -S sh -c 'journalctl --since "2026-04-21 13:42:50.547988" --until "2026-04-21 13:43:26.634661" -k -o short-iso '| grep -i -E 'throttle|throttled|thermal|cpufreq|under-voltage|voltage'
