ALL SYNC
2026-04-21 13:42:07.175357 Sync done -> model run start
2026-04-21 13:42:07.175358 Sync done -> model run start
2026-04-21 13:42:07.175357 Sync done -> model run start
2026-04-21 13:42:07.175373 Sync done -> model run start
1 2.641 [0.5519868799019605, 0.5187832568772137, 0.5233805901370943, 0.5244331920985132, 0.5225455400068313]
2 2.798 [0.5961937599349767, 0.5191983089316636, 0.5719150640070438, 0.5281190690584481, 0.5823598320130259]
0 2.869 [0.5519869849085808, 0.5646234140731394, 0.6450600028038025, 0.6226542200893164, 0.4840793760959059]
2026-04-21 13:42:10.440801 Sync done -> model run start
2026-04-21 13:42:10.443630 Sync done -> model run start
2026-04-21 13:42:10.453770 Sync done -> model run start
2026-04-21 13:42:10.470145 Sync done -> model run start
0 2.516 [0.5002553290687501, 0.4906700379215181, 0.4894097289070487, 0.5138830589130521, 0.5211980419699103]
1 2.53 [0.5029899589717388, 0.492787117138505, 0.4900313939433545, 0.51753513305448, 0.52633037394844]
2 2.766 [0.5210717408917844, 0.5179913830943406, 0.49029347603209317, 0.6774046688806266, 0.5586699370760471]
3 2.522 [0.5022453248966485, 0.49063529912382364, 0.4902616539038718, 0.5167452399618924, 0.5223194460850209]
2026-04-21 13:42:13.934796 Sync done -> model run start
2026-04-21 13:42:13.938836 Sync done -> model run start
2026-04-21 13:42:13.949632 Sync done -> model run start
2026-04-21 13:42:13.968970 Sync done -> model run start
0 2.517 [0.5007786089554429, 0.4905924859922379, 0.4884521779604256, 0.5127174349036068, 0.524123242823407]
1 2.622 [0.5025388649664819, 0.5371425889898092, 0.48965451889671385, 0.5670549690257758, 0.5256649579387158]
3 2.676 [0.4995752258691937, 0.4897957171779126, 0.48884603078477085, 0.6006171328481287, 0.5969729740172625]
2026-04-21 13:42:17.422364 Sync done -> model run start
2026-04-21 13:42:17.422691 Sync done -> model run start
2026-04-21 13:42:17.442509 Sync done -> model run start
2026-04-21 13:42:17.463900 Sync done -> model run start
0 2.565 [0.5127327481750399, 0.5014761060010642, 0.5017690740060061, 0.5202811160124838, 0.5285473989788443]
3 2.556 [0.5058114610146731, 0.4988531961571425, 0.4996942349243909, 0.5278685470111668, 0.5233106918167323]
2 2.637 [0.5073136449791491, 0.5457307461183518, 0.5002726200036705, 0.5509244839195162, 0.5326327020302415]
1 2.756 [0.5127588410396129, 0.5014760540798306, 0.5017688658554107, 0.6369833000935614, 0.6024746801704168]
2026-04-21 13:42:20.906483 Sync done -> model run start
2026-04-21 13:42:20.914842 Sync done -> model run start
2026-04-21 13:42:20.930660 Sync done -> model run start
2026-04-21 13:42:20.931660 Sync done -> model run start
1 2.483 [0.5025742799043655, 0.4913385761901736, 0.49747741711325943, 0.49718658393248916, 0.4941280491184443]
2 2.479 [0.5026865191757679, 0.49269378115423024, 0.491468524094671, 0.49496737006120384, 0.4971087188459933]
3 2.49 [0.5112703021150082, 0.49391633085906506, 0.4913951379712671, 0.496258043916896, 0.496655385941267]
0 2.561 [0.501338500995189, 0.5319223389960825, 0.5028742789290845, 0.49702429212629795, 0.527944274013862]
2026-04-21 13:42:23.561541 Sync done -> model run start
net_times: [[2.683, 0.0, 802816, 0], [0.002, 0.0, 802816, 0], [0.313, 0.0, 802816, 0], [0.381, 0.0, 802816, 0], [0.321, 0.0, 802816, 0]]
echo 'race4fun' | sudo -S sh -c 'journalctl --since "2026-04-21 13:42:03.511139" --until "2026-04-21 13:42:23.561541" -k -o short-iso '| grep -i -E 'throttle|throttled|thermal|cpufreq|under-voltage|voltage'
