ALL SYNC
2026-04-21 13:42:58.365111 Sync done -> model run start
2026-04-21 13:42:58.365111 Sync done -> model run start
2026-04-21 13:42:58.365111 Sync done -> model run start
2026-04-21 13:42:58.365597 Sync done -> model run start
0 2.045 [0.4604134301189333, 0.40592480497434735, 0.392993011046201, 0.39327696803957224, 0.3926746260840446]
3 2.057 [0.46342368400655687, 0.40894630807451904, 0.39533186005428433, 0.3944809241220355, 0.3949813398066908]
1 2.077 [0.4712957500014454, 0.4095701090991497, 0.3985398730728775, 0.3944520701188594, 0.4031546029727906]
2 2.131 [0.4937017399352044, 0.4094981299713254, 0.4446600810624659, 0.3944687880575657, 0.3888333330396563]
2026-04-21 13:43:03.676047 Sync done -> model run start
2026-04-21 13:43:03.686200 Sync done -> model run start
2026-04-21 13:43:03.697603 Sync done -> model run start
2026-04-21 13:43:03.708049 Sync done -> model run start
0 1.971 [0.40293554007075727, 0.39059697394259274, 0.39254858414642513, 0.39094697404652834, 0.39393977890722454]
1 1.973 [0.4035325178410858, 0.3921368659939617, 0.3927105108741671, 0.39114827499724925, 0.39379748702049255]
2 1.977 [0.40377376694232225, 0.3921478029806167, 0.3930469690822065, 0.3915149930398911, 0.3962323779705912]
3 2.046 [0.40548699209466577, 0.4273082970175892, 0.40744068496860564, 0.3922862410545349, 0.4133917661383748]
2026-04-21 13:43:09.626722 Sync done -> model run start
2026-04-21 13:43:09.636749 Sync done -> model run start
2026-04-21 13:43:09.649255 Sync done -> model run start
2026-04-21 13:43:09.659885 Sync done -> model run start
0 1.97 [0.4042605359572917, 0.39160077297128737, 0.39334306097589433, 0.39106650301255286, 0.3897508289664984]
2 1.97 [0.40447688987478614, 0.3915273870807141, 0.3905734841246158, 0.39208743814378977, 0.39122660690918565]
3 1.974 [0.40531959594227374, 0.3915849400218576, 0.39227660512551665, 0.3926441560033709, 0.39161566784605384]
1 2.019 [0.40535662695765495, 0.3921420220285654, 0.44048316101543605, 0.39170353300869465, 0.3887306749820709]
2026-04-21 13:43:15.570351 Sync done -> model run start
2026-04-21 13:43:15.580017 Sync done -> model run start
2026-04-21 13:43:15.594108 Sync done -> model run start
2026-04-21 13:43:15.605413 Sync done -> model run start
0 1.971 [0.40647219703532755, 0.39191493787802756, 0.3906383258290589, 0.39050561818294227, 0.3907874929718673]
3 1.974 [0.4075453190598637, 0.392642020015046, 0.3896411410532892, 0.3922485311049968, 0.3914312410634011]
1 2.022 [0.4066943828947842, 0.3924889990594238, 0.4383123838342726, 0.39140676194801927, 0.3931417060084641]
2 1.97 [0.4056193339638412, 0.39198712492361665, 0.38971098395995796, 0.39195837592706084, 0.39077759603969753]
2026-04-21 13:43:21.595599 Sync done -> model run start
2026-04-21 13:43:21.624454 Sync done -> model run start
2026-04-21 13:43:21.635306 Sync done -> model run start
2026-04-21 13:43:21.639900 Sync done -> model run start
0 2.015 [0.42820787499658763, 0.3979610172100365, 0.39447060809470713, 0.39674013503827155, 0.39775096508674324]
2 1.999 [0.4185518550220877, 0.3939044640865177, 0.39191629085689783, 0.3972661748994142, 0.3973150800447911]
1 2.056 [0.42143033910542727, 0.4008408021181822, 0.4476038720458746, 0.3981727871578187, 0.3877105189021677]
3 2.01 [0.4159021209925413, 0.3950788879301399, 0.39359753811731935, 0.3968431029934436, 0.40838937810622156]
2026-04-21 13:43:24.458910 Sync done -> model run start
net_times: [[7.317, 0.699, 802816, 401408], [2.259, 0.64, 802816, 401408], [3.025, 0.699, 802816, 401408], [3.007, 0.693, 802816, 401408], [3.094, 0.699, 802816, 401408]]
echo 'race4fun' | sudo -S sh -c 'journalctl --since "2026-04-21 13:42:50.557398" --until "2026-04-21 13:43:24.458910" -k -o short-iso '| grep -i -E 'throttle|throttled|thermal|cpufreq|under-voltage|voltage'
