ALL SYNC
2026-04-21 07:04:27.175878 Sync done -> model run start
2026-04-21 07:04:27.175878 Sync done -> model run start
2026-04-21 07:04:27.232944 Sync done -> model run start
2026-04-21 07:04:27.234233 Sync done -> model run start
2 4.805 [4.804977305000648]
0 4.883 [4.882246237946674]
3 5.15 [5.149293408030644]
1 5.17 [5.170026726089418]
2026-04-21 07:04:34.083637 Sync done -> model run start
2026-04-21 07:04:34.083587 Sync done -> model run start
2026-04-21 07:04:34.127002 Sync done -> model run start
2026-04-21 07:04:34.127001 Sync done -> model run start
2 3.603 [3.6031243780162185]
3 3.585 [3.584943856811151]
1 3.728 [3.7280540270730853]
0 3.715 [3.7146203538868576]
2026-04-21 07:04:39.190003 Sync done -> model run start
2026-04-21 07:04:39.190003 Sync done -> model run start
2026-04-21 07:04:39.229531 Sync done -> model run start
2026-04-21 07:04:39.273191 Sync done -> model run start
0 3.551 [3.5510622719302773]
1 3.551 [3.551062010927126]
2 3.555 [3.5547116259112954]
3 3.667 [3.6666810892056674]
2026-04-21 07:04:44.514997 Sync done -> model run start
2026-04-21 07:04:44.529664 Sync done -> model run start
2026-04-21 07:04:44.570389 Sync done -> model run start
2026-04-21 07:04:44.596112 Sync done -> model run start
0 3.473 [3.473086668178439]
1 3.473 [3.4729167730547488]
3 3.468 [3.4681247698608786]
2 3.579 [3.578886062139645]
2026-04-21 07:04:49.812149 Sync done -> model run start
2026-04-21 07:04:49.827157 Sync done -> model run start
2026-04-21 07:04:49.853705 Sync done -> model run start
2026-04-21 07:04:49.879069 Sync done -> model run start
2 3.635 [3.6345031829550862]
1 3.661 [3.6609424580819905]
0 3.682 [3.6820215040352196]
3 3.737 [3.736952439881861]
2026-04-21 07:04:53.712260 Sync done -> model run start
net_times: [[15.692, 0.0, 4841472, 0], [0.064, 0.0, 4841472, 0], [0.032, 0.0, 4841472, 0], [0.224, 0.0, 4841472, 0], [0.291, 0.0, 4841472, 0]]
echo 'race4fun' | sudo -S sh -c 'journalctl --since "2026-04-21 07:04:08.859940" --until "2026-04-21 07:04:53.712260" -k -o short-iso '| grep -i -E 'throttle|throttled|thermal|cpufreq|under-voltage|voltage'
