ALL SYNC
2026-04-21 07:05:45.207318 Sync done -> model run start
2026-04-21 07:05:45.207318 Sync done -> model run start
2026-04-21 07:05:45.207318 Sync done -> model run start
2026-04-21 07:05:45.210141 Sync done -> model run start
2 2.434 [2.4337206929922104]
0 2.454 [2.4540702998638153]
1 2.442 [2.4416475370526314]
3 2.544 [2.5436454170849174]
2026-04-21 07:05:53.907483 Sync done -> model run start
2026-04-21 07:05:53.907477 Sync done -> model run start
2026-04-21 07:05:53.939309 Sync done -> model run start
2026-04-21 07:05:53.950864 Sync done -> model run start
1 2.354 [2.354083345970139]
2 2.355 [2.354880426079035]
3 2.359 [2.358548588817939]
0 2.458 [2.458220801083371]
2026-04-21 07:06:00.882440 Sync done -> model run start
2026-04-21 07:06:00.901379 Sync done -> model run start
2026-04-21 07:06:00.902458 Sync done -> model run start
2026-04-21 07:06:00.951851 Sync done -> model run start
0 2.35 [2.349402684951201]
1 2.362 [2.361589669017121]
3 2.447 [2.4471992270555347]
2 2.38 [2.380138761829585]
2026-04-21 07:06:04.519030 Sync done -> model run start
2026-04-21 07:06:04.567531 Sync done -> model run start
2026-04-21 07:06:04.580762 Sync done -> model run start
2026-04-21 07:06:04.581235 Sync done -> model run start
0 2.351 [2.350640543969348]
2 2.338 [2.338028145954013]
3 2.358 [2.3578706190455705]
1 2.433 [2.4327016789466143]
2026-04-21 07:06:08.162964 Sync done -> model run start
2026-04-21 07:06:08.165028 Sync done -> model run start
2026-04-21 07:06:08.201080 Sync done -> model run start
2026-04-21 07:06:08.203102 Sync done -> model run start
2 2.376 [2.3760163278784603]
1 2.381 [2.3806282370351255]
3 2.381 [2.3804686539806426]
0 2.491 [2.4905920748133212]
2026-04-21 07:06:10.982288 Sync done -> model run start
net_times: [[22.785, 5.147, 4841472, 4507245], [0.029, 3.544, 4841472, 4735], [0.025, 0.156, 4841472, 4735], [0.024, 0.155, 4841472, 4735], [0.025, 0.179, 4841472, 4735]]
echo 'race4fun' | sudo -S sh -c 'journalctl --since "2026-04-21 07:05:20.537604" --until "2026-04-21 07:06:10.982288" -k -o short-iso '| grep -i -E 'throttle|throttled|thermal|cpufreq|under-voltage|voltage'
