ALL SYNC
2026-04-21 07:06:00.386235 Sync done -> model run start
2026-04-21 07:06:00.386235 Sync done -> model run start
2026-04-21 07:06:00.386235 Sync done -> model run start
2026-04-21 07:06:00.386235 Sync done -> model run start
1 0.025 [0.02459735795855522]
3 0.025 [0.02459725388325751]
0 0.025 [0.024596941890195012]
2 0.025 [0.024667462101206183]
2026-04-21 07:06:01.172492 Sync done -> model run start
2026-04-21 07:06:01.181349 Sync done -> model run start
2026-04-21 07:06:01.190734 Sync done -> model run start
2026-04-21 07:06:01.197192 Sync done -> model run start
0 0.006 [0.005786061054095626]
1 0.005 [0.0050187730230391026]
2 0.004 [0.003985029878094792]
3 0.003 [0.0029706081841140985]
2026-04-21 07:06:04.821656 Sync done -> model run start
2026-04-21 07:06:04.827370 Sync done -> model run start
2026-04-21 07:06:04.840807 Sync done -> model run start
2026-04-21 07:06:04.847945 Sync done -> model run start
0 0.005 [0.005140594905242324]
1 0.006 [0.005707780132070184]
2 0.004 [0.0037910188548266888]
3 0.003 [0.002979304874315858]
2026-04-21 07:06:08.478638 Sync done -> model run start
2026-04-21 07:06:08.484339 Sync done -> model run start
2026-04-21 07:06:08.494575 Sync done -> model run start
2026-04-21 07:06:08.502505 Sync done -> model run start
1 0.006 [0.006026318995282054]
0 0.006 [0.00538153201341629]
2 0.004 [0.0040285708382725716]
3 0.003 [0.002950659953057766]
2026-04-21 07:06:12.129898 Sync done -> model run start
2026-04-21 07:06:12.144264 Sync done -> model run start
2026-04-21 07:06:12.154375 Sync done -> model run start
2026-04-21 07:06:12.158891 Sync done -> model run start
0 0.006 [0.005624030018225312]
1 0.006 [0.005474186968058348]
2 0.004 [0.003896384034305811]
3 0.004 [0.003472115145996213]
2026-04-21 07:06:12.246078 Sync done -> model run start
net_times: [[39.388, 0.0, 2420736, 0], [0.598, 0.0, 2420736, 0], [3.464, 0.0, 2420736, 0], [3.445, 0.0, 2420736, 0], [3.468, 0.0, 2420736, 0]]
echo 'race4fun' | sudo -S sh -c 'journalctl --since "2026-04-21 07:05:20.540285" --until "2026-04-21 07:06:12.246078" -k -o short-iso '| grep -i -E 'throttle|throttled|thermal|cpufreq|under-voltage|voltage'
