ALL SYNC
2026-04-21 07:05:53.828164 Sync done -> model run start
2026-04-21 07:05:53.828166 Sync done -> model run start
2026-04-21 07:05:53.828177 Sync done -> model run start
2026-04-21 07:05:53.828164 Sync done -> model run start
1 1.144 [1.144111547851935]
3 1.156 [1.155731142964214]
2 1.266 [1.2656459130812436]
0 1.393 [1.3930919740814716]
2026-04-21 07:06:00.268735 Sync done -> model run start
2026-04-21 07:06:00.288559 Sync done -> model run start
2026-04-21 07:06:00.310466 Sync done -> model run start
2026-04-21 07:06:00.327874 Sync done -> model run start
0 0.589 [0.5886463650967926]
1 0.588 [0.5882415750529617]
2 0.59 [0.5899508909787983]
3 0.628 [0.6274706549011171]
2026-04-21 07:06:03.922126 Sync done -> model run start
2026-04-21 07:06:03.943673 Sync done -> model run start
2026-04-21 07:06:03.965577 Sync done -> model run start
2026-04-21 07:06:03.983489 Sync done -> model run start
0 0.6 [0.5997580420225859]
1 0.596 [0.5953559749759734]
3 0.594 [0.5938650420866907]
2 0.637 [0.6369946310296655]
2026-04-21 07:06:07.532434 Sync done -> model run start
2026-04-21 07:06:07.555697 Sync done -> model run start
2026-04-21 07:06:07.580013 Sync done -> model run start
2026-04-21 07:06:07.594619 Sync done -> model run start
0 0.602 [0.6012993378099054]
1 0.596 [0.5955571189988405]
3 0.592 [0.5915710909757763]
2 0.64 [0.6400708160363138]
2026-04-21 07:06:11.222328 Sync done -> model run start
2026-04-21 07:06:11.243672 Sync done -> model run start
2026-04-21 07:06:11.266919 Sync done -> model run start
2026-04-21 07:06:11.284400 Sync done -> model run start
0 0.611 [0.6109943548217416]
1 0.601 [0.6004230899270624]
3 0.603 [0.6028952689375728]
2 0.64 [0.6402796159964055]
2026-04-21 07:06:12.078914 Sync done -> model run start
net_times: [[32.441, 4.628, 4841472, 2252488], [0.029, 0.081, 4841472, 2375], [2.513, 0.078, 4841472, 2375], [2.49, 0.094, 4841472, 2375], [2.548, 0.077, 4841472, 2375]]
echo 'race4fun' | sudo -S sh -c 'journalctl --since "2026-04-21 07:05:20.539021" --until "2026-04-21 07:06:12.078914" -k -o short-iso '| grep -i -E 'throttle|throttled|thermal|cpufreq|under-voltage|voltage'
