ALL SYNC
2026-04-21 07:05:31.813792 Sync done -> model run start
2026-04-21 07:05:31.813792 Sync done -> model run start
2026-04-21 07:05:31.813792 Sync done -> model run start
2026-04-21 07:05:31.813792 Sync done -> model run start
1 2.227 [2.227185565046966]
2 2.235 [2.234593729954213]
0 2.34 [2.33992056385614]
3 2.23 [2.2301682999823242]
2026-04-21 07:05:44.184044 Sync done -> model run start
2026-04-21 07:05:44.186075 Sync done -> model run start
2026-04-21 07:05:44.224279 Sync done -> model run start
2026-04-21 07:05:44.237383 Sync done -> model run start
3 2.155 [2.15522600710392]
2 2.223 [2.2225922918878496]
1 2.151 [2.1503824030514807]
2026-04-21 07:05:53.930548 Sync done -> model run start
2026-04-21 07:05:53.946791 Sync done -> model run start
2026-04-21 07:05:53.961587 Sync done -> model run start
2026-04-21 07:05:53.982725 Sync done -> model run start
0 2.106 [2.105839617084712]
2 2.105 [2.1044608789961785]
3 2.109 [2.108667560853064]
1 2.19 [2.1896704980172217]
2026-04-21 07:06:00.878376 Sync done -> model run start
2026-04-21 07:06:00.899185 Sync done -> model run start
2026-04-21 07:06:00.909285 Sync done -> model run start
2026-04-21 07:06:00.931455 Sync done -> model run start
0 2.11 [2.1094611829612404]
1 2.106 [2.1056744980160147]
3 2.198 [2.1983619711827487]
2 2.124 [2.1241940238978714]
2026-04-21 07:06:04.523841 Sync done -> model run start
2026-04-21 07:06:04.548902 Sync done -> model run start
2026-04-21 07:06:04.562838 Sync done -> model run start
2026-04-21 07:06:04.592513 Sync done -> model run start
0 2.157 [2.1562755340710282]
1 2.172 [2.1721744060050696]
3 2.18 [2.1801282949745655]
2 2.245 [2.2450484589207917]
2026-04-21 07:06:07.356973 Sync done -> model run start
net_times: [[9.474, 9.079, 4841472, 4523527], [0.039, 6.518, 4841472, 4735], [0.025, 3.83, 4841472, 4735], [0.024, 0.49, 4841472, 4735], [0.026, 0.417, 4841472, 4735]]
echo 'race4fun' | sudo -S sh -c 'journalctl --since "2026-04-21 07:05:20.536475" --until "2026-04-21 07:06:07.356973" -k -o short-iso '| grep -i -E 'throttle|throttled|thermal|cpufreq|under-voltage|voltage'
