ALL SYNC
2026-04-21 07:05:21.348196 Sync done -> model run start
2026-04-21 07:05:21.348196 Sync done -> model run start
2026-04-21 07:05:21.348196 Sync done -> model run start
2026-04-21 07:05:21.348196 Sync done -> model run start
2 3.269 [3.2686499019619077]
3 3.326 [3.325443784939125]
0 3.353 [3.3525810930877924]
1 3.424 [3.4238051131833345]
2026-04-21 07:05:30.804675 Sync done -> model run start
2026-04-21 07:05:30.811298 Sync done -> model run start
2026-04-21 07:05:30.829529 Sync done -> model run start
2026-04-21 07:05:30.851171 Sync done -> model run start
1 2.064 [2.0641683130525053]
2 2.065 [2.064334249822423]
3 2.08 [2.080210583982989]
0 2.142 [2.141719668870792]
2026-04-21 07:05:44.220438 Sync done -> model run start
2026-04-21 07:05:44.220438 Sync done -> model run start
2026-04-21 07:05:44.253078 Sync done -> model run start
2026-04-21 07:05:44.277565 Sync done -> model run start
0 2.084 [2.0840425540227443]
1 2.084 [2.0840425021015108]
2 2.186 [2.185847471933812]
2026-04-21 07:05:53.914251 Sync done -> model run start
2026-04-21 07:05:53.924455 Sync done -> model run start
2026-04-21 07:05:53.925418 Sync done -> model run start
2026-04-21 07:05:53.982046 Sync done -> model run start
1 2.084 [2.0834302611183375]
0 2.078 [2.0777067269664258]
2 2.09 [2.089935824042186]
3 2.164 [2.1636410921346396]
2026-04-21 07:06:00.891619 Sync done -> model run start
2026-04-21 07:06:00.900948 Sync done -> model run start
2026-04-21 07:06:00.912082 Sync done -> model run start
2026-04-21 07:06:00.925901 Sync done -> model run start
0 2.024 [2.0234252859372646]
2 2.038 [2.0375412050634623]
3 2.037 [2.0373995911795646]
1 2.143 [2.1429689819924533]
2026-04-21 07:06:03.805270 Sync done -> model run start
net_times: [[0.0, 5.169, 0, 4529019], [0.0, 10.315, 0, 4735], [0.0, 6.576, 0, 4735], [0.0, 3.9, 0, 4735], [0.0, 0.637, 0, 4735]]
echo 'race4fun' | sudo -S sh -c 'journalctl --since "2026-04-21 07:05:19.546523" --until "2026-04-21 07:06:03.805270" -k -o short-iso '| grep -i -E 'throttle|throttled|thermal|cpufreq|under-voltage|voltage'
