ALL SYNC
2026-04-21 07:04:10.673216 Sync done -> model run start
2026-04-21 07:04:10.673221 Sync done -> model run start
2026-04-21 07:04:10.673216 Sync done -> model run start
2026-04-21 07:04:10.721651 Sync done -> model run start
1 4.742 [4.742132432991639]
3 4.788 [4.787285706959665]
0 4.77 [4.770202917046845]
2 4.881 [4.880927720107138]
2026-04-21 07:04:25.839170 Sync done -> model run start
2026-04-21 07:04:25.841936 Sync done -> model run start
2026-04-21 07:04:25.847006 Sync done -> model run start
2026-04-21 07:04:25.895850 Sync done -> model run start
0 3.615 [3.614819109905511]
1 3.618 [3.6175402000080794]
2 3.623 [3.6228187868837267]
2026-04-21 07:04:33.940630 Sync done -> model run start
2026-04-21 07:04:33.956829 Sync done -> model run start
2026-04-21 07:04:33.956829 Sync done -> model run start
2026-04-21 07:04:33.977466 Sync done -> model run start
2 3.609 [3.6090707790572196]
1 3.584 [3.583939614938572]
3 3.609 [3.6088142169173807]
0 3.73 [3.729875933844596]
2026-04-21 07:04:39.205517 Sync done -> model run start
2026-04-21 07:04:39.206477 Sync done -> model run start
2026-04-21 07:04:39.245616 Sync done -> model run start
2026-04-21 07:04:39.286881 Sync done -> model run start
1 3.626 [3.625368047039956]
2 3.639 [3.6392230801284313]
3 3.741 [3.7409185199066997]
0 3.625 [3.6244681519456208]
2026-04-21 07:04:44.539978 Sync done -> model run start
2026-04-21 07:04:44.548120 Sync done -> model run start
2026-04-21 07:04:44.551893 Sync done -> model run start
2026-04-21 07:04:44.618228 Sync done -> model run start
0 3.569 [3.569201346952468]
1 3.602 [3.6015906799584627]
2 3.611 [3.6103314489591867]
3 3.704 [3.7042032519821078]
2026-04-21 07:04:48.611667 Sync done -> model run start
net_times: [[0.0, 8.906, 0, 4496250], [0.0, 2.952, 0, 4735], [0.0, 0.178, 0, 4735], [0.0, 0.161, 0, 4735], [0.0, 0.158, 0, 4735]]
echo 'race4fun' | sudo -S sh -c 'journalctl --since "2026-04-21 07:04:07.865370" --until "2026-04-21 07:04:48.611667" -k -o short-iso '| grep -i -E 'throttle|throttled|thermal|cpufreq|under-voltage|voltage'
