<<<<<<<< HEAD:logs/roofline/resnet18_children_bramble-4-5/5/7_size/2_1/speed_heatbramble-4-5-8.log
TIME:04:29:06
37552
cpu:0.57, 0.40, 0.27,freq:frequency(48)=900000000,throttle_flag:throttled=0x50000,voltage:volt=1.2313V,volt=1.2500V,volt=1.2500V,volt=1.2250V
TIME:04:29:07
37552
cpu:0.53, 0.40, 0.27,freq:frequency(48)=800000000,throttle_flag:throttled=0x50000,voltage:volt=1.2313V,volt=1.2500V,volt=1.2500V,volt=1.2250V
TIME:04:29:08
38628
cpu:0.53, 0.40, 0.27,freq:frequency(48)=600000000,throttle_flag:throttled=0x50005,voltage:volt=1.2000V,volt=1.2500V,volt=1.2500V,volt=1.2250V
TIME:04:29:09
37552
cpu:0.53, 0.40, 0.27,freq:frequency(48)=600000000,throttle_flag:throttled=0x50005,voltage:volt=1.3375V,volt=1.2500V,volt=1.2500V,volt=1.2250V
TIME:04:29:10
37552
cpu:0.53, 0.40, 0.27,freq:frequency(48)=1400000000,throttle_flag:throttled=0x50000,voltage:volt=1.3375V,volt=1.2500V,volt=1.2500V,volt=1.2250V
TIME:04:29:11
37552
cpu:0.53, 0.40, 0.27,freq:frequency(48)=1400000000,throttle_flag:throttled=0x50000,voltage:volt=1.3375V,volt=1.2500V,volt=1.2500V,volt=1.2250V
TIME:04:29:12
37552
cpu:0.48, 0.39, 0.26,freq:frequency(48)=1400000000,throttle_flag:throttled=0x50000,voltage:volt=1.3375V,volt=1.2500V,volt=1.2500V,volt=1.2250V
TIME:04:29:14
37552
cpu:0.48, 0.39, 0.26,freq:frequency(48)=600000000,throttle_flag:throttled=0x50000,voltage:volt=1.2313V,volt=1.2500V,volt=1.2500V,volt=1.2250V
TIME:04:29:15
37552
cpu:0.48, 0.39, 0.26,freq:frequency(48)=600000000,throttle_flag:throttled=0x50000,voltage:volt=1.2313V,volt=1.2500V,volt=1.2500V,volt=1.2250V
TIME:04:29:16
37552
cpu:0.48, 0.39, 0.26,freq:frequency(48)=800000000,throttle_flag:throttled=0x50000,voltage:volt=1.2313V,volt=1.2500V,volt=1.2500V,volt=1.2250V
TIME:04:29:17
37552
cpu:0.52, 0.40, 0.27,freq:frequency(48)=800000000,throttle_flag:throttled=0x50000,voltage:volt=1.2313V,volt=1.2500V,volt=1.2500V,volt=1.2250V
TIME:04:29:18
37552
cpu:0.52, 0.40, 0.27,freq:frequency(48)=800000000,throttle_flag:throttled=0x50000,voltage:volt=1.2313V,volt=1.2500V,volt=1.2500V,volt=1.2250V
TIME:04:29:19
37552
cpu:0.52, 0.40, 0.27,freq:frequency(48)=800000000,throttle_flag:throttled=0x50000,voltage:volt=1.2313V,volt=1.2500V,volt=1.2500V,volt=1.2250V
TIME:04:29:20
37014
cpu:0.52, 0.40, 0.27,freq:frequency(48)=600000000,throttle_flag:throttled=0x50000,voltage:volt=1.2313V,volt=1.2500V,volt=1.2500V,volt=1.2250V
TIME:04:29:21
37552
cpu:0.52, 0.40, 0.27,freq:frequency(48)=700000000,throttle_flag:throttled=0x50000,voltage:volt=1.2313V,volt=1.2500V,volt=1.2500V,volt=1.2250V
TIME:04:29:22
37014
cpu:0.56, 0.41, 0.27,freq:frequency(48)=700000000,throttle_flag:throttled=0x50000,voltage:volt=1.2313V,volt=1.2500V,volt=1.2500V,volt=1.2250V
TIME:04:29:24
37552
cpu:0.56, 0.41, 0.27,freq:frequency(48)=700000000,throttle_flag:throttled=0x50000,voltage:volt=1.2313V,volt=1.2500V,volt=1.2500V,volt=1.2250V
TIME:04:29:25
37552
cpu:0.56, 0.41, 0.27,freq:frequency(48)=700000000,throttle_flag:throttled=0x50000,voltage:volt=1.2313V,volt=1.2500V,volt=1.2500V,volt=1.2250V
TIME:04:29:26
37552
cpu:0.56, 0.41, 0.27,freq:frequency(48)=700000000,throttle_flag:throttled=0x50000,voltage:volt=1.2313V,volt=1.2500V,volt=1.2500V,volt=1.2250V
TIME:04:29:27
37552
cpu:0.52, 0.40, 0.27,freq:frequency(48)=700000000,throttle_flag:throttled=0x50000,voltage:volt=1.2313V,volt=1.2500V,volt=1.2500V,volt=1.2250V
TIME:04:29:28
37014
cpu:0.52, 0.40, 0.27,freq:frequency(48)=600000000,throttle_flag:throttled=0x50000,voltage:volt=1.2313V,volt=1.2500V,volt=1.2500V,volt=1.2250V
TIME:04:29:29
37014
cpu:0.52, 0.40, 0.27,freq:frequency(48)=600000000,throttle_flag:throttled=0x50000,voltage:volt=1.2313V,volt=1.2500V,volt=1.2500V,volt=1.2250V
TIME:04:29:30
37552
cpu:0.52, 0.40, 0.27,freq:frequency(48)=600000000,throttle_flag:throttled=0x50000,voltage:volt=1.2313V,volt=1.2500V,volt=1.2500V,volt=1.2250V
TIME:04:29:31
37552
cpu:0.52, 0.40, 0.27,freq:frequency(48)=600000000,throttle_flag:throttled=0x50000,voltage:volt=1.2313V,volt=1.2500V,volt=1.2500V,volt=1.2250V
TIME:04:29:32
37552
cpu:0.48, 0.40, 0.27,freq:frequency(48)=800000000,throttle_flag:throttled=0x50000,voltage:volt=1.2313V,volt=1.2500V,volt=1.2500V,volt=1.2250V
TIME:04:29:34
37552
cpu:0.48, 0.40, 0.27,freq:frequency(48)=700000000,throttle_flag:throttled=0x50000,voltage:volt=1.2313V,volt=1.2500V,volt=1.2500V,volt=1.2250V
TIME:04:29:35
37552
cpu:0.48, 0.40, 0.27,freq:frequency(48)=600000000,throttle_flag:throttled=0x50000,voltage:volt=1.2313V,volt=1.2500V,volt=1.2500V,volt=1.2250V
TIME:04:29:36
37014
cpu:0.48, 0.40, 0.27,freq:frequency(48)=600000000,throttle_flag:throttled=0x50000,voltage:volt=1.2313V,volt=1.2500V,volt=1.2500V,volt=1.2250V
TIME:04:29:37
36476
cpu:0.44, 0.39, 0.27,freq:frequency(48)=600000000,throttle_flag:throttled=0x50000,voltage:volt=1.2313V,volt=1.2500V,volt=1.2500V,volt=1.2250V
TIME:04:29:38
37014
cpu:0.44, 0.39, 0.27,freq:frequency(48)=600000000,throttle_flag:throttled=0x50000,voltage:volt=1.2313V,volt=1.2500V,volt=1.2500V,volt=1.2250V
TIME:04:29:39
37552
cpu:0.44, 0.39, 0.27,freq:frequency(48)=600000000,throttle_flag:throttled=0x50000,voltage:volt=1.2313V,volt=1.2500V,volt=1.2500V,volt=1.2250V
TIME:04:29:40
38090
cpu:0.44, 0.39, 0.27,freq:frequency(48)=600000000,throttle_flag:throttled=0x50005,voltage:volt=1.2000V,volt=1.2500V,volt=1.2500V,volt=1.2250V
TIME:04:29:41
37552
cpu:0.44, 0.39, 0.27,freq:frequency(48)=600000000,throttle_flag:throttled=0x50005,voltage:volt=1.2000V,volt=1.2500V,volt=1.2500V,volt=1.2250V
TIME:04:29:43
37552
cpu:0.48, 0.40, 0.27,freq:frequency(48)=1400000000,throttle_flag:throttled=0x50000,voltage:volt=1.3375V,volt=1.2500V,volt=1.2500V,volt=1.2250V
TIME:04:29:44
37552
cpu:0.48, 0.40, 0.27,freq:frequency(48)=1400000000,throttle_flag:throttled=0x50000,voltage:volt=1.3375V,volt=1.2500V,volt=1.2500V,volt=1.2250V
TIME:04:29:45
38628
cpu:0.48, 0.40, 0.27,freq:frequency(48)=1400000000,throttle_flag:throttled=0x50000,voltage:volt=1.3375V,volt=1.2500V,volt=1.2500V,volt=1.2250V
TIME:04:29:46
37552
cpu:0.48, 0.40, 0.27,freq:frequency(48)=800000000,throttle_flag:throttled=0x50000,voltage:volt=1.2313V,volt=1.2500V,volt=1.2500V,volt=1.2250V
TIME:04:29:47
37552
cpu:0.44, 0.39, 0.27,freq:frequency(48)=800000000,throttle_flag:throttled=0x50000,voltage:volt=1.2313V,volt=1.2500V,volt=1.2500V,volt=1.2250V
TIME:04:29:48
37014
cpu:0.44, 0.39, 0.27,freq:frequency(48)=700000000,throttle_flag:throttled=0x50000,voltage:volt=1.2313V,volt=1.2500V,volt=1.2500V,volt=1.2250V
TIME:04:29:49
37552
cpu:0.44, 0.39, 0.27,freq:frequency(48)=700000000,throttle_flag:throttled=0x50000,voltage:volt=1.2313V,volt=1.2500V,volt=1.2500V,volt=1.2250V
TIME:04:29:50
37014
cpu:0.44, 0.39, 0.27,freq:frequency(48)=700000000,throttle_flag:throttled=0x50000,voltage:volt=1.2313V,volt=1.2500V,volt=1.2500V,volt=1.2250V
TIME:04:29:51
36476
cpu:0.44, 0.39, 0.27,freq:frequency(48)=700000000,throttle_flag:throttled=0x50000,voltage:volt=1.2313V,volt=1.2500V,volt=1.2500V,volt=1.2250V
TIME:04:29:52
37552
cpu:0.41, 0.39, 0.27,freq:frequency(48)=700000000,throttle_flag:throttled=0x50000,voltage:volt=1.2313V,volt=1.2500V,volt=1.2500V,volt=1.2250V
TIME:04:29:54
36476
cpu:0.41, 0.39, 0.27,freq:frequency(48)=700000000,throttle_flag:throttled=0x50000,voltage:volt=1.2313V,volt=1.2500V,volt=1.2500V,volt=1.2250V
TIME:04:29:55
37552
cpu:0.41, 0.39, 0.27,freq:frequency(48)=700000000,throttle_flag:throttled=0x50000,voltage:volt=1.2313V,volt=1.2500V,volt=1.2500V,volt=1.2250V
TIME:04:29:56
37014
cpu:0.41, 0.39, 0.27,freq:frequency(48)=700000000,throttle_flag:throttled=0x50000,voltage:volt=1.2313V,volt=1.2500V,volt=1.2500V,volt=1.2250V
TIME:04:29:57
36476
cpu:0.38, 0.38, 0.27,freq:frequency(48)=700000000,throttle_flag:throttled=0x50000,voltage:volt=1.2313V,volt=1.2500V,volt=1.2500V,volt=1.2250V
TIME:04:29:58
37014
cpu:0.38, 0.38, 0.27,freq:frequency(48)=700000000,throttle_flag:throttled=0x50000,voltage:volt=1.2313V,volt=1.2500V,volt=1.2500V,volt=1.2250V
TIME:04:29:59
37014
cpu:0.38, 0.38, 0.27,freq:frequency(48)=800000000,throttle_flag:throttled=0x50000,voltage:volt=1.2313V,volt=1.2500V,volt=1.2500V,volt=1.2250V
TIME:04:30:00
37552
cpu:0.38, 0.38, 0.27,freq:frequency(48)=700000000,throttle_flag:throttled=0x50000,voltage:volt=1.2313V,volt=1.2500V,volt=1.2500V,volt=1.2250V
TIME:04:30:01
36476
cpu:0.38, 0.38, 0.27,freq:frequency(48)=600000000,throttle_flag:throttled=0x50000,voltage:volt=1.2313V,volt=1.2500V,volt=1.2500V,volt=1.2250V
TIME:04:30:02
37014
cpu:0.43, 0.39, 0.27,freq:frequency(48)=600000000,throttle_flag:throttled=0x50000,voltage:volt=1.2313V,volt=1.2500V,volt=1.2500V,volt=1.2250V
TIME:04:30:04
37552
cpu:0.43, 0.39, 0.27,freq:frequency(48)=600000000,throttle_flag:throttled=0x50000,voltage:volt=1.2313V,volt=1.2500V,volt=1.2500V,volt=1.2250V
TIME:04:30:05
37014
cpu:0.43, 0.39, 0.27,freq:frequency(48)=600000000,throttle_flag:throttled=0x50000,voltage:volt=1.2313V,volt=1.2500V,volt=1.2500V,volt=1.2250V
TIME:04:30:06
36476
cpu:0.43, 0.39, 0.27,freq:frequency(48)=800000000,throttle_flag:throttled=0x50000,voltage:volt=1.2313V,volt=1.2500V,volt=1.2500V,volt=1.2250V
TIME:04:30:07
37014
cpu:0.39, 0.38, 0.27,freq:frequency(48)=700000000,throttle_flag:throttled=0x50000,voltage:volt=1.2313V,volt=1.2500V,volt=1.2500V,volt=1.2250V
TIME:04:30:08
37552
cpu:0.39, 0.38, 0.27,freq:frequency(48)=700000000,throttle_flag:throttled=0x50000,voltage:volt=1.2313V,volt=1.2500V,volt=1.2500V,volt=1.2250V
TIME:04:30:09
37014
cpu:0.39, 0.38, 0.27,freq:frequency(48)=700000000,throttle_flag:throttled=0x50000,voltage:volt=1.2313V,volt=1.2500V,volt=1.2500V,volt=1.2250V
TIME:04:30:10
36476
cpu:0.39, 0.38, 0.27,freq:frequency(48)=700000000,throttle_flag:throttled=0x50000,voltage:volt=1.2313V,volt=1.2500V,volt=1.2500V,volt=1.2250V
TIME:04:30:11
37014
cpu:0.39, 0.38, 0.27,freq:frequency(48)=700000000,throttle_flag:throttled=0x50000,voltage:volt=1.2313V,volt=1.2500V,volt=1.2500V,volt=1.2250V
TIME:04:30:13
37014
cpu:0.44, 0.39, 0.28,freq:frequency(48)=600000000,throttle_flag:throttled=0x50005,voltage:volt=1.2000V,volt=1.2500V,volt=1.2500V,volt=1.2250V
TIME:04:30:14
37552
cpu:0.44, 0.39, 0.28,freq:frequency(48)=1400000000,throttle_flag:throttled=0x50000,voltage:volt=1.3375V,volt=1.2500V,volt=1.2500V,volt=1.2250V
TIME:04:30:15
38090
cpu:0.44, 0.39, 0.28,freq:frequency(48)=1400000000,throttle_flag:throttled=0x50000,voltage:volt=1.3375V,volt=1.2500V,volt=1.2500V,volt=1.2250V
TIME:04:30:16
38628
cpu:0.44, 0.39, 0.28,freq:frequency(48)=1400000000,throttle_flag:throttled=0x50000,voltage:volt=1.3375V,volt=1.2500V,volt=1.2500V,volt=1.2250V
========
TIME:20:04:22
37552
cpu:0.38, 0.27, 0.21,freq:frequency(48)=800000000,throttle_flag:throttled=0x50000,voltage:volt=1.2313V,volt=1.2500V,volt=1.2500V,volt=1.2250V
TIME:20:04:23
38628
cpu:0.38, 0.27, 0.21,freq:frequency(48)=1400000000,throttle_flag:throttled=0x50000,voltage:volt=1.3375V,volt=1.2500V,volt=1.2500V,volt=1.2250V
TIME:20:04:25
38628
cpu:0.38, 0.27, 0.21,freq:frequency(48)=1400000000,throttle_flag:throttled=0x50000,voltage:volt=1.3375V,volt=1.2500V,volt=1.2500V,volt=1.2250V
TIME:20:04:26
38090
cpu:0.38, 0.27, 0.21,freq:frequency(48)=1400000000,throttle_flag:throttled=0x50000,voltage:volt=1.3375V,volt=1.2500V,volt=1.2500V,volt=1.2250V
TIME:20:04:27
38628
cpu:0.38, 0.27, 0.21,freq:frequency(48)=1400000000,throttle_flag:throttled=0x50000,voltage:volt=1.3375V,volt=1.2500V,volt=1.2500V,volt=1.2250V
TIME:20:04:28
39166
cpu:0.35, 0.27, 0.21,freq:frequency(48)=1400000000,throttle_flag:throttled=0x50000,voltage:volt=1.3375V,volt=1.2500V,volt=1.2500V,volt=1.2250V
TIME:20:04:29
38628
cpu:0.35, 0.27, 0.21,freq:frequency(48)=800000000,throttle_flag:throttled=0x50000,voltage:volt=1.2313V,volt=1.2500V,volt=1.2500V,volt=1.2250V
TIME:20:04:30
37552
cpu:0.35, 0.27, 0.21,freq:frequency(48)=800000000,throttle_flag:throttled=0x50000,voltage:volt=1.2313V,volt=1.2500V,volt=1.2500V,volt=1.2250V
TIME:20:04:31
37552
cpu:0.35, 0.27, 0.21,freq:frequency(48)=800000000,throttle_flag:throttled=0x50000,voltage:volt=1.2313V,volt=1.2500V,volt=1.2500V,volt=1.2250V
TIME:20:04:32
37552
cpu:0.32, 0.26, 0.21,freq:frequency(48)=800000000,throttle_flag:throttled=0x50000,voltage:volt=1.2313V,volt=1.2500V,volt=1.2500V,volt=1.2250V
TIME:20:04:33
37552
cpu:0.32, 0.26, 0.21,freq:frequency(48)=800000000,throttle_flag:throttled=0x50000,voltage:volt=1.2313V,volt=1.2500V,volt=1.2500V,volt=1.2250V
TIME:20:04:34
37552
cpu:0.32, 0.26, 0.21,freq:frequency(48)=700000000,throttle_flag:throttled=0x50000,voltage:volt=1.2313V,volt=1.2500V,volt=1.2500V,volt=1.2250V
TIME:20:04:36
37552
cpu:0.32, 0.26, 0.21,freq:frequency(48)=700000000,throttle_flag:throttled=0x50000,voltage:volt=1.2313V,volt=1.2500V,volt=1.2500V,volt=1.2250V
TIME:20:04:37
37552
cpu:0.32, 0.26, 0.21,freq:frequency(48)=700000000,throttle_flag:throttled=0x50000,voltage:volt=1.2313V,volt=1.2500V,volt=1.2500V,volt=1.2250V
TIME:20:04:38
37552
cpu:0.30, 0.26, 0.21,freq:frequency(48)=700000000,throttle_flag:throttled=0x50000,voltage:volt=1.2313V,volt=1.2500V,volt=1.2500V,volt=1.2250V
TIME:20:04:39
37552
cpu:0.30, 0.26, 0.21,freq:frequency(48)=700000000,throttle_flag:throttled=0x50000,voltage:volt=1.2313V,volt=1.2500V,volt=1.2500V,volt=1.2250V
TIME:20:04:40
37552
cpu:0.30, 0.26, 0.21,freq:frequency(48)=700000000,throttle_flag:throttled=0x50000,voltage:volt=1.2313V,volt=1.2500V,volt=1.2500V,volt=1.2250V
TIME:20:04:41
37552
cpu:0.30, 0.26, 0.21,freq:frequency(48)=700000000,throttle_flag:throttled=0x50000,voltage:volt=1.2313V,volt=1.2500V,volt=1.2500V,volt=1.2250V
TIME:20:04:42
37552
cpu:0.27, 0.26, 0.21,freq:frequency(48)=800000000,throttle_flag:throttled=0x50000,voltage:volt=1.2313V,volt=1.2500V,volt=1.2500V,volt=1.2250V
TIME:20:04:43
37552
cpu:0.27, 0.26, 0.21,freq:frequency(48)=600000000,throttle_flag:throttled=0x50000,voltage:volt=1.2313V,volt=1.2500V,volt=1.2500V,volt=1.2250V
TIME:20:04:45
37552
cpu:0.27, 0.26, 0.21,freq:frequency(48)=600000000,throttle_flag:throttled=0x50000,voltage:volt=1.2313V,volt=1.2500V,volt=1.2500V,volt=1.2250V
TIME:20:04:46
37552
cpu:0.27, 0.26, 0.21,freq:frequency(48)=600000000,throttle_flag:throttled=0x50000,voltage:volt=1.2313V,volt=1.2500V,volt=1.2500V,volt=1.2250V
TIME:20:04:47
37552
cpu:0.27, 0.26, 0.21,freq:frequency(48)=600000000,throttle_flag:throttled=0x50000,voltage:volt=1.2313V,volt=1.2500V,volt=1.2500V,volt=1.2250V
TIME:20:04:48
37552
cpu:0.33, 0.27, 0.21,freq:frequency(48)=600000000,throttle_flag:throttled=0x50000,voltage:volt=1.2313V,volt=1.2500V,volt=1.2500V,volt=1.2250V
TIME:20:04:49
37552
cpu:0.33, 0.27, 0.21,freq:frequency(48)=600000000,throttle_flag:throttled=0x50000,voltage:volt=1.2313V,volt=1.2500V,volt=1.2500V,volt=1.2250V
TIME:20:04:50
37014
cpu:0.33, 0.27, 0.21,freq:frequency(48)=600000000,throttle_flag:throttled=0x50000,voltage:volt=1.2313V,volt=1.2500V,volt=1.2500V,volt=1.2250V
TIME:20:04:51
37552
cpu:0.33, 0.27, 0.21,freq:frequency(48)=800000000,throttle_flag:throttled=0x50000,voltage:volt=1.2313V,volt=1.2500V,volt=1.2500V,volt=1.2250V
TIME:20:04:52
37552
cpu:0.30, 0.26, 0.21,freq:frequency(48)=800000000,throttle_flag:throttled=0x50000,voltage:volt=1.2313V,volt=1.2500V,volt=1.2500V,volt=1.2250V
TIME:20:04:53
37552
cpu:0.30, 0.26, 0.21,freq:frequency(48)=800000000,throttle_flag:throttled=0x50000,voltage:volt=1.2313V,volt=1.2500V,volt=1.2500V,volt=1.2250V
TIME:20:04:55
37552
cpu:0.30, 0.26, 0.21,freq:frequency(48)=800000000,throttle_flag:throttled=0x50000,voltage:volt=1.2313V,volt=1.2500V,volt=1.2500V,volt=1.2250V
TIME:20:04:56
38090
cpu:0.30, 0.26, 0.21,freq:frequency(48)=1400000000,throttle_flag:throttled=0x50000,voltage:volt=1.3375V,volt=1.2500V,volt=1.2500V,volt=1.2250V
TIME:20:04:57
38628
cpu:0.30, 0.26, 0.21,freq:frequency(48)=1400000000,throttle_flag:throttled=0x50000,voltage:volt=1.3375V,volt=1.2500V,volt=1.2500V,volt=1.2250V
TIME:20:04:58
38628
cpu:0.28, 0.26, 0.21,freq:frequency(48)=1400000000,throttle_flag:throttled=0x50000,voltage:volt=1.3375V,volt=1.2500V,volt=1.2500V,volt=1.2250V
TIME:20:04:59
38090
cpu:0.28, 0.26, 0.21,freq:frequency(48)=1400000000,throttle_flag:throttled=0x50000,voltage:volt=1.3375V,volt=1.2500V,volt=1.2500V,volt=1.2250V
TIME:20:05:00
38090
cpu:0.28, 0.26, 0.21,freq:frequency(48)=1400000000,throttle_flag:throttled=0x50000,voltage:volt=1.3375V,volt=1.2500V,volt=1.2500V,volt=1.2250V
TIME:20:05:01
38628
cpu:0.28, 0.26, 0.21,freq:frequency(48)=600000000,throttle_flag:throttled=0x50000,voltage:volt=1.2313V,volt=1.2500V,volt=1.2500V,volt=1.2250V
TIME:20:05:02
37552
cpu:0.28, 0.26, 0.21,freq:frequency(48)=600000000,throttle_flag:throttled=0x50000,voltage:volt=1.2313V,volt=1.2500V,volt=1.2500V,volt=1.2250V
TIME:20:05:03
37552
cpu:0.34, 0.27, 0.21,freq:frequency(48)=600000000,throttle_flag:throttled=0x50000,voltage:volt=1.2313V,volt=1.2500V,volt=1.2500V,volt=1.2250V
TIME:20:05:04
38090
cpu:0.34, 0.27, 0.21,freq:frequency(48)=800000000,throttle_flag:throttled=0x50000,voltage:volt=1.2313V,volt=1.2500V,volt=1.2500V,volt=1.2250V
TIME:20:05:06
37014
cpu:0.34, 0.27, 0.21,freq:frequency(48)=800000000,throttle_flag:throttled=0x50000,voltage:volt=1.2313V,volt=1.2500V,volt=1.2500V,volt=1.2250V
TIME:20:05:07
37552
cpu:0.34, 0.27, 0.21,freq:frequency(48)=800000000,throttle_flag:throttled=0x50000,voltage:volt=1.2313V,volt=1.2500V,volt=1.2500V,volt=1.2250V
TIME:20:05:08
37552
cpu:0.31, 0.27, 0.21,freq:frequency(48)=800000000,throttle_flag:throttled=0x50000,voltage:volt=1.2313V,volt=1.2500V,volt=1.2500V,volt=1.2250V
TIME:20:05:09
37014
cpu:0.31, 0.27, 0.21,freq:frequency(48)=800000000,throttle_flag:throttled=0x50000,voltage:volt=1.2313V,volt=1.2500V,volt=1.2500V,volt=1.2250V
TIME:20:05:10
37552
cpu:0.31, 0.27, 0.21,freq:frequency(48)=700000000,throttle_flag:throttled=0x50000,voltage:volt=1.2313V,volt=1.2500V,volt=1.2500V,volt=1.2250V
TIME:20:05:11
37552
cpu:0.31, 0.27, 0.21,freq:frequency(48)=700000000,throttle_flag:throttled=0x50000,voltage:volt=1.2313V,volt=1.2500V,volt=1.2500V,volt=1.2250V
TIME:20:05:12
37552
cpu:0.29, 0.26, 0.21,freq:frequency(48)=700000000,throttle_flag:throttled=0x50000,voltage:volt=1.2313V,volt=1.2500V,volt=1.2500V,volt=1.2250V
TIME:20:05:13
37014
cpu:0.29, 0.26, 0.21,freq:frequency(48)=700000000,throttle_flag:throttled=0x50000,voltage:volt=1.2313V,volt=1.2500V,volt=1.2500V,volt=1.2250V
TIME:20:05:14
37552
cpu:0.29, 0.26, 0.21,freq:frequency(48)=600000000,throttle_flag:throttled=0x50000,voltage:volt=1.2313V,volt=1.2500V,volt=1.2500V,volt=1.2250V
TIME:20:05:16
38090
cpu:0.29, 0.26, 0.21,freq:frequency(48)=700000000,throttle_flag:throttled=0x50000,voltage:volt=1.2313V,volt=1.2500V,volt=1.2500V,volt=1.2250V
TIME:20:05:17
37552
cpu:0.29, 0.26, 0.21,freq:frequency(48)=700000000,throttle_flag:throttled=0x50000,voltage:volt=1.2313V,volt=1.2500V,volt=1.2500V,volt=1.2250V
TIME:20:05:18
37014
cpu:0.26, 0.26, 0.21,freq:frequency(48)=700000000,throttle_flag:throttled=0x50000,voltage:volt=1.2313V,volt=1.2500V,volt=1.2500V,volt=1.2250V
TIME:20:05:19
37552
cpu:0.26, 0.26, 0.21,freq:frequency(48)=700000000,throttle_flag:throttled=0x50000,voltage:volt=1.2313V,volt=1.2500V,volt=1.2500V,volt=1.2250V
TIME:20:05:20
37014
cpu:0.26, 0.26, 0.21,freq:frequency(48)=800000000,throttle_flag:throttled=0x50000,voltage:volt=1.2313V,volt=1.2500V,volt=1.2500V,volt=1.2250V
TIME:20:05:21
37552
cpu:0.26, 0.26, 0.21,freq:frequency(48)=800000000,throttle_flag:throttled=0x50000,voltage:volt=1.2313V,volt=1.2500V,volt=1.2500V,volt=1.2250V
TIME:20:05:22
37552
cpu:0.24, 0.25, 0.21,freq:frequency(48)=700000000,throttle_flag:throttled=0x50000,voltage:volt=1.2313V,volt=1.2500V,volt=1.2500V,volt=1.2250V
TIME:20:05:23
37552
cpu:0.24, 0.25, 0.21,freq:frequency(48)=700000000,throttle_flag:throttled=0x50000,voltage:volt=1.2313V,volt=1.2500V,volt=1.2500V,volt=1.2250V
TIME:20:05:25
37552
cpu:0.24, 0.25, 0.21,freq:frequency(48)=700000000,throttle_flag:throttled=0x50000,voltage:volt=1.2313V,volt=1.2500V,volt=1.2500V,volt=1.2250V
TIME:20:05:26
37552
cpu:0.24, 0.25, 0.21,freq:frequency(48)=600000000,throttle_flag:throttled=0x50000,voltage:volt=1.2313V,volt=1.2500V,volt=1.2500V,volt=1.2250V
TIME:20:05:27
37552
cpu:0.24, 0.25, 0.21,freq:frequency(48)=600000000,throttle_flag:throttled=0x50000,voltage:volt=1.2313V,volt=1.2500V,volt=1.2500V,volt=1.2250V
TIME:20:05:28
37552
cpu:0.62, 0.33, 0.23,freq:frequency(48)=1400000000,throttle_flag:throttled=0x50000,voltage:volt=1.3375V,volt=1.2500V,volt=1.2500V,volt=1.2250V
TIME:20:05:29
38628
cpu:0.62, 0.33, 0.23,freq:frequency(48)=1400000000,throttle_flag:throttled=0x50000,voltage:volt=1.3375V,volt=1.2500V,volt=1.2500V,volt=1.2250V
TIME:20:05:30
39166
cpu:0.62, 0.33, 0.23,freq:frequency(48)=1400000000,throttle_flag:throttled=0x50000,voltage:volt=1.3375V,volt=1.2500V,volt=1.2500V,volt=1.2250V
>>>>>>>> 978dcc83 (emergency commit?):logs/roofline/resnet18_children_bramble-4-5/9/7_size/2_1/speed_heatbramble-4-5-10.log
