ALL SYNC
2026-04-21 06:47:59.628150 Sync done -> model run start
2026-04-21 06:47:59.628144 Sync done -> model run start
2026-04-21 06:47:59.628504 Sync done -> model run start
2026-04-21 06:47:59.628502 Sync done -> model run start
0 0.033 [0.03255746699869633]
1 0.033 [0.03271423699334264]
3 0.033 [0.032385749043896794]
2 0.039 [0.039317833026871085]
2026-04-21 06:48:00.154423 Sync done -> model run start
2026-04-21 06:48:00.208107 Sync done -> model run start
2026-04-21 06:48:00.257145 Sync done -> model run start
2026-04-21 06:48:00.298460 Sync done -> model run start
0 0.021 [0.021032396936789155]
1 0.02 [0.019338242011144757]
2 0.018 [0.017743931151926517]
3 0.011 [0.010907470947131515]
2026-04-21 06:48:01.807241 Sync done -> model run start
2026-04-21 06:48:01.851413 Sync done -> model run start
2026-04-21 06:48:01.910555 Sync done -> model run start
2026-04-21 06:48:01.953575 Sync done -> model run start
0 0.022 [0.02129942597821355]
2 0.016 [0.015884569147601724]
1 0.026 [0.026067879982292652]
3 0.011 [0.010443619918078184]
2026-04-21 06:48:03.372155 Sync done -> model run start
2026-04-21 06:48:03.423915 Sync done -> model run start
2026-04-21 06:48:03.470860 Sync done -> model run start
2026-04-21 06:48:03.520455 Sync done -> model run start
0 0.023 [0.022912851069122553]
1 0.023 [0.02272821683436632]
2 0.019 [0.0189165270421654]
2026-04-21 06:48:05.357590 Sync done -> model run start
2026-04-21 06:48:05.405525 Sync done -> model run start
2026-04-21 06:48:05.464809 Sync done -> model run start
2026-04-21 06:48:05.496511 Sync done -> model run start
0 0.023 [0.022366344928741455]
1 0.023 [0.02231613709591329]
3 0.011 [0.010510652093216777]
2 0.014 [0.014148801099509]
2026-04-21 06:48:06.282134 Sync done -> model run start
net_times: [[0.271, 0.138, 12845056, 4581], [0.111, 1.221, 12845056, 4581], [0.081, 1.107, 12845056, 24046], [0.086, 0.921, 12845056, 70663], [0.671, 0.681, 12845056, 227334]]
echo 'race4fun' | sudo -S sh -c 'journalctl --since "2026-04-21 06:47:58.875315" --until "2026-04-21 06:48:06.282134" -k -o short-iso '| grep -i -E 'throttle|throttled|thermal|cpufreq|under-voltage|voltage'
