ALL SYNC
2026-04-21 06:47:58.264298 Sync done -> model run start
2026-04-21 06:47:58.264298 Sync done -> model run start
2026-04-21 06:47:58.264301 Sync done -> model run start
2026-04-21 06:47:58.264298 Sync done -> model run start
0 0.13 [0.13027754705399275]
3 0.13 [0.13028582790866494]
1 0.13 [0.13027765089645982]
2 0.133 [0.13251129421405494]
2026-04-21 06:47:59.267970 Sync done -> model run start
2026-04-21 06:47:59.274892 Sync done -> model run start
2026-04-21 06:47:59.280435 Sync done -> model run start
2026-04-21 06:47:59.289736 Sync done -> model run start
1 0.093 [0.09306085901334882]
3 0.111 [0.11103745806030929]
0 0.086 [0.08621383388526738]
2 0.099 [0.0991623131558299]
2026-04-21 06:48:00.165389 Sync done -> model run start
2026-04-21 06:48:00.171973 Sync done -> model run start
2026-04-21 06:48:00.176535 Sync done -> model run start
2026-04-21 06:48:00.194085 Sync done -> model run start
2 0.092 [0.09148794412612915]
1 0.085 [0.08509805286303163]
3 0.121 [0.12080151191912591]
2026-04-21 06:48:01.824576 Sync done -> model run start
2026-04-21 06:48:01.832874 Sync done -> model run start
2026-04-21 06:48:01.842202 Sync done -> model run start
2026-04-21 06:48:01.847030 Sync done -> model run start
1 0.09 [0.08995028887875378]
3 0.111 [0.11083240690641105]
2 0.105 [0.10453017195686698]
0 0.081 [0.08073425502516329]
2026-04-21 06:48:03.391341 Sync done -> model run start
2026-04-21 06:48:03.397417 Sync done -> model run start
2026-04-21 06:48:03.398184 Sync done -> model run start
2026-04-21 06:48:03.416380 Sync done -> model run start
2 0.094 [0.09335382701829076]
0 0.094 [0.09399794088676572]
1 0.105 [0.10473162983544171]
3 0.111 [0.11074016685597599]
2026-04-21 06:48:05.287469 Sync done -> model run start
net_times: [[0.0, 0.433, 0, 13923], [0.0, 0.428, 0, 13923], [0.0, 1.185, 0, 71969], [0.0, 1.081, 0, 258269], [0.0, 1.471, 0, 984565]]
echo 'race4fun' | sudo -S sh -c 'journalctl --since "2026-04-21 06:47:57.860673" --until "2026-04-21 06:48:05.287469" -k -o short-iso '| grep -i -E 'throttle|throttled|thermal|cpufreq|under-voltage|voltage'
