ALL SYNC
2026-04-21 06:48:02.369128 Sync done -> model run start
2026-04-21 06:48:02.369128 Sync done -> model run start
2026-04-21 06:48:02.369128 Sync done -> model run start
2026-04-21 06:48:02.369583 Sync done -> model run start
3 0.366 [0.36557075497694314]
1 0.367 [0.3666240319143981]
0 0.368 [0.3683124629314989]
2 0.404 [0.4042171142064035]
2026-04-21 06:48:03.329094 Sync done -> model run start
2026-04-21 06:48:03.332618 Sync done -> model run start
2026-04-21 06:48:03.336501 Sync done -> model run start
2026-04-21 06:48:03.341930 Sync done -> model run start
1 0.321 [0.3210408261511475]
0 0.321 [0.32086540991440415]
2 0.323 [0.3225328510161489]
3 0.323 [0.3226277471985668]
2026-04-21 06:48:04.694539 Sync done -> model run start
2026-04-21 06:48:04.699296 Sync done -> model run start
2026-04-21 06:48:04.705669 Sync done -> model run start
2026-04-21 06:48:04.712920 Sync done -> model run start
0 0.321 [0.32127098087221384]
1 0.321 [0.32121087703853846]
2 0.322 [0.3219167070928961]
3 0.323 [0.32267045485787094]
2026-04-21 06:48:06.414726 Sync done -> model run start
2026-04-21 06:48:06.428711 Sync done -> model run start
2026-04-21 06:48:06.445677 Sync done -> model run start
2026-04-21 06:48:06.452536 Sync done -> model run start
1 0.323 [0.322444518096745]
2 0.32 [0.3201871309429407]
3 0.32 [0.3201845798175782]
0 0.373 [0.3723636460490525]
2026-04-21 06:48:08.450706 Sync done -> model run start
2026-04-21 06:48:08.457315 Sync done -> model run start
2026-04-21 06:48:08.460708 Sync done -> model run start
2026-04-21 06:48:08.471853 Sync done -> model run start
0 0.325 [0.3243185211904347]
1 0.323 [0.32320243190042675]
2 0.329 [0.32892574300058186]
3 0.323 [0.3228308178950101]
2026-04-21 06:48:09.207424 Sync done -> model run start
net_times: [[2.645, 0.214, 1605632, 99176], [0.014, 0.19, 1605632, 99176], [0.507, 0.239, 1605632, 126974], [0.836, 0.237, 1605632, 126868], [1.094, 0.341, 1605632, 163277]]
echo 'race4fun' | sudo -S sh -c 'journalctl --since "2026-04-21 06:47:58.878788" --until "2026-04-21 06:48:09.207424" -k -o short-iso '| grep -i -E 'throttle|throttled|thermal|cpufreq|under-voltage|voltage'
