ALL SYNC
2026-04-21 06:48:00.579237 Sync done -> model run start
2026-04-21 06:48:00.579237 Sync done -> model run start
2026-04-21 06:48:00.579237 Sync done -> model run start
2026-04-21 06:48:00.579237 Sync done -> model run start
2 0.488 [0.4878765228204429]
1 0.488 [0.48788423114456236]
3 0.492 [0.49199369293637574]
0 0.499 [0.4986787710804492]
2026-04-21 06:48:01.686528 Sync done -> model run start
2026-04-21 06:48:01.695565 Sync done -> model run start
2026-04-21 06:48:01.717446 Sync done -> model run start
2026-04-21 06:48:01.723493 Sync done -> model run start
0 0.412 [0.4121119841001928]
1 0.415 [0.41520468099042773]
2 0.421 [0.42128793708980083]
3 0.419 [0.41855081310495734]
2026-04-21 06:48:03.240494 Sync done -> model run start
2026-04-21 06:48:03.251675 Sync done -> model run start
2026-04-21 06:48:03.265385 Sync done -> model run start
2026-04-21 06:48:03.272808 Sync done -> model run start
2 0.408 [0.4082313231192529]
0 0.408 [0.40834522899240255]
1 0.414 [0.4133757818490267]
3 0.414 [0.4141883831471205]
2026-04-21 06:48:04.615344 Sync done -> model run start
2026-04-21 06:48:04.625347 Sync done -> model run start
2026-04-21 06:48:04.638692 Sync done -> model run start
2026-04-21 06:48:04.649798 Sync done -> model run start
0 0.406 [0.4055315940640867]
1 0.412 [0.4116677148267627]
2 0.407 [0.4072436708956957]
3 0.411 [0.4110001139342785]
2026-04-21 06:48:06.354458 Sync done -> model run start
2026-04-21 06:48:06.360405 Sync done -> model run start
2026-04-21 06:48:06.378000 Sync done -> model run start
2026-04-21 06:48:06.388039 Sync done -> model run start
0 0.417 [0.4172007138840854]
2 0.422 [0.42154923803173006]
3 0.426 [0.4255560978781432]
1 0.474 [0.47385475714690983]
2026-04-21 06:48:08.238929 Sync done -> model run start
net_times: [[1.02, 0.375, 3211264, 161952], [0.022, 0.879, 3211264, 161952], [0.02, 0.697, 3211264, 370531], [0.021, 1.083, 3211264, 584019], [0.022, 1.326, 3211264, 739503]]
echo 'race4fun' | sudo -S sh -c 'journalctl --since "2026-04-21 06:47:58.873731" --until "2026-04-21 06:48:08.238929" -k -o short-iso '| grep -i -E 'throttle|throttled|thermal|cpufreq|under-voltage|voltage'
