ALL SYNC
2026-04-21 06:48:03.569588 Sync done -> model run start
2026-04-21 06:48:03.569588 Sync done -> model run start
2026-04-21 06:48:03.569588 Sync done -> model run start
2026-04-21 06:48:03.569588 Sync done -> model run start
2 0.034 [0.034072868060320616]
0 0.034 [0.0340295338537544]
3 0.034 [0.034029118018224835]
1 0.034 [0.03402979485690594]
2026-04-21 06:48:03.973885 Sync done -> model run start
2026-04-21 06:48:03.973894 Sync done -> model run start
2026-04-21 06:48:03.978751 Sync done -> model run start
2026-04-21 06:48:03.983508 Sync done -> model run start
1 0.006 [0.0054809050634503365]
2 0.006 [0.0054789260029792786]
0 0.006 [0.005444810958579183]
3 0.004 [0.003886487102136016]
2026-04-21 06:48:05.380141 Sync done -> model run start
2026-04-21 06:48:05.380881 Sync done -> model run start
2026-04-21 06:48:05.386543 Sync done -> model run start
2026-04-21 06:48:05.391729 Sync done -> model run start
0 0.007 [0.006291680969297886]
1 0.006 [0.0054147071205079556]
2 0.005 [0.005319759016856551]
3 0.004 [0.003663102863356471]
2026-04-21 06:48:07.137506 Sync done -> model run start
2026-04-21 06:48:07.143193 Sync done -> model run start
2026-04-21 06:48:07.143209 Sync done -> model run start
2026-04-21 06:48:07.152197 Sync done -> model run start
0 0.006 [0.0062993899919092655]
2 0.005 [0.005245228065177798]
1 0.005 [0.005250385031104088]
3 0.003 [0.003075346117839217]
2026-04-21 06:48:09.271570 Sync done -> model run start
2026-04-21 06:48:09.273232 Sync done -> model run start
2026-04-21 06:48:09.275794 Sync done -> model run start
2026-04-21 06:48:09.280586 Sync done -> model run start
1 0.007 [0.007187873125076294]
2 0.007 [0.006449857028201222]
3 0.005 [0.005216739838942885]
0 0.008 [0.007751411059871316]
2026-04-21 06:48:09.363387 Sync done -> model run start
net_times: [[4.16, 0.0, 401408, 0], [0.211, 0.0, 401408, 0], [1.252, 0.0, 401408, 0], [1.595, 0.0, 401408, 0], [1.949, 0.0, 401408, 0]]
echo 'race4fun' | sudo -S sh -c 'journalctl --since "2026-04-21 06:47:58.869711" --until "2026-04-21 06:48:09.363387" -k -o short-iso '| grep -i -E 'throttle|throttled|thermal|cpufreq|under-voltage|voltage'
