ALL SYNC
2026-04-21 06:47:15.647174 Sync done -> model run start
2026-04-21 06:47:15.647020 Sync done -> model run start
2026-04-21 06:47:15.647258 Sync done -> model run start
2026-04-21 06:47:15.647016 Sync done -> model run start
0 0.549 [0.5493570079561323]
1 0.549 [0.5493093009572476]
2 0.549 [0.5493567998055369]
3 0.611 [0.6110478879418224]
2026-04-21 06:47:16.649931 Sync done -> model run start
2026-04-21 06:47:16.655454 Sync done -> model run start
2026-04-21 06:47:16.664283 Sync done -> model run start
2026-04-21 06:47:16.674546 Sync done -> model run start
0 0.494 [0.4936929689720273]
2 0.495 [0.49486041022464633]
3 0.495 [0.49448645394295454]
2026-04-21 06:47:20.718471 Sync done -> model run start
2026-04-21 06:47:20.727201 Sync done -> model run start
2026-04-21 06:47:20.733971 Sync done -> model run start
2026-04-21 06:47:20.745697 Sync done -> model run start
3 0.493 [0.49253370403312147]
2 0.494 [0.4940964560955763]
1 0.536 [0.5363428681157529]
0 0.494 [0.493605833966285]
2026-04-21 06:47:25.474224 Sync done -> model run start
2026-04-21 06:47:25.485501 Sync done -> model run start
2026-04-21 06:47:25.502126 Sync done -> model run start
2026-04-21 06:47:25.516296 Sync done -> model run start
0 0.519 [0.5190188579726964]
2 0.508 [0.5078002798836678]
3 0.503 [0.5027385910507292]
1 0.558 [0.5581306021194905]
2026-04-21 06:47:30.495364 Sync done -> model run start
2026-04-21 06:47:30.500479 Sync done -> model run start
2026-04-21 06:47:30.516690 Sync done -> model run start
2026-04-21 06:47:30.534137 Sync done -> model run start
2 0.535 [0.534385432023555]
3 0.538 [0.5375921837985516]
0 0.58 [0.5800487510859966]
1 0.536 [0.5353118320927024]
2026-04-21 06:47:31.151487 Sync done -> model run start
net_times: [[0.215, 0.0, 3211264, 0], [0.022, 0.0, 3211264, 0], [3.18, 0.0, 3211264, 0], [3.838, 0.0, 3211264, 0], [4.087, 0.0, 3211264, 0]]
echo 'race4fun' | sudo -S sh -c 'journalctl --since "2026-04-21 06:47:14.519231" --until "2026-04-21 06:47:31.151487" -k -o short-iso '| grep -i -E 'throttle|throttled|thermal|cpufreq|under-voltage|voltage'
