ALL SYNC
2026-04-21 12:55:18.829926 Sync done -> model run start
2026-04-21 12:55:18.829970 Sync done -> model run start
2026-04-21 12:55:18.829926 Sync done -> model run start
2026-04-21 12:55:18.829926 Sync done -> model run start
3 11.009 [2.9312375029549003, 2.045289452187717, 2.052649325923994, 1.9867265550419688, 1.9932291328441352]
1 11.198 [2.890378948999569, 2.1223235700745136, 2.219380892114714, 1.9835558647755533, 1.9821314308792353]
2 11.242 [3.0213756831362844, 2.0744703009258956, 2.152416139142588, 1.9981204038485885, 1.9954020578879863]
0 11.279 [2.9493060130625963, 2.088498223107308, 2.104307661065832, 2.080743188969791, 2.055929752998054]
2026-04-21 12:55:33.100820 Sync done -> model run start
2026-04-21 12:55:33.101222 Sync done -> model run start
2026-04-21 12:55:33.121307 Sync done -> model run start
2026-04-21 12:55:33.125719 Sync done -> model run start
1 11.067 [2.100308495108038, 2.089391506044194, 2.0458950540050864, 2.817431007977575, 2.0137896458618343]
2 11.138 [2.1006647991016507, 2.089391662972048, 2.0458950011525303, 2.882056226953864, 2.01966241793707]
3 11.184 [2.1234186720103025, 2.1015241160057485, 2.0579109489917755, 2.8750928619410843, 2.0255975311156362]
0 11.496 [2.221821489976719, 2.186711899936199, 2.1244923397898674, 2.929488540161401, 2.0328647759743035]
2026-04-21 12:55:47.596264 Sync done -> model run start
2026-04-21 12:55:47.596910 Sync done -> model run start
2026-04-21 12:55:47.624405 Sync done -> model run start
2026-04-21 12:55:47.643855 Sync done -> model run start
3 11.049 [2.195365637075156, 2.898619222920388, 1.978445352986455, 1.995984320063144, 1.9801833610981703]
0 11.145 [2.1486801030114293, 2.9878115030005574, 1.9935557849239558, 1.9983531900215894, 2.015917212003842]
1 11.189 [2.1493306651245803, 3.0557094521354884, 1.9876921868417412, 1.9950336650945246, 2.000731108011678]
2 11.458 [2.3911011070013046, 2.897255309158936, 2.0907793680671602, 2.077374376822263, 2.0008026391733438]
2026-04-21 12:56:03.733397 Sync done -> model run start
2026-04-21 12:56:03.738137 Sync done -> model run start
2026-04-21 12:56:03.738137 Sync done -> model run start
2026-04-21 12:56:03.762535 Sync done -> model run start
0 11.113 [3.089546028058976, 2.0253688069060445, 2.022588366176933, 1.978723308071494, 1.997040965827182]
2 11.28 [3.1836740099824965, 2.023159212898463, 2.0912644769996405, 1.9826458091847599, 1.9992849011905491]
1 11.32 [3.1074042341206223, 2.037729290081188, 2.0576850529760122, 2.0694552219938487, 2.047936172923073]
3 11.356 [3.228704130044207, 2.1251712520606816, 2.0361765038687736, 1.9808312619570643, 1.9847860729787499]
2026-04-21 12:56:18.981918 Sync done -> model run start
2026-04-21 12:56:18.981918 Sync done -> model run start
2026-04-21 12:56:18.999670 Sync done -> model run start
2026-04-21 12:56:19.018518 Sync done -> model run start
1 10.321 [2.089771667961031, 2.0862857210449874, 2.047074849018827, 2.0571786891669035, 2.03998757712543]
2 10.321 [2.0897716160397977, 2.086284366901964, 2.0469025091733783, 2.0573021250311285, 2.0400288270320743]
3 10.351 [2.108347892994061, 2.0864596269093454, 2.044829781865701, 2.056368494872004, 2.0548513648100197]
0 10.689 [2.182727530831471, 2.1554070140700787, 2.1528897050302476, 2.137456862954423, 2.059934852877632]
2026-04-21 12:56:34.475960 Sync done -> model run start
2026-04-21 12:56:34.475960 Sync done -> model run start
2026-04-21 12:56:34.476260 Sync done -> model run start
2026-04-21 12:56:34.497044 Sync done -> model run start
0 11.339 [2.079357729991898, 2.0708980469498783, 2.0378330489620566, 3.1558401389047503, 1.9947740689385682]
1 11.442 [2.0840269320178777, 2.068110641092062, 2.0384239789564162, 3.2360395861323923, 2.015477939043194]
3 11.36 [2.0918880130629987, 2.069890772923827, 2.043691923143342, 3.1692514040041715, 1.985466135898605]
2 11.711 [2.1871713309083134, 2.156389337964356, 2.208835744066164, 3.1055438849143684, 2.0526354850735515]
2026-04-21 12:56:49.774342 Sync done -> model run start
2026-04-21 12:56:49.774342 Sync done -> model run start
2026-04-21 12:56:49.795392 Sync done -> model run start
2026-04-21 12:56:49.824107 Sync done -> model run start
0 10.983 [2.085085537051782, 2.084565368015319, 2.0478033220861107, 2.7821584828197956, 1.9834649041295052]
3 11.005 [2.1024048200342804, 2.084371728124097, 2.0437355181202292, 2.782720769988373, 1.9920689510181546]
1 11.155 [2.0850888187997043, 2.0863982068840414, 2.0459748590365052, 2.9269288210198283, 2.0107972871046513]
2 11.398 [2.1980417750310153, 2.175772615009919, 2.146524846088141, 2.8772605459671468, 1.9998570440802723]
2026-04-21 12:57:04.947486 Sync done -> model run start
2026-04-21 12:57:04.950629 Sync done -> model run start
2026-04-21 12:57:04.966163 Sync done -> model run start
2026-04-21 12:57:04.973698 Sync done -> model run start
3 10.963 [2.9242998210247606, 2.0285641020163894, 2.048176923999563, 1.971720966976136, 1.9898172949906439]
1 11.012 [2.963011675979942, 2.0362299871630967, 2.045479203108698, 1.9867857620120049, 1.9807523179333657]
0 11.072 [2.9315582611598074, 2.0389522910118103, 2.1146004870533943, 1.9834832570049912, 2.00304300384596]
2026-04-21 12:57:20.338875 Sync done -> model run start
2026-04-21 12:57:20.338875 Sync done -> model run start
2026-04-21 12:57:20.359440 Sync done -> model run start
2026-04-21 12:57:20.377580 Sync done -> model run start
1 11.031 [2.0874404720962048, 2.093620673986152, 2.0454624358098954, 2.7571951758582145, 2.046888172859326]
2 11.167 [2.1027791211381555, 2.092746676877141, 2.0471389261074364, 2.8764085439033806, 2.047617234988138]
0 11.038 [2.0874260971322656, 2.0935981741640717, 2.0454739981796592, 2.752762734889984, 2.058322292054072]
3 11.447 [2.1922356749419123, 2.1867459940258414, 2.2528907179366797, 2.7692254721187055, 2.0455559249967337]
2026-04-21 12:57:35.917277 Sync done -> model run start
2026-04-21 12:57:35.919276 Sync done -> model run start
2026-04-21 12:57:35.930609 Sync done -> model run start
2026-04-21 12:57:35.938576 Sync done -> model run start
3 11.17 [3.141972375800833, 2.024552058894187, 2.0425749118439853, 1.975397403119132, 1.9853278021328151]
1 11.251 [3.1783986198715866, 2.027573531959206, 2.070230443030596, 1.9771480080671608, 1.9970357290003449]
2 11.548 [3.2547869498375803, 2.0711507331579924, 2.1294118750374764, 2.076573461992666, 2.0162026879843324]
0 11.364 [3.2697293111123145, 2.0276114540174603, 2.1133091649971902, 1.9748074740637094, 1.978279102826491]
2026-04-21 12:57:50.552643 Sync done -> model run start
net_times: [[0.0, 2.091, 0, 1210368], [0.0, 2.076, 0, 1210368], [0.0, 3.683, 0, 1210368], [0.0, 2.903, 0, 1210368], [0.0, 3.808, 0, 1210368], [0.0, 2.66, 0, 1210368], [0.0, 2.802, 0, 1210368], [0.0, 3.148, 0, 1210368], [0.0, 3.169, 0, 1210368], [0.0, 2.971, 0, 1210368]]
echo 'race4fun' | sudo -S sh -c 'journalctl --since "2026-04-21 12:55:17.053423" --until "2026-04-21 12:57:50.552643" -k -o short-iso '| grep -i -E 'throttle|throttled|thermal|cpufreq|under-voltage|voltage'
