ALL SYNC
2026-04-21 12:55:48.309291 Sync done -> model run start
2026-04-21 12:55:48.309280 Sync done -> model run start
2026-04-21 12:55:48.309280 Sync done -> model run start
2026-04-21 12:55:48.309898 Sync done -> model run start
0 11.917 [2.4632247851695865, 2.35595568199642, 2.287087989039719, 2.2962497749831527, 2.514680725056678]
2 11.754 [2.45607720897533, 2.3490208140574396, 2.286512000951916, 2.2950429578777403, 2.3668293370865285]
3 11.967 [2.4485197921749204, 2.34203584282659, 2.2794464570470154, 2.285908566089347, 2.610983673017472]
1 12.244 [2.556178839877248, 2.4419651820790023, 2.3740092560183257, 2.3703285939991474, 2.501061768969521]
2026-04-21 12:56:03.675700 Sync done -> model run start
2026-04-21 12:56:03.711853 Sync done -> model run start
2026-04-21 12:56:03.734363 Sync done -> model run start
2026-04-21 12:56:03.748623 Sync done -> model run start
0 11.554 [2.330852294107899, 2.3258834078442305, 2.287315801018849, 2.275484807090834, 2.3341195199172944]
2 11.524 [2.3311359379440546, 2.323134877020493, 2.28721184306778, 2.2789765109773725, 2.3028877689503133]
3 11.554 [2.3381250768434256, 2.3293441750574857, 2.2882065779995173, 2.280594474170357, 2.3179569800850004]
1 12.037 [2.430471270112321, 2.422915206057951, 2.3768147660885006, 2.36515397997573, 2.4414999240543693]
2026-04-21 12:56:18.936202 Sync done -> model run start
2026-04-21 12:56:18.936137 Sync done -> model run start
2026-04-21 12:56:18.969003 Sync done -> model run start
2026-04-21 12:56:18.990605 Sync done -> model run start
0 11.714 [2.3870189439039677, 2.3812711029313505, 2.3215729030780494, 2.2947416559327394, 2.329116311855614]
3 11.748 [2.397450933000073, 2.3932138150557876, 2.317262036027387, 2.298763672122732, 2.3410683469846845]
2 12.301 [2.508944393834099, 2.4857321430463344, 2.3933074078522623, 2.3790458510629833, 2.534007626818493]
1 11.706 [2.3870187879074365, 2.3800052739679813, 2.3179616169072688, 2.289393969811499, 2.331786768976599]
2026-04-21 12:56:34.391030 Sync done -> model run start
2026-04-21 12:56:34.436450 Sync done -> model run start
2026-04-21 12:56:34.438789 Sync done -> model run start
2026-04-21 12:56:34.438789 Sync done -> model run start
0 11.939 [2.4194231380242854, 2.388086074963212, 2.347041968954727, 2.3815426640212536, 2.402613256825134]
2 12.043 [2.4104077571537346, 2.390546065988019, 2.342984484974295, 2.3842148408293724, 2.5142931749578565]
3 11.933 [2.408115370897576, 2.3904121078085154, 2.3427885479759425, 2.384530101204291, 2.4071318849455565]
1 12.407 [2.5057753450237215, 2.490763737121597, 2.4454155329149216, 2.4839638699777424, 2.4811367969959974]
2026-04-21 12:56:49.776535 Sync done -> model run start
2026-04-21 12:56:49.803480 Sync done -> model run start
2026-04-21 12:56:49.820990 Sync done -> model run start
2026-04-21 12:56:49.838748 Sync done -> model run start
2 11.607 [2.324595913058147, 2.3286960530094802, 2.2704277439042926, 2.292783176060766, 2.390576795907691]
0 11.53 [2.3224036819301546, 2.3182013027835637, 2.2787828149739653, 2.2926405200269073, 2.317667398834601]
3 11.649 [2.323423573980108, 2.332737755961716, 2.2841340960003436, 2.2906930269673467, 2.417603300884366]
1 11.975 [2.4120960319414735, 2.413394516101107, 2.373433321947232, 2.376962058013305, 2.3986936898436397]
2026-04-21 12:57:04.912738 Sync done -> model run start
2026-04-21 12:57:04.932268 Sync done -> model run start
2026-04-21 12:57:04.967484 Sync done -> model run start
2026-04-21 12:57:04.967429 Sync done -> model run start
0 11.739 [2.3515803371556103, 2.3453886948991567, 2.310911383945495, 2.3461365569382906, 2.38518728595227]
3 11.848 [2.3421523009892553, 2.3454784341156483, 2.301823765039444, 2.355991726042703, 2.5021967659704387]
2026-04-21 12:57:20.328298 Sync done -> model run start
2026-04-21 12:57:20.339374 Sync done -> model run start
2026-04-21 12:57:20.357493 Sync done -> model run start
2026-04-21 12:57:20.406039 Sync done -> model run start
2 11.949 [2.3802673059981316, 2.4018314899876714, 2.3479670700617135, 2.345588017022237, 2.473625109065324]
3 12.351 [2.4792229519225657, 2.4821650749072433, 2.440443991916254, 2.438360355095938, 2.5102456400636584]
1 11.803 [2.357728437986225, 2.3888213329482824, 2.341349544003606, 2.3369676349684596, 2.3780991369858384]
2026-04-21 12:57:35.878162 Sync done -> model run start
2026-04-21 12:57:35.906417 Sync done -> model run start
2026-04-21 12:57:35.919466 Sync done -> model run start
2026-04-21 12:57:35.922457 Sync done -> model run start
2 11.823 [2.370508177904412, 2.3848747350275517, 2.33343842998147, 2.3504585190676153, 2.383373908000067]
3 11.979 [2.367815271951258, 2.3830595340114087, 2.334475354058668, 2.349987948080525, 2.5432033729739487]
2026-04-21 12:57:51.373969 Sync done -> model run start
2026-04-21 12:57:51.388930 Sync done -> model run start
2026-04-21 12:57:51.394873 Sync done -> model run start
2026-04-21 12:57:51.412903 Sync done -> model run start
0 11.688 [2.3366922719869763, 2.3577732818666846, 2.320246192160994, 2.315439908998087, 2.357189272996038]
1 11.774 [2.353580798022449, 2.360282437875867, 2.3175723999738693, 2.318500626133755, 2.4241193709895015]
2 11.803 [2.354612721130252, 2.3578005200251937, 2.317160682985559, 2.3190433839336038, 2.4544832590036094]
3 12.157 [2.446534645045176, 2.454008365981281, 2.404911478050053, 2.401037119096145, 2.4504353059455752]
2026-04-21 12:58:06.743622 Sync done -> model run start
2026-04-21 12:58:06.770970 Sync done -> model run start
2026-04-21 12:58:06.773320 Sync done -> model run start
2026-04-21 12:58:06.796094 Sync done -> model run start
1 11.765 [2.387777900788933, 2.38595900288783, 2.344298647949472, 2.3279475159943104, 2.319282914046198]
2 11.769 [2.385270931990817, 2.390773566905409, 2.3354892041534185, 2.326034866971895, 2.3313285959884524]
3 11.86 [2.4331933970097452, 2.414894304005429, 2.347690874012187, 2.32793954689987, 2.3364042520988733]
0 12.214 [2.495095127960667, 2.496343821985647, 2.427776959957555, 2.4030678931158036, 2.3911347629036754]
2026-04-21 12:58:21.165463 Sync done -> model run start
net_times: [[28.212, 2.097, 1210368, 1210368], [0.002, 2.097, 1210368, 1210368], [0.002, 2.101, 1210368, 1210368], [0.002, 1.898, 1210368, 1210368], [0.002, 2.089, 1210368, 1210368], [0.002, 2.088, 1210368, 1210368], [0.002, 2.094, 1210368, 1210368], [0.002, 2.098, 1210368, 1210368], [0.002, 2.104, 1210368, 1210368], [0.002, 2.105, 1210368, 1210368]]
echo 'race4fun' | sudo -S sh -c 'journalctl --since "2026-04-21 12:55:18.037353" --until "2026-04-21 12:58:21.165463" -k -o short-iso '| grep -i -E 'throttle|throttled|thermal|cpufreq|under-voltage|voltage'
