ALL SYNC
2026-04-21 12:56:10.039208 Sync done -> model run start
2026-04-21 12:56:10.039205 Sync done -> model run start
2026-04-21 12:56:10.039205 Sync done -> model run start
2026-04-21 12:56:10.039205 Sync done -> model run start
1 0.034 [0.025609288131818175, 0.0026634230744093657, 0.0020073328632861376, 0.002046239096671343, 0.0018028020858764648]
3 0.034 [0.02560944389551878, 0.0025579030625522137, 0.0021058740094304085, 0.0020466549322009087, 0.0018029590137302876]
0 0.035 [0.025609079049900174, 0.0025575910694897175, 0.0025631629396229982, 0.0017480109818279743, 0.0021321759559214115]
2 0.043 [0.02560944389551878, 0.0050655449740588665, 0.005307158920913935, 0.003910760162398219, 0.0026768608950078487]
2026-04-21 12:56:24.285722 Sync done -> model run start
2026-04-21 12:56:24.291516 Sync done -> model run start
2026-04-21 12:56:24.302177 Sync done -> model run start
2026-04-21 12:56:24.313355 Sync done -> model run start
0 0.015 [0.006618140963837504, 0.0021047801710665226, 0.0018268132116645575, 0.001894364831969142, 0.0025908711832016706]
1 0.015 [0.006857462925836444, 0.0025318090338259935, 0.001963375136256218, 0.0019223850686103106, 0.0018025420140475035]
2 0.012 [0.006071529118344188, 0.0019043649081140757, 0.001297960989177227, 0.0009708278812468052, 0.0009800470434129238]
3 0.007 [0.00342852296307683, 0.000935358926653862, 0.0007551000453531742, 0.000738068949431181, 0.0007242660503834486]
2026-04-21 12:56:40.450704 Sync done -> model run start
2026-04-21 12:56:40.470900 Sync done -> model run start
2026-04-21 12:56:40.478777 Sync done -> model run start
2026-04-21 12:56:40.483315 Sync done -> model run start
0 0.015 [0.006637411890551448, 0.0021079580765217543, 0.0017393650487065315, 0.0018028020858764648, 0.001999154919758439]
2026-04-21 12:56:55.933098 Sync done -> model run start
2026-04-21 12:56:55.939494 Sync done -> model run start
2026-04-21 12:56:55.946687 Sync done -> model run start
2026-04-21 12:56:55.956493 Sync done -> model run start
0 0.014 [0.005877156043425202, 0.001976134954020381, 0.0019593120086938143, 0.0024084770120680332, 0.0015483770985156298]
1 0.014 [0.006899337051436305, 0.0017894180491566658, 0.0020468630827963352, 0.001809834036976099, 0.0016479080077260733]
2 0.012 [0.0058649161364883184, 0.0018036358524113894, 0.0014206699561327696, 0.0013571809977293015, 0.0014077010564506054]
3 0.008 [0.004240758018568158, 0.0010083268862217665, 0.000752599909901619, 0.0007715579122304916, 0.0007442140486091375]
2026-04-21 12:57:10.002773 Sync done -> model run start
2026-04-21 12:57:10.004852 Sync done -> model run start
2026-04-21 12:57:10.015801 Sync done -> model run start
2026-04-21 12:57:10.024522 Sync done -> model run start
1 0.014 [0.005831531016156077, 0.0023009239230304956, 0.0016276480164378881, 0.0017465529963374138, 0.001815875992178917]
0 0.014 [0.005552730057388544, 0.002217227127403021, 0.0021811858750879765, 0.0016590538434684277, 0.0017475420609116554]
2 0.01 [0.005711948033422232, 0.001218847930431366, 0.0009268699213862419, 0.001097911037504673, 0.0009552550036460161]
3 0.007 [0.0034671169705688953, 0.0012259830255061388, 0.0007720270659774542, 0.0007596309296786785, 0.0007634330540895462]
2026-04-21 12:57:25.785808 Sync done -> model run start
2026-04-21 12:57:25.793066 Sync done -> model run start
2026-04-21 12:57:25.803094 Sync done -> model run start
2026-04-21 12:57:25.810050 Sync done -> model run start
0 0.014 [0.006116216070950031, 0.001554679125547409, 0.0016582198441028595, 0.0018529591616243124, 0.0022374361287802458]
1 0.014 [0.006818192079663277, 0.0019812388345599174, 0.0018020737916231155, 0.0016946259420365095, 0.0014824399258941412]
2 0.01 [0.004944087006151676, 0.0015707199927419424, 0.0013418160378932953, 0.0009805148001760244, 0.0010963480453938246]
3 0.008 [0.0037013860419392586, 0.0010587959550321102, 0.0011346291285008192, 0.0008833280298858881, 0.0007676519453525543]
2026-04-21 12:57:42.260314 Sync done -> model run start
2026-04-21 12:57:42.268804 Sync done -> model run start
2026-04-21 12:57:42.280559 Sync done -> model run start
2026-04-21 12:57:42.288987 Sync done -> model run start
0 0.015 [0.006620120024308562, 0.0015856160316616297, 0.0018588958773761988, 0.0019531140569597483, 0.002316236961632967]
1 0.015 [0.0072665230836719275, 0.0023126439191401005, 0.001850042026489973, 0.0016087929252535105, 0.0015993139240890741]
2 0.011 [0.005699499975889921, 0.0017629070207476616, 0.0011967120226472616, 0.0012313472107052803, 0.0012184309307485819]
3 0.009 [0.0042906529270112514, 0.0013752009253948927, 0.0010268171317875385, 0.0010748899076133966, 0.0009636399336159229]
2026-04-21 12:57:55.951812 Sync done -> model run start
2026-04-21 12:57:55.970004 Sync done -> model run start
2026-04-21 12:57:55.977823 Sync done -> model run start
2026-04-21 12:57:55.994131 Sync done -> model run start
0 0.014 [0.006155539071187377, 0.001524417893961072, 0.0018003550358116627, 0.0019843121990561485, 0.0023711849935352802]
2 0.011 [0.005476428894326091, 0.0014816580805927515, 0.0013182740658521652, 0.00142905511893332, 0.001441814936697483]
3 0.01 [0.005144919967278838, 0.0015754599589854479, 0.0012528570368885994, 0.0011445251293480396, 0.001127233961597085]
1 0.008 [0.0041440390050411224, 0.00117218098603189, 0.0008805689867585897, 0.000813641119748354, 0.0007674428634345531]
2026-04-21 12:58:11.559608 Sync done -> model run start
2026-04-21 12:58:11.566358 Sync done -> model run start
2026-04-21 12:58:11.580547 Sync done -> model run start
2026-04-21 12:58:11.591319 Sync done -> model run start
0 0.014 [0.0068295979872345924, 0.0017482198309153318, 0.001825353829190135, 0.0018447819165885448, 0.0018503540195524693]
1 0.015 [0.006837930995970964, 0.0019473850261420012, 0.002492695115506649, 0.0021631650160998106, 0.001593428896740079]
2 0.012 [0.005915071116760373, 0.0015184290241450071, 0.0014931689947843552, 0.0012204619124531746, 0.0011748899705708027]
3 0.008 [0.004477058071643114, 0.0012229618150740862, 0.0007584851700812578, 0.0007585899438709021, 0.0007423390634357929]
2026-04-21 12:58:27.424756 Sync done -> model run start
2026-04-21 12:58:27.439469 Sync done -> model run start
2026-04-21 12:58:27.442321 Sync done -> model run start
2026-04-21 12:58:27.453984 Sync done -> model run start
1 0.014 [0.006926055997610092, 0.0017814491875469685, 0.0016111370641738176, 0.0016994171310216188, 0.0015313979238271713]
2 0.013 [0.005399657180532813, 0.0019223331473767757, 0.0018877501133829355, 0.0016615011263638735, 0.0013958781491965055]
3 0.009 [0.004956638906151056, 0.0010921808425337076, 0.001213013892993331, 0.0010289009660482407, 0.0009194221347570419]
2026-04-21 12:58:27.530641 Sync done -> model run start
net_times: [[51.53, 0.0, 605184, 0], [14.014, 0.0, 605184, 0], [15.938, 0.0, 605184, 0], [15.25, 0.0, 605184, 0], [13.853, 0.0, 605184, 0], [15.569, 0.0, 605184, 0], [16.257, 0.0, 605184, 0], [13.453, 0.0, 605184, 0], [15.366, 0.0, 605184, 0], [15.646, 0.0, 605184, 0]]
echo 'race4fun' | sudo -S sh -c 'journalctl --since "2026-04-21 12:55:18.034474" --until "2026-04-21 12:58:27.530641" -k -o short-iso '| grep -i -E 'throttle|throttled|thermal|cpufreq|under-voltage|voltage'
