ALL SYNC
2026-04-21 12:50:08.058113 Sync done -> model run start
2026-04-21 12:50:08.058113 Sync done -> model run start
2026-04-21 12:50:08.062413 Sync done -> model run start
2026-04-21 12:50:08.119322 Sync done -> model run start
3 24.119 [4.532914642943069, 4.752663936000317, 4.646943283965811, 6.043249939801171, 4.142750246915966]
2 24.253 [4.671274066902697, 4.782595183001831, 4.512136079138145, 6.0259591459762305, 4.2610289950389415]
1 24.294 [4.506556186825037, 4.819036866072565, 4.762603817041963, 5.8796552328858525, 4.325883338227868]
0 24.609 [4.599634550046176, 4.780422121984884, 4.761270439019427, 6.2467921420466155, 4.220922228181735]
2026-04-21 12:50:34.198116 Sync done -> model run start
2026-04-21 12:50:34.212818 Sync done -> model run start
2026-04-21 12:50:34.254793 Sync done -> model run start
2026-04-21 12:50:34.277305 Sync done -> model run start
3 23.347 [5.847387651912868, 4.157836335012689, 4.6374142481945455, 4.123180247144774, 4.580421975115314]
1 23.447 [5.949577215127647, 4.10964627796784, 4.537092540180311, 4.146564289927483, 4.703574602026492]
2 23.681 [6.019504239084199, 4.044945839093998, 4.556841132929549, 4.209385518915951, 4.850314654875547]
0 23.953 [6.263824975118041, 4.062332726083696, 4.988994828891009, 4.432931100949645, 4.204553083982319]
2026-04-21 12:50:59.683849 Sync done -> model run start
2026-04-21 12:50:59.708305 Sync done -> model run start
2026-04-21 12:50:59.722477 Sync done -> model run start
2026-04-21 12:50:59.722477 Sync done -> model run start
1 29.262 [6.295083518140018, 5.8522411121521145, 6.147788477130234, 6.2639000250492245, 4.702472232980654]
2 29.464 [6.257305905921385, 5.82696473505348, 6.148076028097421, 6.446922280127183, 4.7848841899540275]
3 30.577 [6.338604691904038, 6.314025320811197, 6.5243088661227375, 5.911191015969962, 5.48838903196156]
0 29.107 [6.336808399995789, 5.852472152095288, 6.144154590088874, 6.136818566825241, 4.636795761063695]
2026-04-21 12:51:31.776192 Sync done -> model run start
2026-04-21 12:51:31.801315 Sync done -> model run start
2026-04-21 12:51:31.839675 Sync done -> model run start
2026-04-21 12:51:31.865908 Sync done -> model run start
1 24.658 [4.500774228014052, 4.936593662016094, 4.9547756349202245, 5.68904487695545, 4.576229454018176]
0 24.803 [4.49222510587424, 5.004324288805947, 4.943043458042666, 5.736588163999841, 4.626092416001484]
3 25.079 [4.498624915955588, 4.870485107880086, 4.968106188811362, 6.0460734909866005, 4.695427566068247]
2 25.63 [4.645030540879816, 5.322674985975027, 4.791422964073718, 6.169097987934947, 4.701850133948028]
2026-04-21 12:51:58.967084 Sync done -> model run start
2026-04-21 12:51:58.984294 Sync done -> model run start
2026-04-21 12:51:59.014884 Sync done -> model run start
2026-04-21 12:51:59.030198 Sync done -> model run start
0 25.628 [5.349566238000989, 5.249913997016847, 6.305241509107873, 5.272980093024671, 3.4497456308454275]
3 25.612 [5.34342116699554, 5.243929601972923, 6.299482217989862, 5.28230405296199, 3.4422421818599105]
1 25.926 [5.33694870187901, 5.244535066885874, 6.303008605027571, 5.467188114998862, 3.573602519929409]
2 26.483 [5.527072631986812, 5.656349634053186, 6.613589700078592, 5.193342132028192, 3.4928082642145455]
2026-04-21 12:52:26.974090 Sync done -> model run start
2026-04-21 12:52:26.978702 Sync done -> model run start
2026-04-21 12:52:27.017272 Sync done -> model run start
2026-04-21 12:52:27.076177 Sync done -> model run start
0 23.836 [4.559360193088651, 3.5050310988444835, 5.114884382113814, 5.293412160826847, 5.363310626940802]
1 23.924 [4.610076900105923, 3.5486817499622703, 5.125129587017, 5.409027686109766, 5.231251075165346]
2 24.365 [4.6291161719709635, 3.545428641838953, 5.17050720914267, 5.474766342900693, 5.5446754321455956]
3 24.53 [4.754568103933707, 3.632040624972433, 5.212841511936858, 6.207512408960611, 4.722481930162758]
2026-04-21 12:52:53.117775 Sync done -> model run start
2026-04-21 12:52:53.118427 Sync done -> model run start
2026-04-21 12:52:53.158465 Sync done -> model run start
2026-04-21 12:52:53.159379 Sync done -> model run start
1 27.3 [6.2865131460130215, 5.635707773035392, 5.560496029211208, 5.482284976867959, 4.334497393807396]
3 27.613 [6.283176496857777, 5.667489060899243, 5.523033468984067, 5.48835473600775, 4.650232882006094]
2 27.676 [6.285832316149026, 5.634274551877752, 5.551016027107835, 5.66393196885474, 4.541065500117838]
0 28.274 [6.463257247814909, 6.188438551034778, 5.689980330178514, 5.425196897005662, 4.5069678709842265]
2026-04-21 12:53:22.906287 Sync done -> model run start
2026-04-21 12:53:22.926686 Sync done -> model run start
2026-04-21 12:53:22.926686 Sync done -> model run start
2026-04-21 12:53:22.997993 Sync done -> model run start
1 30.185 [6.376027423888445, 5.610996634932235, 6.467582417884842, 5.850419376976788, 5.879858057014644]
2 30.319 [6.3586705380585045, 5.575142556801438, 6.458134084008634, 6.22072321199812, 5.706297848140821]
0 30.352 [6.374961959896609, 5.569056599866599, 6.465909511083737, 6.242187471129, 5.699797467095777]
3 30.931 [6.597682218998671, 6.058642085175961, 6.520369267091155, 6.642630204092711, 5.11125288112089]
2026-04-21 12:53:55.422764 Sync done -> model run start
2026-04-21 12:53:55.469238 Sync done -> model run start
2026-04-21 12:53:55.511338 Sync done -> model run start
2026-04-21 12:53:55.596540 Sync done -> model run start
3 22.024 [4.171949189854786, 4.210274392040446, 3.4542069090530276, 4.045334906084463, 6.141778615070507]
2 22.587 [4.171212734887376, 4.342891436070204, 3.5913160641212016, 4.359176229918376, 6.122461478924379]
0 22.638 [4.180179302114993, 4.228909187950194, 3.4777470419649035, 4.006606001174077, 6.744521813932806]
1 23.549 [4.2767668010201305, 4.333806067937985, 3.5917831438127905, 4.5409083208069205, 6.805292264092714]
2026-04-21 12:54:20.682686 Sync done -> model run start
2026-04-21 12:54:20.703309 Sync done -> model run start
2026-04-21 12:54:20.725656 Sync done -> model run start
2026-04-21 12:54:20.842347 Sync done -> model run start
1 27.782 [5.7508509689942, 4.597114024916664, 6.287214759970084, 5.405904364073649, 5.740845141932368]
2 27.787 [5.741837684996426, 4.633760649943724, 6.26913178502582, 5.395316921873018, 5.746664069127291]
3 29.1 [6.206257201964036, 4.729907002067193, 6.379374000011012, 5.931434067199007, 5.852946042083204]
2026-04-21 12:54:50.059392 Sync done -> model run start
net_times: [[22.601, 0.0, 1210368, 0], [0.003, 0.0, 1210368, 0], [0.003, 0.0, 1210368, 0], [0.002, 0.0, 1210368, 0], [0.003, 0.0, 1210368, 0], [0.002, 0.0, 1210368, 0], [0.002, 0.0, 1210368, 0], [0.002, 0.0, 1210368, 0], [0.003, 0.0, 1210368, 0], [0.002, 0.0, 1210368, 0]]
echo 'race4fun' | sudo -S sh -c 'journalctl --since "2026-04-21 12:49:42.614365" --until "2026-04-21 12:54:50.059392" -k -o short-iso '| grep -i -E 'throttle|throttled|thermal|cpufreq|under-voltage|voltage'
