ALL SYNC
2026-04-21 12:49:44.507775 Sync done -> model run start
2026-04-21 12:49:44.507776 Sync done -> model run start
2026-04-21 12:49:44.507791 Sync done -> model run start
2026-04-21 12:49:44.545841 Sync done -> model run start
2 17.772 [3.6799630289897323, 3.65010762703605, 3.472497662063688, 3.4863638561218977, 3.4828138700686395]
3 17.812 [3.698632640996948, 3.665714127011597, 3.4724534428678453, 3.4858357328921556, 3.488702649017796]
1 17.853 [3.67996365390718, 3.698368423851207, 3.49502184195444, 3.485649119131267, 3.494241116102785]
0 18.467 [3.8397131180390716, 3.823429068084806, 3.6105785670224577, 3.645890612853691, 3.5475192880257964]
2026-04-21 12:50:06.595017 Sync done -> model run start
2026-04-21 12:50:06.596107 Sync done -> model run start
2026-04-21 12:50:06.610071 Sync done -> model run start
2026-04-21 12:50:06.640630 Sync done -> model run start
1 17.926 [3.6195308750029653, 3.611117576016113, 3.5678083749953657, 3.579214005963877, 3.5483159529976547]
0 17.927 [3.6207497250288725, 3.6111176798585802, 3.5676011361647397, 3.5801109820604324, 3.5471736658364534]
3 17.98 [3.6435526539571583, 3.6096939879935235, 3.5952073798980564, 3.5828020127955824, 3.548385639907792]
2 18.575 [3.7846152149140835, 3.749826290877536, 3.7111769150942564, 3.7465822419617325, 3.582079984014854]
2026-04-21 12:50:34.211103 Sync done -> model run start
2026-04-21 12:50:34.233201 Sync done -> model run start
2026-04-21 12:50:34.249487 Sync done -> model run start
2026-04-21 12:50:34.268553 Sync done -> model run start
1 17.78 [3.519659558078274, 3.56024132296443, 3.576260633999482, 3.552949685836211, 3.5708598748315126]
2 17.758 [3.5100308989640325, 3.5483479329850525, 3.5758464171085507, 3.553203329909593, 3.5706291990354657]
3 17.784 [3.5208427300676703, 3.5561395168770105, 3.580756345996633, 3.5482517359778285, 3.578194896923378]
0 18.389 [3.653896989999339, 3.704200122039765, 3.726510032778606, 3.670908692991361, 3.6334916551131755]
2026-04-21 12:50:59.763459 Sync done -> model run start
2026-04-21 12:50:59.764427 Sync done -> model run start
2026-04-21 12:50:59.795885 Sync done -> model run start
2026-04-21 12:50:59.818967 Sync done -> model run start
1 17.932 [3.619625773979351, 3.6135293398983777, 3.570066441083327, 3.564916775096208, 3.563782560871914]
2 17.933 [3.6207306650467217, 3.6135295489802957, 3.5700926389545202, 3.56487224297598, 3.5637911539524794]
3 17.944 [3.627471418818459, 3.6092995658982545, 3.576467613922432, 3.5610326242167503, 3.569849099032581]
0 18.544 [3.766405916074291, 3.7551373161841184, 3.713405502960086, 3.6781661650165915, 3.6309281771536916]
2026-04-21 12:51:31.834504 Sync done -> model run start
2026-04-21 12:51:31.834686 Sync done -> model run start
2026-04-21 12:51:31.866272 Sync done -> model run start
2026-04-21 12:51:31.894066 Sync done -> model run start
0 17.84 [3.612681115977466, 3.60624723485671, 3.5510734980925918, 3.546077840961516, 3.5240585021674633]
1 17.843 [3.6126804910600185, 3.606247287010774, 3.552719585131854, 3.5478173659648746, 3.5236477230209857]
3 17.875 [3.6409098049625754, 3.6098712829407305, 3.5556782190687954, 3.5440173279494047, 3.524124543881044]
2 18.457 [3.76866882503964, 3.74029393796809, 3.6941270399838686, 3.6828483869321644, 3.5706435239408165]
2026-04-21 12:51:59.023661 Sync done -> model run start
2026-04-21 12:51:59.023661 Sync done -> model run start
2026-04-21 12:51:59.048007 Sync done -> model run start
2026-04-21 12:51:59.126540 Sync done -> model run start
1 17.942 [3.621233790880069, 3.6093949330970645, 3.5600730990990996, 3.573682419024408, 3.5772357389796525]
0 17.942 [3.6210259271319956, 3.6099590968806297, 3.560099973110482, 3.573310285108164, 3.5771414160262793]
2 17.967 [3.634540405124426, 3.6074025449343026, 3.5615422590635717, 3.5754651210736483, 3.5875047598965466]
3 18.504 [3.765872118063271, 3.7269943580031395, 3.694890997139737, 3.7165026811417192, 3.599175859009847]
2026-04-21 12:52:27.050768 Sync done -> model run start
2026-04-21 12:52:27.052142 Sync done -> model run start
2026-04-21 12:52:27.070144 Sync done -> model run start
2026-04-21 12:52:27.128214 Sync done -> model run start
1 17.83 [3.616729174973443, 3.596505871042609, 3.526599118951708, 3.5272817730437964, 3.562234550016001]
0 17.831 [3.618334169033915, 3.600185804069042, 3.526073131011799, 3.5270246379077435, 3.5593662278261036]
3 17.88 [3.6413882428314537, 3.6122178910300136, 3.5350737730041146, 3.5244408468715847, 3.566295783035457]
2 18.44 [3.7832556958310306, 3.7389017071109265, 3.6592821821104735, 3.6684013118501753, 3.590107458876446]
2026-04-21 12:52:53.134066 Sync done -> model run start
2026-04-21 12:52:53.153082 Sync done -> model run start
2026-04-21 12:52:53.154595 Sync done -> model run start
2026-04-21 12:52:53.175883 Sync done -> model run start
0 17.867 [3.600778198102489, 3.6187850539572537, 3.5826825939584523, 3.5219302328769118, 3.5424620260018855]
2 17.883 [3.618806303013116, 3.6164677711203694, 3.5817584828473628, 3.5231953838374466, 3.5428959829732776]
3 17.887 [3.6170330292079598, 3.6166515201330185, 3.5866909630130976, 3.5220189311075956, 3.5439534259494394]
1 18.48 [3.7512465030886233, 3.7683019030373544, 3.6976665088441223, 3.6494109199848026, 3.612981015117839]
2026-04-21 12:53:22.968000 Sync done -> model run start
2026-04-21 12:53:22.969491 Sync done -> model run start
2026-04-21 12:53:22.997505 Sync done -> model run start
2026-04-21 12:53:23.045398 Sync done -> model run start
1 17.973 [3.616447668056935, 3.6161032419186085, 3.572704926133156, 3.5859012801665813, 3.5816920259967446]
0 17.975 [3.619876456912607, 3.6142563740722835, 3.5733873720746487, 3.5885296028573066, 3.578786568948999]
3 17.985 [3.6263734090607613, 3.6141490309964865, 3.5763170989230275, 3.5874722111038864, 3.5808456228114665]
2 18.575 [3.7505698909517378, 3.759927459061146, 3.724075362086296, 3.730443149805069, 3.6101515989284962]
2026-04-21 12:53:55.438238 Sync done -> model run start
2026-04-21 12:53:55.441414 Sync done -> model run start
2026-04-21 12:53:55.456132 Sync done -> model run start
2026-04-21 12:53:55.508798 Sync done -> model run start
1 17.866 [3.5877724720630795, 3.600452315993607, 3.554220939055085, 3.562483040848747, 3.5605387778487056]
2 17.977 [3.6163966797757894, 3.6188671900890768, 3.571880087023601, 3.5821353590581566, 3.5877258570399135]
3 18.535 [3.7363352100364864, 3.7469902720768005, 3.7154190968722105, 3.7157048240769655, 3.6202857790049165]
0 17.87 [3.590963708003983, 3.6019613209646195, 3.5546654160134494, 3.5608071621973068, 3.561224870150909]
2026-04-21 12:54:19.395549 Sync done -> model run start
net_times: [[0.0, 2.106, 0, 1210368], [0.0, 7.499, 0, 1210368], [0.0, 5.592, 0, 1210368], [0.0, 11.952, 0, 1210368], [0.0, 7.159, 0, 1210368], [0.0, 7.912, 0, 1210368], [0.0, 6.058, 0, 1210368], [0.0, 9.81, 0, 1210368], [0.0, 12.347, 0, 1210368], [0.0, 5.211, 0, 1210368]]
echo 'race4fun' | sudo -S sh -c 'journalctl --since "2026-04-21 12:49:41.607885" --until "2026-04-21 12:54:19.395549" -k -o short-iso '| grep -i -E 'throttle|throttled|thermal|cpufreq|under-voltage|voltage'
