ALL SYNC
2026-04-21 12:56:03.606094 Sync done -> model run start
2026-04-21 12:56:03.605986 Sync done -> model run start
2026-04-21 12:56:03.606680 Sync done -> model run start
2026-04-21 12:56:03.607136 Sync done -> model run start
0 4.726 [1.2378876539878547, 0.9090806890744716, 1.0774482481647283, 0.9242732429411262, 0.5771949850022793]
3 4.789 [1.2782158521004021, 0.9598128099460155, 1.145192967960611, 0.8296968948561698, 0.5754215528722852]
1 4.865 [1.231741218129173, 1.034998808056116, 1.22518296004273, 0.808825819985941, 0.5642769041005522]
2 4.706 [1.203400009777397, 0.9402979279402643, 1.073042846051976, 0.9144513490609825, 0.5747542108874768]
2026-04-21 12:56:18.297222 Sync done -> model run start
2026-04-21 12:56:18.311841 Sync done -> model run start
2026-04-21 12:56:18.337504 Sync done -> model run start
2026-04-21 12:56:18.348591 Sync done -> model run start
1 4.327 [0.5948736269492656, 0.5844966298900545, 1.0200573038309813, 1.1781212000641972, 0.9496243118774146]
3 4.425 [0.590417078929022, 0.5829839268699288, 1.0499861089047045, 1.169801593059674, 1.0315367979928851]
0 4.532 [0.5999365272000432, 0.5845596508588642, 1.0061218820046633, 1.3075880049727857, 1.0337032489478588]
2 4.657 [0.6314252750016749, 0.5936404541134834, 1.1509124899748713, 1.1405224718619138, 1.1406909099314362]
2026-04-21 12:56:33.796937 Sync done -> model run start
2026-04-21 12:56:33.807772 Sync done -> model run start
2026-04-21 12:56:33.825822 Sync done -> model run start
2026-04-21 12:56:33.844783 Sync done -> model run start
1 5.015 [1.0144166541285813, 0.8969722038600594, 0.9726793989539146, 1.168382806936279, 0.9626108920201659]
3 5.04 [1.0533957411535084, 0.8598877449985594, 0.9933894861023873, 1.137697336031124, 0.9953831769526005]
2 5.26 [1.0370977751445025, 1.0091528699267656, 1.11742625804618, 1.008554955944419, 1.0872583391610533]
0 5.297 [1.0805046090390533, 0.9163455760572106, 1.087908908026293, 1.10461708297953, 1.107113272882998]
2026-04-21 12:56:49.144000 Sync done -> model run start
2026-04-21 12:56:49.144000 Sync done -> model run start
2026-04-21 12:56:49.175639 Sync done -> model run start
2026-04-21 12:56:49.194370 Sync done -> model run start
1 5.15 [0.6193635030649602, 1.0780380119103938, 1.12351254792884, 1.212053555995226, 1.1166569988708943]
0 5.163 [0.6193635030649602, 1.0822459659539163, 1.129797840025276, 1.2180488999001682, 1.1128749288618565]
2 5.39 [0.6205606351140887, 1.108727650018409, 1.3638582557905465, 1.174673523986712, 1.1217957318294793]
3 5.482 [0.6177558000199497, 1.175996539182961, 1.2611420368775725, 1.2201971230097115, 1.2067939380649477]
2026-04-21 12:57:04.319588 Sync done -> model run start
2026-04-21 12:57:04.338734 Sync done -> model run start
2026-04-21 12:57:04.351079 Sync done -> model run start
2026-04-21 12:57:04.371343 Sync done -> model run start
2 4.109 [0.5949379119556397, 0.5836978980805725, 1.0954382761847228, 0.8077435060404241, 1.0273927219677716]
3 4.152 [0.5948339540045708, 0.5854281010106206, 1.1243688559625298, 0.7840725430287421, 1.0635046330280602]
0 4.13 [0.6031450720038265, 0.5852579448837787, 1.1008910699747503, 0.8149709820281714, 1.0258325189352036]
2026-04-21 12:57:19.698878 Sync done -> model run start
2026-04-21 12:57:19.714234 Sync done -> model run start
2026-04-21 12:57:19.731049 Sync done -> model run start
2026-04-21 12:57:19.752598 Sync done -> model run start
2 4.785 [0.6034589819610119, 1.0036444219294935, 1.304859307128936, 1.0215095719322562, 0.8509892541915178]
0 4.773 [0.6098065129481256, 0.9870259880553931, 1.2716723850462586, 0.9990678760223091, 0.904916106024757]
3 4.781 [0.6015758640132844, 1.03399577899836, 1.2700653069186956, 1.0418234111275524, 0.8329829070717096]
1 4.868 [0.6007811271119863, 1.07869375590235, 1.270463379099965, 1.1171390460804105, 0.8010092130862176]
2026-04-21 12:57:35.284672 Sync done -> model run start
2026-04-21 12:57:35.284672 Sync done -> model run start
2026-04-21 12:57:35.313188 Sync done -> model run start
2026-04-21 12:57:35.331830 Sync done -> model run start
1 5.48 [1.137830181978643, 1.0876873808447272, 0.9757499399129301, 1.201577107887715, 1.0773973639588803]
3 5.647 [1.3242590420413762, 0.9602953030262142, 1.084685463923961, 1.1306132809258997, 1.1469045819249004]
0 5.704 [1.145609791856259, 1.1146124470978975, 1.0420091999694705, 1.2129326949361712, 1.188233194872737]
2026-04-21 12:57:50.727204 Sync done -> model run start
2026-04-21 12:57:50.735962 Sync done -> model run start
2026-04-21 12:57:50.759152 Sync done -> model run start
2026-04-21 12:57:50.779580 Sync done -> model run start
1 3.823 [0.6043376340530813, 0.5914927290286869, 1.1015849981922656, 0.9499281570315361, 0.5754974179435521]
0 3.847 [0.6067106989212334, 0.592221163911745, 1.1274861108977348, 0.9426232860423625, 0.5777667849324644]
2 3.904 [0.6022197769489139, 0.5926031940616667, 1.2867450618650764, 0.8378668089862913, 0.5843500969931483]
3 3.958 [0.6392602790147066, 0.599609003867954, 1.3010075148195028, 0.809382788836956, 0.6081779869273305]
2026-04-21 12:58:06.076376 Sync done -> model run start
2026-04-21 12:58:06.091532 Sync done -> model run start
2026-04-21 12:58:06.099799 Sync done -> model run start
2026-04-21 12:58:06.117567 Sync done -> model run start
0 4.141 [0.6037696190178394, 0.6550618980545551, 0.5743985711596906, 1.1425647151190788, 1.1647970899939537]
3 4.128 [0.6010015031788498, 0.6434550611302257, 0.5751069020479918, 1.1711414959281683, 1.1370197860524058]
1 4.168 [0.6053535719402134, 0.6267054809723049, 0.5750962770543993, 1.1795192279387265, 1.181534588104114]
2 4.25 [0.6472318710293621, 0.646673645125702, 0.6182839469984174, 1.3067986520472914, 1.030693053966388]
2026-04-21 12:58:21.493707 Sync done -> model run start
2026-04-21 12:58:21.503811 Sync done -> model run start
2026-04-21 12:58:21.510148 Sync done -> model run start
2026-04-21 12:58:21.533866 Sync done -> model run start
1 4.434 [0.6171465071383864, 0.5924660151358694, 0.949714264832437, 1.2163886989001185, 1.0580811998806894]
3 4.416 [0.6179488480556756, 0.5905778449960053, 1.0004455039743334, 1.155630982015282, 1.0512779410928488]
2 4.524 [0.6125722511205822, 0.5938171041198075, 0.9621401610784233, 1.2744955900125206, 1.0800833150278777]
0 4.57 [0.6351938948500901, 0.6495822861324996, 1.1169107968453318, 1.0655457070097327, 1.1026288650464267]
2026-04-21 12:58:27.348498 Sync done -> model run start
net_times: [[44.692, 1.046, 1210368, 605184], [8.373, 1.071, 1210368, 605184], [9.255, 1.152, 1210368, 605184], [8.445, 1.062, 1210368, 605184], [8.141, 1.124, 1210368, 605184], [9.445, 1.045, 1210368, 605184], [9.232, 1.068, 1210368, 605184], [8.221, 1.042, 1210368, 605184], [9.888, 1.045, 1210368, 605184], [9.654, 1.163, 1210368, 605184]]
echo 'race4fun' | sudo -S sh -c 'journalctl --since "2026-04-21 12:55:18.043660" --until "2026-04-21 12:58:27.348498" -k -o short-iso '| grep -i -E 'throttle|throttled|thermal|cpufreq|under-voltage|voltage'
