ALL SYNC
2026-04-21 12:55:34.136590 Sync done -> model run start
2026-04-21 12:55:34.136595 Sync done -> model run start
2026-04-21 12:55:34.136635 Sync done -> model run start
2026-04-21 12:55:34.136590 Sync done -> model run start
2 10.535 [2.236076020170003, 2.124926779884845, 2.0580002849455923, 2.0579212121665478, 2.058147083967924]
3 10.581 [2.2534170269500464, 2.12065029097721, 2.0666868549305946, 2.0608805189840496, 2.079192236997187]
0 10.979 [2.3460277041886, 2.209205310093239, 2.162315275054425, 2.1415001079440117, 2.120123171946034]
1 10.613 [2.2606162088923156, 2.1235957969911397, 2.071186207002029, 2.065331902122125, 2.09242768981494]
2026-04-21 12:55:47.564798 Sync done -> model run start
2026-04-21 12:55:47.584798 Sync done -> model run start
2026-04-21 12:55:47.617594 Sync done -> model run start
2026-04-21 12:55:47.622798 Sync done -> model run start
0 10.441 [2.11048126895912, 2.1362171152140945, 2.074924343964085, 2.0684587929863483, 2.0509749138727784]
1 10.448 [2.0994106489233673, 2.134493739809841, 2.076444754144177, 2.0714191431179643, 2.066256657941267]
3 10.459 [2.1038338551297784, 2.137635129969567, 2.078258858062327, 2.0669401548802853, 2.072015273850411]
2 10.796 [2.1743238079361618, 2.2222957380581647, 2.1640709191560745, 2.1496193651109934, 2.0857791078742594]
2026-04-21 12:56:03.688334 Sync done -> model run start
2026-04-21 12:56:03.689713 Sync done -> model run start
2026-04-21 12:56:03.746886 Sync done -> model run start
2026-04-21 12:56:03.765213 Sync done -> model run start
0 10.539 [2.168074636021629, 2.10662645008415, 2.0749546750448644, 2.1268935629632324, 2.062348833074793]
1 10.472 [2.1542523629032075, 2.0921262120828032, 2.0688268418889493, 2.1072173099964857, 2.0492564011365175]
3 10.53 [2.1659015740733594, 2.104993437184021, 2.0764089901931584, 2.1191817799117416, 2.0630357570480555]
2 10.866 [2.253932890947908, 2.1461210888810456, 2.1620095369871706, 2.1950589909683913, 2.1087332270108163]
2026-04-21 12:56:18.927654 Sync done -> model run start
2026-04-21 12:56:18.945044 Sync done -> model run start
2026-04-21 12:56:18.965812 Sync done -> model run start
2026-04-21 12:56:18.986343 Sync done -> model run start
0 10.47 [2.108843349153176, 2.0945665368344635, 2.081926227081567, 2.064736775122583, 2.119247314054519]
1 10.489 [2.105620866175741, 2.0983601110056043, 2.0872945841401815, 2.0724962649401277, 2.1250234299805015]
2 10.883 [2.1885679881088436, 2.1805098401382565, 2.1933454400859773, 2.1997590919490904, 2.120624128030613]
3 10.505 [2.1029320769011974, 2.0975086570251733, 2.085769176017493, 2.0863114551175386, 2.1323335480410606]
2026-04-21 12:56:34.456577 Sync done -> model run start
2026-04-21 12:56:34.480080 Sync done -> model run start
2026-04-21 12:56:34.480076 Sync done -> model run start
2026-04-21 12:56:34.511025 Sync done -> model run start
2 10.451 [2.1398481600917876, 2.105096142971888, 2.0529398939106613, 2.088362616021186, 2.064103877870366]
3 10.454 [2.119539567967877, 2.106928007910028, 2.064728165976703, 2.097226006910205, 2.065493349917233]
0 10.846 [2.230922891991213, 2.194401352899149, 2.113048173021525, 2.17919047200121, 2.1282417699694633]
1 10.421 [2.125786984106526, 2.1043617201503366, 2.0531518729403615, 2.0912698400206864, 2.0465385019779205]
2026-04-21 12:56:49.783738 Sync done -> model run start
2026-04-21 12:56:49.806275 Sync done -> model run start
2026-04-21 12:56:49.829362 Sync done -> model run start
2026-04-21 12:56:49.832830 Sync done -> model run start
1 10.456 [2.118169863941148, 2.104796121129766, 2.086545580998063, 2.0528172079939395, 2.0934172440320253]
2 10.466 [2.1112986491061747, 2.102120561990887, 2.0919884701725096, 2.056514115072787, 2.103775210911408]
3 10.482 [2.115724198985845, 2.1109258278738707, 2.0896605129819363, 2.0568389049731195, 2.1085219038650393]
0 10.816 [2.168502826942131, 2.187990474049002, 2.175912713864818, 2.1487919609062374, 2.13439874490723]
2026-04-21 12:57:04.911067 Sync done -> model run start
2026-04-21 12:57:04.927378 Sync done -> model run start
2026-04-21 12:57:04.966448 Sync done -> model run start
2026-04-21 12:57:04.993884 Sync done -> model run start
0 10.375 [2.135434594936669, 2.086373385041952, 2.052479075966403, 2.0497465289663523, 2.051021201070398]
1 10.413 [2.1377250510267913, 2.0922748129814863, 2.062587147112936, 2.0564107128884643, 2.0637685291003436]
2 10.421 [2.1360109981615096, 2.094877505907789, 2.063970160903409, 2.056541024008766, 2.069175479002297]
3 10.742 [2.2051724020857364, 2.1834391199517995, 2.108075081836432, 2.1235988968983293, 2.121214837068692]
2026-04-21 12:57:20.329221 Sync done -> model run start
2026-04-21 12:57:20.329225 Sync done -> model run start
2026-04-21 12:57:20.360869 Sync done -> model run start
2026-04-21 12:57:20.427555 Sync done -> model run start
0 10.632 [2.15764508000575, 2.164034722838551, 2.136096842121333, 2.0933089868631214, 2.080784772988409]
3 10.818 [2.259153028950095, 2.2546891879756004, 2.1529981039930135, 2.075679131085053, 2.075057771988213]
2 10.891 [2.173627598909661, 2.183049309067428, 2.192400915082544, 2.1794774329755455, 2.1621244421694428]
2026-04-21 12:57:35.898099 Sync done -> model run start
2026-04-21 12:57:35.899558 Sync done -> model run start
2026-04-21 12:57:35.924052 Sync done -> model run start
2026-04-21 12:57:35.992866 Sync done -> model run start
0 10.552 [2.1339820090215653, 2.1074801099020988, 2.0998450899496675, 2.1007578880526125, 2.1096977789420635]
1 10.55 [2.1372257419861853, 2.113498724065721, 2.0978147368878126, 2.093744853977114, 2.107524093007669]
2 10.573 [2.134572214912623, 2.1209605070762336, 2.0982270250096917, 2.0989397729281336, 2.1203465240541846]
3 10.902 [2.1682832308579236, 2.207450043177232, 2.194914422929287, 2.18370067095384, 2.1475435639731586]
2026-04-21 12:57:51.344303 Sync done -> model run start
2026-04-21 12:57:51.368467 Sync done -> model run start
2026-04-21 12:57:51.394714 Sync done -> model run start
2026-04-21 12:57:51.418085 Sync done -> model run start
1 10.541 [2.1259515669662505, 2.121173718944192, 2.079603726044297, 2.1209867750294507, 2.092575460905209]
3 10.867 [2.1968808721285313, 2.203297546133399, 2.165667061926797, 2.1841660670470446, 2.1168195991776884]
0 10.51 [2.120102589018643, 2.1112431469373405, 2.079066645819694, 2.132271141046658, 2.0671842959709466]
2026-04-21 12:58:05.854331 Sync done -> model run start
net_times: [[14.224, 1.046, 1210368, 1210368], [0.454, 4.283, 1210368, 1210368], [0.002, 3.285, 1210368, 1210368], [0.003, 3.556, 1210368, 1210368], [0.002, 3.433, 1210368, 1210368], [0.002, 3.308, 1210368, 1210368], [0.002, 3.598, 1210368, 1210368], [0.003, 3.622, 1210368, 1210368], [0.003, 3.473, 1210368, 1210368], [0.002, 3.428, 1210368, 1210368]]
echo 'race4fun' | sudo -S sh -c 'journalctl --since "2026-04-21 12:55:18.038162" --until "2026-04-21 12:58:05.854331" -k -o short-iso '| grep -i -E 'throttle|throttled|thermal|cpufreq|under-voltage|voltage'
