ALL SYNC
2026-04-21 13:30:35.901877 Sync done -> model run start
2026-04-21 13:30:35.901877 Sync done -> model run start
2026-04-21 13:30:35.901881 Sync done -> model run start
2026-04-21 13:30:35.901877 Sync done -> model run start
2 1.667 [0.3588817638810724, 0.32862881012260914, 0.32849000906571746, 0.32747199200093746, 0.32371544395573437]
0 1.667 [0.35888171195983887, 0.32862865389324725, 0.3288679749239236, 0.3271033470518887, 0.32373721501789987]
3 1.726 [0.38829206489026546, 0.32671017199754715, 0.3271209509111941, 0.3669686601497233, 0.31643812893889844]
2026-04-21 13:30:40.569352 Sync done -> model run start
2026-04-21 13:30:40.569262 Sync done -> model run start
2026-04-21 13:30:40.576424 Sync done -> model run start
2026-04-21 13:30:40.580523 Sync done -> model run start
0 1.601 [0.3260059568565339, 0.31949020200408995, 0.318607185035944, 0.31873166305013, 0.31794072897173464]
2 1.598 [0.32379674701951444, 0.3192408790346235, 0.31817312305793166, 0.318725778022781, 0.31781343813054264]
3 1.6 [0.3241721100639552, 0.31970093003474176, 0.3183365080039948, 0.31838557007722557, 0.3194019210059196]
1 1.683 [0.3700473459903151, 0.3191365050151944, 0.31868228781968355, 0.3181404680944979, 0.3563433908857405]
2026-04-21 13:30:46.530716 Sync done -> model run start
2026-04-21 13:30:46.532561 Sync done -> model run start
2026-04-21 13:30:46.537929 Sync done -> model run start
2026-04-21 13:30:46.544787 Sync done -> model run start
0 1.595 [0.3234830000437796, 0.3177628149278462, 0.31837536417879164, 0.3173264099750668, 0.31784312706440687]
2 1.595 [0.3233246160671115, 0.3178378138691187, 0.3173334929160774, 0.31802573101595044, 0.31816026102751493]
1 1.679 [0.33237405912950635, 0.35366033017635345, 0.3181347930803895, 0.3182854689657688, 0.3562757889740169]
3 1.595 [0.32413831003941596, 0.317337139043957, 0.31741437898017466, 0.31746745109558105, 0.3185181759763509]
2026-04-21 13:30:52.543597 Sync done -> model run start
2026-04-21 13:30:52.546171 Sync done -> model run start
2026-04-21 13:30:52.548149 Sync done -> model run start
2026-04-21 13:30:52.554187 Sync done -> model run start
0 1.593 [0.32260206807404757, 0.3184769279323518, 0.31729057896882296, 0.3173453181516379, 0.3174044319894165]
1 1.595 [0.3237215429544449, 0.3184897410683334, 0.317757765064016, 0.3175774528644979, 0.3174212030135095]
2 1.597 [0.32381763588637114, 0.3191493209451437, 0.3180180760100484, 0.3177443789318204, 0.3178979209624231]
2026-04-21 13:30:58.636850 Sync done -> model run start
2026-04-21 13:30:58.642260 Sync done -> model run start
2026-04-21 13:30:58.649609 Sync done -> model run start
2026-04-21 13:30:58.655602 Sync done -> model run start
0 1.606 [0.3245337810367346, 0.32010786118917167, 0.3226159771438688, 0.3202144750393927, 0.31787411984987557]
1 1.607 [0.3237547220196575, 0.3197780179325491, 0.3186259400099516, 0.3260926289949566, 0.3183791700284928]
2 1.608 [0.3256284131202847, 0.3212768668308854, 0.3196638519875705, 0.31937161390669644, 0.32149124098941684]
3 1.677 [0.3284344431012869, 0.3613380128517747, 0.3191680731251836, 0.3213930130004883, 0.34652057010680437]
2026-04-21 13:31:00.591929 Sync done -> model run start
net_times: [[10.666, 0.178, 401408, 100352], [2.385, 0.156, 401408, 100352], [3.752, 0.175, 401408, 100352], [3.781, 0.178, 401408, 100352], [3.885, 0.177, 401408, 100352]]
echo 'race4fun' | sudo -S sh -c 'journalctl --since "2026-04-21 13:30:24.345198" --until "2026-04-21 13:31:00.591929" -k -o short-iso '| grep -i -E 'throttle|throttled|thermal|cpufreq|under-voltage|voltage'
