ALL SYNC
2026-04-21 13:30:30.154766 Sync done -> model run start
2026-04-21 13:30:30.154766 Sync done -> model run start
2026-04-21 13:30:30.155019 Sync done -> model run start
2026-04-21 13:30:30.154766 Sync done -> model run start
0 0.133 [0.04020395898260176, 0.027828136924654245, 0.02268186188302934, 0.021156453993171453, 0.020920672919601202]
1 0.133 [0.04023223998956382, 0.027799492003396153, 0.02270399685949087, 0.021156660979613662, 0.020835881819948554]
3 0.133 [0.04023203207179904, 0.027799542993307114, 0.02284514205530286, 0.021025412948802114, 0.020836350973695517]
2 0.138 [0.04307040199637413, 0.03168754489161074, 0.023100556805729866, 0.022171761142089963, 0.018164385110139847]
2026-04-21 13:30:35.911161 Sync done -> model run start
2026-04-21 13:30:35.967819 Sync done -> model run start
2026-04-21 13:30:36.040562 Sync done -> model run start
2026-04-21 13:30:36.140314 Sync done -> model run start
0 0.084 [0.022154989885166287, 0.01775287720374763, 0.011800928972661495, 0.01404924993403256, 0.01755261793732643]
1 0.11 [0.029965105932205915, 0.02679767389781773, 0.014413257827982306, 0.022841549012809992, 0.01529861893504858]
2 0.089 [0.023827844997867942, 0.02221931191161275, 0.01411148882471025, 0.017755585024133325, 0.01070234109647572]
3 0.053 [0.017348399851471186, 0.014099771156907082, 0.007021631114184856, 0.007069807033985853, 0.007051578024402261]
2026-04-21 13:30:41.867987 Sync done -> model run start
2026-04-21 13:30:41.930182 Sync done -> model run start
2026-04-21 13:30:42.008990 Sync done -> model run start
2026-04-21 13:30:42.065296 Sync done -> model run start
0 0.086 [0.024320394964888692, 0.017106317915022373, 0.01349732605740428, 0.01317008794285357, 0.017267826944589615]
1 0.096 [0.03379425220191479, 0.019004588946700096, 0.014617320150136948, 0.013152848929166794, 0.014576331013813615]
2 0.077 [0.03273660084232688, 0.016643872018903494, 0.00878891278989613, 0.009924688143655658, 0.008999536046758294]
3 0.057 [0.019320420920848846, 0.013528472045436502, 0.009643439901992679, 0.0076570960227400064, 0.0069958490785211325]
2026-04-21 13:30:47.922398 Sync done -> model run start
2026-04-21 13:30:47.978092 Sync done -> model run start
2026-04-21 13:30:48.058135 Sync done -> model run start
2026-04-21 13:30:48.119786 Sync done -> model run start
1 0.099 [0.027161057107150555, 0.024309874046593904, 0.021582128014415503, 0.012761861085891724, 0.01252805907279253]
0 0.081 [0.02149067004211247, 0.017378502991050482, 0.011723794043064117, 0.013693887973204255, 0.016651839949190617]
2 0.072 [0.020524372812360525, 0.023281180998310447, 0.009524638066068292, 0.007744647795334458, 0.010568330995738506]
3 0.051 [0.014856172958388925, 0.015057995216920972, 0.007435585837811232, 0.006891838973388076, 0.006892672972753644]
2026-04-21 13:30:53.951578 Sync done -> model run start
2026-04-21 13:30:54.005839 Sync done -> model run start
2026-04-21 13:30:54.084269 Sync done -> model run start
2026-04-21 13:30:54.163776 Sync done -> model run start
0 0.087 [0.024693412939086556, 0.017582355998456478, 0.013858678052201867, 0.014758516801521182, 0.015493513084948063]
1 0.104 [0.035074557876214385, 0.023733939044177532, 0.0168331409804523, 0.013487428892403841, 0.014250342966988683]
2 0.078 [0.02867667400278151, 0.01945192995481193, 0.013038056902587414, 0.009176722960546613, 0.007726938929408789]
3 0.054 [0.020946296863257885, 0.010874786879867315, 0.007923655910417438, 0.007095223991200328, 0.00725308689288795]
2026-04-21 13:30:55.741544 Sync done -> model run start
net_times: [[5.346, 1.505, 3211264, 802816], [3.865, 1.371, 3211264, 802816], [4.104, 1.404, 3211264, 802816], [4.178, 1.408, 3211264, 802816], [4.175, 1.41, 3211264, 802816]]
echo 'race4fun' | sudo -S sh -c 'journalctl --since "2026-04-21 13:30:24.345080" --until "2026-04-21 13:30:55.741544" -k -o short-iso '| grep -i -E 'throttle|throttled|thermal|cpufreq|under-voltage|voltage'
