ALL SYNC
2026-04-21 13:29:37.777924 Sync done -> model run start
2026-04-21 13:29:37.777914 Sync done -> model run start
2026-04-21 13:29:37.777983 Sync done -> model run start
2026-04-21 13:29:37.777909 Sync done -> model run start
2 1.715 [0.4064669790677726, 0.34422898292541504, 0.3252968220040202, 0.31891457503661513, 0.3200399421621114]
3 1.709 [0.4064514581114054, 0.34244205290451646, 0.3241828631144017, 0.31979223317466676, 0.3156523830257356]
1 1.743 [0.4089085969608277, 0.35075222002342343, 0.3301307880319655, 0.3249770828988403, 0.3284205768723041]
0 1.817 [0.44341718195937574, 0.34953690599650145, 0.3268318760674447, 0.3959111850708723, 0.3014327301643789]
2026-04-21 13:29:41.174543 Sync done -> model run start
2026-04-21 13:29:41.177633 Sync done -> model run start
2026-04-21 13:29:41.181855 Sync done -> model run start
2026-04-21 13:29:41.198331 Sync done -> model run start
2 1.658 [0.3472016949672252, 0.34321132488548756, 0.32641437696292996, 0.3258822930511087, 0.3150325908791274]
0 1.671 [0.3514880030415952, 0.3437335139606148, 0.3280541191343218, 0.32704208604991436, 0.3203455740585923]
3 1.684 [0.361461193067953, 0.3441071070265025, 0.32919464097358286, 0.3259553140960634, 0.32356628705747426]
1 1.768 [0.39171753311529756, 0.35224128514528275, 0.32737323292531073, 0.32745422306470573, 0.3690523898694664]
2026-04-21 13:29:45.303471 Sync done -> model run start
2026-04-21 13:29:45.310603 Sync done -> model run start
2026-04-21 13:29:45.324474 Sync done -> model run start
2026-04-21 13:29:45.332409 Sync done -> model run start
0 1.584 [0.33317201188765466, 0.32869992102496326, 0.3055010889656842, 0.3076115711592138, 0.3085548609960824]
1 1.59 [0.3354830539319664, 0.328361394116655, 0.30619767401367426, 0.3091894160024822, 0.31064200797118247]
3 1.603 [0.3404862671159208, 0.32868263009004295, 0.3074215790256858, 0.30888828402385116, 0.31748972088098526]
2 1.642 [0.33592730504460633, 0.32743273791857064, 0.3067282240372151, 0.3726439671590924, 0.29899331112392247]
2026-04-21 13:29:48.814692 Sync done -> model run start
2026-04-21 13:29:48.821657 Sync done -> model run start
2026-04-21 13:29:48.831474 Sync done -> model run start
2026-04-21 13:29:48.863587 Sync done -> model run start
0 1.604 [0.3365827340167016, 0.3368320600129664, 0.31023491406813264, 0.3091896560508758, 0.31144790491089225]
1 1.607 [0.34373231092467904, 0.3304900520015508, 0.3113734561484307, 0.31030189897865057, 0.3104043579660356]
2 1.637 [0.35100339306518435, 0.33849823591299355, 0.3154415558092296, 0.3110853028483689, 0.32111310004256666]
3 1.683 [0.3660272059496492, 0.3472856560256332, 0.3136032000184059, 0.3688858069945127, 0.28697399399243295]
2026-04-21 13:29:52.248381 Sync done -> model run start
2026-04-21 13:29:52.260634 Sync done -> model run start
2026-04-21 13:29:52.263613 Sync done -> model run start
2026-04-21 13:29:52.278845 Sync done -> model run start
0 1.605 [0.33267232589423656, 0.3359420760534704, 0.3154527428559959, 0.3131631121505052, 0.30767627083696425]
3 1.629 [0.34001694805920124, 0.33742919797077775, 0.3203925280831754, 0.31705632503144443, 0.3143051960505545]
1 1.71 [0.39208948193117976, 0.3457639319822192, 0.3149412099737674, 0.3242763699963689, 0.3330066080670804]
2026-04-21 13:29:55.612541 Sync done -> model run start
net_times: [[0.0, 1.392, 0, 802816], [0.0, 2.185, 0, 802816], [0.0, 1.655, 0, 802816], [0.0, 1.537, 0, 802816], [0.0, 1.553, 0, 802816]]
echo 'race4fun' | sudo -S sh -c 'journalctl --since "2026-04-21 13:29:37.345905" --until "2026-04-21 13:29:55.612541" -k -o short-iso '| grep -i -E 'throttle|throttled|thermal|cpufreq|under-voltage|voltage'
