ALL SYNC
2026-04-21 13:29:42.021068 Sync done -> model run start
2026-04-21 13:29:42.021093 Sync done -> model run start
2026-04-21 13:29:42.021056 Sync done -> model run start
2026-04-21 13:29:42.036210 Sync done -> model run start
1 2.877 [0.5432196129113436, 0.5237946941051632, 0.6435184739530087, 0.6633666208945215, 0.5024431608617306]
3 3.061 [0.5595907350070775, 0.5121693471446633, 0.7309444900602102, 0.7757907770574093, 0.48252543108537793]
0 2.995 [0.5588310491293669, 0.531024944037199, 0.7348038600757718, 0.6895241858437657, 0.4809517350513488]
2 2.895 [0.5599482350517064, 0.5170123078860343, 0.5730303500313312, 0.6680846870876849, 0.5763390939682722]
2026-04-21 13:29:45.473061 Sync done -> model run start
2026-04-21 13:29:45.487980 Sync done -> model run start
2026-04-21 13:29:45.494803 Sync done -> model run start
2026-04-21 13:29:45.515501 Sync done -> model run start
2 2.517 [0.4999016020447016, 0.4900985420681536, 0.48785802512429655, 0.5166430848184973, 0.5219496400095522]
1 2.515 [0.4982452499680221, 0.48920812690630555, 0.4867282349150628, 0.5175305840093642, 0.5234118250664324]
0 2.641 [0.5503632461186498, 0.4891215639654547, 0.5350868089590222, 0.5248051569797099, 0.5416932040825486]
3 2.707 [0.49936639377847314, 0.4884167220443487, 0.4873510990291834, 0.6443750301841646, 0.5872067818418145]
2026-04-21 13:29:48.968918 Sync done -> model run start
2026-04-21 13:29:48.973440 Sync done -> model run start
2026-04-21 13:29:48.983536 Sync done -> model run start
2026-04-21 13:29:49.004741 Sync done -> model run start
0 2.518 [0.5006791490595788, 0.4888443218078464, 0.4884554680902511, 0.5145799079909921, 0.5251892148517072]
1 2.528 [0.5023127400781959, 0.491353380959481, 0.48929541488178074, 0.5157045419327915, 0.5295899361371994]
3 2.534 [0.49810925708152354, 0.49053588206879795, 0.4887866659555584, 0.5350885228253901, 0.5217269798740745]
2 2.757 [0.5476069950964302, 0.490665361052379, 0.5353121170774102, 0.607458310900256, 0.5757826799526811]
2026-04-21 13:29:52.419589 Sync done -> model run start
2026-04-21 13:29:52.437001 Sync done -> model run start
2026-04-21 13:29:52.441227 Sync done -> model run start
2026-04-21 13:29:52.459357 Sync done -> model run start
1 2.598 [0.5416813238989562, 0.4873998418916017, 0.4870742689818144, 0.5618312389124185, 0.5199061459861696]
3 2.518 [0.49637259007431567, 0.48935332801193, 0.48805546504445374, 0.5171553690452129, 0.5264711370691657]
2 2.67 [0.49871763796545565, 0.48888426600024104, 0.48746734112501144, 0.6020958139561117, 0.592628015903756]
0 2.512 [0.5013424779754132, 0.48942166194319725, 0.4883237979374826, 0.5149199548177421, 0.517707138787955]
2026-04-21 13:29:55.873054 Sync done -> model run start
2026-04-21 13:29:55.886494 Sync done -> model run start
2026-04-21 13:29:55.893095 Sync done -> model run start
2026-04-21 13:29:55.908201 Sync done -> model run start
1 2.503 [0.5084927240386605, 0.5028948159888387, 0.5007811719551682, 0.4976338848937303, 0.49282363103702664]
3 2.47 [0.5002006010618061, 0.494276026962325, 0.4924673300702125, 0.4913976970128715, 0.49187457002699375]
0 2.485 [0.503937782952562, 0.49539847299456596, 0.4955788878723979, 0.4941479009576142, 0.4955707620829344]
2026-04-21 13:29:58.522872 Sync done -> model run start
net_times: [[2.688, 0.0, 802816, 0], [0.002, 0.0, 802816, 0], [0.348, 0.0, 802816, 0], [0.29, 0.0, 802816, 0], [0.368, 0.0, 802816, 0]]
echo 'race4fun' | sudo -S sh -c 'journalctl --since "2026-04-21 13:29:38.347535" --until "2026-04-21 13:29:58.522872" -k -o short-iso '| grep -i -E 'throttle|throttled|thermal|cpufreq|under-voltage|voltage'
