ALL SYNC
2026-04-21 13:30:32.369778 Sync done -> model run start
2026-04-21 13:30:32.369778 Sync done -> model run start
2026-04-21 13:30:32.369778 Sync done -> model run start
2026-04-21 13:30:32.369778 Sync done -> model run start
3 2.119 [0.49641786492429674, 0.4193012670148164, 0.4073479000944644, 0.39840536192059517, 0.39715239498764277]
0 2.128 [0.4964175010100007, 0.42080277507193387, 0.4113395088352263, 0.40062837884761393, 0.39867796492762864]
1 2.147 [0.502937750890851, 0.42618943308480084, 0.412618569098413, 0.403013062896207, 0.4019137411378324]
2 2.205 [0.4965876559726894, 0.4661533290054649, 0.40620941296219826, 0.3975841661449522, 0.4381087371148169]
2026-04-21 13:30:37.751176 Sync done -> model run start
2026-04-21 13:30:37.758399 Sync done -> model run start
2026-04-21 13:30:37.771221 Sync done -> model run start
2026-04-21 13:30:37.780915 Sync done -> model run start
0 2.002 [0.41394033492542803, 0.3982889000326395, 0.39308114908635616, 0.39517437387257814, 0.4009084268473089]
2 2.003 [0.4133210650179535, 0.3973281728103757, 0.3945538029074669, 0.39666004898026586, 0.40075696911662817]
1 2.005 [0.41587762301787734, 0.39828405692242086, 0.3936998450662941, 0.39595744479447603, 0.4004392088390887]
3 2.088 [0.4638940568547696, 0.39743916201405227, 0.4034975899849087, 0.4380103989969939, 0.38526803511194885]
2026-04-21 13:30:43.714892 Sync done -> model run start
2026-04-21 13:30:43.723765 Sync done -> model run start
2026-04-21 13:30:43.734731 Sync done -> model run start
2026-04-21 13:30:43.746293 Sync done -> model run start
0 1.989 [0.4074336211197078, 0.3988186870701611, 0.3939771850127727, 0.3902545338496566, 0.39816686511039734]
1 1.991 [0.4078895589336753, 0.39854259393177927, 0.3945849440060556, 0.3915168750099838, 0.3985535299871117]
2 1.993 [0.40829497505910695, 0.39699895097874105, 0.3947955691255629, 0.3922457811422646, 0.4003077468369156]
3 2.077 [0.45704536605626345, 0.39721389790065587, 0.39499739091843367, 0.442793927853927, 0.3846910009160638]
2026-04-21 13:30:49.764907 Sync done -> model run start
2026-04-21 13:30:49.773659 Sync done -> model run start
2026-04-21 13:30:49.784342 Sync done -> model run start
2026-04-21 13:30:49.794228 Sync done -> model run start
2 1.977 [0.40929496800526977, 0.3929810880217701, 0.3905864041298628, 0.3904168209992349, 0.39372941898182034]
1 1.976 [0.41001226007938385, 0.39286890090443194, 0.390648070955649, 0.3906208830885589, 0.3918929120991379]
3 1.982 [0.41252439096570015, 0.39310837909579277, 0.39053156110458076, 0.3906059870496392, 0.39554399996995926]
0 2.065 [0.45846733800135553, 0.39132515294477344, 0.3902575511019677, 0.4377080991398543, 0.38737984700128436]
2026-04-21 13:30:55.819556 Sync done -> model run start
2026-04-21 13:30:55.830620 Sync done -> model run start
2026-04-21 13:30:55.840129 Sync done -> model run start
2026-04-21 13:30:55.849958 Sync done -> model run start
0 2.003 [0.41162266908213496, 0.3986430538352579, 0.3957422769162804, 0.3959854010026902, 0.4008138319477439]
1 2.0 [0.41122220107354224, 0.3986585228703916, 0.3948317060712725, 0.3989778452087194, 0.3963159220293164]
2 2.023 [0.4222428079228848, 0.40619658399373293, 0.40219742408953607, 0.39440259197726846, 0.39794164802879095]
3 2.085 [0.46081097493879497, 0.3959414961282164, 0.3961578500457108, 0.44718474615365267, 0.3844693268183619]
2026-04-21 13:30:58.383817 Sync done -> model run start
net_times: [[7.549, 0.384, 802816, 401408], [2.563, 0.352, 802816, 401408], [3.271, 0.377, 802816, 401408], [3.348, 0.371, 802816, 401408], [3.407, 0.372, 802816, 401408]]
echo 'race4fun' | sudo -S sh -c 'journalctl --since "2026-04-21 13:30:24.345100" --until "2026-04-21 13:30:58.383817" -k -o short-iso '| grep -i -E 'throttle|throttled|thermal|cpufreq|under-voltage|voltage'
