ALL SYNC
2026-04-21 13:30:38.304272 Sync done -> model run start
2026-04-21 13:30:38.304272 Sync done -> model run start
2026-04-21 13:30:38.304272 Sync done -> model run start
2026-04-21 13:30:38.304272 Sync done -> model run start
3 0.042 [0.034905325155705214, 0.0019598850049078465, 0.0018144689965993166, 0.0017082719132304192, 0.001781499944627285]
0 0.042 [0.03490417916327715, 0.0019595730118453503, 0.0018147819209843874, 0.001708115916699171, 0.0017813961021602154]
2 0.042 [0.03490537707693875, 0.0019601460080593824, 0.0018145209178328514, 0.0017080120742321014, 0.0017810838762670755]
1 0.042 [0.03490574099123478, 0.0019603539258241653, 0.0018209279514849186, 0.0017062409315258265, 0.0017860839143395424]
2026-04-21 13:30:42.517933 Sync done -> model run start
2026-04-21 13:30:42.517933 Sync done -> model run start
2026-04-21 13:30:42.524196 Sync done -> model run start
2026-04-21 13:30:42.533846 Sync done -> model run start
0 0.012 [0.0056297078263014555, 0.001585356192663312, 0.001551085151731968, 0.0017191048245877028, 0.0017100421246141195]
1 0.012 [0.005630384897813201, 0.001576762180775404, 0.0015509289223700762, 0.0017190531361848116, 0.001710250973701477]
2 0.012 [0.006531526101753116, 0.0018073860555887222, 0.0015535850543528795, 0.001183690968900919, 0.0009560370817780495]
3 0.007 [0.003919249167665839, 0.001094836974516511, 0.0007504120003432035, 0.000667705200612545, 0.000745047815144062]
2026-04-21 13:30:48.518990 Sync done -> model run start
2026-04-21 13:30:48.518990 Sync done -> model run start
2026-04-21 13:30:48.522120 Sync done -> model run start
2026-04-21 13:30:48.525121 Sync done -> model run start
0 0.015 [0.00653860904276371, 0.0020908210426568985, 0.0020081140100955963, 0.0019823331385850906, 0.0019921772181987762]
1 0.015 [0.006539077963680029, 0.0020910301245748997, 0.002007905161008239, 0.0019827492069453, 0.0019920719787478447]
2 0.015 [0.007469906006008387, 0.001982383895665407, 0.0019553538877516985, 0.0016010329127311707, 0.001885614125058055]
3 0.015 [0.007909019012004137, 0.0020956650841981173, 0.0019047809764742851, 0.0016511878930032253, 0.0014891589526087046]
2026-04-21 13:30:54.515190 Sync done -> model run start
2026-04-21 13:30:54.515216 Sync done -> model run start
2026-04-21 13:30:54.522316 Sync done -> model run start
2026-04-21 13:30:54.525096 Sync done -> model run start
1 0.015 [0.006473765941336751, 0.002061499049887061, 0.001992383971810341, 0.0018745209090411663, 0.0019171768799424171]
0 0.015 [0.006474389927461743, 0.0020612389780580997, 0.001993373967707157, 0.0018738440703600645, 0.0019168120343238115]
2 0.014 [0.0077364149037748575, 0.0017762400675565004, 0.0016307719051837921, 0.0012109309900552034, 0.0008723379578441381]
3 0.012 [0.006876471918076277, 0.001675562933087349, 0.0010873370338231325, 0.0008296309970319271, 0.001075566979125142]
2026-04-21 13:31:00.642828 Sync done -> model run start
2026-04-21 13:31:00.645610 Sync done -> model run start
2026-04-21 13:31:00.645610 Sync done -> model run start
2026-04-21 13:31:00.648921 Sync done -> model run start
0 0.013 [0.00611116411164403, 0.0016113449819386005, 0.001892592990770936, 0.0017270739190280437, 0.0015959290321916342]
1 0.012 [0.0054548648186028, 0.0017457189969718456, 0.0017126989550888538, 0.0015963448677212, 0.0015460848808288574]
2 0.012 [0.005454657133668661, 0.0017320739571005106, 0.0017244699411094189, 0.001596188871189952, 0.001534314826130867]
3 0.013 [0.006594651145860553, 0.002000823151320219, 0.0014813980087637901, 0.001365356845781207, 0.0009785890579223633]
2026-04-21 13:31:00.724046 Sync done -> model run start
net_times: [[13.509, 0.0, 100352, 0], [4.026, 0.0, 100352, 0], [5.813, 0.0, 100352, 0], [5.807, 0.0, 100352, 0], [5.953, 0.0, 100352, 0]]
echo 'race4fun' | sudo -S sh -c 'journalctl --since "2026-04-21 13:30:24.344947" --until "2026-04-21 13:31:00.724046" -k -o short-iso '| grep -i -E 'throttle|throttled|thermal|cpufreq|under-voltage|voltage'
