ALL SYNC
2026-04-21 13:30:23.763839 Sync done -> model run start
2026-04-21 13:30:23.763833 Sync done -> model run start
2026-04-21 13:30:23.763837 Sync done -> model run start
2026-04-21 13:30:23.763833 Sync done -> model run start
0 0.461 [0.12929394911043346, 0.10153886396437883, 0.0755685530602932, 0.07726770103909075, 0.07706750114448369]
1 0.466 [0.1292941051069647, 0.10162370512261987, 0.07672110921703279, 0.07858691597357392, 0.07954203290864825]
3 0.462 [0.1292946261819452, 0.10133121605031192, 0.07709051994606853, 0.07753998111002147, 0.07687037391588092]
2 0.549 [0.12929389695636928, 0.1015867788810283, 0.09898762381635606, 0.110531932907179, 0.10830067191272974]
2026-04-21 13:30:29.834636 Sync done -> model run start
2026-04-21 13:30:29.843185 Sync done -> model run start
2026-04-21 13:30:29.851643 Sync done -> model run start
2026-04-21 13:30:29.857605 Sync done -> model run start
0 0.407 [0.0819218079559505, 0.09420895390212536, 0.0795294651761651, 0.07595711201429367, 0.07554593193344772]
3 0.488 [0.09603564906865358, 0.09147657011635602, 0.07968784403055906, 0.09525115694850683, 0.12561791902408004]
2 0.411 [0.0950664181727916, 0.09125433885492384, 0.07071050815284252, 0.07347617391496897, 0.08033109805546701]
2026-04-21 13:30:35.958362 Sync done -> model run start
2026-04-21 13:30:35.963361 Sync done -> model run start
2026-04-21 13:30:35.975196 Sync done -> model run start
2026-04-21 13:30:35.981532 Sync done -> model run start
2 0.406 [0.09384901518933475, 0.09122271905653179, 0.07640384580008686, 0.07241682289168239, 0.0716692500282079]
3 0.413 [0.0949068358168006, 0.09156973497010767, 0.07821205398067832, 0.07028269115835428, 0.07770337723195553]
0 0.491 [0.0829733139835298, 0.09134599403478205, 0.1089712087996304, 0.10200633807107806, 0.10513407597318292]
2026-04-21 13:30:41.930389 Sync done -> model run start
2026-04-21 13:30:41.935481 Sync done -> model run start
2026-04-21 13:30:41.943436 Sync done -> model run start
2026-04-21 13:30:41.951035 Sync done -> model run start
0 0.423 [0.08822688506916165, 0.09756604302674532, 0.0821556260343641, 0.07839551800861955, 0.07605160307139158]
2 0.421 [0.09539492800831795, 0.09276420599780977, 0.0759283269289881, 0.07813511206768453, 0.07877222099341452]
3 0.49 [0.09629452810622752, 0.09356271498836577, 0.07919058995321393, 0.08770951488986611, 0.13254452007822692]
1 0.418 [0.08895503310486674, 0.0933009551372379, 0.08085396001115441, 0.07873680698685348, 0.07581479009240866]
2026-04-21 13:30:47.970080 Sync done -> model run start
2026-04-21 13:30:47.974171 Sync done -> model run start
2026-04-21 13:30:47.981523 Sync done -> model run start
2026-04-21 13:30:47.989075 Sync done -> model run start
0 0.424 [0.08943161694332957, 0.09685262409038842, 0.08154084184207022, 0.07848440180532634, 0.07712961290962994]
1 0.42 [0.09352801507338881, 0.09063037298619747, 0.0798850751016289, 0.0793163999915123, 0.07655895804055035]
2 0.424 [0.09747931594029069, 0.09292054222896695, 0.07727747200988233, 0.07611178886145353, 0.07960138889029622]
3 0.479 [0.09774498199112713, 0.09435012005269527, 0.07873157993890345, 0.08629195392131805, 0.12195599102415144]
2026-04-21 13:30:53.920522 Sync done -> model run start
net_times: [[0.0, 5.224, 0, 3211264], [0.0, 5.349, 0, 3211264], [0.0, 5.172, 0, 3211264], [0.0, 5.24, 0, 3211264], [0.0, 5.233, 0, 3211264]]
echo 'race4fun' | sudo -S sh -c 'journalctl --since "2026-04-21 13:30:23.355694" --until "2026-04-21 13:30:53.920522" -k -o short-iso '| grep -i -E 'throttle|throttled|thermal|cpufreq|under-voltage|voltage'
