<<<<<<<< HEAD:logs/roofline/resnet18_children_bramble-4-5/2/4_size/2_1/speed_heatbramble-4-5-27.log
TIME:15:30:17
46160
cpu:0.47, 0.33, 0.24,freq:frequency(48)=900000000,throttle_flag:throttled=0x50000,voltage:volt=1.2438V,volt=1.2500V,volt=1.2500V,volt=1.2250V
TIME:15:30:18
46698
cpu:0.47, 0.33, 0.24,freq:frequency(48)=600000000,throttle_flag:throttled=0x50005,voltage:volt=1.2000V,volt=1.2500V,volt=1.2500V,volt=1.2250V
TIME:15:30:19
46160
cpu:0.47, 0.33, 0.24,freq:frequency(48)=1400000000,throttle_flag:throttled=0x50000,voltage:volt=1.3500V,volt=1.2500V,volt=1.2500V,volt=1.2250V
TIME:15:30:21
46160
cpu:0.44, 0.32, 0.24,freq:frequency(48)=1400002000,throttle_flag:throttled=0x50000,voltage:volt=1.3500V,volt=1.2500V,volt=1.2500V,volt=1.2250V
TIME:15:30:22
46160
cpu:0.44, 0.32, 0.24,freq:frequency(48)=1400000000,throttle_flag:throttled=0x50000,voltage:volt=1.3500V,volt=1.2500V,volt=1.2500V,volt=1.2250V
TIME:15:30:23
46160
cpu:0.44, 0.32, 0.24,freq:frequency(48)=800000000,throttle_flag:throttled=0x50000,voltage:volt=1.2438V,volt=1.2500V,volt=1.2500V,volt=1.2250V
TIME:15:30:24
46160
cpu:0.44, 0.32, 0.24,freq:frequency(48)=1399998000,throttle_flag:throttled=0x50000,voltage:volt=1.3500V,volt=1.2500V,volt=1.2500V,volt=1.2250V
TIME:15:30:25
46698
cpu:0.40, 0.32, 0.24,freq:frequency(48)=1399998000,throttle_flag:throttled=0x50000,voltage:volt=1.3500V,volt=1.2500V,volt=1.2500V,volt=1.2250V
TIME:15:30:26
46698
cpu:0.40, 0.32, 0.24,freq:frequency(48)=1400000000,throttle_flag:throttled=0x50000,voltage:volt=1.3500V,volt=1.2500V,volt=1.2500V,volt=1.2250V
TIME:15:30:27
46698
cpu:0.40, 0.32, 0.24,freq:frequency(48)=1400000000,throttle_flag:throttled=0x50000,voltage:volt=1.3500V,volt=1.2500V,volt=1.2500V,volt=1.2250V
TIME:15:30:28
46160
cpu:0.40, 0.32, 0.24,freq:frequency(48)=600000000,throttle_flag:throttled=0x50000,voltage:volt=1.2438V,volt=1.2500V,volt=1.2500V,volt=1.2250V
TIME:15:30:29
46160
cpu:0.40, 0.32, 0.24,freq:frequency(48)=700000000,throttle_flag:throttled=0x50000,voltage:volt=1.2438V,volt=1.2500V,volt=1.2500V,volt=1.2250V
TIME:15:30:30
46160
cpu:0.37, 0.31, 0.23,freq:frequency(48)=600000000,throttle_flag:throttled=0x50000,voltage:volt=1.2438V,volt=1.2500V,volt=1.2500V,volt=1.2250V
TIME:15:30:31
45084
cpu:0.37, 0.31, 0.23,freq:frequency(48)=600000000,throttle_flag:throttled=0x50000,voltage:volt=1.2438V,volt=1.2500V,volt=1.2500V,volt=1.2250V
TIME:15:30:33
46160
cpu:0.37, 0.31, 0.23,freq:frequency(48)=800000000,throttle_flag:throttled=0x50000,voltage:volt=1.2438V,volt=1.2500V,volt=1.2500V,volt=1.2250V
TIME:15:30:34
46160
cpu:0.37, 0.31, 0.23,freq:frequency(48)=900000000,throttle_flag:throttled=0x50000,voltage:volt=1.2438V,volt=1.2500V,volt=1.2500V,volt=1.2250V
TIME:15:30:35
45084
cpu:0.37, 0.31, 0.23,freq:frequency(48)=700000000,throttle_flag:throttled=0x50000,voltage:volt=1.2438V,volt=1.2500V,volt=1.2500V,volt=1.2250V
TIME:15:30:36
45622
cpu:0.42, 0.32, 0.24,freq:frequency(48)=700002000,throttle_flag:throttled=0x50000,voltage:volt=1.2438V,volt=1.2500V,volt=1.2500V,volt=1.2250V
TIME:15:30:37
45622
cpu:0.42, 0.32, 0.24,freq:frequency(48)=700000000,throttle_flag:throttled=0x50000,voltage:volt=1.2438V,volt=1.2500V,volt=1.2500V,volt=1.2250V
TIME:15:30:38
45084
cpu:0.42, 0.32, 0.24,freq:frequency(48)=700000000,throttle_flag:throttled=0x50000,voltage:volt=1.2438V,volt=1.2500V,volt=1.2500V,volt=1.2250V
TIME:15:30:39
45084
cpu:0.42, 0.32, 0.24,freq:frequency(48)=700000000,throttle_flag:throttled=0x50000,voltage:volt=1.2438V,volt=1.2500V,volt=1.2500V,volt=1.2250V
TIME:15:30:40
45622
cpu:0.39, 0.32, 0.24,freq:frequency(48)=600000000,throttle_flag:throttled=0x50000,voltage:volt=1.2438V,volt=1.2500V,volt=1.2500V,volt=1.2250V
TIME:15:30:41
45084
cpu:0.39, 0.32, 0.24,freq:frequency(48)=800000000,throttle_flag:throttled=0x50000,voltage:volt=1.2438V,volt=1.2500V,volt=1.2500V,volt=1.2250V
TIME:15:30:43
46160
cpu:0.39, 0.32, 0.24,freq:frequency(48)=800000000,throttle_flag:throttled=0x50000,voltage:volt=1.2438V,volt=1.2500V,volt=1.2500V,volt=1.2250V
TIME:15:30:44
45622
cpu:0.39, 0.32, 0.24,freq:frequency(48)=600000000,throttle_flag:throttled=0x50000,voltage:volt=1.2438V,volt=1.2500V,volt=1.2500V,volt=1.2250V
TIME:15:30:45
45084
cpu:0.35, 0.31, 0.24,freq:frequency(48)=600000000,throttle_flag:throttled=0x50000,voltage:volt=1.2438V,volt=1.2500V,volt=1.2500V,volt=1.2250V
TIME:15:30:46
45084
cpu:0.35, 0.31, 0.24,freq:frequency(48)=600000000,throttle_flag:throttled=0x50000,voltage:volt=1.2438V,volt=1.2500V,volt=1.2500V,volt=1.2250V
TIME:15:30:47
45622
cpu:0.35, 0.31, 0.24,freq:frequency(48)=600000000,throttle_flag:throttled=0x50000,voltage:volt=1.2438V,volt=1.2500V,volt=1.2500V,volt=1.2250V
TIME:15:30:48
45084
cpu:0.35, 0.31, 0.24,freq:frequency(48)=600000000,throttle_flag:throttled=0x50000,voltage:volt=1.2438V,volt=1.2500V,volt=1.2500V,volt=1.2250V
TIME:15:30:49
45084
cpu:0.35, 0.31, 0.24,freq:frequency(48)=600000000,throttle_flag:throttled=0x50000,voltage:volt=1.2438V,volt=1.2500V,volt=1.2500V,volt=1.2250V
TIME:15:30:50
46160
cpu:0.73, 0.39, 0.26,freq:frequency(48)=600000000,throttle_flag:throttled=0x50005,voltage:volt=1.2000V,volt=1.2500V,volt=1.2500V,volt=1.2250V
TIME:15:30:52
45622
cpu:0.73, 0.39, 0.26,freq:frequency(48)=1400000000,throttle_flag:throttled=0x50000,voltage:volt=1.3500V,volt=1.2500V,volt=1.2500V,volt=1.2250V
TIME:15:30:53
46160
cpu:0.73, 0.39, 0.26,freq:frequency(48)=1400000000,throttle_flag:throttled=0x50000,voltage:volt=1.3500V,volt=1.2500V,volt=1.2500V,volt=1.2250V
TIME:15:30:54
46160
cpu:0.73, 0.39, 0.26,freq:frequency(48)=1399998000,throttle_flag:throttled=0x50000,voltage:volt=1.3500V,volt=1.2500V,volt=1.2500V,volt=1.2250V
TIME:15:30:55
46698
cpu:0.75, 0.40, 0.27,freq:frequency(48)=800000000,throttle_flag:throttled=0x50000,voltage:volt=1.2438V,volt=1.2500V,volt=1.2500V,volt=1.2250V
TIME:15:30:56
46160
cpu:0.75, 0.40, 0.27,freq:frequency(48)=800000000,throttle_flag:throttled=0x50000,voltage:volt=1.2438V,volt=1.2500V,volt=1.2500V,volt=1.2250V
TIME:15:30:57
46160
cpu:0.75, 0.40, 0.27,freq:frequency(48)=600000000,throttle_flag:throttled=0x50000,voltage:volt=1.2438V,volt=1.2500V,volt=1.2500V,volt=1.2250V
TIME:15:30:58
45622
cpu:0.75, 0.40, 0.27,freq:frequency(48)=600000000,throttle_flag:throttled=0x50000,voltage:volt=1.2438V,volt=1.2500V,volt=1.2500V,volt=1.2250V
TIME:15:30:59
46160
cpu:0.75, 0.40, 0.27,freq:frequency(48)=600000000,throttle_flag:throttled=0x50000,voltage:volt=1.2438V,volt=1.2500V,volt=1.2500V,volt=1.2250V
TIME:15:31:00
45622
cpu:0.69, 0.39, 0.27,freq:frequency(48)=600000000,throttle_flag:throttled=0x50000,voltage:volt=1.2438V,volt=1.2500V,volt=1.2500V,volt=1.2250V
TIME:15:31:02
45084
cpu:0.69, 0.39, 0.27,freq:frequency(48)=600000000,throttle_flag:throttled=0x50000,voltage:volt=1.2438V,volt=1.2500V,volt=1.2500V,volt=1.2250V
TIME:15:31:03
45622
cpu:0.69, 0.39, 0.27,freq:frequency(48)=600000000,throttle_flag:throttled=0x50000,voltage:volt=1.2438V,volt=1.2500V,volt=1.2500V,volt=1.2250V
TIME:15:31:04
45622
cpu:0.69, 0.39, 0.27,freq:frequency(48)=600000000,throttle_flag:throttled=0x50000,voltage:volt=1.2438V,volt=1.2500V,volt=1.2500V,volt=1.2250V
TIME:15:31:05
45622
cpu:0.63, 0.39, 0.26,freq:frequency(48)=800000000,throttle_flag:throttled=0x50000,voltage:volt=1.2438V,volt=1.2500V,volt=1.2500V,volt=1.2250V
TIME:15:31:06
45084
cpu:0.63, 0.39, 0.26,freq:frequency(48)=800000000,throttle_flag:throttled=0x50000,voltage:volt=1.2438V,volt=1.2500V,volt=1.2500V,volt=1.2250V
TIME:15:31:07
45084
cpu:0.63, 0.39, 0.26,freq:frequency(48)=800000000,throttle_flag:throttled=0x50000,voltage:volt=1.2438V,volt=1.2500V,volt=1.2500V,volt=1.2250V
TIME:15:31:08
45084
cpu:0.63, 0.39, 0.26,freq:frequency(48)=800000000,throttle_flag:throttled=0x50000,voltage:volt=1.2438V,volt=1.2500V,volt=1.2500V,volt=1.2250V
TIME:15:31:09
45622
cpu:0.63, 0.39, 0.26,freq:frequency(48)=800000000,throttle_flag:throttled=0x50000,voltage:volt=1.2438V,volt=1.2500V,volt=1.2500V,volt=1.2250V
TIME:15:31:10
45084
cpu:0.58, 0.38, 0.26,freq:frequency(48)=800000000,throttle_flag:throttled=0x50000,voltage:volt=1.2438V,volt=1.2500V,volt=1.2500V,volt=1.2250V
TIME:15:31:12
45084
cpu:0.58, 0.38, 0.26,freq:frequency(48)=800000000,throttle_flag:throttled=0x50000,voltage:volt=1.2438V,volt=1.2500V,volt=1.2500V,volt=1.2250V
TIME:15:31:13
45622
cpu:0.58, 0.38, 0.26,freq:frequency(48)=800000000,throttle_flag:throttled=0x50000,voltage:volt=1.2438V,volt=1.2500V,volt=1.2500V,volt=1.2250V
TIME:15:31:14
45084
cpu:0.58, 0.38, 0.26,freq:frequency(48)=800000000,throttle_flag:throttled=0x50000,voltage:volt=1.2438V,volt=1.2500V,volt=1.2500V,volt=1.2250V
TIME:15:31:15
45084
cpu:0.54, 0.37, 0.26,freq:frequency(48)=800000000,throttle_flag:throttled=0x50000,voltage:volt=1.2438V,volt=1.2500V,volt=1.2500V,volt=1.2250V
TIME:15:31:16
45084
cpu:0.54, 0.37, 0.26,freq:frequency(48)=800000000,throttle_flag:throttled=0x50000,voltage:volt=1.2438V,volt=1.2500V,volt=1.2500V,volt=1.2250V
TIME:15:31:17
45084
cpu:0.54, 0.37, 0.26,freq:frequency(48)=800000000,throttle_flag:throttled=0x50000,voltage:volt=1.2438V,volt=1.2500V,volt=1.2500V,volt=1.2250V
TIME:15:31:18
45084
cpu:0.54, 0.37, 0.26,freq:frequency(48)=700000000,throttle_flag:throttled=0x50000,voltage:volt=1.2438V,volt=1.2500V,volt=1.2500V,volt=1.2250V
TIME:15:31:19
45622
cpu:0.54, 0.37, 0.26,freq:frequency(48)=700000000,throttle_flag:throttled=0x50000,voltage:volt=1.2438V,volt=1.2500V,volt=1.2500V,volt=1.2250V
TIME:15:31:20
45084
cpu:0.49, 0.37, 0.26,freq:frequency(48)=700000000,throttle_flag:throttled=0x50000,voltage:volt=1.2438V,volt=1.2500V,volt=1.2500V,volt=1.2250V
TIME:15:31:22
45084
cpu:0.49, 0.37, 0.26,freq:frequency(48)=800002000,throttle_flag:throttled=0x50000,voltage:volt=1.2438V,volt=1.2500V,volt=1.2500V,volt=1.2250V
TIME:15:31:23
46160
cpu:0.49, 0.37, 0.26,freq:frequency(48)=600000000,throttle_flag:throttled=0x50005,voltage:volt=1.2000V,volt=1.2500V,volt=1.2500V,volt=1.2250V
TIME:15:31:24
46160
cpu:0.49, 0.37, 0.26,freq:frequency(48)=1400000000,throttle_flag:throttled=0x50000,voltage:volt=1.3500V,volt=1.2500V,volt=1.2500V,volt=1.2250V
TIME:15:31:25
46160
cpu:0.53, 0.38, 0.26,freq:frequency(48)=1400000000,throttle_flag:throttled=0x50000,voltage:volt=1.3500V,volt=1.2500V,volt=1.2500V,volt=1.2250V
TIME:15:31:26
47236
cpu:0.53, 0.38, 0.26,freq:frequency(48)=1400000000,throttle_flag:throttled=0x50000,voltage:volt=1.3500V,volt=1.2500V,volt=1.2500V,volt=1.2250V
========
TIME:12:49:05
46160
cpu:1.02, 0.95, 0.78,freq:frequency(48)=600000000,throttle_flag:throttled=0x50005,voltage:volt=1.2000V,volt=1.2500V,volt=1.2500V,volt=1.2250V
TIME:12:49:06
45084
cpu:1.02, 0.95, 0.78,freq:frequency(48)=600000000,throttle_flag:throttled=0x50005,voltage:volt=1.2000V,volt=1.2500V,volt=1.2500V,volt=1.2250V
TIME:12:49:07
45622
cpu:0.94, 0.93, 0.78,freq:frequency(48)=1400000000,throttle_flag:throttled=0x50000,voltage:volt=1.3500V,volt=1.2500V,volt=1.2500V,volt=1.2250V
TIME:12:49:08
46160
cpu:0.94, 0.93, 0.78,freq:frequency(48)=1400000000,throttle_flag:throttled=0x50000,voltage:volt=1.3500V,volt=1.2500V,volt=1.2500V,volt=1.2250V
TIME:12:49:09
45622
cpu:0.94, 0.93, 0.78,freq:frequency(48)=1400000000,throttle_flag:throttled=0x50000,voltage:volt=1.3500V,volt=1.2500V,volt=1.2500V,volt=1.2250V
TIME:12:49:10
45622
cpu:0.94, 0.93, 0.78,freq:frequency(48)=600000000,throttle_flag:throttled=0x50000,voltage:volt=1.2438V,volt=1.2500V,volt=1.2500V,volt=1.2250V
TIME:12:49:11
45622
cpu:0.86, 0.92, 0.78,freq:frequency(48)=600000000,throttle_flag:throttled=0x50000,voltage:volt=1.2438V,volt=1.2500V,volt=1.2500V,volt=1.2250V
TIME:12:49:12
45622
cpu:0.86, 0.92, 0.78,freq:frequency(48)=600000000,throttle_flag:throttled=0x50000,voltage:volt=1.2438V,volt=1.2500V,volt=1.2500V,volt=1.2250V
TIME:12:49:13
45084
cpu:0.86, 0.92, 0.78,freq:frequency(48)=800000000,throttle_flag:throttled=0x50000,voltage:volt=1.2438V,volt=1.2500V,volt=1.2500V,volt=1.2250V
TIME:12:49:14
45084
cpu:0.86, 0.92, 0.78,freq:frequency(48)=800000000,throttle_flag:throttled=0x50000,voltage:volt=1.2438V,volt=1.2500V,volt=1.2500V,volt=1.2250V
TIME:12:49:16
45084
cpu:0.86, 0.92, 0.78,freq:frequency(48)=800000000,throttle_flag:throttled=0x50000,voltage:volt=1.2438V,volt=1.2500V,volt=1.2500V,volt=1.2250V
TIME:12:49:17
45084
cpu:0.79, 0.90, 0.77,freq:frequency(48)=800000000,throttle_flag:throttled=0x50000,voltage:volt=1.2438V,volt=1.2500V,volt=1.2500V,volt=1.2250V
TIME:12:49:18
45084
cpu:0.79, 0.90, 0.77,freq:frequency(48)=700000000,throttle_flag:throttled=0x50000,voltage:volt=1.2438V,volt=1.2500V,volt=1.2500V,volt=1.2250V
TIME:12:49:19
45084
cpu:0.79, 0.90, 0.77,freq:frequency(48)=700000000,throttle_flag:throttled=0x50000,voltage:volt=1.2438V,volt=1.2500V,volt=1.2500V,volt=1.2250V
TIME:12:49:20
45084
cpu:0.79, 0.90, 0.77,freq:frequency(48)=700000000,throttle_flag:throttled=0x50000,voltage:volt=1.2438V,volt=1.2500V,volt=1.2500V,volt=1.2250V
TIME:12:49:21
45084
cpu:0.73, 0.89, 0.77,freq:frequency(48)=700000000,throttle_flag:throttled=0x50000,voltage:volt=1.2438V,volt=1.2500V,volt=1.2500V,volt=1.2250V
TIME:12:49:22
45084
cpu:0.73, 0.89, 0.77,freq:frequency(48)=700000000,throttle_flag:throttled=0x50000,voltage:volt=1.2438V,volt=1.2500V,volt=1.2500V,volt=1.2250V
TIME:12:49:23
45084
cpu:0.73, 0.89, 0.77,freq:frequency(48)=700000000,throttle_flag:throttled=0x50000,voltage:volt=1.2438V,volt=1.2500V,volt=1.2500V,volt=1.2250V
TIME:12:49:25
45084
cpu:0.73, 0.89, 0.77,freq:frequency(48)=1400000000,throttle_flag:throttled=0x50000,voltage:volt=1.3500V,volt=1.2500V,volt=1.2500V,volt=1.2250V
TIME:12:49:26
45084
cpu:0.73, 0.89, 0.77,freq:frequency(48)=1399998000,throttle_flag:throttled=0x50000,voltage:volt=1.3500V,volt=1.2500V,volt=1.2500V,volt=1.2250V
TIME:12:49:27
46160
cpu:0.67, 0.87, 0.76,freq:frequency(48)=1399998000,throttle_flag:throttled=0x50000,voltage:volt=1.3500V,volt=1.2500V,volt=1.2500V,volt=1.2250V
TIME:12:49:28
45084
cpu:0.67, 0.87, 0.76,freq:frequency(48)=1400000000,throttle_flag:throttled=0x50000,voltage:volt=1.3500V,volt=1.2500V,volt=1.2500V,volt=1.2250V
TIME:12:49:29
46160
cpu:0.67, 0.87, 0.76,freq:frequency(48)=1400000000,throttle_flag:throttled=0x50000,voltage:volt=1.3500V,volt=1.2500V,volt=1.2500V,volt=1.2250V
TIME:12:49:30
46160
cpu:0.67, 0.87, 0.76,freq:frequency(48)=700000000,throttle_flag:throttled=0x50000,voltage:volt=1.2438V,volt=1.2500V,volt=1.2500V,volt=1.2250V
TIME:12:49:31
45622
cpu:0.67, 0.87, 0.76,freq:frequency(48)=700000000,throttle_flag:throttled=0x50000,voltage:volt=1.2438V,volt=1.2500V,volt=1.2500V,volt=1.2250V
TIME:12:49:32
45622
cpu:0.70, 0.87, 0.76,freq:frequency(48)=700000000,throttle_flag:throttled=0x50000,voltage:volt=1.2438V,volt=1.2500V,volt=1.2500V,volt=1.2250V
TIME:12:49:33
45622
cpu:0.70, 0.87, 0.76,freq:frequency(48)=700000000,throttle_flag:throttled=0x50000,voltage:volt=1.2438V,volt=1.2500V,volt=1.2500V,volt=1.2250V
TIME:12:49:34
45622
cpu:0.70, 0.87, 0.76,freq:frequency(48)=600000000,throttle_flag:throttled=0x50000,voltage:volt=1.2438V,volt=1.2500V,volt=1.2500V,volt=1.2250V
TIME:12:49:36
45084
cpu:0.70, 0.87, 0.76,freq:frequency(48)=600000000,throttle_flag:throttled=0x50000,voltage:volt=1.2438V,volt=1.2500V,volt=1.2500V,volt=1.2250V
TIME:12:49:37
45622
cpu:1.12, 0.96, 0.79,freq:frequency(48)=600000000,throttle_flag:throttled=0x50005,voltage:volt=1.2000V,volt=1.2500V,volt=1.2500V,volt=1.2250V
TIME:12:49:38
45622
cpu:1.12, 0.96, 0.79,freq:frequency(48)=1400000000,throttle_flag:throttled=0x50000,voltage:volt=1.3500V,volt=1.2500V,volt=1.2500V,volt=1.2250V
TIME:12:49:39
45622
cpu:1.12, 0.96, 0.79,freq:frequency(48)=1400002000,throttle_flag:throttled=0x50000,voltage:volt=1.3500V,volt=1.2500V,volt=1.2500V,volt=1.2250V
TIME:12:49:40
46160
cpu:1.12, 0.96, 0.79,freq:frequency(48)=1400000000,throttle_flag:throttled=0x50000,voltage:volt=1.3500V,volt=1.2500V,volt=1.2500V,volt=1.2250V
TIME:12:49:41
46160
cpu:1.12, 0.96, 0.79,freq:frequency(48)=700000000,throttle_flag:throttled=0x50000,voltage:volt=1.2438V,volt=1.2500V,volt=1.2500V,volt=1.2250V
TIME:12:49:42
45622
cpu:1.11, 0.96, 0.79,freq:frequency(48)=700000000,throttle_flag:throttled=0x50000,voltage:volt=1.2438V,volt=1.2500V,volt=1.2500V,volt=1.2250V
TIME:12:49:43
45084
cpu:1.11, 0.96, 0.79,freq:frequency(48)=700000000,throttle_flag:throttled=0x50000,voltage:volt=1.2438V,volt=1.2500V,volt=1.2500V,volt=1.2250V
TIME:12:49:44
45622
cpu:1.11, 0.96, 0.79,freq:frequency(48)=700000000,throttle_flag:throttled=0x50000,voltage:volt=1.2438V,volt=1.2500V,volt=1.2500V,volt=1.2250V
TIME:12:49:45
45084
cpu:1.11, 0.96, 0.79,freq:frequency(48)=700000000,throttle_flag:throttled=0x50000,voltage:volt=1.2438V,volt=1.2500V,volt=1.2500V,volt=1.2250V
TIME:12:49:47
45084
cpu:1.10, 0.96, 0.80,freq:frequency(48)=700000000,throttle_flag:throttled=0x50000,voltage:volt=1.2438V,volt=1.2500V,volt=1.2500V,volt=1.2250V
TIME:12:49:48
45084
cpu:1.10, 0.96, 0.80,freq:frequency(48)=700000000,throttle_flag:throttled=0x50000,voltage:volt=1.2438V,volt=1.2500V,volt=1.2500V,volt=1.2250V
TIME:12:49:49
45084
cpu:1.10, 0.96, 0.80,freq:frequency(48)=700000000,throttle_flag:throttled=0x50000,voltage:volt=1.2438V,volt=1.2500V,volt=1.2500V,volt=1.2250V
TIME:12:49:50
45084
cpu:1.10, 0.96, 0.80,freq:frequency(48)=700000000,throttle_flag:throttled=0x50000,voltage:volt=1.2438V,volt=1.2500V,volt=1.2500V,volt=1.2250V
TIME:12:49:51
45084
cpu:1.10, 0.96, 0.80,freq:frequency(48)=799998000,throttle_flag:throttled=0x50000,voltage:volt=1.2438V,volt=1.2500V,volt=1.2500V,volt=1.2250V
TIME:12:49:52
45622
cpu:1.01, 0.94, 0.79,freq:frequency(48)=800000000,throttle_flag:throttled=0x50000,voltage:volt=1.2438V,volt=1.2500V,volt=1.2500V,volt=1.2250V
TIME:12:49:53
45084
cpu:1.01, 0.94, 0.79,freq:frequency(48)=600000000,throttle_flag:throttled=0x50000,voltage:volt=1.2438V,volt=1.2500V,volt=1.2500V,volt=1.2250V
TIME:12:49:54
45622
cpu:1.01, 0.94, 0.79,freq:frequency(48)=600000000,throttle_flag:throttled=0x50000,voltage:volt=1.2438V,volt=1.2500V,volt=1.2500V,volt=1.2250V
TIME:12:49:55
45084
cpu:1.01, 0.94, 0.79,freq:frequency(48)=600000000,throttle_flag:throttled=0x50000,voltage:volt=1.2438V,volt=1.2500V,volt=1.2500V,volt=1.2250V
TIME:12:49:57
45084
cpu:0.93, 0.93, 0.79,freq:frequency(48)=600000000,throttle_flag:throttled=0x50000,voltage:volt=1.2438V,volt=1.2500V,volt=1.2500V,volt=1.2250V
TIME:12:49:58
45084
cpu:0.93, 0.93, 0.79,freq:frequency(48)=600000000,throttle_flag:throttled=0x50000,voltage:volt=1.2438V,volt=1.2500V,volt=1.2500V,volt=1.2250V
TIME:12:49:59
45084
cpu:0.93, 0.93, 0.79,freq:frequency(48)=600000000,throttle_flag:throttled=0x50000,voltage:volt=1.2438V,volt=1.2500V,volt=1.2500V,volt=1.2250V
TIME:12:50:00
45084
cpu:0.93, 0.93, 0.79,freq:frequency(48)=600000000,throttle_flag:throttled=0x50000,voltage:volt=1.2438V,volt=1.2500V,volt=1.2500V,volt=1.2250V
TIME:12:50:01
45084
cpu:0.93, 0.93, 0.79,freq:frequency(48)=600000000,throttle_flag:throttled=0x50000,voltage:volt=1.2438V,volt=1.2500V,volt=1.2500V,volt=1.2250V
TIME:12:50:02
45084
cpu:0.86, 0.91, 0.78,freq:frequency(48)=800000000,throttle_flag:throttled=0x50000,voltage:volt=1.2438V,volt=1.2500V,volt=1.2500V,volt=1.2250V
TIME:12:50:03
45084
cpu:0.86, 0.91, 0.78,freq:frequency(48)=800000000,throttle_flag:throttled=0x50000,voltage:volt=1.2438V,volt=1.2500V,volt=1.2500V,volt=1.2250V
TIME:12:50:04
45084
cpu:0.86, 0.91, 0.78,freq:frequency(48)=800000000,throttle_flag:throttled=0x50000,voltage:volt=1.2438V,volt=1.2500V,volt=1.2500V,volt=1.2250V
TIME:12:50:05
45084
cpu:0.86, 0.91, 0.78,freq:frequency(48)=800000000,throttle_flag:throttled=0x50000,voltage:volt=1.2438V,volt=1.2500V,volt=1.2500V,volt=1.2250V
TIME:12:50:07
45084
cpu:0.79, 0.90, 0.78,freq:frequency(48)=700000000,throttle_flag:throttled=0x50000,voltage:volt=1.2438V,volt=1.2500V,volt=1.2500V,volt=1.2250V
TIME:12:50:08
45084
cpu:0.79, 0.90, 0.78,freq:frequency(48)=800000000,throttle_flag:throttled=0x50000,voltage:volt=1.2438V,volt=1.2500V,volt=1.2500V,volt=1.2250V
TIME:12:50:09
45622
cpu:0.79, 0.90, 0.78,freq:frequency(48)=600000000,throttle_flag:throttled=0x50005,voltage:volt=1.2000V,volt=1.2500V,volt=1.2500V,volt=1.2250V
TIME:12:50:10
45622
cpu:0.79, 0.90, 0.78,freq:frequency(48)=600000000,throttle_flag:throttled=0x50005,voltage:volt=1.2000V,volt=1.2500V,volt=1.2500V,volt=1.2250V
TIME:12:50:11
46160
cpu:0.79, 0.90, 0.78,freq:frequency(48)=1400000000,throttle_flag:throttled=0x50000,voltage:volt=1.3500V,volt=1.2500V,volt=1.2500V,volt=1.2250V
TIME:12:50:12
46160
cpu:1.05, 0.95, 0.80,freq:frequency(48)=1400000000,throttle_flag:throttled=0x50000,voltage:volt=1.3500V,volt=1.2500V,volt=1.2500V,volt=1.2250V
>>>>>>>> 978dcc83 (emergency commit?):logs/roofline/resnet18_children_bramble-4-5/7/8_size/2_1/speed_heatbramble-4-5-27.log
