ALL SYNC
2026-04-21 07:01:30.839158 Sync done -> model run start
2026-04-21 07:01:30.839155 Sync done -> model run start
2026-04-21 07:01:30.839159 Sync done -> model run start
2026-04-21 07:01:30.888569 Sync done -> model run start
3 4.522 [4.521678589051589]
0 4.59 [4.5900615400169045]
2 4.586 [4.586017751134932]
1 4.702 [4.70231752214022]
2026-04-21 07:01:46.103739 Sync done -> model run start
2026-04-21 07:01:46.125509 Sync done -> model run start
2026-04-21 07:01:46.127740 Sync done -> model run start
2026-04-21 07:01:46.127692 Sync done -> model run start
2 3.562 [3.5618790530133992]
1 3.554 [3.5542709010187536]
3 3.584 [3.583955646958202]
0 3.693 [3.6928850759286433]
2026-04-21 07:01:54.473643 Sync done -> model run start
2026-04-21 07:01:54.473791 Sync done -> model run start
2026-04-21 07:01:54.492333 Sync done -> model run start
2026-04-21 07:01:54.492852 Sync done -> model run start
1 3.651 [3.6501936248969287]
2 3.651 [3.650209875078872]
3 3.674 [3.673522609984502]
0 3.803 [3.802429836941883]
2026-04-21 07:01:59.866366 Sync done -> model run start
2026-04-21 07:01:59.873284 Sync done -> model run start
2026-04-21 07:01:59.885130 Sync done -> model run start
2026-04-21 07:01:59.900802 Sync done -> model run start
2 3.542 [3.542005790164694]
1 3.544 [3.543544951127842]
3 3.567 [3.566449978854507]
0 3.696 [3.695641682948917]
2026-04-21 07:02:05.169571 Sync done -> model run start
2026-04-21 07:02:05.169591 Sync done -> model run start
2026-04-21 07:02:05.191514 Sync done -> model run start
2026-04-21 07:02:05.266251 Sync done -> model run start
0 3.602 [3.601962498156354]
2 3.623 [3.6225369598250836]
1 3.741 [3.7408493261318654]
3 3.601 [3.6005837528500706]
2026-04-21 07:02:09.304073 Sync done -> model run start
net_times: [[0.0, 9.195, 0, 4496250], [0.0, 3.291, 0, 4735], [0.0, 0.165, 0, 4735], [0.0, 0.162, 0, 4735], [0.0, 0.159, 0, 4735]]
echo 'race4fun' | sudo -S sh -c 'journalctl --since "2026-04-21 07:01:27.964941" --until "2026-04-21 07:02:09.304073" -k -o short-iso '| grep -i -E 'throttle|throttled|thermal|cpufreq|under-voltage|voltage'
