ALL SYNC
2026-04-21 07:03:30.832997 Sync done -> model run start
2026-04-21 07:03:30.832997 Sync done -> model run start
2026-04-21 07:03:30.832997 Sync done -> model run start
2026-04-21 07:03:30.832997 Sync done -> model run start
3 0.031 [0.03053664998151362]
2 0.031 [0.030536076985299587]
1 0.031 [0.030536649050191045]
0 0.031 [0.030536025064066052]
2026-04-21 07:03:31.597808 Sync done -> model run start
2026-04-21 07:03:31.600072 Sync done -> model run start
2026-04-21 07:03:31.610589 Sync done -> model run start
2026-04-21 07:03:31.620332 Sync done -> model run start
0 0.006 [0.00580934202298522]
1 0.006 [0.00534694897942245]
2 0.004 [0.003682635026052594]
3 0.003 [0.0029493579640984535]
2026-04-21 07:03:35.267609 Sync done -> model run start
2026-04-21 07:03:35.275441 Sync done -> model run start
2026-04-21 07:03:35.283993 Sync done -> model run start
2026-04-21 07:03:35.292712 Sync done -> model run start
1 0.005 [0.005036378046497703]
2 0.004 [0.003708207979798317]
0 0.006 [0.006213557906448841]
3 0.003 [0.002979252953082323]
2026-04-21 07:03:38.939824 Sync done -> model run start
2026-04-21 07:03:38.951018 Sync done -> model run start
2026-04-21 07:03:38.957005 Sync done -> model run start
2026-04-21 07:03:38.964301 Sync done -> model run start
0 0.006 [0.006127621047198772]
1 0.005 [0.005303354933857918]
2 0.006 [0.0053510640282183886]
3 0.003 [0.003142742905765772]
2026-04-21 07:03:42.542738 Sync done -> model run start
2026-04-21 07:03:42.553182 Sync done -> model run start
2026-04-21 07:03:42.564250 Sync done -> model run start
2026-04-21 07:03:42.572984 Sync done -> model run start
0 0.005 [0.0052155430894345045]
1 0.005 [0.004351434065029025]
2 0.004 [0.003908259095624089]
2026-04-21 07:03:42.643427 Sync done -> model run start
net_times: [[47.407, 0.0, 2420736, 0], [0.561, 0.0, 2420736, 0], [3.48, 0.0, 2420736, 0], [3.463, 0.0, 2420736, 0], [3.411, 0.0, 2420736, 0]]
echo 'race4fun' | sudo -S sh -c 'journalctl --since "2026-04-21 07:02:42.956410" --until "2026-04-21 07:03:42.643427" -k -o short-iso '| grep -i -E 'throttle|throttled|thermal|cpufreq|under-voltage|voltage'
