ALL SYNC
2026-04-21 07:01:47.480141 Sync done -> model run start
2026-04-21 07:01:47.480141 Sync done -> model run start
2026-04-21 07:01:47.480143 Sync done -> model run start
2026-04-21 07:01:47.554898 Sync done -> model run start
1 5.343 [5.342422198969871]
0 5.379 [5.378419131971896]
2 5.461 [5.460641948971897]
3 5.47 [5.469734502024949]
2026-04-21 07:01:54.444792 Sync done -> model run start
2026-04-21 07:01:54.444792 Sync done -> model run start
2026-04-21 07:01:54.505013 Sync done -> model run start
2026-04-21 07:01:54.568023 Sync done -> model run start
0 3.599 [3.5991885669063777]
3 3.572 [3.571585910161957]
1 3.566 [3.566053389105946]
2 3.645 [3.645049765938893]
2026-04-21 07:01:59.747476 Sync done -> model run start
2026-04-21 07:01:59.794767 Sync done -> model run start
2026-04-21 07:01:59.842205 Sync done -> model run start
2026-04-21 07:01:59.861929 Sync done -> model run start
1 3.465 [3.4647018131799996]
3 3.452 [3.4519656349439174]
2 3.573 [3.572884327964857]
0 3.467 [3.466946800937876]
2026-04-21 07:02:05.043218 Sync done -> model run start
2026-04-21 07:02:05.073381 Sync done -> model run start
2026-04-21 07:02:05.100954 Sync done -> model run start
2026-04-21 07:02:05.124834 Sync done -> model run start
1 3.484 [3.4835113829467446]
3 3.487 [3.4866291258949786]
2 3.573 [3.5725581201259047]
0 3.482 [3.48171998700127]
2026-04-21 07:02:10.490473 Sync done -> model run start
2026-04-21 07:02:10.490949 Sync done -> model run start
2026-04-21 07:02:10.572603 Sync done -> model run start
2026-04-21 07:02:10.597984 Sync done -> model run start
0 3.575 [3.5747122620232403]
1 3.593 [3.5927033070474863]
3 3.566 [3.5659109060652554]
2 3.686 [3.6859927799087018]
2026-04-21 07:02:14.390869 Sync done -> model run start
net_times: [[15.84, 0.0, 4841472, 0], [0.032, 0.0, 4841472, 0], [0.232, 0.0, 4841472, 0], [0.293, 0.0, 4841472, 0], [0.472, 0.0, 4841472, 0]]
echo 'race4fun' | sudo -S sh -c 'journalctl --since "2026-04-21 07:01:28.987066" --until "2026-04-21 07:02:14.390869" -k -o short-iso '| grep -i -E 'throttle|throttled|thermal|cpufreq|under-voltage|voltage'
