ALL SYNC
2026-04-21 07:02:43.743703 Sync done -> model run start
2026-04-21 07:02:43.743703 Sync done -> model run start
2026-04-21 07:02:43.743703 Sync done -> model run start
2026-04-21 07:02:43.743705 Sync done -> model run start
3 3.001 [3.0008505419827998]
2 3.008 [3.0077919389586896]
1 3.141 [3.141277443151921]
0 3.186 [3.185488844057545]
2026-04-21 07:02:57.097941 Sync done -> model run start
2026-04-21 07:02:57.097941 Sync done -> model run start
2026-04-21 07:02:57.120332 Sync done -> model run start
2026-04-21 07:02:57.131604 Sync done -> model run start
1 2.037 [2.0363429309800267]
2 2.044 [2.0442165669519454]
3 2.053 [2.0528377541340888]
0 2.153 [2.1524725721683353]
2026-04-21 07:03:10.401932 Sync done -> model run start
2026-04-21 07:03:10.402488 Sync done -> model run start
2026-04-21 07:03:10.407465 Sync done -> model run start
2026-04-21 07:03:10.424550 Sync done -> model run start
1 2.096 [2.095807953970507]
0 2.096 [2.0963323269970715]
3 2.118 [2.117523861816153]
2 2.222 [2.221632530214265]
2026-04-21 07:03:24.191772 Sync done -> model run start
2026-04-21 07:03:24.191772 Sync done -> model run start
2026-04-21 07:03:24.207976 Sync done -> model run start
2026-04-21 07:03:24.259304 Sync done -> model run start
1 2.086 [2.0856973878107965]
2 2.121 [2.1205483849626034]
0 2.086 [2.0856962418183684]
3 2.151 [2.1503998041152954]
2026-04-21 07:03:31.313335 Sync done -> model run start
2026-04-21 07:03:31.316493 Sync done -> model run start
2026-04-21 07:03:31.319978 Sync done -> model run start
2026-04-21 07:03:31.333245 Sync done -> model run start
0 2.084 [2.0835493160411716]
2 2.08 [2.0803199450019747]
3 2.089 [2.088561287848279]
1 2.187 [2.186638035112992]
2026-04-21 07:03:34.232919 Sync done -> model run start
net_times: [[0.0, 9.234, 0, 4528128], [0.0, 10.319, 0, 4734], [0.0, 10.698, 0, 4734], [0.0, 4.068, 0, 4734], [0.0, 0.621, 0, 4734]]
echo 'race4fun' | sudo -S sh -c 'journalctl --since "2026-04-21 07:02:41.964352" --until "2026-04-21 07:03:34.232919" -k -o short-iso '| grep -i -E 'throttle|throttled|thermal|cpufreq|under-voltage|voltage'
