ALL SYNC
2026-04-21 07:02:58.057844 Sync done -> model run start
2026-04-21 07:02:58.057844 Sync done -> model run start
2026-04-21 07:02:58.057844 Sync done -> model run start
2026-04-21 07:02:58.086083 Sync done -> model run start
3 2.226 [2.2258255761116743]
2 2.232 [2.2313782330602407]
1 2.304 [2.3034590240567923]
0 2.219 [2.218672517919913]
2026-04-21 07:03:10.387812 Sync done -> model run start
2026-04-21 07:03:10.388670 Sync done -> model run start
2026-04-21 07:03:10.410783 Sync done -> model run start
2026-04-21 07:03:10.462630 Sync done -> model run start
0 2.161 [2.1602985158097]
1 2.16 [2.1592249318491668]
2 2.169 [2.169264266034588]
3 2.241 [2.2408904291223735]
2026-04-21 07:03:24.170970 Sync done -> model run start
2026-04-21 07:03:24.170986 Sync done -> model run start
2026-04-21 07:03:24.194769 Sync done -> model run start
2026-04-21 07:03:24.221175 Sync done -> model run start
0 2.163 [2.162490471964702]
3 2.154 [2.154280859977007]
2 2.241 [2.240728191798553]
1 2.151 [2.150758549105376]
2026-04-21 07:03:31.313768 Sync done -> model run start
2026-04-21 07:03:31.320902 Sync done -> model run start
2026-04-21 07:03:31.341686 Sync done -> model run start
2026-04-21 07:03:31.364305 Sync done -> model run start
1 2.142 [2.1421601879410446]
2 2.139 [2.138600690057501]
3 2.146 [2.1460055178031325]
0 2.242 [2.241898651001975]
2026-04-21 07:03:34.967042 Sync done -> model run start
2026-04-21 07:03:34.991141 Sync done -> model run start
2026-04-21 07:03:34.992055 Sync done -> model run start
2026-04-21 07:03:35.018343 Sync done -> model run start
0 2.122 [2.121561599895358]
1 2.135 [2.1341438291128725]
3 2.129 [2.1284428399521858]
2 2.216 [2.216020321007818]
2026-04-21 07:03:37.792215 Sync done -> model run start
net_times: [[13.344, 9.065, 4841472, 4523329], [0.042, 10.524, 4841472, 4734], [0.032, 3.984, 4841472, 4734], [0.024, 0.487, 4841472, 4734], [0.026, 0.471, 4841472, 4734]]
echo 'race4fun' | sudo -S sh -c 'journalctl --since "2026-04-21 07:02:42.955022" --until "2026-04-21 07:03:37.792215" -k -o short-iso '| grep -i -E 'throttle|throttled|thermal|cpufreq|under-voltage|voltage'
