ALL SYNC
2026-04-21 07:03:11.429218 Sync done -> model run start
2026-04-21 07:03:11.429218 Sync done -> model run start
2026-04-21 07:03:11.429222 Sync done -> model run start
2026-04-21 07:03:11.479929 Sync done -> model run start
0 2.475 [2.4746250801254064]
1 2.465 [2.465035689994693]
3 2.475 [2.4746250801254064]
2 2.558 [2.557735170936212]
2026-04-21 07:03:24.144197 Sync done -> model run start
2026-04-21 07:03:24.149776 Sync done -> model run start
2026-04-21 07:03:24.164865 Sync done -> model run start
2026-04-21 07:03:24.164865 Sync done -> model run start
2 2.39 [2.389309573220089]
0 2.395 [2.3948175720870495]
3 2.409 [2.4088975170161575]
1 2.491 [2.490825843065977]
2026-04-21 07:03:31.315308 Sync done -> model run start
2026-04-21 07:03:31.327422 Sync done -> model run start
2026-04-21 07:03:31.346368 Sync done -> model run start
2026-04-21 07:03:31.396705 Sync done -> model run start
0 2.337 [2.337167794117704]
1 2.338 [2.3378291979897767]
2 2.363 [2.363068369915709]
3 2.423 [2.4226593349594623]
2026-04-21 07:03:34.941570 Sync done -> model run start
2026-04-21 07:03:34.946922 Sync done -> model run start
2026-04-21 07:03:34.962255 Sync done -> model run start
2026-04-21 07:03:35.014634 Sync done -> model run start
0 2.367 [2.3662656990345567]
1 2.364 [2.3636668550316244]
2 2.379 [2.3788459631614387]
3 2.448 [2.4477713180240244]
2026-04-21 07:03:38.555713 Sync done -> model run start
2026-04-21 07:03:38.585957 Sync done -> model run start
2026-04-21 07:03:38.607779 Sync done -> model run start
2026-04-21 07:03:38.639504 Sync done -> model run start
0 2.326 [2.3261171048507094]
1 2.347 [2.346491453005001]
2 2.339 [2.339036690071225]
3 2.409 [2.4090900090523064]
2026-04-21 07:03:41.344970 Sync done -> model run start
net_times: [[26.565, 9.088, 4841472, 4507076], [0.031, 3.698, 4841472, 4734], [0.025, 0.16, 4841472, 4734], [0.024, 0.157, 4841472, 4734], [0.025, 0.183, 4841472, 4734]]
echo 'race4fun' | sudo -S sh -c 'journalctl --since "2026-04-21 07:02:42.963439" --until "2026-04-21 07:03:41.344970" -k -o short-iso '| grep -i -E 'throttle|throttled|thermal|cpufreq|under-voltage|voltage'
