ALL SYNC
2026-04-21 07:03:24.241293 Sync done -> model run start
2026-04-21 07:03:24.241288 Sync done -> model run start
2026-04-21 07:03:24.241288 Sync done -> model run start
2026-04-21 07:03:24.241288 Sync done -> model run start
1 1.138 [1.1377334110438824]
3 1.152 [1.1521475811023265]
0 1.16 [1.1601165130268782]
2 1.238 [1.2373444258701056]
2026-04-21 07:03:30.697676 Sync done -> model run start
2026-04-21 07:03:30.729574 Sync done -> model run start
2026-04-21 07:03:30.736392 Sync done -> model run start
2026-04-21 07:03:30.763702 Sync done -> model run start
1 0.593 [0.5929002149496228]
2 0.595 [0.5951869778800756]
0 0.651 [0.6505525179672986]
3 0.602 [0.6019624751061201]
2026-04-21 07:03:34.329496 Sync done -> model run start
2026-04-21 07:03:34.358636 Sync done -> model run start
2026-04-21 07:03:34.372862 Sync done -> model run start
2026-04-21 07:03:34.392170 Sync done -> model run start
1 0.634 [0.6339915830176324]
2 0.64 [0.6401144270785153]
3 0.641 [0.6413508800324053]
0 0.702 [0.7019493188709021]
2026-04-21 07:03:37.973524 Sync done -> model run start
2026-04-21 07:03:37.994067 Sync done -> model run start
2026-04-21 07:03:38.008201 Sync done -> model run start
2026-04-21 07:03:38.024564 Sync done -> model run start
0 0.598 [0.5983013899531215]
1 0.601 [0.6008689859881997]
2 0.608 [0.6079723471775651]
3 0.649 [0.6492004350293428]
2026-04-21 07:03:41.645111 Sync done -> model run start
2026-04-21 07:03:41.642590 Sync done -> model run start
2026-04-21 07:03:41.661557 Sync done -> model run start
2026-04-21 07:03:41.715784 Sync done -> model run start
0 0.601 [0.6010832020547241]
2 0.599 [0.5992226880043745]
1 0.66 [0.660274718189612]
3 0.609 [0.6092498928774148]
2026-04-21 07:03:42.490863 Sync done -> model run start
net_times: [[40.249, 4.788, 4841472, 2252536], [0.029, 0.083, 4841472, 2374], [2.519, 0.08, 4841472, 2374], [2.479, 0.09, 4841472, 2374], [2.442, 0.08, 4841472, 2374]]
echo 'race4fun' | sudo -S sh -c 'journalctl --since "2026-04-21 07:02:42.965673" --until "2026-04-21 07:03:42.490863" -k -o short-iso '| grep -i -E 'throttle|throttled|thermal|cpufreq|under-voltage|voltage'
