Code start -> moving to subprocess
[Gloo] Rank 0 is connected to 3 peer ranks. Expected number of connected peer ranks is : 3
Model resnet18 and split children
10 ['conv1', 'bn1', 'relu', 'maxpool', 'layer1']
[3, 3, 2, 2]
{'relu': <SplitPoint.END: 2>, 'layer2': <SplitPoint.END: 2>, 'layer4': <SplitPoint.END: 2>, 'fc': <SplitPoint.END: 2>}
4
2026-04-07 06:09:57.894564 Split done -> model sync start
2026-04-07 06:10:31.311364 Sync done -> model run start
2026-04-07 06:11:07.975754 Sync done -> model run start
2026-04-07 06:11:44.742443 Sync done -> model run start
2026-04-07 06:12:21.415068 Sync done -> model run start
2026-04-07 06:12:58.096190 Sync done -> model run start
2026-04-07 06:13:34.818626 Sync done -> model run start
2026-04-07 06:14:11.406563 Sync done -> model run start
2026-04-07 06:14:47.943081 Sync done -> model run start
2026-04-07 06:15:24.498083 Sync done -> model run start
2026-04-07 06:16:00.899268 Sync done -> model run start
2026-04-07 06:16:37.437789 Sync done -> model run start
2026-04-07 06:17:14.080901 Sync done -> model run start
2026-04-07 06:17:50.961170 Sync done -> model run start
2026-04-07 06:18:27.553644 Sync done -> model run start
2026-04-07 06:19:04.314798 Sync done -> model run start
2026-04-07 06:19:40.788832 Sync done -> model run start
2026-04-07 06:20:17.278360 Sync done -> model run start
2026-04-07 06:20:53.761360 Sync done -> model run start
2026-04-07 06:21:30.395007 Sync done -> model run start
2026-04-07 06:22:06.908165 Sync done -> model run start
2026-04-07 06:22:43.422795 Sync done -> model run start
2026-04-07 06:23:20.063338 Sync done -> model run start
2026-04-07 06:23:56.891375 Sync done -> model run start
2026-04-07 06:24:33.344083 Sync done -> model run start
2026-04-07 06:25:09.979640 Sync done -> model run start
2026-04-07 06:25:46.644371 Sync done -> model run start
2026-04-07 06:26:23.238744 Sync done -> model run start
2026-04-07 06:26:59.802237 Sync done -> model run start
2026-04-07 06:27:36.294769 Sync done -> model run start
2026-04-07 06:28:12.842551 Sync done -> model run start
2026-04-07 06:28:51.456371 Sync done -> model run start
rank 0 FLOP count: 472055808 and full time*10**9 s/op: 1.0273
Time taken by rank:0 in total(avg): 4.8494s Batch time sets raw:[[0.1673, 0.1673, 0.2159, 0.2159, 0.2074, 0.2074, 0.153, 0.153, 0.2102, 0.2102], [0.1525, 0.1525, 0.1558, 0.1558, 0.2094, 0.2094, 0.1207, 0.1207, 0.1972, 0.1972], [0.1755, 0.1755, 0.1415, 0.1415, 0.2703, 0.2703, 0.1903, 0.1903, 0.2171, 0.2171], [0.1782, 0.1782, 0.2451, 0.2451, 0.273, 0.273, 0.1953, 0.1953, 0.1972, 0.1972], [0.1449, 0.1449, 0.18, 0.18, 0.2299, 0.2299, 0.2127, 0.2127, 0.2101, 0.2101], [0.1469, 0.1469, 0.2079, 0.2079, 0.2283, 0.2283, 0.238, 0.238, 0.212, 0.212], [0.1522, 0.1522, 0.1463, 0.1463, 0.2399, 0.2399, 0.1368, 0.1368, 0.2166, 0.2166], [0.2027, 0.2027, 0.3217, 0.3217, 0.2261, 0.2261, 0.2195, 0.2195, 0.1263, 0.1263], [0.1985, 0.1985, 0.3178, 0.3178, 0.1999, 0.1999, 0.2083, 0.2083, 0.2061, 0.2061], [0.1761, 0.1761, 0.1442, 0.1442, 0.2096, 0.2096, 0.1381, 0.1381, 0.2113, 0.2113], [0.1597, 0.1597, 0.2621, 0.2621, 0.243, 0.243, 0.1831, 0.1831, 0.2007, 0.2007], [0.1558, 0.1558, 0.1259, 0.1259, 0.2131, 0.2131, 0.1367, 0.1367, 0.2011, 0.2011], [0.1464, 0.1464, 0.1843, 0.1843, 0.203, 0.203, 0.2007, 0.2007, 0.197, 0.197], [0.1581, 0.1581, 0.2154, 0.2154, 0.1994, 0.1994, 0.1369, 0.1369, 0.216, 0.216], [0.1737, 0.1737, 0.2491, 0.2491, 0.2147, 0.2147, 0.1358, 0.1358, 0.1982, 0.1982], [0.163, 0.163, 0.238, 0.238, 0.2163, 0.2163, 0.1598, 0.1598, 0.2097, 0.2097], [0.153, 0.153, 0.2286, 0.2286, 0.2178, 0.2178, 0.1335, 0.1335, 0.1994, 0.1994], [0.1722, 0.1722, 0.2006, 0.2006, 0.2381, 0.2381, 0.2308, 0.2308, 0.1417, 0.1417], [0.1795, 0.1795, 0.1331, 0.1331, 0.2177, 0.2177, 0.2133, 0.2133, 0.2422, 0.2422], [0.1772, 0.1772, 0.1297, 0.1297, 0.2241, 0.2241, 0.1447, 0.1447, 0.1975, 0.1975], [0.16, 0.16, 0.1665, 0.1665, 0.2131, 0.2131, 0.1318, 0.1318, 0.1998, 0.1998], [0.1549, 0.1549, 0.2227, 0.2227, 0.2092, 0.2092, 0.1537, 0.1537, 0.2009, 0.2009], [0.1536, 0.1536, 0.1675, 0.1675, 0.2168, 0.2168, 0.146, 0.146, 0.1974, 0.1974], [0.1685, 0.1685, 0.1478, 0.1478, 0.3166, 0.3166, 0.1391, 0.1391, 0.2037, 0.2037], [0.1611, 0.1611, 0.2364, 0.2364, 0.2158, 0.2158, 0.2015, 0.2015, 0.195, 0.195], [0.1538, 0.1538, 0.2516, 0.2516, 0.2242, 0.2242, 0.1346, 0.1346, 0.2023, 0.2023], [0.1485, 0.1485, 0.243, 0.243, 0.2065, 0.2065, 0.1271, 0.1271, 0.2153, 0.2153], [0.174, 0.174, 0.2545, 0.2545, 0.2109, 0.2109, 0.2361, 0.2361, 0.1402, 0.1402], [0.1622, 0.1622, 0.2177, 0.2177, 0.2502, 0.2502, 0.1706, 0.1706, 0.213, 0.213]] Network sets raw:[[0, 0, 0.158, 0, 0.8459, 0, 0.8776, 0, 1.1586, 0.8808], [0, 0, 0.155, 0, 0.8821, 0, 1.1263, 0, 0.9461, 0.9643], [0, 0, 0.1583, 0, 0.9114, 0, 0.871, 0, 0.9488, 0.9378], [0, 0, 0.1582, 0, 0.8471, 0, 0.8523, 0, 0.879, 0.8038], [0, 0, 0.1546, 0, 1.0893, 0, 0.8481, 0, 0.8863, 0.8005], [0, 0, 0.1554, 0, 1.0181, 0, 0.8087, 0, 0.8724, 0.9252], [0, 0, 0.1567, 0, 0.8792, 0, 0.8324, 0, 1.0639, 0.829], [0, 0, 0.1633, 0, 0.6453, 0, 0.9098, 0, 0.9424, 0.9087], [0, 0, 0.1633, 0, 0.7975, 0, 1.041, 0, 0.865, 0.7786], [0, 0, 0.1544, 0, 0.8933, 0, 1.0873, 0, 0.9998, 0.9893], [0, 0, 0.1613, 0, 0.9426, 0, 0.9108, 0, 0.8527, 0.9153], [0, 0, 0.1558, 0, 1.0833, 0, 0.817, 0, 1.0018, 0.9032], [0, 0, 0.1551, 0, 0.8124, 0, 0.9174, 0, 0.9875, 0.8776], [0, 0, 0.1572, 0, 0.8102, 0, 1.0537, 0, 0.9725, 0.7834], [0, 0, 0.1704, 0, 0.8056, 0, 1.0525, 0, 0.9596, 0.868], [0, 0, 0.1569, 0, 0.8222, 0, 1.0469, 0, 0.9693, 0.9197], [0, 0, 0.1546, 0, 0.7191, 0, 1.0225, 0, 0.9018, 0.9074], [0, 0, 0.1716, 0, 0.9265, 0, 0.872, 0, 0.8448, 0.936], [0, 0, 0.1546, 0, 1.0569, 0, 0.9251, 0, 0.9029, 0.8079], [0, 0, 0.1557, 0, 1.0804, 0, 0.9421, 0, 0.9947, 0.9435], [0, 0, 0.1556, 0, 0.7935, 0, 1.0815, 0, 1.0058, 0.8303], [0, 0, 0.157, 0, 0.8022, 0, 1.0635, 0, 0.9291, 0.9593], [0, 0, 0.1529, 0, 0.858, 0, 1.0541, 0, 0.9744, 0.863], [0, 0, 0.1571, 0, 0.9437, 0, 0.7333, 0, 0.9518, 0.9253], [0, 0, 0.1678, 0, 1.0037, 0, 0.9036, 0, 0.906, 0.7901], [0, 0, 0.1637, 0, 0.8941, 0, 0.8978, 0, 0.9844, 0.7963], [0, 0, 0.1539, 0, 0.7412, 0, 0.9249, 0, 1.1103, 0.8773], [0, 0, 0.155, 0, 0.727, 0, 1.1454, 0, 1.3462, 1.7563], [0, 0, 0.1768, 0, 0.8215, 0, 1.0674, 0, 0.9245, 0.9059]] bytes sent:[[6422528], [6422528], [6422528], [6422528], [6422528]] bytes recv:1204224 on avg per image: 0.4849s with std: 0.0267s network time: 0.3870s and network std: 0.4515s network time per img: 0.0387 compute time: 0.4462s compute/network ratio: 1.1532 and throughput 2.0621 img/s
