Code start -> moving to subprocess
[Gloo] Rank 3 is connected to 3 peer ranks. Expected number of connected peer ranks is : 3
Model resnet18 and split children
10 ['conv1', 'bn1', 'relu', 'maxpool', 'layer1']
[3, 3, 2, 2]
{'relu': <SplitPoint.END: 2>, 'layer2': <SplitPoint.END: 2>, 'layer4': <SplitPoint.END: 2>, 'fc': <SplitPoint.END: 2>}
4
2026-04-07 06:09:55.272895 Split done -> model sync start
2026-04-07 06:10:31.301373 Sync done -> model run start
2026-04-07 06:11:07.967273 Sync done -> model run start
2026-04-07 06:11:44.731690 Sync done -> model run start
2026-04-07 06:12:21.405098 Sync done -> model run start
2026-04-07 06:12:58.086207 Sync done -> model run start
2026-04-07 06:13:34.808404 Sync done -> model run start
2026-04-07 06:14:11.396948 Sync done -> model run start
2026-04-07 06:14:47.932810 Sync done -> model run start
2026-04-07 06:15:24.488031 Sync done -> model run start
2026-04-07 06:16:00.888956 Sync done -> model run start
2026-04-07 06:16:37.429036 Sync done -> model run start
2026-04-07 06:17:14.070625 Sync done -> model run start
2026-04-07 06:17:50.951338 Sync done -> model run start
2026-04-07 06:18:27.543880 Sync done -> model run start
2026-04-07 06:19:04.304856 Sync done -> model run start
2026-04-07 06:19:40.778877 Sync done -> model run start
2026-04-07 06:20:17.267598 Sync done -> model run start
2026-04-07 06:20:53.752155 Sync done -> model run start
2026-04-07 06:21:30.385417 Sync done -> model run start
2026-04-07 06:22:06.898232 Sync done -> model run start
2026-04-07 06:22:43.412263 Sync done -> model run start
2026-04-07 06:23:20.053016 Sync done -> model run start
2026-04-07 06:23:56.881760 Sync done -> model run start
2026-04-07 06:24:33.334444 Sync done -> model run start
2026-04-07 06:25:09.970269 Sync done -> model run start
2026-04-07 06:25:46.635166 Sync done -> model run start
2026-04-07 06:26:23.229272 Sync done -> model run start
2026-04-07 06:26:59.792444 Sync done -> model run start
2026-04-07 06:27:36.283555 Sync done -> model run start
2026-04-07 06:28:12.832663 Sync done -> model run start
2026-04-07 06:28:51.447109 Sync done -> model run start
rank 3 FLOP count: 2048000 and full time*10**9 s/op: 324.2255
Time taken by rank:3 in total(avg): 6.6401s Batch time sets raw:[[0.0092, 0.0127, 0.0105, 0.0106, 0.0107], [0.014, 0.0091, 0.0127, 0.0085, 0.0135], [0.015, 0.0105, 0.0106, 0.0097, 0.0091], [0.0105, 0.0105, 0.0104, 0.0107, 0.0091], [0.0106, 0.0107, 0.015, 0.018, 0.0097], [0.0107, 0.0106, 0.0107, 0.0106, 0.0106], [0.0106, 0.0106, 0.0107, 0.0106, 0.0108], [0.0097, 0.0104, 0.0105, 0.0069, 0.0068], [0.0116, 0.0107, 0.0107, 0.0107, 0.0107], [0.0106, 0.0098, 0.0106, 0.0105, 0.0105], [0.0105, 0.0107, 0.0125, 0.0107, 0.0107], [0.0107, 0.0106, 0.009, 0.0091, 0.0157], [0.0105, 0.0138, 0.0142, 0.0105, 0.0221], [0.0105, 0.0106, 0.0107, 0.0091, 0.0129], [0.014, 0.0105, 0.009, 0.0118, 0.0105], [0.0105, 0.0109, 0.0107, 0.0105, 0.0097], [0.0106, 0.0107, 0.0106, 0.0105, 0.0097], [0.0105, 0.0106, 0.0106, 0.0105, 0.0104], [0.0095, 0.0097, 0.0093, 0.0113, 0.0108], [0.0091, 0.0107, 0.0105, 0.0105, 0.0106], [0.0096, 0.0106, 0.0107, 0.0105, 0.0085], [0.0106, 0.0091, 0.0175, 0.0116, 0.0106], [0.009, 0.0105, 0.0091, 0.0097, 0.0105], [0.0105, 0.0106, 0.012, 0.0172, 0.0169], [0.0106, 0.0107, 0.0106, 0.0156, 0.0091], [0.0068, 0.0136, 0.0108, 0.0091, 0.0094], [0.0105, 0.0105, 0.0106, 0.0097, 0.009], [0.0086, 0.0098, 0.0103, 0.0159, 0.0107], [0.0106, 0.0107, 0.0107, 0.0097, 0.0091]] Network sets raw:[[2.249, 0.82, 1.3776, 1.076, 1.0612], [2.1422, 1.1599, 1.102, 1.1593, 1.0288], [2.0128, 1.4235, 0.9513, 1.1132, 1.1271], [2.0783, 1.3365, 0.9048, 0.9026, 1.2772], [2.4099, 0.9189, 1.0719, 0.8535, 1.1814], [2.2151, 1.007, 1.1165, 0.9942, 1.1315], [2.3058, 0.9246, 1.04, 0.9602, 1.0813], [2.0799, 1.0355, 1.1823, 0.9642, 1.1924], [2.1407, 1.3726, 0.9508, 1.027, 1.0398], [2.0705, 1.4877, 0.9055, 1.2306, 1.1], [2.2155, 1.2141, 0.9509, 1.0242, 1.097], [2.2087, 1.0345, 1.1225, 1.126, 1.1831], [2.1518, 0.8826, 1.157, 1.0854, 1.1018], [2.2152, 1.1427, 1.0672, 0.8383, 1.1374], [2.1281, 1.4203, 0.9374, 1.0467, 0.8583], [1.9543, 1.5456, 0.9006, 1.0189, 1.1234], [1.9342, 1.4092, 0.891, 1.0267, 1.1619], [2.1624, 1.3209, 0.8822, 0.8643, 1.1958], [2.286, 1.165, 1.0482, 1.0223, 1.0306], [2.4101, 1.01, 1.1496, 1.0626, 1.108], [2.0798, 1.0532, 1.251, 1.0147, 0.9659], [2.0446, 1.35, 1.0426, 1.1399, 0.9619], [2.0306, 1.4227, 0.9587, 1.0922, 1.0897], [1.9495, 1.3341, 0.9021, 1.0682, 1.2426], [2.3918, 1.0144, 1.0713, 0.8061, 1.1846], [2.3415, 0.9783, 1.0937, 0.8019, 1.1883], [2.1531, 0.9726, 1.2494, 0.9745, 1.1082], [2.1815, 1.1714, 1.5009, 1.675, 1.9922], [2.0126, 1.4831, 0.9714, 1.0968, 1.1172]] bytes sent:[] bytes recv:200704 on avg per image: 0.6640s with std: 0.0384s network time: 1.3162s and network std: 0.4562s network time per img: 0.1316 compute time: 0.5324s compute/network ratio: 0.4045 and throughput 1.5060 img/s
