Code start -> moving to subprocess
[Gloo] Rank 1 is connected to 3 peer ranks. Expected number of connected peer ranks is : 3
Model resnet18 and split children
10 ['conv1', 'bn1', 'relu', 'maxpool', 'layer1']
[3, 3, 2, 2]
{'relu': <SplitPoint.END: 2>, 'layer2': <SplitPoint.END: 2>, 'layer4': <SplitPoint.END: 2>, 'fc': <SplitPoint.END: 2>}
4
2026-04-07 06:09:59.657389 Split done -> model sync start
2026-04-07 06:10:31.298356 Sync done -> model run start
2026-04-07 06:11:07.964730 Sync done -> model run start
2026-04-07 06:11:44.728830 Sync done -> model run start
2026-04-07 06:12:21.402837 Sync done -> model run start
2026-04-07 06:12:58.083990 Sync done -> model run start
2026-04-07 06:13:34.806317 Sync done -> model run start
2026-04-07 06:14:11.394655 Sync done -> model run start
2026-04-07 06:14:47.931356 Sync done -> model run start
2026-04-07 06:15:24.486867 Sync done -> model run start
2026-04-07 06:16:00.887671 Sync done -> model run start
2026-04-07 06:16:37.428351 Sync done -> model run start
2026-04-07 06:17:14.069869 Sync done -> model run start
2026-04-07 06:17:50.950419 Sync done -> model run start
2026-04-07 06:18:27.542686 Sync done -> model run start
2026-04-07 06:19:04.303862 Sync done -> model run start
2026-04-07 06:19:40.777641 Sync done -> model run start
2026-04-07 06:20:17.266622 Sync done -> model run start
2026-04-07 06:20:53.750966 Sync done -> model run start
2026-04-07 06:21:30.384171 Sync done -> model run start
2026-04-07 06:22:06.897436 Sync done -> model run start
2026-04-07 06:22:43.411315 Sync done -> model run start
2026-04-07 06:23:20.051996 Sync done -> model run start
2026-04-07 06:23:56.880547 Sync done -> model run start
2026-04-07 06:24:33.333364 Sync done -> model run start
2026-04-07 06:25:09.969458 Sync done -> model run start
2026-04-07 06:25:46.634275 Sync done -> model run start
2026-04-07 06:26:23.228109 Sync done -> model run start
2026-04-07 06:26:59.791772 Sync done -> model run start
2026-04-07 06:27:36.282605 Sync done -> model run start
2026-04-07 06:28:12.831948 Sync done -> model run start
2026-04-07 06:28:51.445997 Sync done -> model run start
rank 1 FLOP count: 3493855232 and full time*10**9 s/op: 0.1658
Time taken by rank:1 in total(avg): 5.7936s Batch time sets raw:[[0.8313, 0.8313, 0.8809, 0.8809, 1.1006, 1.1006, 0.8723, 0.8723, 0.8704, 0.8704], [0.8256, 0.8256, 1.1205, 1.1205, 0.8463, 0.8463, 0.9573, 0.9573, 0.9175, 0.9175], [0.8398, 0.8398, 0.9261, 0.9261, 0.9139, 0.9139, 0.9483, 0.9483, 0.9163, 0.9163], [0.8677, 0.8677, 0.9081, 0.9081, 0.8487, 0.8487, 0.7959, 0.7959, 0.9444, 0.9444], [1.0446, 1.0446, 0.872, 0.872, 0.8743, 0.8743, 0.8012, 0.8012, 0.88, 0.88], [1.0113, 1.0113, 0.8202, 0.8202, 0.8959, 0.8959, 0.9185, 0.9185, 0.8284, 0.8284], [0.8144, 0.8144, 0.8559, 0.8559, 0.9723, 0.9723, 0.8256, 0.8256, 0.8598, 0.8598], [0.7405, 0.7405, 0.9139, 0.9139, 0.9504, 0.9504, 0.813, 0.813, 0.9353, 0.9353], [0.891, 0.891, 1.0324, 1.0324, 0.854, 0.854, 0.7586, 0.7586, 0.8758, 0.8758], [0.8254, 0.8254, 1.0795, 1.0795, 0.9129, 0.9129, 0.9952, 0.9952, 0.8775, 0.8775], [0.9789, 0.9789, 0.9406, 0.9406, 0.8238, 0.8238, 0.899, 0.899, 0.8153, 0.8153], [0.9879, 0.9879, 0.8212, 0.8212, 0.9235, 0.9235, 0.8883, 0.8883, 0.9081, 0.9081], [0.7851, 0.7851, 0.8977, 0.8977, 0.9562, 0.9562, 0.8674, 0.8674, 0.9088, 0.9088], [0.8177, 0.8177, 1.0357, 1.0357, 0.8932, 0.8932, 0.7858, 0.7858, 0.895, 0.895], [0.8432, 0.8432, 1.0516, 1.0516, 0.8712, 0.8712, 0.8583, 0.8583, 0.7632, 0.7632], [0.8475, 0.8475, 1.0482, 1.0482, 0.9028, 0.9028, 0.9253, 0.9253, 0.8442, 0.8442], [0.7193, 0.7193, 1.0352, 1.0352, 0.8196, 0.8196, 0.8904, 0.8904, 0.8928, 0.8928], [0.9036, 0.9036, 0.8918, 0.8918, 0.8714, 0.8714, 0.8513, 0.8513, 0.8804, 0.8804], [0.9763, 0.9763, 0.9261, 0.9261, 0.8892, 0.8892, 0.8421, 0.8421, 0.8819, 0.8819], [0.9996, 0.9996, 0.9498, 0.9498, 0.9164, 0.9164, 0.9368, 0.9368, 0.8527, 0.8527], [0.7384, 0.7384, 1.0875, 1.0875, 0.9254, 0.9254, 0.8136, 0.8136, 0.8694, 0.8694], [0.8126, 0.8126, 1.0595, 1.0595, 0.8695, 0.8695, 0.9409, 0.9409, 0.9192, 0.9192], [0.8127, 0.8127, 1.0537, 1.0537, 0.8983, 0.8983, 0.8576, 0.8576, 0.947, 0.947], [0.8668, 0.8668, 0.8476, 0.8476, 0.8772, 0.8772, 0.9125, 0.9125, 0.9389, 0.9389], [1.0308, 1.0308, 0.8912, 0.8912, 0.9024, 0.9024, 0.7701, 0.7701, 0.8725, 0.8725], [0.928, 0.928, 0.9041, 0.9041, 0.8924, 0.8924, 0.7935, 0.7935, 0.8729, 0.8729], [0.7529, 0.7529, 0.9212, 0.9212, 1.0226, 1.0226, 0.8685, 0.8685, 0.8751, 0.8751], [0.7554, 0.7554, 1.0923, 1.0923, 1.3336, 1.3336, 1.3815, 1.3815, 1.4424, 1.4424], [0.8065, 0.8065, 1.1123, 1.1123, 0.8822, 0.8822, 0.902, 0.902, 0.8786, 0.8786]] Network sets raw:[[0.3696, 0, 0.2158, 0, 0.2024, 0, 0.2171, 0, 0.2091, 0.0111], [0.3408, 0, 0.2161, 0, 0.205, 0, 0.2152, 0, 0.2048, 0.0035], [0.3679, 0, 0.2186, 0, 0.2065, 0, 0.2177, 0, 0.2048, 0.0035], [0.3812, 0, 0.2194, 0, 0.207, 0, 0.217, 0, 0.2056, 0.0195], [0.3343, 0, 0.2173, 0, 0.2063, 0, 0.2184, 0, 0.2085, 0.0043], [0.3357, 0, 0.2213, 0, 0.2065, 0, 0.2185, 0, 0.2059, 0.002], [0.3404, 0, 0.218, 0, 0.2119, 0, 0.2156, 0, 0.2189, 0.0037], [0.4083, 0, 0.2151, 0, 0.219, 0, 0.2185, 0, 0.2199, 0.0038], [0.4014, 0, 0.2124, 0, 0.2177, 0, 0.2088, 0, 0.2185, 0.0035], [0.3643, 0, 0.2185, 0, 0.2075, 0, 0.2172, 0, 0.2049, 0.0039], [0.362, 0, 0.2212, 0, 0.2059, 0, 0.2173, 0, 0.2046, 0.0038], [0.3444, 0, 0.2172, 0, 0.2073, 0, 0.2191, 0, 0.2049, 0.0035], [0.3346, 0, 0.2177, 0, 0.2099, 0, 0.2242, 0, 0.2062, 0.0035], [0.3476, 0, 0.2156, 0, 0.2035, 0, 0.2177, 0, 0.2029, 0.0041], [0.3762, 0, 0.2217, 0, 0.2048, 0, 0.2171, 0, 0.208, 0.002], [0.3538, 0, 0.2179, 0, 0.2062, 0, 0.2182, 0, 0.2042, 0.0163], [0.3425, 0, 0.2223, 0, 0.2031, 0, 0.2202, 0, 0.2059, 0.0038], [0.3758, 0, 0.2192, 0, 0.2189, 0, 0.2062, 0, 0.2196, 0.0021], [0.3697, 0, 0.2202, 0, 0.2055, 0, 0.2184, 0, 0.2079, 0.0042], [0.3673, 0, 0.2166, 0, 0.2049, 0, 0.2182, 0, 0.2046, 0.004], [0.3485, 0, 0.2163, 0, 0.2048, 0, 0.2152, 0, 0.2038, 0.0036], [0.3459, 0, 0.2148, 0, 0.2051, 0, 0.2202, 0, 0.2067, 0.0035], [0.3429, 0, 0.2155, 0, 0.2041, 0, 0.2157, 0, 0.203, 0.0037], [0.3586, 0, 0.2207, 0, 0.2047, 0, 0.2176, 0, 0.204, 0.0035], [0.3625, 0, 0.2166, 0, 0.214, 0, 0.2053, 0, 0.2172, 0.0035], [0.3592, 0, 0.2185, 0, 0.2063, 0, 0.2183, 0, 0.2043, 0.0037], [0.3407, 0, 0.2223, 0, 0.2086, 0, 0.221, 0, 0.213, 0.0143], [0.3652, 0, 0.2184, 0, 0.2725, 0, 0.2332, 0, 0.6259, 0.0036], [0.3836, 0, 0.2187, 0, 0.2053, 0, 0.2176, 0, 0.2047, 0.002]] bytes sent:[[802816], [802816], [802816], [802816], [802816]] bytes recv:6422528 on avg per image: 0.5794s with std: 0.0380s network time: 0.1232s and network std: 0.1312s network time per img: 0.0123 compute time: 0.5670s compute/network ratio: 4.6013 and throughput 1.7260 img/s
