ALL SYNC
2026-04-21 07:18:46.358508 Sync done -> model run start
2026-04-21 07:18:46.358508 Sync done -> model run start
2026-04-21 07:18:46.358508 Sync done -> model run start
2026-04-21 07:18:46.358508 Sync done -> model run start
3 0.026 [0.025493599008768797]
0 0.026 [0.02549344301223755]
1 0.026 [0.02549396315589547]
2 0.026 [0.02549333800561726]
2026-04-21 07:18:47.116798 Sync done -> model run start
2026-04-21 07:18:47.131901 Sync done -> model run start
2026-04-21 07:18:47.134551 Sync done -> model run start
2026-04-21 07:18:47.153864 Sync done -> model run start
2 0.004 [0.004163829144090414]
1 0.004 [0.00409523700363934]
3 0.003 [0.002847691997885704]
0 0.006 [0.005629705963656306]
2026-04-21 07:18:50.793568 Sync done -> model run start
2026-04-21 07:18:50.805356 Sync done -> model run start
2026-04-21 07:18:50.814600 Sync done -> model run start
2026-04-21 07:18:50.841026 Sync done -> model run start
0 0.007 [0.006718554068356752]
1 0.004 [0.004249349934980273]
2 0.003 [0.003390293102711439]
3 0.003 [0.0031684190034866333]
2026-04-21 07:18:54.479641 Sync done -> model run start
2026-04-21 07:18:54.486286 Sync done -> model run start
2026-04-21 07:18:54.493128 Sync done -> model run start
2026-04-21 07:18:54.502688 Sync done -> model run start
0 0.01 [0.008997082011774182]
2 0.005 [0.0048270029947161674]
3 0.003 [0.002860869048163295]
1 0.005 [0.004980752011761069]
2026-04-21 07:18:58.181123 Sync done -> model run start
2026-04-21 07:18:58.185877 Sync done -> model run start
2026-04-21 07:18:58.202236 Sync done -> model run start
2026-04-21 07:18:58.208119 Sync done -> model run start
0 0.005 [0.004739972064271569]
1 0.004 [0.004241172922775149]
3 0.004 [0.003982373047620058]
2 0.003 [0.0030853459611535072]
2026-04-21 07:18:58.279846 Sync done -> model run start
net_times: [[46.08, 0.0, 2420736, 0], [0.569, 0.0, 2420736, 0], [3.481, 0.0, 2420736, 0], [3.422, 0.0, 2420736, 0], [3.505, 0.0, 2420736, 0]]
echo 'race4fun' | sudo -S sh -c 'journalctl --since "2026-04-21 07:17:59.808988" --until "2026-04-21 07:18:58.279846" -k -o short-iso '| grep -i -E 'throttle|throttled|thermal|cpufreq|under-voltage|voltage'
