ALL SYNC
2026-04-21 07:18:39.662729 Sync done -> model run start
2026-04-21 07:18:39.662724 Sync done -> model run start
2026-04-21 07:18:39.663711 Sync done -> model run start
2026-04-21 07:18:39.662854 Sync done -> model run start
1 1.172 [1.1718106949701905]
3 1.177 [1.1763060421217233]
0 1.249 [1.2489304561167955]
2 1.298 [1.2977960538119078]
2026-04-21 07:18:46.227618 Sync done -> model run start
2026-04-21 07:18:46.244691 Sync done -> model run start
2026-04-21 07:18:46.267716 Sync done -> model run start
2026-04-21 07:18:46.285813 Sync done -> model run start
0 0.591 [0.5905769958626479]
1 0.591 [0.5904269961174577]
3 0.588 [0.5880032549612224]
2 0.636 [0.635881929891184]
2026-04-21 07:18:49.843842 Sync done -> model run start
2026-04-21 07:18:49.859933 Sync done -> model run start
2026-04-21 07:18:49.888772 Sync done -> model run start
2026-04-21 07:18:49.912837 Sync done -> model run start
0 0.643 [0.6432474739849567]
1 0.641 [0.640898056095466]
3 0.625 [0.624726033071056]
2 0.687 [0.6872237150091678]
2026-04-21 07:18:53.545353 Sync done -> model run start
2026-04-21 07:18:53.571323 Sync done -> model run start
2026-04-21 07:18:53.578973 Sync done -> model run start
2026-04-21 07:18:53.602191 Sync done -> model run start
0 0.607 [0.6072126619983464]
1 0.601 [0.6003339381422848]
3 0.599 [0.5987041001208127]
2 0.647 [0.6467360549140722]
2026-04-21 07:18:57.258577 Sync done -> model run start
2026-04-21 07:18:57.267087 Sync done -> model run start
2026-04-21 07:18:57.296185 Sync done -> model run start
2026-04-21 07:18:57.313430 Sync done -> model run start
1 0.612 [0.6119866019580513]
0 0.63 [0.6300847111269832]
3 0.606 [0.6059434991329908]
2 0.656 [0.6559784677810967]
2026-04-21 07:18:58.122472 Sync done -> model run start
net_times: [[39.03, 4.829, 4841472, 2252488], [0.029, 0.082, 4841472, 2375], [2.507, 0.079, 4841472, 2375], [2.527, 0.093, 4841472, 2375], [2.562, 0.078, 4841472, 2375]]
echo 'race4fun' | sudo -S sh -c 'journalctl --since "2026-04-21 07:17:59.813781" --until "2026-04-21 07:18:58.122472" -k -o short-iso '| grep -i -E 'throttle|throttled|thermal|cpufreq|under-voltage|voltage'
