ALL SYNC
2026-04-21 07:18:00.594052 Sync done -> model run start
2026-04-21 07:18:00.594052 Sync done -> model run start
2026-04-21 07:18:00.594052 Sync done -> model run start
2026-04-21 07:18:00.594052 Sync done -> model run start
2 2.174 [2.174039175035432]
0 2.174 [2.1740814140066504]
1 2.184 [2.1843103000428528]
3 2.283 [2.2830808321014047]
2026-04-21 07:18:12.728231 Sync done -> model run start
2026-04-21 07:18:12.728231 Sync done -> model run start
2026-04-21 07:18:12.741516 Sync done -> model run start
2026-04-21 07:18:12.757395 Sync done -> model run start
1 2.032 [2.0318197461310774]
2 2.048 [2.0476545579731464]
2026-04-21 07:18:26.117997 Sync done -> model run start
2026-04-21 07:18:26.118345 Sync done -> model run start
2026-04-21 07:18:26.127934 Sync done -> model run start
2026-04-21 07:18:26.137692 Sync done -> model run start
1 2.096 [2.095854853047058]
0 2.096 [2.09588271798566]
3 2.107 [2.1073061330243945]
2 2.201 [2.201173967914656]
2026-04-21 07:18:39.865997 Sync done -> model run start
2026-04-21 07:18:39.866827 Sync done -> model run start
2026-04-21 07:18:39.887094 Sync done -> model run start
2026-04-21 07:18:39.903384 Sync done -> model run start
2 2.095 [2.094285717001185]
1 2.092 [2.091448795981705]
3 2.118 [2.1182629610411823]
0 2.166 [2.166154014179483]
2026-04-21 07:18:46.851388 Sync done -> model run start
2026-04-21 07:18:46.851384 Sync done -> model run start
2026-04-21 07:18:46.863391 Sync done -> model run start
2026-04-21 07:18:46.874931 Sync done -> model run start
0 2.086 [2.085532467113808]
1 2.086 [2.0855310081969947]
2 2.116 [2.1156059498898685]
3 2.195 [2.195067617110908]
2026-04-21 07:18:49.743895 Sync done -> model run start
net_times: [[0.0, 8.989, 0, 4529019], [0.0, 10.356, 0, 4735], [0.0, 10.657, 0, 4735], [0.0, 3.94, 0, 4735], [0.0, 0.565, 0, 4735]]
echo 'race4fun' | sudo -S sh -c 'journalctl --since "2026-04-21 07:17:58.795516" --until "2026-04-21 07:18:49.743895" -k -o short-iso '| grep -i -E 'throttle|throttled|thermal|cpufreq|under-voltage|voltage'
