ALL SYNC
2026-04-21 07:18:27.077818 Sync done -> model run start
2026-04-21 07:18:27.077818 Sync done -> model run start
2026-04-21 07:18:27.085512 Sync done -> model run start
2026-04-21 07:18:27.128506 Sync done -> model run start
1 2.439 [2.438710837159306]
3 2.434 [2.433964656898752]
2 2.451 [2.450637871865183]
0 2.523 [2.523094041040167]
2026-04-21 07:18:39.771425 Sync done -> model run start
2026-04-21 07:18:39.771419 Sync done -> model run start
2026-04-21 07:18:39.796222 Sync done -> model run start
2026-04-21 07:18:39.840706 Sync done -> model run start
0 2.391 [2.390348788816482]
1 2.391 [2.390349048888311]
2 2.409 [2.4084391850046813]
3 2.486 [2.4858005431015044]
2026-04-21 07:18:46.854886 Sync done -> model run start
2026-04-21 07:18:46.878741 Sync done -> model run start
2026-04-21 07:18:46.897420 Sync done -> model run start
2026-04-21 07:18:46.898417 Sync done -> model run start
0 2.343 [2.3425783531274647]
2 2.346 [2.3455511031206697]
3 2.355 [2.354803305119276]
1 2.438 [2.4379479731433094]
2026-04-21 07:18:50.462694 Sync done -> model run start
2026-04-21 07:18:50.482826 Sync done -> model run start
2026-04-21 07:18:50.485252 Sync done -> model run start
2026-04-21 07:18:50.554442 Sync done -> model run start
2 2.394 [2.3942072100471705]
1 2.388 [2.388214057078585]
3 2.477 [2.477013963041827]
0 2.382 [2.3812330949585885]
2026-04-21 07:18:54.172782 Sync done -> model run start
2026-04-21 07:18:54.201808 Sync done -> model run start
2026-04-21 07:18:54.215633 Sync done -> model run start
2026-04-21 07:18:54.218738 Sync done -> model run start
0 2.352 [2.35154264094308]
2 2.362 [2.362255410058424]
3 2.373 [2.3725939618889242]
1 2.476 [2.476259381044656]
2026-04-21 07:18:56.998154 Sync done -> model run start
net_times: [[25.383, 9.106, 4841472, 4507245], [0.051, 3.554, 4841472, 4735], [0.025, 0.158, 4841472, 4735], [0.024, 0.158, 4841472, 4735], [0.026, 0.179, 4841472, 4735]]
echo 'race4fun' | sudo -S sh -c 'journalctl --since "2026-04-21 07:17:59.812339" --until "2026-04-21 07:18:56.998154" -k -o short-iso '| grep -i -E 'throttle|throttled|thermal|cpufreq|under-voltage|voltage'
