ALL SYNC
2026-04-21 07:17:07.706786 Sync done -> model run start
2026-04-21 07:17:07.706787 Sync done -> model run start
2026-04-21 07:17:07.706786 Sync done -> model run start
2026-04-21 07:17:07.740651 Sync done -> model run start
2 3.632 [3.631494834087789]
1 3.632 [3.631495407084003]
0 3.65 [3.650219760136679]
3 3.744 [3.743418294005096]
2026-04-21 07:17:12.869969 Sync done -> model run start
2026-04-21 07:17:12.869969 Sync done -> model run start
2026-04-21 07:17:12.924993 Sync done -> model run start
2026-04-21 07:17:12.986986 Sync done -> model run start
0 3.572 [3.5721125709824264]
3 3.576 [3.575607660925016]
2 3.688 [3.6876917970366776]
1 3.572 [3.57211262290366]
2026-04-21 07:17:18.131089 Sync done -> model run start
2026-04-21 07:17:18.176651 Sync done -> model run start
2026-04-21 07:17:18.176645 Sync done -> model run start
2026-04-21 07:17:18.197325 Sync done -> model run start
1 3.486 [3.4854010930284858]
3 3.476 [3.475617069983855]
2 3.48 [3.4797480429988354]
0 3.609 [3.6091962771024555]
2026-04-21 07:17:23.406418 Sync done -> model run start
2026-04-21 07:17:23.407619 Sync done -> model run start
2026-04-21 07:17:23.435501 Sync done -> model run start
2026-04-21 07:17:23.489598 Sync done -> model run start
0 3.552 [3.5518033280968666]
1 3.554 [3.553452903870493]
2 3.563 [3.5632068240083754]
3 3.671 [3.671212902991101]
2026-04-21 07:17:28.708710 Sync done -> model run start
2026-04-21 07:17:28.730922 Sync done -> model run start
2026-04-21 07:17:28.787753 Sync done -> model run start
2026-04-21 07:17:28.834318 Sync done -> model run start
1 3.499 [3.4988476529251784]
3 3.5 [3.499569784849882]
0 3.492 [3.491919606924057]
2 3.599 [3.5986239209305495]
2026-04-21 07:17:32.532143 Sync done -> model run start
net_times: [[16.923, 0.0, 4841472, 0], [0.039, 0.0, 4841472, 0], [0.085, 0.0, 4841472, 0], [0.293, 0.0, 4841472, 0], [0.229, 0.0, 4841472, 0]]
echo 'race4fun' | sudo -S sh -c 'journalctl --since "2026-04-21 07:16:47.927355" --until "2026-04-21 07:17:32.532143" -k -o short-iso '| grep -i -E 'throttle|throttled|thermal|cpufreq|under-voltage|voltage'
