ALL SYNC
2026-04-21 07:16:49.951593 Sync done -> model run start
2026-04-21 07:16:49.951593 Sync done -> model run start
2026-04-21 07:16:49.951593 Sync done -> model run start
2026-04-21 07:16:49.951593 Sync done -> model run start
1 5.151 [5.150867394870147]
2 5.154 [5.15381546295248]
0 5.151 [5.150624479167163]
3 5.287 [5.286775968037546]
2026-04-21 07:17:06.186366 Sync done -> model run start
2026-04-21 07:17:06.186365 Sync done -> model run start
2026-04-21 07:17:06.212009 Sync done -> model run start
2026-04-21 07:17:06.229030 Sync done -> model run start
2 3.615 [3.6149155031889677]
3 3.626 [3.625669230008498]
0 3.748 [3.7478502278681844]
1 3.611 [3.6109661359805614]
2026-04-21 07:17:12.894414 Sync done -> model run start
2026-04-21 07:17:12.908812 Sync done -> model run start
2026-04-21 07:17:12.912983 Sync done -> model run start
2026-04-21 07:17:12.942101 Sync done -> model run start
0 3.536 [3.53578600496985]
2 3.562 [3.562185482122004]
1 3.673 [3.6730361389927566]
2026-04-21 07:17:18.114142 Sync done -> model run start
2026-04-21 07:17:18.114142 Sync done -> model run start
2026-04-21 07:17:18.135000 Sync done -> model run start
2026-04-21 07:17:18.174955 Sync done -> model run start
1 3.618 [3.618227939121425]
0 3.618 [3.6182277828920633]
2 3.656 [3.6558997889515013]
3 3.774 [3.773772048065439]
2026-04-21 07:17:23.461497 Sync done -> model run start
2026-04-21 07:17:23.461497 Sync done -> model run start
2026-04-21 07:17:23.498839 Sync done -> model run start
2026-04-21 07:17:23.520402 Sync done -> model run start
0 3.601 [3.6012164319399744]
1 3.606 [3.605835277121514]
3 3.618 [3.6177937421016395]
2 3.733 [3.733001371147111]
2026-04-21 07:17:27.537629 Sync done -> model run start
net_times: [[0.0, 9.462, 0, 4496250], [0.0, 1.586, 0, 4735], [0.0, 0.163, 0, 4735], [0.0, 0.161, 0, 4735], [0.0, 0.159, 0, 4735]]
echo 'race4fun' | sudo -S sh -c 'journalctl --since "2026-04-21 07:16:46.918196" --until "2026-04-21 07:17:27.537629" -k -o short-iso '| grep -i -E 'throttle|throttled|thermal|cpufreq|under-voltage|voltage'
