ALL SYNC
2026-04-21 07:18:13.709302 Sync done -> model run start
2026-04-21 07:18:13.709298 Sync done -> model run start
2026-04-21 07:18:13.709298 Sync done -> model run start
2026-04-21 07:18:13.753019 Sync done -> model run start
2 2.179 [2.1784541339147836]
1 2.193 [2.1926786589901894]
3 2.199 [2.199162932112813]
0 2.272 [2.2717291391454637]
2026-04-21 07:18:26.048979 Sync done -> model run start
2026-04-21 07:18:26.082481 Sync done -> model run start
2026-04-21 07:18:26.102257 Sync done -> model run start
2026-04-21 07:18:26.103128 Sync done -> model run start
0 2.127 [2.126861269120127]
2 2.134 [2.1339975679293275]
3 2.146 [2.145756383193657]
1 2.219 [2.218367121880874]
2026-04-21 07:18:39.829296 Sync done -> model run start
2026-04-21 07:18:39.829277 Sync done -> model run start
2026-04-21 07:18:39.862455 Sync done -> model run start
2026-04-21 07:18:39.886461 Sync done -> model run start
1 2.156 [2.15568293700926]
0 2.156 [2.155696999048814]
2 2.167 [2.1663822289556265]
3 2.244 [2.2440882939845324]
2026-04-21 07:18:46.868392 Sync done -> model run start
2026-04-21 07:18:46.870690 Sync done -> model run start
2026-04-21 07:18:46.871430 Sync done -> model run start
2026-04-21 07:18:46.897827 Sync done -> model run start
2 2.171 [2.1705466851126403]
1 2.174 [2.1736311400309205]
3 2.191 [2.19133584597148]
0 2.285 [2.2850974639877677]
2026-04-21 07:18:50.467680 Sync done -> model run start
2026-04-21 07:18:50.498436 Sync done -> model run start
2026-04-21 07:18:50.517068 Sync done -> model run start
2026-04-21 07:18:50.517977 Sync done -> model run start
0 2.122 [2.1213479549624026]
2 2.121 [2.121144935954362]
3 2.152 [2.1521340711042285]
1 2.221 [2.2210637459065765]
2026-04-21 07:18:53.371204 Sync done -> model run start
net_times: [[12.124, 9.084, 4841472, 4523527], [0.051, 10.553, 4841472, 4735], [0.04, 3.813, 4841472, 4735], [0.024, 0.406, 4841472, 4735], [0.026, 0.519, 4841472, 4735]]
echo 'race4fun' | sudo -S sh -c 'journalctl --since "2026-04-21 07:17:59.806699" --until "2026-04-21 07:18:53.371204" -k -o short-iso '| grep -i -E 'throttle|throttled|thermal|cpufreq|under-voltage|voltage'
