TIME:19:39:53
cpu:4.07 3.76 3.34
TIME:19:39:54
cpu:4.63 3.88 3.39
TIME:19:39:55
cpu:4.63 3.88 3.39
TIME:19:39:56
cpu:4.63 3.88 3.39
TIME:19:39:57
cpu:4.63 3.88 3.39
TIME:19:39:58
cpu:4.74 3.92 3.40
TIME:19:39:59
cpu:4.74 3.92 3.40
TIME:19:40:00
cpu:4.74 3.92 3.40
TIME:19:40:01
cpu:4.74 3.92 3.40
TIME:19:40:02
cpu:4.74 3.92 3.40
TIME:19:40:03
cpu:4.52 3.89 3.40
TIME:19:40:04
cpu:4.52 3.89 3.40
TIME:19:40:05
cpu:4.52 3.89 3.40
TIME:19:40:06
cpu:4.52 3.89 3.40
TIME:19:40:07
cpu:4.52 3.89 3.40
TIME:19:40:08
cpu:4.48 3.89 3.40
TIME:19:40:09
cpu:4.48 3.89 3.40
TIME:19:40:10
cpu:4.48 3.89 3.40
TIME:19:40:11
cpu:4.48 3.89 3.40
TIME:19:40:12
cpu:4.48 3.89 3.40
TIME:19:40:13
cpu:4.44 3.89 3.40
TIME:19:40:14
cpu:4.44 3.89 3.40
TIME:19:40:15
cpu:4.44 3.89 3.40
TIME:19:40:16
cpu:4.44 3.89 3.40
TIME:19:40:17
cpu:4.44 3.89 3.40
TIME:19:40:18
cpu:4.32 3.87 3.40
TIME:19:40:19
cpu:4.32 3.87 3.40
TIME:19:40:20
cpu:4.32 3.87 3.40
TIME:19:40:21
cpu:4.32 3.87 3.40
TIME:19:40:22
cpu:4.32 3.87 3.40
TIME:19:40:23
cpu:4.22 3.86 3.40
TIME:19:40:25
cpu:4.22 3.86 3.40
TIME:19:40:26
cpu:4.22 3.86 3.40
TIME:19:40:27
cpu:4.22 3.86 3.40
TIME:19:40:28
cpu:4.22 3.86 3.40
TIME:19:40:29
cpu:4.04 3.83 3.39
TIME:19:40:30
cpu:4.04 3.83 3.39
TIME:19:40:31
cpu:4.04 3.83 3.39
TIME:19:40:32
cpu:4.04 3.83 3.39
TIME:19:40:33
cpu:4.04 3.83 3.39
TIME:19:40:34
cpu:4.12 3.85 3.40
TIME:19:40:35
cpu:4.12 3.85 3.40
TIME:19:40:36
cpu:4.12 3.85 3.40
TIME:19:40:37
cpu:4.12 3.85 3.40
TIME:19:40:38
cpu:4.12 3.85 3.40
TIME:19:40:39
cpu:3.87 3.80 3.38
TIME:19:40:40
cpu:3.87 3.80 3.38
TIME:19:40:41
cpu:3.87 3.80 3.38
TIME:19:40:42
cpu:3.87 3.80 3.38
TIME:19:40:43
cpu:3.87 3.80 3.38
TIME:19:40:44
cpu:4.04 3.83 3.40
TIME:19:40:45
cpu:4.04 3.83 3.40
TIME:19:40:46
cpu:4.04 3.83 3.40
TIME:19:40:47
cpu:4.04 3.83 3.40
TIME:19:40:48
cpu:4.04 3.83 3.40
TIME:19:40:49
cpu:4.43 3.92 3.43
TIME:19:40:50
cpu:4.43 3.92 3.43
TIME:19:40:51
cpu:4.43 3.92 3.43
TIME:19:40:52
cpu:4.43 3.92 3.43
TIME:19:40:53
cpu:4.32 3.90 3.43
