<<<<<<<< HEAD:logs/roofline/resnet18_children_bramble-4-5/2/7_size/2_5/speed_heatbramble-4-5-26.log
TIME:17:02:38
40780
cpu:0.57, 0.57, 0.60,freq:frequency(48)=900000000,throttle_flag:throttled=0x50000,voltage:volt=1.2625V,volt=1.2500V,volt=1.2500V,volt=1.2250V
TIME:17:02:39
41318
cpu:0.57, 0.57, 0.60,freq:frequency(48)=600000000,throttle_flag:throttled=0x50005,voltage:volt=1.2000V,volt=1.2500V,volt=1.2500V,volt=1.2250V
TIME:17:02:40
41318
cpu:0.52, 0.56, 0.60,freq:frequency(48)=600000000,throttle_flag:throttled=0x50005,voltage:volt=1.2000V,volt=1.2500V,volt=1.2500V,volt=1.2250V
TIME:17:02:41
40780
cpu:0.52, 0.56, 0.60,freq:frequency(48)=600000000,throttle_flag:throttled=0x50005,voltage:volt=1.2000V,volt=1.2500V,volt=1.2500V,volt=1.2250V
TIME:17:02:42
41318
cpu:0.52, 0.56, 0.60,freq:frequency(48)=1400000000,throttle_flag:throttled=0x50000,voltage:volt=1.3625V,volt=1.2500V,volt=1.2500V,volt=1.2250V
TIME:17:02:43
41318
cpu:0.52, 0.56, 0.60,freq:frequency(48)=700000000,throttle_flag:throttled=0x50000,voltage:volt=1.2625V,volt=1.2500V,volt=1.2500V,volt=1.2250V
TIME:17:02:45
41856
cpu:0.48, 0.55, 0.59,freq:frequency(48)=1400002000,throttle_flag:throttled=0x50000,voltage:volt=1.3625V,volt=1.2500V,volt=1.2500V,volt=1.2250V
TIME:17:02:46
41856
cpu:0.48, 0.55, 0.59,freq:frequency(48)=1400000000,throttle_flag:throttled=0x50000,voltage:volt=1.3625V,volt=1.2500V,volt=1.2500V,volt=1.2250V
TIME:17:02:47
41856
cpu:0.48, 0.55, 0.59,freq:frequency(48)=1400002000,throttle_flag:throttled=0x50000,voltage:volt=1.3625V,volt=1.2500V,volt=1.2500V,volt=1.2250V
TIME:17:02:48
41856
cpu:0.48, 0.55, 0.59,freq:frequency(48)=1400000000,throttle_flag:throttled=0x50000,voltage:volt=1.3625V,volt=1.2500V,volt=1.2500V,volt=1.2250V
TIME:17:02:49
42394
cpu:0.48, 0.55, 0.59,freq:frequency(48)=1400000000,throttle_flag:throttled=0x50000,voltage:volt=1.3625V,volt=1.2500V,volt=1.2500V,volt=1.2250V
TIME:17:02:50
41318
cpu:0.44, 0.54, 0.59,freq:frequency(48)=700000000,throttle_flag:throttled=0x50000,voltage:volt=1.2625V,volt=1.2500V,volt=1.2500V,volt=1.2250V
TIME:17:02:51
40780
cpu:0.44, 0.54, 0.59,freq:frequency(48)=700000000,throttle_flag:throttled=0x50000,voltage:volt=1.2625V,volt=1.2500V,volt=1.2500V,volt=1.2250V
TIME:17:02:52
41856
cpu:0.44, 0.54, 0.59,freq:frequency(48)=700000000,throttle_flag:throttled=0x50000,voltage:volt=1.2625V,volt=1.2500V,volt=1.2500V,volt=1.2250V
TIME:17:02:53
40780
cpu:0.44, 0.54, 0.59,freq:frequency(48)=600000000,throttle_flag:throttled=0x50000,voltage:volt=1.2625V,volt=1.2500V,volt=1.2500V,volt=1.2250V
TIME:17:02:54
41318
cpu:0.41, 0.53, 0.59,freq:frequency(48)=600002000,throttle_flag:throttled=0x50000,voltage:volt=1.2625V,volt=1.2500V,volt=1.2500V,volt=1.2250V
TIME:17:02:56
41318
cpu:0.41, 0.53, 0.59,freq:frequency(48)=600000000,throttle_flag:throttled=0x50000,voltage:volt=1.2625V,volt=1.2500V,volt=1.2500V,volt=1.2250V
TIME:17:02:57
41318
cpu:0.41, 0.53, 0.59,freq:frequency(48)=800000000,throttle_flag:throttled=0x50000,voltage:volt=1.2625V,volt=1.2500V,volt=1.2500V,volt=1.2250V
TIME:17:02:58
40780
cpu:0.41, 0.53, 0.59,freq:frequency(48)=800000000,throttle_flag:throttled=0x50000,voltage:volt=1.2625V,volt=1.2500V,volt=1.2500V,volt=1.2250V
TIME:17:02:59
40780
cpu:0.41, 0.53, 0.59,freq:frequency(48)=600000000,throttle_flag:throttled=0x50000,voltage:volt=1.2625V,volt=1.2500V,volt=1.2500V,volt=1.2250V
TIME:17:03:00
40780
cpu:0.61, 0.57, 0.60,freq:frequency(48)=600000000,throttle_flag:throttled=0x50000,voltage:volt=1.2625V,volt=1.2500V,volt=1.2500V,volt=1.2250V
TIME:17:03:01
40780
cpu:0.61, 0.57, 0.60,freq:frequency(48)=600000000,throttle_flag:throttled=0x50000,voltage:volt=1.2625V,volt=1.2500V,volt=1.2500V,volt=1.2250V
TIME:17:03:02
41318
cpu:0.61, 0.57, 0.60,freq:frequency(48)=600000000,throttle_flag:throttled=0x50000,voltage:volt=1.2625V,volt=1.2500V,volt=1.2500V,volt=1.2250V
TIME:17:03:03
41318
cpu:0.61, 0.57, 0.60,freq:frequency(48)=800000000,throttle_flag:throttled=0x50000,voltage:volt=1.2625V,volt=1.2500V,volt=1.2500V,volt=1.2250V
TIME:17:03:04
40780
cpu:0.56, 0.56, 0.60,freq:frequency(48)=800000000,throttle_flag:throttled=0x50000,voltage:volt=1.2625V,volt=1.2500V,volt=1.2500V,volt=1.2250V
TIME:17:03:06
40780
cpu:0.56, 0.56, 0.60,freq:frequency(48)=800000000,throttle_flag:throttled=0x50000,voltage:volt=1.2625V,volt=1.2500V,volt=1.2500V,volt=1.2250V
TIME:17:03:07
40780
cpu:0.56, 0.56, 0.60,freq:frequency(48)=800000000,throttle_flag:throttled=0x50000,voltage:volt=1.2625V,volt=1.2500V,volt=1.2500V,volt=1.2250V
TIME:17:03:08
40780
cpu:0.56, 0.56, 0.60,freq:frequency(48)=700000000,throttle_flag:throttled=0x50000,voltage:volt=1.2625V,volt=1.2500V,volt=1.2500V,volt=1.2250V
TIME:17:03:09
40780
cpu:0.56, 0.56, 0.60,freq:frequency(48)=700000000,throttle_flag:throttled=0x50000,voltage:volt=1.2625V,volt=1.2500V,volt=1.2500V,volt=1.2250V
TIME:17:03:10
40780
cpu:0.60, 0.57, 0.60,freq:frequency(48)=800000000,throttle_flag:throttled=0x50000,voltage:volt=1.2625V,volt=1.2500V,volt=1.2500V,volt=1.2250V
TIME:17:03:11
40780
cpu:0.60, 0.57, 0.60,freq:frequency(48)=900000000,throttle_flag:throttled=0x50000,voltage:volt=1.2625V,volt=1.2500V,volt=1.2500V,volt=1.2250V
TIME:17:03:12
40780
cpu:0.60, 0.57, 0.60,freq:frequency(48)=700000000,throttle_flag:throttled=0x50000,voltage:volt=1.2625V,volt=1.2500V,volt=1.2500V,volt=1.2250V
TIME:17:03:13
40780
cpu:0.60, 0.57, 0.60,freq:frequency(48)=700000000,throttle_flag:throttled=0x50000,voltage:volt=1.2625V,volt=1.2500V,volt=1.2500V,volt=1.2250V
TIME:17:03:14
40780
cpu:0.55, 0.56, 0.59,freq:frequency(48)=600000000,throttle_flag:throttled=0x50005,voltage:volt=1.2000V,volt=1.2500V,volt=1.2500V,volt=1.2250V
TIME:17:03:16
40780
cpu:0.55, 0.56, 0.59,freq:frequency(48)=600000000,throttle_flag:throttled=0x50005,voltage:volt=1.2000V,volt=1.2500V,volt=1.2500V,volt=1.2250V
TIME:17:03:17
40780
cpu:0.55, 0.56, 0.59,freq:frequency(48)=600000000,throttle_flag:throttled=0x50005,voltage:volt=1.2000V,volt=1.2500V,volt=1.2500V,volt=1.2250V
TIME:17:03:18
40780
cpu:0.55, 0.56, 0.59,freq:frequency(48)=600000000,throttle_flag:throttled=0x50005,voltage:volt=1.2000V,volt=1.2500V,volt=1.2500V,volt=1.2250V
TIME:17:03:19
40780
cpu:0.51, 0.55, 0.59,freq:frequency(48)=600000000,throttle_flag:throttled=0x50000,voltage:volt=1.2625V,volt=1.2500V,volt=1.2500V,volt=1.2250V
TIME:17:03:20
41318
cpu:0.51, 0.55, 0.59,freq:frequency(48)=600000000,throttle_flag:throttled=0x50000,voltage:volt=1.2625V,volt=1.2500V,volt=1.2500V,volt=1.2250V
TIME:17:03:21
40780
cpu:0.51, 0.55, 0.59,freq:frequency(48)=1400000000,throttle_flag:throttled=0x50000,voltage:volt=1.3625V,volt=1.2500V,volt=1.2500V,volt=1.2250V
TIME:17:03:22
41318
cpu:0.51, 0.55, 0.59,freq:frequency(48)=1400000000,throttle_flag:throttled=0x50000,voltage:volt=1.3625V,volt=1.2500V,volt=1.2500V,volt=1.2250V
TIME:17:03:23
41856
cpu:0.51, 0.55, 0.59,freq:frequency(48)=1400000000,throttle_flag:throttled=0x50000,voltage:volt=1.3625V,volt=1.2500V,volt=1.2500V,volt=1.2250V
TIME:17:03:25
40780
cpu:0.47, 0.54, 0.59,freq:frequency(48)=1400000000,throttle_flag:throttled=0x50000,voltage:volt=1.3625V,volt=1.2500V,volt=1.2500V,volt=1.2250V
TIME:17:03:26
40780
cpu:0.47, 0.54, 0.59,freq:frequency(48)=600000000,throttle_flag:throttled=0x50000,voltage:volt=1.2625V,volt=1.2500V,volt=1.2500V,volt=1.2250V
TIME:17:03:27
41318
cpu:0.47, 0.54, 0.59,freq:frequency(48)=600000000,throttle_flag:throttled=0x50000,voltage:volt=1.2625V,volt=1.2500V,volt=1.2500V,volt=1.2250V
TIME:17:03:28
40780
cpu:0.47, 0.54, 0.59,freq:frequency(48)=600000000,throttle_flag:throttled=0x50000,voltage:volt=1.2625V,volt=1.2500V,volt=1.2500V,volt=1.2250V
TIME:17:03:29
40780
cpu:0.51, 0.55, 0.59,freq:frequency(48)=600000000,throttle_flag:throttled=0x50000,voltage:volt=1.2625V,volt=1.2500V,volt=1.2500V,volt=1.2250V
TIME:17:03:30
40780
cpu:0.51, 0.55, 0.59,freq:frequency(48)=600000000,throttle_flag:throttled=0x50000,voltage:volt=1.2625V,volt=1.2500V,volt=1.2500V,volt=1.2250V
TIME:17:03:31
40780
cpu:0.51, 0.55, 0.59,freq:frequency(48)=600000000,throttle_flag:throttled=0x50000,voltage:volt=1.2625V,volt=1.2500V,volt=1.2500V,volt=1.2250V
TIME:17:03:32
40780
cpu:0.51, 0.55, 0.59,freq:frequency(48)=600000000,throttle_flag:throttled=0x50000,voltage:volt=1.2625V,volt=1.2500V,volt=1.2500V,volt=1.2250V
TIME:17:03:33
40780
cpu:0.51, 0.55, 0.59,freq:frequency(48)=800000000,throttle_flag:throttled=0x50000,voltage:volt=1.2625V,volt=1.2500V,volt=1.2500V,volt=1.2250V
TIME:17:03:35
40780
cpu:0.47, 0.54, 0.59,freq:frequency(48)=800000000,throttle_flag:throttled=0x50000,voltage:volt=1.2625V,volt=1.2500V,volt=1.2500V,volt=1.2250V
TIME:17:03:36
40780
cpu:0.47, 0.54, 0.59,freq:frequency(48)=800000000,throttle_flag:throttled=0x50000,voltage:volt=1.2625V,volt=1.2500V,volt=1.2500V,volt=1.2250V
TIME:17:03:37
40242
cpu:0.47, 0.54, 0.59,freq:frequency(48)=700000000,throttle_flag:throttled=0x50000,voltage:volt=1.2625V,volt=1.2500V,volt=1.2500V,volt=1.2250V
TIME:17:03:38
40780
cpu:0.47, 0.54, 0.59,freq:frequency(48)=800000000,throttle_flag:throttled=0x50000,voltage:volt=1.2625V,volt=1.2500V,volt=1.2500V,volt=1.2250V
TIME:17:03:39
40780
cpu:0.51, 0.55, 0.59,freq:frequency(48)=700000000,throttle_flag:throttled=0x50000,voltage:volt=1.2625V,volt=1.2500V,volt=1.2500V,volt=1.2250V
TIME:17:03:40
40242
cpu:0.51, 0.55, 0.59,freq:frequency(48)=700000000,throttle_flag:throttled=0x50000,voltage:volt=1.2625V,volt=1.2500V,volt=1.2500V,volt=1.2250V
TIME:17:03:41
40780
cpu:0.51, 0.55, 0.59,freq:frequency(48)=700000000,throttle_flag:throttled=0x50000,voltage:volt=1.2625V,volt=1.2500V,volt=1.2500V,volt=1.2250V
TIME:17:03:42
40780
cpu:0.51, 0.55, 0.59,freq:frequency(48)=700000000,throttle_flag:throttled=0x50000,voltage:volt=1.2625V,volt=1.2500V,volt=1.2500V,volt=1.2250V
TIME:17:03:43
40780
cpu:0.51, 0.55, 0.59,freq:frequency(48)=700000000,throttle_flag:throttled=0x50000,voltage:volt=1.2625V,volt=1.2500V,volt=1.2500V,volt=1.2250V
TIME:17:03:45
40242
cpu:0.55, 0.55, 0.59,freq:frequency(48)=700000000,throttle_flag:throttled=0x50000,voltage:volt=1.2625V,volt=1.2500V,volt=1.2500V,volt=1.2250V
TIME:17:03:46
39704
cpu:0.55, 0.55, 0.59,freq:frequency(48)=600000000,throttle_flag:throttled=0x50000,voltage:volt=1.2625V,volt=1.2500V,volt=1.2500V,volt=1.2250V
TIME:17:03:47
40780
cpu:0.55, 0.55, 0.59,freq:frequency(48)=600000000,throttle_flag:throttled=0x50000,voltage:volt=1.2625V,volt=1.2500V,volt=1.2500V,volt=1.2250V
TIME:17:03:48
40780
cpu:0.55, 0.55, 0.59,freq:frequency(48)=600000000,throttle_flag:throttled=0x50000,voltage:volt=1.2625V,volt=1.2500V,volt=1.2500V,volt=1.2250V
TIME:17:03:49
40780
cpu:0.51, 0.55, 0.59,freq:frequency(48)=600000000,throttle_flag:throttled=0x50000,voltage:volt=1.2625V,volt=1.2500V,volt=1.2500V,volt=1.2250V
TIME:17:03:50
40242
cpu:0.51, 0.55, 0.59,freq:frequency(48)=1400000000,throttle_flag:throttled=0x50000,voltage:volt=1.3625V,volt=1.2500V,volt=1.2500V,volt=1.2250V
TIME:17:03:51
40780
cpu:0.51, 0.55, 0.59,freq:frequency(48)=600000000,throttle_flag:throttled=0x50005,voltage:volt=1.2000V,volt=1.2500V,volt=1.2500V,volt=1.2250V
TIME:17:03:52
41318
cpu:0.51, 0.55, 0.59,freq:frequency(48)=1400000000,throttle_flag:throttled=0x50000,voltage:volt=1.3625V,volt=1.2500V,volt=1.2500V,volt=1.2250V
TIME:17:03:53
40780
cpu:0.51, 0.55, 0.59,freq:frequency(48)=600000000,throttle_flag:throttled=0x50005,voltage:volt=1.2000V,volt=1.2500V,volt=1.2500V,volt=1.2250V
TIME:17:03:55
40780
cpu:0.55, 0.55, 0.59,freq:frequency(48)=600000000,throttle_flag:throttled=0x50005,voltage:volt=1.2000V,volt=1.2500V,volt=1.2500V,volt=1.2250V
TIME:17:03:56
41318
cpu:0.55, 0.55, 0.59,freq:frequency(48)=1400000000,throttle_flag:throttled=0x50000,voltage:volt=1.3625V,volt=1.2500V,volt=1.2500V,volt=1.2250V
TIME:17:03:57
42394
cpu:0.55, 0.55, 0.59,freq:frequency(48)=1400000000,throttle_flag:throttled=0x50000,voltage:volt=1.3625V,volt=1.2500V,volt=1.2500V,volt=1.2250V
========
TIME:19:50:13
41856
cpu:0.55, 0.68, 0.80,freq:frequency(48)=900000000,throttle_flag:throttled=0x50000,voltage:volt=1.2625V,volt=1.2500V,volt=1.2500V,volt=1.2250V
TIME:19:50:14
41318
cpu:0.55, 0.68, 0.80,freq:frequency(48)=600000000,throttle_flag:throttled=0x50005,voltage:volt=1.2000V,volt=1.2500V,volt=1.2500V,volt=1.2250V
TIME:19:50:15
41856
cpu:0.55, 0.68, 0.80,freq:frequency(48)=1400000000,throttle_flag:throttled=0x50000,voltage:volt=1.3625V,volt=1.2500V,volt=1.2500V,volt=1.2250V
TIME:19:50:16
41318
cpu:0.51, 0.67, 0.80,freq:frequency(48)=600000000,throttle_flag:throttled=0x50005,voltage:volt=1.2000V,volt=1.2500V,volt=1.2500V,volt=1.2250V
TIME:19:50:17
41318
cpu:0.51, 0.67, 0.80,freq:frequency(48)=600000000,throttle_flag:throttled=0x50005,voltage:volt=1.2000V,volt=1.2500V,volt=1.2500V,volt=1.2250V
TIME:19:50:18
41318
cpu:0.51, 0.67, 0.80,freq:frequency(48)=800000000,throttle_flag:throttled=0x50000,voltage:volt=1.2625V,volt=1.2500V,volt=1.2500V,volt=1.2250V
TIME:19:50:20
40780
cpu:0.51, 0.67, 0.80,freq:frequency(48)=799998000,throttle_flag:throttled=0x50000,voltage:volt=1.2625V,volt=1.2500V,volt=1.2500V,volt=1.2250V
TIME:19:50:21
41856
cpu:0.51, 0.67, 0.80,freq:frequency(48)=1400000000,throttle_flag:throttled=0x50000,voltage:volt=1.3625V,volt=1.2500V,volt=1.2500V,volt=1.2250V
TIME:19:50:22
41318
cpu:0.55, 0.67, 0.80,freq:frequency(48)=1400000000,throttle_flag:throttled=0x50000,voltage:volt=1.3625V,volt=1.2500V,volt=1.2500V,volt=1.2250V
TIME:19:50:23
42394
cpu:0.55, 0.67, 0.80,freq:frequency(48)=1400000000,throttle_flag:throttled=0x50000,voltage:volt=1.3625V,volt=1.2500V,volt=1.2500V,volt=1.2250V
TIME:19:50:24
41856
cpu:0.55, 0.67, 0.80,freq:frequency(48)=1400000000,throttle_flag:throttled=0x50000,voltage:volt=1.3625V,volt=1.2500V,volt=1.2500V,volt=1.2250V
TIME:19:50:25
42394
cpu:0.55, 0.67, 0.80,freq:frequency(48)=600000000,throttle_flag:throttled=0x50000,voltage:volt=1.2625V,volt=1.2500V,volt=1.2500V,volt=1.2250V
TIME:19:50:26
40780
cpu:0.66, 0.70, 0.81,freq:frequency(48)=700000000,throttle_flag:throttled=0x50000,voltage:volt=1.2625V,volt=1.2500V,volt=1.2500V,volt=1.2250V
TIME:19:50:27
41318
cpu:0.66, 0.70, 0.81,freq:frequency(48)=800000000,throttle_flag:throttled=0x50000,voltage:volt=1.2625V,volt=1.2500V,volt=1.2500V,volt=1.2250V
TIME:19:50:28
41856
cpu:0.66, 0.70, 0.81,freq:frequency(48)=600000000,throttle_flag:throttled=0x50000,voltage:volt=1.2625V,volt=1.2500V,volt=1.2500V,volt=1.2250V
TIME:19:50:30
41318
cpu:0.66, 0.70, 0.81,freq:frequency(48)=600000000,throttle_flag:throttled=0x50000,voltage:volt=1.2625V,volt=1.2500V,volt=1.2500V,volt=1.2250V
TIME:19:50:31
41318
cpu:0.66, 0.70, 0.81,freq:frequency(48)=600000000,throttle_flag:throttled=0x50000,voltage:volt=1.2625V,volt=1.2500V,volt=1.2500V,volt=1.2250V
TIME:19:50:32
41318
cpu:0.61, 0.68, 0.80,freq:frequency(48)=600000000,throttle_flag:throttled=0x50000,voltage:volt=1.2625V,volt=1.2500V,volt=1.2500V,volt=1.2250V
TIME:19:50:33
41318
cpu:0.61, 0.68, 0.80,freq:frequency(48)=600000000,throttle_flag:throttled=0x50000,voltage:volt=1.2625V,volt=1.2500V,volt=1.2500V,volt=1.2250V
TIME:19:50:34
41856
cpu:0.61, 0.68, 0.80,freq:frequency(48)=800000000,throttle_flag:throttled=0x50000,voltage:volt=1.2625V,volt=1.2500V,volt=1.2500V,volt=1.2250V
TIME:19:50:35
40780
cpu:0.61, 0.68, 0.80,freq:frequency(48)=800000000,throttle_flag:throttled=0x50000,voltage:volt=1.2625V,volt=1.2500V,volt=1.2500V,volt=1.2250V
TIME:19:50:36
40780
cpu:0.56, 0.67, 0.80,freq:frequency(48)=800000000,throttle_flag:throttled=0x50000,voltage:volt=1.2625V,volt=1.2500V,volt=1.2500V,volt=1.2250V
TIME:19:50:37
41318
cpu:0.56, 0.67, 0.80,freq:frequency(48)=800000000,throttle_flag:throttled=0x50000,voltage:volt=1.2625V,volt=1.2500V,volt=1.2500V,volt=1.2250V
TIME:19:50:38
41318
cpu:0.56, 0.67, 0.80,freq:frequency(48)=700000000,throttle_flag:throttled=0x50000,voltage:volt=1.2625V,volt=1.2500V,volt=1.2500V,volt=1.2250V
TIME:19:50:40
41318
cpu:0.56, 0.67, 0.80,freq:frequency(48)=700000000,throttle_flag:throttled=0x50000,voltage:volt=1.2625V,volt=1.2500V,volt=1.2500V,volt=1.2250V
TIME:19:50:41
40780
cpu:0.56, 0.67, 0.80,freq:frequency(48)=700000000,throttle_flag:throttled=0x50000,voltage:volt=1.2625V,volt=1.2500V,volt=1.2500V,volt=1.2250V
TIME:19:50:42
41856
cpu:0.52, 0.66, 0.79,freq:frequency(48)=700000000,throttle_flag:throttled=0x50000,voltage:volt=1.2625V,volt=1.2500V,volt=1.2500V,volt=1.2250V
TIME:19:50:43
40780
cpu:0.52, 0.66, 0.79,freq:frequency(48)=800000000,throttle_flag:throttled=0x50000,voltage:volt=1.2625V,volt=1.2500V,volt=1.2500V,volt=1.2250V
TIME:19:50:44
40780
cpu:0.52, 0.66, 0.79,freq:frequency(48)=700000000,throttle_flag:throttled=0x50000,voltage:volt=1.2625V,volt=1.2500V,volt=1.2500V,volt=1.2250V
TIME:19:50:45
40242
cpu:0.52, 0.66, 0.79,freq:frequency(48)=700000000,throttle_flag:throttled=0x50000,voltage:volt=1.2625V,volt=1.2500V,volt=1.2500V,volt=1.2250V
TIME:19:50:46
40780
cpu:0.47, 0.65, 0.79,freq:frequency(48)=600000000,throttle_flag:throttled=0x50000,voltage:volt=1.2625V,volt=1.2500V,volt=1.2500V,volt=1.2250V
TIME:19:50:48
40780
cpu:0.47, 0.65, 0.79,freq:frequency(48)=600000000,throttle_flag:throttled=0x50000,voltage:volt=1.2625V,volt=1.2500V,volt=1.2500V,volt=1.2250V
TIME:19:50:49
40780
cpu:0.47, 0.65, 0.79,freq:frequency(48)=600000000,throttle_flag:throttled=0x50000,voltage:volt=1.2625V,volt=1.2500V,volt=1.2500V,volt=1.2250V
TIME:19:50:50
40780
cpu:0.47, 0.65, 0.79,freq:frequency(48)=600000000,throttle_flag:throttled=0x50005,voltage:volt=1.2000V,volt=1.2500V,volt=1.2500V,volt=1.2250V
TIME:19:50:51
41318
cpu:0.47, 0.65, 0.79,freq:frequency(48)=600000000,throttle_flag:throttled=0x50005,voltage:volt=1.2000V,volt=1.2500V,volt=1.2500V,volt=1.2250V
TIME:19:50:52
40780
cpu:0.52, 0.66, 0.79,freq:frequency(48)=600000000,throttle_flag:throttled=0x50005,voltage:volt=1.2000V,volt=1.2500V,volt=1.2500V,volt=1.2250V
TIME:19:50:53
41856
cpu:0.52, 0.66, 0.79,freq:frequency(48)=600000000,throttle_flag:throttled=0x50005,voltage:volt=1.2000V,volt=1.2500V,volt=1.2500V,volt=1.2250V
TIME:19:50:54
40780
cpu:0.52, 0.66, 0.79,freq:frequency(48)=700000000,throttle_flag:throttled=0x50000,voltage:volt=1.2625V,volt=1.2500V,volt=1.2500V,volt=1.2250V
TIME:19:50:56
40780
cpu:0.52, 0.66, 0.79,freq:frequency(48)=700000000,throttle_flag:throttled=0x50000,voltage:volt=1.2625V,volt=1.2500V,volt=1.2500V,volt=1.2250V
TIME:19:50:57
40780
cpu:0.47, 0.64, 0.79,freq:frequency(48)=1400000000,throttle_flag:throttled=0x50000,voltage:volt=1.3625V,volt=1.2500V,volt=1.2500V,volt=1.2250V
TIME:19:50:58
41318
cpu:0.47, 0.64, 0.79,freq:frequency(48)=1400000000,throttle_flag:throttled=0x50000,voltage:volt=1.3625V,volt=1.2500V,volt=1.2500V,volt=1.2250V
TIME:19:50:59
41318
cpu:0.47, 0.64, 0.79,freq:frequency(48)=1400000000,throttle_flag:throttled=0x50000,voltage:volt=1.3625V,volt=1.2500V,volt=1.2500V,volt=1.2250V
TIME:19:51:00
41856
cpu:0.47, 0.64, 0.79,freq:frequency(48)=1400000000,throttle_flag:throttled=0x50000,voltage:volt=1.3625V,volt=1.2500V,volt=1.2500V,volt=1.2250V
TIME:19:51:01
41318
cpu:0.47, 0.64, 0.79,freq:frequency(48)=1400000000,throttle_flag:throttled=0x50000,voltage:volt=1.3625V,volt=1.2500V,volt=1.2500V,volt=1.2250V
TIME:19:51:02
41318
cpu:0.52, 0.65, 0.79,freq:frequency(48)=700000000,throttle_flag:throttled=0x50000,voltage:volt=1.2625V,volt=1.2500V,volt=1.2500V,volt=1.2250V
TIME:19:51:03
40780
cpu:0.52, 0.65, 0.79,freq:frequency(48)=700000000,throttle_flag:throttled=0x50000,voltage:volt=1.2625V,volt=1.2500V,volt=1.2500V,volt=1.2250V
TIME:19:51:04
40780
cpu:0.52, 0.65, 0.79,freq:frequency(48)=600000000,throttle_flag:throttled=0x50000,voltage:volt=1.2625V,volt=1.2500V,volt=1.2500V,volt=1.2250V
TIME:19:51:06
40780
cpu:0.52, 0.65, 0.79,freq:frequency(48)=600000000,throttle_flag:throttled=0x50000,voltage:volt=1.2625V,volt=1.2500V,volt=1.2500V,volt=1.2250V
TIME:19:51:07
40780
cpu:0.56, 0.66, 0.79,freq:frequency(48)=600000000,throttle_flag:throttled=0x50000,voltage:volt=1.2625V,volt=1.2500V,volt=1.2500V,volt=1.2250V
TIME:19:51:08
40780
cpu:0.56, 0.66, 0.79,freq:frequency(48)=600000000,throttle_flag:throttled=0x50000,voltage:volt=1.2625V,volt=1.2500V,volt=1.2500V,volt=1.2250V
TIME:19:51:09
40780
cpu:0.56, 0.66, 0.79,freq:frequency(48)=800000000,throttle_flag:throttled=0x50000,voltage:volt=1.2625V,volt=1.2500V,volt=1.2500V,volt=1.2250V
TIME:19:51:10
41318
cpu:0.56, 0.66, 0.79,freq:frequency(48)=800000000,throttle_flag:throttled=0x50000,voltage:volt=1.2625V,volt=1.2500V,volt=1.2500V,volt=1.2250V
TIME:19:51:11
40780
cpu:0.59, 0.66, 0.79,freq:frequency(48)=800000000,throttle_flag:throttled=0x50000,voltage:volt=1.2625V,volt=1.2500V,volt=1.2500V,volt=1.2250V
TIME:19:51:12
40780
cpu:0.59, 0.66, 0.79,freq:frequency(48)=699998000,throttle_flag:throttled=0x50000,voltage:volt=1.2625V,volt=1.2500V,volt=1.2500V,volt=1.2250V
TIME:19:51:13
40780
cpu:0.59, 0.66, 0.79,freq:frequency(48)=800000000,throttle_flag:throttled=0x50000,voltage:volt=1.2625V,volt=1.2500V,volt=1.2500V,volt=1.2250V
TIME:19:51:14
40780
cpu:0.59, 0.66, 0.79,freq:frequency(48)=800000000,throttle_flag:throttled=0x50000,voltage:volt=1.2625V,volt=1.2500V,volt=1.2500V,volt=1.2250V
TIME:19:51:16
40780
cpu:0.59, 0.66, 0.79,freq:frequency(48)=800000000,throttle_flag:throttled=0x50000,voltage:volt=1.2625V,volt=1.2500V,volt=1.2500V,volt=1.2250V
TIME:19:51:17
40780
cpu:0.54, 0.65, 0.79,freq:frequency(48)=800000000,throttle_flag:throttled=0x50000,voltage:volt=1.2625V,volt=1.2500V,volt=1.2500V,volt=1.2250V
TIME:19:51:18
40780
cpu:0.54, 0.65, 0.79,freq:frequency(48)=800000000,throttle_flag:throttled=0x50000,voltage:volt=1.2625V,volt=1.2500V,volt=1.2500V,volt=1.2250V
TIME:19:51:19
40780
cpu:0.54, 0.65, 0.79,freq:frequency(48)=700000000,throttle_flag:throttled=0x50000,voltage:volt=1.2625V,volt=1.2500V,volt=1.2500V,volt=1.2250V
TIME:19:51:20
40780
cpu:0.54, 0.65, 0.79,freq:frequency(48)=700000000,throttle_flag:throttled=0x50000,voltage:volt=1.2625V,volt=1.2500V,volt=1.2500V,volt=1.2250V
TIME:19:51:21
40780
cpu:0.50, 0.64, 0.78,freq:frequency(48)=800000000,throttle_flag:throttled=0x50000,voltage:volt=1.2625V,volt=1.2500V,volt=1.2500V,volt=1.2250V
TIME:19:51:22
40780
cpu:0.50, 0.64, 0.78,freq:frequency(48)=700000000,throttle_flag:throttled=0x50000,voltage:volt=1.2625V,volt=1.2500V,volt=1.2500V,volt=1.2250V
TIME:19:51:23
41318
cpu:0.50, 0.64, 0.78,freq:frequency(48)=700000000,throttle_flag:throttled=0x50000,voltage:volt=1.2625V,volt=1.2500V,volt=1.2500V,volt=1.2250V
TIME:19:51:24
40780
cpu:0.50, 0.64, 0.78,freq:frequency(48)=900000000,throttle_flag:throttled=0x50000,voltage:volt=1.2625V,volt=1.2500V,volt=1.2500V,volt=1.2250V
TIME:19:51:26
40780
cpu:0.50, 0.64, 0.78,freq:frequency(48)=1400002000,throttle_flag:throttled=0x50000,voltage:volt=1.3625V,volt=1.2500V,volt=1.2500V,volt=1.2250V
TIME:19:51:27
40780
cpu:0.46, 0.63, 0.78,freq:frequency(48)=600000000,throttle_flag:throttled=0x50005,voltage:volt=1.2000V,volt=1.2500V,volt=1.2500V,volt=1.2250V
TIME:19:51:28
40780
cpu:0.46, 0.63, 0.78,freq:frequency(48)=600000000,throttle_flag:throttled=0x50005,voltage:volt=1.2000V,volt=1.2500V,volt=1.2500V,volt=1.2250V
TIME:19:51:29
41318
cpu:0.46, 0.63, 0.78,freq:frequency(48)=600000000,throttle_flag:throttled=0x50005,voltage:volt=1.2000V,volt=1.2500V,volt=1.2500V,volt=1.2250V
TIME:19:51:30
40780
cpu:0.46, 0.63, 0.78,freq:frequency(48)=600000000,throttle_flag:throttled=0x50005,voltage:volt=1.2000V,volt=1.2500V,volt=1.2500V,volt=1.2250V
TIME:19:51:31
41856
cpu:0.50, 0.64, 0.78,freq:frequency(48)=1400000000,throttle_flag:throttled=0x50000,voltage:volt=1.3625V,volt=1.2500V,volt=1.2500V,volt=1.2250V
TIME:19:51:32
41856
cpu:0.50, 0.64, 0.78,freq:frequency(48)=1400000000,throttle_flag:throttled=0x50000,voltage:volt=1.3625V,volt=1.2500V,volt=1.2500V,volt=1.2250V
TIME:19:51:33
42932
cpu:0.50, 0.64, 0.78,freq:frequency(48)=1400000000,throttle_flag:throttled=0x50000,voltage:volt=1.3625V,volt=1.2500V,volt=1.2500V,volt=1.2250V
>>>>>>>> 978dcc83 (emergency commit?):logs/roofline/resnet18_children_bramble-4-5/9/6_size/2_5/speed_heatbramble-4-5-26.log
