<<<<<<<< HEAD:logs/roofline/resnet18_children_bramble-4-5/4/9_size/2_1/speed_heatbramble-4-5-16.log
TIME:01:29:54
37552
cpu:0.49, 0.33, 0.24,freq:frequency(48)=800000000,throttle_flag:throttled=0x50000,voltage:volt=1.2813V,volt=1.2500V,volt=1.2500V,volt=1.2250V
TIME:01:29:55
37552
cpu:0.49, 0.33, 0.24,freq:frequency(48)=600000000,throttle_flag:throttled=0x50000,voltage:volt=1.2813V,volt=1.2500V,volt=1.2500V,volt=1.2250V
TIME:01:29:56
37552
cpu:0.49, 0.33, 0.24,freq:frequency(48)=599998000,throttle_flag:throttled=0x50005,voltage:volt=1.2000V,volt=1.2500V,volt=1.2500V,volt=1.2250V
TIME:01:29:57
38090
cpu:0.49, 0.33, 0.24,freq:frequency(48)=1400000000,throttle_flag:throttled=0x50000,voltage:volt=1.3750V,volt=1.2500V,volt=1.2500V,volt=1.2250V
TIME:01:29:58
38628
cpu:0.45, 0.32, 0.24,freq:frequency(48)=1400000000,throttle_flag:throttled=0x50000,voltage:volt=1.3750V,volt=1.2500V,volt=1.2500V,volt=1.2250V
TIME:01:29:59
37552
cpu:0.45, 0.32, 0.24,freq:frequency(48)=1400002000,throttle_flag:throttled=0x50000,voltage:volt=1.3750V,volt=1.2500V,volt=1.2500V,volt=1.2250V
TIME:01:30:00
38628
cpu:0.45, 0.32, 0.24,freq:frequency(48)=700000000,throttle_flag:throttled=0x50000,voltage:volt=1.2813V,volt=1.2500V,volt=1.2500V,volt=1.2250V
TIME:01:30:01
38628
cpu:0.45, 0.32, 0.24,freq:frequency(48)=1400000000,throttle_flag:throttled=0x50000,voltage:volt=1.3750V,volt=1.2500V,volt=1.2500V,volt=1.2250V
TIME:01:30:02
38628
cpu:0.45, 0.32, 0.24,freq:frequency(48)=1400000000,throttle_flag:throttled=0x50000,voltage:volt=1.3750V,volt=1.2500V,volt=1.2500V,volt=1.2250V
TIME:01:30:04
38628
cpu:0.49, 0.34, 0.24,freq:frequency(48)=1400000000,throttle_flag:throttled=0x50000,voltage:volt=1.3750V,volt=1.2500V,volt=1.2500V,volt=1.2250V
TIME:01:30:05
38628
cpu:0.49, 0.34, 0.24,freq:frequency(48)=1400000000,throttle_flag:throttled=0x50000,voltage:volt=1.3750V,volt=1.2500V,volt=1.2500V,volt=1.2250V
TIME:01:30:06
38628
cpu:0.49, 0.34, 0.24,freq:frequency(48)=1400000000,throttle_flag:throttled=0x50000,voltage:volt=1.3750V,volt=1.2500V,volt=1.2500V,volt=1.2250V
TIME:01:30:07
38090
cpu:0.49, 0.34, 0.24,freq:frequency(48)=800000000,throttle_flag:throttled=0x50000,voltage:volt=1.2813V,volt=1.2500V,volt=1.2500V,volt=1.2250V
TIME:01:30:08
38628
cpu:0.49, 0.34, 0.24,freq:frequency(48)=600000000,throttle_flag:throttled=0x50000,voltage:volt=1.2813V,volt=1.2500V,volt=1.2500V,volt=1.2250V
TIME:01:30:09
37552
cpu:0.53, 0.35, 0.25,freq:frequency(48)=600000000,throttle_flag:throttled=0x50000,voltage:volt=1.2813V,volt=1.2500V,volt=1.2500V,volt=1.2250V
TIME:01:30:10
37552
cpu:0.53, 0.35, 0.25,freq:frequency(48)=800002000,throttle_flag:throttled=0x50000,voltage:volt=1.2813V,volt=1.2500V,volt=1.2500V,volt=1.2250V
TIME:01:30:11
37552
cpu:0.53, 0.35, 0.25,freq:frequency(48)=800000000,throttle_flag:throttled=0x50000,voltage:volt=1.2813V,volt=1.2500V,volt=1.2500V,volt=1.2250V
TIME:01:30:12
38090
cpu:0.53, 0.35, 0.25,freq:frequency(48)=800000000,throttle_flag:throttled=0x50000,voltage:volt=1.2813V,volt=1.2500V,volt=1.2500V,volt=1.2250V
TIME:01:30:13
37552
cpu:0.49, 0.34, 0.24,freq:frequency(48)=800000000,throttle_flag:throttled=0x50000,voltage:volt=1.2813V,volt=1.2500V,volt=1.2500V,volt=1.2250V
TIME:01:30:15
37552
cpu:0.49, 0.34, 0.24,freq:frequency(48)=700000000,throttle_flag:throttled=0x50000,voltage:volt=1.2813V,volt=1.2500V,volt=1.2500V,volt=1.2250V
TIME:01:30:16
38090
cpu:0.49, 0.34, 0.24,freq:frequency(48)=700000000,throttle_flag:throttled=0x50000,voltage:volt=1.2813V,volt=1.2500V,volt=1.2500V,volt=1.2250V
TIME:01:30:17
37552
cpu:0.49, 0.34, 0.24,freq:frequency(48)=700000000,throttle_flag:throttled=0x50000,voltage:volt=1.2813V,volt=1.2500V,volt=1.2500V,volt=1.2250V
TIME:01:30:18
37552
cpu:0.49, 0.34, 0.24,freq:frequency(48)=700000000,throttle_flag:throttled=0x50000,voltage:volt=1.2813V,volt=1.2500V,volt=1.2500V,volt=1.2250V
TIME:01:30:19
37552
cpu:0.53, 0.35, 0.25,freq:frequency(48)=700000000,throttle_flag:throttled=0x50000,voltage:volt=1.2813V,volt=1.2500V,volt=1.2500V,volt=1.2250V
TIME:01:30:20
38090
cpu:0.53, 0.35, 0.25,freq:frequency(48)=800000000,throttle_flag:throttled=0x50000,voltage:volt=1.2813V,volt=1.2500V,volt=1.2500V,volt=1.2250V
TIME:01:30:21
37552
cpu:0.53, 0.35, 0.25,freq:frequency(48)=700000000,throttle_flag:throttled=0x50000,voltage:volt=1.2813V,volt=1.2500V,volt=1.2500V,volt=1.2250V
TIME:01:30:22
37552
cpu:0.53, 0.35, 0.25,freq:frequency(48)=700000000,throttle_flag:throttled=0x50000,voltage:volt=1.2813V,volt=1.2500V,volt=1.2500V,volt=1.2250V
TIME:01:30:23
37552
cpu:0.49, 0.35, 0.25,freq:frequency(48)=700000000,throttle_flag:throttled=0x50000,voltage:volt=1.2813V,volt=1.2500V,volt=1.2500V,volt=1.2250V
TIME:01:30:25
37552
cpu:0.49, 0.35, 0.25,freq:frequency(48)=700000000,throttle_flag:throttled=0x50000,voltage:volt=1.2813V,volt=1.2500V,volt=1.2500V,volt=1.2250V
TIME:01:30:26
37552
cpu:0.49, 0.35, 0.25,freq:frequency(48)=700000000,throttle_flag:throttled=0x50000,voltage:volt=1.2813V,volt=1.2500V,volt=1.2500V,volt=1.2250V
TIME:01:30:27
37552
cpu:0.49, 0.35, 0.25,freq:frequency(48)=700000000,throttle_flag:throttled=0x50000,voltage:volt=1.2813V,volt=1.2500V,volt=1.2500V,volt=1.2250V
TIME:01:30:28
38090
cpu:0.49, 0.35, 0.25,freq:frequency(48)=600000000,throttle_flag:throttled=0x50005,voltage:volt=1.2000V,volt=1.2500V,volt=1.2500V,volt=1.2250V
TIME:01:30:29
38090
cpu:0.53, 0.36, 0.25,freq:frequency(48)=1400000000,throttle_flag:throttled=0x50000,voltage:volt=1.3750V,volt=1.2500V,volt=1.2500V,volt=1.2250V
TIME:01:30:30
37552
cpu:0.53, 0.36, 0.25,freq:frequency(48)=1400000000,throttle_flag:throttled=0x50000,voltage:volt=1.3750V,volt=1.2500V,volt=1.2500V,volt=1.2250V
TIME:01:30:31
38628
cpu:0.53, 0.36, 0.25,freq:frequency(48)=1400000000,throttle_flag:throttled=0x50000,voltage:volt=1.3750V,volt=1.2500V,volt=1.2500V,volt=1.2250V
TIME:01:30:32
38628
cpu:0.53, 0.36, 0.25,freq:frequency(48)=1400000000,throttle_flag:throttled=0x50000,voltage:volt=1.3750V,volt=1.2500V,volt=1.2500V,volt=1.2250V
TIME:01:30:33
38628
cpu:0.49, 0.35, 0.25,freq:frequency(48)=600000000,throttle_flag:throttled=0x50000,voltage:volt=1.2813V,volt=1.2500V,volt=1.2500V,volt=1.2250V
TIME:01:30:34
37552
cpu:0.49, 0.35, 0.25,freq:frequency(48)=600000000,throttle_flag:throttled=0x50000,voltage:volt=1.2813V,volt=1.2500V,volt=1.2500V,volt=1.2250V
TIME:01:30:36
37552
cpu:0.49, 0.35, 0.25,freq:frequency(48)=600000000,throttle_flag:throttled=0x50000,voltage:volt=1.2813V,volt=1.2500V,volt=1.2500V,volt=1.2250V
TIME:01:30:37
37014
cpu:0.49, 0.35, 0.25,freq:frequency(48)=600000000,throttle_flag:throttled=0x50000,voltage:volt=1.2813V,volt=1.2500V,volt=1.2500V,volt=1.2250V
TIME:01:30:38
37552
cpu:0.49, 0.35, 0.25,freq:frequency(48)=600000000,throttle_flag:throttled=0x50000,voltage:volt=1.2813V,volt=1.2500V,volt=1.2500V,volt=1.2250V
TIME:01:30:39
37552
cpu:0.45, 0.35, 0.25,freq:frequency(48)=800000000,throttle_flag:throttled=0x50000,voltage:volt=1.2813V,volt=1.2500V,volt=1.2500V,volt=1.2250V
TIME:01:30:40
37014
cpu:0.45, 0.35, 0.25,freq:frequency(48)=800000000,throttle_flag:throttled=0x50000,voltage:volt=1.2813V,volt=1.2500V,volt=1.2500V,volt=1.2250V
TIME:01:30:41
37552
cpu:0.45, 0.35, 0.25,freq:frequency(48)=800000000,throttle_flag:throttled=0x50000,voltage:volt=1.2813V,volt=1.2500V,volt=1.2500V,volt=1.2250V
TIME:01:30:42
37552
cpu:0.45, 0.35, 0.25,freq:frequency(48)=800000000,throttle_flag:throttled=0x50000,voltage:volt=1.2813V,volt=1.2500V,volt=1.2500V,volt=1.2250V
TIME:01:30:43
37552
cpu:0.41, 0.34, 0.25,freq:frequency(48)=800000000,throttle_flag:throttled=0x50000,voltage:volt=1.2813V,volt=1.2500V,volt=1.2500V,volt=1.2250V
TIME:01:30:44
37552
cpu:0.41, 0.34, 0.25,freq:frequency(48)=800000000,throttle_flag:throttled=0x50000,voltage:volt=1.2813V,volt=1.2500V,volt=1.2500V,volt=1.2250V
TIME:01:30:46
37552
cpu:0.41, 0.34, 0.25,freq:frequency(48)=900000000,throttle_flag:throttled=0x50000,voltage:volt=1.2813V,volt=1.2500V,volt=1.2500V,volt=1.2250V
TIME:01:30:47
37552
cpu:0.41, 0.34, 0.25,freq:frequency(48)=800000000,throttle_flag:throttled=0x50000,voltage:volt=1.2813V,volt=1.2500V,volt=1.2500V,volt=1.2250V
TIME:01:30:48
37552
cpu:0.41, 0.34, 0.25,freq:frequency(48)=800000000,throttle_flag:throttled=0x50000,voltage:volt=1.2813V,volt=1.2500V,volt=1.2500V,volt=1.2250V
TIME:01:30:49
37552
cpu:0.46, 0.35, 0.25,freq:frequency(48)=800000000,throttle_flag:throttled=0x50000,voltage:volt=1.2813V,volt=1.2500V,volt=1.2500V,volt=1.2250V
TIME:01:30:50
37552
cpu:0.46, 0.35, 0.25,freq:frequency(48)=700000000,throttle_flag:throttled=0x50000,voltage:volt=1.2813V,volt=1.2500V,volt=1.2500V,volt=1.2250V
TIME:01:30:51
37014
cpu:0.46, 0.35, 0.25,freq:frequency(48)=800000000,throttle_flag:throttled=0x50000,voltage:volt=1.2813V,volt=1.2500V,volt=1.2500V,volt=1.2250V
TIME:01:30:52
37552
cpu:0.46, 0.35, 0.25,freq:frequency(48)=700000000,throttle_flag:throttled=0x50000,voltage:volt=1.2813V,volt=1.2500V,volt=1.2500V,volt=1.2250V
TIME:01:30:53
37552
cpu:0.42, 0.34, 0.25,freq:frequency(48)=700000000,throttle_flag:throttled=0x50000,voltage:volt=1.2813V,volt=1.2500V,volt=1.2500V,volt=1.2250V
TIME:01:30:54
37552
cpu:0.42, 0.34, 0.25,freq:frequency(48)=700000000,throttle_flag:throttled=0x50000,voltage:volt=1.2813V,volt=1.2500V,volt=1.2500V,volt=1.2250V
TIME:01:30:56
37014
cpu:0.42, 0.34, 0.25,freq:frequency(48)=699998000,throttle_flag:throttled=0x50000,voltage:volt=1.2813V,volt=1.2500V,volt=1.2500V,volt=1.2250V
TIME:01:30:57
37552
cpu:0.42, 0.34, 0.25,freq:frequency(48)=700000000,throttle_flag:throttled=0x50000,voltage:volt=1.2813V,volt=1.2500V,volt=1.2500V,volt=1.2250V
TIME:01:30:58
37552
cpu:0.42, 0.34, 0.25,freq:frequency(48)=900000000,throttle_flag:throttled=0x50000,voltage:volt=1.2813V,volt=1.2500V,volt=1.2500V,volt=1.2250V
TIME:01:30:59
37014
cpu:0.39, 0.34, 0.25,freq:frequency(48)=800000000,throttle_flag:throttled=0x50000,voltage:volt=1.2813V,volt=1.2500V,volt=1.2500V,volt=1.2250V
TIME:01:31:00
38090
cpu:0.39, 0.34, 0.25,freq:frequency(48)=600000000,throttle_flag:throttled=0x50005,voltage:volt=1.2000V,volt=1.2500V,volt=1.2500V,volt=1.2250V
TIME:01:31:01
37552
cpu:0.39, 0.34, 0.25,freq:frequency(48)=600000000,throttle_flag:throttled=0x50005,voltage:volt=1.2000V,volt=1.2500V,volt=1.2500V,volt=1.2250V
TIME:01:31:02
38628
cpu:0.39, 0.34, 0.25,freq:frequency(48)=1400000000,throttle_flag:throttled=0x50000,voltage:volt=1.3750V,volt=1.2500V,volt=1.2500V,volt=1.2250V
TIME:01:31:03
38628
cpu:0.44, 0.35, 0.25,freq:frequency(48)=1400000000,throttle_flag:throttled=0x50000,voltage:volt=1.3750V,volt=1.2500V,volt=1.2500V,volt=1.2250V
========
TIME:16:16:19
39166
cpu:0.70, 0.35, 0.24,freq:frequency(48)=600000000,throttle_flag:throttled=0x50005,voltage:volt=1.2000V,volt=1.2500V,volt=1.2500V,volt=1.2250V
TIME:16:16:21
38628
cpu:0.64, 0.34, 0.24,freq:frequency(48)=600000000,throttle_flag:throttled=0x50005,voltage:volt=1.2000V,volt=1.2500V,volt=1.2500V,volt=1.2250V
TIME:16:16:22
38628
cpu:0.64, 0.34, 0.24,freq:frequency(48)=1400000000,throttle_flag:throttled=0x50000,voltage:volt=1.3750V,volt=1.2500V,volt=1.2500V,volt=1.2250V
TIME:16:16:23
39166
cpu:0.64, 0.34, 0.24,freq:frequency(48)=1400000000,throttle_flag:throttled=0x50000,voltage:volt=1.3750V,volt=1.2500V,volt=1.2500V,volt=1.2250V
TIME:16:16:24
39166
cpu:0.64, 0.34, 0.24,freq:frequency(48)=1400000000,throttle_flag:throttled=0x50000,voltage:volt=1.3750V,volt=1.2500V,volt=1.2500V,volt=1.2250V
TIME:16:16:25
38628
cpu:0.64, 0.34, 0.24,freq:frequency(48)=800000000,throttle_flag:throttled=0x50000,voltage:volt=1.2813V,volt=1.2500V,volt=1.2500V,volt=1.2250V
TIME:16:16:26
38628
cpu:0.59, 0.34, 0.24,freq:frequency(48)=1400000000,throttle_flag:throttled=0x50000,voltage:volt=1.3750V,volt=1.2500V,volt=1.2500V,volt=1.2250V
TIME:16:16:27
39166
cpu:0.59, 0.34, 0.24,freq:frequency(48)=1400000000,throttle_flag:throttled=0x50000,voltage:volt=1.3750V,volt=1.2500V,volt=1.2500V,volt=1.2250V
TIME:16:16:28
38628
cpu:0.59, 0.34, 0.24,freq:frequency(48)=1400000000,throttle_flag:throttled=0x50000,voltage:volt=1.3750V,volt=1.2500V,volt=1.2500V,volt=1.2250V
TIME:16:16:29
39166
cpu:0.59, 0.34, 0.24,freq:frequency(48)=1400000000,throttle_flag:throttled=0x50000,voltage:volt=1.3750V,volt=1.2500V,volt=1.2500V,volt=1.2250V
TIME:16:16:30
39166
cpu:0.54, 0.33, 0.24,freq:frequency(48)=600000000,throttle_flag:throttled=0x50000,voltage:volt=1.2813V,volt=1.2500V,volt=1.2500V,volt=1.2250V
TIME:16:16:32
38628
cpu:0.54, 0.33, 0.24,freq:frequency(48)=600000000,throttle_flag:throttled=0x50000,voltage:volt=1.2813V,volt=1.2500V,volt=1.2500V,volt=1.2250V
TIME:16:16:33
38628
cpu:0.54, 0.33, 0.24,freq:frequency(48)=600000000,throttle_flag:throttled=0x50000,voltage:volt=1.2813V,volt=1.2500V,volt=1.2500V,volt=1.2250V
TIME:16:16:34
38628
cpu:0.54, 0.33, 0.24,freq:frequency(48)=600000000,throttle_flag:throttled=0x50000,voltage:volt=1.2813V,volt=1.2500V,volt=1.2500V,volt=1.2250V
TIME:16:16:35
38628
cpu:0.54, 0.33, 0.24,freq:frequency(48)=800000000,throttle_flag:throttled=0x50000,voltage:volt=1.2813V,volt=1.2500V,volt=1.2500V,volt=1.2250V
TIME:16:16:36
38628
cpu:0.50, 0.33, 0.24,freq:frequency(48)=800000000,throttle_flag:throttled=0x50000,voltage:volt=1.2813V,volt=1.2500V,volt=1.2500V,volt=1.2250V
TIME:16:16:37
38090
cpu:0.50, 0.33, 0.24,freq:frequency(48)=800000000,throttle_flag:throttled=0x50000,voltage:volt=1.2813V,volt=1.2500V,volt=1.2500V,volt=1.2250V
TIME:16:16:38
38090
cpu:0.50, 0.33, 0.24,freq:frequency(48)=900000000,throttle_flag:throttled=0x50000,voltage:volt=1.2813V,volt=1.2500V,volt=1.2500V,volt=1.2250V
TIME:16:16:39
38090
cpu:0.50, 0.33, 0.24,freq:frequency(48)=800000000,throttle_flag:throttled=0x50000,voltage:volt=1.2813V,volt=1.2500V,volt=1.2500V,volt=1.2250V
TIME:16:16:41
37552
cpu:0.54, 0.34, 0.24,freq:frequency(48)=800000000,throttle_flag:throttled=0x50000,voltage:volt=1.2813V,volt=1.2500V,volt=1.2500V,volt=1.2250V
TIME:16:16:42
38090
cpu:0.54, 0.34, 0.24,freq:frequency(48)=800000000,throttle_flag:throttled=0x50000,voltage:volt=1.2813V,volt=1.2500V,volt=1.2500V,volt=1.2250V
TIME:16:16:43
37552
cpu:0.54, 0.34, 0.24,freq:frequency(48)=700000000,throttle_flag:throttled=0x50000,voltage:volt=1.2813V,volt=1.2500V,volt=1.2500V,volt=1.2250V
TIME:16:16:44
37552
cpu:0.54, 0.34, 0.24,freq:frequency(48)=700000000,throttle_flag:throttled=0x50000,voltage:volt=1.2813V,volt=1.2500V,volt=1.2500V,volt=1.2250V
TIME:16:16:45
37552
cpu:0.54, 0.34, 0.24,freq:frequency(48)=700000000,throttle_flag:throttled=0x50000,voltage:volt=1.2813V,volt=1.2500V,volt=1.2500V,volt=1.2250V
TIME:16:16:46
38090
cpu:0.49, 0.33, 0.24,freq:frequency(48)=600000000,throttle_flag:throttled=0x50000,voltage:volt=1.2813V,volt=1.2500V,volt=1.2500V,volt=1.2250V
TIME:16:16:47
38090
cpu:0.49, 0.33, 0.24,freq:frequency(48)=600000000,throttle_flag:throttled=0x50000,voltage:volt=1.2813V,volt=1.2500V,volt=1.2500V,volt=1.2250V
TIME:16:16:48
38090
cpu:0.49, 0.33, 0.24,freq:frequency(48)=600000000,throttle_flag:throttled=0x50000,voltage:volt=1.2813V,volt=1.2500V,volt=1.2500V,volt=1.2250V
TIME:16:16:49
37552
cpu:0.49, 0.33, 0.24,freq:frequency(48)=700000000,throttle_flag:throttled=0x50000,voltage:volt=1.2813V,volt=1.2500V,volt=1.2500V,volt=1.2250V
TIME:16:16:51
38090
cpu:0.54, 0.34, 0.24,freq:frequency(48)=800000000,throttle_flag:throttled=0x50000,voltage:volt=1.2813V,volt=1.2500V,volt=1.2500V,volt=1.2250V
TIME:16:16:52
38628
cpu:0.54, 0.34, 0.24,freq:frequency(48)=600000000,throttle_flag:throttled=0x50005,voltage:volt=1.2000V,volt=1.2500V,volt=1.2500V,volt=1.2250V
TIME:16:16:53
38628
cpu:0.54, 0.34, 0.24,freq:frequency(48)=1400000000,throttle_flag:throttled=0x50000,voltage:volt=1.3750V,volt=1.2500V,volt=1.2500V,volt=1.2250V
TIME:16:16:54
38628
cpu:0.54, 0.34, 0.24,freq:frequency(48)=1400000000,throttle_flag:throttled=0x50000,voltage:volt=1.3750V,volt=1.2500V,volt=1.2500V,volt=1.2250V
TIME:16:16:55
38628
cpu:0.54, 0.34, 0.24,freq:frequency(48)=1400000000,throttle_flag:throttled=0x50000,voltage:volt=1.3750V,volt=1.2500V,volt=1.2500V,volt=1.2250V
TIME:16:16:56
38628
cpu:0.49, 0.34, 0.24,freq:frequency(48)=600000000,throttle_flag:throttled=0x50000,voltage:volt=1.2813V,volt=1.2500V,volt=1.2500V,volt=1.2250V
TIME:16:16:57
38628
cpu:0.49, 0.34, 0.24,freq:frequency(48)=600000000,throttle_flag:throttled=0x50000,voltage:volt=1.2813V,volt=1.2500V,volt=1.2500V,volt=1.2250V
TIME:16:16:58
38628
cpu:0.49, 0.34, 0.24,freq:frequency(48)=600000000,throttle_flag:throttled=0x50000,voltage:volt=1.2813V,volt=1.2500V,volt=1.2500V,volt=1.2250V
TIME:16:17:00
38628
cpu:0.49, 0.34, 0.24,freq:frequency(48)=1400000000,throttle_flag:throttled=0x50000,voltage:volt=1.3750V,volt=1.2500V,volt=1.2500V,volt=1.2250V
TIME:16:17:01
38090
cpu:0.45, 0.33, 0.24,freq:frequency(48)=1400000000,throttle_flag:throttled=0x50000,voltage:volt=1.3750V,volt=1.2500V,volt=1.2500V,volt=1.2250V
TIME:16:17:02
38628
cpu:0.45, 0.33, 0.24,freq:frequency(48)=1400000000,throttle_flag:throttled=0x50000,voltage:volt=1.3750V,volt=1.2500V,volt=1.2500V,volt=1.2250V
TIME:16:17:03
38628
cpu:0.45, 0.33, 0.24,freq:frequency(48)=1400000000,throttle_flag:throttled=0x50000,voltage:volt=1.3750V,volt=1.2500V,volt=1.2500V,volt=1.2250V
TIME:16:17:04
38628
cpu:0.45, 0.33, 0.24,freq:frequency(48)=1400000000,throttle_flag:throttled=0x50000,voltage:volt=1.3750V,volt=1.2500V,volt=1.2500V,volt=1.2250V
TIME:16:17:05
38628
cpu:0.45, 0.33, 0.24,freq:frequency(48)=600000000,throttle_flag:throttled=0x50000,voltage:volt=1.2813V,volt=1.2500V,volt=1.2500V,volt=1.2250V
TIME:16:17:06
38628
cpu:0.42, 0.32, 0.24,freq:frequency(48)=800000000,throttle_flag:throttled=0x50000,voltage:volt=1.2813V,volt=1.2500V,volt=1.2500V,volt=1.2250V
TIME:16:17:07
38090
cpu:0.42, 0.32, 0.24,freq:frequency(48)=800000000,throttle_flag:throttled=0x50000,voltage:volt=1.2813V,volt=1.2500V,volt=1.2500V,volt=1.2250V
TIME:16:17:08
38628
cpu:0.42, 0.32, 0.24,freq:frequency(48)=700000000,throttle_flag:throttled=0x50000,voltage:volt=1.2813V,volt=1.2500V,volt=1.2500V,volt=1.2250V
TIME:16:17:09
38090
cpu:0.42, 0.32, 0.24,freq:frequency(48)=700000000,throttle_flag:throttled=0x50000,voltage:volt=1.2813V,volt=1.2500V,volt=1.2500V,volt=1.2250V
TIME:16:17:11
37552
cpu:0.38, 0.32, 0.24,freq:frequency(48)=700000000,throttle_flag:throttled=0x50000,voltage:volt=1.2813V,volt=1.2500V,volt=1.2500V,volt=1.2250V
TIME:16:17:12
38090
cpu:0.38, 0.32, 0.24,freq:frequency(48)=700000000,throttle_flag:throttled=0x50000,voltage:volt=1.2813V,volt=1.2500V,volt=1.2500V,volt=1.2250V
TIME:16:17:13
38090
cpu:0.38, 0.32, 0.24,freq:frequency(48)=700000000,throttle_flag:throttled=0x50000,voltage:volt=1.2813V,volt=1.2500V,volt=1.2500V,volt=1.2250V
TIME:16:17:14
38090
cpu:0.38, 0.32, 0.24,freq:frequency(48)=700000000,throttle_flag:throttled=0x50000,voltage:volt=1.2813V,volt=1.2500V,volt=1.2500V,volt=1.2250V
TIME:16:17:15
37552
cpu:0.38, 0.32, 0.24,freq:frequency(48)=700000000,throttle_flag:throttled=0x50000,voltage:volt=1.2813V,volt=1.2500V,volt=1.2500V,volt=1.2250V
TIME:16:17:16
37552
cpu:0.35, 0.31, 0.24,freq:frequency(48)=800000000,throttle_flag:throttled=0x50000,voltage:volt=1.2813V,volt=1.2500V,volt=1.2500V,volt=1.2250V
TIME:16:17:17
37552
cpu:0.35, 0.31, 0.24,freq:frequency(48)=700000000,throttle_flag:throttled=0x50000,voltage:volt=1.2813V,volt=1.2500V,volt=1.2500V,volt=1.2250V
TIME:16:17:18
37552
cpu:0.35, 0.31, 0.24,freq:frequency(48)=600000000,throttle_flag:throttled=0x50000,voltage:volt=1.2813V,volt=1.2500V,volt=1.2500V,volt=1.2250V
TIME:16:17:19
37552
cpu:0.35, 0.31, 0.24,freq:frequency(48)=600000000,throttle_flag:throttled=0x50000,voltage:volt=1.2813V,volt=1.2500V,volt=1.2500V,volt=1.2250V
TIME:16:17:21
38090
cpu:0.32, 0.31, 0.24,freq:frequency(48)=700000000,throttle_flag:throttled=0x50000,voltage:volt=1.2813V,volt=1.2500V,volt=1.2500V,volt=1.2250V
TIME:16:17:22
37552
cpu:0.32, 0.31, 0.24,freq:frequency(48)=800000000,throttle_flag:throttled=0x50000,voltage:volt=1.2813V,volt=1.2500V,volt=1.2500V,volt=1.2250V
TIME:16:17:23
37552
cpu:0.32, 0.31, 0.24,freq:frequency(48)=700000000,throttle_flag:throttled=0x50000,voltage:volt=1.2813V,volt=1.2500V,volt=1.2500V,volt=1.2250V
TIME:16:17:24
38628
cpu:0.32, 0.31, 0.24,freq:frequency(48)=600000000,throttle_flag:throttled=0x50005,voltage:volt=1.2000V,volt=1.2500V,volt=1.2500V,volt=1.2250V
TIME:16:17:25
38628
cpu:0.32, 0.31, 0.24,freq:frequency(48)=1400000000,throttle_flag:throttled=0x50000,voltage:volt=1.3750V,volt=1.2500V,volt=1.2500V,volt=1.2250V
TIME:16:17:26
38628
cpu:0.38, 0.32, 0.24,freq:frequency(48)=1400000000,throttle_flag:throttled=0x50000,voltage:volt=1.3750V,volt=1.2500V,volt=1.2500V,volt=1.2250V
TIME:16:17:27
39704
cpu:0.38, 0.32, 0.24,freq:frequency(48)=1400000000,throttle_flag:throttled=0x50000,voltage:volt=1.3750V,volt=1.2500V,volt=1.2500V,volt=1.2250V
TIME:16:17:28
39704
>>>>>>>> 978dcc83 (emergency commit?):logs/roofline/resnet18_children_bramble-4-5/8/7_size/2_1/speed_heatbramble-4-5-16.log
