<<<<<<<< HEAD:logs/roofline/resnet18_children_bramble-4-5/5/6_size/2_2/speed_heatbramble-4-5-25.log
TIME:04:07:33
47236
cpu:0.55, 0.59, 0.40,freq:frequency(48)=600000000,throttle_flag:throttled=0x50005,voltage:volt=1.2000V,volt=1.2500V,volt=1.2500V,volt=1.2250V
TIME:04:07:34
47236
cpu:0.55, 0.59, 0.40,freq:frequency(48)=600000000,throttle_flag:throttled=0x50005,voltage:volt=1.2000V,volt=1.2500V,volt=1.2500V,volt=1.2250V
TIME:04:07:35
47236
cpu:0.55, 0.59, 0.40,freq:frequency(48)=1400000000,throttle_flag:throttled=0x50000,voltage:volt=1.3813V,volt=1.2500V,volt=1.2500V,volt=1.2250V
TIME:04:07:36
47236
cpu:0.51, 0.58, 0.40,freq:frequency(48)=1400002000,throttle_flag:throttled=0x50000,voltage:volt=1.3813V,volt=1.2500V,volt=1.2500V,volt=1.2250V
TIME:04:07:37
47774
cpu:0.51, 0.58, 0.40,freq:frequency(48)=700000000,throttle_flag:throttled=0x50000,voltage:volt=1.2813V,volt=1.2500V,volt=1.2500V,volt=1.2250V
TIME:04:07:39
46160
cpu:0.51, 0.58, 0.40,freq:frequency(48)=700002000,throttle_flag:throttled=0x50000,voltage:volt=1.2813V,volt=1.2500V,volt=1.2500V,volt=1.2250V
TIME:04:07:40
46698
cpu:0.51, 0.58, 0.40,freq:frequency(48)=700000000,throttle_flag:throttled=0x50000,voltage:volt=1.2813V,volt=1.2500V,volt=1.2500V,volt=1.2250V
TIME:04:07:41
47774
cpu:0.51, 0.58, 0.40,freq:frequency(48)=700000000,throttle_flag:throttled=0x50000,voltage:volt=1.2813V,volt=1.2500V,volt=1.2500V,volt=1.2250V
TIME:04:07:42
46160
cpu:0.47, 0.57, 0.39,freq:frequency(48)=700000000,throttle_flag:throttled=0x50000,voltage:volt=1.2813V,volt=1.2500V,volt=1.2500V,volt=1.2250V
TIME:04:07:43
46160
cpu:0.47, 0.57, 0.39,freq:frequency(48)=600000000,throttle_flag:throttled=0x50000,voltage:volt=1.2813V,volt=1.2500V,volt=1.2500V,volt=1.2250V
TIME:04:07:44
46698
cpu:0.47, 0.57, 0.39,freq:frequency(48)=800000000,throttle_flag:throttled=0x50000,voltage:volt=1.2813V,volt=1.2500V,volt=1.2500V,volt=1.2250V
TIME:04:07:45
47236
cpu:0.47, 0.57, 0.39,freq:frequency(48)=800000000,throttle_flag:throttled=0x50000,voltage:volt=1.2813V,volt=1.2500V,volt=1.2500V,volt=1.2250V
TIME:04:07:46
46160
cpu:0.43, 0.56, 0.39,freq:frequency(48)=600000000,throttle_flag:throttled=0x50000,voltage:volt=1.3813V,volt=1.2500V,volt=1.2500V,volt=1.2250V
TIME:04:07:48
47236
cpu:0.43, 0.56, 0.39,freq:frequency(48)=1400002000,throttle_flag:throttled=0x50000,voltage:volt=1.3813V,volt=1.2500V,volt=1.2500V,volt=1.2250V
TIME:04:07:49
47236
cpu:0.43, 0.56, 0.39,freq:frequency(48)=1400002000,throttle_flag:throttled=0x50000,voltage:volt=1.3813V,volt=1.2500V,volt=1.2500V,volt=1.2250V
TIME:04:07:50
47774
cpu:0.43, 0.56, 0.39,freq:frequency(48)=1400000000,throttle_flag:throttled=0x50000,voltage:volt=1.3813V,volt=1.2500V,volt=1.2500V,volt=1.2250V
TIME:04:07:51
47236
cpu:0.43, 0.56, 0.39,freq:frequency(48)=1400000000,throttle_flag:throttled=0x50000,voltage:volt=1.3813V,volt=1.2500V,volt=1.2500V,volt=1.2250V
TIME:04:07:52
47774
cpu:0.40, 0.55, 0.39,freq:frequency(48)=700000000,throttle_flag:throttled=0x50000,voltage:volt=1.2813V,volt=1.2500V,volt=1.2500V,volt=1.2250V
TIME:04:07:53
47236
cpu:0.40, 0.55, 0.39,freq:frequency(48)=700000000,throttle_flag:throttled=0x50000,voltage:volt=1.2813V,volt=1.2500V,volt=1.2500V,volt=1.2250V
TIME:04:07:54
47236
cpu:0.40, 0.55, 0.39,freq:frequency(48)=700000000,throttle_flag:throttled=0x50000,voltage:volt=1.2813V,volt=1.2500V,volt=1.2500V,volt=1.2250V
TIME:04:07:55
47236
cpu:0.40, 0.55, 0.39,freq:frequency(48)=700000000,throttle_flag:throttled=0x50000,voltage:volt=1.2813V,volt=1.2500V,volt=1.2500V,volt=1.2250V
TIME:04:07:56
46698
cpu:0.36, 0.54, 0.39,freq:frequency(48)=800000000,throttle_flag:throttled=0x50000,voltage:volt=1.2813V,volt=1.2500V,volt=1.2500V,volt=1.2250V
TIME:04:07:57
46698
cpu:0.36, 0.54, 0.39,freq:frequency(48)=800000000,throttle_flag:throttled=0x50000,voltage:volt=1.2813V,volt=1.2500V,volt=1.2500V,volt=1.2250V
TIME:04:07:59
47236
cpu:0.36, 0.54, 0.39,freq:frequency(48)=600000000,throttle_flag:throttled=0x50000,voltage:volt=1.2813V,volt=1.2500V,volt=1.2500V,volt=1.2250V
TIME:04:08:00
47236
cpu:0.36, 0.54, 0.39,freq:frequency(48)=600000000,throttle_flag:throttled=0x50000,voltage:volt=1.2813V,volt=1.2500V,volt=1.2500V,volt=1.2250V
TIME:04:08:01
47236
cpu:0.36, 0.54, 0.39,freq:frequency(48)=600000000,throttle_flag:throttled=0x50000,voltage:volt=1.2813V,volt=1.2500V,volt=1.2500V,volt=1.2250V
TIME:04:08:02
47236
cpu:0.42, 0.55, 0.39,freq:frequency(48)=600000000,throttle_flag:throttled=0x50000,voltage:volt=1.2813V,volt=1.2500V,volt=1.2500V,volt=1.2250V
TIME:04:08:03
46160
cpu:0.42, 0.55, 0.39,freq:frequency(48)=600000000,throttle_flag:throttled=0x50000,voltage:volt=1.2813V,volt=1.2500V,volt=1.2500V,volt=1.2250V
TIME:04:08:04
46160
cpu:0.42, 0.55, 0.39,freq:frequency(48)=600000000,throttle_flag:throttled=0x50000,voltage:volt=1.2813V,volt=1.2500V,volt=1.2500V,volt=1.2250V
TIME:04:08:05
47236
cpu:0.42, 0.55, 0.39,freq:frequency(48)=800000000,throttle_flag:throttled=0x50000,voltage:volt=1.2813V,volt=1.2500V,volt=1.2500V,volt=1.2250V
TIME:04:08:06
47236
cpu:0.38, 0.54, 0.39,freq:frequency(48)=600000000,throttle_flag:throttled=0x50005,voltage:volt=1.2000V,volt=1.2500V,volt=1.2500V,volt=1.2250V
TIME:04:08:07
46160
cpu:0.38, 0.54, 0.39,freq:frequency(48)=600000000,throttle_flag:throttled=0x50005,voltage:volt=1.2000V,volt=1.2500V,volt=1.2500V,volt=1.2250V
TIME:04:08:09
46698
cpu:0.38, 0.54, 0.39,freq:frequency(48)=1400000000,throttle_flag:throttled=0x50000,voltage:volt=1.3813V,volt=1.2500V,volt=1.2500V,volt=1.2250V
TIME:04:08:10
47774
cpu:0.38, 0.54, 0.39,freq:frequency(48)=1400000000,throttle_flag:throttled=0x50000,voltage:volt=1.3813V,volt=1.2500V,volt=1.2500V,volt=1.2250V
TIME:04:08:11
47236
cpu:0.38, 0.54, 0.39,freq:frequency(48)=700000000,throttle_flag:throttled=0x50000,voltage:volt=1.2813V,volt=1.2500V,volt=1.2500V,volt=1.2250V
TIME:04:08:12
47236
cpu:0.35, 0.53, 0.39,freq:frequency(48)=1400000000,throttle_flag:throttled=0x50000,voltage:volt=1.3813V,volt=1.2500V,volt=1.2500V,volt=1.2250V
TIME:04:08:13
47236
cpu:0.35, 0.53, 0.39,freq:frequency(48)=1400000000,throttle_flag:throttled=0x50000,voltage:volt=1.3813V,volt=1.2500V,volt=1.2500V,volt=1.2250V
TIME:04:08:14
47236
cpu:0.35, 0.53, 0.39,freq:frequency(48)=1400000000,throttle_flag:throttled=0x50000,voltage:volt=1.3813V,volt=1.2500V,volt=1.2500V,volt=1.2250V
TIME:04:08:15
47236
cpu:0.35, 0.53, 0.39,freq:frequency(48)=1400000000,throttle_flag:throttled=0x50000,voltage:volt=1.3813V,volt=1.2500V,volt=1.2500V,volt=1.2250V
TIME:04:08:16
47236
cpu:0.32, 0.52, 0.38,freq:frequency(48)=600000000,throttle_flag:throttled=0x50000,voltage:volt=1.2813V,volt=1.2500V,volt=1.2500V,volt=1.2250V
TIME:04:08:17
47774
cpu:0.32, 0.52, 0.38,freq:frequency(48)=800000000,throttle_flag:throttled=0x50000,voltage:volt=1.2813V,volt=1.2500V,volt=1.2500V,volt=1.2250V
TIME:04:08:18
47236
cpu:0.32, 0.52, 0.38,freq:frequency(48)=800000000,throttle_flag:throttled=0x50000,voltage:volt=1.2813V,volt=1.2500V,volt=1.2500V,volt=1.2250V
TIME:04:08:20
47236
cpu:0.32, 0.52, 0.38,freq:frequency(48)=700000000,throttle_flag:throttled=0x50000,voltage:volt=1.2813V,volt=1.2500V,volt=1.2500V,volt=1.2250V
TIME:04:08:21
47236
cpu:0.32, 0.52, 0.38,freq:frequency(48)=800000000,throttle_flag:throttled=0x50000,voltage:volt=1.2813V,volt=1.2500V,volt=1.2500V,volt=1.2250V
TIME:04:08:22
47236
cpu:0.30, 0.51, 0.38,freq:frequency(48)=800000000,throttle_flag:throttled=0x50000,voltage:volt=1.2813V,volt=1.2500V,volt=1.2500V,volt=1.2250V
TIME:04:08:23
46160
cpu:0.30, 0.51, 0.38,freq:frequency(48)=800000000,throttle_flag:throttled=0x50000,voltage:volt=1.2813V,volt=1.2500V,volt=1.2500V,volt=1.2250V
TIME:04:08:24
47236
cpu:0.30, 0.51, 0.38,freq:frequency(48)=800000000,throttle_flag:throttled=0x50000,voltage:volt=1.2813V,volt=1.2500V,volt=1.2500V,volt=1.2250V
TIME:04:08:25
47236
cpu:0.30, 0.51, 0.38,freq:frequency(48)=700000000,throttle_flag:throttled=0x50000,voltage:volt=1.2813V,volt=1.2500V,volt=1.2500V,volt=1.2250V
TIME:04:08:26
47774
cpu:0.27, 0.50, 0.38,freq:frequency(48)=700000000,throttle_flag:throttled=0x50000,voltage:volt=1.2813V,volt=1.2500V,volt=1.2500V,volt=1.2250V
TIME:04:08:27
46698
cpu:0.27, 0.50, 0.38,freq:frequency(48)=700000000,throttle_flag:throttled=0x50000,voltage:volt=1.2813V,volt=1.2500V,volt=1.2500V,volt=1.2250V
TIME:04:08:29
47236
cpu:0.27, 0.50, 0.38,freq:frequency(48)=700000000,throttle_flag:throttled=0x50000,voltage:volt=1.2813V,volt=1.2500V,volt=1.2500V,volt=1.2250V
TIME:04:08:30
46698
cpu:0.27, 0.50, 0.38,freq:frequency(48)=700000000,throttle_flag:throttled=0x50000,voltage:volt=1.2813V,volt=1.2500V,volt=1.2500V,volt=1.2250V
TIME:04:08:31
47236
cpu:0.27, 0.50, 0.38,freq:frequency(48)=700000000,throttle_flag:throttled=0x50000,voltage:volt=1.2813V,volt=1.2500V,volt=1.2500V,volt=1.2250V
TIME:04:08:32
46160
cpu:0.25, 0.49, 0.38,freq:frequency(48)=700000000,throttle_flag:throttled=0x50000,voltage:volt=1.2813V,volt=1.2500V,volt=1.2500V,volt=1.2250V
TIME:04:08:33
46698
cpu:0.25, 0.49, 0.38,freq:frequency(48)=700000000,throttle_flag:throttled=0x50000,voltage:volt=1.2813V,volt=1.2500V,volt=1.2500V,volt=1.2250V
TIME:04:08:34
46698
cpu:0.25, 0.49, 0.38,freq:frequency(48)=700000000,throttle_flag:throttled=0x50000,voltage:volt=1.2813V,volt=1.2500V,volt=1.2500V,volt=1.2250V
TIME:04:08:35
46698
cpu:0.25, 0.49, 0.38,freq:frequency(48)=800000000,throttle_flag:throttled=0x50000,voltage:volt=1.2813V,volt=1.2500V,volt=1.2500V,volt=1.2250V
TIME:04:08:36
46698
cpu:0.23, 0.49, 0.37,freq:frequency(48)=700000000,throttle_flag:throttled=0x50000,voltage:volt=1.2813V,volt=1.2500V,volt=1.2500V,volt=1.2250V
TIME:04:08:37
47236
cpu:0.23, 0.49, 0.37,freq:frequency(48)=600000000,throttle_flag:throttled=0x50000,voltage:volt=1.2813V,volt=1.2500V,volt=1.2500V,volt=1.2250V
TIME:04:08:39
46698
cpu:0.23, 0.49, 0.37,freq:frequency(48)=600000000,throttle_flag:throttled=0x50000,voltage:volt=1.2813V,volt=1.2500V,volt=1.2500V,volt=1.2250V
TIME:04:08:40
47236
cpu:0.23, 0.49, 0.37,freq:frequency(48)=1400000000,throttle_flag:throttled=0x50000,voltage:volt=1.3813V,volt=1.2500V,volt=1.2500V,volt=1.2250V
TIME:04:08:41
47236
cpu:0.23, 0.49, 0.37,freq:frequency(48)=1400000000,throttle_flag:throttled=0x50000,voltage:volt=1.3813V,volt=1.2500V,volt=1.2500V,volt=1.2250V
TIME:04:08:42
48312
cpu:0.29, 0.49, 0.38,freq:frequency(48)=1400000000,throttle_flag:throttled=0x50000,voltage:volt=1.3813V,volt=1.2500V,volt=1.2500V,volt=1.2250V
TIME:04:08:43
48850
cpu:0.29, 0.49, 0.38,freq:frequency(48)=1400000000,throttle_flag:throttled=0x50000,voltage:volt=1.3813V,volt=1.2500V,volt=1.2500V,volt=1.2250V
========
TIME:11:58:12
46698
cpu:0.54, 0.34, 0.24,freq:frequency(48)=900000000,throttle_flag:throttled=0x50000,voltage:volt=1.2813V,volt=1.2500V,volt=1.2500V,volt=1.2250V
TIME:11:58:13
47236
cpu:0.54, 0.34, 0.24,freq:frequency(48)=1400000000,throttle_flag:throttled=0x50000,voltage:volt=1.3813V,volt=1.2500V,volt=1.2500V,volt=1.2250V
TIME:11:58:14
47774
cpu:0.49, 0.33, 0.24,freq:frequency(48)=1400000000,throttle_flag:throttled=0x50000,voltage:volt=1.3813V,volt=1.2500V,volt=1.2500V,volt=1.2250V
TIME:11:58:15
47236
cpu:0.49, 0.33, 0.24,freq:frequency(48)=1400000000,throttle_flag:throttled=0x50000,voltage:volt=1.3813V,volt=1.2500V,volt=1.2500V,volt=1.2250V
TIME:11:58:16
47774
cpu:0.49, 0.33, 0.24,freq:frequency(48)=1400000000,throttle_flag:throttled=0x50000,voltage:volt=1.3813V,volt=1.2500V,volt=1.2500V,volt=1.2250V
TIME:11:58:17
47236
cpu:0.49, 0.33, 0.24,freq:frequency(48)=700000000,throttle_flag:throttled=0x50000,voltage:volt=1.2813V,volt=1.2500V,volt=1.2500V,volt=1.2250V
TIME:11:58:19
47236
cpu:0.53, 0.34, 0.24,freq:frequency(48)=700000000,throttle_flag:throttled=0x50000,voltage:volt=1.2813V,volt=1.2500V,volt=1.2500V,volt=1.2250V
TIME:11:58:20
47774
cpu:0.53, 0.34, 0.24,freq:frequency(48)=700000000,throttle_flag:throttled=0x50000,voltage:volt=1.2813V,volt=1.2500V,volt=1.2500V,volt=1.2250V
TIME:11:58:21
47236
cpu:0.53, 0.34, 0.24,freq:frequency(48)=700000000,throttle_flag:throttled=0x50000,voltage:volt=1.2813V,volt=1.2500V,volt=1.2500V,volt=1.2250V
TIME:11:58:22
47236
cpu:0.53, 0.34, 0.24,freq:frequency(48)=800000000,throttle_flag:throttled=0x50000,voltage:volt=1.2813V,volt=1.2500V,volt=1.2500V,volt=1.2250V
TIME:11:58:23
46698
cpu:0.53, 0.34, 0.24,freq:frequency(48)=800000000,throttle_flag:throttled=0x50000,voltage:volt=1.2813V,volt=1.2500V,volt=1.2500V,volt=1.2250V
TIME:11:58:24
46160
cpu:0.49, 0.34, 0.24,freq:frequency(48)=700000000,throttle_flag:throttled=0x50000,voltage:volt=1.2813V,volt=1.2500V,volt=1.2500V,volt=1.2250V
TIME:11:58:25
46160
cpu:0.49, 0.34, 0.24,freq:frequency(48)=700000000,throttle_flag:throttled=0x50000,voltage:volt=1.2813V,volt=1.2500V,volt=1.2500V,volt=1.2250V
TIME:11:58:26
46160
cpu:0.49, 0.34, 0.24,freq:frequency(48)=700000000,throttle_flag:throttled=0x50000,voltage:volt=1.2813V,volt=1.2500V,volt=1.2500V,volt=1.2250V
TIME:11:58:28
46160
cpu:0.49, 0.34, 0.24,freq:frequency(48)=700000000,throttle_flag:throttled=0x50000,voltage:volt=1.2813V,volt=1.2500V,volt=1.2500V,volt=1.2250V
TIME:11:58:29
46160
cpu:0.49, 0.34, 0.24,freq:frequency(48)=700000000,throttle_flag:throttled=0x50000,voltage:volt=1.2813V,volt=1.2500V,volt=1.2500V,volt=1.2250V
TIME:11:58:30
47236
cpu:0.61, 0.37, 0.25,freq:frequency(48)=600000000,throttle_flag:throttled=0x50000,voltage:volt=1.2813V,volt=1.2500V,volt=1.2500V,volt=1.2250V
TIME:11:58:31
46160
cpu:0.61, 0.37, 0.25,freq:frequency(48)=600000000,throttle_flag:throttled=0x50000,voltage:volt=1.2813V,volt=1.2500V,volt=1.2500V,volt=1.2250V
TIME:11:58:32
46160
cpu:0.61, 0.37, 0.25,freq:frequency(48)=600000000,throttle_flag:throttled=0x50000,voltage:volt=1.2813V,volt=1.2500V,volt=1.2500V,volt=1.2250V
TIME:11:58:33
46698
cpu:0.61, 0.37, 0.25,freq:frequency(48)=600000000,throttle_flag:throttled=0x50000,voltage:volt=1.2813V,volt=1.2500V,volt=1.2500V,volt=1.2250V
TIME:11:58:34
46698
cpu:0.56, 0.36, 0.25,freq:frequency(48)=700000000,throttle_flag:throttled=0x50000,voltage:volt=1.2813V,volt=1.2500V,volt=1.2500V,volt=1.2250V
TIME:11:58:35
46160
cpu:0.56, 0.36, 0.25,freq:frequency(48)=800000000,throttle_flag:throttled=0x50000,voltage:volt=1.2813V,volt=1.2500V,volt=1.2500V,volt=1.2250V
TIME:11:58:36
46160
cpu:0.56, 0.36, 0.25,freq:frequency(48)=600000000,throttle_flag:throttled=0x50000,voltage:volt=1.2813V,volt=1.2500V,volt=1.2500V,volt=1.2250V
TIME:11:58:38
46160
cpu:0.56, 0.36, 0.25,freq:frequency(48)=600000000,throttle_flag:throttled=0x50000,voltage:volt=1.2813V,volt=1.2500V,volt=1.2500V,volt=1.2250V
TIME:11:58:39
46160
cpu:0.52, 0.35, 0.25,freq:frequency(48)=800000000,throttle_flag:throttled=0x50000,voltage:volt=1.2813V,volt=1.2500V,volt=1.2500V,volt=1.2250V
TIME:11:58:40
46160
cpu:0.52, 0.35, 0.25,freq:frequency(48)=800000000,throttle_flag:throttled=0x50000,voltage:volt=1.2813V,volt=1.2500V,volt=1.2500V,volt=1.2250V
TIME:11:58:41
47236
cpu:0.52, 0.35, 0.25,freq:frequency(48)=700000000,throttle_flag:throttled=0x50000,voltage:volt=1.2813V,volt=1.2500V,volt=1.2500V,volt=1.2250V
TIME:11:58:42
46160
cpu:0.52, 0.35, 0.25,freq:frequency(48)=800000000,throttle_flag:throttled=0x50000,voltage:volt=1.2813V,volt=1.2500V,volt=1.2500V,volt=1.2250V
TIME:11:58:43
46698
cpu:0.52, 0.35, 0.25,freq:frequency(48)=700000000,throttle_flag:throttled=0x50000,voltage:volt=1.2813V,volt=1.2500V,volt=1.2500V,volt=1.2250V
TIME:11:58:44
47236
cpu:0.48, 0.35, 0.25,freq:frequency(48)=700000000,throttle_flag:throttled=0x50000,voltage:volt=1.2813V,volt=1.2500V,volt=1.2500V,volt=1.2250V
TIME:11:58:45
46160
cpu:0.48, 0.35, 0.25,freq:frequency(48)=600000000,throttle_flag:throttled=0x50005,voltage:volt=1.2000V,volt=1.2500V,volt=1.2500V,volt=1.2250V
TIME:11:58:47
47236
cpu:0.48, 0.35, 0.25,freq:frequency(48)=1400002000,throttle_flag:throttled=0x50000,voltage:volt=1.3813V,volt=1.2500V,volt=1.2500V,volt=1.2250V
TIME:11:58:48
47236
cpu:0.48, 0.35, 0.25,freq:frequency(48)=1400000000,throttle_flag:throttled=0x50000,voltage:volt=1.3813V,volt=1.2500V,volt=1.2500V,volt=1.2250V
TIME:11:58:49
47236
cpu:0.52, 0.36, 0.25,freq:frequency(48)=1400000000,throttle_flag:throttled=0x50000,voltage:volt=1.3813V,volt=1.2500V,volt=1.2500V,volt=1.2250V
TIME:11:58:50
47236
cpu:0.52, 0.36, 0.25,freq:frequency(48)=1400000000,throttle_flag:throttled=0x50000,voltage:volt=1.3813V,volt=1.2500V,volt=1.2500V,volt=1.2250V
TIME:11:58:51
47236
cpu:0.52, 0.36, 0.25,freq:frequency(48)=1400000000,throttle_flag:throttled=0x50000,voltage:volt=1.3813V,volt=1.2500V,volt=1.2500V,volt=1.2250V
TIME:11:58:52
47774
cpu:0.52, 0.36, 0.25,freq:frequency(48)=1400000000,throttle_flag:throttled=0x50000,voltage:volt=1.3813V,volt=1.2500V,volt=1.2500V,volt=1.2250V
TIME:11:58:53
47236
cpu:0.52, 0.36, 0.25,freq:frequency(48)=1400000000,throttle_flag:throttled=0x50000,voltage:volt=1.3813V,volt=1.2500V,volt=1.2500V,volt=1.2250V
TIME:11:58:54
47236
cpu:0.48, 0.35, 0.25,freq:frequency(48)=1400002000,throttle_flag:throttled=0x50000,voltage:volt=1.3813V,volt=1.2500V,volt=1.2500V,volt=1.2250V
TIME:11:58:55
47774
cpu:0.48, 0.35, 0.25,freq:frequency(48)=800000000,throttle_flag:throttled=0x50000,voltage:volt=1.2813V,volt=1.2500V,volt=1.2500V,volt=1.2250V
TIME:11:58:56
47236
cpu:0.48, 0.35, 0.25,freq:frequency(48)=800000000,throttle_flag:throttled=0x50000,voltage:volt=1.2813V,volt=1.2500V,volt=1.2500V,volt=1.2250V
TIME:11:58:57
46698
cpu:0.48, 0.35, 0.25,freq:frequency(48)=700000000,throttle_flag:throttled=0x50000,voltage:volt=1.2813V,volt=1.2500V,volt=1.2500V,volt=1.2250V
TIME:11:58:58
47236
cpu:0.48, 0.35, 0.25,freq:frequency(48)=700000000,throttle_flag:throttled=0x50000,voltage:volt=1.2813V,volt=1.2500V,volt=1.2500V,volt=1.2250V
TIME:11:59:00
46698
cpu:0.44, 0.35, 0.25,freq:frequency(48)=800000000,throttle_flag:throttled=0x50000,voltage:volt=1.2813V,volt=1.2500V,volt=1.2500V,volt=1.2250V
TIME:11:59:01
47236
cpu:0.44, 0.35, 0.25,freq:frequency(48)=700000000,throttle_flag:throttled=0x50000,voltage:volt=1.2813V,volt=1.2500V,volt=1.2500V,volt=1.2250V
TIME:11:59:02
47236
cpu:0.44, 0.35, 0.25,freq:frequency(48)=700000000,throttle_flag:throttled=0x50000,voltage:volt=1.2813V,volt=1.2500V,volt=1.2500V,volt=1.2250V
TIME:11:59:03
46698
cpu:0.44, 0.35, 0.25,freq:frequency(48)=600000000,throttle_flag:throttled=0x50000,voltage:volt=1.2813V,volt=1.2500V,volt=1.2500V,volt=1.2250V
TIME:11:59:04
46698
cpu:0.40, 0.34, 0.25,freq:frequency(48)=600000000,throttle_flag:throttled=0x50000,voltage:volt=1.2813V,volt=1.2500V,volt=1.2500V,volt=1.2250V
TIME:11:59:05
46160
cpu:0.40, 0.34, 0.25,freq:frequency(48)=600000000,throttle_flag:throttled=0x50000,voltage:volt=1.2813V,volt=1.2500V,volt=1.2500V,volt=1.2250V
TIME:11:59:06
47236
cpu:0.40, 0.34, 0.25,freq:frequency(48)=600000000,throttle_flag:throttled=0x50000,voltage:volt=1.2813V,volt=1.2500V,volt=1.2500V,volt=1.2250V
TIME:11:59:07
46698
cpu:0.40, 0.34, 0.25,freq:frequency(48)=600000000,throttle_flag:throttled=0x50000,voltage:volt=1.2813V,volt=1.2500V,volt=1.2500V,volt=1.2250V
TIME:11:59:09
46698
cpu:0.40, 0.34, 0.25,freq:frequency(48)=600000000,throttle_flag:throttled=0x50000,voltage:volt=1.2813V,volt=1.2500V,volt=1.2500V,volt=1.2250V
TIME:11:59:10
46160
cpu:0.37, 0.33, 0.25,freq:frequency(48)=800000000,throttle_flag:throttled=0x50000,voltage:volt=1.2813V,volt=1.2500V,volt=1.2500V,volt=1.2250V
TIME:11:59:11
46160
cpu:0.37, 0.33, 0.25,freq:frequency(48)=800000000,throttle_flag:throttled=0x50000,voltage:volt=1.2813V,volt=1.2500V,volt=1.2500V,volt=1.2250V
TIME:11:59:12
46698
cpu:0.37, 0.33, 0.25,freq:frequency(48)=800000000,throttle_flag:throttled=0x50000,voltage:volt=1.2813V,volt=1.2500V,volt=1.2500V,volt=1.2250V
TIME:11:59:13
46698
cpu:0.37, 0.33, 0.25,freq:frequency(48)=800000000,throttle_flag:throttled=0x50000,voltage:volt=1.2813V,volt=1.2500V,volt=1.2500V,volt=1.2250V
TIME:11:59:14
46698
cpu:0.34, 0.33, 0.24,freq:frequency(48)=600000000,throttle_flag:throttled=0x50000,voltage:volt=1.2813V,volt=1.2500V,volt=1.2500V,volt=1.2250V
TIME:11:59:15
46160
cpu:0.34, 0.33, 0.24,freq:frequency(48)=600000000,throttle_flag:throttled=0x50000,voltage:volt=1.2813V,volt=1.2500V,volt=1.2500V,volt=1.2250V
TIME:11:59:16
46698
cpu:0.34, 0.33, 0.24,freq:frequency(48)=800000000,throttle_flag:throttled=0x50000,voltage:volt=1.2813V,volt=1.2500V,volt=1.2500V,volt=1.2250V
TIME:11:59:17
47236
cpu:0.34, 0.33, 0.24,freq:frequency(48)=1400000000,throttle_flag:throttled=0x50000,voltage:volt=1.3813V,volt=1.2500V,volt=1.2500V,volt=1.2250V
TIME:11:59:19
47774
cpu:0.34, 0.33, 0.24,freq:frequency(48)=1400002000,throttle_flag:throttled=0x50000,voltage:volt=1.3813V,volt=1.2500V,volt=1.2500V,volt=1.2250V
TIME:11:59:20
48312
cpu:0.39, 0.34, 0.25,freq:frequency(48)=1400000000,throttle_flag:throttled=0x50000,voltage:volt=1.3813V,volt=1.2500V,volt=1.2500V,volt=1.2250V
>>>>>>>> 978dcc83 (emergency commit?):logs/roofline/resnet18_children_bramble-4-5/7/6_size/2_1/speed_heatbramble-4-5-25.log
