ALL SYNC
2026-04-21 07:10:56.408573 Sync done -> model run start
2026-04-21 07:10:56.408570 Sync done -> model run start
2026-04-21 07:10:56.408570 Sync done -> model run start
2026-04-21 07:10:56.408576 Sync done -> model run start
1 1.229 [1.2292705550789833]
3 1.281 [1.2806214080192149]
2 1.322 [1.3214242269750684]
0 1.35 [1.349628500174731]
2026-04-21 07:11:02.864605 Sync done -> model run start
2026-04-21 07:11:02.876381 Sync done -> model run start
2026-04-21 07:11:02.895076 Sync done -> model run start
2026-04-21 07:11:02.914103 Sync done -> model run start
0 0.606 [0.6060838741250336]
1 0.604 [0.6039432580582798]
3 0.6 [0.5996686900034547]
2 0.649 [0.6484668969642371]
2026-04-21 07:11:06.557452 Sync done -> model run start
2026-04-21 07:11:06.572457 Sync done -> model run start
2026-04-21 07:11:06.591669 Sync done -> model run start
2026-04-21 07:11:06.611178 Sync done -> model run start
0 0.604 [0.6032916449476033]
1 0.599 [0.598771400982514]
3 0.595 [0.595204747049138]
2 0.645 [0.644778368063271]
2026-04-21 07:11:10.141547 Sync done -> model run start
2026-04-21 07:11:10.149695 Sync done -> model run start
2026-04-21 07:11:10.178590 Sync done -> model run start
2026-04-21 07:11:10.197702 Sync done -> model run start
1 0.604 [0.6032728420104831]
0 0.606 [0.6053962719161063]
3 0.598 [0.5976722890045494]
2 0.641 [0.6409586940426379]
2026-04-21 07:11:13.806189 Sync done -> model run start
2026-04-21 07:11:13.838513 Sync done -> model run start
2026-04-21 07:11:13.859400 Sync done -> model run start
2026-04-21 07:11:13.874085 Sync done -> model run start
0 0.611 [0.6110100520309061]
1 0.612 [0.6122950999997556]
3 0.655 [0.6549219749867916]
2 0.63 [0.629399152006954]
2026-04-21 07:11:14.694061 Sync done -> model run start
net_times: [[36.152, 4.683, 4841472, 2252488], [0.029, 0.081, 4841472, 2375], [2.552, 0.078, 4841472, 2375], [2.457, 0.095, 4841472, 2375], [2.501, 0.077, 4841472, 2375]]
echo 'race4fun' | sudo -S sh -c 'journalctl --since "2026-04-21 07:10:19.440883" --until "2026-04-21 07:11:14.694061" -k -o short-iso '| grep -i -E 'throttle|throttled|thermal|cpufreq|under-voltage|voltage'
