ALL SYNC
2026-04-21 07:09:28.236051 Sync done -> model run start
2026-04-21 07:09:28.236051 Sync done -> model run start
2026-04-21 07:09:28.264013 Sync done -> model run start
2026-04-21 07:09:28.294874 Sync done -> model run start
0 3.584 [3.583839248167351]
2 3.589 [3.589078705990687]
1 3.583 [3.5822912328876555]
3 3.691 [3.691079551819712]
2026-04-21 07:09:33.361886 Sync done -> model run start
2026-04-21 07:09:33.378712 Sync done -> model run start
2026-04-21 07:09:33.389552 Sync done -> model run start
2026-04-21 07:09:33.456064 Sync done -> model run start
0 3.498 [3.4979452630504966]
1 3.521 [3.5212683470454067]
2 3.514 [3.513610773952678]
3 3.621 [3.6210375879891217]
2026-04-21 07:09:38.604218 Sync done -> model run start
2026-04-21 07:09:38.623887 Sync done -> model run start
2026-04-21 07:09:38.643622 Sync done -> model run start
2026-04-21 07:09:38.643622 Sync done -> model run start
2 3.484 [3.483561463886872]
3 3.492 [3.4917277339845896]
0 3.607 [3.607230244902894]
1 3.484 [3.4837329739239067]
2026-04-21 07:09:43.939988 Sync done -> model run start
2026-04-21 07:09:43.961611 Sync done -> model run start
2026-04-21 07:09:43.961611 Sync done -> model run start
2026-04-21 07:09:43.984987 Sync done -> model run start
2 3.47 [3.469613600987941]
3 3.472 [3.4719271848443896]
0 3.593 [3.592470979085192]
1 3.47 [3.4700546411331743]
2026-04-21 07:09:49.218670 Sync done -> model run start
2026-04-21 07:09:49.242929 Sync done -> model run start
2026-04-21 07:09:49.293635 Sync done -> model run start
2026-04-21 07:09:49.334014 Sync done -> model run start
1 3.491 [3.490647526923567]
2 3.53 [3.5294931528624147]
3 3.601 [3.6009869331028312]
0 3.479 [3.47856741794385]
2026-04-21 07:09:53.046093 Sync done -> model run start
net_times: [[15.281, 0.0, 4841472, 0], [0.031, 0.0, 4841472, 0], [0.176, 0.0, 4841472, 0], [0.333, 0.0, 4841472, 0], [0.342, 0.0, 4841472, 0]]
echo 'race4fun' | sudo -S sh -c 'journalctl --since "2026-04-21 07:09:10.282716" --until "2026-04-21 07:09:53.046093" -k -o short-iso '| grep -i -E 'throttle|throttled|thermal|cpufreq|under-voltage|voltage'
