ALL SYNC
2026-04-21 07:11:02.987395 Sync done -> model run start
2026-04-21 07:11:02.987418 Sync done -> model run start
2026-04-21 07:11:02.987395 Sync done -> model run start
2026-04-21 07:11:02.987395 Sync done -> model run start
1 0.029 [0.0288958209566772]
3 0.029 [0.02889566496014595]
0 0.029 [0.028895508032292128]
2 0.029 [0.02889566496014595]
2026-04-21 07:11:03.761520 Sync done -> model run start
2026-04-21 07:11:03.772312 Sync done -> model run start
2026-04-21 07:11:03.788743 Sync done -> model run start
2026-04-21 07:11:03.789269 Sync done -> model run start
0 0.005 [0.005021480843424797]
1 0.006 [0.005950485821813345]
3 0.004 [0.003544823033735156]
2026-04-21 07:11:07.458610 Sync done -> model run start
2026-04-21 07:11:07.468685 Sync done -> model run start
2026-04-21 07:11:07.476999 Sync done -> model run start
2026-04-21 07:11:07.478397 Sync done -> model run start
2 0.005 [0.0052529380191117525]
0 0.006 [0.005781633080914617]
1 0.004 [0.0037616959307342768]
3 0.004 [0.003524458035826683]
2026-04-21 07:11:11.079331 Sync done -> model run start
2026-04-21 07:11:11.098004 Sync done -> model run start
2026-04-21 07:11:11.104664 Sync done -> model run start
2026-04-21 07:11:11.107134 Sync done -> model run start
0 0.006 [0.0061275160405784845]
2 0.005 [0.0045611190143972635]
3 0.004 [0.003801176091656089]
1 0.004 [0.0038210200145840645]
2026-04-21 07:11:14.746073 Sync done -> model run start
2026-04-21 07:11:14.763738 Sync done -> model run start
2026-04-21 07:11:14.772086 Sync done -> model run start
2026-04-21 07:11:14.773185 Sync done -> model run start
2 0.006 [0.005670332117006183]
3 0.004 [0.00390789401717484]
1 0.004 [0.003722477937117219]
0 0.004 [0.004191693849861622]
2026-04-21 07:11:14.849233 Sync done -> model run start
net_times: [[43.078, 0.0, 2420736, 0], [0.584, 0.0, 2420736, 0], [3.489, 0.0, 2420736, 0], [3.404, 0.0, 2420736, 0], [3.465, 0.0, 2420736, 0]]
echo 'race4fun' | sudo -S sh -c 'journalctl --since "2026-04-21 07:10:19.438534" --until "2026-04-21 07:11:14.849233" -k -o short-iso '| grep -i -E 'throttle|throttled|thermal|cpufreq|under-voltage|voltage'
