ALL SYNC
2026-04-21 07:09:12.100258 Sync done -> model run start
2026-04-21 07:09:12.100258 Sync done -> model run start
2026-04-21 07:09:12.100261 Sync done -> model run start
2026-04-21 07:09:12.138631 Sync done -> model run start
0 4.496 [4.4962288399692625]
1 4.524 [4.523611407028511]
3 4.504 [4.504375861026347]
2 4.48 [4.4797945390455425]
2026-04-21 07:09:26.885092 Sync done -> model run start
2026-04-21 07:09:26.885096 Sync done -> model run start
2026-04-21 07:09:26.917404 Sync done -> model run start
2026-04-21 07:09:26.937338 Sync done -> model run start
0 3.623 [3.622712251963094]
2 3.623 [3.622434335993603]
3 3.633 [3.6333479669410735]
1 3.755 [3.7548004589043558]
2026-04-21 07:09:33.382042 Sync done -> model run start
2026-04-21 07:09:33.393940 Sync done -> model run start
2026-04-21 07:09:33.400338 Sync done -> model run start
2026-04-21 07:09:33.415536 Sync done -> model run start
0 3.567 [3.566579772857949]
2 3.566 [3.565384359098971]
3 3.595 [3.594378850888461]
1 3.692 [3.6919227819889784]
2026-04-21 07:09:38.649425 Sync done -> model run start
2026-04-21 07:09:38.649425 Sync done -> model run start
2026-04-21 07:09:38.671411 Sync done -> model run start
2026-04-21 07:09:38.717148 Sync done -> model run start
0 3.61 [3.6098415369633585]
3 3.626 [3.6259184419177473]
1 3.608 [3.6077557059470564]
2 3.732 [3.731982517056167]
2026-04-21 07:09:43.964481 Sync done -> model run start
2026-04-21 07:09:43.964826 Sync done -> model run start
2026-04-21 07:09:43.984701 Sync done -> model run start
2026-04-21 07:09:44.021756 Sync done -> model run start
1 3.607 [3.6072095590643585]
2 3.619 [3.6184437109623104]
0 3.74 [3.739798598922789]
3 3.636 [3.636175405001268]
2026-04-21 07:09:48.046698 Sync done -> model run start
net_times: [[0.0, 8.816, 0, 4496250], [0.0, 1.353, 0, 4735], [0.0, 0.163, 0, 4735], [0.0, 0.161, 0, 4735], [0.0, 0.159, 0, 4735]]
echo 'race4fun' | sudo -S sh -c 'journalctl --since "2026-04-21 07:09:09.272955" --until "2026-04-21 07:09:48.046698" -k -o short-iso '| grep -i -E 'throttle|throttled|thermal|cpufreq|under-voltage|voltage'
