ALL SYNC
2026-04-21 07:10:20.205507 Sync done -> model run start
2026-04-21 07:10:20.205507 Sync done -> model run start
2026-04-21 07:10:20.205613 Sync done -> model run start
2026-04-21 07:10:20.240061 Sync done -> model run start
3 2.838 [2.8374503820668906]
1 2.85 [2.8499816658440977]
0 3.033 [3.0328230860177428]
2 2.827 [2.825803000945598]
2026-04-21 07:10:33.462255 Sync done -> model run start
2026-04-21 07:10:33.462158 Sync done -> model run start
2026-04-21 07:10:33.478387 Sync done -> model run start
2026-04-21 07:10:33.537185 Sync done -> model run start
1 2.073 [2.0729309970047325]
0 2.072 [2.072210216894746]
2 2.102 [2.101698457961902]
3 2.126 [2.1255991540383548]
2026-04-21 07:10:46.814630 Sync done -> model run start
2026-04-21 07:10:46.832279 Sync done -> model run start
2026-04-21 07:10:46.836738 Sync done -> model run start
2026-04-21 07:10:46.861289 Sync done -> model run start
0 2.053 [2.0526484181173146]
2 2.072 [2.0715933919418603]
3 2.069 [2.068470271071419]
1 2.136 [2.1356327838730067]
2026-04-21 07:10:56.511244 Sync done -> model run start
2026-04-21 07:10:56.518736 Sync done -> model run start
2026-04-21 07:10:56.529428 Sync done -> model run start
2026-04-21 07:10:56.569133 Sync done -> model run start
0 2.057 [2.0558711199555546]
1 2.061 [2.060702363960445]
3 2.073 [2.0725877119693905]
2 2.124 [2.123570716008544]
2026-04-21 07:11:03.486124 Sync done -> model run start
2026-04-21 07:11:03.487136 Sync done -> model run start
2026-04-21 07:11:03.492561 Sync done -> model run start
2026-04-21 07:11:03.509147 Sync done -> model run start
0 2.086 [2.08573784888722]
1 2.089 [2.088951699901372]
3 2.105 [2.104491313919425]
2 2.194 [2.193855828139931]
2026-04-21 07:11:06.435617 Sync done -> model run start
net_times: [[0.0, 9.239, 0, 4529019], [0.0, 10.284, 0, 4735], [0.0, 6.648, 0, 4735], [0.0, 3.945, 0, 4735], [0.0, 0.639, 0, 4735]]
echo 'race4fun' | sudo -S sh -c 'journalctl --since "2026-04-21 07:10:18.443760" --until "2026-04-21 07:11:06.435617" -k -o short-iso '| grep -i -E 'throttle|throttled|thermal|cpufreq|under-voltage|voltage'
