ALL SYNC
2026-04-21 07:10:47.789287 Sync done -> model run start
2026-04-21 07:10:47.789292 Sync done -> model run start
2026-04-21 07:10:47.789286 Sync done -> model run start
2026-04-21 07:10:47.820517 Sync done -> model run start
1 2.466 [2.4662704248912632]
0 2.472 [2.472138215089217]
2 2.542 [2.541925593977794]
3 2.46 [2.4595224841032177]
2026-04-21 07:10:56.506284 Sync done -> model run start
2026-04-21 07:10:56.530247 Sync done -> model run start
2026-04-21 07:10:56.547900 Sync done -> model run start
2026-04-21 07:10:56.561886 Sync done -> model run start
0 2.368 [2.3677549290005118]
2 2.358 [2.3573238770477474]
3 2.369 [2.3688777370844036]
1 2.46 [2.459341336041689]
2026-04-21 07:11:03.466184 Sync done -> model run start
2026-04-21 07:11:03.487775 Sync done -> model run start
2026-04-21 07:11:03.503980 Sync done -> model run start
2026-04-21 07:11:03.561691 Sync done -> model run start
1 2.324 [2.323593904962763]
2 2.331 [2.3310946049168706]
3 2.405 [2.4048060309141874]
2026-04-21 07:11:07.142143 Sync done -> model run start
2026-04-21 07:11:07.181512 Sync done -> model run start
2026-04-21 07:11:07.199524 Sync done -> model run start
2026-04-21 07:11:07.201813 Sync done -> model run start
0 2.341 [2.3412996670231223]
2 2.335 [2.334895994979888]
1 2.42 [2.419753679074347]
3 2.346 [2.346192199969664]
2026-04-21 07:11:10.747951 Sync done -> model run start
2026-04-21 07:11:10.759987 Sync done -> model run start
2026-04-21 07:11:10.797398 Sync done -> model run start
2026-04-21 07:11:10.810743 Sync done -> model run start
1 2.346 [2.3458561070729047]
0 2.375 [2.3750456778798252]
3 2.368 [2.3682554450351745]
2 2.437 [2.43701194296591]
2026-04-21 07:11:13.545887 Sync done -> model run start
net_times: [[26.471, 5.147, 4841472, 4507245], [0.029, 3.498, 4841472, 4735], [0.025, 0.191, 4841472, 4735], [0.024, 0.155, 4841472, 4735], [0.026, 0.181, 4841472, 4735]]
echo 'race4fun' | sudo -S sh -c 'journalctl --since "2026-04-21 07:10:19.431338" --until "2026-04-21 07:11:13.545887" -k -o short-iso '| grep -i -E 'throttle|throttled|thermal|cpufreq|under-voltage|voltage'
