ALL SYNC
2026-04-21 07:10:34.438049 Sync done -> model run start
2026-04-21 07:10:34.438056 Sync done -> model run start
2026-04-21 07:10:34.438059 Sync done -> model run start
2026-04-21 07:10:34.438053 Sync done -> model run start
1 2.243 [2.242428593104705]
3 2.243 [2.2424317179247737]
0 2.251 [2.2508714399300516]
2 2.356 [2.356055943062529]
2026-04-21 07:10:46.760531 Sync done -> model run start
2026-04-21 07:10:46.779542 Sync done -> model run start
2026-04-21 07:10:46.779542 Sync done -> model run start
2026-04-21 07:10:46.813873 Sync done -> model run start
0 2.138 [2.1376414680853486]
2 2.143 [2.1429807997774333]
3 2.15 [2.150233553024009]
1 2.236 [2.23547858488746]
2026-04-21 07:10:56.541954 Sync done -> model run start
2026-04-21 07:10:56.565882 Sync done -> model run start
2026-04-21 07:10:56.571814 Sync done -> model run start
2026-04-21 07:10:56.592314 Sync done -> model run start
0 2.108 [2.108170227147639]
1 2.114 [2.113696744898334]
3 2.112 [2.1119742079172283]
2 2.199 [2.1987238109577447]
2026-04-21 07:11:03.475693 Sync done -> model run start
2026-04-21 07:11:03.475693 Sync done -> model run start
2026-04-21 07:11:03.476239 Sync done -> model run start
2026-04-21 07:11:03.520181 Sync done -> model run start
1 2.201 [2.200569598004222]
2 2.203 [2.202444009948522]
0 2.291 [2.290942766936496]
3 2.199 [2.198732530931011]
2026-04-21 07:11:07.191424 Sync done -> model run start
2026-04-21 07:11:07.191539 Sync done -> model run start
2026-04-21 07:11:07.202777 Sync done -> model run start
2026-04-21 07:11:07.217877 Sync done -> model run start
2 2.146 [2.1458947418723255]
3 2.149 [2.148605501977727]
1 2.213 [2.212484981864691]
0 2.247 [2.2469977200962603]
2026-04-21 07:11:09.959151 Sync done -> model run start
net_times: [[13.233, 9.039, 4841472, 4523527], [0.046, 6.56, 4841472, 4735], [0.025, 3.805, 4841472, 4735], [0.024, 0.481, 4841472, 4735], [0.026, 0.395, 4841472, 4735]]
echo 'race4fun' | sudo -S sh -c 'journalctl --since "2026-04-21 07:10:19.427985" --until "2026-04-21 07:11:09.959151" -k -o short-iso '| grep -i -E 'throttle|throttled|thermal|cpufreq|under-voltage|voltage'
