ALL SYNC
2026-04-21 12:13:50.498624 Sync done -> model run start
2026-04-21 12:13:50.498624 Sync done -> model run start
2026-04-21 12:13:50.498624 Sync done -> model run start
2026-04-21 12:13:50.525594 Sync done -> model run start
2 18.746 [4.77110531181097, 3.538917695870623, 3.487222676863894, 3.470716256182641, 3.4776825960725546]
3 18.782 [4.793341818032786, 3.5472016918938607, 3.4921533761080354, 3.470936255995184, 3.4786159340292215]
0 18.818 [4.8131111790426075, 3.5593910680618137, 3.492081135045737, 3.47594570601359, 3.4773608760442585]
1 19.58 [4.935080166906118, 3.8525346268434078, 3.6329640028998256, 3.615497051971033, 3.543723247013986]
2026-04-21 12:14:13.625037 Sync done -> model run start
2026-04-21 12:14:13.625037 Sync done -> model run start
2026-04-21 12:14:13.647754 Sync done -> model run start
2026-04-21 12:14:13.710755 Sync done -> model run start
1 18.798 [3.6151345670223236, 3.606159375049174, 3.562445593997836, 4.5032421899959445, 3.5103672959376127]
2 18.763 [3.6370913821738213, 3.625084822997451, 3.5657922229729593, 4.435477722901851, 3.4991960481274873]
0 18.862 [3.615134045947343, 3.6061593228951097, 3.562603823840618, 4.562110105063766, 3.5160456001758575]
3 19.428 [3.773024433059618, 3.7449304030742496, 3.7148911061231047, 4.6410364848561585, 3.553631384158507]
2026-04-21 12:14:43.381991 Sync done -> model run start
2026-04-21 12:14:43.381991 Sync done -> model run start
2026-04-21 12:14:43.408302 Sync done -> model run start
2026-04-21 12:14:43.474904 Sync done -> model run start
0 18.79 [3.605165811954066, 3.6092385980300605, 3.5588824530132115, 4.505984658142552, 3.5104721491225064]
3 18.801 [3.623174380045384, 3.6246901229023933, 3.569296558154747, 4.475776142207906, 3.508057971019298]
1 18.934 [3.6051659691147506, 3.611090376973152, 3.5570344240404665, 4.65736754797399, 3.5033999809529632]
2 19.424 [3.767217346932739, 3.740929113002494, 3.699897845974192, 4.649359849980101, 3.5666444660164416]
2026-04-21 12:15:15.325544 Sync done -> model run start
2026-04-21 12:15:15.326860 Sync done -> model run start
2026-04-21 12:15:15.343052 Sync done -> model run start
2026-04-21 12:15:15.418190 Sync done -> model run start
0 18.327 [4.331061212113127, 3.539991149911657, 3.481428936123848, 3.4746106930542737, 3.499963416950777]
1 18.26 [4.2786357291042805, 3.5313089778646827, 3.472447804873809, 3.4742026708554476, 3.5033682230859995]
2 18.456 [4.359221329912543, 3.6509937001392245, 3.4797614798881114, 3.473109694896266, 3.493036356056109]
3 18.84 [4.397440553177148, 3.659783215029165, 3.6041109079960734, 3.6078616119921207, 3.571071834070608]
2026-04-21 12:15:46.106240 Sync done -> model run start
2026-04-21 12:15:46.106240 Sync done -> model run start
2026-04-21 12:15:46.126592 Sync done -> model run start
2026-04-21 12:15:46.167493 Sync done -> model run start
0 18.335 [3.6143940321635455, 3.6183506769593805, 3.567818450042978, 3.5651050668675452, 3.969582258956507]
1 18.348 [3.6143934070132673, 3.6184021870139986, 3.5677704298868775, 3.568945032078773, 3.977985522011295]
2 18.446 [3.636823032051325, 3.6123093490023166, 3.575399522902444, 3.575060836970806, 4.046590958954766]
3 19.206 [3.7688552429899573, 3.7495949130970985, 3.710947784828022, 3.6715711769647896, 4.304171068128198]
2026-04-21 12:16:13.486559 Sync done -> model run start
2026-04-21 12:16:13.503611 Sync done -> model run start
2026-04-21 12:16:13.505498 Sync done -> model run start
2026-04-21 12:16:13.532864 Sync done -> model run start
3 20.449 [4.654250458115712, 4.308017800096422, 3.508700256003067, 3.536222727969289, 4.441879241028801]
0 20.491 [4.7386116329580545, 4.306081644957885, 3.4932476398535073, 3.5417617589700967, 4.411509900121018]
1 20.638 [4.645122817019001, 4.310400726040825, 3.6303404849022627, 3.5493593418505043, 4.502334221964702]
2 21.02 [4.694818435003981, 4.459522526012734, 3.678057187004015, 3.6601616078987718, 4.527524265926331]
2026-04-21 12:16:42.778171 Sync done -> model run start
2026-04-21 12:16:42.778601 Sync done -> model run start
2026-04-21 12:16:42.800952 Sync done -> model run start
2026-04-21 12:16:42.857734 Sync done -> model run start
0 17.744 [3.6201785230077803, 3.605976713821292, 3.548071344848722, 3.4892567570786923, 3.4807416391558945]
1 17.786 [3.626167088979855, 3.599809970939532, 3.565781778888777, 3.5041157740633935, 3.4897572468034923]
2 17.794 [3.6399763110093772, 3.5992414779029787, 3.573363424045965, 3.4901604058686644, 3.4907627189531922]
3 18.357 [3.7558164049405605, 3.7381137451156974, 3.6738738189451396, 3.640319172060117, 3.5482984099071473]
2026-04-21 12:17:11.906385 Sync done -> model run start
2026-04-21 12:17:11.909523 Sync done -> model run start
2026-04-21 12:17:11.919361 Sync done -> model run start
2026-04-21 12:17:11.953995 Sync done -> model run start
1 18.242 [4.31554403109476, 3.5240939271170646, 3.4558131110388786, 3.4698134989012033, 3.4769769869744778]
2 18.387 [4.332460085861385, 3.643908506957814, 3.4549405011348426, 3.474020805908367, 3.48163945088163]
0 18.873 [4.394617307931185, 3.6995354949031025, 3.5979705858044326, 3.6086571579799056, 3.5716110980138183]
3 18.293 [4.269253901904449, 3.595368684036657, 3.4749034449923784, 3.4741629948839545, 3.479187203105539]
2026-04-21 12:17:41.634448 Sync done -> model run start
2026-04-21 12:17:41.652109 Sync done -> model run start
2026-04-21 12:17:41.654710 Sync done -> model run start
2026-04-21 12:17:41.675114 Sync done -> model run start
3 18.737 [4.689740509027615, 3.613263227045536, 3.4848489561118186, 3.4714460640680045, 3.477890122914687]
2 18.773 [4.6915673380717635, 3.627070310059935, 3.5052076790016145, 3.4728910690173507, 3.476167303044349]
1 19.029 [4.793287727981806, 3.8057547400239855, 3.496460040099919, 3.4714436139911413, 3.4616954759694636]
0 19.255 [4.673498154850677, 3.750651980051771, 3.639431054936722, 3.6035346360877156, 3.5873122529592365]
2026-04-21 12:18:13.554811 Sync done -> model run start
2026-04-21 12:18:13.571519 Sync done -> model run start
2026-04-21 12:18:13.582633 Sync done -> model run start
2026-04-21 12:18:13.582633 Sync done -> model run start
2 18.397 [3.521134528098628, 3.510237270966172, 3.4571455349214375, 3.4859269179869443, 4.422145530115813]
3 18.547 [3.5266484019812196, 3.527969003887847, 3.4627561289817095, 3.4829032600391656, 4.546828857855871]
1 18.986 [3.6533740339800715, 3.671280425041914, 3.5903430089820176, 3.6222233090084046, 4.448120880872011]
0 18.352 [3.517275241902098, 3.514623849885538, 3.452544789062813, 3.4746985419187695, 4.392752556828782]
2026-04-21 12:18:43.600026 Sync done -> model run start
net_times: [[0.0, 2.092, 0, 1210368], [0.0, 8.772, 0, 1210368], [0.0, 10.921, 0, 1210368], [0.0, 10.324, 0, 1210368], [0.0, 6.566, 0, 1210368], [0.0, 6.747, 0, 1210368], [0.0, 9.214, 0, 1210368], [0.0, 9.377, 0, 1210368], [0.0, 11.151, 0, 1210368], [0.0, 10.882, 0, 1210368]]
echo 'race4fun' | sudo -S sh -c 'journalctl --since "2026-04-21 12:13:47.767035" --until "2026-04-21 12:18:43.600026" -k -o short-iso '| grep -i -E 'throttle|throttled|thermal|cpufreq|under-voltage|voltage'
