ALL SYNC
2026-04-21 12:20:23.614133 Sync done -> model run start
2026-04-21 12:20:23.614153 Sync done -> model run start
2026-04-21 12:20:23.614133 Sync done -> model run start
2026-04-21 12:20:23.614133 Sync done -> model run start
2 5.036 [1.1213407069444656, 1.1584767089225352, 0.8342863898724318, 1.1995330681093037, 0.7223452411126345]
1 5.104 [1.1213721139356494, 1.216584311099723, 0.9130247519351542, 1.1987065570428967, 0.6544762959238142]
3 5.142 [1.376788693945855, 1.001112587051466, 0.9566819488536566, 1.1989686919841915, 0.608234154060483]
0 5.229 [1.2198997291270643, 1.1626582161989063, 0.9610150698572397, 1.2602026951499283, 0.6250684598926455]
2026-04-21 12:20:38.273814 Sync done -> model run start
2026-04-21 12:20:38.295987 Sync done -> model run start
2026-04-21 12:20:38.334873 Sync done -> model run start
2026-04-21 12:20:38.336926 Sync done -> model run start
1 3.974 [1.0441852579824626, 1.1511947819963098, 0.6296422830782831, 0.5758981688413769, 0.5728760350029916]
0 4.031 [1.031823290977627, 1.186042559100315, 0.6680060459766537, 0.5748921281192452, 0.5696899970062077]
3 4.008 [1.0783208478242159, 1.1162111710291356, 0.6583295450545847, 0.5757415541447699, 0.5787953520193696]
2 4.066 [1.1410556291230023, 1.1314257390331477, 0.6036098611075431, 0.6227733299601823, 0.5669182280544192]
2026-04-21 12:20:53.942116 Sync done -> model run start
2026-04-21 12:20:53.973829 Sync done -> model run start
2026-04-21 12:20:53.994915 Sync done -> model run start
2026-04-21 12:20:54.015528 Sync done -> model run start
0 3.781 [0.6030765529721975, 0.5839200089685619, 0.6225532479584217, 0.9036728970240802, 1.0673569380305707]
3 3.774 [0.5959659859072417, 0.5855284451972693, 0.6449815579690039, 1.0076426300220191, 0.9396559291053563]
2 3.844 [0.5941098430193961, 0.5839134990237653, 0.6346124028787017, 1.1315184880513698, 0.8998686270788312]
1 3.871 [0.5935811449307948, 0.6264280891045928, 0.6376031280960888, 1.1624803820159286, 0.8512471148278564]
2026-04-21 12:21:09.052295 Sync done -> model run start
2026-04-21 12:21:09.065999 Sync done -> model run start
2026-04-21 12:21:09.083286 Sync done -> model run start
2026-04-21 12:21:09.103685 Sync done -> model run start
0 3.839 [0.6344223211053759, 0.5863794561009854, 1.1129856940824538, 0.9284005828667432, 0.576950398972258]
2 3.836 [0.6342377371620387, 0.587363360915333, 1.1341771290171891, 0.9016460299026221, 0.5778653980232775]
1 3.885 [0.6378268478438258, 0.5865590400062501, 1.2032463229261339, 0.8750554339494556, 0.5814561240840703]
3 3.907 [0.6569195878691971, 0.5999963679350913, 1.1960879459511489, 0.8828292270191014, 0.571341552073136]
2026-04-21 12:21:24.199168 Sync done -> model run start
2026-04-21 12:21:24.210149 Sync done -> model run start
2026-04-21 12:21:24.235416 Sync done -> model run start
2026-04-21 12:21:24.245562 Sync done -> model run start
0 4.525 [0.6081231529824436, 0.6001069641206414, 1.0714252199977636, 1.1733501499984413, 1.0717026591300964]
1 4.495 [0.5991759770549834, 0.5985302471090108, 1.0711065740324557, 1.1612058929167688, 1.0651429800782353]
3 4.457 [0.6013937869574875, 0.6007747231051326, 1.1071078339591622, 1.0814056200906634, 1.0658696459140629]
2 4.729 [0.6390065029263496, 0.6157264250796288, 1.2156236979644746, 1.0345132790971547, 1.2239090960938483]
2026-04-21 12:21:39.326341 Sync done -> model run start
2026-04-21 12:21:39.337149 Sync done -> model run start
2026-04-21 12:21:39.361720 Sync done -> model run start
2026-04-21 12:21:39.373041 Sync done -> model run start
0 4.249 [0.6057491691317409, 0.598137928172946, 1.0053278531413525, 1.0596457528881729, 0.9803424081765115]
1 4.31 [0.6038010471966118, 0.5942593379877508, 1.0679035070352256, 1.023990327026695, 1.0196532981935889]
3 4.484 [0.6043817240279168, 0.5938610050361603, 1.235896741040051, 0.9174235798418522, 1.1323517030104995]
2 4.534 [0.602909485111013, 0.6385945461224765, 1.1359107680618763, 0.9984297319315374, 1.1579351089894772]
2026-04-21 12:21:54.552821 Sync done -> model run start
2026-04-21 12:21:54.568742 Sync done -> model run start
2026-04-21 12:21:54.578484 Sync done -> model run start
2026-04-21 12:21:54.597481 Sync done -> model run start
1 4.456 [0.5965743621345609, 0.5878059340175241, 0.83449322800152, 1.2830736010801047, 1.1539874048903584]
3 4.436 [0.5955422788392752, 0.5869387988932431, 0.8630891290958971, 1.2405850088689476, 1.150170587003231]
0 4.574 [0.599443004000932, 0.5863092690706253, 0.8209676200058311, 1.4148300508968532, 1.1516598551534116]
2 4.703 [0.6415918578859419, 0.5894726507831365, 0.998873698990792, 1.282605268061161, 1.1904416799079627]
2026-04-21 12:22:09.776234 Sync done -> model run start
2026-04-21 12:22:09.790553 Sync done -> model run start
2026-04-21 12:22:09.803452 Sync done -> model run start
2026-04-21 12:22:09.819282 Sync done -> model run start
0 3.366 [0.5997899039648473, 0.5865497631020844, 0.5760182118974626, 0.574283943977207, 1.028895331081003]
1 3.389 [0.599971674149856, 0.5867744509596378, 0.5753858699463308, 0.5732863410376012, 1.0535135290119797]
3 3.424 [0.6005590162239969, 0.5849120051134378, 0.5777378459461033, 0.575894515030086, 1.0851235389709473]
2 3.662 [0.600083339959383, 0.631431216141209, 0.5783649811055511, 0.6195056040305644, 1.2323478790931404]
2026-04-21 12:22:24.874046 Sync done -> model run start
2026-04-21 12:22:24.885500 Sync done -> model run start
2026-04-21 12:22:24.900875 Sync done -> model run start
2026-04-21 12:22:24.916881 Sync done -> model run start
0 3.838 [0.6455276811029762, 0.591530981939286, 1.0131399990059435, 1.0161058260127902, 0.5715317849535495]
3 3.832 [0.6406298740766943, 0.5930110830813646, 1.0493507320061326, 0.9735290601383895, 0.5752841751091182]
2 3.917 [0.6316311878617853, 0.5924592621158808, 1.0235194121487439, 1.09751602797769, 0.5716740759089589]
1 3.96 [0.6596079738810658, 0.5946727481205016, 1.114206634927541, 0.9665280270855874, 0.6250647851265967]
2026-04-21 12:22:40.091992 Sync done -> model run start
2026-04-21 12:22:40.115389 Sync done -> model run start
2026-04-21 12:22:40.128219 Sync done -> model run start
2026-04-21 12:22:40.138080 Sync done -> model run start
0 4.622 [0.6061480718199164, 1.1478515430353582, 0.9845998389646411, 0.875968371052295, 1.0066355839371681]
2 4.704 [0.6071255709975958, 1.3318456639535725, 0.872300097020343, 1.0131450039334595, 0.8793463851325214]
3 4.614 [0.6100188479758799, 1.1717499478254467, 0.9499420209322125, 0.9211120582185686, 0.9612533550243825]
1 4.776 [0.6231497160624713, 1.23743761703372, 0.9649263229221106, 1.087896359153092, 0.8624876579269767]
2026-04-21 12:22:45.535209 Sync done -> model run start
net_times: [[45.488, 0.562, 1210368, 605184], [8.433, 0.559, 1210368, 605184], [10.594, 0.558, 1210368, 605184], [10.182, 0.553, 1210368, 605184], [10.183, 0.571, 1210368, 605184], [9.342, 0.653, 1210368, 605184], [9.539, 0.581, 1210368, 605184], [9.484, 0.628, 1210368, 605184], [10.344, 0.564, 1210368, 605184], [10.271, 0.555, 1210368, 605184]]
echo 'race4fun' | sudo -S sh -c 'journalctl --since "2026-04-21 12:19:37.274274" --until "2026-04-21 12:22:45.535209" -k -o short-iso '| grep -i -E 'throttle|throttled|thermal|cpufreq|under-voltage|voltage'
