ALL SYNC
2026-04-21 12:19:38.016960 Sync done -> model run start
2026-04-21 12:19:38.016964 Sync done -> model run start
2026-04-21 12:19:38.025383 Sync done -> model run start
2026-04-21 12:19:38.026054 Sync done -> model run start
1 10.358 [2.151377236004919, 2.0862021511420608, 2.0352372729685158, 2.0565983299165964, 2.028296554926783]
3 10.364 [2.160176746780053, 2.0859258989803493, 2.0355210760608315, 2.0566020810510963, 2.0250105019658804]
2 10.436 [2.1814672918990254, 2.097010419005528, 2.0471822118852288, 2.074553550919518, 2.0348366829566658]
0 10.766 [2.2647500371094793, 2.136573215946555, 2.1562425999436527, 2.143994006095454, 2.0641118900384754]
2026-04-21 12:19:51.807043 Sync done -> model run start
2026-04-21 12:19:51.813079 Sync done -> model run start
2026-04-21 12:19:51.815040 Sync done -> model run start
2026-04-21 12:19:51.815178 Sync done -> model run start
3 10.949 [2.810554782859981, 2.1231221209745854, 2.0296787610277534, 1.988127512158826, 1.9974838399793953]
1 11.036 [2.821636071894318, 2.077783002052456, 2.1257267580367625, 1.9936810210347176, 2.0169756279792637]
2 11.089 [3.02413064497523, 2.024967552861199, 2.0404037460684776, 1.9908366880845279, 2.0085840348619968]
0 11.259 [2.803141006967053, 2.2178340719547123, 2.129749999847263, 2.0919051188975573, 2.0162046351470053]
2026-04-21 12:20:06.936915 Sync done -> model run start
2026-04-21 12:20:06.939056 Sync done -> model run start
2026-04-21 12:20:06.955178 Sync done -> model run start
2026-04-21 12:20:06.979137 Sync done -> model run start
0 11.203 [2.109824681887403, 2.083399581955746, 2.04950403701514, 2.9858230489771813, 1.974341985071078]
2 11.238 [2.1076645178254694, 2.0838383329100907, 2.049076483817771, 3.0096557890065014, 1.9873892180621624]
3 11.337 [2.1133876119274646, 2.0921596121042967, 2.054575670044869, 3.091901234118268, 1.9847087909001857]
1 11.584 [2.158482665894553, 2.1735996899660677, 2.2003043070435524, 2.996801315108314, 2.0544090878684074]
2026-04-21 12:20:23.743901 Sync done -> model run start
2026-04-21 12:20:23.745900 Sync done -> model run start
2026-04-21 12:20:23.756105 Sync done -> model run start
2026-04-21 12:20:23.756114 Sync done -> model run start
3 11.051 [2.9959403730463237, 2.040378896985203, 2.02101392718032, 1.9816451370716095, 2.0116829429753125]
1 11.136 [2.966184956021607, 2.167614341014996, 2.018237405922264, 1.992846893845126, 1.9905449519865215]
0 11.371 [3.072957673110068, 2.1398746601771563, 2.027710354886949, 2.090084576047957, 2.0402571549639106]
2026-04-21 12:20:38.928948 Sync done -> model run start
2026-04-21 12:20:38.943505 Sync done -> model run start
2026-04-21 12:20:38.955004 Sync done -> model run start
2026-04-21 12:20:38.970078 Sync done -> model run start
0 9.975 [2.0233792120125145, 2.024649939034134, 1.9744847058318555, 1.9784608071204275, 1.9733383869752288]
2 10.002 [2.0299238180741668, 2.030206052120775, 1.9796912861056626, 1.979162632022053, 1.9827059709932655]
3 10.032 [2.0329138280358166, 2.0294036008417606, 1.9874828238971531, 1.9871546910144389, 1.9945410119835287]
1 10.356 [2.1279074910562485, 2.0645190870855004, 2.078269074903801, 2.067818303126842, 2.0178127579856664]
2026-04-21 12:20:54.613599 Sync done -> model run start
2026-04-21 12:20:54.613610 Sync done -> model run start
2026-04-21 12:20:54.631581 Sync done -> model run start
2026-04-21 12:20:54.647081 Sync done -> model run start
2 11.076 [2.0833086881320924, 2.096219453960657, 2.046729485038668, 2.865569581044838, 1.9840606080833822]
1 11.115 [2.083308532135561, 2.0959062760230154, 2.0470387060195208, 2.89575765398331, 1.9929573049303144]
3 11.269 [2.0966132648754865, 2.0975761259905994, 2.0486861059907824, 3.0455086880829185, 1.9807778359390795]
0 11.473 [2.185980343958363, 2.1504818280227482, 2.156247830018401, 2.9594537559896708, 2.0205156279262155]
2026-04-21 12:21:09.670705 Sync done -> model run start
2026-04-21 12:21:09.681901 Sync done -> model run start
2026-04-21 12:21:09.690033 Sync done -> model run start
2026-04-21 12:21:09.699333 Sync done -> model run start
1 10.256 [2.0501451899763197, 2.0677406599279493, 2.0415641060099006, 2.0560213360004127, 2.040380442980677]
0 10.267 [2.057800268055871, 2.070835566148162, 2.042012231890112, 2.0560374818742275, 2.040367786074057]
3 10.288 [2.062349293846637, 2.0705031701363623, 2.0462915180251002, 2.0539455469697714, 2.054833616828546]
2 10.638 [2.153126948978752, 2.1596212859731168, 2.119585986016318, 2.1239601601846516, 2.081255476921797]
2026-04-21 12:21:24.815748 Sync done -> model run start
2026-04-21 12:21:24.823969 Sync done -> model run start
2026-04-21 12:21:24.836534 Sync done -> model run start
2026-04-21 12:21:24.858079 Sync done -> model run start
2 10.74 [2.0454669259488583, 2.029755124123767, 1.9786803449969739, 1.99006900889799, 2.695849877083674]
1 10.709 [2.040470485109836, 2.021063538035378, 1.9774903829675168, 1.987085903994739, 2.6827507230918854]
3 10.941 [2.051999734947458, 2.0261549970600754, 1.9918555431067944, 1.9940967101138085, 2.876811457099393]
0 11.051 [2.0939269941300154, 2.109500132035464, 2.0816292439121753, 2.1641193670220673, 2.601455330848694]
2026-04-21 12:21:39.950987 Sync done -> model run start
2026-04-21 12:21:39.951109 Sync done -> model run start
2026-04-21 12:21:39.980104 Sync done -> model run start
2026-04-21 12:21:39.993944 Sync done -> model run start
1 10.293 [2.0816614299546927, 2.0904226629063487, 2.0412964958231896, 2.044695226009935, 2.0344471409916878]
0 10.294 [2.08166101295501, 2.0904227681457996, 2.04129555914551, 2.0447038719430566, 2.035777520854026]
3 10.331 [2.0932488990947604, 2.1091238039080054, 2.045760917942971, 2.0475010881200433, 2.0347839661408216]
2 10.696 [2.190549651859328, 2.1939196230378, 2.1107937039341778, 2.124451187904924, 2.076642432017252]
2026-04-21 12:21:55.199955 Sync done -> model run start
2026-04-21 12:21:55.201747 Sync done -> model run start
2026-04-21 12:21:55.222677 Sync done -> model run start
2026-04-21 12:21:55.246032 Sync done -> model run start
2 11.218 [2.0794041010085493, 2.0734705950599164, 2.0347592388279736, 3.0303413099609315, 2.000135452952236]
1 11.302 [2.0796894170343876, 2.0736341380979866, 2.036441651871428, 3.0829479640815407, 2.0288144019432366]
3 11.3 [2.079837959026918, 2.071572240907699, 2.041321392171085, 3.1049810100812465, 2.0024128190707415]
0 11.55 [2.1268812760245055, 2.1454265189822763, 2.223969694925472, 3.0125240739434958, 2.04055347898975]
2026-04-21 12:22:09.600003 Sync done -> model run start
net_times: [[0.0, 2.089, 0, 1210368], [0.0, 2.97, 0, 1210368], [0.0, 4.238, 0, 1210368], [0.0, 2.879, 0, 1210368], [0.0, 4.341, 0, 1210368], [0.0, 2.626, 0, 1210368], [0.0, 3.563, 0, 1210368], [0.0, 3.119, 0, 1210368], [0.0, 3.575, 0, 1210368], [0.0, 2.689, 0, 1210368]]
echo 'race4fun' | sudo -S sh -c 'journalctl --since "2026-04-21 12:19:36.251044" --until "2026-04-21 12:22:09.600003" -k -o short-iso '| grep -i -E 'throttle|throttled|thermal|cpufreq|under-voltage|voltage'
