ALL SYNC
2026-04-21 12:19:52.834688 Sync done -> model run start
2026-04-21 12:19:52.834696 Sync done -> model run start
2026-04-21 12:19:52.834706 Sync done -> model run start
2026-04-21 12:19:52.880141 Sync done -> model run start
2 10.642 [2.2308000759221613, 2.147490879986435, 2.0686691890005022, 2.076061065075919, 2.1183252511546016]
1 10.649 [2.2257892400957644, 2.1446652309969068, 2.065555521985516, 2.0862411719281226, 2.1267333440482616]
3 10.765 [2.235143105033785, 2.15562298707664, 2.0831079001072794, 2.0877586060669273, 2.2033441988751292]
0 11.036 [2.2787733471486717, 2.2255903109908104, 2.171172284986824, 2.1715561610180885, 2.1884510689415038]
2026-04-21 12:20:06.931854 Sync done -> model run start
2026-04-21 12:20:06.931854 Sync done -> model run start
2026-04-21 12:20:06.962463 Sync done -> model run start
2026-04-21 12:20:06.984816 Sync done -> model run start
1 10.756 [2.1577414851635695, 2.169418164063245, 2.1360244031529874, 2.123608403140679, 2.1691199040506035]
0 10.756 [2.1577417450025678, 2.175285554025322, 2.1303868549875915, 2.1233911658637226, 2.1691145398654044]
2 10.833 [2.1745279328897595, 2.186492891050875, 2.139287549071014, 2.1340061658993363, 2.1980693079531193]
3 11.152 [2.248091996880248, 2.2592796210665256, 2.2196537877898663, 2.202022633049637, 2.2226153721567243]
2026-04-21 12:20:23.708473 Sync done -> model run start
2026-04-21 12:20:23.723862 Sync done -> model run start
2026-04-21 12:20:23.751867 Sync done -> model run start
2026-04-21 12:20:23.772200 Sync done -> model run start
0 10.446 [2.1034787639509887, 2.10803233506158, 2.1204193190205842, 2.06688054301776, 2.047338254051283]
3 10.505 [2.1087936072144657, 2.126673766877502, 2.1336636699270457, 2.0689723461400717, 2.0671268641017377]
2 10.83 [2.187418980989605, 2.2426938810385764, 2.126303222961724, 2.148348862072453, 2.124610523926094]
1 10.493 [2.105785356136039, 2.1112087620422244, 2.1338450729381293, 2.069758014054969, 2.072580404113978]
2026-04-21 12:20:38.935659 Sync done -> model run start
2026-04-21 12:20:38.946974 Sync done -> model run start
2026-04-21 12:20:38.965176 Sync done -> model run start
2026-04-21 12:20:38.982871 Sync done -> model run start
0 10.392 [2.116783115081489, 2.103893887018785, 2.0517658728640527, 2.061447413871065, 2.0577811680268496]
2 10.375 [2.104737658984959, 2.1004659519530833, 2.054551368113607, 2.0576904201880097, 2.0574355989228934]
1 10.802 [2.199221374001354, 2.188744104001671, 2.144611899042502, 2.143755993107334, 2.125014893943444]
3 10.404 [2.1128233100753278, 2.105775067117065, 2.0594557989388704, 2.056073820916936, 2.0696595939807594]
2026-04-21 12:20:54.582941 Sync done -> model run start
2026-04-21 12:20:54.582967 Sync done -> model run start
2026-04-21 12:20:54.607993 Sync done -> model run start
2026-04-21 12:20:54.628271 Sync done -> model run start
0 10.7 [2.1841202781070024, 2.172967490972951, 2.1047529629431665, 2.124580814037472, 2.113544430816546]
1 10.7 [2.184093560092151, 2.175638298969716, 2.10445864405483, 2.122199847130105, 2.1135444310493767]
2 10.752 [2.199614086886868, 2.1779027050361037, 2.09968342888169, 2.137775061884895, 2.1370178509969264]
3 11.109 [2.2783965540584177, 2.282950025051832, 2.1845825610216707, 2.2005776891019195, 2.1625591188203543]
2026-04-21 12:21:09.633946 Sync done -> model run start
2026-04-21 12:21:09.647000 Sync done -> model run start
2026-04-21 12:21:09.667618 Sync done -> model run start
2026-04-21 12:21:09.731828 Sync done -> model run start
1 10.4 [2.10340235196054, 2.1083580530248582, 2.0657479600049555, 2.0700422620866448, 2.052732707001269]
0 10.378 [2.098279275931418, 2.102280976017937, 2.0606080607976764, 2.0646047620102763, 2.051548915915191]
2 10.425 [2.1043726021889597, 2.119052950059995, 2.064924635924399, 2.072770725004375, 2.0636431239545345]
3 10.78 [2.191567183006555, 2.158006900921464, 2.153571808943525, 2.1555058220401406, 2.1208441429771483]
2026-04-21 12:21:24.841423 Sync done -> model run start
2026-04-21 12:21:24.859179 Sync done -> model run start
2026-04-21 12:21:24.885670 Sync done -> model run start
2026-04-21 12:21:24.899229 Sync done -> model run start
0 10.357 [2.0977729649748653, 2.0905924800317734, 2.0572728691622615, 2.058800684986636, 2.0526395130436867]
1 10.402 [2.098574781091884, 2.1008323829155415, 2.0644364987965673, 2.0607780111022294, 2.076820740941912]
3 10.389 [2.0981988988351077, 2.1006071250885725, 2.0620781360194087, 2.058867977000773, 2.068883941974491]
2 10.75 [2.1838029788341373, 2.184966478962451, 2.1509348971303552, 2.102939800126478, 2.126825009007007]
2026-04-21 12:21:39.908406 Sync done -> model run start
2026-04-21 12:21:39.937009 Sync done -> model run start
2026-04-21 12:21:39.948794 Sync done -> model run start
2026-04-21 12:21:40.010032 Sync done -> model run start
0 10.412 [2.100067300023511, 2.1305776038207114, 2.060565992956981, 2.062585783889517, 2.0584917259402573]
1 10.425 [2.0964986360631883, 2.143530450994149, 2.056117494124919, 2.0662426771596074, 2.0622266391292214]
2 10.454 [2.1008010441437364, 2.140188607154414, 2.067350513068959, 2.0710677867755294, 2.074369961861521]
3 10.753 [2.144161259988323, 2.2160099220927805, 2.1509157670661807, 2.146412027068436, 2.095422943821177]
2026-04-21 12:21:55.191225 Sync done -> model run start
2026-04-21 12:21:55.205509 Sync done -> model run start
2026-04-21 12:21:55.223462 Sync done -> model run start
2026-04-21 12:21:55.256837 Sync done -> model run start
1 10.42 [2.110336558893323, 2.1009131770115346, 2.07274934486486, 2.073600657051429, 2.061998490942642]
0 10.397 [2.104524790076539, 2.094588445033878, 2.0704783238470554, 2.069091740064323, 2.0576246259734035]
2 10.453 [2.111187645001337, 2.1108219369780272, 2.0774116970133036, 2.0749752270057797, 2.0783893789630383]
3 10.794 [2.1926467751618475, 2.1978511209599674, 2.165220665978268, 2.1101892741862684, 2.1278992311563343]
2026-04-21 12:22:10.365891 Sync done -> model run start
2026-04-21 12:22:10.426600 Sync done -> model run start
2026-04-21 12:22:10.434574 Sync done -> model run start
2026-04-21 12:22:10.437041 Sync done -> model run start
2 11.397 [2.1753944689407945, 2.879817710025236, 2.072826301911846, 2.1653373341541737, 2.1035689159762114]
3 11.446 [2.1832389789633453, 2.895746571943164, 2.080789146013558, 2.1738985560368747, 2.1116773311514407]
0 11.741 [2.2279278840869665, 2.9467533349525183, 2.0908307190984488, 2.241561780916527, 2.233944945037365]
1 11.899 [2.269561246968806, 3.0916299019008875, 2.243290132842958, 2.2424814109690487, 2.0518283611163497]
2026-04-21 12:22:24.616100 Sync done -> model run start
net_times: [[13.684, 2.078, 1210368, 1210368], [0.002, 4.58, 1210368, 1210368], [0.002, 3.304, 1210368, 1210368], [0.002, 3.841, 1210368, 1210368], [0.002, 2.952, 1210368, 1210368], [0.002, 3.305, 1210368, 1210368], [0.002, 3.322, 1210368, 1210368], [0.002, 3.417, 1210368, 1210368], [0.002, 3.36, 1210368, 1210368], [0.002, 2.168, 1210368, 1210368]]
echo 'race4fun' | sudo -S sh -c 'journalctl --since "2026-04-21 12:19:37.264409" --until "2026-04-21 12:22:24.616100" -k -o short-iso '| grep -i -E 'throttle|throttled|thermal|cpufreq|under-voltage|voltage'
