ALL SYNC
2026-04-21 12:20:08.123570 Sync done -> model run start
2026-04-21 12:20:08.123570 Sync done -> model run start
2026-04-21 12:20:08.123570 Sync done -> model run start
2026-04-21 12:20:08.123570 Sync done -> model run start
0 11.976 [2.475473254919052, 2.429363559000194, 2.380184968933463, 2.3133986939210445, 2.377401601988822]
1 12.02 [2.475472681922838, 2.4294910579919815, 2.3841005261056125, 2.318766796030104, 2.412276712944731]
2 12.363 [2.4671774050220847, 2.431466363137588, 2.380164604866877, 2.3064232550095767, 2.777708439854905]
3 12.468 [2.577719643013552, 2.560954509070143, 2.460005722939968, 2.3696560070384294, 2.4994218638166785]
2026-04-21 12:20:23.710887 Sync done -> model run start
2026-04-21 12:20:23.742924 Sync done -> model run start
2026-04-21 12:20:23.743120 Sync done -> model run start
2026-04-21 12:20:23.754394 Sync done -> model run start
0 11.577 [2.346751427045092, 2.335652882931754, 2.2951869110111147, 2.2842428458388895, 2.314612875925377]
3 11.593 [2.3465780939441174, 2.3366592850070447, 2.2904963069595397, 2.289057618007064, 2.3301388509571552]
2 11.749 [2.345007789088413, 2.3346734079532325, 2.2977752340957522, 2.3017044391017407, 2.4694136248435825]
1 12.047 [2.439147960860282, 2.4256015631835908, 2.382289145840332, 2.375839384039864, 2.4243265769910067]
2026-04-21 12:20:38.881247 Sync done -> model run start
2026-04-21 12:20:38.906461 Sync done -> model run start
2026-04-21 12:20:38.912671 Sync done -> model run start
2026-04-21 12:20:38.960706 Sync done -> model run start
0 11.886 [2.3554607299156487, 2.389609962934628, 2.3580075479112566, 2.3851378520485014, 2.397640614071861]
1 11.886 [2.3649845959153026, 2.387498514028266, 2.3581049430649728, 2.3774969468358904, 2.3972691579256207]
2 11.885 [2.3615493499673903, 2.384867742890492, 2.3580620270222425, 2.3800318841822445, 2.4007617470342666]
3 12.509 [2.474331892095506, 2.4849632040131837, 2.447585501940921, 2.4857603430282325, 2.6166062490083277]
2026-04-21 12:20:54.575099 Sync done -> model run start
2026-04-21 12:20:54.599135 Sync done -> model run start
2026-04-21 12:20:54.613107 Sync done -> model run start
2026-04-21 12:20:54.633689 Sync done -> model run start
0 11.482 [2.3196791810914874, 2.3242118721827865, 2.2831196531187743, 2.2780938430223614, 2.276515883859247]
1 11.556 [2.316961274947971, 2.329274663934484, 2.288841815898195, 2.2810166960116476, 2.3398876471910626]
3 11.529 [2.3192936619743705, 2.3332555319648236, 2.2834946520160884, 2.281721640843898, 2.3110513109713793]
2 11.955 [2.41648054192774, 2.4174685610923916, 2.3833987079560757, 2.371400323929265, 2.366496441885829]
2026-04-21 12:21:09.652982 Sync done -> model run start
2026-04-21 12:21:09.688270 Sync done -> model run start
2026-04-21 12:21:09.708738 Sync done -> model run start
2026-04-21 12:21:09.711841 Sync done -> model run start
2 11.551 [2.333682419033721, 2.311591785866767, 2.317643897840753, 2.283075921004638, 2.304658852983266]
0 11.694 [2.3331776298582554, 2.3108665288891643, 2.319089724915102, 2.2818986349739134, 2.4488842338323593]
1 11.975 [2.4285900390241295, 2.4093080919701606, 2.4031025990843773, 2.36774801206775, 2.366236353991553]
2026-04-21 12:21:24.803785 Sync done -> model run start
2026-04-21 12:21:24.827542 Sync done -> model run start
2026-04-21 12:21:24.857565 Sync done -> model run start
2026-04-21 12:21:24.874892 Sync done -> model run start
1 11.557 [2.340710581978783, 2.330080630024895, 2.2786049637943506, 2.2913126728963107, 2.3158449679613113]
3 11.553 [2.3278346471488476, 2.334083165973425, 2.2748499799054116, 2.2916567870415747, 2.3240626940969378]
0 11.691 [2.334553524851799, 2.3278777739033103, 2.278260278981179, 2.2903358538169414, 2.4599481099285185]
2 11.996 [2.4221937800757587, 2.4207804549951106, 2.3695717160589993, 2.3789145960472524, 2.4044122509658337]
2026-04-21 12:21:39.929395 Sync done -> model run start
2026-04-21 12:21:39.965912 Sync done -> model run start
2026-04-21 12:21:39.984513 Sync done -> model run start
2026-04-21 12:21:39.998696 Sync done -> model run start
0 11.509 [2.3250012369826436, 2.325588892912492, 2.2754177008755505, 2.274275624891743, 2.3082941288594157]
3 11.549 [2.329935226822272, 2.3366980131249875, 2.2769470179919153, 2.2782369619235396, 2.3274514449294657]
1 12.054 [2.418000740930438, 2.423782854806632, 2.3632036331109703, 2.3584744369145483, 2.490351801039651]
2 11.514 [2.3229371309280396, 2.324125201907009, 2.276155874831602, 2.279901121975854, 2.310614796821028]
2026-04-21 12:21:55.156192 Sync done -> model run start
2026-04-21 12:21:55.192985 Sync done -> model run start
2026-04-21 12:21:55.218779 Sync done -> model run start
2026-04-21 12:21:55.237587 Sync done -> model run start
0 11.554 [2.334549389081076, 2.327778014121577, 2.2860682951286435, 2.292725821956992, 2.3129707400221378]
1 11.567 [2.3287133721169084, 2.328412333969027, 2.284603615058586, 2.296266172081232, 2.3284806220326573]
2 11.601 [2.3338844960089773, 2.3341036119963974, 2.2831573190633208, 2.2952842488884926, 2.3543016070034355]
3 12.069 [2.4187264831271023, 2.420378248905763, 2.377627962967381, 2.3747875078115612, 2.4768782269675285]
2026-04-21 12:22:10.396199 Sync done -> model run start
2026-04-21 12:22:10.419902 Sync done -> model run start
2026-04-21 12:22:10.434580 Sync done -> model run start
2026-04-21 12:22:10.448847 Sync done -> model run start
0 11.487 [2.3206725870259106, 2.3231701829936355, 2.275570542085916, 2.2928372940514237, 2.274891122011468]
3 11.53 [2.326223969925195, 2.3386283989530057, 2.280986195895821, 2.298711019102484, 2.2850200890097767]
1 11.937 [2.415475678863004, 2.422124506905675, 2.3795380741357803, 2.3821810339577496, 2.338010075967759]
2 11.502 [2.323174034943804, 2.3343923760112375, 2.2705921770539135, 2.2961362388450652, 2.2775536621920764]
2026-04-21 12:22:25.491792 Sync done -> model run start
2026-04-21 12:22:25.530454 Sync done -> model run start
2026-04-21 12:22:25.536428 Sync done -> model run start
2026-04-21 12:22:25.553373 Sync done -> model run start
0 11.653 [2.3875346130225807, 2.3530668939929456, 2.3284283028915524, 2.297020207857713, 2.286707232007757]
3 11.658 [2.381174274953082, 2.3552629789337516, 2.314323100959882, 2.3083776070270687, 2.2988834311254323]
1 11.688 [2.3890937198884785, 2.359516920056194, 2.3249151399359107, 2.312871911097318, 2.3016295661218464]
2 12.036 [2.4682781798765063, 2.4416768869850785, 2.4108143111225218, 2.375392066081986, 2.340058257803321]
2026-04-21 12:22:39.809290 Sync done -> model run start
net_times: [[28.806, 2.086, 1210368, 1210368], [0.002, 2.092, 1210368, 1210368], [0.002, 2.081, 1210368, 1210368], [0.002, 2.077, 1210368, 1210368], [0.002, 2.086, 1210368, 1210368], [0.002, 2.076, 1210368, 1210368], [0.002, 2.077, 1210368, 1210368], [0.002, 2.069, 1210368, 1210368], [0.002, 2.078, 1210368, 1210368], [0.002, 2.104, 1210368, 1210368]]
echo 'race4fun' | sudo -S sh -c 'journalctl --since "2026-04-21 12:19:37.266481" --until "2026-04-21 12:22:39.809290" -k -o short-iso '| grep -i -E 'throttle|throttled|thermal|cpufreq|under-voltage|voltage'
