ALL SYNC
2026-04-21 12:20:29.975609 Sync done -> model run start
2026-04-21 12:20:29.975609 Sync done -> model run start
2026-04-21 12:20:29.975611 Sync done -> model run start
2026-04-21 12:20:29.975609 Sync done -> model run start
1 0.04 [0.03158482303842902, 0.0021947799250483513, 0.001895874971523881, 0.001965457107871771, 0.0020164470188319683]
0 0.04 [0.03158451011404395, 0.0022010819520801306, 0.001892385073006153, 0.001966030104085803, 0.002016915939748287]
3 0.041 [0.031711956951767206, 0.0025016521103680134, 0.0021744139958173037, 0.0022274870425462723, 0.0020447280257940292]
2 0.042 [0.033261166885495186, 0.0022193100303411484, 0.0020597800612449646, 0.002016706857830286, 0.0016832191031426191]
2026-04-21 12:20:43.107385 Sync done -> model run start
2026-04-21 12:20:43.112901 Sync done -> model run start
2026-04-21 12:20:43.125030 Sync done -> model run start
2026-04-21 12:20:43.135779 Sync done -> model run start
0 0.014 [0.006427515996620059, 0.0017841050866991282, 0.0019794160034507513, 0.0017299391329288483, 0.002003270201385021]
1 0.015 [0.0063820481300354, 0.002027906011790037, 0.002346601104363799, 0.0022454040590673685, 0.0016850940883159637]
2 0.011 [0.005617052083835006, 0.0014910330064594746, 0.0013219709508121014, 0.0010984840337187052, 0.001125462120398879]
3 0.008 [0.004086330998688936, 0.0012757740914821625, 0.0009937959257513285, 0.0009443180169910192, 0.000738849863409996]
2026-04-21 12:20:58.622967 Sync done -> model run start
2026-04-21 12:20:58.628698 Sync done -> model run start
2026-04-21 12:20:58.642209 Sync done -> model run start
2026-04-21 12:20:58.651954 Sync done -> model run start
0 0.015 [0.006552567007020116, 0.001931603066623211, 0.001892748987302184, 0.0017923859413713217, 0.0022525389213114977]
1 0.015 [0.006565795978531241, 0.002206498058512807, 0.0022736848331987858, 0.0019503009971231222, 0.0017732190899550915]
2 0.011 [0.0056199689861387014, 0.001458378043025732, 0.0012465030886232853, 0.0011119211558252573, 0.0012800449039787054]
3 0.008 [0.004148100968450308, 0.0011777020990848541, 0.0008483808487653732, 0.0007672358769923449, 0.0007445788942277431]
2026-04-21 12:21:13.751209 Sync done -> model run start
2026-04-21 12:21:13.768128 Sync done -> model run start
2026-04-21 12:21:13.774396 Sync done -> model run start
2026-04-21 12:21:13.774949 Sync done -> model run start
0 0.012 [0.004951274022459984, 0.001755614997819066, 0.0012771799229085445, 0.001544365892186761, 0.0020167070906609297]
2 0.016 [0.008924949914216995, 0.0027517040725797415, 0.0015047828201204538, 0.0014254089910537004, 0.001348378136754036]
1 0.011 [0.004761848133057356, 0.0015055120456963778, 0.0015311900060623884, 0.0014610330108553171, 0.0014189500361680984]
3 0.01 [0.004202996846288443, 0.0014986370224505663, 0.0015310330782085657, 0.001461138017475605, 0.0014188459608703852]
2026-04-21 12:21:29.734611 Sync done -> model run start
2026-04-21 12:21:29.742655 Sync done -> model run start
2026-04-21 12:21:29.752051 Sync done -> model run start
2026-04-21 12:21:29.762092 Sync done -> model run start
0 0.014 [0.00599340396001935, 0.0016472830902785063, 0.001696708844974637, 0.0018811349291354418, 0.0021706121042370796]
1 0.014 [0.007028450025245547, 0.0017119171097874641, 0.0017806671094149351, 0.0015168150421231985, 0.0015201990026980639]
2 0.01 [0.0054486149456351995, 0.0015271271113306284, 0.0011752538848668337, 0.001021035946905613, 0.0009792661294341087]
3 0.007 [0.003920862916857004, 0.000894787022843957, 0.0007413499988615513, 0.0007413499988615513, 0.0008095791563391685]
2026-04-21 12:21:44.738108 Sync done -> model run start
2026-04-21 12:21:44.743915 Sync done -> model run start
2026-04-21 12:21:44.758670 Sync done -> model run start
2026-04-21 12:21:44.769030 Sync done -> model run start
1 0.015 [0.006707462016493082, 0.0019618121441453695, 0.001799312885850668, 0.002219259040430188, 0.001884467899799347]
2 0.01 [0.005108304787427187, 0.0014150440692901611, 0.0012757740914821625, 0.0011483270209282637, 0.0011971811763942242]
3 0.008 [0.004088517976924777, 0.0010781188029795885, 0.0009682760573923588, 0.0009240061044692993, 0.0011113481596112251]
2026-04-21 12:22:00.047522 Sync done -> model run start
2026-04-21 12:22:00.055888 Sync done -> model run start
2026-04-21 12:22:00.066850 Sync done -> model run start
2026-04-21 12:22:00.078658 Sync done -> model run start
0 0.015 [0.006801367970183492, 0.0018208229448646307, 0.0020221760496497154, 0.0019188441801816225, 0.0019914989825338125]
1 0.015 [0.007161783054471016, 0.0026737351436167955, 0.0018413430079817772, 0.0017258240841329098, 0.0016198339872062206]
2 0.012 [0.006187412887811661, 0.0018871240317821503, 0.0014627000782638788, 0.001248639076948166, 0.0012116602156311274]
3 0.009 [0.004411380970850587, 0.0012201499193906784, 0.0011406708508729935, 0.0010575461201369762, 0.0010512960143387318]
2026-04-21 12:22:14.273272 Sync done -> model run start
2026-04-21 12:22:14.278795 Sync done -> model run start
2026-04-21 12:22:14.290532 Sync done -> model run start
2026-04-21 12:22:14.298589 Sync done -> model run start
0 0.013 [0.006071319105103612, 0.001630354905501008, 0.001667854841798544, 0.001627855934202671, 0.001891604159027338]
1 0.013 [0.005627936916425824, 0.001738270977512002, 0.002387746935710311, 0.0017962399870157242, 0.0016417610459029675]
2 0.009 [0.004772473126649857, 0.0012674930039793253, 0.001047493889927864, 0.0009511411190032959, 0.0010053589940071106]
3 0.007 [0.003489825176075101, 0.0009192139841616154, 0.0007651520427316427, 0.0007158811204135418, 0.0008222348988056183]
2026-04-21 12:22:29.573343 Sync done -> model run start
2026-04-21 12:22:29.583164 Sync done -> model run start
2026-04-21 12:22:29.592809 Sync done -> model run start
2026-04-21 12:22:29.603616 Sync done -> model run start
0 0.015 [0.006797773996368051, 0.0019082180224359035, 0.0017489481251686811, 0.002023895038291812, 0.0019777489360421896]
1 0.015 [0.007578186923637986, 0.0019773319363594055, 0.0016889488324522972, 0.0016157201025635004, 0.0018685311079025269]
2 0.011 [0.005803612992167473, 0.0015463968738913536, 0.0017384279053658247, 0.0010020770132541656, 0.001001973869279027]
3 0.007 [0.0034160218201577663, 0.0008909318130463362, 0.000751974992454052, 0.0008641621097922325, 0.0007719229906797409]
2026-04-21 12:22:45.612164 Sync done -> model run start
2026-04-21 12:22:45.619046 Sync done -> model run start
2026-04-21 12:22:45.631494 Sync done -> model run start
2026-04-21 12:22:45.642802 Sync done -> model run start
0 0.014 [0.006369807058945298, 0.0017941570840775967, 0.0017791041173040867, 0.0018079590518027544, 0.0017915531061589718]
1 0.014 [0.006704441038891673, 0.0017707189545035362, 0.0021269151475280523, 0.0017728020902723074, 0.001741291955113411]
2 0.012 [0.006276005879044533, 0.0015577520243823528, 0.0013880131300538778, 0.0010853582061827183, 0.001115826889872551]
3 0.009 [0.004104977007955313, 0.0012502528261393309, 0.0012490551453083754, 0.0010006718803197145, 0.0010757239069789648]
2026-04-21 12:22:45.717158 Sync done -> model run start
net_times: [[52.221, 0.0, 605184, 0], [12.891, 0.0, 605184, 0], [15.3, 0.0, 605184, 0], [14.912, 0.0, 605184, 0], [15.773, 0.0, 605184, 0], [14.789, 0.0, 605184, 0], [15.079, 0.0, 605184, 0], [13.999, 0.0, 605184, 0], [15.09, 0.0, 605184, 0], [15.817, 0.0, 605184, 0]]
echo 'race4fun' | sudo -S sh -c 'journalctl --since "2026-04-21 12:19:37.264977" --until "2026-04-21 12:22:45.717158" -k -o short-iso '| grep -i -E 'throttle|throttled|thermal|cpufreq|under-voltage|voltage'
