ALL SYNC
2026-04-21 12:14:15.149133 Sync done -> model run start
2026-04-21 12:14:15.149133 Sync done -> model run start
2026-04-21 12:14:15.149134 Sync done -> model run start
2026-04-21 12:14:15.149133 Sync done -> model run start
0 26.594 [6.576178509974852, 5.407362116035074, 4.215577317867428, 4.941624036990106, 5.453097123885527]
3 25.648 [6.051000681007281, 5.676989977015182, 4.207129813032225, 4.822139530908316, 4.890487164026126]
2 25.627 [6.067806943785399, 5.671115425880998, 4.220674531068653, 4.793187499977648, 4.87379235890694]
2026-04-21 12:14:43.357156 Sync done -> model run start
2026-04-21 12:14:43.357161 Sync done -> model run start
2026-04-21 12:14:43.416922 Sync done -> model run start
2026-04-21 12:14:43.463614 Sync done -> model run start
1 29.599 [6.2780357310548425, 6.405516780912876, 6.1739190560765564, 4.454843670828268, 6.286445847013965]
0 29.642 [6.272357688983902, 6.417493746150285, 6.181963857030496, 4.485688087064773, 6.283825444988906]
3 30.108 [6.268900312017649, 6.403702831827104, 6.17194677493535, 5.521267852978781, 5.742441782029346]
2 30.322 [6.449880314990878, 6.7894196880515665, 6.648890631040558, 4.686164698097855, 5.747673574835062]
2026-04-21 12:15:15.253318 Sync done -> model run start
2026-04-21 12:15:15.268999 Sync done -> model run start
2026-04-21 12:15:15.286322 Sync done -> model run start
2026-04-21 12:15:15.349215 Sync done -> model run start
0 28.484 [6.222104341024533, 5.606431641150266, 6.1816668580286205, 5.161487109027803, 5.312439441913739]
2 28.672 [6.227769569028169, 5.651741496985778, 6.156333819963038, 5.323423826135695, 5.31273219990544]
1 28.727 [6.237852848134935, 5.664370126090944, 6.179845254169777, 5.322619507089257, 5.321941160131246]
3 29.199 [6.396084325853735, 6.174875719007105, 6.45388802094385, 5.2751503370236605, 4.899212170857936]
2026-04-21 12:15:45.997660 Sync done -> model run start
2026-04-21 12:15:46.002034 Sync done -> model run start
2026-04-21 12:15:46.039657 Sync done -> model run start
2026-04-21 12:15:46.097905 Sync done -> model run start
0 25.218 [5.5718944009859115, 5.908402848057449, 4.4144252489786595, 5.028560925973579, 4.294715621042997]
2026-04-21 12:16:13.404008 Sync done -> model run start
2026-04-21 12:16:13.490336 Sync done -> model run start
2026-04-21 12:16:13.527837 Sync done -> model run start
2026-04-21 12:16:13.559801 Sync done -> model run start
1 27.145 [5.740118800196797, 5.0157083419617265, 5.360035337973386, 5.343483329983428, 5.6857255410868675]
0 27.445 [5.651918869931251, 4.98572480911389, 5.389933976111934, 5.550092659890652, 5.86702355183661]
2 27.428 [5.671991311013699, 4.999139942927286, 5.444765912834555, 5.442325440933928, 5.869885725202039]
3 27.706 [6.068393504945561, 5.300827344181016, 5.5609437599778175, 5.606519378023222, 5.168967396952212]
2026-04-21 12:16:42.693945 Sync done -> model run start
2026-04-21 12:16:42.716322 Sync done -> model run start
2026-04-21 12:16:42.755604 Sync done -> model run start
2026-04-21 12:16:42.790684 Sync done -> model run start
0 25.918 [5.596480125095695, 6.375194089952856, 5.908398990985006, 4.487368596019223, 3.550345950992778]
1 26.471 [5.825127405114472, 6.365247268928215, 5.776296854950488, 4.623592894989997, 3.880672249943018]
3 26.598 [5.613849560031667, 6.367551058996469, 5.869703734992072, 4.847671136027202, 3.8992851679213345]
2 27.6 [6.0049797971732914, 6.701146194944158, 6.324129244079813, 4.049743302166462, 4.5199240278452635]
2026-04-21 12:17:11.883592 Sync done -> model run start
2026-04-21 12:17:11.883534 Sync done -> model run start
2026-04-21 12:17:11.910205 Sync done -> model run start
2026-04-21 12:17:11.984082 Sync done -> model run start
0 27.351 [6.00318107008934, 5.853264640085399, 5.578916195081547, 5.385342355817556, 4.52970323106274]
1 27.559 [6.008184167090803, 5.868596639018506, 5.582455966854468, 5.572643089806661, 4.52665371610783]
3 28.151 [6.180463785072789, 6.219343967968598, 6.148941576946527, 5.023552482947707, 4.578917175065726]
2026-04-21 12:17:41.640486 Sync done -> model run start
2026-04-21 12:17:41.652568 Sync done -> model run start
2026-04-21 12:17:41.670659 Sync done -> model run start
2026-04-21 12:17:41.772843 Sync done -> model run start
3 29.544 [6.205651262076572, 6.21384218800813, 6.168900127988309, 5.915610214928165, 5.039872617926449]
1 29.481 [6.225782816996798, 6.207800814881921, 6.160916368942708, 5.89111076714471, 4.99574213498272]
0 30.367 [6.450157979968935, 6.635759013006464, 6.556684534996748, 6.312537069199607, 4.41131902509369]
2 29.658 [6.247883528005332, 6.216899931896478, 6.1593000770080835, 6.10247527086176, 4.93139207479544]
2026-04-21 12:18:13.504607 Sync done -> model run start
2026-04-21 12:18:13.529600 Sync done -> model run start
2026-04-21 12:18:13.529600 Sync done -> model run start
2026-04-21 12:18:13.529600 Sync done -> model run start
3 29.147 [6.610969539964572, 6.455788820981979, 6.367531585972756, 4.429341843817383, 5.2827583299949765]
0 29.296 [6.700880290009081, 6.456592723028734, 6.481122880009934, 4.367621405981481, 5.289925320073962]
2 29.418 [6.6170870589558035, 6.449665573891252, 6.371693906141445, 4.729225329123437, 5.250236166175455]
1 29.897 [6.9604391059838235, 6.704753059195355, 6.420830036979169, 4.795509333955124, 5.014951538061723]
2026-04-21 12:18:44.926067 Sync done -> model run start
2026-04-21 12:18:44.976588 Sync done -> model run start
2026-04-21 12:18:44.993622 Sync done -> model run start
2026-04-21 12:18:45.027001 Sync done -> model run start
2 23.181 [5.96071244799532, 3.8053342481143773, 3.884997494984418, 4.096969170961529, 5.4323798848781735]
1 23.406 [5.993538724025711, 3.771868027979508, 3.9053981099277735, 4.225866107037291, 5.509058519033715]
3 23.688 [6.074680928140879, 3.8877437880728394, 4.214498416054994, 3.944057210814208, 5.566431218991056]
0 24.628 [6.329996692016721, 3.808629177045077, 4.417166088009253, 4.277175819966942, 5.79473754693754]
2026-04-21 12:19:09.667106 Sync done -> model run start
net_times: [[23.51, 0.0, 1210368, 0], [0.003, 0.0, 1210368, 0], [0.004, 0.0, 1210368, 0], [0.003, 0.0, 1210368, 0], [0.003, 0.0, 1210368, 0], [0.002, 0.0, 1210368, 0], [0.003, 0.0, 1210368, 0], [0.002, 0.0, 1210368, 0], [0.002, 0.0, 1210368, 0], [0.002, 0.0, 1210368, 0]]
echo 'race4fun' | sudo -S sh -c 'journalctl --since "2026-04-21 12:13:48.776901" --until "2026-04-21 12:19:09.667106" -k -o short-iso '| grep -i -E 'throttle|throttled|thermal|cpufreq|under-voltage|voltage'
