ALL SYNC
2026-04-21 11:17:25.035681 Sync done -> model run start
2026-04-21 11:17:25.035681 Sync done -> model run start
2026-04-21 11:17:25.035681 Sync done -> model run start
2026-04-21 11:17:25.035681 Sync done -> model run start
0 0.472 [0.12922211014665663, 0.1009450419805944, 0.08162778010591865, 0.08164658211171627, 0.07864050101488829]
2 0.489 [0.12922184891067445, 0.10212680790573359, 0.08701619412750006, 0.08541406597942114, 0.08470985107123852]
1 0.489 [0.1292218491435051, 0.10079415678046644, 0.08368740719743073, 0.0814805410336703, 0.09400262380950153]
3 0.475 [0.1292215371504426, 0.10118457186035812, 0.08423511311411858, 0.08282011887058616, 0.07735779811628163]
2026-04-21 11:17:31.533090 Sync done -> model run start
2026-04-21 11:17:31.537297 Sync done -> model run start
2026-04-21 11:17:31.547853 Sync done -> model run start
2026-04-21 11:17:31.554880 Sync done -> model run start
0 0.4 [0.08361688582226634, 0.09037633705884218, 0.07369427080266178, 0.07599040796048939, 0.07635618792846799]
1 0.406 [0.08293303498066962, 0.08858457393944263, 0.07833607587963343, 0.07710951706394553, 0.07878930191509426]
3 0.424 [0.08870009379461408, 0.0855042738839984, 0.07865456282161176, 0.07929398794658482, 0.09201060119085014]
2 0.483 [0.11201786017045379, 0.12563275103457272, 0.07403765595518053, 0.07408406212925911, 0.09727625595405698]
2026-04-21 11:17:37.691410 Sync done -> model run start
2026-04-21 11:17:37.696306 Sync done -> model run start
2026-04-21 11:17:37.707897 Sync done -> model run start
2026-04-21 11:17:37.725504 Sync done -> model run start
0 0.412 [0.08405084302648902, 0.088898791000247, 0.0790460198186338, 0.08004419296048582, 0.07973664184100926]
1 0.411 [0.08682458102703094, 0.0906612309627235, 0.0773963921237737, 0.07854050095193088, 0.07754988083615899]
2 0.431 [0.08759093098342419, 0.09076841804198921, 0.08168960199691355, 0.07924117613583803, 0.0917436748277396]
3 0.475 [0.12687753699719906, 0.1003793680574745, 0.07757909898646176, 0.07606264692731202, 0.09419225808233023]
2026-04-21 11:17:43.698827 Sync done -> model run start
2026-04-21 11:17:43.704263 Sync done -> model run start
2026-04-21 11:17:43.712163 Sync done -> model run start
2026-04-21 11:17:43.719952 Sync done -> model run start
0 0.4 [0.08286897302605212, 0.09076617890968919, 0.07709045591764152, 0.07405161508359015, 0.07496562111191452]
1 0.405 [0.08270188979804516, 0.08857108396477997, 0.07844206411391497, 0.07707337196916342, 0.07820128416642547]
2 0.485 [0.1165672151837498, 0.11683205794543028, 0.07643650006502867, 0.07561181602068245, 0.09939124714583158]
3 0.425 [0.08960857894271612, 0.08457511104643345, 0.07886617677286267, 0.07934393500909209, 0.0928051290102303]
2026-04-21 11:17:49.702254 Sync done -> model run start
2026-04-21 11:17:49.709221 Sync done -> model run start
2026-04-21 11:17:49.714958 Sync done -> model run start
2026-04-21 11:17:49.723243 Sync done -> model run start
2 0.399 [0.095869803102687, 0.08705556904897094, 0.07068209699355066, 0.07212469493970275, 0.07248636009171605]
1 0.402 [0.08900733198970556, 0.08431953913532197, 0.07877008407376707, 0.07473254902288318, 0.07496640202589333]
3 0.408 [0.09693985106423497, 0.08736020419746637, 0.07079933700151742, 0.07356265815906227, 0.07869169907644391]
0 0.484 [0.08614593790844083, 0.13482120097614825, 0.08326558489352465, 0.07475025695748627, 0.10485757794231176]
2026-04-21 11:17:55.738337 Sync done -> model run start
2026-04-21 11:17:55.742369 Sync done -> model run start
2026-04-21 11:17:55.753108 Sync done -> model run start
2026-04-21 11:17:55.761649 Sync done -> model run start
0 0.396 [0.08736155810765922, 0.08917019586078823, 0.07473114202730358, 0.07076714909635484, 0.07358468882739544]
1 0.399 [0.08759629703126848, 0.0883424908388406, 0.07606342784129083, 0.07011694321408868, 0.07654113508760929]
3 0.413 [0.09511548420414329, 0.08577307499945164, 0.06875299010425806, 0.07201787293888628, 0.09090242790989578]
2 0.475 [0.09281611908227205, 0.10757709806784987, 0.08660796680487692, 0.09038404515013099, 0.09702766290865839]
2026-04-21 11:18:01.767035 Sync done -> model run start
2026-04-21 11:18:01.772329 Sync done -> model run start
2026-04-21 11:18:01.779397 Sync done -> model run start
2026-04-21 11:18:01.786181 Sync done -> model run start
1 0.406 [0.09255226515233517, 0.09129336383193731, 0.07337609701789916, 0.07282838993705809, 0.07570791011676192]
0 0.409 [0.08876738487742841, 0.09664469608105719, 0.07646972895599902, 0.07219261093996465, 0.0742340621072799]
3 0.423 [0.09704401716589928, 0.09328148094937205, 0.07307677483186126, 0.07069766987115145, 0.08910196786746383]
2 0.485 [0.09609297988936305, 0.10104295890778303, 0.08738150494173169, 0.10557387699373066, 0.09482553717680275]
2026-04-21 11:18:07.807148 Sync done -> model run start
2026-04-21 11:18:07.811795 Sync done -> model run start
2026-04-21 11:18:07.823044 Sync done -> model run start
2026-04-21 11:18:07.832707 Sync done -> model run start
0 0.402 [0.08866780204698443, 0.0925278898794204, 0.07525603612884879, 0.07484161108732224, 0.07060027518309653]
1 0.399 [0.08739770390093327, 0.0934996569994837, 0.07294151396490633, 0.07418692600913346, 0.07035162998363376]
3 0.411 [0.09442387195304036, 0.09112904197536409, 0.07435463415458798, 0.06845689890906215, 0.08270954620093107]
2 0.476 [0.0925056510604918, 0.09059670008718967, 0.08551453379914165, 0.09242570283822715, 0.11507341987453401]
2026-04-21 11:18:13.822542 Sync done -> model run start
2026-04-21 11:18:13.827999 Sync done -> model run start
2026-04-21 11:18:13.834929 Sync done -> model run start
2026-04-21 11:18:13.843300 Sync done -> model run start
1 0.407 [0.08767405617982149, 0.09273809799924493, 0.07972539192996919, 0.07425755099393427, 0.07256391202099621]
2 0.407 [0.0953387119807303, 0.09253059886395931, 0.07542608794756234, 0.07279745303094387, 0.07070340006612241]
0 0.481 [0.0867220819927752, 0.0949682448990643, 0.07770519214682281, 0.10143087385222316, 0.12020251317881048]
3 0.419 [0.09622292686253786, 0.09250763012096286, 0.0773367048241198, 0.07810763805173337, 0.07432640506885946]
2026-04-21 11:18:19.866431 Sync done -> model run start
2026-04-21 11:18:19.872147 Sync done -> model run start
2026-04-21 11:18:19.883105 Sync done -> model run start
2026-04-21 11:18:19.889146 Sync done -> model run start
2 0.406 [0.0942650178913027, 0.09039878495968878, 0.07501884899102151, 0.07543853507377207, 0.07089194003492594]
0 0.404 [0.08238511998206377, 0.09191232011653483, 0.07905716588720679, 0.07796237897127867, 0.07226860104128718]
1 0.461 [0.08798749279230833, 0.0924328900873661, 0.07725951704196632, 0.07594697014428675, 0.1264867049176246]
2026-04-21 11:18:25.811521 Sync done -> model run start
net_times: [[0.0, 5.602, 0, 3211264], [0.0, 5.37, 0, 3211264], [0.0, 5.195, 0, 3211264], [0.0, 5.209, 0, 3211264], [0.0, 5.242, 0, 3211264], [0.0, 5.226, 0, 3211264], [0.0, 5.226, 0, 3211264], [0.0, 5.213, 0, 3211264], [0.0, 5.231, 0, 3211264], [0.0, 5.243, 0, 3211264]]
echo 'race4fun' | sudo -S sh -c 'journalctl --since "2026-04-21 11:17:24.633494" --until "2026-04-21 11:18:25.811521" -k -o short-iso '| grep -i -E 'throttle|throttled|thermal|cpufreq|under-voltage|voltage'
