ALL SYNC
2026-04-21 11:17:34.210488 Sync done -> model run start
2026-04-21 11:17:34.210488 Sync done -> model run start
2026-04-21 11:17:34.210488 Sync done -> model run start
2026-04-21 11:17:34.210488 Sync done -> model run start
2 2.143 [0.48199499514885247, 0.4174079690128565, 0.41455886606127024, 0.41601510997861624, 0.41302486206404865]
0 2.143 [0.48199504683725536, 0.41740765678696334, 0.41463537607342005, 0.4159429760184139, 0.4130251749884337]
3 2.175 [0.49181500682607293, 0.4227722699288279, 0.420315925963223, 0.42158769094385207, 0.41823994484730065]
1 2.232 [0.528231835924089, 0.4147182931192219, 0.4139818891417235, 0.4702428039163351, 0.40444599092006683]
2026-04-21 11:17:39.416411 Sync done -> model run start
2026-04-21 11:17:39.431973 Sync done -> model run start
2026-04-21 11:17:39.441232 Sync done -> model run start
2026-04-21 11:17:39.443311 Sync done -> model run start
0 2.018 [0.4185927559155971, 0.40458041802048683, 0.40233938582241535, 0.39734372892417014, 0.394623844884336]
2 2.012 [0.41693969001062214, 0.4045298448763788, 0.4019958970602602, 0.3961844111327082, 0.39226463506929576]
3 2.019 [0.417927028844133, 0.40590249584056437, 0.40531031019054353, 0.39698383398354053, 0.39318812103010714]
1 2.086 [0.4466157138813287, 0.4049862490501255, 0.45016887597739697, 0.39300765306688845, 0.3915304720867425]
2026-04-21 11:17:45.474042 Sync done -> model run start
2026-04-21 11:17:45.486609 Sync done -> model run start
2026-04-21 11:17:45.495904 Sync done -> model run start
2026-04-21 11:17:45.500867 Sync done -> model run start
0 1.994 [0.4104910190217197, 0.4028511547949165, 0.39269015402533114, 0.3931804650928825, 0.39495780086144805]
2 2.001 [0.4112759120762348, 0.4039247431792319, 0.39513654983602464, 0.39491806202568114, 0.3960437348578125]
1 2.067 [0.43988042906858027, 0.4028313630260527, 0.4287929739803076, 0.40991747891530395, 0.3854975278954953]
3 2.011 [0.41261934395879507, 0.40689603285863996, 0.39802992390468717, 0.39540092390961945, 0.3982575270347297]
2026-04-21 11:17:51.481877 Sync done -> model run start
2026-04-21 11:17:51.486225 Sync done -> model run start
2026-04-21 11:17:51.495713 Sync done -> model run start
2026-04-21 11:17:51.504096 Sync done -> model run start
0 1.988 [0.4117808570154011, 0.4015392328146845, 0.3903553718701005, 0.3933701510541141, 0.3906045909970999]
2 1.998 [0.41138913994655013, 0.4035040170419961, 0.39459368912503123, 0.39383051497861743, 0.39414223190397024]
1 2.096 [0.46172085986472666, 0.40385417197830975, 0.40144579485058784, 0.4366775250528008, 0.3919943240471184]
3 2.006 [0.41303720721043646, 0.4061879110522568, 0.3948851968161762, 0.39591446495614946, 0.39558233018033206]
2026-04-21 11:17:57.477530 Sync done -> model run start
2026-04-21 11:17:57.496553 Sync done -> model run start
2026-04-21 11:17:57.501196 Sync done -> model run start
2026-04-21 11:17:57.521963 Sync done -> model run start
0 1.987 [0.4132584030739963, 0.39560456993058324, 0.39209609501995146, 0.39219156303443015, 0.3940218680072576]
2 1.985 [0.4104069049935788, 0.39337582793086767, 0.39204395888373256, 0.3933199441526085, 0.3958000889979303]
1 1.996 [0.4151373018976301, 0.3958511829841882, 0.3932511939201504, 0.3939300449565053, 0.397195708937943]
3 2.072 [0.4603898241184652, 0.3944672830402851, 0.3928102068603039, 0.4442379109095782, 0.379830467980355]
2026-04-21 11:18:03.515819 Sync done -> model run start
2026-04-21 11:18:03.525463 Sync done -> model run start
2026-04-21 11:18:03.532976 Sync done -> model run start
2026-04-21 11:18:03.545037 Sync done -> model run start
0 1.993 [0.42108003818430007, 0.394476710120216, 0.3896308960393071, 0.39363504690118134, 0.3937627540435642]
2 2.002 [0.4184248398523778, 0.39850835991092026, 0.394685824168846, 0.39474103110842407, 0.3951770719140768]
3 2.004 [0.41752724000252783, 0.39882341120392084, 0.39319812087342143, 0.3957899340894073, 0.398118986049667]
1 2.091 [0.47070926101878285, 0.395483581116423, 0.3917388040572405, 0.44367088191211224, 0.3893818350043148]
2026-04-21 11:18:09.602398 Sync done -> model run start
2026-04-21 11:18:09.616085 Sync done -> model run start
2026-04-21 11:18:09.616093 Sync done -> model run start
2026-04-21 11:18:09.640764 Sync done -> model run start
0 2.079 [0.4262415268458426, 0.4156067280564457, 0.41141622397117317, 0.411777577130124, 0.4140700148418546]
2 2.079 [0.4262050171382725, 0.4156065189745277, 0.4113490879535675, 0.41176351392641664, 0.4140932960435748]
3 2.087 [0.42863110010512173, 0.41724140802398324, 0.4127213740721345, 0.41395579697564244, 0.4140716821420938]
1 2.184 [0.4762229360640049, 0.41761302086524665, 0.41364194289781153, 0.46623349911533296, 0.4104991441126913]
2026-04-21 11:18:15.571051 Sync done -> model run start
2026-04-21 11:18:15.582031 Sync done -> model run start
2026-04-21 11:18:15.601480 Sync done -> model run start
2026-04-21 11:18:15.605911 Sync done -> model run start
0 2.009 [0.41666573309339583, 0.4025912079960108, 0.3932752041146159, 0.39525587297976017, 0.400698663899675]
2 2.003 [0.40997211495414376, 0.4021351160481572, 0.3937317649833858, 0.39451743895187974, 0.40264042699709535]
1 2.1 [0.46347309299744666, 0.40291907195933163, 0.3945796270854771, 0.4443253600038588, 0.3948578031267971]
3 2.013 [0.4147078769747168, 0.4035547978710383, 0.395299153868109, 0.39403676404617727, 0.4048171890899539]
2026-04-21 11:18:21.644832 Sync done -> model run start
2026-04-21 11:18:21.653167 Sync done -> model run start
2026-04-21 11:18:21.662645 Sync done -> model run start
2026-04-21 11:18:21.675426 Sync done -> model run start
1 1.992 [0.43083072802983224, 0.39222140703350306, 0.3884693388827145, 0.39003761392086744, 0.39044620585627854]
2 1.996 [0.4259800179861486, 0.3959184749983251, 0.38974553206935525, 0.3906759440433234, 0.3931727050803602]
3 1.998 [0.4253074692096561, 0.3958502470050007, 0.3903288629371673, 0.39127182797528803, 0.3948799381032586]
0 2.084 [0.4768241320271045, 0.3935709330253303, 0.38888886803761125, 0.4388473089784384, 0.38554075779393315]
2026-04-21 11:18:27.670235 Sync done -> model run start
2026-04-21 11:18:27.677711 Sync done -> model run start
2026-04-21 11:18:27.689870 Sync done -> model run start
2026-04-21 11:18:27.698898 Sync done -> model run start
2 2.013 [0.4129873109050095, 0.39873627689667046, 0.4000411150045693, 0.4057241640985012, 0.3954798320773989]
1 2.013 [0.4121135650202632, 0.3984753917902708, 0.40063053905032575, 0.4052157811820507, 0.3966478989459574]
0 2.096 [0.4444786917883903, 0.4120117421261966, 0.40111616207286716, 0.45112371700815856, 0.3875234059523791]
3 2.035 [0.42254805308766663, 0.3985824219416827, 0.40327370492741466, 0.4101931559853256, 0.4003111650235951]
2026-04-21 11:18:30.231976 Sync done -> model run start
net_times: [[8.059, 0.376, 802816, 401408], [2.378, 0.344, 802816, 401408], [3.387, 0.383, 802816, 401408], [3.316, 0.385, 802816, 401408], [3.31, 0.376, 802816, 401408], [3.324, 0.371, 802816, 401408], [3.407, 0.376, 802816, 401408], [3.195, 0.376, 802816, 401408], [3.374, 0.399, 802816, 401408], [3.33, 0.377, 802816, 401408]]
echo 'race4fun' | sudo -S sh -c 'journalctl --since "2026-04-21 11:17:25.669212" --until "2026-04-21 11:18:30.231976" -k -o short-iso '| grep -i -E 'throttle|throttled|thermal|cpufreq|under-voltage|voltage'
