ALL SYNC
2026-04-21 11:17:37.740998 Sync done -> model run start
2026-04-21 11:17:37.740996 Sync done -> model run start
2026-04-21 11:17:37.740996 Sync done -> model run start
2026-04-21 11:17:37.740996 Sync done -> model run start
3 1.672 [0.36442610318772495, 0.33144154702313244, 0.3406673439312726, 0.3178014971781522, 0.31758503895252943]
0 1.68 [0.3644259988795966, 0.3331422698684037, 0.34568753209896386, 0.31785170501098037, 0.3190886271186173]
1 1.725 [0.364440375007689, 0.38692721212282777, 0.3395043280906975, 0.31849956698715687, 0.3157554119825363]
2 1.677 [0.36442568618804216, 0.3330257080961019, 0.34431378706358373, 0.31739222700707614, 0.3177869659848511]
2026-04-21 11:17:42.178236 Sync done -> model run start
2026-04-21 11:17:42.180058 Sync done -> model run start
2026-04-21 11:17:42.190132 Sync done -> model run start
2026-04-21 11:17:42.224497 Sync done -> model run start
1 1.598 [0.32747786515392363, 0.31875737896189094, 0.31676551094278693, 0.3177077991422266, 0.3175979040097445]
0 1.601 [0.32828296604566276, 0.31906716898083687, 0.3173841550014913, 0.31814753683283925, 0.3176588409114629]
2 1.598 [0.3259603709448129, 0.318502692040056, 0.3172512911260128, 0.3181433700956404, 0.31814701692201197]
3 1.631 [0.32196127087809145, 0.3175901430658996, 0.31739123701117933, 0.362864286871627, 0.31094121211208403]
2026-04-21 11:17:48.264593 Sync done -> model run start
2026-04-21 11:17:48.267763 Sync done -> model run start
2026-04-21 11:17:48.276533 Sync done -> model run start
2026-04-21 11:17:48.317450 Sync done -> model run start
0 1.603 [0.33073477912694216, 0.3189847208559513, 0.31823175586760044, 0.3167674378491938, 0.3182051400654018]
1 1.605 [0.3316847230307758, 0.3191811270080507, 0.31848857714794576, 0.316930822795257, 0.31855175411328673]
2 1.605 [0.3309790489729494, 0.31922862585633993, 0.3184882120694965, 0.31700488505885005, 0.31857628491707146]
3 1.634 [0.32414048188365996, 0.31858529592864215, 0.32574099604971707, 0.3527107851114124, 0.31273557897657156]
2026-04-21 11:17:54.276654 Sync done -> model run start
2026-04-21 11:17:54.276654 Sync done -> model run start
2026-04-21 11:17:54.286447 Sync done -> model run start
2026-04-21 11:17:54.337316 Sync done -> model run start
1 1.635 [0.3595376319717616, 0.3203209131024778, 0.31876737787388265, 0.3183309731539339, 0.3179337349720299]
2 1.63 [0.35348651092499495, 0.3203748189844191, 0.3191321149934083, 0.3176430598832667, 0.3189452940132469]
0 1.645 [0.36470959102734923, 0.3221263748127967, 0.3196674259379506, 0.3182961819693446, 0.31967253098264337]
3 1.661 [0.34764012787491083, 0.32114007603377104, 0.31904242909513414, 0.3614593429956585, 0.3111666270997375]
2026-04-21 11:18:00.297136 Sync done -> model run start
2026-04-21 11:18:00.303291 Sync done -> model run start
2026-04-21 11:18:00.310496 Sync done -> model run start
2026-04-21 11:18:00.347329 Sync done -> model run start
1 1.601 [0.3268837509676814, 0.3179672241676599, 0.31763175688683987, 0.32007237314246595, 0.31800493295304477]
0 1.602 [0.3279069249983877, 0.318369671003893, 0.31802378594875336, 0.31769467308185995, 0.3200631020590663]
3 1.645 [0.3364748591557145, 0.31841477495618165, 0.3176396740600467, 0.3627376190852374, 0.3096729349344969]
2026-04-21 11:18:06.333820 Sync done -> model run start
2026-04-21 11:18:06.340344 Sync done -> model run start
2026-04-21 11:18:06.347957 Sync done -> model run start
2026-04-21 11:18:06.349554 Sync done -> model run start
0 1.629 [0.33154477505013347, 0.31845831498503685, 0.33538028015755117, 0.32558219390921295, 0.3180788899771869]
2 1.632 [0.3335835679899901, 0.31795331789180636, 0.3421796278562397, 0.31899050204083323, 0.3188400329090655]
3 1.636 [0.3426866049412638, 0.317859775852412, 0.33808464417234063, 0.3180220150388777, 0.31925878184847534]
1 1.693 [0.3619247048627585, 0.3176762880757451, 0.3378249059896916, 0.36057116999290884, 0.3144861441105604]
2026-04-21 11:18:12.479919 Sync done -> model run start
2026-04-21 11:18:12.484250 Sync done -> model run start
2026-04-21 11:18:12.496953 Sync done -> model run start
2026-04-21 11:18:12.542877 Sync done -> model run start
1 1.6 [0.32839259901084006, 0.31846378394402564, 0.31786477705463767, 0.3168633219320327, 0.3178547250572592]
0 1.599 [0.3286544200964272, 0.3183697748463601, 0.3173336321488023, 0.3168784789741039, 0.31768857897259295]
3 1.6 [0.3276027061510831, 0.31862149201333523, 0.31807644199579954, 0.3174051430542022, 0.31847925297915936]
2 1.631 [0.32334074401296675, 0.31804415001533926, 0.31759342295117676, 0.3620359019841999, 0.3098168398719281]
2026-04-21 11:18:18.384659 Sync done -> model run start
2026-04-21 11:18:18.387619 Sync done -> model run start
2026-04-21 11:18:18.393621 Sync done -> model run start
2026-04-21 11:18:18.397437 Sync done -> model run start
1 1.65 [0.3534159888513386, 0.3187264921143651, 0.3186315440107137, 0.3182726390659809, 0.3402871338184923]
0 1.654 [0.35505660716444254, 0.3176387350540608, 0.3184757630806416, 0.3181713889352977, 0.34496055403724313]
2 1.665 [0.35188156785443425, 0.3185208151116967, 0.3184202420525253, 0.3184668568428606, 0.3575334202032536]
3 1.71 [0.380269787972793, 0.3178251408971846, 0.3177396198734641, 0.33491085399873555, 0.3589431019499898]
2026-04-21 11:18:24.458554 Sync done -> model run start
2026-04-21 11:18:24.462432 Sync done -> model run start
2026-04-21 11:18:24.466117 Sync done -> model run start
2026-04-21 11:18:24.472621 Sync done -> model run start
0 1.595 [0.323962148046121, 0.31839654385112226, 0.3173099858686328, 0.31748467311263084, 0.3172150389291346]
2 1.596 [0.32400714699178934, 0.31868591788224876, 0.3179667550139129, 0.317840764997527, 0.31694993493147194]
3 1.596 [0.32417141692712903, 0.31870472081936896, 0.3173505598679185, 0.31751451711170375, 0.31798430695198476]
1 1.681 [0.3682781169191003, 0.3189703971147537, 0.31787774502299726, 0.32722994592040777, 0.3484336119145155]
2026-04-21 11:18:30.487729 Sync done -> model run start
2026-04-21 11:18:30.490308 Sync done -> model run start
2026-04-21 11:18:30.496680 Sync done -> model run start
2026-04-21 11:18:30.500531 Sync done -> model run start
2 1.604 [0.32272689091041684, 0.32150434399954975, 0.31847055396065116, 0.3184589920565486, 0.32279902696609497]
3 1.606 [0.32279803697019815, 0.3209952311590314, 0.3187330539803952, 0.3209484610706568, 0.3220204359386116]
0 1.622 [0.32800806779414415, 0.32708604098297656, 0.32505068415775895, 0.3208838258869946, 0.32044393196702003]
1 1.691 [0.36912728007882833, 0.32119340798817575, 0.3188439910300076, 0.320785857969895, 0.36069168895483017]
2026-04-21 11:18:32.434178 Sync done -> model run start
net_times: [[11.197, 0.178, 401408, 100352], [2.189, 0.156, 401408, 100352], [3.904, 0.173, 401408, 100352], [3.806, 0.176, 401408, 100352], [3.753, 0.174, 401408, 100352], [3.782, 0.177, 401408, 100352], [3.908, 0.173, 401408, 100352], [3.678, 0.179, 401408, 100352], [3.809, 0.179, 401408, 100352], [3.793, 0.177, 401408, 100352]]
echo 'race4fun' | sudo -S sh -c 'journalctl --since "2026-04-21 11:17:25.669454" --until "2026-04-21 11:18:32.434178" -k -o short-iso '| grep -i -E 'throttle|throttled|thermal|cpufreq|under-voltage|voltage'
