ALL SYNC
2026-04-21 11:16:24.540867 Sync done -> model run start
2026-04-21 11:16:24.540857 Sync done -> model run start
2026-04-21 11:16:24.540857 Sync done -> model run start
2026-04-21 11:16:24.540857 Sync done -> model run start
0 2.762 [0.5586871218401939, 0.5207593289669603, 0.5973694419953972, 0.5254596651066095, 0.5590523800347]
2 2.798 [0.5586870179977268, 0.5188126740977168, 0.6855005288962275, 0.5241833189502358, 0.5109269910026342]
3 2.848 [0.5586874869186431, 0.5215933339204639, 0.7335494600702077, 0.5283841781783849, 0.5059948859270662]
1 2.975 [0.5993985971435905, 0.5743893720209599, 0.6524645809549838, 0.6436127591878176, 0.5046012480743229]
2026-04-21 11:16:27.905936 Sync done -> model run start
2026-04-21 11:16:27.906838 Sync done -> model run start
2026-04-21 11:16:27.918633 Sync done -> model run start
2026-04-21 11:16:27.931662 Sync done -> model run start
0 2.53 [0.5042843748815358, 0.4941865708678961, 0.4911128911189735, 0.5122846919111907, 0.5280778780579567]
3 2.527 [0.5023827720433474, 0.49370563589036465, 0.49263418396003544, 0.5101920999586582, 0.5278986599296331]
2 2.614 [0.5361179860774428, 0.5065427988301963, 0.4925443409010768, 0.5633188660722226, 0.5155615468975157]
1 2.706 [0.5065988400019705, 0.4947931820061058, 0.49221017700619996, 0.5945016469340771, 0.6174964571837336]
2026-04-21 11:16:31.407904 Sync done -> model run start
2026-04-21 11:16:31.413370 Sync done -> model run start
2026-04-21 11:16:31.422730 Sync done -> model run start
2026-04-21 11:16:31.433973 Sync done -> model run start
0 2.519 [0.49829847319051623, 0.49210897902958095, 0.48852165695279837, 0.5160048780962825, 0.523522072006017]
1 2.655 [0.4991806030739099, 0.5373411038890481, 0.4890622270759195, 0.6127231009304523, 0.5163500839844346]
2 2.517 [0.4977126959711313, 0.49110580794513226, 0.4891999859828502, 0.5145716569386423, 0.5247071178164333]
3 2.644 [0.4999678391031921, 0.492654028814286, 0.4909369549714029, 0.5540841810870916, 0.6062897532247007]
2026-04-21 11:16:34.875056 Sync done -> model run start
2026-04-21 11:16:34.881819 Sync done -> model run start
2026-04-21 11:16:34.888720 Sync done -> model run start
2026-04-21 11:16:34.899368 Sync done -> model run start
0 2.513 [0.4989068030845374, 0.49010623106732965, 0.48906066408380866, 0.5087197131942958, 0.5261614841874689]
2 2.604 [0.49889560509473085, 0.5358642900828272, 0.4898953989613801, 0.54594068787992, 0.5330421722028404]
3 2.512 [0.49883399112150073, 0.49145997292362154, 0.49009971995837986, 0.507944457931444, 0.5236963939387351]
1 2.658 [0.4996809661388397, 0.490527322050184, 0.49013810604810715, 0.5798037149943411, 0.597606941126287]
2026-04-21 11:16:38.408860 Sync done -> model run start
2026-04-21 11:16:38.416167 Sync done -> model run start
2026-04-21 11:16:38.424988 Sync done -> model run start
2026-04-21 11:16:38.449680 Sync done -> model run start
0 2.536 [0.5027610510587692, 0.4906424260698259, 0.49196835490874946, 0.5214734899345785, 0.5290150600485504]
2 2.525 [0.5001065880060196, 0.49076664401218295, 0.49132252484560013, 0.5179521047975868, 0.5245642019435763]
1 2.701 [0.5006292399484664, 0.48957446310669184, 0.49085601791739464, 0.6123059161473066, 0.6074720900505781]
3 2.613 [0.4981664950028062, 0.5366924619302154, 0.4901035230141133, 0.5279841809533536, 0.5594451390206814]
2026-04-21 11:16:41.866571 Sync done -> model run start
2026-04-21 11:16:41.866571 Sync done -> model run start
2026-04-21 11:16:41.879083 Sync done -> model run start
2026-04-21 11:16:41.943755 Sync done -> model run start
2 2.566 [0.5166659159585834, 0.4986140448600054, 0.5019269410986453, 0.524628316052258, 0.524362119147554]
0 2.568 [0.5174945038743317, 0.5007499170023948, 0.5019261070992798, 0.5205156318843365, 0.5272714770399034]
3 2.642 [0.5054649929516017, 0.5064572258852422, 0.5404217629693449, 0.5234374890569597, 0.5657812978606671]
1 2.749 [0.5179006478283554, 0.5003282001707703, 0.5019261599518359, 0.6369522779714316, 0.5917423411738127]
2026-04-21 11:16:45.298976 Sync done -> model run start
2026-04-21 11:16:45.308847 Sync done -> model run start
2026-04-21 11:16:45.316811 Sync done -> model run start
2026-04-21 11:16:45.331977 Sync done -> model run start
0 2.519 [0.501305955927819, 0.48987774294801056, 0.4892156629357487, 0.5149183741305023, 0.5239411320071667]
1 2.591 [0.5012076229322702, 0.49016346991993487, 0.4889907680917531, 0.5185301229357719, 0.5917508818674833]
2 2.753 [0.5460284480359405, 0.4905747699085623, 0.5455888151191175, 0.625295836944133, 0.545142776099965]
3 2.516 [0.4990758129861206, 0.4898695661686361, 0.48888389486819506, 0.5177073159720749, 0.5202898518182337]
2026-04-21 11:16:48.784573 Sync done -> model run start
2026-04-21 11:16:48.787408 Sync done -> model run start
2026-04-21 11:16:48.801998 Sync done -> model run start
2026-04-21 11:16:48.812155 Sync done -> model run start
1 2.558 [0.5042409370653331, 0.4933156380429864, 0.49033701000735164, 0.5301254710648209, 0.539426663890481]
2 2.58 [0.5001776278950274, 0.4906667999457568, 0.4896099839825183, 0.5525730960071087, 0.5463820919394493]
0 2.574 [0.5014011110179126, 0.4924451750703156, 0.4894456621259451, 0.5233866560738534, 0.5674378511030227]
2026-04-21 11:16:52.284418 Sync done -> model run start
2026-04-21 11:16:52.284418 Sync done -> model run start
2026-04-21 11:16:52.296267 Sync done -> model run start
2026-04-21 11:16:52.311728 Sync done -> model run start
2 2.562 [0.507939820876345, 0.5005443459376693, 0.5003687730059028, 0.5290922471322119, 0.523912746924907]
1 2.651 [0.5114469879772514, 0.5034494840074331, 0.5020060548558831, 0.6090752580203116, 0.5244424319826066]
0 2.671 [0.5114469879772514, 0.5034532861318439, 0.5020058469381183, 0.5271300189197063, 0.6264191120862961]
3 2.658 [0.5535457460209727, 0.4971570740453899, 0.5281951690558344, 0.5633528761100024, 0.5159191489219666]
2026-04-21 11:16:55.726936 Sync done -> model run start
2026-04-21 11:16:55.732597 Sync done -> model run start
2026-04-21 11:16:55.746455 Sync done -> model run start
2026-04-21 11:16:55.758870 Sync done -> model run start
0 2.47 [0.5019311078358442, 0.4946394849102944, 0.4925894970074296, 0.49119721399620175, 0.4894873811863363]
1 2.474 [0.5033435991499573, 0.49577025906182826, 0.4937411048449576, 0.49072086182422936, 0.4902977920137346]
3 2.476 [0.5037258891388774, 0.49683290906250477, 0.4927355900872499, 0.49188642809167504, 0.49044440616853535]
2 2.588 [0.5094040317926556, 0.5505906080361456, 0.5031328708864748, 0.5428215400315821, 0.48168091708794236]
2026-04-21 11:16:58.405712 Sync done -> model run start
net_times: [[2.523, 0.0, 802816, 0], [0.002, 0.0, 802816, 0], [0.394, 0.0, 802816, 0], [0.405, 0.0, 802816, 0], [0.479, 0.0, 802816, 0], [0.355, 0.0, 802816, 0], [0.292, 0.0, 802816, 0], [0.312, 0.0, 802816, 0], [0.427, 0.0, 802816, 0], [0.351, 0.0, 802816, 0]]
echo 'race4fun' | sudo -S sh -c 'journalctl --since "2026-04-21 11:16:21.065220" --until "2026-04-21 11:16:58.405712" -k -o short-iso '| grep -i -E 'throttle|throttled|thermal|cpufreq|under-voltage|voltage'
