ALL SYNC
2026-04-21 11:17:32.120302 Sync done -> model run start
2026-04-21 11:17:32.120302 Sync done -> model run start
2026-04-21 11:17:32.120302 Sync done -> model run start
2026-04-21 11:17:32.120305 Sync done -> model run start
1 0.123 [0.03815025696530938, 0.026759397936984897, 0.01852929894812405, 0.018687058007344604, 0.02029949496500194]
2 0.123 [0.038150464883074164, 0.02618726692162454, 0.019251324934884906, 0.02057053497992456, 0.01857310114428401]
0 0.122 [0.038820772897452116, 0.02608018391765654, 0.018388050142675638, 0.01881799497641623, 0.01949210511520505]
3 0.172 [0.050069913966581225, 0.07062034495174885, 0.023651034105569124, 0.014677814906463027, 0.012565955054014921]
2026-04-21 11:17:37.684497 Sync done -> model run start
2026-04-21 11:17:37.737485 Sync done -> model run start
2026-04-21 11:17:37.819429 Sync done -> model run start
2026-04-21 11:17:37.882782 Sync done -> model run start
1 0.085 [0.019859028980135918, 0.024789254879578948, 0.014508025022223592, 0.01253657997585833, 0.013402616139501333]
0 0.074 [0.021277664927765727, 0.01650545885786414, 0.011332368943840265, 0.012435956159606576, 0.011919032083824277]
2 0.063 [0.02126297797076404, 0.016999048879370093, 0.008892126148566604, 0.007807186106219888, 0.007613593013957143]
3 0.05 [0.0173265989869833, 0.011273931944742799, 0.007005159975960851, 0.006910369032993913, 0.007110001984983683]
2026-04-21 11:17:43.686265 Sync done -> model run start
2026-04-21 11:17:43.739367 Sync done -> model run start
2026-04-21 11:17:43.820401 Sync done -> model run start
2026-04-21 11:17:43.896727 Sync done -> model run start
0 0.08 [0.024187593022361398, 0.01685420610010624, 0.011933928122743964, 0.01342574111185968, 0.01312725292518735]
1 0.098 [0.02838110621087253, 0.018904035910964012, 0.013471834128722548, 0.020344285992905498, 0.01645847992040217]
2 0.076 [0.030100572854280472, 0.01897658803500235, 0.011798720108345151, 0.0075557290110737085, 0.007650572108104825]
3 0.053 [0.018899661023169756, 0.012141583021730185, 0.007888175081461668, 0.006949014030396938, 0.006977139040827751]
2026-04-21 11:17:49.701316 Sync done -> model run start
2026-04-21 11:17:49.758850 Sync done -> model run start
2026-04-21 11:17:49.836880 Sync done -> model run start
2026-04-21 11:17:49.917187 Sync done -> model run start
0 0.081 [0.02175370417535305, 0.018203780986368656, 0.011512940982356668, 0.013466313015669584, 0.0161087429150939]
1 0.091 [0.026707784039899707, 0.02353973314166069, 0.012905691983178258, 0.013230584794655442, 0.013826049864292145]
2 0.068 [0.02120261383242905, 0.017856856109574437, 0.010241959942504764, 0.009924098150804639, 0.007774946046993136]
3 0.045 [0.013345376122742891, 0.011078724870458245, 0.007055002963170409, 0.006912504089996219, 0.006881931098178029]
2026-04-21 11:17:55.735107 Sync done -> model run start
2026-04-21 11:17:55.776079 Sync done -> model run start
2026-04-21 11:17:55.836397 Sync done -> model run start
2026-04-21 11:17:55.911236 Sync done -> model run start
0 0.092 [0.025437898002564907, 0.0184401860460639, 0.021288550924509764, 0.013085691025480628, 0.013696675887331367]
1 0.111 [0.04446047404780984, 0.02182391216047108, 0.016838425071910024, 0.014588908990845084, 0.012635536957532167]
2 0.101 [0.0465842098928988, 0.02284578001126647, 0.012152052018791437, 0.010349303018301725, 0.008674210868775845]
3 0.061 [0.02207891014404595, 0.013446990167722106, 0.008962959051132202, 0.008943479973822832, 0.0068165159318596125]
2026-04-21 11:18:01.743347 Sync done -> model run start
2026-04-21 11:18:01.802888 Sync done -> model run start
2026-04-21 11:18:01.871106 Sync done -> model run start
2026-04-21 11:18:01.959834 Sync done -> model run start
0 0.079 [0.020314808003604412, 0.018912994069978595, 0.011573512805625796, 0.012171790935099125, 0.015573121840134263]
1 0.103 [0.026759607018902898, 0.022008754080161452, 0.013621103018522263, 0.015926870051771402, 0.024338581832125783]
2 0.076 [0.02176386001519859, 0.019765749108046293, 0.01288017095066607, 0.012208926025778055, 0.009318060940131545]
3 0.045 [0.012757308082655072, 0.0108430499676615, 0.0069734929129481316, 0.0070993779227137566, 0.007012086920440197]
2026-04-21 11:18:07.802104 Sync done -> model run start
2026-04-21 11:18:07.855961 Sync done -> model run start
2026-04-21 11:18:07.938802 Sync done -> model run start
2026-04-21 11:18:08.027289 Sync done -> model run start
0 0.079 [0.024421863025054336, 0.01698644505813718, 0.011812938842922449, 0.013009649002924562, 0.0130287641659379]
2 0.076 [0.023739211028441787, 0.01583713013678789, 0.014269797131419182, 0.013840529834851623, 0.007823280058801174]
3 0.048 [0.015273957047611475, 0.010925393085926771, 0.007871872978284955, 0.006868493976071477, 0.006899951957166195]
1 0.083 [0.028206679970026016, 0.020569910993799567, 0.013701312011107802, 0.011185234878212214, 0.009028011001646519]
2026-04-21 11:18:13.817609 Sync done -> model run start
2026-04-21 11:18:13.873638 Sync done -> model run start
2026-04-21 11:18:13.956037 Sync done -> model run start
2026-04-21 11:18:14.025278 Sync done -> model run start
0 0.074 [0.021003657020628452, 0.01755915000103414, 0.010608729207888246, 0.01224017608910799, 0.012598403031006455]
1 0.088 [0.02095011598430574, 0.024701392045244575, 0.014369692886248231, 0.013474124949425459, 0.01405047602020204]
2 0.066 [0.02196042099967599, 0.017481130082160234, 0.009994773892685771, 0.00783208105713129, 0.007861456135287881]
3 0.049 [0.016598792048171163, 0.01076831086538732, 0.0070615659933537245, 0.007116253022104502, 0.007372761145234108]
2026-04-21 11:18:19.859075 Sync done -> model run start
2026-04-21 11:18:19.915022 Sync done -> model run start
2026-04-21 11:18:19.989670 Sync done -> model run start
2026-04-21 11:18:20.073981 Sync done -> model run start
1 0.103 [0.034687522100284696, 0.023250047815963626, 0.0147100028116256, 0.015124062076210976, 0.015088177053257823]
0 0.087 [0.02429613401181996, 0.017629565903916955, 0.0137777179479599, 0.014691878110170364, 0.015962650999426842]
2 0.082 [0.032837638165801764, 0.017691128188744187, 0.013496104162186384, 0.01012133713811636, 0.0075071880128234625]
3 0.052 [0.01889122393913567, 0.010837790090590715, 0.00791234103962779, 0.006988963112235069, 0.006940681952983141]
2026-04-21 11:18:25.900399 Sync done -> model run start
2026-04-21 11:18:25.960062 Sync done -> model run start
2026-04-21 11:18:26.031965 Sync done -> model run start
2026-04-21 11:18:26.114253 Sync done -> model run start
1 0.096 [0.02545987698249519, 0.024036345072090626, 0.018557423958554864, 0.013676885049790144, 0.013830478070303798]
0 0.078 [0.021656099939718843, 0.01830914500169456, 0.011042008176445961, 0.012483560014516115, 0.014403494074940681]
2 0.076 [0.023818116867914796, 0.020457932027056813, 0.013191679958254099, 0.010815341956913471, 0.007626144913956523]
3 0.047 [0.014711929950863123, 0.01077643595635891, 0.007100315997377038, 0.007140888134017587, 0.006960107944905758]
2026-04-21 11:18:27.576578 Sync done -> model run start
net_times: [[5.732, 1.377, 3211264, 802816], [3.791, 1.3, 3211264, 802816], [4.243, 1.336, 3211264, 802816], [4.187, 1.336, 3211264, 802816], [4.229, 1.331, 3211264, 802816], [4.234, 1.325, 3211264, 802816], [4.249, 1.344, 3211264, 802816], [4.165, 1.323, 3211264, 802816], [4.267, 1.333, 3211264, 802816], [4.222, 1.327, 3211264, 802816]]
echo 'race4fun' | sudo -S sh -c 'journalctl --since "2026-04-21 11:17:25.667695" --until "2026-04-21 11:18:27.576578" -k -o short-iso '| grep -i -E 'throttle|throttled|thermal|cpufreq|under-voltage|voltage'
