ALL SYNC
2026-04-21 11:17:40.155481 Sync done -> model run start
2026-04-21 11:17:40.155482 Sync done -> model run start
2026-04-21 11:17:40.155481 Sync done -> model run start
2026-04-21 11:17:40.155486 Sync done -> model run start
1 0.04 [0.03290579211898148, 0.0020077999215573072, 0.0016998851206153631, 0.0017754060681909323, 0.0016373340040445328]
0 0.04 [0.03290610504336655, 0.001983945956453681, 0.0017195739783346653, 0.0017755110748112202, 0.0016369170043617487]
2 0.04 [0.03290735511109233, 0.0019837901927530766, 0.0017260320018976927, 0.001774677075445652, 0.0016372818499803543]
3 0.043 [0.03557410999201238, 0.002108998131006956, 0.0020899358205497265, 0.0012650969438254833, 0.0015845219604671001]
2026-04-21 11:17:44.115671 Sync done -> model run start
2026-04-21 11:17:44.119766 Sync done -> model run start
2026-04-21 11:17:44.135694 Sync done -> model run start
2026-04-21 11:17:44.141645 Sync done -> model run start
2 0.011 [0.005559863056987524, 0.0016135841142386198, 0.0011749931145459414, 0.001468585105612874, 0.0013852519914507866]
0 0.008 [0.0035726348869502544, 0.0011237428989261389, 0.0009381710551679134, 0.0008786399848759174, 0.0008800989016890526]
1 0.011 [0.004852938931435347, 0.00147733511403203, 0.0013966069091111422, 0.0015850421041250229, 0.0018104580231010914]
3 0.006 [0.0035827390383929014, 0.0008274430874735117, 0.0006798910908401012, 0.0006229130085557699, 0.0005959339905530214]
2026-04-21 11:17:50.268976 Sync done -> model run start
2026-04-21 11:17:50.268976 Sync done -> model run start
2026-04-21 11:17:50.268976 Sync done -> model run start
2026-04-21 11:17:50.273852 Sync done -> model run start
2 0.012 [0.00523767713457346, 0.0018535309936851263, 0.0018383741844445467, 0.0016706669703125954, 0.0016861881595104933]
0 0.012 [0.005237625213339925, 0.001854156143963337, 0.001825458137318492, 0.00167946913279593, 0.0016862398479133844]
1 0.013 [0.005237625213339925, 0.0018536869902163744, 0.0018255100585520267, 0.0016794688999652863, 0.001686292001977563]
3 0.012 [0.006818189052864909, 0.0016179068479686975, 0.0015139500610530376, 0.0012358261737972498, 0.0008273390121757984]
2026-04-21 11:17:56.323047 Sync done -> model run start
2026-04-21 11:17:56.324237 Sync done -> model run start
2026-04-21 11:17:56.328582 Sync done -> model run start
2026-04-21 11:17:56.330104 Sync done -> model run start
0 0.015 [0.007079489063471556, 0.002159831114113331, 0.0020043631084263325, 0.0018380619585514069, 0.0017546771559864283]
1 0.016 [0.007122353184968233, 0.0022947259712964296, 0.001907123951241374, 0.002172383014112711, 0.0018929049838334322]
2 0.015 [0.007291154004633427, 0.00192363397218287, 0.0018333219923079014, 0.0018828010652214289, 0.0018541039898991585]
3 0.015 [0.007679432863369584, 0.0020442060194909573, 0.0018470198847353458, 0.0018539989832788706, 0.0015843140427023172]
2026-04-21 11:18:02.297718 Sync done -> model run start
2026-04-21 11:18:02.298827 Sync done -> model run start
2026-04-21 11:18:02.301324 Sync done -> model run start
2026-04-21 11:18:02.305378 Sync done -> model run start
0 0.015 [0.007201883010566235, 0.0019447279628366232, 0.0021058209240436554, 0.0018582700286060572, 0.0019188430160284042]
1 0.016 [0.006997771095484495, 0.0020764449145644903, 0.0021932160016149282, 0.0021057678386569023, 0.0020241541787981987]
2 0.015 [0.00725302891805768, 0.0021652989089488983, 0.0018771239556372166, 0.001791187096387148, 0.0019156660418957472]
3 0.015 [0.007840994978323579, 0.0019414981361478567, 0.0019547799602150917, 0.001586240017786622, 0.0013743671588599682]
2026-04-21 11:18:08.353855 Sync done -> model run start
2026-04-21 11:18:08.353850 Sync done -> model run start
2026-04-21 11:18:08.357665 Sync done -> model run start
2026-04-21 11:18:08.360027 Sync done -> model run start
0 0.013 [0.005556998075917363, 0.0018370728939771652, 0.001666707918047905, 0.0016073340084403753, 0.0016167608555406332]
2 0.013 [0.006573503138497472, 0.0019260819535702467, 0.0014569710474461317, 0.0016968639101833105, 0.001062024850398302]
1 0.013 [0.005546425003558397, 0.0018387390300631523, 0.001666083000600338, 0.0016073340084403753, 0.0016165000852197409]
3 0.012 [0.006574440049007535, 0.001805666135624051, 0.0014735849108546972, 0.0009834319353103638, 0.0009311919566243887]
2026-04-21 11:18:14.475391 Sync done -> model run start
2026-04-21 11:18:14.475395 Sync done -> model run start
2026-04-21 11:18:14.481666 Sync done -> model run start
2026-04-21 11:18:14.483472 Sync done -> model run start
1 0.016 [0.0070710519794374704, 0.002231392078101635, 0.0021085289772599936, 0.0020376958418637514, 0.0018573838751763105]
0 0.016 [0.007071936968713999, 0.002226809971034527, 0.002108529210090637, 0.0020376958418637514, 0.0018572290427982807]
2 0.015 [0.008330782875418663, 0.0019445200450718403, 0.001958998152986169, 0.0017249379307031631, 0.0011141079012304544]
3 0.015 [0.008000212954357266, 0.0020906119607388973, 0.0016813972033560276, 0.0011140031274408102, 0.0013682730495929718]
2026-04-21 11:18:20.425502 Sync done -> model run start
2026-04-21 11:18:20.427039 Sync done -> model run start
2026-04-21 11:18:20.431570 Sync done -> model run start
2026-04-21 11:18:20.432873 Sync done -> model run start
0 0.016 [0.007490372052416205, 0.002078528981655836, 0.0020394150633364916, 0.001934780040755868, 0.0021188410464674234]
1 0.016 [0.007898129988461733, 0.0022513410076498985, 0.0019000410102307796, 0.002121184952557087, 0.0019817070569843054]
2 0.016 [0.008051410084590316, 0.002117748139426112, 0.001922435825690627, 0.0018882181029766798, 0.0017246250063180923]
3 0.016 [0.008323284098878503, 0.0021183721255511045, 0.0022261841222643852, 0.0016537399496883154, 0.001055201981216669]
2026-04-21 11:18:26.464300 Sync done -> model run start
2026-04-21 11:18:26.465202 Sync done -> model run start
2026-04-21 11:18:26.468543 Sync done -> model run start
2026-04-21 11:18:26.491738 Sync done -> model run start
1 0.014 [0.006629907991737127, 0.0021148829255253077, 0.0017974891234189272, 0.0017303021159023046, 0.0018758219666779041]
0 0.016 [0.007041936973109841, 0.00204946706071496, 0.001826395047828555, 0.002294674050062895, 0.002037228085100651]
2 0.015 [0.007195997983217239, 0.0019671230111271143, 0.0018951969686895609, 0.0018244159873574972, 0.0020818619523197412]
3 0.006 [0.0029660239815711975, 0.0008709849789738655, 0.0006678609643131495, 0.0006192149594426155, 0.0006484340410679579]
2026-04-21 11:18:32.488517 Sync done -> model run start
2026-04-21 11:18:32.489806 Sync done -> model run start
2026-04-21 11:18:32.495285 Sync done -> model run start
2026-04-21 11:18:32.515379 Sync done -> model run start
0 0.012 [0.0056802271865308285, 0.001512282993644476, 0.0014767099637538195, 0.0015200960915535688, 0.0019224879797548056]
1 0.012 [0.0056099670473486185, 0.0016811878886073828, 0.001519105164334178, 0.0019221240654587746, 0.0014780121855437756]
3 0.011 [0.0064229818526655436, 0.001451763091608882, 0.0014376998879015446, 0.000969212967902422, 0.0007991089951246977]
2 0.006 [0.0029230029322206974, 0.0008395260665565729, 0.000674630980938673, 0.0006222359370440245, 0.0013269190676510334]
2026-04-21 11:18:32.587558 Sync done -> model run start
net_times: [[14.026, 0.0, 100352, 0], [3.779, 0.0, 100352, 0], [5.943, 0.0, 100352, 0], [5.867, 0.0, 100352, 0], [5.777, 0.0, 100352, 0], [5.858, 0.0, 100352, 0], [5.942, 0.0, 100352, 0], [5.76, 0.0, 100352, 0], [5.846, 0.0, 100352, 0], [5.819, 0.0, 100352, 0]]
echo 'race4fun' | sudo -S sh -c 'journalctl --since "2026-04-21 11:17:25.662371" --until "2026-04-21 11:18:32.587558" -k -o short-iso '| grep -i -E 'throttle|throttled|thermal|cpufreq|under-voltage|voltage'
