ALL SYNC
2026-04-21 11:16:20.464223 Sync done -> model run start
2026-04-21 11:16:20.464266 Sync done -> model run start
2026-04-21 11:16:20.464223 Sync done -> model run start
2026-04-21 11:16:20.464240 Sync done -> model run start
2 1.706 [0.39626124198548496, 0.34354879381135106, 0.3287798960227519, 0.31965972296893597, 0.31747488793917]
3 1.714 [0.39582218090072274, 0.3420762491878122, 0.3289622899610549, 0.32454241206869483, 0.3221772650722414]
0 1.746 [0.3985309212002903, 0.3511655351612717, 0.34340145206078887, 0.32744042202830315, 0.32557985605672]
1 1.81 [0.4317302689887583, 0.3529278729110956, 0.3473933630157262, 0.3827944719232619, 0.2945924778468907]
2026-04-21 11:16:23.708082 Sync done -> model run start
2026-04-21 11:16:23.718971 Sync done -> model run start
2026-04-21 11:16:23.718892 Sync done -> model run start
2026-04-21 11:16:23.743710 Sync done -> model run start
1 1.585 [0.3394895400851965, 0.3317754559684545, 0.3091947641223669, 0.3027465601917356, 0.3018267201259732]
2 1.602 [0.3438187928404659, 0.3313336868304759, 0.31402359902858734, 0.3062430052086711, 0.30677795107476413]
3 1.601 [0.3495655420701951, 0.32907239301130176, 0.3096700750757009, 0.30386889982037246, 0.30869216192513704]
0 1.657 [0.3438188969157636, 0.38409472815692425, 0.31167886801995337, 0.3072754479944706, 0.3100918438285589]
2026-04-21 11:16:27.735394 Sync done -> model run start
2026-04-21 11:16:27.741861 Sync done -> model run start
2026-04-21 11:16:27.747973 Sync done -> model run start
2026-04-21 11:16:27.756289 Sync done -> model run start
0 1.63 [0.33957578986883163, 0.3310575420036912, 0.3409114091191441, 0.31019002106040716, 0.3082399240229279]
2 1.643 [0.33763350499793887, 0.33349560596980155, 0.34258702700026333, 0.3128167800605297, 0.31599270505830646]
3 1.665 [0.3423006220255047, 0.33418143610469997, 0.3609027359634638, 0.3083196629304439, 0.31943394197151065]
1 1.752 [0.38952178903855383, 0.3411996369250119, 0.36639927700161934, 0.3629656450357288, 0.2919495718088001]
2026-04-21 11:16:31.215265 Sync done -> model run start
2026-04-21 11:16:31.220325 Sync done -> model run start
2026-04-21 11:16:31.231950 Sync done -> model run start
2026-04-21 11:16:31.237904 Sync done -> model run start
0 1.606 [0.3436934289056808, 0.33258529589511454, 0.31139345304109156, 0.31031053978949785, 0.3082007060293108]
1 1.612 [0.3432157749775797, 0.33403659192845225, 0.3134354241192341, 0.3102454880718142, 0.31040225899778306]
2 1.715 [0.3993546669371426, 0.3501222061458975, 0.31423333706334233, 0.3112325679976493, 0.33960839407518506]
2026-04-21 11:16:34.681306 Sync done -> model run start
2026-04-21 11:16:34.686480 Sync done -> model run start
2026-04-21 11:16:34.694294 Sync done -> model run start
2026-04-21 11:16:34.701906 Sync done -> model run start
0 1.716 [0.34519972605630755, 0.3489722099620849, 0.3351658070459962, 0.338515741052106, 0.34749247692525387]
1 1.71 [0.3461347729898989, 0.3441420728340745, 0.33534955605864525, 0.3373361099511385, 0.3468561249319464]
3 1.75 [0.3539698470849544, 0.34945731214247644, 0.3428583280183375, 0.3465440939180553, 0.35733915609307587]
2 1.804 [0.34665992693044245, 0.40032862103544176, 0.335245962953195, 0.33770095300860703, 0.38335098000243306]
2026-04-21 11:16:38.238004 Sync done -> model run start
2026-04-21 11:16:38.243499 Sync done -> model run start
2026-04-21 11:16:38.250926 Sync done -> model run start
2026-04-21 11:16:38.259234 Sync done -> model run start
0 1.625 [0.3413356780074537, 0.3319371738471091, 0.32345606107264757, 0.31779978098347783, 0.3106399141252041]
1 1.643 [0.3453075890429318, 0.3343829968944192, 0.3244035569950938, 0.32039081305265427, 0.31870118412189186]
3 1.652 [0.351284648058936, 0.3358661159873009, 0.32718698401004076, 0.32005800190381706, 0.3170934298541397]
2 1.689 [0.3445972800254822, 0.39072902384214103, 0.32181179616600275, 0.3143078158609569, 0.31738644908182323]
2026-04-21 11:16:41.682898 Sync done -> model run start
2026-04-21 11:16:41.685848 Sync done -> model run start
2026-04-21 11:16:41.696337 Sync done -> model run start
2026-04-21 11:16:41.710083 Sync done -> model run start
0 1.597 [0.33925901888869703, 0.3362844481598586, 0.31043131998740137, 0.3051528518553823, 0.3060354001354426]
2 1.599 [0.34351155417971313, 0.3384083460550755, 0.30523373698815703, 0.3041122311260551, 0.3076731550972909]
3 1.603 [0.3472669559996575, 0.3382644918747246, 0.3059310270473361, 0.3017880741972476, 0.30981309385970235]
1 1.653 [0.3415384888648987, 0.34428842598572373, 0.34727013297379017, 0.30564576713368297, 0.31365386000834405]
2026-04-21 11:16:45.105061 Sync done -> model run start
2026-04-21 11:16:45.113619 Sync done -> model run start
2026-04-21 11:16:45.121656 Sync done -> model run start
2026-04-21 11:16:45.129151 Sync done -> model run start
0 1.607 [0.3381980850826949, 0.3294117141049355, 0.30972059397026896, 0.31817962299101055, 0.3115589199587703]
1 1.607 [0.33844506391324103, 0.32911265292204916, 0.3109311100561172, 0.3157794768922031, 0.3128528210800141]
2 1.615 [0.3414626040030271, 0.32888489309698343, 0.3107302780263126, 0.31697983597405255, 0.3165858269203454]
3 1.673 [0.34721284196712077, 0.3301867628470063, 0.3796364110894501, 0.32156955706886947, 0.29452482098713517]
2026-04-21 11:16:48.616732 Sync done -> model run start
2026-04-21 11:16:48.616732 Sync done -> model run start
2026-04-21 11:16:48.626555 Sync done -> model run start
2026-04-21 11:16:48.647816 Sync done -> model run start
0 1.656 [0.3431555659044534, 0.33876881189644337, 0.32674937997944653, 0.32282799016684294, 0.324738971889019]
1 1.66 [0.34315530583262444, 0.3387688649818301, 0.3283061971887946, 0.32302538491785526, 0.3265733909793198]
2 1.685 [0.3498271538410336, 0.34653487615287304, 0.3345375789795071, 0.3231364272069186, 0.3311167589854449]
3 1.72 [0.3537257839925587, 0.3439148848410696, 0.3516559489071369, 0.3709921739064157, 0.29997828882187605]
2026-04-21 11:16:52.088922 Sync done -> model run start
2026-04-21 11:16:52.091978 Sync done -> model run start
2026-04-21 11:16:52.100922 Sync done -> model run start
2026-04-21 11:16:52.110474 Sync done -> model run start
1 1.574 [0.3324735250789672, 0.32443761895410717, 0.3043562399689108, 0.30294853704981506, 0.30919544002972543]
2 1.579 [0.33519507688470185, 0.3242389739025384, 0.30547253717668355, 0.3064848259091377, 0.307742060162127]
3 1.587 [0.33646553894504905, 0.32621214305981994, 0.30625420110300183, 0.30601284792646766, 0.31180881382897496]
0 1.675 [0.38242822187021375, 0.32406772393733263, 0.3040928558912128, 0.3651716241147369, 0.2990372509229928]
2026-04-21 11:16:55.447517 Sync done -> model run start
net_times: [[0.0, 1.246, 0, 802816], [0.0, 2.152, 0, 802816], [0.0, 1.555, 0, 802816], [0.0, 1.567, 0, 802816], [0.0, 1.558, 0, 802816], [0.0, 1.573, 0, 802816], [0.0, 1.594, 0, 802816], [0.0, 1.612, 0, 802816], [0.0, 1.557, 0, 802816], [0.0, 1.599, 0, 802816]]
echo 'race4fun' | sudo -S sh -c 'journalctl --since "2026-04-21 11:16:20.046475" --until "2026-04-21 11:16:55.447517" -k -o short-iso '| grep -i -E 'throttle|throttled|thermal|cpufreq|under-voltage|voltage'
