ALL SYNC
2026-04-21 07:13:40.743229 Sync done -> model run start
2026-04-21 07:13:40.743229 Sync done -> model run start
2026-04-21 07:13:40.743229 Sync done -> model run start
2026-04-21 07:13:40.746668 Sync done -> model run start
2 0.021 [0.02105341712012887]
3 0.026 [0.025569016812369227]
0 0.026 [0.02556854789145291]
1 0.026 [0.025569119956344366]
2026-04-21 07:13:41.580559 Sync done -> model run start
2026-04-21 07:13:41.590631 Sync done -> model run start
2026-04-21 07:13:41.599827 Sync done -> model run start
2026-04-21 07:13:41.608971 Sync done -> model run start
0 0.005 [0.0050052308943122625]
1 0.006 [0.005387415876612067]
2 0.004 [0.003489562077447772]
3 0.003 [0.002908211899921298]
2026-04-21 07:13:45.156034 Sync done -> model run start
2026-04-21 07:13:45.162906 Sync done -> model run start
2026-04-21 07:13:45.170889 Sync done -> model run start
2026-04-21 07:13:45.179678 Sync done -> model run start
1 0.005 [0.0051912718918174505]
0 0.006 [0.006056579062715173]
2 0.004 [0.004147839965298772]
3 0.003 [0.002983628073707223]
2026-04-21 07:13:48.812771 Sync done -> model run start
2026-04-21 07:13:48.822927 Sync done -> model run start
2026-04-21 07:13:48.833019 Sync done -> model run start
2026-04-21 07:13:48.839528 Sync done -> model run start
0 0.006 [0.0052893441170454025]
1 0.005 [0.004347735084593296]
2 0.004 [0.004129976034164429]
3 0.003 [0.003008888103067875]
2026-04-21 07:13:52.516463 Sync done -> model run start
2026-04-21 07:13:52.521894 Sync done -> model run start
2026-04-21 07:13:52.530737 Sync done -> model run start
2026-04-21 07:13:52.540816 Sync done -> model run start
0 0.006 [0.006009079050272703]
1 0.006 [0.005845695035532117]
2 0.005 [0.004380234982818365]
3 0.003 [0.0029910760931670666]
2026-04-21 07:13:52.608824 Sync done -> model run start
net_times: [[46.134, 0.0, 2420736, 0], [0.639, 0.0, 2420736, 0], [3.389, 0.0, 2420736, 0], [3.453, 0.0, 2420736, 0], [3.504, 0.0, 2420736, 0]]
echo 'race4fun' | sudo -S sh -c 'journalctl --since "2026-04-21 07:12:54.144064" --until "2026-04-21 07:13:52.608824" -k -o short-iso '| grep -i -E 'throttle|throttled|thermal|cpufreq|under-voltage|voltage'
