ALL SYNC
2026-04-21 07:13:34.077032 Sync done -> model run start
2026-04-21 07:13:34.077037 Sync done -> model run start
2026-04-21 07:13:34.077032 Sync done -> model run start
2026-04-21 07:13:34.104186 Sync done -> model run start
1 1.058 [1.057975142961368]
2 1.06 [1.059946957975626]
3 1.062 [1.0622580430936068]
0 1.078 [1.0782957440242171]
2026-04-21 07:13:40.661983 Sync done -> model run start
2026-04-21 07:13:40.710925 Sync done -> model run start
2026-04-21 07:13:40.714442 Sync done -> model run start
2026-04-21 07:13:40.753099 Sync done -> model run start
2 0.609 [0.6091946680098772]
1 0.607 [0.6067367610521615]
0 0.633 [0.6328888519201428]
3 0.609 [0.6086374830920249]
2026-04-21 07:13:44.272324 Sync done -> model run start
2026-04-21 07:13:44.292557 Sync done -> model run start
2026-04-21 07:13:44.307851 Sync done -> model run start
2026-04-21 07:13:44.331840 Sync done -> model run start
0 0.603 [0.6023571931291372]
1 0.6 [0.5995585059281439]
2 0.603 [0.6032445339951664]
3 0.6 [0.6001199102029204]
2026-04-21 07:13:47.888144 Sync done -> model run start
2026-04-21 07:13:47.908384 Sync done -> model run start
2026-04-21 07:13:47.930123 Sync done -> model run start
2026-04-21 07:13:47.948294 Sync done -> model run start
0 0.598 [0.5980015841778368]
1 0.603 [0.6027715150266886]
2 0.598 [0.5980382510460913]
3 0.599 [0.5987991851288825]
2026-04-21 07:13:51.604382 Sync done -> model run start
2026-04-21 07:13:51.620829 Sync done -> model run start
2026-04-21 07:13:51.642362 Sync done -> model run start
2026-04-21 07:13:51.667721 Sync done -> model run start
0 0.601 [0.600794177968055]
1 0.608 [0.6074466530699283]
2 0.617 [0.6168461490888149]
3 0.61 [0.6102111740037799]
2026-04-21 07:13:52.459915 Sync done -> model run start
net_times: [[39.136, 5.008, 4841472, 2252488], [0.034, 0.081, 4841472, 2375], [2.459, 0.078, 4841472, 2375], [2.508, 0.095, 4841472, 2375], [2.555, 0.08, 4841472, 2375]]
echo 'race4fun' | sudo -S sh -c 'journalctl --since "2026-04-21 07:12:54.140580" --until "2026-04-21 07:13:52.459915" -k -o short-iso '| grep -i -E 'throttle|throttled|thermal|cpufreq|under-voltage|voltage'
