ALL SYNC
2026-04-21 07:13:21.497037 Sync done -> model run start
2026-04-21 07:13:21.497036 Sync done -> model run start
2026-04-21 07:13:21.497041 Sync done -> model run start
2026-04-21 07:13:21.517067 Sync done -> model run start
2 2.435 [2.4350013548973948]
0 2.455 [2.4550674210768193]
1 2.47 [2.4694225199054927]
3 2.567 [2.566840518033132]
2026-04-21 07:13:34.185132 Sync done -> model run start
2026-04-21 07:13:34.209852 Sync done -> model run start
2026-04-21 07:13:34.232486 Sync done -> model run start
2026-04-21 07:13:34.237600 Sync done -> model run start
1 2.351 [2.350299451034516]
2 2.338 [2.3374238770920783]
3 2.358 [2.357866295846179]
0 2.434 [2.4336725561879575]
2026-04-21 07:13:41.255395 Sync done -> model run start
2026-04-21 07:13:41.282269 Sync done -> model run start
2026-04-21 07:13:41.290006 Sync done -> model run start
2026-04-21 07:13:41.294739 Sync done -> model run start
1 2.35 [2.3495345048140734]
2 2.353 [2.3531309489626437]
3 2.36 [2.3603459720034152]
0 2.443 [2.443232882069424]
2026-04-21 07:13:44.869622 Sync done -> model run start
2026-04-21 07:13:44.892300 Sync done -> model run start
2026-04-21 07:13:44.928896 Sync done -> model run start
2026-04-21 07:13:44.961765 Sync done -> model run start
0 2.328 [2.3281602659262717]
1 2.323 [2.3233252339996397]
3 2.328 [2.327678028959781]
2 2.398 [2.3980011858511716]
2026-04-21 07:13:48.496499 Sync done -> model run start
2026-04-21 07:13:48.526878 Sync done -> model run start
2026-04-21 07:13:48.559747 Sync done -> model run start
2026-04-21 07:13:48.575284 Sync done -> model run start
1 2.365 [2.3646087150555104]
0 2.355 [2.354894065996632]
3 2.387 [2.3865498770028353]
2 2.445 [2.4444004809483886]
2026-04-21 07:13:51.327375 Sync done -> model run start
net_times: [[25.477, 9.124, 4841472, 4507245], [0.029, 3.61, 4841472, 4735], [0.025, 0.179, 4841472, 4735], [0.024, 0.166, 4841472, 4735], [0.026, 0.178, 4841472, 4735]]
echo 'race4fun' | sudo -S sh -c 'journalctl --since "2026-04-21 07:12:54.143252" --until "2026-04-21 07:13:51.327375" -k -o short-iso '| grep -i -E 'throttle|throttled|thermal|cpufreq|under-voltage|voltage'
