ALL SYNC
2026-04-21 07:13:08.140482 Sync done -> model run start
2026-04-21 07:13:08.140482 Sync done -> model run start
2026-04-21 07:13:08.143593 Sync done -> model run start
2026-04-21 07:13:08.158318 Sync done -> model run start
1 2.22 [2.2197994119487703]
3 2.22 [2.2202985240146518]
2 2.233 [2.2326536851469427]
0 2.306 [2.3060267430264503]
2026-04-21 07:13:20.473056 Sync done -> model run start
2026-04-21 07:13:20.496162 Sync done -> model run start
2026-04-21 07:13:20.521182 Sync done -> model run start
2026-04-21 07:13:20.526572 Sync done -> model run start
0 2.118 [2.1175257281865925]
2 2.11 [2.109389073913917]
1 2.182 [2.182144793914631]
3 2.119 [2.1188270188868046]
2026-04-21 07:13:34.249880 Sync done -> model run start
2026-04-21 07:13:34.267913 Sync done -> model run start
2026-04-21 07:13:34.290767 Sync done -> model run start
2026-04-21 07:13:34.291230 Sync done -> model run start
0 2.114 [2.113350947853178]
2 2.12 [2.1201226129196584]
3 2.127 [2.1268011529464275]
1 2.224 [2.2235250170342624]
2026-04-21 07:13:41.227303 Sync done -> model run start
2026-04-21 07:13:41.249960 Sync done -> model run start
2026-04-21 07:13:41.258991 Sync done -> model run start
2026-04-21 07:13:41.327296 Sync done -> model run start
0 2.108 [2.107957516098395]
1 2.113 [2.112482271855697]
2 2.119 [2.118642847985029]
3 2.196 [2.1963622798211873]
2026-04-21 07:13:44.933871 Sync done -> model run start
2026-04-21 07:13:44.939673 Sync done -> model run start
2026-04-21 07:13:44.966371 Sync done -> model run start
2026-04-21 07:13:44.972503 Sync done -> model run start
2 2.148 [2.1479799130465835]
0 2.156 [2.1562643779907376]
3 2.167 [2.166739451000467]
1 2.286 [2.2858521991875023]
2026-04-21 07:13:47.709348 Sync done -> model run start
net_times: [[12.22, 9.07, 4841472, 4523527], [0.047, 10.584, 4841472, 4735], [0.049, 3.835, 4841472, 4735], [0.024, 0.458, 4841472, 4735], [0.025, 0.341, 4841472, 4735]]
echo 'race4fun' | sudo -S sh -c 'journalctl --since "2026-04-21 07:12:54.141225" --until "2026-04-21 07:13:47.709348" -k -o short-iso '| grep -i -E 'throttle|throttled|thermal|cpufreq|under-voltage|voltage'
