ALL SYNC
2026-04-21 07:11:43.003183 Sync done -> model run start
2026-04-21 07:11:43.003183 Sync done -> model run start
2026-04-21 07:11:43.003183 Sync done -> model run start
2026-04-21 07:11:43.007012 Sync done -> model run start
2 3.681 [3.680852455087006]
0 3.692 [3.691451381193474]
1 3.7 [3.6993891808670014]
3 3.862 [3.862107237102464]
2026-04-21 07:11:57.471769 Sync done -> model run start
2026-04-21 07:11:57.476432 Sync done -> model run start
2026-04-21 07:11:57.480023 Sync done -> model run start
2026-04-21 07:11:57.494158 Sync done -> model run start
0 3.694 [3.6935572628863156]
3 3.687 [3.686658255988732]
2 3.7 [3.699666484957561]
1 3.842 [3.842343403957784]
2026-04-21 07:12:07.191884 Sync done -> model run start
2026-04-21 07:12:07.213259 Sync done -> model run start
2026-04-21 07:12:07.213246 Sync done -> model run start
2026-04-21 07:12:07.217699 Sync done -> model run start
1 3.581 [3.5804037409834564]
2 3.597 [3.596963293850422]
3 3.604 [3.604207194875926]
0 3.717 [3.7170219090767205]
2026-04-21 07:12:12.461927 Sync done -> model run start
2026-04-21 07:12:12.461927 Sync done -> model run start
2026-04-21 07:12:12.495233 Sync done -> model run start
2026-04-21 07:12:12.540160 Sync done -> model run start
1 3.62 [3.61971099791117]
0 3.622 [3.6214890570845455]
2 3.74 [3.7395674798171967]
3 3.639 [3.639164748135954]
2026-04-21 07:12:17.805767 Sync done -> model run start
2026-04-21 07:12:17.805766 Sync done -> model run start
2026-04-21 07:12:17.842323 Sync done -> model run start
2026-04-21 07:12:17.899907 Sync done -> model run start
1 3.624 [3.624289682134986]
0 3.624 [3.624289422063157]
2 3.659 [3.6591473179869354]
3 3.766 [3.7656843250151724]
2026-04-21 07:12:21.966212 Sync done -> model run start
net_times: [[0.0, 9.213, 0, 4496250], [0.0, 4.498, 0, 4735], [0.0, 0.162, 0, 4735], [0.0, 0.161, 0, 4735], [0.0, 0.16, 0, 4735]]
echo 'race4fun' | sudo -S sh -c 'journalctl --since "2026-04-21 07:11:40.135626" --until "2026-04-21 07:12:21.966212" -k -o short-iso '| grep -i -E 'throttle|throttled|thermal|cpufreq|under-voltage|voltage'
