ALL SYNC
2026-04-21 07:11:59.064978 Sync done -> model run start
2026-04-21 07:11:59.064973 Sync done -> model run start
2026-04-21 07:11:59.064973 Sync done -> model run start
2026-04-21 07:11:59.064976 Sync done -> model run start
1 6.6 [6.599281423958018]
3 6.608 [6.607319189002737]
0 6.624 [6.624160548904911]
2 6.721 [6.720960502978414]
2026-04-21 07:12:07.179820 Sync done -> model run start
2026-04-21 07:12:07.179821 Sync done -> model run start
2026-04-21 07:12:07.212640 Sync done -> model run start
2026-04-21 07:12:07.285275 Sync done -> model run start
0 3.527 [3.5268900520168245]
2 3.561 [3.5611257369164377]
1 3.667 [3.6672209489624947]
3 3.675 [3.6744924169033766]
2026-04-21 07:12:12.396997 Sync done -> model run start
2026-04-21 07:12:12.453104 Sync done -> model run start
2026-04-21 07:12:12.453660 Sync done -> model run start
2026-04-21 07:12:12.494626 Sync done -> model run start
1 3.532 [3.5315833031199872]
3 3.517 [3.5171564088668674]
2 3.51 [3.509948013117537]
0 3.635 [3.6345398349221796]
2026-04-21 07:12:17.790695 Sync done -> model run start
2026-04-21 07:12:17.815498 Sync done -> model run start
2026-04-21 07:12:17.834911 Sync done -> model run start
2026-04-21 07:12:17.835323 Sync done -> model run start
0 3.48 [3.47975141601637]
2 3.482 [3.4821917661465704]
3 3.494 [3.4941287799738348]
1 3.607 [3.606893846997991]
2026-04-21 07:12:23.173520 Sync done -> model run start
2026-04-21 07:12:23.221727 Sync done -> model run start
2026-04-21 07:12:23.225945 Sync done -> model run start
2026-04-21 07:12:23.247741 Sync done -> model run start
0 3.569 [3.5690141699742526]
2 3.563 [3.563135922886431]
3 3.561 [3.5607270831242204]
1 3.701 [3.700461575994268]
2026-04-21 07:12:27.060977 Sync done -> model run start
net_times: [[15.041, 0.0, 4841472, 0], [0.031, 0.0, 4841472, 0], [0.131, 0.0, 4841472, 0], [0.35, 0.0, 4841472, 0], [0.375, 0.0, 4841472, 0]]
echo 'race4fun' | sudo -S sh -c 'journalctl --since "2026-04-21 07:11:41.140695" --until "2026-04-21 07:12:27.060977" -k -o short-iso '| grep -i -E 'throttle|throttled|thermal|cpufreq|under-voltage|voltage'
