startheat 0-TIME:04:52:08.776
[Gloo] Rank 1 is connected to 1 peer ranks. Expected number of connected peer ranks is : 1
startheat 0-TIME:04:56:54.141
[Gloo] Rank 1 is connected to 1 peer ranks. Expected number of connected peer ranks is : 1
CHECKING BEFORE
BIG LETTERS HERE
CHECKING BEFORE
BIG LETTERS HERE
rank 1 FLOP count: 1645191168 and full time*10**9 s/op: 0.5512
Time taken by rank:1 in total(avg): 1.8138s on avg per image: 0.9069s with std: 0.0000s network time: 0.6165s and network std: 0.2010s compute time: 0.2904s compute/network ratio: 0.4711 and throughput 1.1027 img/s
endheat 0-TIME:04:58:35.271
startheat 0-TIME:05:00:51.226
startheat 0-TIME:05:01:31.139
[Gloo] Rank 1 is connected to 1 peer ranks. Expected number of connected peer ranks is : 1
startheat 0-TIME:05:06:30.684
[Gloo] Rank 1 is connected to 1 peer ranks. Expected number of connected peer ranks is : 1
startheat 0-TIME:05:09:48.511
[Gloo] Rank 1 is connected to 1 peer ranks. Expected number of connected peer ranks is : 1
startheat 0-TIME:05:12:50.572
[Gloo] Rank 1 is connected to 1 peer ranks. Expected number of connected peer ranks is : 1
startheat 0-TIME:05:23:11.116
[Gloo] Rank 1 is connected to 1 peer ranks. Expected number of connected peer ranks is : 1
startheat 0-TIME:05:38:35.120
[Gloo] Rank 1 is connected to 1 peer ranks. Expected number of connected peer ranks is : 1
startheat 0-TIME:05:41:06.933
[Gloo] Rank 1 is connected to 1 peer ranks. Expected number of connected peer ranks is : 1
endheat 0-TIME:05:42:51.175
startheat 0-TIME:05:46:21.751
[Gloo] Rank 1 is connected to 1 peer ranks. Expected number of connected peer ranks is : 1
endheat 0-TIME:05:48:04.956
