startheat 0-TIME:04:52:08.879
[Gloo] Rank 0 is connected to 1 peer ranks. Expected number of connected peer ranks is : 1
startheat 0-TIME:04:56:54.187
[Gloo] Rank 0 is connected to 1 peer ranks. Expected number of connected peer ranks is : 1
CHECKING BEFORE
BIG LETTERS HERE
CHECKING BEFORE
BIG LETTERS HERE
rank 0 FLOP count: 1982955520 and full time*10**9 s/op: 0.3913
Time taken by rank:0 in total(avg): 1.5519s on avg per image: 0.7760s with std: 0.0000s network time: 0.0019s and network std: 0.0019s compute time: 0.7741s compute/network ratio: 412.1842 and throughput 1.2887 img/s
endheat 0-TIME:04:58:36.180
startheat 0-TIME:05:00:51.247
startheat 0-TIME:05:01:31.196
[Gloo] Rank 0 is connected to 1 peer ranks. Expected number of connected peer ranks is : 1
CHECKING BEFORE
startheat 0-TIME:05:06:30.703
[Gloo] Rank 0 is connected to 1 peer ranks. Expected number of connected peer ranks is : 1
CHECKING BEFORE
startheat 0-TIME:05:09:48.779
[Gloo] Rank 0 is connected to 1 peer ranks. Expected number of connected peer ranks is : 1
CHECKING BEFORE
CHECKING INSIDE
startheat 0-TIME:05:12:50.709
[Gloo] Rank 0 is connected to 1 peer ranks. Expected number of connected peer ranks is : 1
CHECKING BEFORE
CHECKING INSIDE
startheat 0-TIME:05:23:11.214
[Gloo] Rank 0 is connected to 1 peer ranks. Expected number of connected peer ranks is : 1
CHECKING BEFORE
CHECKING INSIDE
startheat 0-TIME:05:38:35.399
[Gloo] Rank 0 is connected to 1 peer ranks. Expected number of connected peer ranks is : 1
CHECKING BEFORE
CHECKING INSIDE
startheat 0-TIME:05:41:07.055
[Gloo] Rank 0 is connected to 1 peer ranks. Expected number of connected peer ranks is : 1
CHECKING BEFORE
endheat 0-TIME:05:42:54.698
startheat 0-TIME:05:46:21.910
[Gloo] Rank 0 is connected to 1 peer ranks. Expected number of connected peer ranks is : 1
CHECKING BEFORE
endheat 0-TIME:05:48:07.540
