ALL SYNC
2026-04-21 12:29:39.845478 Sync done -> model run start
2026-04-21 12:29:39.845477 Sync done -> model run start
2026-04-21 12:29:39.845663 Sync done -> model run start
2026-04-21 12:29:39.876971 Sync done -> model run start
2 10.902 [2.8919420740567148, 2.006766901118681, 2.0227484439965338, 1.9864529210608453, 1.993572894949466]
1 11.077 [2.981818402884528, 2.0036390661261976, 2.0962641411460936, 2.008392595918849, 1.9869173800107092]
3 11.178 [2.9828319519292563, 2.103208065032959, 2.0860907919704914, 2.0110725089907646, 1.9943024800159037]
0 11.219 [2.928508723853156, 2.0068819529842585, 2.1195100790355355, 2.0663991279434413, 2.0970669658854604]
2026-04-21 12:29:54.074483 Sync done -> model run start
2026-04-21 12:29:54.074713 Sync done -> model run start
2026-04-21 12:29:54.087257 Sync done -> model run start
2026-04-21 12:29:54.087257 Sync done -> model run start
3 11.042 [2.0882076318375766, 2.921879885951057, 2.0456305781845003, 2.006447851192206, 1.9793347879312932]
1 11.183 [2.2761187709402293, 2.849663157016039, 2.0433850940316916, 2.0257659980561584, 1.9878138531930745]
2 11.124 [2.0847837030887604, 2.9214599360711873, 2.0316297048702836, 2.0975240238476545, 1.9887699529062957]
0 11.365 [2.0839441660791636, 3.038920815102756, 2.099057076033205, 2.0815871458034962, 2.06090526888147]
2026-04-21 12:30:09.314595 Sync done -> model run start
2026-04-21 12:30:09.316062 Sync done -> model run start
2026-04-21 12:30:09.340547 Sync done -> model run start
2026-04-21 12:30:09.360128 Sync done -> model run start
1 10.295 [2.082286440068856, 2.0904341279529035, 2.0413046709727496, 2.044635714031756, 2.0357080299872905]
3 10.317 [2.0974045069888234, 2.087044416926801, 2.0406291980762035, 2.0462341089732945, 2.0454700731206685]
2 10.687 [2.193170445971191, 2.190158059122041, 2.0986181150656193, 2.1241884159389883, 2.08041909779422]
0 10.296 [2.0839569200761616, 2.0904338150285184, 2.0413000870030373, 2.0446358690969646, 2.0356969370041043]
2026-04-21 12:30:26.291436 Sync done -> model run start
2026-04-21 12:30:26.295357 Sync done -> model run start
2026-04-21 12:30:26.313473 Sync done -> model run start
2026-04-21 12:30:26.330924 Sync done -> model run start
2 10.968 [2.0492075090296566, 2.047731385100633, 2.018571280874312, 2.8596756749320775, 1.9927163280081004]
3 11.001 [2.0564688050653785, 2.053666423074901, 2.0224123469088227, 2.8806764339096844, 1.9872644178103656]
0 11.199 [2.046319626038894, 2.0495788450352848, 2.0235954800155014, 3.0021267449483275, 2.077429057098925]
1 11.265 [2.1485666390508413, 2.107153849909082, 2.194860799005255, 2.8306920980103314, 1.9832327221520245]
2026-04-21 12:30:41.773416 Sync done -> model run start
2026-04-21 12:30:41.780347 Sync done -> model run start
2026-04-21 12:30:41.780347 Sync done -> model run start
2026-04-21 12:30:41.810416 Sync done -> model run start
3 10.966 [2.793186319991946, 2.020903449971229, 2.054912604857236, 2.049396093003452, 2.047111058142036]
2 10.966 [2.827910811873153, 2.0227005968336016, 2.0183819050434977, 2.049341353122145, 2.0471619439776987]
1 11.153 [2.8789696788880974, 2.019539170200005, 2.163121729856357, 2.0498187500052154, 2.0410824769642204]
0 11.314 [2.8799460399895906, 2.103451006114483, 2.096857452997938, 2.1282580490224063, 2.1056348111014813]
2026-04-21 12:30:56.871947 Sync done -> model run start
2026-04-21 12:30:56.873155 Sync done -> model run start
2026-04-21 12:30:56.894045 Sync done -> model run start
2026-04-21 12:30:56.906443 Sync done -> model run start
0 10.945 [2.075900244060904, 2.08210755395703, 2.022737838095054, 2.7517981270793825, 2.01152480696328]
1 10.984 [2.0803915220312774, 2.080210197949782, 2.0229685159865767, 2.816353427944705, 1.9838987479452044]
3 10.963 [2.086043693125248, 2.0858677341602743, 2.0234130499884486, 2.769010943127796, 1.9980122740380466]
2 11.344 [2.1843217089772224, 2.1789199330378324, 2.1202992310281843, 2.7870249070692807, 2.0733079521451145]
2026-04-21 12:31:12.019697 Sync done -> model run start
2026-04-21 12:31:12.028461 Sync done -> model run start
2026-04-21 12:31:12.034251 Sync done -> model run start
2026-04-21 12:31:12.049506 Sync done -> model run start
1 10.951 [2.8717398059088737, 2.061385035980493, 2.049343327060342, 1.980435224948451, 1.987815669970587]
0 10.974 [2.9238607028964907, 2.066040480043739, 2.004238984081894, 1.9781050530727953, 2.0014563258737326]
2 11.057 [2.8697690640110523, 2.0546358269639313, 2.161169386934489, 1.9759809768293053, 1.9952424850780517]
3 11.28 [2.943569731898606, 2.1579323019832373, 2.0552003930788487, 2.0736718429252505, 2.0491787041537464]
2026-04-21 12:31:27.526099 Sync done -> model run start
2026-04-21 12:31:27.529498 Sync done -> model run start
2026-04-21 12:31:27.544614 Sync done -> model run start
2026-04-21 12:31:27.546896 Sync done -> model run start
0 11.253 [2.0715070138685405, 2.0755920740775764, 2.036902909865603, 3.0670227110385895, 2.001307439059019]
2 11.279 [2.0813172310590744, 2.080593249993399, 2.0496517380233854, 3.065809577004984, 2.001755045959726]
1 11.31 [2.069169291993603, 2.0750326949637383, 2.036257073050365, 3.1311436768155545, 1.99853924382478]
3 11.602 [2.1699015281628817, 2.1656125232111663, 2.232121193083003, 2.990312390960753, 2.043539362028241]
2026-04-21 12:31:42.729354 Sync done -> model run start
2026-04-21 12:31:42.729354 Sync done -> model run start
2026-04-21 12:31:42.747249 Sync done -> model run start
2026-04-21 12:31:42.761844 Sync done -> model run start
3 10.954 [2.100660234922543, 2.866391552146524, 1.9980232119560242, 1.9972541278693825, 1.9918844429776073]
2 11.004 [2.0833192439749837, 2.8970273109152913, 1.9832066111266613, 2.035212953109294, 2.0049884819891304]
0 11.281 [2.1928636110387743, 2.9107663000468165, 2.072190433042124, 2.0536924379412085, 2.051679126918316]
1 11.185 [2.0833283581305295, 2.951746811158955, 2.000041764928028, 2.150644122855738, 1.9994662581011653]
2026-04-21 12:31:58.283338 Sync done -> model run start
2026-04-21 12:31:58.284159 Sync done -> model run start
2026-04-21 12:31:58.299183 Sync done -> model run start
2026-04-21 12:31:58.356283 Sync done -> model run start
1 10.308 [2.0874611649196595, 2.0856856158934534, 2.042152730980888, 2.0528945489786565, 2.039720391854644]
0 10.309 [2.088361327070743, 2.084882538067177, 2.0429314859211445, 2.0529143419116735, 2.039795964024961]
2 10.341 [2.1115078199654818, 2.080390115035698, 2.0459462439175695, 2.0502594818826765, 2.0523471848573536]
3 10.616 [2.141188571928069, 2.1639037430286407, 2.1487372789997607, 2.123937371186912, 2.0379689189139754]
2026-04-21 12:32:12.837455 Sync done -> model run start
net_times: [[0.0, 2.095, 0, 1210368], [0.0, 2.979, 0, 1210368], [0.0, 5.324, 0, 1210368], [0.0, 3.219, 0, 1210368], [0.0, 2.839, 0, 1210368], [0.0, 2.845, 0, 1210368], [0.0, 3.284, 0, 1210368], [0.0, 2.663, 0, 1210368], [0.0, 3.303, 0, 1210368], [0.0, 3.737, 0, 1210368]]
echo 'race4fun' | sudo -S sh -c 'journalctl --since "2026-04-21 12:29:38.072485" --until "2026-04-21 12:32:12.837455" -k -o short-iso '| grep -i -E 'throttle|throttled|thermal|cpufreq|under-voltage|voltage'
