ALL SYNC
2026-04-21 12:23:47.272090 Sync done -> model run start
2026-04-21 12:23:47.272089 Sync done -> model run start
2026-04-21 12:23:47.272074 Sync done -> model run start
2026-04-21 12:23:47.324965 Sync done -> model run start
0 23.381 [4.5121684682089835, 3.5316946511156857, 4.590881294105202, 4.6185449860058725, 6.127325893845409]
1 23.935 [4.70233582588844, 3.6480484169442207, 4.579634170047939, 4.90964729199186, 6.094883005134761]
3 24.084 [4.510290406178683, 3.852345436112955, 4.686279553920031, 4.934732096036896, 6.100249068113044]
2026-04-21 12:24:16.798081 Sync done -> model run start
2026-04-21 12:24:16.798081 Sync done -> model run start
2026-04-21 12:24:16.853559 Sync done -> model run start
2026-04-21 12:24:16.875292 Sync done -> model run start
1 25.581 [6.313363258028403, 4.211505970917642, 5.508879638044164, 5.0645930408500135, 4.482573531800881]
3 25.561 [6.288118505850434, 4.212998516159132, 5.534802094101906, 5.041024893987924, 4.484045137884095]
2 26.264 [6.460631223861128, 4.616134349955246, 5.4571175361052155, 5.801601977087557, 3.9286048570647836]
2026-04-21 12:24:51.213722 Sync done -> model run start
2026-04-21 12:24:51.231730 Sync done -> model run start
2026-04-21 12:24:51.257260 Sync done -> model run start
2026-04-21 12:24:51.260288 Sync done -> model run start
1 30.182 [4.543810410890728, 6.2360011448618025, 6.260379488114268, 6.561839742818847, 6.579786403104663]
2 30.272 [4.531209388049319, 6.230962267844006, 6.259970010956749, 6.56183963897638, 6.687934329034761]
0 30.486 [4.647142114117742, 6.25452708103694, 6.19969222904183, 6.661827402887866, 6.722391579998657]
3 31.243 [4.742265218868852, 6.748169012833387, 6.586557527072728, 6.690910309087485, 6.475308298133314]
2026-04-21 12:25:23.974127 Sync done -> model run start
2026-04-21 12:25:24.006535 Sync done -> model run start
2026-04-21 12:25:24.038987 Sync done -> model run start
2026-04-21 12:25:24.048764 Sync done -> model run start
1 28.904 [5.506186358863488, 5.397604471072555, 6.07980641303584, 6.166783879045397, 5.753575965994969]
3 29.031 [5.50850061699748, 5.394274230115116, 6.102128993952647, 6.145098585868254, 5.88084789714776]
0 29.395 [5.501758988015354, 5.398049677023664, 6.033765788888559, 6.188373442972079, 6.273065245943144]
2 29.927 [5.691161763854325, 5.90833624987863, 6.342126531992108, 6.5676769588608295, 5.417712200898677]
2026-04-21 12:25:55.488558 Sync done -> model run start
2026-04-21 12:25:55.510812 Sync done -> model run start
2026-04-21 12:25:55.511038 Sync done -> model run start
2026-04-21 12:25:55.722305 Sync done -> model run start
3 30.718 [6.784811381017789, 6.301252202130854, 6.196266751969233, 6.100158490939066, 5.335044255014509]
0 31.342 [6.910805453779176, 6.307659925892949, 6.074193750042468, 6.127751667052507, 5.921272577950731]
1 30.792 [6.895185908069834, 6.303248649928719, 6.047689578030258, 6.121471442980692, 5.4236883849371225]
2 32.526 [7.075168007053435, 6.4555621559266, 6.720124806044623, 6.489610176067799, 5.7849620000924915]
2026-04-21 12:26:29.661122 Sync done -> model run start
2026-04-21 12:26:29.662721 Sync done -> model run start
2026-04-21 12:26:29.706543 Sync done -> model run start
2026-04-21 12:26:29.722309 Sync done -> model run start
0 31.67 [6.229099198011681, 5.873730490216985, 6.221754591912031, 6.831340844975784, 6.514013012871146]
3 31.719 [6.222001791000366, 5.930515739135444, 6.1816133100073785, 6.8239690631162375, 6.5610040470492095]
1 31.621 [6.228915241081268, 5.849734063958749, 6.245627893134952, 6.843539732974023, 6.4532286210451275]
2 33.037 [6.417988328030333, 6.4521319810301065, 6.574942731065676, 7.131937563885003, 6.459571083076298]
2026-04-21 12:27:04.238442 Sync done -> model run start
2026-04-21 12:27:04.264063 Sync done -> model run start
2026-04-21 12:27:04.284687 Sync done -> model run start
2026-04-21 12:27:04.350022 Sync done -> model run start
0 30.698 [5.4456311371177435, 6.162376465043053, 6.368303927825764, 6.211005290038884, 6.510045500937849]
1 30.789 [5.43862544815056, 6.156600403832272, 6.358153725974262, 6.2088422800879925, 6.626398637890816]
2 30.787 [5.447073420044035, 6.182297132909298, 6.376284247031435, 6.211118882056326, 6.569705627858639]
3 31.896 [5.6706581332255155, 6.655175887979567, 6.70942171709612, 6.346624409081414, 6.514274381101131]
2026-04-21 12:27:37.729862 Sync done -> model run start
2026-04-21 12:27:37.764184 Sync done -> model run start
2026-04-21 12:27:37.795112 Sync done -> model run start
2026-04-21 12:27:37.796141 Sync done -> model run start
0 27.887 [6.789932486135513, 4.38161953096278, 6.046888703014702, 6.002805824857205, 4.6651339919772]
3 27.855 [6.848278819117695, 4.321850236970931, 6.04378616809845, 6.019130522850901, 4.62179064610973]
1 27.906 [6.806005778955296, 4.3559778549242765, 6.049028586130589, 6.020135464845225, 4.6744499281048775]
2 28.627 [7.076570951147005, 4.803167693084106, 6.365885159000754, 6.339277700986713, 4.042290157871321]
2026-04-21 12:28:08.622731 Sync done -> model run start
2026-04-21 12:28:08.649817 Sync done -> model run start
2026-04-21 12:28:08.683760 Sync done -> model run start
2026-04-21 12:28:08.707989 Sync done -> model run start
3 29.339 [6.260134808020666, 4.721710012992844, 6.235881709028035, 6.393458041129634, 5.727991844993085]
2 29.643 [6.310355406953022, 4.787527085049078, 6.202937313821167, 6.357687829062343, 5.9846999070141464]
0 29.374 [6.255198483122513, 4.663046650821343, 6.251579432049766, 6.405769689008594, 5.7977385288104415]
1 30.146 [6.456010354915634, 5.185677774017677, 6.446511856978759, 6.4766314178705215, 5.5805763870012015]
2026-04-21 12:28:40.269260 Sync done -> model run start
2026-04-21 12:28:40.293010 Sync done -> model run start
2026-04-21 12:28:40.333914 Sync done -> model run start
2026-04-21 12:28:40.376509 Sync done -> model run start
0 28.405 [5.18429766013287, 5.773241367889568, 6.330132236005738, 6.1049878431949764, 5.011624102015048]
1 28.468 [5.184451462002471, 5.828581935958937, 6.327373032923788, 6.103324520168826, 5.023974655894563]
2 28.636 [5.273645326029509, 5.979798414045945, 6.246929690940306, 6.107734963065013, 5.027371251955628]
3 29.483 [5.368596500949934, 6.456892400048673, 6.429359010886401, 6.373461772920564, 4.8550057811662555]
2026-04-21 12:29:09.979135 Sync done -> model run start
net_times: [[25.981, 0.0, 1210368, 0], [4.026, 0.0, 1210368, 0], [6.551, 0.0, 1210368, 0], [0.002, 0.0, 1210368, 0], [0.002, 0.0, 1210368, 0], [0.003, 0.0, 1210368, 0], [0.002, 0.0, 1210368, 0], [0.002, 0.0, 1210368, 0], [0.699, 0.0, 1210368, 0], [0.002, 0.0, 1210368, 0]]
echo 'race4fun' | sudo -S sh -c 'journalctl --since "2026-04-21 12:23:18.484342" --until "2026-04-21 12:29:09.979135" -k -o short-iso '| grep -i -E 'throttle|throttled|thermal|cpufreq|under-voltage|voltage'
