ALL SYNC
2026-04-21 12:30:33.482159 Sync done -> model run start
2026-04-21 12:30:33.482159 Sync done -> model run start
2026-04-21 12:30:33.482158 Sync done -> model run start
2026-04-21 12:30:33.482891 Sync done -> model run start
2 0.04 [0.031225966988131404, 0.002158008050173521, 0.002164050005376339, 0.0020580089185386896, 0.0021264459937810898]
0 0.04 [0.03122581006027758, 0.0021686849649995565, 0.002150353044271469, 0.0020613421220332384, 0.0021263419184833765]
1 0.04 [0.031226383056491613, 0.0021581649780273438, 0.002157070906832814, 0.0020610301289707422, 0.0021262378431856632]
3 0.039 [0.030386700993403792, 0.002157852053642273, 0.002157278824597597, 0.0020610301289707422, 0.0021263419184833765]
2026-04-21 12:30:46.866898 Sync done -> model run start
2026-04-21 12:30:46.873834 Sync done -> model run start
2026-04-21 12:30:46.884067 Sync done -> model run start
2026-04-21 12:30:46.895892 Sync done -> model run start
0 0.015 [0.006612098077312112, 0.0020004569087177515, 0.0019429570529609919, 0.001818530960008502, 0.0021581649780273438]
1 0.015 [0.006621212000027299, 0.0025761830620467663, 0.0022346749901771545, 0.0018226969987154007, 0.0017098858952522278]
2 0.012 [0.005930174142122269, 0.001822437159717083, 0.0014821789227426052, 0.001127180876210332, 0.0011522332206368446]
3 0.008 [0.004065914079546928, 0.0012003581505268812, 0.0009873909875750542, 0.0009759841486811638, 0.0009478589054197073]
2026-04-21 12:31:02.899669 Sync done -> model run start
2026-04-21 12:31:02.907797 Sync done -> model run start
2026-04-21 12:31:02.915949 Sync done -> model run start
2026-04-21 12:31:02.925512 Sync done -> model run start
0 0.014 [0.006009704899042845, 0.001682907110080123, 0.0016424390487372875, 0.0018478021956980228, 0.0022106640972197056]
1 0.014 [0.0069512620102614164, 0.0017449900042265654, 0.0019343120511621237, 0.0015023869927972555, 0.0014938979875296354]
2 0.011 [0.005374864907935262, 0.0014161888975650072, 0.0015684280078858137, 0.0012263990938663483, 0.00104113994166255]
3 0.007 [0.003513938980177045, 0.0009286920540034771, 0.0007688500918447971, 0.0007550481241196394, 0.0007303610909730196]
2026-04-21 12:31:17.285294 Sync done -> model run start
2026-04-21 12:31:17.295225 Sync done -> model run start
2026-04-21 12:31:17.302595 Sync done -> model run start
2026-04-21 12:31:17.322881 Sync done -> model run start
1 0.015 [0.006838293978944421, 0.0018935310654342175, 0.0017538440879434347, 0.0020368110854178667, 0.0019168639555573463]
0 0.013 [0.006472150096669793, 0.0018091041129082441, 0.0017155110836029053, 0.0016151471063494682, 0.001318689901381731]
2 0.012 [0.005888455081731081, 0.001400721026584506, 0.001507126959040761, 0.001365930074825883, 0.001345096854493022]
3 0.006 [0.00290805590339005, 0.0008980159182101488, 0.0007414540741592646, 0.0007535379845649004, 0.0007402040064334869]
2026-04-21 12:31:33.282482 Sync done -> model run start
2026-04-21 12:31:33.285964 Sync done -> model run start
2026-04-21 12:31:33.302728 Sync done -> model run start
2026-04-21 12:31:33.314368 Sync done -> model run start
0 0.014 [0.006713398965075612, 0.0017250948585569859, 0.0019091039430350065, 0.0019054061267524958, 0.0019518120680004358]
2 0.011 [0.005032887915149331, 0.0014294709544628859, 0.0012186910025775433, 0.0012708259746432304, 0.001316190930083394]
3 0.008 [0.004071695962920785, 0.0011121290735900402, 0.000956087838858366, 0.0010461399797350168, 0.0009627549443393946]
1 0.015 [0.006681159138679504, 0.0019496239256113768, 0.0019246239680796862, 0.001692906953394413, 0.0021352481562644243]
2026-04-21 12:31:48.599440 Sync done -> model run start
2026-04-21 12:31:48.603841 Sync done -> model run start
2026-04-21 12:31:48.618878 Sync done -> model run start
2026-04-21 12:31:48.625950 Sync done -> model run start
1 0.015 [0.006224286975339055, 0.0018118128646165133, 0.001665511168539524, 0.002384308958426118, 0.0027611299883574247]
0 0.013 [0.005008148029446602, 0.002295820042490959, 0.001703792018815875, 0.001500668004155159, 0.0017752500716596842]
2 0.009 [0.0042561739683151245, 0.0012848370242863894, 0.0010112440213561058, 0.00100322300568223, 0.0010707748588174582]
3 0.007 [0.003885291051119566, 0.0009508798830211163, 0.0007647878956049681, 0.0007437979802489281, 0.0008082769345492125]
2026-04-21 12:32:04.432697 Sync done -> model run start
2026-04-21 12:32:04.438227 Sync done -> model run start
2026-04-21 12:32:04.449123 Sync done -> model run start
2026-04-21 12:32:04.458016 Sync done -> model run start
0 0.014 [0.005861164070665836, 0.0019109789282083511, 0.0017677510622888803, 0.0017982709687203169, 0.0023556631058454514]
1 0.014 [0.005858456017449498, 0.002461964963003993, 0.0017846778500825167, 0.0018519680015742779, 0.0018090521916747093]
2 0.01 [0.005330490879714489, 0.0014869701117277145, 0.0009996299631893635, 0.000978223979473114, 0.001067858887836337]
3 0.007 [0.0036025310400873423, 0.0009264529217034578, 0.0007573389448225498, 0.0007592141628265381, 0.0007322349119931459]
2026-04-21 12:32:18.149869 Sync done -> model run start
2026-04-21 12:32:18.172884 Sync done -> model run start
2026-04-21 12:32:18.172884 Sync done -> model run start
2026-04-21 12:32:18.193959 Sync done -> model run start
0 0.014 [0.005665280157700181, 0.0019476970192044973, 0.0027247758116573095, 0.0018826450686901808, 0.0013768149074167013]
2 0.013 [0.0052853350061923265, 0.0017190519720315933, 0.0019205089192837477, 0.002048998139798641, 0.0016766050830483437]
1 0.013 [0.00523648108355701, 0.0017226978670805693, 0.0019205620046705008, 0.002052332041785121, 0.001676760846748948]
3 0.009 [0.003994300030171871, 0.0011934819631278515, 0.0010541079100221395, 0.0012894198298454285, 0.0010538999922573566]
2026-04-21 12:32:33.566180 Sync done -> model run start
2026-04-21 12:32:33.571466 Sync done -> model run start
2026-04-21 12:32:33.586878 Sync done -> model run start
2026-04-21 12:32:33.593240 Sync done -> model run start
0 0.013 [0.005204293178394437, 0.002573475008830428, 0.0015519179869443178, 0.0016075430903583765, 0.001824781997129321]
1 0.014 [0.005869913846254349, 0.0016574389301240444, 0.0015930121298879385, 0.002340455073863268, 0.0019291031640022993]
2 0.009 [0.004322422901168466, 0.0011143169831484556, 0.0010289519559592009, 0.0009930680971592665, 0.001011556014418602]
3 0.007 [0.003441282082349062, 0.0012713470496237278, 0.0007953599561005831, 0.0007993699982762337, 0.0007446310482919216]
2026-04-21 12:32:49.370443 Sync done -> model run start
2026-04-21 12:32:49.370461 Sync done -> model run start
2026-04-21 12:32:49.384794 Sync done -> model run start
2026-04-21 12:32:49.395756 Sync done -> model run start
1 0.015 [0.005745748057961464, 0.0020962380804121494, 0.0018886351026594639, 0.002322642831131816, 0.002509673126041889]
0 0.015 [0.005741842091083527, 0.00209582201205194, 0.0018879580311477184, 0.0023236849810928106, 0.0025094649754464626]
2 0.011 [0.005681373877450824, 0.0014052519109100103, 0.0013337940908968449, 0.001122649060562253, 0.0011134829837828875]
3 0.009 [0.0040885701309889555, 0.0011710869148373604, 0.0010154109913855791, 0.0012132220435887575, 0.0011398899368941784]
2026-04-21 12:32:49.474630 Sync done -> model run start
net_times: [[53.899, 0.0, 605184, 0], [13.146, 0.0, 605184, 0], [15.803, 0.0, 605184, 0], [14.176, 0.0, 605184, 0], [15.762, 0.0, 605184, 0], [15.094, 0.0, 605184, 0], [15.632, 0.0, 605184, 0], [13.499, 0.0, 605184, 0], [15.18, 0.0, 605184, 0], [15.59, 0.0, 605184, 0]]
echo 'race4fun' | sudo -S sh -c 'journalctl --since "2026-04-21 12:29:39.084889" --until "2026-04-21 12:32:49.474630" -k -o short-iso '| grep -i -E 'throttle|throttled|thermal|cpufreq|under-voltage|voltage'
