ALL SYNC
2026-04-21 12:29:55.132268 Sync done -> model run start
2026-04-21 12:29:55.132267 Sync done -> model run start
2026-04-21 12:29:55.132267 Sync done -> model run start
2026-04-21 12:29:55.166638 Sync done -> model run start
0 10.712 [2.2049746320117265, 2.1582189758773893, 2.112802529009059, 2.1120127509348094, 2.123541987966746]
1 10.718 [2.2049747880082577, 2.158219289034605, 2.112050399882719, 2.1153461090289056, 2.126672900049016]
2 10.845 [2.222531625069678, 2.1750253511127084, 2.113278358010575, 2.118155566044152, 2.215223954990506]
3 11.112 [2.2829445728566498, 2.265309047186747, 2.1651335121132433, 2.1973190400749445, 2.2010361009743065]
2026-04-21 12:30:09.309728 Sync done -> model run start
2026-04-21 12:30:09.309655 Sync done -> model run start
2026-04-21 12:30:09.344913 Sync done -> model run start
2026-04-21 12:30:09.404967 Sync done -> model run start
0 10.533 [2.1554064359515905, 2.1676197829656303, 2.068422570126131, 2.0732123299967498, 2.0683890939690173]
1 10.493 [2.1554059151094407, 2.155290507012978, 2.0613591379951686, 2.0597991570830345, 2.0607676450163126]
2 10.561 [2.1731169710401446, 2.1843026170972735, 2.0569919848348945, 2.0694606928154826, 2.0771332951262593]
3 10.871 [2.2057031660806388, 2.2579094178508967, 2.1472279250156134, 2.1484916189219803, 2.1111211988609284]
2026-04-21 12:30:26.294635 Sync done -> model run start
2026-04-21 12:30:26.296271 Sync done -> model run start
2026-04-21 12:30:26.323325 Sync done -> model run start
2026-04-21 12:30:26.381167 Sync done -> model run start
0 10.589 [2.154837280046195, 2.1529180312063545, 2.120865067001432, 2.109877609880641, 2.0499252867884934]
1 10.616 [2.152472506975755, 2.1528074590023607, 2.120966315967962, 2.1217643381096423, 2.0676242590416223]
2 10.645 [2.1653846940025687, 2.161654992029071, 2.1271823081187904, 2.1166926599107683, 2.073511346941814]
3 10.945 [2.2140321161132306, 2.256222043884918, 2.2129517749417573, 2.1661547110415995, 2.0955951290670782]
2026-04-21 12:30:41.806200 Sync done -> model run start
2026-04-21 12:30:41.809504 Sync done -> model run start
2026-04-21 12:30:41.832048 Sync done -> model run start
2026-04-21 12:30:41.857843 Sync done -> model run start
0 10.625 [2.1555324809160084, 2.1327161609660834, 2.098828210029751, 2.1139162729959935, 2.1234183381311595]
1 10.622 [2.1484890999272466, 2.134239116916433, 2.099619088927284, 2.1141520000528544, 2.1249662949703634]
2 10.646 [2.1611029570922256, 2.1394080868922174, 2.098170038079843, 2.1127989899832755, 2.1341629929374903]
3 10.985 [2.23721880489029, 2.227519775973633, 2.18417903711088, 2.1585288329515606, 2.177010515006259]
2026-04-21 12:30:56.885856 Sync done -> model run start
2026-04-21 12:30:56.901803 Sync done -> model run start
2026-04-21 12:30:56.932098 Sync done -> model run start
2026-04-21 12:30:56.934927 Sync done -> model run start
1 10.546 [2.143057940993458, 2.1439351281151175, 2.0933253839612007, 2.1013177221175283, 2.0641661500558257]
2 10.545 [2.1318165198899806, 2.139399591833353, 2.0958284880034626, 2.111239517107606, 2.0660216039977968]
3 10.555 [2.138340011006221, 2.14104020409286, 2.0936532970517874, 2.1119921151548624, 2.0698176668956876]
0 10.879 [2.185998900095001, 2.2299449609126896, 2.1865563050378114, 2.1850835629738867, 2.0911399461328983]
2026-04-21 12:31:12.026355 Sync done -> model run start
2026-04-21 12:31:12.046798 Sync done -> model run start
2026-04-21 12:31:12.047309 Sync done -> model run start
2026-04-21 12:31:12.074130 Sync done -> model run start
1 10.45 [2.114115354139358, 2.123073048889637, 2.059134087059647, 2.0807638680562377, 2.0731372160371393]
2 10.462 [2.1112755860667676, 2.1322452158201486, 2.0633763959631324, 2.0789579967968166, 2.07567203999497]
3 10.474 [2.112205524928868, 2.131373973097652, 2.070436757057905, 2.0787410200573504, 2.081164912087843]
0 10.852 [2.205722590908408, 2.224002400180325, 2.1246709080878645, 2.1613555687945336, 2.135742499027401]
2026-04-21 12:31:27.526371 Sync done -> model run start
2026-04-21 12:31:27.545794 Sync done -> model run start
2026-04-21 12:31:27.566151 Sync done -> model run start
2026-04-21 12:31:27.569128 Sync done -> model run start
1 10.413 [2.114754301030189, 2.0978567330166698, 2.0530339700635523, 2.050720504950732, 2.096681551076472]
2 10.43 [2.111574691021815, 2.105039122980088, 2.0632610768079758, 2.051128471037373, 2.0983671629801393]
0 10.76 [2.2069325768388808, 2.141214200994, 2.1588132330216467, 2.1387546500191092, 2.1137758439872414]
3 10.46 [2.124533598078415, 2.105589379090816, 2.063260138966143, 2.049740409012884, 2.116764829028398]
2026-04-21 12:31:42.734204 Sync done -> model run start
2026-04-21 12:31:42.742524 Sync done -> model run start
2026-04-21 12:31:42.764033 Sync done -> model run start
2026-04-21 12:31:42.793643 Sync done -> model run start
0 10.392 [2.114584553986788, 2.1038925610482693, 2.061185561819002, 2.0656471468973905, 2.046023713890463]
1 10.423 [2.1174353640526533, 2.103280169889331, 2.0629912768490613, 2.0698207588866353, 2.0688739500474185]
2 10.434 [2.1258356098551303, 2.112950926180929, 2.0622174290474504, 2.069473313866183, 2.0633686808869243]
3 10.785 [2.202214535092935, 2.202062980039045, 2.1475948251318187, 2.112755523994565, 2.120587811805308]
2026-04-21 12:31:58.265848 Sync done -> model run start
2026-04-21 12:31:58.265868 Sync done -> model run start
2026-04-21 12:31:58.267118 Sync done -> model run start
2026-04-21 12:31:58.306804 Sync done -> model run start
1 10.549 [2.21953839994967, 2.1281232449691743, 2.0943500290159136, 2.052857863018289, 2.0539671829901636]
3 10.595 [2.227980208117515, 2.144408429041505, 2.091388124972582, 2.0579428228084, 2.0735936420969665]
2 10.586 [2.2195386078674346, 2.142131312051788, 2.0947564840316772, 2.0600460348650813, 2.0695784129202366]
0 10.96 [2.320566036971286, 2.2270758990198374, 2.181261371821165, 2.097910371143371, 2.132914006942883]
2026-04-21 12:32:13.623565 Sync done -> model run start
2026-04-21 12:32:13.657614 Sync done -> model run start
2026-04-21 12:32:13.670424 Sync done -> model run start
2026-04-21 12:32:13.678448 Sync done -> model run start
2 10.503 [2.114060265943408, 2.12822859804146, 2.074665328953415, 2.0762538111303, 2.1090854317881167]
1 10.491 [2.1202968310099095, 2.1222385407891124, 2.0780972288921475, 2.0718865010421723, 2.098046144004911]
3 10.515 [2.116091291885823, 2.138635079143569, 2.0754162080120295, 2.078543741023168, 2.106273162877187]
0 10.86 [2.2072993728797883, 2.178066589869559, 2.164966595126316, 2.186255963984877, 2.1231315720360726]
2026-04-21 12:32:27.909497 Sync done -> model run start
net_times: [[14.156, 2.078, 1210368, 1210368], [0.002, 5.012, 1210368, 1210368], [0.002, 3.415, 1210368, 1210368], [0.003, 3.045, 1210368, 1210368], [0.002, 3.212, 1210368, 1210368], [0.003, 3.62, 1210368, 1210368], [0.002, 3.414, 1210368, 1210368], [0.002, 3.676, 1210368, 1210368], [0.002, 3.392, 1210368, 1210368], [0.003, 3.246, 1210368, 1210368]]
echo 'race4fun' | sudo -S sh -c 'journalctl --since "2026-04-21 12:29:39.074692" --until "2026-04-21 12:32:27.909497" -k -o short-iso '| grep -i -E 'throttle|throttled|thermal|cpufreq|under-voltage|voltage'
