ALL SYNC
2026-04-21 12:30:10.480994 Sync done -> model run start
2026-04-21 12:30:10.480992 Sync done -> model run start
2026-04-21 12:30:10.480999 Sync done -> model run start
2026-04-21 12:30:10.507787 Sync done -> model run start
2 12.118 [2.444574147928506, 2.362590942066163, 2.301878168946132, 2.3428747220896184, 2.666380955837667]
3 12.41 [2.451799899805337, 2.361408134922385, 2.300285727949813, 2.338431823067367, 2.957899455912411]
1 12.598 [2.5667066192254424, 2.4433133208658546, 2.407879717182368, 2.4450765969231725, 2.734615419059992]
0 12.665 [2.458924609934911, 2.367468839045614, 2.3193398169241846, 2.3481069919653237, 3.17058306816034]
2026-04-21 12:30:26.267931 Sync done -> model run start
2026-04-21 12:30:26.272984 Sync done -> model run start
2026-04-21 12:30:26.306452 Sync done -> model run start
2026-04-21 12:30:26.325172 Sync done -> model run start
0 11.859 [2.3773832300212234, 2.3768946388736367, 2.3482022050302476, 2.3443646170198917, 2.4115713760256767]
3 11.854 [2.386411110172048, 2.3916059848852456, 2.3475166868884116, 2.3477848120965064, 2.380891605047509]
2 12.29 [2.493705256143585, 2.472523155855015, 2.437592569971457, 2.451492722844705, 2.434417637065053]
2026-04-21 12:30:41.703278 Sync done -> model run start
2026-04-21 12:30:41.709012 Sync done -> model run start
2026-04-21 12:30:41.746017 Sync done -> model run start
2026-04-21 12:30:41.761558 Sync done -> model run start
0 11.568 [2.3578677428886294, 2.3228361669462174, 2.268127067014575, 2.321881902171299, 2.297011274844408]
3 11.585 [2.3546091101597995, 2.331140561029315, 2.271843251073733, 2.3172242119908333, 2.3097153899725527]
1 11.696 [2.3598153388593346, 2.331791756208986, 2.2818322719540447, 2.323050439124927, 2.399021744960919]
2 12.02 [2.4444291091058403, 2.413533298065886, 2.3695608219131827, 2.402643916895613, 2.389095379039645]
2026-04-21 12:30:56.890989 Sync done -> model run start
2026-04-21 12:30:56.912306 Sync done -> model run start
2026-04-21 12:30:56.933834 Sync done -> model run start
2026-04-21 12:30:56.938526 Sync done -> model run start
1 11.51 [2.3390505330171436, 2.31749395490624, 2.277359118917957, 2.2775781811214983, 2.298615491949022]
2 11.537 [2.3319176968652755, 2.32759422599338, 2.2842268508393317, 2.279576922999695, 2.313490951899439]
3 11.665 [2.3410112019628286, 2.3296895299572498, 2.281921392073855, 2.278988227015361, 2.4330124449916184]
0 11.972 [2.4283682939130813, 2.4168720920570195, 2.379429849097505, 2.375109607120976, 2.372240348951891]
2026-04-21 12:31:11.998880 Sync done -> model run start
2026-04-21 12:31:12.003269 Sync done -> model run start
2026-04-21 12:31:12.022579 Sync done -> model run start
2026-04-21 12:31:12.065088 Sync done -> model run start
1 11.818 [2.387657944113016, 2.3908195989206433, 2.3507914301007986, 2.3446800489909947, 2.342910992912948]
0 12.007 [2.393987554125488, 2.3908198589924723, 2.350712940096855, 2.3500980471726507, 2.5208424581214786]
2 11.869 [2.4114077428821474, 2.408928847871721, 2.3530193369369954, 2.3494098209775984, 2.3464584790635854]
3 12.326 [2.511523481924087, 2.4942940738983452, 2.4431028249673545, 2.4355888459831476, 2.4411630949471146]
2026-04-21 12:31:27.536274 Sync done -> model run start
2026-04-21 12:31:27.549495 Sync done -> model run start
2026-04-21 12:31:27.557869 Sync done -> model run start
2026-04-21 12:31:27.570156 Sync done -> model run start
2 11.564 [2.3410925129428506, 2.3125190360005945, 2.283572437008843, 2.2821000991389155, 2.3443889101035893]
1 11.516 [2.3346798319835216, 2.31952838297002, 2.2800625020172447, 2.2791267258580774, 2.3023682988714427]
3 11.559 [2.339140126015991, 2.3259612219408154, 2.2887002809438854, 2.2800329718738794, 2.325010706903413]
0 12.047 [2.4316631350666285, 2.4157285131514072, 2.384305100189522, 2.365786374080926, 2.449286607792601]
2026-04-21 12:31:42.719254 Sync done -> model run start
2026-04-21 12:31:42.719254 Sync done -> model run start
2026-04-21 12:31:42.749850 Sync done -> model run start
2026-04-21 12:31:42.767474 Sync done -> model run start
0 11.873 [2.3835271899588406, 2.396763229975477, 2.350079618161544, 2.3639977399725467, 2.37833872390911]
2 11.907 [2.3946013120003045, 2.4096574489958584, 2.3553526180330664, 2.366887623909861, 2.3799833541270345]
1 12.083 [2.383531513158232, 2.3967631778214127, 2.350079932017252, 2.3622402988839895, 2.59009249904193]
3 12.363 [2.4933047119993716, 2.518241955898702, 2.43683338095434, 2.457898193039, 2.4562306478619576]
2026-04-21 12:31:58.259976 Sync done -> model run start
2026-04-21 12:31:58.259976 Sync done -> model run start
2026-04-21 12:31:58.316213 Sync done -> model run start
2026-04-21 12:31:58.316213 Sync done -> model run start
1 11.753 [2.4009417600464076, 2.3572659480851144, 2.314433779101819, 2.326764093944803, 2.3535357050132006]
0 11.754 [2.402682221028954, 2.3594989080447704, 2.3143055501859635, 2.3282368490472436, 2.3492746809497476]
3 11.9 [2.4054703870788217, 2.3619134810287505, 2.308813594048843, 2.328918460989371, 2.4950479429680854]
2 12.182 [2.4955053329467773, 2.440424881177023, 2.4069389239884913, 2.4045822680927813, 2.4344542829785496]
2026-04-21 12:32:13.615063 Sync done -> model run start
2026-04-21 12:32:13.623705 Sync done -> model run start
2026-04-21 12:32:13.646327 Sync done -> model run start
2026-04-21 12:32:13.647033 Sync done -> model run start
1 11.527 [2.3420059620402753, 2.319703344022855, 2.283354221843183, 2.283237764844671, 2.2989287429954857]
2 11.564 [2.354810493066907, 2.3210479749832302, 2.2914559601340443, 2.2877608709968626, 2.308946514967829]
3 11.694 [2.354280442930758, 2.3316922541707754, 2.293209025869146, 2.285815150011331, 2.4291305590886623]
0 12.011 [2.4442178388126194, 2.4136976508889347, 2.387706923065707, 2.373834063997492, 2.3911193069070578]
2026-04-21 12:32:28.784825 Sync done -> model run start
2026-04-21 12:32:28.793918 Sync done -> model run start
2026-04-21 12:32:28.842892 Sync done -> model run start
2026-04-21 12:32:28.843535 Sync done -> model run start
1 11.564 [2.3506833259016275, 2.3468626129906625, 2.290901175001636, 2.290950549999252, 2.2845197960268706]
0 11.589 [2.3720246460288763, 2.3406766490079463, 2.2985830700490624, 2.2978053661063313, 2.2801420530304313]
2 11.97 [2.43482631794177, 2.434016792103648, 2.3909721749369055, 2.3708406419027597, 2.339442228898406]
3 11.604 [2.3480154720600694, 2.3489122400060296, 2.2932176240719855, 2.305722625926137, 2.307996992021799]
2026-04-21 12:32:43.034165 Sync done -> model run start
net_times: [[29.357, 2.094, 1210368, 1210368], [0.002, 2.085, 1210368, 1210368], [0.002, 2.084, 1210368, 1210368], [0.002, 2.068, 1210368, 1210368], [0.002, 2.091, 1210368, 1210368], [0.002, 2.08, 1210368, 1210368], [0.002, 2.086, 1210368, 1210368], [0.002, 2.076, 1210368, 1210368], [0.002, 2.081, 1210368, 1210368], [0.002, 2.095, 1210368, 1210368]]
echo 'race4fun' | sudo -S sh -c 'journalctl --since "2026-04-21 12:29:39.074408" --until "2026-04-21 12:32:43.034165" -k -o short-iso '| grep -i -E 'throttle|throttled|thermal|cpufreq|under-voltage|voltage'
