ALL SYNC
2026-04-21 12:30:26.218534 Sync done -> model run start
2026-04-21 12:30:26.218534 Sync done -> model run start
2026-04-21 12:30:26.218534 Sync done -> model run start
2026-04-21 12:30:26.218534 Sync done -> model run start
1 5.213 [1.249247495085001, 0.8468545298092067, 0.9944044121075422, 1.0762701130006462, 1.046084658941254]
3 5.291 [1.2177216787822545, 0.9081554361619055, 1.03671530704014, 1.0365214520134032, 1.091773099033162]
0 5.493 [1.49662397778593, 0.7283538552001119, 1.1332430611364543, 0.9349867810960859, 1.1996473390609026]
2 5.568 [1.30211935704574, 0.8641782419290394, 1.1437594969756901, 1.0047752200625837, 1.2529359180480242]
2026-04-21 12:30:41.109480 Sync done -> model run start
2026-04-21 12:30:41.123949 Sync done -> model run start
2026-04-21 12:30:41.143685 Sync done -> model run start
2026-04-21 12:30:41.163842 Sync done -> model run start
0 4.071 [0.5973780429922044, 0.5840191140305251, 1.0066582749132067, 0.8819464170373976, 1.0002635479904711]
2 4.123 [0.5971116900909692, 0.5878318659961224, 1.054860563017428, 0.8356527700088918, 1.047811253927648]
1 4.326 [0.5958807021379471, 0.5868530140724033, 1.1704165029805154, 0.8358254779595882, 1.1369597529992461]
3 4.423 [0.6349981159437448, 0.5865901510696858, 1.1992848247755319, 0.7673329750541598, 1.2345266179181635]
2026-04-21 12:30:56.255977 Sync done -> model run start
2026-04-21 12:30:56.277480 Sync done -> model run start
2026-04-21 12:30:56.288054 Sync done -> model run start
2026-04-21 12:30:56.305832 Sync done -> model run start
2 5.013 [0.5983797500375658, 1.08577427896671, 1.0964833688922226, 1.2010336020030081, 1.031502055004239]
3 5.079 [0.5996342780999839, 1.131239176960662, 1.101487108040601, 1.2000378749798983, 1.046390458010137]
0 5.23 [0.6035871349740773, 1.2752711451612413, 1.1162470749113709, 1.2015664118807763, 1.0335534559562802]
1 5.342 [0.5985252179671079, 1.1936882559675723, 1.1832918711006641, 1.254212022991851, 1.11217359197326]
2026-04-21 12:31:11.393566 Sync done -> model run start
2026-04-21 12:31:11.403568 Sync done -> model run start
2026-04-21 12:31:11.423652 Sync done -> model run start
2026-04-21 12:31:11.444892 Sync done -> model run start
1 4.529 [1.0319744378793985, 0.8595661278814077, 0.5951817259192467, 0.978047369979322, 1.063353372970596]
3 4.547 [1.0698501849547029, 0.824039438040927, 0.61868677707389, 1.0467399738263339, 0.987675003008917]
0 4.656 [1.1131342540029436, 0.8502539619803429, 0.5908397559542209, 1.1173634089063853, 0.9841690210159868]
2026-04-21 12:31:26.888087 Sync done -> model run start
2026-04-21 12:31:26.907818 Sync done -> model run start
2026-04-21 12:31:26.919217 Sync done -> model run start
2026-04-21 12:31:26.937262 Sync done -> model run start
1 4.96 [0.5985690541565418, 1.0527200500946492, 1.1765221629757434, 0.935748232062906, 1.1967011780943722]
2 4.991 [0.5997303531039506, 1.0645583050791174, 1.164156983140856, 0.9639688448514789, 1.198320132214576]
0 5.117 [0.6026230549905449, 1.0345331651624292, 1.3056654629763216, 1.047950163949281, 1.1261984219308943]
3 5.121 [0.642919837962836, 1.166746614035219, 1.0900359540246427, 1.1111052269116044, 1.1098729379009455]
2026-04-21 12:31:42.100615 Sync done -> model run start
2026-04-21 12:31:42.120023 Sync done -> model run start
2026-04-21 12:31:42.153104 Sync done -> model run start
2026-04-21 12:31:42.178002 Sync done -> model run start
1 5.105 [1.0438931290991604, 1.250251717865467, 1.0428847959265113, 1.196800587931648, 0.5710726990364492]
3 5.095 [1.0673898460809141, 1.2126003969460726, 1.0548729461152107, 1.181910309009254, 0.5782420579344034]
0 5.186 [1.0279835818801075, 1.3619735441170633, 1.0877942238003016, 1.1328989111352712, 0.574629409937188]
2 5.231 [1.0814399179071188, 1.294100939994678, 1.1808991660363972, 1.069535463117063, 0.6049497569911182]
2026-04-21 12:31:57.615829 Sync done -> model run start
2026-04-21 12:31:57.630406 Sync done -> model run start
2026-04-21 12:31:57.638872 Sync done -> model run start
2026-04-21 12:31:57.658264 Sync done -> model run start
2 5.417 [1.1548881710041314, 1.185379141010344, 1.1887677770573646, 1.0168607768137008, 0.8707654371391982]
0 5.453 [1.2003996800631285, 1.1847407051827759, 1.1776757189072669, 1.029886371921748, 0.8602554090321064]
3 5.438 [1.2125551209319383, 1.195701721124351, 1.1440974108409137, 1.056492978008464, 0.8288973041344434]
1 5.58 [1.2159911538474262, 1.2795275170356035, 1.1402076280210167, 1.1875789249315858, 0.7569080961402506]
2026-04-21 12:32:12.985318 Sync done -> model run start
2026-04-21 12:32:13.001842 Sync done -> model run start
2026-04-21 12:32:13.012432 Sync done -> model run start
2026-04-21 12:32:13.030302 Sync done -> model run start
0 3.834 [0.6017229279968888, 0.5862669730558991, 1.0261018369346857, 1.0448190849274397, 0.5748649670276791]
1 3.891 [0.5995684009976685, 0.5863123370800167, 1.0395153479184955, 1.087405860889703, 0.5784904800821096]
3 3.873 [0.6002075660508126, 0.5834602611139417, 1.061913212062791, 1.0513444871176034, 0.5756084551103413]
2 3.932 [0.6005280870012939, 0.6317734820768237, 1.159096164163202, 0.9693371241446584, 0.5714387251064181]
2026-04-21 12:32:28.154399 Sync done -> model run start
2026-04-21 12:32:28.168702 Sync done -> model run start
2026-04-21 12:32:28.179601 Sync done -> model run start
2026-04-21 12:32:28.194780 Sync done -> model run start
0 3.978 [0.5971649091225117, 0.5832999930717051, 0.8722595791332424, 1.221878866199404, 0.7031904940959066]
3 4.025 [0.596168349031359, 0.5816160379908979, 1.0275508309714496, 1.1982354309875518, 0.6213354240171611]
2 4.179 [0.642451313091442, 0.5850172811187804, 1.1771522010676563, 1.1741495500318706, 0.599636202910915]
1 3.982 [0.5970544929150492, 0.5845322818495333, 0.8946991621050984, 1.218171947170049, 0.6872847490012646]
2026-04-21 12:32:43.326124 Sync done -> model run start
2026-04-21 12:32:43.340803 Sync done -> model run start
2026-04-21 12:32:43.352673 Sync done -> model run start
2026-04-21 12:32:43.373255 Sync done -> model run start
1 4.649 [0.6023957750294358, 1.154775467934087, 1.032978825038299, 0.9397887310478836, 0.9191597679164261]
3 4.661 [0.6116904409136623, 1.181274675996974, 0.9979102101642638, 0.9820425901561975, 0.888172288890928]
0 4.737 [0.6073000859469175, 1.3130015020724386, 0.9539347919635475, 1.0261829029768705, 0.8366088159382343]
2 4.812 [0.6030048350803554, 1.2219544239342213, 1.0339114270173013, 1.130812396062538, 0.8217378610279411]
2026-04-21 12:32:49.290265 Sync done -> model run start
net_times: [[46.249, 1.126, 1210368, 605184], [7.759, 1.098, 1210368, 605184], [9.143, 1.093, 1210368, 605184], [8.238, 1.045, 1210368, 605184], [9.353, 1.046, 1210368, 605184], [8.577, 1.045, 1210368, 605184], [8.766, 1.051, 1210368, 605184], [8.302, 1.045, 1210368, 605184], [9.752, 1.046, 1210368, 605184], [9.511, 1.042, 1210368, 605184]]
echo 'race4fun' | sudo -S sh -c 'journalctl --since "2026-04-21 12:29:39.086138" --until "2026-04-21 12:32:49.290265" -k -o short-iso '| grep -i -E 'throttle|throttled|thermal|cpufreq|under-voltage|voltage'
