ALL SYNC
2026-04-21 12:23:20.324305 Sync done -> model run start
2026-04-21 12:23:20.324305 Sync done -> model run start
2026-04-21 12:23:20.324305 Sync done -> model run start
2026-04-21 12:23:20.367367 Sync done -> model run start
1 21.47 [5.993497484130785, 3.6228385742288083, 4.168208495946601, 3.7135328450240195, 3.9714187690988183]
2 21.832 [5.836135115940124, 3.726928055053577, 4.269218603847548, 3.8658756332006305, 4.133984402986243]
2026-04-21 12:23:45.880376 Sync done -> model run start
2026-04-21 12:23:45.892143 Sync done -> model run start
2026-04-21 12:23:45.912878 Sync done -> model run start
2026-04-21 12:23:45.932886 Sync done -> model run start
0 26.802 [5.334829696919769, 5.4784986230079085, 4.4447131040506065, 6.163064174121246, 5.380466595059261]
1 26.815 [5.380663530901074, 5.44149347092025, 4.4466498179826885, 6.16280282009393, 5.382767372066155]
2 26.872 [5.483456599991769, 5.411743256961927, 4.443221332971007, 6.148520914139226, 5.384772160090506]
3 27.615 [5.602126260055229, 5.566902752034366, 4.931027589831501, 6.396400613011792, 5.117970649851486]
2026-04-21 12:24:16.869599 Sync done -> model run start
2026-04-21 12:24:16.869599 Sync done -> model run start
2026-04-21 12:24:16.897498 Sync done -> model run start
2026-04-21 12:24:16.936417 Sync done -> model run start
2 30.171 [5.926759702153504, 5.093559378059581, 6.396845081122592, 6.356844068039209, 6.39650688203983]
1 30.237 [5.9909682960715145, 5.074098576093093, 6.413739739917219, 6.359810937894508, 6.398134692106396]
0 30.244 [6.029857399174944, 5.050846425117925, 6.400696064112708, 6.357332399813458, 6.405363064957783]
3 30.901 [6.364270445890725, 5.105038572102785, 6.787954424973577, 6.722638236125931, 5.920725999865681]
2026-04-21 12:24:51.275140 Sync done -> model run start
2026-04-21 12:24:51.275698 Sync done -> model run start
2026-04-21 12:24:51.294585 Sync done -> model run start
2026-04-21 12:24:51.381990 Sync done -> model run start
1 27.65 [6.459924078080803, 5.935611038003117, 5.673604543088004, 5.266128364019096, 4.314493878977373]
3 27.66 [6.489679547958076, 5.947339507052675, 5.660854408051819, 5.252166720107198, 4.309537481982261]
0 28.367 [6.627443269826472, 6.460250235861167, 5.4694985849782825, 5.910153120057657, 3.8999385519418865]
2 27.837 [6.47874362883158, 5.958470111945644, 5.660466543864459, 5.287693012971431, 4.451137388823554]
2026-04-21 12:25:24.058549 Sync done -> model run start
2026-04-21 12:25:24.076618 Sync done -> model run start
2026-04-21 12:25:24.094213 Sync done -> model run start
2026-04-21 12:25:24.128710 Sync done -> model run start
1 25.525 [5.690911518177018, 4.879795868182555, 5.113720091059804, 5.307066620094702, 4.53373312111944]
0 25.312 [5.624308355152607, 4.803111630026251, 5.178582736058161, 5.303255688864738, 4.40286726388149]
3 26.056 [5.8496543620713055, 5.443311319919303, 4.835059643955901, 6.01944590290077, 3.9087009609211236]
2026-04-21 12:25:55.529296 Sync done -> model run start
2026-04-21 12:25:55.531054 Sync done -> model run start
2026-04-21 12:25:55.531395 Sync done -> model run start
2026-04-21 12:25:55.601375 Sync done -> model run start
3 27.619 [6.060744456015527, 5.164469164097682, 5.736144775990397, 4.513830845011398, 6.14357317914255]
0 27.678 [6.115022117039189, 5.146792060928419, 5.770081534981728, 4.519295261008665, 6.12659107404761]
1 28.582 [6.477224473841488, 5.0823792070150375, 6.359687990974635, 4.390884866937995, 6.271566574927419]
2 28.654 [6.269056887133047, 5.064013618044555, 5.976006361888722, 4.847740950062871, 6.496480999980122]
2026-04-21 12:26:29.644612 Sync done -> model run start
2026-04-21 12:26:29.644612 Sync done -> model run start
2026-04-21 12:26:29.671006 Sync done -> model run start
2026-04-21 12:26:29.739241 Sync done -> model run start
0 29.307 [5.024220783961937, 6.265245934948325, 6.099609881872311, 6.351006627082825, 5.566403649980202]
1 29.401 [5.009880394907668, 6.270953632192686, 6.109688977012411, 6.422357219969854, 5.587472514016554]
3 29.484 [5.116790140047669, 6.24640357401222, 6.096933948807418, 6.471604102989659, 5.552037894027308]
2 30.55 [5.15580897196196, 6.538256559055299, 6.547361989039928, 6.8960434859618545, 5.412760755047202]
2026-04-21 12:27:04.315180 Sync done -> model run start
2026-04-21 12:27:04.338691 Sync done -> model run start
2026-04-21 12:27:04.396256 Sync done -> model run start
2026-04-21 12:27:04.452879 Sync done -> model run start
2 27.133 [5.075656692031771, 3.977768903132528, 5.556847288040444, 6.329876599134877, 6.192246183985844]
0 27.107 [5.0820307941176, 3.953643585089594, 5.565242583863437, 6.312057207105681, 6.193873160053045]
3 27.323 [5.0673357718624175, 4.033894158201292, 5.6999462260864675, 6.307399871991947, 6.214266086928546]
1 27.911 [5.42502616904676, 4.008959620958194, 5.8792566519696265, 6.801670921035111, 5.796099251136184]
2026-04-21 12:27:37.754507 Sync done -> model run start
2026-04-21 12:27:37.766861 Sync done -> model run start
2026-04-21 12:27:37.767184 Sync done -> model run start
2026-04-21 12:27:37.833406 Sync done -> model run start
1 26.135 [4.671194527065381, 5.418747471878305, 3.893378105945885, 6.227667375002056, 5.924065486062318]
0 26.257 [4.721944893943146, 5.417964712018147, 3.9583653709851205, 6.211192718939856, 5.947057991055772]
3 26.326 [4.6221871769521385, 5.420603561913595, 4.102176852058619, 6.234236056916416, 5.947089083958417]
2 27.17 [4.781294150045142, 5.5510675688274205, 4.317950373981148, 6.677273904904723, 5.841877517988905]
2026-04-21 12:28:08.634763 Sync done -> model run start
2026-04-21 12:28:08.719915 Sync done -> model run start
2026-04-21 12:28:08.745559 Sync done -> model run start
2026-04-21 12:28:08.764382 Sync done -> model run start
0 25.839 [4.405655845999718, 5.346752220066264, 5.4133400118444115, 5.666789134033024, 5.0060909821186215]
3 25.926 [4.3847921912092716, 5.653131225844845, 5.225276542827487, 5.856429417151958, 4.805967957014218]
2 25.926 [4.4174395189620554, 5.5879286509007215, 5.230082364985719, 5.896857718005776, 4.793196837883443]
1 26.524 [4.517863062908873, 5.787871832959354, 5.302823047153652, 6.26120414910838, 4.654033006867394]
2026-04-21 12:28:38.952604 Sync done -> model run start
net_times: [[0.0, 2.153, 0, 1210368], [0.0, 1.898, 0, 1210368], [0.0, 1.881, 0, 1210368], [0.0, 2.787, 0, 1210368], [0.0, 3.823, 0, 1210368], [0.0, 3.916, 0, 1210368], [0.0, 2.519, 0, 1210368], [0.0, 4.03, 0, 1210368], [0.0, 2.183, 0, 1210368], [0.0, 3.562, 0, 1210368]]
echo 'race4fun' | sudo -S sh -c 'journalctl --since "2026-04-21 12:23:17.484060" --until "2026-04-21 12:28:38.952604" -k -o short-iso '| grep -i -E 'throttle|throttled|thermal|cpufreq|under-voltage|voltage'
