ALL SYNC
2026-04-21 11:15:00.404585 Sync done -> model run start
2026-04-21 11:15:00.404585 Sync done -> model run start
2026-04-21 11:15:00.404592 Sync done -> model run start
2026-04-21 11:15:00.412156 Sync done -> model run start
3 1.655 [0.3813827659469098, 0.3183496808633208, 0.32004425791092217, 0.3181579632218927, 0.3171425499022007]
1 1.66 [0.3847399400547147, 0.31877264799550176, 0.3187556171324104, 0.3188537408132106, 0.31865624291822314]
0 1.663 [0.3867838899604976, 0.3191921259276569, 0.3194251980166882, 0.3185221280436963, 0.3189553029369563]
2 1.684 [0.3684229729697108, 0.3187500440981239, 0.317905412055552, 0.3624292458407581, 0.3165033869445324]
2026-04-21 11:15:04.983650 Sync done -> model run start
2026-04-21 11:15:04.986024 Sync done -> model run start
2026-04-21 11:15:04.992640 Sync done -> model run start
2026-04-21 11:15:04.996361 Sync done -> model run start
1 1.595 [0.32323242211714387, 0.3193239481188357, 0.3173813510220498, 0.31765223504044116, 0.31726906006224453]
2 1.594 [0.32389752310700715, 0.3181667129974812, 0.3167034890502691, 0.31734687206335366, 0.3175237469840795]
3 1.595 [0.32335934811271727, 0.3185617630369961, 0.3173892681952566, 0.31765051605179906, 0.3183363468851894]
0 1.68 [0.36688521783798933, 0.31796181784011424, 0.3172261440195143, 0.32483007200062275, 0.3528001180384308]
2026-04-21 11:15:10.949273 Sync done -> model run start
2026-04-21 11:15:10.951535 Sync done -> model run start
2026-04-21 11:15:10.959770 Sync done -> model run start
2026-04-21 11:15:10.967541 Sync done -> model run start
2 1.597 [0.32362705492414534, 0.3186519709415734, 0.317562913056463, 0.3197346741799265, 0.3177317138761282]
1 1.599 [0.3245633540209383, 0.3202344118617475, 0.317951972829178, 0.31915347883477807, 0.3172537989448756]
3 1.597 [0.32346741994842887, 0.31875827303156257, 0.31734140310436487, 0.3193469678517431, 0.3179347859695554]
0 1.688 [0.3690871358849108, 0.32100633601658046, 0.3172872888389975, 0.3259679840411991, 0.35488417092710733]
2026-04-21 11:15:16.990508 Sync done -> model run start
2026-04-21 11:15:16.990603 Sync done -> model run start
2026-04-21 11:15:16.999244 Sync done -> model run start
2026-04-21 11:15:17.004119 Sync done -> model run start
0 1.595 [0.3257705878932029, 0.3177870779763907, 0.3173711420968175, 0.31695630005560815, 0.31669932208023965]
2 1.594 [0.32438866700977087, 0.3178209320176393, 0.31715577910654247, 0.3172490068245679, 0.31748733995482326]
3 1.595 [0.32441137498244643, 0.3181832218542695, 0.3175390060059726, 0.3172125490382314, 0.31753697502426803]
1 1.682 [0.35754676489159465, 0.3324073851108551, 0.317464891821146, 0.31791306706145406, 0.35634202999062836]
2026-04-21 11:15:23.018000 Sync done -> model run start
2026-04-21 11:15:23.021037 Sync done -> model run start
2026-04-21 11:15:23.025249 Sync done -> model run start
2026-04-21 11:15:23.029769 Sync done -> model run start
3 1.619 [0.3253004851285368, 0.31832790886983275, 0.3181085870601237, 0.31797155598178506, 0.3388020461425185]
2 1.626 [0.32448517601005733, 0.31794686894863844, 0.317814108915627, 0.3173969751223922, 0.3484176849015057]
1 1.63 [0.3244121039751917, 0.318397908937186, 0.3173525999300182, 0.31788613996468484, 0.3522264731582254]
0 1.706 [0.33296910114586353, 0.3542765169404447, 0.3174594750162214, 0.32776011107489467, 0.3733280037995428]
2026-04-21 11:15:29.035182 Sync done -> model run start
2026-04-21 11:15:29.037123 Sync done -> model run start
2026-04-21 11:15:29.043568 Sync done -> model run start
2026-04-21 11:15:29.047747 Sync done -> model run start
0 1.597 [0.32244825712405145, 0.3192482690792531, 0.31803603493608534, 0.3187204070854932, 0.31855983496643603]
1 1.598 [0.3237377309706062, 0.31885545793920755, 0.3177110361866653, 0.31878676102496684, 0.31860306300222874]
2 1.598 [0.32235148595646024, 0.3186273861210793, 0.31772994203493, 0.3185631160158664, 0.3205152431037277]
3 1.657 [0.322800911962986, 0.36281080497428775, 0.31760379602201283, 0.3187943119555712, 0.3344709170050919]
2026-04-21 11:15:35.052231 Sync done -> model run start
2026-04-21 11:15:35.053717 Sync done -> model run start
2026-04-21 11:15:35.061339 Sync done -> model run start
2026-04-21 11:15:35.063943 Sync done -> model run start
2 1.597 [0.3254155358299613, 0.31913545704446733, 0.3173207240179181, 0.3171306208241731, 0.3176841610111296]
1 1.599 [0.32594517013058066, 0.3190291030332446, 0.31809749314561486, 0.3180436899419874, 0.3178948359563947]
3 1.6 [0.3262442830018699, 0.3192413419019431, 0.31758322287350893, 0.31804191903211176, 0.31830186606384814]
0 1.641 [0.32450574822723866, 0.36433111201040447, 0.3172236420214176, 0.317602806026116, 0.3175187958404422]
2026-04-21 11:15:41.092382 Sync done -> model run start
2026-04-21 11:15:41.097003 Sync done -> model run start
2026-04-21 11:15:41.103746 Sync done -> model run start
2026-04-21 11:15:41.106598 Sync done -> model run start
1 1.593 [0.3229731491301209, 0.31755296303890646, 0.3175978069193661, 0.31759223295375705, 0.31744650402106345]
3 1.596 [0.3240158020053059, 0.31794665893539786, 0.3175971289165318, 0.31794384587556124, 0.31796806515194476]
2 1.593 [0.3234000748489052, 0.3172719741705805, 0.316996922949329, 0.31750358804129064, 0.31779889902099967]
0 1.639 [0.32267872290685773, 0.36220757802948356, 0.31760280719026923, 0.3176733790896833, 0.31891967612318695]
2026-04-21 11:15:47.166422 Sync done -> model run start
2026-04-21 11:15:47.166422 Sync done -> model run start
2026-04-21 11:15:47.177053 Sync done -> model run start
2026-04-21 11:15:47.181858 Sync done -> model run start
2 1.595 [0.32444850797764957, 0.3182002508547157, 0.3175153590273112, 0.31740113999694586, 0.31762691983021796]
1 1.6 [0.3254330358467996, 0.3183411881327629, 0.31831915699876845, 0.317532598040998, 0.3200685780029744]
0 1.644 [0.3300449450034648, 0.362227994017303, 0.3179624399635941, 0.3174964520148933, 0.3153440640307963]
2026-04-21 11:15:53.172449 Sync done -> model run start
2026-04-21 11:15:53.175865 Sync done -> model run start
2026-04-21 11:15:53.183234 Sync done -> model run start
2026-04-21 11:15:53.186266 Sync done -> model run start
1 1.666 [0.3246444961987436, 0.31922592385672033, 0.3479562271386385, 0.35225912695750594, 0.3213375301565975]
3 1.656 [0.32397163519635797, 0.31959639210253954, 0.3460857660975307, 0.3452495720703155, 0.32117773895151913]
0 1.681 [0.32411975879222155, 0.3224704950116575, 0.3569105661008507, 0.3494152838829905, 0.3278259939979762]
2 1.702 [0.3293582280166447, 0.3759441371075809, 0.33056697295978665, 0.34715123008936644, 0.3186162910424173]
2026-04-21 11:15:55.143178 Sync done -> model run start
net_times: [[11.127, 0.175, 401408, 100352], [2.346, 0.157, 401408, 100352], [3.759, 0.179, 401408, 100352], [3.809, 0.179, 401408, 100352], [3.802, 0.178, 401408, 100352], [3.754, 0.181, 401408, 100352], [3.79, 0.179, 401408, 100352], [3.856, 0.178, 401408, 100352], [3.843, 0.179, 401408, 100352], [3.825, 0.179, 401408, 100352]]
echo 'race4fun' | sudo -S sh -c 'journalctl --since "2026-04-21 11:14:48.384377" --until "2026-04-21 11:15:55.143178" -k -o short-iso '| grep -i -E 'throttle|throttled|thermal|cpufreq|under-voltage|voltage'
