ALL SYNC
2026-04-21 11:14:54.749734 Sync done -> model run start
2026-04-21 11:14:54.749731 Sync done -> model run start
2026-04-21 11:14:54.749731 Sync done -> model run start
2026-04-21 11:14:54.749731 Sync done -> model run start
3 0.137 [0.04146616719663143, 0.02906484785489738, 0.023435459937900305, 0.021465109894052148, 0.02138391206972301]
0 0.136 [0.041466011200100183, 0.029083702014759183, 0.02335592987947166, 0.02109631011262536, 0.021194173954427242]
2 0.137 [0.0414704370778054, 0.029073648853227496, 0.023363637970760465, 0.021284224931150675, 0.0213490161113441]
1 0.136 [0.04146632319316268, 0.028713183011859655, 0.023705927189439535, 0.021096152951940894, 0.021193861961364746]
2026-04-21 11:15:00.428467 Sync done -> model run start
2026-04-21 11:15:00.486607 Sync done -> model run start
2026-04-21 11:15:00.557359 Sync done -> model run start
2026-04-21 11:15:00.640143 Sync done -> model run start
0 0.083 [0.021371046779677272, 0.01813471713103354, 0.01153413811698556, 0.013448758982121944, 0.017695968970656395]
1 0.094 [0.02810126100666821, 0.02374946908093989, 0.015910461079329252, 0.012582515832036734, 0.013083606027066708]
2 0.071 [0.021929272916167974, 0.019898453960195184, 0.010147376218810678, 0.009235820965841413, 0.009442329872399569]
3 0.046 [0.01380797615274787, 0.011106797028332949, 0.006943231914192438, 0.007307501044124365, 0.006969170179218054]
2026-04-21 11:15:06.403661 Sync done -> model run start
2026-04-21 11:15:06.460467 Sync done -> model run start
2026-04-21 11:15:06.534825 Sync done -> model run start
2026-04-21 11:15:06.619107 Sync done -> model run start
0 0.087 [0.024565921165049076, 0.017932269955053926, 0.013632248155772686, 0.014526148093864322, 0.01573603507131338]
1 0.101 [0.03454376710578799, 0.022919786861166358, 0.014082400826737285, 0.01464786590076983, 0.014170004986226559]
2 0.081 [0.030395827954635024, 0.019345175940543413, 0.013449176913127303, 0.010147324996069074, 0.007597394986078143]
3 0.052 [0.019454395165666938, 0.010879351058974862, 0.007858122000470757, 0.0068983889650553465, 0.006938388105481863]
2026-04-21 11:15:12.450947 Sync done -> model run start
2026-04-21 11:15:12.505014 Sync done -> model run start
2026-04-21 11:15:12.605736 Sync done -> model run start
2026-04-21 11:15:12.652460 Sync done -> model run start
0 0.078 [0.024023476988077164, 0.017804353963583708, 0.011080964002758265, 0.013103188946843147, 0.011882103979587555]
1 0.09 [0.02124813199043274, 0.022715674014762044, 0.01619478198699653, 0.016634259140118957, 0.013348343083634973]
2 0.059 [0.02084714500233531, 0.012763087870553136, 0.007636769907549024, 0.008215514943003654, 0.009294830961152911]
3 0.052 [0.014711198164150119, 0.01428213994950056, 0.00911561306566, 0.006931358017027378, 0.007003284990787506]
2026-04-21 11:15:18.433818 Sync done -> model run start
2026-04-21 11:15:18.494294 Sync done -> model run start
2026-04-21 11:15:18.595624 Sync done -> model run start
2026-04-21 11:15:18.649943 Sync done -> model run start
0 0.099 [0.027817460941150784, 0.025173937901854515, 0.01798195787705481, 0.013474125182256103, 0.01378547609783709]
1 0.093 [0.02904708799906075, 0.025307062081992626, 0.01388974697329104, 0.011720699025318027, 0.012244601035490632]
2 0.067 [0.026253201998770237, 0.013909328961744905, 0.008707802975550294, 0.007993901846930385, 0.009908056119456887]
3 0.056 [0.018608151003718376, 0.014648386975750327, 0.008395357988774776, 0.006945784203708172, 0.006928598042577505]
2026-04-21 11:15:24.476030 Sync done -> model run start
2026-04-21 11:15:24.501177 Sync done -> model run start
2026-04-21 11:15:24.593996 Sync done -> model run start
2026-04-21 11:15:24.668476 Sync done -> model run start
0 0.099 [0.032642270904034376, 0.018323935102671385, 0.01756326202303171, 0.01745768985711038, 0.01173731405287981]
1 0.1 [0.019021013053134084, 0.026373930042609572, 0.022317968076094985, 0.017600917955860496, 0.014863020973280072]
2 0.072 [0.023766135098412633, 0.01878596213646233, 0.013154022162780166, 0.007899944903329015, 0.007754321210086346]
3 0.048 [0.014466461027041078, 0.01201642700470984, 0.007017607102170587, 0.006945003988221288, 0.006915368139743805]
2026-04-21 11:15:30.466653 Sync done -> model run start
2026-04-21 11:15:30.568675 Sync done -> model run start
2026-04-21 11:15:30.610209 Sync done -> model run start
2026-04-21 11:15:30.688636 Sync done -> model run start
0 0.078 [0.022463124012574553, 0.01625561504624784, 0.015454007079824805, 0.012645900947973132, 0.011127579025924206]
1 0.105 [0.04233850515447557, 0.02136401692405343, 0.015416766982525587, 0.013502093032002449, 0.01161913713440299]
2 0.087 [0.03060634806752205, 0.021080060163512826, 0.013145636999979615, 0.01005597086623311, 0.011558772996068]
3 0.059 [0.02263463311828673, 0.013776152860373259, 0.007910153130069375, 0.006961670005694032, 0.0071116171311587095]
2026-04-21 11:15:36.524004 Sync done -> model run start
2026-04-21 11:15:36.581396 Sync done -> model run start
2026-04-21 11:15:36.658199 Sync done -> model run start
2026-04-21 11:15:36.749857 Sync done -> model run start
0 0.078 [0.020684699062258005, 0.01841164194047451, 0.0109100800473243, 0.013096262002363801, 0.014340942027047276]
1 0.083 [0.02279661106877029, 0.021072403993457556, 0.01027175085619092, 0.015533380908891559, 0.013459488982334733]
2 0.069 [0.02057886589318514, 0.01596327405422926, 0.01155658601783216, 0.010616645216941833, 0.010449457913637161]
3 0.043 [0.010586176067590714, 0.01076356996782124, 0.007265729829668999, 0.006962503073737025, 0.0069786489475518465]
2026-04-21 11:15:42.563725 Sync done -> model run start
2026-04-21 11:15:42.607572 Sync done -> model run start
2026-04-21 11:15:42.673617 Sync done -> model run start
2026-04-21 11:15:42.774421 Sync done -> model run start
1 0.112 [0.03493069298565388, 0.019737205933779478, 0.017126807011663914, 0.021584952948614955, 0.01807726896367967]
0 0.105 [0.026236274978145957, 0.017935812007635832, 0.02198880515061319, 0.02374285412952304, 0.014841928146779537]
2 0.084 [0.0315968100912869, 0.021094227908179164, 0.013499333057552576, 0.01045539602637291, 0.007212136872112751]
3 0.048 [0.014376202132552862, 0.010782893979921937, 0.007933798944577575, 0.007157034007832408, 0.007148751989006996]
2026-04-21 11:15:48.576438 Sync done -> model run start
2026-04-21 11:15:48.637946 Sync done -> model run start
2026-04-21 11:15:48.711091 Sync done -> model run start
2026-04-21 11:15:48.802545 Sync done -> model run start
0 0.087 [0.02353072096593678, 0.0207914172206074, 0.012272934895008802, 0.013838757993653417, 0.016000044997781515]
2 0.075 [0.023223432013764977, 0.018728670896962285, 0.01301266998052597, 0.01077940408140421, 0.008871916914358735]
1 0.087 [0.0266329909209162, 0.021123862825334072, 0.011084767058491707, 0.012910846853628755, 0.01522645610384643]
3 0.042 [0.010397376026958227, 0.010876018088310957, 0.006966981803998351, 0.0070412009954452515, 0.007085680030286312]
2026-04-21 11:15:50.255177 Sync done -> model run start
net_times: [[5.854, 1.383, 3211264, 802816], [3.906, 1.317, 3211264, 802816], [4.184, 1.337, 3211264, 802816], [4.221, 1.332, 3211264, 802816], [4.184, 1.327, 3211264, 802816], [4.21, 1.328, 3211264, 802816], [4.205, 1.335, 3211264, 802816], [4.216, 1.332, 3211264, 802816], [4.222, 1.333, 3211264, 802816], [4.2, 1.327, 3211264, 802816]]
echo 'race4fun' | sudo -S sh -c 'journalctl --since "2026-04-21 11:14:48.386728" --until "2026-04-21 11:15:50.255177" -k -o short-iso '| grep -i -E 'throttle|throttled|thermal|cpufreq|under-voltage|voltage'
