ALL SYNC
2026-04-21 11:15:02.758910 Sync done -> model run start
2026-04-21 11:15:02.758910 Sync done -> model run start
2026-04-21 11:15:02.758910 Sync done -> model run start
2026-04-21 11:15:02.758910 Sync done -> model run start
2 0.038 [0.030164662981405854, 0.0020538419485092163, 0.0019513419829308987, 0.0017235309351235628, 0.0016447301022708416]
3 0.039 [0.030472890939563513, 0.0017378018237650394, 0.0018216029275208712, 0.0018049369100481272, 0.002751337829977274]
0 0.04 [0.030064611928537488, 0.002147903898730874, 0.0018220208585262299, 0.004405807005241513, 0.0015200430061668158]
1 0.04 [0.03009096486493945, 0.0032733650878071785, 0.003038628026843071, 0.0020216028206050396, 0.0015204600058495998]
2026-04-21 11:15:06.934848 Sync done -> model run start
2026-04-21 11:15:06.934848 Sync done -> model run start
2026-04-21 11:15:06.941795 Sync done -> model run start
2026-04-21 11:15:06.961282 Sync done -> model run start
0 0.012 [0.00511877192184329, 0.0015978030860424042, 0.0017791560385376215, 0.00188639503903687, 0.0014207731001079082]
1 0.012 [0.005118353990837932, 0.0015974908601492643, 0.0017790510319173336, 0.0018863428849726915, 0.0014206171035766602]
2 0.011 [0.006104703061282635, 0.0014928560703992844, 0.0009424421004951, 0.0009614520240575075, 0.0009642660152167082]
3 0.011 [0.007256103213876486, 0.0009317130316048861, 0.0008006719872355461, 0.0006553090643137693, 0.0007071839645504951]
2026-04-21 11:15:12.953974 Sync done -> model run start
2026-04-21 11:15:12.953974 Sync done -> model run start
2026-04-21 11:15:12.959610 Sync done -> model run start
2026-04-21 11:15:12.976535 Sync done -> model run start
0 0.015 [0.006858813110738993, 0.0023346729576587677, 0.0019150918815284967, 0.0018475409597158432, 0.0019629569724202156]
1 0.015 [0.006858709035441279, 0.0023360790219157934, 0.0019151440355926752, 0.001847853185608983, 0.0019522279035300016]
2 0.015 [0.008542553056031466, 0.001963997958227992, 0.0018096768762916327, 0.0014598870184272528, 0.0009639009367674589]
3 0.014 [0.004600702086463571, 0.002782535972073674, 0.00247394316829741, 0.002310402924194932, 0.0013419189490377903]
2026-04-21 11:15:18.978275 Sync done -> model run start
2026-04-21 11:15:18.979141 Sync done -> model run start
2026-04-21 11:15:18.981947 Sync done -> model run start
2026-04-21 11:15:18.985606 Sync done -> model run start
0 0.015 [0.007157822139561176, 0.0020099878311157227, 0.002007019007578492, 0.001993476878851652, 0.002013581106439233]
2 0.015 [0.0076339649967849255, 0.0019607169087976217, 0.0019563951063901186, 0.001674938015639782, 0.0019780611619353294]
1 0.015 [0.006282722810283303, 0.002021186053752899, 0.002006863011047244, 0.0019938938785344362, 0.0020156130194664]
2026-04-21 11:15:25.051305 Sync done -> model run start
2026-04-21 11:15:25.053160 Sync done -> model run start
2026-04-21 11:15:25.057218 Sync done -> model run start
2026-04-21 11:15:25.063452 Sync done -> model run start
1 0.015 [0.007361987140029669, 0.001812957925722003, 0.0015446259640157223, 0.0018131660763174295, 0.001627958845347166]
0 0.015 [0.007346882950514555, 0.002041341969743371, 0.0015957721043378115, 0.001574991038069129, 0.0018126459326595068]
2 0.014 [0.006824906915426254, 0.0018200930207967758, 0.001669364981353283, 0.0017267598304897547, 0.001446085050702095]
3 0.011 [0.006225171033293009, 0.0015412929933518171, 0.0008959320839494467, 0.0009916599374264479, 0.0009516088757663965]
2026-04-21 11:15:31.026203 Sync done -> model run start
2026-04-21 11:15:31.026198 Sync done -> model run start
2026-04-21 11:15:31.030660 Sync done -> model run start
2026-04-21 11:15:31.034423 Sync done -> model run start
0 0.015 [0.006784595083445311, 0.001978060929104686, 0.0018914989195764065, 0.0018152501434087753, 0.002012592041864991]
1 0.015 [0.006784230004996061, 0.001975300954654813, 0.0018919159192591906, 0.0018157181330025196, 0.001977592008188367]
2 0.016 [0.007791515905410051, 0.0021823830902576447, 0.0016369170043617487, 0.0018567598890513182, 0.0017752500716596842]
3 0.014 [0.007655006134882569, 0.0018760301172733307, 0.0017281151376664639, 0.0013050970155745745, 0.0011168159544467926]
2026-04-21 11:15:37.005288 Sync done -> model run start
2026-04-21 11:15:37.005285 Sync done -> model run start
2026-04-21 11:15:37.011968 Sync done -> model run start
2026-04-21 11:15:37.015559 Sync done -> model run start
0 0.015 [0.00690912501886487, 0.0021748829167336226, 0.0019812381360679865, 0.002135196002200246, 0.0018923839088529348]
1 0.015 [0.006909282179549336, 0.0021746219135820866, 0.0019811338279396296, 0.002135039074346423, 0.0018926970660686493]
2 0.016 [0.008425939129665494, 0.001949572004377842, 0.0018795200157910585, 0.0018614470027387142, 0.001460460014641285]
3 0.015 [0.0076330790761858225, 0.0022515489254146814, 0.0016889481339603662, 0.0014507200103253126, 0.001255617942661047]
2026-04-21 11:15:43.064076 Sync done -> model run start
2026-04-21 11:15:43.065094 Sync done -> model run start
2026-04-21 11:15:43.068336 Sync done -> model run start
2026-04-21 11:15:43.070939 Sync done -> model run start
0 0.014 [0.006236837012693286, 0.0018318640068173409, 0.0017788950353860855, 0.0017664479091763496, 0.0017506659496575594]
1 0.013 [0.005979652050882578, 0.0018475409597158432, 0.0017435841728001833, 0.0016856139991432428, 0.0016635318752378225]
2 0.013 [0.006502616917714477, 0.0017255619168281555, 0.0016220740508288145, 0.001580564072355628, 0.001747384900227189]
3 0.013 [0.006508972030133009, 0.0017967079766094685, 0.001812438014894724, 0.0013094190508127213, 0.0011715029831975698]
2026-04-21 11:15:49.119445 Sync done -> model run start
2026-04-21 11:15:49.122277 Sync done -> model run start
2026-04-21 11:15:49.122277 Sync done -> model run start
2026-04-21 11:15:49.130006 Sync done -> model run start
2 0.014 [0.006596314022317529, 0.0019166560377925634, 0.0019712899811565876, 0.0019877490121871233, 0.0017873328179121017]
1 0.015 [0.006589074851945043, 0.001932176062837243, 0.00196342496201396, 0.001990248914808035, 0.0017852489836513996]
3 0.013 [0.0075877150520682335, 0.0018887908663600683, 0.001222857041284442, 0.0009819210972636938, 0.0008917648810893297]
0 0.015 [0.0072255299892276525, 0.001952124061062932, 0.0020203529857099056, 0.00199868599884212, 0.0019870710093528032]
2026-04-21 11:15:55.206315 Sync done -> model run start
2026-04-21 11:15:55.206314 Sync done -> model run start
2026-04-21 11:15:55.213698 Sync done -> model run start
2026-04-21 11:15:55.216809 Sync done -> model run start
0 0.016 [0.007013864116743207, 0.0021629040129482746, 0.0020603518933057785, 0.001976237865164876, 0.0020752481650561094]
1 0.016 [0.00701475003734231, 0.0021667059045284986, 0.0020601439755409956, 0.0019767589401453733, 0.0020754558499902487]
2 0.016 [0.008557866094633937, 0.0019266039598733187, 0.0020334250293672085, 0.0016963439993560314, 0.0012595751322805882]
3 0.014 [0.007510320050641894, 0.002035144018009305, 0.001519105164334178, 0.0014020749367773533, 0.0011508259922266006]
2026-04-21 11:15:55.299756 Sync done -> model run start
net_times: [[13.918, 0.0, 100352, 0], [3.984, 0.0, 100352, 0], [5.807, 0.0, 100352, 0], [5.819, 0.0, 100352, 0], [5.873, 0.0, 100352, 0], [5.783, 0.0, 100352, 0], [5.787, 0.0, 100352, 0], [5.863, 0.0, 100352, 0], [5.864, 0.0, 100352, 0], [5.901, 0.0, 100352, 0]]
echo 'race4fun' | sudo -S sh -c 'journalctl --since "2026-04-21 11:14:48.393508" --until "2026-04-21 11:15:55.299756" -k -o short-iso '| grep -i -E 'throttle|throttled|thermal|cpufreq|under-voltage|voltage'
