ALL SYNC
2026-04-21 11:13:48.027983 Sync done -> model run start
2026-04-21 11:13:48.027973 Sync done -> model run start
2026-04-21 11:13:48.027973 Sync done -> model run start
2026-04-21 11:13:48.027973 Sync done -> model run start
1 1.767 [0.44428150192834437, 0.3622041940689087, 0.33102078502997756, 0.31642725318670273, 0.3131323189008981]
2 1.776 [0.44428108516149223, 0.3726931600831449, 0.3288506369572133, 0.3165673559997231, 0.31314096390269697]
0 1.796 [0.4473556561861187, 0.37304461607709527, 0.33427493809722364, 0.3208447340875864, 0.31982916593551636]
3 1.823 [0.44428145000711083, 0.36220388184301555, 0.3811594790313393, 0.3171236561611295, 0.3176764661911875]
2026-04-21 11:13:50.762330 Sync done -> model run start
2026-04-21 11:13:50.765017 Sync done -> model run start
2026-04-21 11:13:50.776169 Sync done -> model run start
2026-04-21 11:13:50.786037 Sync done -> model run start
0 1.606 [0.3421170390211046, 0.3369809160940349, 0.31135670095682144, 0.30748781096190214, 0.3080141630489379]
2 1.603 [0.3436455230694264, 0.3380674209911376, 0.307527394965291, 0.306204586988315, 0.3074908850248903]
3 1.613 [0.34968409105204046, 0.33917356189340353, 0.30693921889178455, 0.30529245687648654, 0.31189232412725687]
1 1.665 [0.3436225540935993, 0.34338375297375023, 0.3496484658680856, 0.30712817795574665, 0.3212931698653847]
2026-04-21 11:13:54.557495 Sync done -> model run start
2026-04-21 11:13:54.565023 Sync done -> model run start
2026-04-21 11:13:54.577142 Sync done -> model run start
2026-04-21 11:13:54.583294 Sync done -> model run start
0 1.602 [0.33833471196703613, 0.3307039109058678, 0.31435517803765833, 0.3126592480111867, 0.30562130897305906]
2 1.6 [0.3398010600358248, 0.32887657498940825, 0.31378018017858267, 0.31004665489308536, 0.30755177000537515]
3 1.611 [0.345585827017203, 0.32959224889054894, 0.3153662148397416, 0.31039331993088126, 0.3100878519471735]
1 1.655 [0.3380177861545235, 0.3828104611020535, 0.312962215160951, 0.30415042908862233, 0.3166061071678996]
2026-04-21 11:13:57.643309 Sync done -> model run start
2026-04-21 11:13:57.644092 Sync done -> model run start
2026-04-21 11:13:57.652456 Sync done -> model run start
2026-04-21 11:13:57.664922 Sync done -> model run start
0 1.673 [0.3450514019932598, 0.362719088094309, 0.3195507291238755, 0.3214643669780344, 0.3243264378979802]
2 1.678 [0.3458045241422951, 0.3622151310555637, 0.3199098939076066, 0.32225665589794517, 0.32768579898402095]
3 1.689 [0.3446951019577682, 0.3604381079785526, 0.32079535885713995, 0.32649846002459526, 0.33651852211914957]
1 1.752 [0.36779120191931725, 0.3617774781305343, 0.32226530089974403, 0.39279354410246015, 0.30702411592938006]
2026-04-21 11:14:00.678841 Sync done -> model run start
2026-04-21 11:14:00.684335 Sync done -> model run start
2026-04-21 11:14:00.692953 Sync done -> model run start
2026-04-21 11:14:00.700736 Sync done -> model run start
1 1.599 [0.34197495714761317, 0.33354353392496705, 0.3077447370160371, 0.30772249796427786, 0.3077869249973446]
2 1.599 [0.34379750094376504, 0.33174427202902734, 0.30770702892914414, 0.307655778946355, 0.3081260381732136]
3 1.611 [0.35067101405002177, 0.3339355119969696, 0.3065655240789056, 0.3072163548786193, 0.3120900320354849]
0 1.653 [0.34066037903539836, 0.38111437484622, 0.30804525781422853, 0.3075864571146667, 0.31556527805514634]
2026-04-21 11:14:03.747219 Sync done -> model run start
2026-04-21 11:14:03.757756 Sync done -> model run start
2026-04-21 11:14:03.777437 Sync done -> model run start
2026-04-21 11:14:03.778500 Sync done -> model run start
0 1.64 [0.34396182419732213, 0.3446133828256279, 0.33022531983442605, 0.3106827980373055, 0.3102537898812443]
3 1.652 [0.34851039783097804, 0.34170704102143645, 0.32704173889942467, 0.3117361790500581, 0.323080088943243]
2 1.694 [0.3478970150463283, 0.34121501189656556, 0.32722132187336683, 0.3718920180108398, 0.3055603720713407]
1 1.641 [0.3436334920115769, 0.34648504201322794, 0.3299550600349903, 0.30979993706569076, 0.31145092006772757]
2026-04-21 11:14:06.835977 Sync done -> model run start
2026-04-21 11:14:06.845181 Sync done -> model run start
2026-04-21 11:14:06.851071 Sync done -> model run start
2026-04-21 11:14:06.858514 Sync done -> model run start
2 1.609 [0.3439006260596216, 0.3313327629584819, 0.3112513371743262, 0.310290768975392, 0.3122613341547549]
0 1.609 [0.3414133449550718, 0.3371361750178039, 0.3121178960427642, 0.3090629621874541, 0.3092985861003399]
1 1.668 [0.34190761391073465, 0.3823242129292339, 0.3083739532157779, 0.30789156001992524, 0.32759590400382876]
3 1.631 [0.3513608549255878, 0.33407165692187846, 0.3107892561238259, 0.30952431401237845, 0.32505732006393373]
2026-04-21 11:14:09.959241 Sync done -> model run start
2026-04-21 11:14:09.964024 Sync done -> model run start
2026-04-21 11:14:09.964024 Sync done -> model run start
2026-04-21 11:14:09.983496 Sync done -> model run start
0 1.674 [0.35885759396478534, 0.3430802649818361, 0.3225326440297067, 0.32304170401766896, 0.32621070207096636]
3 1.692 [0.3748299749568105, 0.35124601190909743, 0.3257702859118581, 0.318471672013402, 0.3210459831170738]
1 1.701 [0.36476085102185607, 0.35130700096488, 0.3274272589478642, 0.3256589330267161, 0.3321063530165702]
2 1.711 [0.35908238496631384, 0.3435844818595797, 0.35556396283209324, 0.3317483861465007, 0.32073676586151123]
2026-04-21 11:14:13.098441 Sync done -> model run start
2026-04-21 11:14:13.103672 Sync done -> model run start
2026-04-21 11:14:13.110869 Sync done -> model run start
2026-04-21 11:14:13.119629 Sync done -> model run start
2 1.634 [0.36439397698268294, 0.33208411280065775, 0.3131656008772552, 0.31220102100633085, 0.31176690803840756]
1 1.734 [0.4109833110123873, 0.33606977411545813, 0.31254596705548465, 0.31163826305419207, 0.3625008079688996]
3 1.647 [0.3680659921374172, 0.3337717631366104, 0.3148111149203032, 0.3122957078740001, 0.3173773009330034]
0 1.629 [0.3629713789559901, 0.3311621390748769, 0.3142059079837054, 0.31272528995759785, 0.3077031751163304]
2026-04-21 11:14:16.168464 Sync done -> model run start
2026-04-21 11:14:16.173722 Sync done -> model run start
2026-04-21 11:14:16.183924 Sync done -> model run start
2026-04-21 11:14:16.193373 Sync done -> model run start
0 1.628 [0.34189839591272175, 0.3375136230606586, 0.317713029216975, 0.3161667340900749, 0.3140632009599358]
1 1.628 [0.33954376983456314, 0.3366184171754867, 0.31900458596646786, 0.3175811020191759, 0.3150020509492606]
2 1.639 [0.3429117240011692, 0.3362283150199801, 0.32381409709341824, 0.31573730800300837, 0.31967999902553856]
3 1.699 [0.34796425490640104, 0.33857700298540294, 0.3974289938341826, 0.3182215169072151, 0.29642978589981794]
2026-04-21 11:14:19.190401 Sync done -> model run start
net_times: [[0.0, 0.736, 0, 802816], [0.0, 1.956, 0, 802816], [0.0, 1.238, 0, 802816], [0.0, 1.101, 0, 802816], [0.0, 1.241, 0, 802816], [0.0, 1.192, 0, 802816], [0.0, 1.264, 0, 802816], [0.0, 1.222, 0, 802816], [0.0, 1.159, 0, 802816], [0.0, 1.198, 0, 802816]]
echo 'race4fun' | sudo -S sh -c 'journalctl --since "2026-04-21 11:13:47.609956" --until "2026-04-21 11:14:19.190401" -k -o short-iso '| grep -i -E 'throttle|throttled|thermal|cpufreq|under-voltage|voltage'
