ALL SYNC
2026-04-21 11:14:56.846679 Sync done -> model run start
2026-04-21 11:14:56.846679 Sync done -> model run start
2026-04-21 11:14:56.846679 Sync done -> model run start
2026-04-21 11:14:56.846682 Sync done -> model run start
0 2.142 [0.48758658207952976, 0.4199419121723622, 0.41238199593499303, 0.40966133098118007, 0.41189288394525647]
2 2.154 [0.487586528994143, 0.42927302001044154, 0.41439188411459327, 0.4098388289567083, 0.4126568909268826]
1 2.253 [0.49874903610907495, 0.48324477719143033, 0.4148523500189185, 0.4115265829022974, 0.44431660417467356]
3 2.154 [0.48759611300192773, 0.4310847311280668, 0.41258585010655224, 0.409828465199098, 0.4126605889759958]
2026-04-21 11:15:02.194056 Sync done -> model run start
2026-04-21 11:15:02.199718 Sync done -> model run start
2026-04-21 11:15:02.210685 Sync done -> model run start
2026-04-21 11:15:02.220341 Sync done -> model run start
0 1.978 [0.40714602801017463, 0.39790939912199974, 0.3895604230929166, 0.3886677189730108, 0.39438399812206626]
1 1.996 [0.41078038909472525, 0.39792794082313776, 0.39110416802577674, 0.39188796607777476, 0.4040590620134026]
2 1.989 [0.41175397811457515, 0.3959365440532565, 0.39248390193097293, 0.3919298928231001, 0.3970776319038123]
3 2.077 [0.4624135079793632, 0.39720481913536787, 0.39254088001325727, 0.4409309399779886, 0.38344201096333563]
2026-04-21 11:15:08.183444 Sync done -> model run start
2026-04-21 11:15:08.195596 Sync done -> model run start
2026-04-21 11:15:08.206633 Sync done -> model run start
2026-04-21 11:15:08.216812 Sync done -> model run start
1 1.971 [0.40538608795031905, 0.3919582790695131, 0.3900069850496948, 0.3899589120410383, 0.3935642088763416]
2 1.974 [0.4066092078574002, 0.39146296796388924, 0.3906516700517386, 0.39000901603139937, 0.3952552971895784]
3 1.977 [0.40842701215296984, 0.3911974998190999, 0.39046463882550597, 0.3895103719551116, 0.39751294418238103]
0 2.064 [0.4167915100697428, 0.4305792129598558, 0.39028036897070706, 0.39776716101914644, 0.4285808359272778]
2026-04-21 11:15:14.219895 Sync done -> model run start
2026-04-21 11:15:14.228938 Sync done -> model run start
2026-04-21 11:15:14.238703 Sync done -> model run start
2026-04-21 11:15:14.247586 Sync done -> model run start
2 1.982 [0.4085753969848156, 0.39737299596890807, 0.39089343906380236, 0.39068401302210987, 0.39450774691067636]
1 1.979 [0.40856784605421126, 0.3958588361274451, 0.39008068293333054, 0.3901646400336176, 0.3944113929755986]
3 1.991 [0.41121752210892737, 0.3980312740895897, 0.39066942990757525, 0.3906289089936763, 0.40039043105207384]
0 2.072 [0.40733180893585086, 0.44328416092321277, 0.38995677698403597, 0.3900846929755062, 0.44062781799584627]
2026-04-21 11:15:20.214850 Sync done -> model run start
2026-04-21 11:15:20.220684 Sync done -> model run start
2026-04-21 11:15:20.233105 Sync done -> model run start
2026-04-21 11:15:20.245893 Sync done -> model run start
0 1.974 [0.40663103107362986, 0.39298228500410914, 0.3914917178917676, 0.3916924991644919, 0.3905019818339497]
1 1.99 [0.41020627692341805, 0.39474644511938095, 0.39192228903993964, 0.3915879160631448, 0.4017402180470526]
3 1.982 [0.40994122507981956, 0.3925993179436773, 0.3926444740500301, 0.39189004991203547, 0.3944828510284424]
2 2.067 [0.40980903804302216, 0.4426596318371594, 0.3923345790244639, 0.3919238520320505, 0.4303686411585659]
2026-04-21 11:15:26.238560 Sync done -> model run start
2026-04-21 11:15:26.243255 Sync done -> model run start
2026-04-21 11:15:26.254402 Sync done -> model run start
2026-04-21 11:15:26.266714 Sync done -> model run start
1 1.985 [0.41246569505892694, 0.392742337891832, 0.3952440470457077, 0.3931029618252069, 0.39085302292369306]
2 1.988 [0.41168007301166654, 0.393627803074196, 0.39600352314300835, 0.3926143180578947, 0.3938016560859978]
3 2.07 [0.41179272904992104, 0.4421293749473989, 0.3959373249672353, 0.39279421302489936, 0.4276225068606436]
2026-04-21 11:15:32.259990 Sync done -> model run start
2026-04-21 11:15:32.268825 Sync done -> model run start
2026-04-21 11:15:32.280717 Sync done -> model run start
2026-04-21 11:15:32.291733 Sync done -> model run start
1 1.975 [0.4070689990185201, 0.3940109789837152, 0.38993719406425953, 0.3912535950075835, 0.39281655685044825]
2 1.973 [0.40634915814734995, 0.3935885331593454, 0.3888251150492579, 0.38993485015816987, 0.3939661360345781]
0 2.068 [0.40660217707045376, 0.4437563989777118, 0.3906794299837202, 0.39099708502180874, 0.4357498688623309]
3 1.975 [0.40596697106957436, 0.3931706170551479, 0.38912995788268745, 0.3908486480358988, 0.3955264419782907]
2026-04-21 11:15:38.307065 Sync done -> model run start
2026-04-21 11:15:38.321026 Sync done -> model run start
2026-04-21 11:15:38.335111 Sync done -> model run start
2026-04-21 11:15:38.345149 Sync done -> model run start
0 1.986 [0.4142879268620163, 0.3953110780566931, 0.3919588520657271, 0.39086620113812387, 0.3931109830737114]
2 1.979 [0.4073363409843296, 0.3935855128802359, 0.3936544698663056, 0.3920990601181984, 0.39246426708996296]
3 1.985 [0.4084423261228949, 0.3942154571413994, 0.3954994110390544, 0.3926474950276315, 0.39413290610536933]
1 2.069 [0.40983039396815, 0.4415310441982001, 0.39509680797345936, 0.39162916596978903, 0.43072431697510183]
2026-04-21 11:15:44.333169 Sync done -> model run start
2026-04-21 11:15:44.338259 Sync done -> model run start
2026-04-21 11:15:44.350432 Sync done -> model run start
2026-04-21 11:15:44.364044 Sync done -> model run start
0 1.984 [0.4129931931383908, 0.3934596269391477, 0.3930128589272499, 0.3924315068870783, 0.39242843398824334]
1 1.995 [0.4161309930495918, 0.3955058688297868, 0.394033218966797, 0.392409527907148, 0.397129561053589]
3 1.989 [0.41422162507660687, 0.3933744200039655, 0.39415717613883317, 0.3927064009476453, 0.39443144598044455]
2 2.077 [0.41404787614010274, 0.4345836241263896, 0.40413192799314857, 0.39281306811608374, 0.4313829089514911]
2026-04-21 11:15:50.360485 Sync done -> model run start
2026-04-21 11:15:50.368014 Sync done -> model run start
2026-04-21 11:15:50.375709 Sync done -> model run start
2026-04-21 11:15:50.385446 Sync done -> model run start
0 2.014 [0.41104726307094097, 0.4016836560331285, 0.40498129883781075, 0.39949397812597454, 0.3970019568223506]
3 2.022 [0.4177708299830556, 0.4064222299493849, 0.4060115029569715, 0.39659539610147476, 0.3955035258550197]
2 2.049 [0.4198175398632884, 0.4088150330353528, 0.41273996396921575, 0.4060158780775964, 0.40161850093863904]
1 2.103 [0.4128590780310333, 0.42131961695849895, 0.4372551760170609, 0.4025555280968547, 0.42833531787618995]
2026-04-21 11:15:52.925276 Sync done -> model run start
net_times: [[7.964, 0.371, 802816, 401408], [2.509, 0.346, 802816, 401408], [3.32, 0.373, 802816, 401408], [3.386, 0.371, 802816, 401408], [3.337, 0.374, 802816, 401408], [3.341, 0.371, 802816, 401408], [3.349, 0.369, 802816, 401408], [3.375, 0.369, 802816, 401408], [3.36, 0.369, 802816, 401408], [3.342, 0.373, 802816, 401408]]
echo 'race4fun' | sudo -S sh -c 'journalctl --since "2026-04-21 11:14:48.392846" --until "2026-04-21 11:15:52.925276" -k -o short-iso '| grep -i -E 'throttle|throttled|thermal|cpufreq|under-voltage|voltage'
