ALL SYNC
2026-04-21 11:13:51.608426 Sync done -> model run start
2026-04-21 11:13:51.608426 Sync done -> model run start
2026-04-21 11:13:51.608426 Sync done -> model run start
2026-04-21 11:13:51.608426 Sync done -> model run start
2 2.709 [0.570160883013159, 0.5464946751017123, 0.5597846219316125, 0.5511872079223394, 0.4815389399882406]
1 2.628 [0.5592305101454258, 0.5108765328768641, 0.5608757641166449, 0.5087649270426482, 0.4882332889828831]
3 2.758 [0.5601925901137292, 0.5460544680245221, 0.6649344700854272, 0.5101913798134774, 0.4768405728973448]
0 2.635 [0.5594276958145201, 0.5141070410609245, 0.5621265401132405, 0.5097935681696981, 0.4897332829423249]
2026-04-21 11:13:54.765844 Sync done -> model run start
2026-04-21 11:13:54.770216 Sync done -> model run start
2026-04-21 11:13:54.785245 Sync done -> model run start
2026-04-21 11:13:54.791542 Sync done -> model run start
1 2.522 [0.5005625111516565, 0.48865823494270444, 0.49013354117050767, 0.5213131590280682, 0.520790504058823]
3 2.523 [0.4985816851258278, 0.48905620188452303, 0.49085265304893255, 0.5234282540623099, 0.521252429112792]
0 2.611 [0.5011361551005393, 0.4982507489621639, 0.5306582259945571, 0.5274640719871968, 0.5533045951742679]
2 2.675 [0.5019433388952166, 0.49121004808694124, 0.49104556906968355, 0.6283066440373659, 0.5626216409727931]
2026-04-21 11:13:57.825836 Sync done -> model run start
2026-04-21 11:13:57.835004 Sync done -> model run start
2026-04-21 11:13:57.844599 Sync done -> model run start
2026-04-21 11:13:57.866344 Sync done -> model run start
0 2.518 [0.499172932934016, 0.4884302671998739, 0.4887042238842696, 0.5134869909379631, 0.5281469330657274]
2 2.537 [0.4979244479909539, 0.4891716178972274, 0.48812750703655183, 0.537174970144406, 0.5241733549628407]
3 2.598 [0.5414385991171002, 0.4880500079598278, 0.48879760899581015, 0.5653325158637017, 0.5138891760725528]
1 2.646 [0.4974794499576092, 0.48898833710700274, 0.4875326140318066, 0.5597341011743993, 0.6124761330429465]
2026-04-21 11:14:00.866758 Sync done -> model run start
2026-04-21 11:14:00.879372 Sync done -> model run start
2026-04-21 11:14:00.899373 Sync done -> model run start
2026-04-21 11:14:00.925730 Sync done -> model run start
1 2.532 [0.5047877540346235, 0.4923867608886212, 0.48970963596366346, 0.5215587818529457, 0.5231137748342007]
3 2.532 [0.503719424828887, 0.4911142138298601, 0.4899733329657465, 0.5248660601209849, 0.5225835689343512]
2 2.6 [0.5002615740522742, 0.5066778510808945, 0.5220923209562898, 0.5208363879937679, 0.5503893969580531]
0 2.693 [0.5055970218963921, 0.4917483269236982, 0.4894800540059805, 0.6304619992151856, 0.5753089869394898]
2026-04-21 11:14:03.940439 Sync done -> model run start
2026-04-21 11:14:03.947345 Sync done -> model run start
2026-04-21 11:14:03.957465 Sync done -> model run start
2026-04-21 11:14:03.979649 Sync done -> model run start
0 2.522 [0.49912126595154405, 0.4901390611194074, 0.4903439038898796, 0.5183212938718498, 0.5241413749754429]
1 2.529 [0.5003258448559791, 0.4916639509610832, 0.4913806188851595, 0.5174639539327472, 0.527780839940533]
2 2.598 [0.5450692099984735, 0.49006854090839624, 0.4911061411257833, 0.5612488850019872, 0.5102046590764076]
3 2.655 [0.4967334629036486, 0.48966744914650917, 0.48969052196480334, 0.6096292159054428, 0.5690723438747227]
2026-04-21 11:14:07.033675 Sync done -> model run start
2026-04-21 11:14:07.034689 Sync done -> model run start
2026-04-21 11:14:07.053631 Sync done -> model run start
2026-04-21 11:14:07.087081 Sync done -> model run start
2 2.614 [0.5049959290772676, 0.5182703039608896, 0.4908423919696361, 0.5812653689645231, 0.5182437421754003]
0 2.579 [0.5102542939130217, 0.5270274570211768, 0.490573224844411, 0.5252600680105388, 0.5257280871737748]
1 2.636 [0.5114734040107578, 0.5205308680888265, 0.49019770603626966, 0.5227310680784285, 0.5912501739803702]
3 2.674 [0.5121169439516962, 0.5571571309119463, 0.49234644789248705, 0.5982130628544837, 0.513990530045703]
2026-04-21 11:14:10.148355 Sync done -> model run start
2026-04-21 11:14:10.158362 Sync done -> model run start
2026-04-21 11:14:10.171174 Sync done -> model run start
2026-04-21 11:14:10.189668 Sync done -> model run start
1 2.556 [0.4993720971979201, 0.490070414962247, 0.5056245198938996, 0.5306140061002225, 0.5305483289994299]
0 2.557 [0.5007622479461133, 0.4899581759236753, 0.5006477690767497, 0.5377635080367327, 0.527631307952106]
3 2.695 [0.4980695501435548, 0.4884230780880898, 0.5161376039031893, 0.6217166671995074, 0.5707498888950795]
2 2.614 [0.5428777071647346, 0.4885092230979353, 0.5454339990392327, 0.5211911778897047, 0.5161418749485165]
2026-04-21 11:14:13.298665 Sync done -> model run start
2026-04-21 11:14:13.299620 Sync done -> model run start
2026-04-21 11:14:13.313292 Sync done -> model run start
2026-04-21 11:14:13.329443 Sync done -> model run start
0 2.528 [0.50373874604702, 0.49051489192061126, 0.48992958199232817, 0.5154940120410174, 0.5283812012057751]
2 2.529 [0.5032863519154489, 0.4912844200152904, 0.49052905896678567, 0.5163849990349263, 0.5271636538673192]
3 2.611 [0.5039010380860418, 0.5370236160233617, 0.4895303640514612, 0.5653427219949663, 0.5145243289880455]
1 2.681 [0.5053169170860201, 0.4925403529778123, 0.49127051420509815, 0.6037652799859643, 0.5882362260017544]
2026-04-21 11:14:16.369749 Sync done -> model run start
2026-04-21 11:14:16.375800 Sync done -> model run start
2026-04-21 11:14:16.386182 Sync done -> model run start
2026-04-21 11:14:16.404966 Sync done -> model run start
0 2.511 [0.49951027310453355, 0.4876334450673312, 0.4868177699390799, 0.5122367329895496, 0.5247511628549546]
2 2.518 [0.49925813800655305, 0.48931312607601285, 0.48741193604655564, 0.5154886990785599, 0.5267025621142238]
1 2.632 [0.5455731640104204, 0.4890179180074483, 0.5310135341715068, 0.5215151861775666, 0.5443082738202065]
3 2.661 [0.4974128329195082, 0.48874552291817963, 0.48739776900038123, 0.6125396192073822, 0.5746535710059106]
2026-04-21 11:14:19.478417 Sync done -> model run start
2026-04-21 11:14:19.488639 Sync done -> model run start
2026-04-21 11:14:19.497613 Sync done -> model run start
2026-04-21 11:14:19.520010 Sync done -> model run start
1 2.469 [0.4995137630030513, 0.49177775089628994, 0.49300467292778194, 0.4922428010031581, 0.4926260800566524]
2 2.468 [0.4986589220352471, 0.49308514199219644, 0.4915735849644989, 0.49358289991505444, 0.49081494309939444]
3 2.497 [0.5066170149948448, 0.4970596570055932, 0.497697050916031, 0.5024456258397549, 0.4928347780369222]
0 2.565 [0.5017731280531734, 0.5386983470525593, 0.49270118516869843, 0.542574216844514, 0.4886910440400243]
2026-04-21 11:14:22.118149 Sync done -> model run start
net_times: [[2.021, 0.0, 802816, 0], [0.002, 0.0, 802816, 0], [0.002, 0.0, 802816, 0], [0.002, 0.0, 802816, 0], [0.002, 0.0, 802816, 0], [0.005, 0.0, 802816, 0], [0.002, 0.0, 802816, 0], [0.002, 0.0, 802816, 0], [0.002, 0.0, 802816, 0], [0.002, 0.0, 802816, 0]]
echo 'race4fun' | sudo -S sh -c 'journalctl --since "2026-04-21 11:13:48.630198" --until "2026-04-21 11:14:22.118149" -k -o short-iso '| grep -i -E 'throttle|throttled|thermal|cpufreq|under-voltage|voltage'
