ALL SYNC
2026-04-21 11:14:47.811527 Sync done -> model run start
2026-04-21 11:14:47.811527 Sync done -> model run start
2026-04-21 11:14:47.811527 Sync done -> model run start
2026-04-21 11:14:47.811527 Sync done -> model run start
2 0.469 [0.12789893802255392, 0.097577451961115, 0.08169251913204789, 0.08197501697577536, 0.07961419504135847]
0 0.47 [0.1278988339472562, 0.09757661796174943, 0.0823224640917033, 0.08254152606241405, 0.07890352001413703]
3 0.476 [0.12789893802255392, 0.0990862469188869, 0.08404021710157394, 0.08142845705151558, 0.08315990795381367]
1 0.493 [0.1318406919017434, 0.10088592697866261, 0.08507385803386569, 0.08464604802429676, 0.0905330020468682]
2026-04-21 11:14:54.376899 Sync done -> model run start
2026-04-21 11:14:54.378890 Sync done -> model run start
2026-04-21 11:14:54.390669 Sync done -> model run start
2026-04-21 11:14:54.403182 Sync done -> model run start
0 0.408 [0.08965196390636265, 0.09379647788591683, 0.0738468230701983, 0.07448239205405116, 0.07622837508097291]
1 0.406 [0.08929410087876022, 0.09280648198910058, 0.07351505290716887, 0.07413796707987785, 0.07626988599076867]
3 0.427 [0.09609193704091012, 0.09199591283686459, 0.07551572099328041, 0.07673681108281016, 0.08640364394523203]
2 0.48 [0.08949587098322809, 0.0914183109998703, 0.07721128803677857, 0.09828640706837177, 0.12305322918109596]
2026-04-21 11:15:00.422167 Sync done -> model run start
2026-04-21 11:15:00.431336 Sync done -> model run start
2026-04-21 11:15:00.440031 Sync done -> model run start
2026-04-21 11:15:00.448818 Sync done -> model run start
0 0.412 [0.08087137597613037, 0.09312616800889373, 0.07921018614433706, 0.08002903591841459, 0.07822763686999679]
3 0.411 [0.09423689218237996, 0.09055643901228905, 0.07457926799543202, 0.07538764900527894, 0.07635144796222448]
2 0.48 [0.09284679382108152, 0.09130930108949542, 0.07253896398469806, 0.08704707911238074, 0.13640546379610896]
2026-04-21 11:15:06.411835 Sync done -> model run start
2026-04-21 11:15:06.418062 Sync done -> model run start
2026-04-21 11:15:06.425033 Sync done -> model run start
2026-04-21 11:15:06.433758 Sync done -> model run start
3 0.431 [0.09619125910103321, 0.09257794194854796, 0.07810795097611845, 0.07696248590946198, 0.08734327601268888]
0 0.414 [0.08738973387517035, 0.09661870496347547, 0.08006887999363244, 0.0748372869566083, 0.07444046600721776]
2 0.421 [0.09500850411131978, 0.09272929490543902, 0.07693618396297097, 0.07658701902255416, 0.0789906030986458]
1 0.413 [0.08790217991918325, 0.09313788707368076, 0.0803252849727869, 0.07476129801943898, 0.07525004609487951]
2026-04-21 11:15:12.436624 Sync done -> model run start
2026-04-21 11:15:12.441210 Sync done -> model run start
2026-04-21 11:15:12.450301 Sync done -> model run start
2026-04-21 11:15:12.456811 Sync done -> model run start
1 0.424 [0.08814613800495863, 0.09361382201313972, 0.07831873116083443, 0.08139616600237787, 0.08247735886834562]
2 0.433 [0.0966661018319428, 0.093796320958063, 0.07918101898394525, 0.07922648801468313, 0.08397094695828855]
3 0.437 [0.09564797999337316, 0.09457824588753283, 0.0785235739313066, 0.07994773518294096, 0.08827613713219762]
0 0.429 [0.08742629596963525, 0.09726167120970786, 0.08018914004787803, 0.08139564516022801, 0.08233251585625112]
2026-04-21 11:15:18.435378 Sync done -> model run start
2026-04-21 11:15:18.441012 Sync done -> model run start
2026-04-21 11:15:18.451385 Sync done -> model run start
2026-04-21 11:15:18.462617 Sync done -> model run start
0 0.397 [0.08513240003958344, 0.08917649695649743, 0.07907747710123658, 0.07149990578182042, 0.07228599605150521]
1 0.397 [0.0875063999556005, 0.08951170416548848, 0.07333385688252747, 0.07344578206539154, 0.07317172200419009]
3 0.419 [0.09392996691167355, 0.08983602607622743, 0.07327901292592287, 0.07255302602425218, 0.08939925697632134]
2 0.408 [0.0927229409571737, 0.09108711406588554, 0.07228599605150521, 0.0729750560130924, 0.07889393717050552]
2026-04-21 11:15:24.449379 Sync done -> model run start
2026-04-21 11:15:24.458244 Sync done -> model run start
2026-04-21 11:15:24.465743 Sync done -> model run start
2026-04-21 11:15:24.473486 Sync done -> model run start
1 0.414 [0.08861077087931335, 0.09254330606199801, 0.07676113396883011, 0.07786097191274166, 0.07820003293454647]
0 0.417 [0.08109877188690007, 0.09654636192135513, 0.07819982501678169, 0.08128788485191762, 0.07974700606428087]
2 0.414 [0.09436600701883435, 0.09169190400280058, 0.07442041393369436, 0.07546072290278971, 0.07737691211514175]
3 0.429 [0.09604886407032609, 0.09125523897819221, 0.07492874609306455, 0.07739034900441766, 0.08909259177744389]
2026-04-21 11:15:30.488405 Sync done -> model run start
2026-04-21 11:15:30.491076 Sync done -> model run start
2026-04-21 11:15:30.501579 Sync done -> model run start
2026-04-21 11:15:30.509202 Sync done -> model run start
2 0.423 [0.09450121503323317, 0.09311345987953246, 0.07637493684887886, 0.07693191384896636, 0.08189569506794214]
1 0.415 [0.08767640008591115, 0.09643328911624849, 0.08055439894087613, 0.07578207505866885, 0.07430874789133668]
3 0.439 [0.096255216980353, 0.09323486592620611, 0.0789918010123074, 0.07793425302952528, 0.09188757999800146]
0 0.418 [0.0884569170884788, 0.09621990495361388, 0.08177845599129796, 0.07715884107165039, 0.07392400992102921]
2026-04-21 11:15:36.529508 Sync done -> model run start
2026-04-21 11:15:36.534904 Sync done -> model run start
2026-04-21 11:15:36.543202 Sync done -> model run start
2026-04-21 11:15:36.550271 Sync done -> model run start
1 0.417 [0.08828530297614634, 0.09381298907101154, 0.08104986604303122, 0.0773383709602058, 0.07620389596559107]
0 0.423 [0.08834941685199738, 0.09782338887453079, 0.08243454713374376, 0.0773892030119896, 0.07641603099182248]
2 0.422 [0.0954527729190886, 0.09289512783288956, 0.07507962989620864, 0.07812664890661836, 0.0807060650549829]
3 0.44 [0.09676656988449395, 0.09385720686987042, 0.07913284213282168, 0.07847362593747675, 0.09184882999397814]
2026-04-21 11:15:42.564925 Sync done -> model run start
2026-04-21 11:15:42.569572 Sync done -> model run start
2026-04-21 11:15:42.577303 Sync done -> model run start
2026-04-21 11:15:42.585665 Sync done -> model run start
1 0.416 [0.08991769212298095, 0.09310757392086089, 0.08071054401807487, 0.0757459809537977, 0.07608420890755951]
0 0.421 [0.08900332194752991, 0.09653042512945831, 0.08204157999716699, 0.07666535209864378, 0.07616134406998754]
2 0.421 [0.09415225801058114, 0.09250648389570415, 0.07546254596672952, 0.07833211682736874, 0.0806459088344127]
3 0.438 [0.09674802795052528, 0.09329194901511073, 0.0785352410748601, 0.07787258690223098, 0.09153721597976983]
2026-04-21 11:15:48.481498 Sync done -> model run start
net_times: [[0.0, 5.696, 0, 3211264], [0.0, 5.273, 0, 3211264], [0.0, 5.2, 0, 3211264], [0.0, 5.237, 0, 3211264], [0.0, 5.203, 0, 3211264], [0.0, 5.237, 0, 3211264], [0.0, 5.221, 0, 3211264], [0.0, 5.229, 0, 3211264], [0.0, 5.225, 0, 3211264], [0.0, 5.206, 0, 3211264]]
echo 'race4fun' | sudo -S sh -c 'journalctl --since "2026-04-21 11:14:47.369559" --until "2026-04-21 11:15:48.481498" -k -o short-iso '| grep -i -E 'throttle|throttled|thermal|cpufreq|under-voltage|voltage'
