ALL SYNC
2026-04-21 12:38:10.337166 Sync done -> model run start
2026-04-21 12:38:10.337169 Sync done -> model run start
2026-04-21 12:38:10.337166 Sync done -> model run start
2026-04-21 12:38:10.337168 Sync done -> model run start
3 10.794 [2.246394836110994, 2.164184836903587, 2.1047080520074815, 2.1134477278683335, 2.1652496291790158]
1 10.946 [2.2508699581958354, 2.1767621911130846, 2.125025240937248, 2.113634704845026, 2.2797727729193866]
2 11.203 [2.337260136846453, 2.2636355420108885, 2.2068513929843903, 2.1500875540077686, 2.2447069440968335]
0 10.962 [2.243404390057549, 2.1672295019961894, 2.108693491201848, 2.1093420300167054, 2.332790652057156]
2026-04-21 12:38:24.616632 Sync done -> model run start
2026-04-21 12:38:24.635005 Sync done -> model run start
2026-04-21 12:38:24.653828 Sync done -> model run start
2026-04-21 12:38:24.653828 Sync done -> model run start
1 10.432 [2.1371337037999183, 2.1352572108153254, 2.060759651940316, 2.047494234982878, 2.050953065045178]
2 10.46 [2.1473505538888276, 2.144759221933782, 2.0596246088389307, 2.0508387410081923, 2.0573339541442692]
3 10.482 [2.164314696099609, 2.1479352400638163, 2.061568449018523, 2.047418611124158, 2.0608838230837137]
0 10.834 [2.2446770039387047, 2.1996963580604643, 2.1445797991473228, 2.1331761381588876, 2.1116809400264174]
2026-04-21 12:38:41.378347 Sync done -> model run start
2026-04-21 12:38:41.405734 Sync done -> model run start
2026-04-21 12:38:41.425835 Sync done -> model run start
2026-04-21 12:38:41.429309 Sync done -> model run start
2 10.47 [2.112498183036223, 2.105498133925721, 2.0888035241514444, 2.056693300139159, 2.106619903817773]
1 10.458 [2.118569803191349, 2.1020259209908545, 2.0782198009546846, 2.052605726988986, 2.106784068979323]
3 10.504 [2.1179468401242048, 2.114357806975022, 2.095833731116727, 2.0537714997772127, 2.121967912884429]
0 10.816 [2.165078514954075, 2.2108778581023216, 2.168024175101891, 2.1382511728443205, 2.133240641094744]
2026-04-21 12:38:56.764112 Sync done -> model run start
2026-04-21 12:38:56.774645 Sync done -> model run start
2026-04-21 12:38:56.806507 Sync done -> model run start
2026-04-21 12:38:56.827743 Sync done -> model run start
1 10.477 [2.1202638200484216, 2.0948143270798028, 2.1030325489118695, 2.087781051872298, 2.0704257171601057]
2 10.485 [2.120386630995199, 2.0952258338220417, 2.116432188078761, 2.0870472039096057, 2.0659155941102654]
3 10.514 [2.126012474996969, 2.10260390304029, 2.1197562771849334, 2.076704520964995, 2.088487247005105]
0 10.89 [2.2170542860403657, 2.186331344069913, 2.2099403359461576, 2.132663890020922, 2.1440406821202487]
2026-04-21 12:39:12.179226 Sync done -> model run start
2026-04-21 12:39:12.202296 Sync done -> model run start
2026-04-21 12:39:12.225932 Sync done -> model run start
2026-04-21 12:39:12.225932 Sync done -> model run start
0 10.394 [2.1233949600718915, 2.0924386859405786, 2.049647188046947, 2.0704883879516274, 2.0581760350614786]
2 10.412 [2.122226115083322, 2.0942124749999493, 2.0576677520293742, 2.0726924859918654, 2.0647604649420828]
3 10.423 [2.131008548894897, 2.0977577599696815, 2.0567132278811187, 2.0703554719220847, 2.0666094089392573]
1 10.789 [2.208877647994086, 2.1543028538580984, 2.1313739682082087, 2.1565787801519036, 2.138102046912536]
2026-04-21 12:39:27.353931 Sync done -> model run start
2026-04-21 12:39:27.354297 Sync done -> model run start
2026-04-21 12:39:27.381884 Sync done -> model run start
2026-04-21 12:39:27.407110 Sync done -> model run start
1 10.647 [2.1539058939088136, 2.1553366139996797, 2.1131640188395977, 2.1148989549838006, 2.1093488950282335]
0 10.647 [2.1537816759664565, 2.1553648428525776, 2.1131499039474875, 2.1148990080691874, 2.109157908009365]
3 10.701 [2.1596246529370546, 2.1622907291166484, 2.111107940087095, 2.1198572509456426, 2.1483170909341425]
2 11.113 [2.2385014011524618, 2.248737733112648, 2.207736012991518, 2.2194791049696505, 2.19810171588324]
2026-04-21 12:39:42.580393 Sync done -> model run start
2026-04-21 12:39:42.591883 Sync done -> model run start
2026-04-21 12:39:42.608859 Sync done -> model run start
2026-04-21 12:39:42.663709 Sync done -> model run start
0 10.44 [2.1116762289311737, 2.10860266094096, 2.0954570330213755, 2.0682468751911074, 2.055951760848984]
1 10.464 [2.115948488935828, 2.109073334140703, 2.104686546139419, 2.0704486810136586, 2.063265196979046]
2 10.491 [2.1260910159908235, 2.119607943110168, 2.1010041788686067, 2.0695764999836683, 2.074150790926069]
3 10.825 [2.204503239132464, 2.194810709916055, 2.139944874914363, 2.1539835210423917, 2.131438277894631]
2026-04-21 12:39:57.749632 Sync done -> model run start
2026-04-21 12:39:57.758728 Sync done -> model run start
2026-04-21 12:39:57.780307 Sync done -> model run start
2026-04-21 12:39:57.802693 Sync done -> model run start
0 10.554 [2.1319679152220488, 2.1356451818719506, 2.111309012863785, 2.1010365919210017, 2.0738357580266893]
1 10.555 [2.129293299978599, 2.128858513897285, 2.1114401048980653, 2.1058576500508934, 2.0793505599722266]
2 10.6 [2.140026292996481, 2.136487831128761, 2.121562789892778, 2.1083835689350963, 2.0928948330692947]
3 10.932 [2.2179533620364964, 2.223322178935632, 2.206061112927273, 2.1795991791877896, 2.1050836481153965]
2026-04-21 12:40:13.174839 Sync done -> model run start
2026-04-21 12:40:13.196215 Sync done -> model run start
2026-04-21 12:40:13.205356 Sync done -> model run start
2026-04-21 12:40:13.249936 Sync done -> model run start
0 10.463 [2.111966049997136, 2.104716941015795, 2.108359623933211, 2.0757796629332006, 2.0623878380283713]
1 10.482 [2.1173353858757764, 2.1069582782220095, 2.109870914136991, 2.0801609829068184, 2.066887283930555]
2 10.491 [2.120555100031197, 2.1065183330792934, 2.104880901053548, 2.0807640531565994, 2.0777300661429763]
3 10.841 [2.204777332022786, 2.195866620866582, 2.1658413279801607, 2.1371431078296155, 2.137103528017178]
2026-04-21 12:40:28.293742 Sync done -> model run start
2026-04-21 12:40:28.305072 Sync done -> model run start
2026-04-21 12:40:28.333859 Sync done -> model run start
2026-04-21 12:40:28.373639 Sync done -> model run start
1 10.512 [2.1254442459903657, 2.1171969659626484, 2.093347304034978, 2.0755679078865796, 2.099862572038546]
0 10.564 [2.1138419380877167, 2.1533512780442834, 2.102457599947229, 2.0818512469995767, 2.1121278961654752]
2 10.61 [2.124068632023409, 2.165937641868368, 2.1435373960994184, 2.066348914988339, 2.1102520779240876]
3 10.878 [2.1639407800976187, 2.2175063700415194, 2.186763009056449, 2.159761443035677, 2.1495533969718963]
2026-04-21 12:40:42.529165 Sync done -> model run start
net_times: [[13.401, 2.093, 1210368, 1210368], [0.002, 4.887, 1210368, 1210368], [0.002, 3.531, 1210368, 1210368], [0.002, 3.547, 1210368, 1210368], [0.002, 3.34, 1210368, 1210368], [0.002, 3.104, 1210368, 1210368], [0.002, 3.3, 1210368, 1210368], [0.002, 3.455, 1210368, 1210368], [0.003, 3.235, 1210368, 1210368], [0.002, 3.164, 1210368, 1210368]]
echo 'race4fun' | sudo -S sh -c 'journalctl --since "2026-04-21 12:37:55.004605" --until "2026-04-21 12:40:42.529165" -k -o short-iso '| grep -i -E 'throttle|throttled|thermal|cpufreq|under-voltage|voltage'
