ALL SYNC
2026-04-21 12:38:25.745360 Sync done -> model run start
2026-04-21 12:38:25.745367 Sync done -> model run start
2026-04-21 12:38:25.745360 Sync done -> model run start
2026-04-21 12:38:25.777569 Sync done -> model run start
0 11.938 [2.442107979906723, 2.390588812995702, 2.3447360289283097, 2.345696286065504, 2.414619706803933]
2 12.176 [2.4421083969064057, 2.3905939690303057, 2.344772955868393, 2.3456649319268763, 2.652499791001901]
3 12.185 [2.4623247219715267, 2.410596700850874, 2.3578069140203297, 2.357490718131885, 2.596971472958103]
1 12.438 [2.5535454999189824, 2.500276080099866, 2.435117279877886, 2.4564692249987274, 2.4926968929357827]
2026-04-21 12:38:41.357669 Sync done -> model run start
2026-04-21 12:38:41.380308 Sync done -> model run start
2026-04-21 12:38:41.409171 Sync done -> model run start
2026-04-21 12:38:41.417318 Sync done -> model run start
0 11.849 [2.3507136630360037, 2.3683405718766153, 2.380736876046285, 2.353635578881949, 2.395216037053615]
2 11.835 [2.3357185148634017, 2.360888675088063, 2.380010784836486, 2.3542954209260643, 2.404240011004731]
3 12.014 [2.343322339002043, 2.3764333508443087, 2.368216821923852, 2.3507854340132326, 2.575525206979364]
1 12.225 [2.4402327809948474, 2.4675381931010634, 2.440505593782291, 2.441607777029276, 2.4349400959908962]
2026-04-21 12:38:56.751223 Sync done -> model run start
2026-04-21 12:38:56.751541 Sync done -> model run start
2026-04-21 12:38:56.789599 Sync done -> model run start
2026-04-21 12:38:56.801859 Sync done -> model run start
0 11.786 [2.3948482268024236, 2.3940101058688015, 2.333075923845172, 2.313101578038186, 2.3505024169571698]
1 11.924 [2.394975777948275, 2.3940729699097574, 2.335893256822601, 2.317111301003024, 2.4814900669734925]
3 11.881 [2.4093877519480884, 2.3979995171539485, 2.3390650139190257, 2.3237571069039404, 2.4102784271817654]
2 12.285 [2.511619111057371, 2.4952526669949293, 2.4143501811195165, 2.403963868971914, 2.460074215894565]
2026-04-21 12:39:12.149326 Sync done -> model run start
2026-04-21 12:39:12.169563 Sync done -> model run start
2026-04-21 12:39:12.205198 Sync done -> model run start
2026-04-21 12:39:12.228741 Sync done -> model run start
0 11.502 [2.3134719419758767, 2.3230500279460102, 2.2840234148316085, 2.28040379518643, 2.300880067050457]
1 11.532 [2.317267968086526, 2.330131510971114, 2.2857879388611764, 2.2863566868472844, 2.312029395950958]
3 11.63 [2.318055256968364, 2.328873025951907, 2.2841959139332175, 2.282208423130214, 2.4166628820821643]
2 11.99 [2.407469166908413, 2.423560145078227, 2.3774622580967844, 2.3730249849613756, 2.408462394028902]
2026-04-21 12:39:27.342674 Sync done -> model run start
2026-04-21 12:39:27.356144 Sync done -> model run start
2026-04-21 12:39:27.372018 Sync done -> model run start
2026-04-21 12:39:27.377513 Sync done -> model run start
0 11.663 [2.3153905300423503, 2.332132128998637, 2.308907483937219, 2.3441586440894753, 2.3625476849265397]
1 11.65 [2.318522392073646, 2.32940427493304, 2.295036288909614, 2.3421427668072283, 2.3642121059820056]
2 12.106 [2.402178877964616, 2.4271835698746145, 2.400408260989934, 2.4337614090181887, 2.4421166360843927]
3 11.764 [2.31951707508415, 2.334473995026201, 2.302663967013359, 2.3467929570470005, 2.4607752580195665]
2026-04-21 12:39:42.568558 Sync done -> model run start
2026-04-21 12:39:42.596414 Sync done -> model run start
2026-04-21 12:39:42.625426 Sync done -> model run start
2026-04-21 12:39:42.645522 Sync done -> model run start
0 11.534 [2.324299453990534, 2.333626969018951, 2.287513196002692, 2.2849210191052407, 2.303413914050907]
1 11.547 [2.331334217917174, 2.3319408299867064, 2.287472832016647, 2.2852813308127224, 2.3107546661049128]
3 11.687 [2.329399641836062, 2.3358069080859423, 2.289597666822374, 2.287397051928565, 2.4450976671651006]
2 11.99 [2.4209180758334696, 2.428188567981124, 2.3779608542099595, 2.3794728270731866, 2.3830756249371916]
2026-04-21 12:39:57.753007 Sync done -> model run start
2026-04-21 12:39:57.766293 Sync done -> model run start
2026-04-21 12:39:57.783798 Sync done -> model run start
2026-04-21 12:39:57.798155 Sync done -> model run start
1 11.803 [2.32593361614272, 2.3786202277988195, 2.3554070910904557, 2.3525577280670404, 2.3901595568750054]
0 11.849 [2.33481248607859, 2.3828213040251285, 2.35550677892752, 2.3525857490021735, 2.422979424940422]
3 11.922 [2.3299905268941075, 2.3849592639598995, 2.3535349119920284, 2.3612511320970953, 2.4924343538004905]
2 12.264 [2.4185708998702466, 2.486137398984283, 2.457379181869328, 2.439138213172555, 2.4629931182134897]
2026-04-21 12:40:13.182238 Sync done -> model run start
2026-04-21 12:40:13.200058 Sync done -> model run start
2026-04-21 12:40:13.218133 Sync done -> model run start
2026-04-21 12:40:13.221352 Sync done -> model run start
0 11.565 [2.3262443970888853, 2.3288518351037055, 2.2795642209239304, 2.3119533099234104, 2.3178298498969525]
3 11.729 [2.3312230759765953, 2.335840192856267, 2.28428029618226, 2.318010369082913, 2.4592238639015704]
2 11.589 [2.3292853229213506, 2.3238113350234926, 2.2855849261395633, 2.31996937119402, 2.3303377160336822]
1 12.031 [2.4211971929762512, 2.4201736559625715, 2.3822034439072013, 2.388836960075423, 2.4184382990933955]
2026-04-21 12:40:28.284859 Sync done -> model run start
2026-04-21 12:40:28.310967 Sync done -> model run start
2026-04-21 12:40:28.332924 Sync done -> model run start
2026-04-21 12:40:28.333489 Sync done -> model run start
2 11.531 [2.3207181189209223, 2.32929985714145, 2.28072328097187, 2.2913486030884087, 2.3085981691256166]
3 11.664 [2.324599093059078, 2.3349817090202123, 2.283731446135789, 2.2942770288791507, 2.4266546221915632]
0 11.518 [2.321147337090224, 2.3214525440707803, 2.2860464891418815, 2.2826374920550734, 2.3064732819329947]
1 11.949 [2.4118322851136327, 2.416855755029246, 2.359398172935471, 2.3672231941018254, 2.392987414030358]
2026-04-21 12:40:43.387279 Sync done -> model run start
2026-04-21 12:40:43.445640 Sync done -> model run start
2026-04-21 12:40:43.445640 Sync done -> model run start
2026-04-21 12:40:43.447652 Sync done -> model run start
0 11.58 [2.3833496409934014, 2.330710008041933, 2.2809196359012276, 2.297222279012203, 2.2873086219187826]
3 11.561 [2.352451015030965, 2.3326736979652196, 2.287579453084618, 2.2940040100365877, 2.2939950001891702]
2 11.616 [2.38485942594707, 2.344236152013764, 2.2843268611468375, 2.290395430987701, 2.311737065203488]
1 11.986 [2.445186266908422, 2.4238505200482905, 2.3759832640644163, 2.3872454068623483, 2.3532237210310996]
2026-04-21 12:40:57.632258 Sync done -> model run start
net_times: [[28.712, 2.113, 1210368, 1210368], [0.002, 2.084, 1210368, 1210368], [0.002, 2.078, 1210368, 1210368], [0.002, 2.103, 1210368, 1210368], [0.002, 2.082, 1210368, 1210368], [0.002, 2.104, 1210368, 1210368], [0.002, 2.097, 1210368, 1210368], [0.002, 2.008, 1210368, 1210368], [0.002, 2.08, 1210368, 1210368], [0.002, 2.089, 1210368, 1210368]]
echo 'race4fun' | sudo -S sh -c 'journalctl --since "2026-04-21 12:37:55.008782" --until "2026-04-21 12:40:57.632258" -k -o short-iso '| grep -i -E 'throttle|throttled|thermal|cpufreq|under-voltage|voltage'
