ALL SYNC
2026-04-21 12:33:24.814454 Sync done -> model run start
2026-04-21 12:33:24.814454 Sync done -> model run start
2026-04-21 12:33:24.814462 Sync done -> model run start
2026-04-21 12:33:24.814454 Sync done -> model run start
3 17.984 [3.7119609138462692, 3.598943374818191, 3.557729284046218, 3.5586935088504106, 3.5567035370040685]
2 18.002 [3.705020969035104, 3.605936652980745, 3.5619950320106, 3.5543849479872733, 3.5748170940205455]
1 18.043 [3.7228246319573373, 3.609166732057929, 3.5715638110414147, 3.5597566780634224, 3.5792789859697223]
0 18.655 [3.862101615872234, 3.79187514889054, 3.697219080058858, 3.7029461341444403, 3.6005424160975963]
2026-04-21 12:33:47.068685 Sync done -> model run start
2026-04-21 12:33:47.069494 Sync done -> model run start
2026-04-21 12:33:47.088844 Sync done -> model run start
2026-04-21 12:33:47.157808 Sync done -> model run start
2 19.015 [3.651639232877642, 3.64619631995447, 3.6089486551936716, 4.587304022163153, 3.520216250093654]
3 19.151 [3.663031070958823, 3.651999503839761, 3.633644973160699, 4.671090503921732, 3.53058340982534]
0 19.253 [3.6523810499347746, 3.6422889020759612, 3.6169554670341313, 4.616813375148922, 3.7248007010202855]
1 19.59 [3.8141269248444587, 3.7841801941394806, 3.745676341932267, 4.753706322051585, 3.49244422884658]
2026-04-21 12:34:10.085169 Sync done -> model run start
2026-04-21 12:34:10.103041 Sync done -> model run start
2026-04-21 12:34:10.105805 Sync done -> model run start
2026-04-21 12:34:10.187601 Sync done -> model run start
0 18.46 [4.448886506957933, 3.5426947639789432, 3.488660559989512, 3.506813399028033, 3.4723941469565034]
1 18.538 [4.528124849079177, 3.543671058025211, 3.484987932955846, 3.5130894971080124, 3.4678612661082298]
3 18.636 [4.606340544065461, 3.5353462279308587, 3.5093013900332153, 3.5100391558371484, 3.474551370833069]
2 18.999 [4.492783562047407, 3.6737013498786837, 3.632686161901802, 3.644769049016759, 3.5552566829137504]
2026-04-21 12:34:32.453774 Sync done -> model run start
2026-04-21 12:34:32.454942 Sync done -> model run start
2026-04-21 12:34:32.491654 Sync done -> model run start
2026-04-21 12:34:32.532984 Sync done -> model run start
1 17.689 [3.6209151558578014, 3.6224956770893186, 3.5075118928216398, 3.463396620005369, 3.473970611812547]
0 17.701 [3.619455583859235, 3.6255909658502787, 3.5184256099164486, 3.463291880907491, 3.4737402501050383]
3 17.723 [3.624090756988153, 3.635650835931301, 3.523595725884661, 3.4614485630299896, 3.477822300978005]
2 18.256 [3.755354061955586, 3.7405902319587767, 3.62390760704875, 3.59100761404261, 3.5453144889324903]
2026-04-21 12:34:54.237606 Sync done -> model run start
2026-04-21 12:34:54.256084 Sync done -> model run start
2026-04-21 12:34:54.256887 Sync done -> model run start
2026-04-21 12:34:54.292499 Sync done -> model run start
2 18.44 [4.294016224099323, 3.5926131708547473, 3.5214273261372, 3.5106449720915407, 3.521126673091203]
0 18.505 [4.344793643802404, 3.595803197938949, 3.5224919011816382, 3.506841043010354, 3.534554851008579]
3 18.718 [4.433261813828722, 3.736495444783941, 3.5345300380140543, 3.5101829459890723, 3.5033129050862044]
1 19.1 [4.405362237943336, 3.793988490011543, 3.689470144221559, 3.6771935319993645, 3.5342354280874133]
2026-04-21 12:35:16.727553 Sync done -> model run start
2026-04-21 12:35:16.746142 Sync done -> model run start
2026-04-21 12:35:16.763523 Sync done -> model run start
2026-04-21 12:35:16.784235 Sync done -> model run start
3 18.726 [3.5620618499815464, 3.583240863867104, 3.9486412371043116, 4.125747124897316, 3.506293992046267]
0 18.791 [3.5549231020268053, 3.592688135104254, 3.9870494299102575, 4.16259751887992, 3.4935645589139313]
1 18.995 [3.5419182549230754, 3.584891163976863, 3.9641129919327796, 4.37390552717261, 3.530274590011686]
2 19.401 [3.694499004865065, 3.7292161451186985, 4.641528816195205, 3.6252315039746463, 3.7103867980185896]
2026-04-21 12:35:39.587859 Sync done -> model run start
2026-04-21 12:35:39.588428 Sync done -> model run start
2026-04-21 12:35:39.609512 Sync done -> model run start
2026-04-21 12:35:39.627367 Sync done -> model run start
2 18.864 [3.642399842152372, 3.5966566121205688, 3.5532594558317214, 3.5723078090231866, 4.498750235885382]
1 18.969 [3.6225002559367567, 3.599845597986132, 3.5543998640496284, 3.5680076859425753, 4.624068441102281]
3 19.465 [3.7834659449290484, 3.73053026990965, 3.685493023134768, 3.6953655630350113, 4.569621516158804]
0 18.882 [3.6219076048582792, 3.5998455970548093, 3.5526285760570318, 3.5684127868153155, 4.538787949131802]
2026-04-21 12:36:02.471636 Sync done -> model run start
2026-04-21 12:36:02.471591 Sync done -> model run start
2026-04-21 12:36:02.472104 Sync done -> model run start
2026-04-21 12:36:02.570740 Sync done -> model run start
0 18.785 [4.819835928967223, 3.5452622319571674, 3.4834624028299004, 3.473170043900609, 3.4634151270147413]
1 18.834 [4.854924721876159, 3.549069286091253, 3.4812107540201396, 3.4754911200143397, 3.472734484123066]
3 18.858 [4.874957015970722, 3.5851973418612033, 3.4763412079773843, 3.4681354470085353, 3.4536043179687113]
2 19.479 [4.916308782063425, 3.7983563838060945, 3.6363594089634717, 3.6162246260792017, 3.511622885009274]
2026-04-21 12:36:25.310719 Sync done -> model run start
2026-04-21 12:36:25.310719 Sync done -> model run start
2026-04-21 12:36:25.348874 Sync done -> model run start
2026-04-21 12:36:25.385433 Sync done -> model run start
1 18.707 [3.6228565310593694, 3.642304152948782, 3.5864888089708984, 3.9317275839857757, 3.923802916193381]
3 18.706 [3.625222554896027, 3.636358469026163, 3.5877280179411173, 3.9698695838451385, 3.8864847130607814]
2 18.852 [3.623260381864384, 3.633304378017783, 3.604258516104892, 3.921977658988908, 4.0687812871765345]
0 19.345 [3.7589839270804077, 3.7806941880844533, 3.718207177007571, 4.513211056124419, 3.5741331968456507]
2026-04-21 12:36:48.147928 Sync done -> model run start
2026-04-21 12:36:48.159081 Sync done -> model run start
2026-04-21 12:36:48.160827 Sync done -> model run start
2026-04-21 12:36:48.191079 Sync done -> model run start
0 17.63 [3.6109097050502896, 3.554064783034846, 3.474937323015183, 3.518855382921174, 3.4705503440927714]
3 17.653 [3.6238866890780628, 3.558276417898014, 3.480896341148764, 3.5205942757893354, 3.469110354082659]
2 17.691 [3.6243984040338546, 3.5639575731474906, 3.494775556959212, 3.5192826720885932, 3.4884187490679324]
1 18.276 [3.8022237638942897, 3.6859383080154657, 3.6182089399080724, 3.6302612519357353, 3.5392357069067657]
2026-04-21 12:37:08.539694 Sync done -> model run start
net_times: [[0.0, 2.107, 0, 1210368], [0.0, 1.874, 0, 1210368], [0.0, 1.879, 0, 1210368], [0.0, 1.948, 0, 1210368], [0.0, 1.878, 0, 1210368], [0.0, 1.881, 0, 1210368], [0.0, 1.874, 0, 1210368], [0.0, 1.865, 0, 1210368], [0.0, 1.92, 0, 1210368], [0.0, 1.937, 0, 1210368]]
echo 'race4fun' | sudo -S sh -c 'journalctl --since "2026-04-21 12:33:21.923656" --until "2026-04-21 12:37:08.539694" -k -o short-iso '| grep -i -E 'throttle|throttled|thermal|cpufreq|under-voltage|voltage'
