ALL SYNC
2026-04-21 12:38:41.290744 Sync done -> model run start
2026-04-21 12:38:41.290733 Sync done -> model run start
2026-04-21 12:38:41.290724 Sync done -> model run start
2026-04-21 12:38:41.290724 Sync done -> model run start
3 5.432 [1.165128368884325, 1.3331279379781336, 0.9805525380652398, 1.0151426049415022, 0.9382472818251699]
0 5.482 [1.1429265509359539, 1.4460438981186599, 0.933720211032778, 1.054015734931454, 0.9048346059862524]
2 5.504 [1.222055461956188, 1.4447694739792496, 0.8931296369992197, 1.0858197677880526, 0.8581077998969704]
1 5.545 [1.1672454457730055, 1.357575478963554, 0.9949959900695831, 1.1151657339651138, 0.909436052897945]
2026-04-21 12:38:56.136443 Sync done -> model run start
2026-04-21 12:38:56.153394 Sync done -> model run start
2026-04-21 12:38:56.167259 Sync done -> model run start
2026-04-21 12:38:56.187791 Sync done -> model run start
0 4.977 [0.9523225021548569, 1.3065544040873647, 0.6328598319087178, 0.942043777089566, 1.1426545639988035]
3 5.01 [0.9967462939675897, 1.3203075451310724, 0.6031912621110678, 1.0358302551321685, 1.0538258850574493]
1 5.091 [1.12634945102036, 1.2853621658869088, 0.6034864701796323, 1.0961035368964076, 0.9792109730187804]
2 5.105 [0.9698732381220907, 1.339216351043433, 0.6433966280892491, 1.114192710025236, 1.0379140509758145]
2026-04-21 12:39:11.567372 Sync done -> model run start
2026-04-21 12:39:11.582184 Sync done -> model run start
2026-04-21 12:39:11.595630 Sync done -> model run start
2026-04-21 12:39:11.615162 Sync done -> model run start
0 4.263 [0.6054396389517933, 0.5931965459603816, 1.0549158768262714, 0.91544623603113, 1.093318380881101]
1 4.258 [0.6018969919532537, 0.5879557779990137, 1.0682424569968134, 0.9070826640818268, 1.0920817700680345]
3 4.495 [0.6007406930439174, 0.5911628531757742, 1.3166361399926245, 0.7616997570730746, 1.2242665861267596]
2 4.541 [0.6489477560389787, 0.5925467552151531, 1.15690613607876, 0.8606245019473135, 1.2817333119455725]
2026-04-21 12:39:26.723176 Sync done -> model run start
2026-04-21 12:39:26.736110 Sync done -> model run start
2026-04-21 12:39:26.764655 Sync done -> model run start
2026-04-21 12:39:26.795218 Sync done -> model run start
1 4.452 [0.5986207469832152, 0.5846943759825081, 0.9207784049212933, 1.228117662947625, 1.119219662155956]
0 4.495 [0.5970012720208615, 0.5840745340101421, 0.9044702181126922, 1.2847373092081398, 1.1242076698690653]
3 4.658 [0.5953919009771198, 0.5817833950277418, 0.9527315511368215, 1.3635314798448235, 1.1644207430072129]
2 4.756 [0.5956714318599552, 0.6271534331608564, 1.0604874710552394, 1.2260933970101178, 1.246851832838729]
2026-04-21 12:39:41.960131 Sync done -> model run start
2026-04-21 12:39:41.986948 Sync done -> model run start
2026-04-21 12:39:41.994615 Sync done -> model run start
2026-04-21 12:39:42.015681 Sync done -> model run start
0 2.919 [0.6097931619733572, 0.5849621850065887, 0.5740159112028778, 0.57638642587699, 0.5739371611271054]
1 2.915 [0.6039823440369219, 0.5848646329250187, 0.5750518972054124, 0.5755311669781804, 0.5754712191410363]
3 2.921 [0.6029621900524944, 0.5847080710809678, 0.5764095508493483, 0.5794748028274626, 0.5775635580066592]
2026-04-21 12:39:57.146528 Sync done -> model run start
2026-04-21 12:39:57.175020 Sync done -> model run start
2026-04-21 12:39:57.198955 Sync done -> model run start
2026-04-21 12:39:57.256939 Sync done -> model run start
0 4.467 [0.6044568710494787, 0.586058011977002, 0.973087321035564, 1.278826996916905, 1.023855573963374]
2 4.496 [0.5944677819497883, 0.5867970199324191, 1.0216954769566655, 1.2317903998773545, 1.0612383931875229]
1 4.715 [0.6011917749419808, 0.5876512890681624, 1.006694734096527, 1.3692973870784044, 1.150370246032253]
2026-04-21 12:40:12.570259 Sync done -> model run start
2026-04-21 12:40:12.583638 Sync done -> model run start
2026-04-21 12:40:12.602974 Sync done -> model run start
2026-04-21 12:40:12.622134 Sync done -> model run start
3 4.965 [0.6006532311439514, 1.0794890709221363, 1.0593637579586357, 1.0337631481233984, 1.1911566429771483]
2 4.988 [0.6011429701466113, 1.112176954979077, 1.0532661699689925, 1.0358927769120783, 1.1848922329954803]
0 5.043 [0.6592664639465511, 1.1272517070174217, 1.0319386208429933, 1.0625496350694448, 1.161948958877474]
1 5.132 [0.6011824491433799, 1.2570278800558299, 1.025898481020704, 1.211429351940751, 1.0358992349356413]
2026-04-21 12:40:27.646183 Sync done -> model run start
2026-04-21 12:40:27.650753 Sync done -> model run start
2026-04-21 12:40:27.695367 Sync done -> model run start
2026-04-21 12:40:27.714844 Sync done -> model run start
1 4.056 [0.613574757007882, 0.6014770800247788, 1.0727569470182061, 1.190481536090374, 0.5768166230991483]
0 4.082 [0.6188548479694873, 0.6015491629950702, 1.0739911631681025, 1.2096677881199867, 0.5774720900226384]
2 4.109 [0.612556790933013, 0.6456551421433687, 1.271289711119607, 1.006785711972043, 0.5725267378147691]
3 4.167 [0.6086615929380059, 0.6045337910763919, 1.2804679688997567, 1.1075446158647537, 0.5657499330118299]
2026-04-21 12:40:42.780437 Sync done -> model run start
2026-04-21 12:40:42.793520 Sync done -> model run start
2026-04-21 12:40:42.805689 Sync done -> model run start
2026-04-21 12:40:42.822976 Sync done -> model run start
0 2.939 [0.6014069220982492, 0.5883691429626197, 0.5733071500435472, 0.601285255048424, 0.5742889710236341]
2 2.936 [0.5988956780638546, 0.5846179551444948, 0.5735696500632912, 0.596652246080339, 0.581760253990069]
3 2.936 [0.5995186970103532, 0.5874677388928831, 0.5746688661165535, 0.5985962508711964, 0.5757437590509653]
1 3.065 [0.6457559720147401, 0.5883157579228282, 0.6194873948115855, 0.5996966129168868, 0.6111274170689285]
2026-04-21 12:40:57.925401 Sync done -> model run start
2026-04-21 12:40:57.938185 Sync done -> model run start
2026-04-21 12:40:57.959940 Sync done -> model run start
2026-04-21 12:40:58.008611 Sync done -> model run start
0 2.944 [0.6001681189518422, 0.5873817990068346, 0.5756317768245935, 0.5744702168740332, 0.6057707599829882]
1 2.969 [0.6004758791532367, 0.5908177269157022, 0.5743232909590006, 0.5794864019844681, 0.6234856620430946]
2 2.972 [0.61040382203646, 0.5889634089544415, 0.5859774791169912, 0.58642497821711, 0.600090357940644]
3 3.015 [0.5968896390404552, 0.6371885959524661, 0.5747938100248575, 0.6207259299699217, 0.585572114912793]
2026-04-21 12:41:01.671296 Sync done -> model run start
net_times: [[45.392, 0.559, 1210368, 605184], [8.331, 0.547, 1210368, 605184], [9.326, 0.638, 1210368, 605184], [9.513, 0.581, 1210368, 605184], [9.403, 0.551, 1210368, 605184], [11.137, 0.636, 1210368, 605184], [9.465, 0.555, 1210368, 605184], [8.998, 0.559, 1210368, 605184], [9.944, 0.553, 1210368, 605184], [11.105, 0.562, 1210368, 605184]]
echo 'race4fun' | sudo -S sh -c 'journalctl --since "2026-04-21 12:37:55.026342" --until "2026-04-21 12:41:01.671296" -k -o short-iso '| grep -i -E 'throttle|throttled|thermal|cpufreq|under-voltage|voltage'
