ALL SYNC
2026-04-21 12:37:55.804158 Sync done -> model run start
2026-04-21 12:37:55.804154 Sync done -> model run start
2026-04-21 12:37:55.804154 Sync done -> model run start
2026-04-21 12:37:55.848825 Sync done -> model run start
1 10.976 [2.916044247103855, 2.0902155300136656, 2.0081361008342355, 1.981462991796434, 1.9795725061558187]
2 11.047 [2.98795382399112, 2.082301322836429, 2.006735573988408, 1.984385141870007, 1.9851193560753018]
3 11.22 [2.9432154230307788, 2.0824520010501146, 2.226547969970852, 1.9871032268274575, 1.9806208431255072]
0 11.432 [2.959424098022282, 2.1966107471380383, 2.198882051045075, 2.0335909058339894, 2.0436073020100594]
2026-04-21 12:38:09.257407 Sync done -> model run start
2026-04-21 12:38:09.257407 Sync done -> model run start
2026-04-21 12:38:09.280226 Sync done -> model run start
2026-04-21 12:38:09.326374 Sync done -> model run start
0 10.235 [2.060710703022778, 2.05120898084715, 2.0280652118381113, 2.0513025589752942, 2.043378032045439]
1 10.235 [2.068005478940904, 2.0485683949664235, 2.0244893089402467, 2.0502142200712115, 2.043356572976336]
3 10.261 [2.06719912099652, 2.0509417401626706, 2.0313105401583016, 2.0520196449942887, 2.059256860986352]
2 10.554 [2.1050639438908547, 2.1322113620117307, 2.1415467120241374, 2.1302267510909587, 2.0452585089951754]
2026-04-21 12:38:24.624464 Sync done -> model run start
2026-04-21 12:38:24.629429 Sync done -> model run start
2026-04-21 12:38:24.629430 Sync done -> model run start
2026-04-21 12:38:24.647858 Sync done -> model run start
0 10.094 [2.045681504998356, 2.0222645588219166, 1.9807807530742139, 2.0118254811968654, 2.0332181309349835]
3 10.131 [2.0575985950417817, 2.0222602877765894, 1.9813613800797611, 2.009205519920215, 2.0601531590800732]
2 10.486 [2.154585948912427, 2.105792833957821, 2.036371337948367, 2.100472061894834, 2.0888191838748753]
2026-04-21 12:38:41.407276 Sync done -> model run start
2026-04-21 12:38:41.407284 Sync done -> model run start
2026-04-21 12:38:41.420950 Sync done -> model run start
2026-04-21 12:38:41.435285 Sync done -> model run start
1 10.95 [2.0847153288777918, 2.09012482711114, 2.0423769280314445, 2.7441839470993727, 1.9885714401025325]
3 11.019 [2.1039363089948893, 2.0953038099687546, 2.047436536056921, 2.778670469066128, 1.9932647431269288]
0 11.128 [2.084715224802494, 2.090124983107671, 2.0423768758773804, 2.915097126038745, 1.9952763670589775]
2 11.342 [2.2022848629858345, 2.1886767679825425, 2.141847884049639, 2.785826648119837, 2.0230077519081533]
2026-04-21 12:38:56.810562 Sync done -> model run start
2026-04-21 12:38:56.826326 Sync done -> model run start
2026-04-21 12:38:56.832059 Sync done -> model run start
2026-04-21 12:38:56.865601 Sync done -> model run start
3 10.755 [2.108454864937812, 2.669295921223238, 1.9721290802117437, 2.016588350990787, 1.987841121153906]
1 10.875 [2.1073228800669312, 2.781113080913201, 1.9837137709837407, 1.9977020611986518, 2.0053762579336762]
0 10.939 [2.0842175069265068, 2.7288448580075055, 2.1197007349692285, 2.0098709741141647, 1.9962807451374829]
2 11.118 [2.295474006095901, 2.6343168450985104, 2.080307209165767, 2.0527637859340757, 2.05467097600922]
2026-04-21 12:39:12.228008 Sync done -> model run start
2026-04-21 12:39:12.228229 Sync done -> model run start
2026-04-21 12:39:12.238987 Sync done -> model run start
2026-04-21 12:39:12.247964 Sync done -> model run start
0 11.255 [2.1042225470300764, 2.060856027994305, 2.0414644160773605, 3.070202871924266, 1.9778562770225108]
2 11.303 [2.1294987108558416, 2.058296118862927, 2.0452789128758013, 3.082213399000466, 1.9871144478674978]
3 11.678 [2.205790851963684, 2.1483029609080404, 2.1528301099315286, 3.1248085519764572, 2.0460525951348245]
1 11.395 [2.114380565006286, 2.051293480908498, 2.040860141860321, 3.1810527311172336, 2.006694229086861]
2026-04-21 12:39:27.333429 Sync done -> model run start
2026-04-21 12:39:27.333429 Sync done -> model run start
2026-04-21 12:39:27.352878 Sync done -> model run start
2026-04-21 12:39:27.411901 Sync done -> model run start
0 10.195 [2.0382536849938333, 2.0405205111019313, 2.0350249570328742, 2.0568366169463843, 2.023127855034545]
1 10.199 [2.047763470094651, 2.036426116945222, 2.0296862861141562, 2.056836773175746, 2.0268127161543816]
2 10.241 [2.055357360979542, 2.042432760121301, 2.03518495708704, 2.064607487991452, 2.0430285749025643]
3 10.526 [2.1298550120554864, 2.086135313846171, 2.147722686175257, 2.1304387408308685, 2.0313003410119563]
2026-04-21 12:39:42.625631 Sync done -> model run start
2026-04-21 12:39:42.627123 Sync done -> model run start
2026-04-21 12:39:42.638968 Sync done -> model run start
2026-04-21 12:39:42.649583 Sync done -> model run start
2 10.952 [2.9348737651016563, 2.047786531969905, 1.997668837895617, 1.991155571071431, 1.9802385331131518]
1 10.998 [2.9756777631118894, 2.057487620972097, 1.9910469842143357, 1.9858162740711123, 1.987749297870323]
0 11.125 [2.961243214085698, 2.047739032888785, 2.1252080420963466, 1.9923997949808836, 1.997933773091063]
3 11.334 [3.051302238833159, 2.127379883080721, 2.0473033459857106, 2.0731032541953027, 2.0343608220573515]
2026-04-21 12:39:57.793015 Sync done -> model run start
2026-04-21 12:39:57.793015 Sync done -> model run start
2026-04-21 12:39:57.800540 Sync done -> model run start
2026-04-21 12:39:57.817462 Sync done -> model run start
3 11.121 [3.130187072092667, 2.0358421539422125, 1.9941044489387423, 1.985019451007247, 1.975911692949012]
1 11.314 [3.1690929858013988, 2.0415919728111476, 2.1438238590490073, 1.9813824540469795, 1.9778679520823061]
0 11.515 [3.235696117160842, 2.097087601898238, 2.098409267840907, 2.069503029808402, 2.0138439561706036]
2026-04-21 12:40:13.235225 Sync done -> model run start
2026-04-21 12:40:13.235225 Sync done -> model run start
2026-04-21 12:40:13.255195 Sync done -> model run start
2026-04-21 12:40:13.277143 Sync done -> model run start
1 11.047 [2.0911803981289268, 2.08653088985011, 2.838376529980451, 2.0183391969185323, 2.012164316838607]
3 11.062 [2.102727066958323, 2.0881111579947174, 2.859116004081443, 2.0035611581988633, 2.008175549097359]
2 11.118 [2.0911890959832817, 2.086531202076003, 2.803261937107891, 2.065616608830169, 2.071395848179236]
0 11.375 [2.152525949990377, 2.1799912289716303, 2.9283954449929297, 2.062674354063347, 2.0508042911533266]
2026-04-21 12:40:27.497143 Sync done -> model run start
net_times: [[0.0, 1.109, 0, 1210368], [0.0, 3.82, 0, 1210368], [0.0, 5.334, 0, 1210368], [0.0, 3.084, 0, 1210368], [0.0, 3.296, 0, 1210368], [0.0, 2.513, 0, 1210368], [0.0, 3.746, 0, 1210368], [0.0, 2.868, 0, 1210368], [0.0, 2.952, 0, 1210368], [0.0, 2.736, 0, 1210368]]
echo 'race4fun' | sudo -S sh -c 'journalctl --since "2026-04-21 12:37:54.023222" --until "2026-04-21 12:40:27.497143" -k -o short-iso '| grep -i -E 'throttle|throttled|thermal|cpufreq|under-voltage|voltage'
