ALL SYNC
2026-04-21 12:38:47.934883 Sync done -> model run start
2026-04-21 12:38:47.934883 Sync done -> model run start
2026-04-21 12:38:47.934883 Sync done -> model run start
2026-04-21 12:38:47.937828 Sync done -> model run start
3 0.035 [0.02613568282686174, 0.0021225919481366873, 0.0025956619065254927, 0.001858582952991128, 0.0019885299261659384]
2 0.035 [0.026124953059479594, 0.002129571046680212, 0.0025952968280762434, 0.001867957878857851, 0.0019793121609836817]
1 0.032 [0.02212784090079367, 0.0021952479146420956, 0.0021846748422831297, 0.002106758998706937, 0.003410241100937128]
0 0.038 [0.028967177029699087, 0.0036594578996300697, 0.002073216950520873, 0.0013233781792223454, 0.0016690008342266083]
2026-04-21 12:39:01.977159 Sync done -> model run start
2026-04-21 12:39:01.983791 Sync done -> model run start
2026-04-21 12:39:01.992950 Sync done -> model run start
2026-04-21 12:39:02.003460 Sync done -> model run start
1 0.014 [0.006215902045369148, 0.0020695719867944717, 0.002093477174639702, 0.0015213459264487028, 0.0017153029330074787]
2 0.01 [0.005486010108143091, 0.0015945220366120338, 0.0011486399453133345, 0.0009892659727483988, 0.000950150890275836]
0 0.013 [0.005933351116254926, 0.0017659268341958523, 0.0016739999409765005, 0.0016962930094450712, 0.001748114824295044]
2026-04-21 12:39:16.960967 Sync done -> model run start
2026-04-21 12:39:16.966916 Sync done -> model run start
2026-04-21 12:39:16.976682 Sync done -> model run start
2026-04-21 12:39:16.985101 Sync done -> model run start
0 0.014 [0.005879862001165748, 0.0020045710261911154, 0.0017925940919667482, 0.002344517968595028, 0.001991551136597991]
1 0.014 [0.0066829819697886705, 0.0018444680608808994, 0.0017201460432261229, 0.0019130099099129438, 0.0017630108632147312]
2 0.011 [0.0054135629907250404, 0.0017095210496336222, 0.0011773889418691397, 0.0010647859890013933, 0.0010039000771939754]
3 0.007 [0.0034528968390077353, 0.0012423889711499214, 0.0007854641880840063, 0.0007772869430482388, 0.0007445788942277431]
2026-04-21 12:39:32.328420 Sync done -> model run start
2026-04-21 12:39:32.335918 Sync done -> model run start
2026-04-21 12:39:32.344845 Sync done -> model run start
2026-04-21 12:39:32.351709 Sync done -> model run start
0 0.014 [0.005998037988319993, 0.0015492101665586233, 0.0019121239893138409, 0.0021935810800641775, 0.002043894026428461]
1 0.014 [0.006731212139129639, 0.0018342600669711828, 0.0022917580790817738, 0.0014438459184020758, 0.0015474909450858831]
2 0.011 [0.0053702290169894695, 0.0013750959187746048, 0.0016345740295946598, 0.0010874939616769552, 0.0010556189808994532]
3 0.008 [0.004103153012692928, 0.0011235359124839306, 0.001091452082619071, 0.0008607238996773958, 0.0007822869811207056]
2026-04-21 12:39:45.755149 Sync done -> model run start
2026-04-21 12:39:45.761808 Sync done -> model run start
2026-04-21 12:39:45.770670 Sync done -> model run start
2026-04-21 12:39:45.779652 Sync done -> model run start
1 0.014 [0.0071766250766813755, 0.0015721791423857212, 0.0020787380635738373, 0.0018333750776946545, 0.0015442101284861565]
2 0.012 [0.005728455958887935, 0.001791968010365963, 0.0013738989364355803, 0.0015718659851700068, 0.001023588003590703]
3 0.008 [0.00396195612847805, 0.0012460348661988974, 0.0007849440444260836, 0.000762599054723978, 0.0007694750092923641]
2026-04-21 12:40:02.847461 Sync done -> model run start
2026-04-21 12:40:02.851574 Sync done -> model run start
2026-04-21 12:40:02.863091 Sync done -> model run start
2026-04-21 12:40:02.871826 Sync done -> model run start
0 0.014 [0.00612860987894237, 0.0016881150659173727, 0.0017942080739885569, 0.0018908230122178793, 0.0024877458345144987]
1 0.014 [0.005699550034478307, 0.0016625949647277594, 0.002428840147331357, 0.0017642609309405088, 0.0018329070881009102]
2 0.01 [0.0052639280911535025, 0.0012831701897084713, 0.0010072861332446337, 0.000932181952521205, 0.001099629094824195]
3 0.007 [0.0034555529709905386, 0.0009065049234777689, 0.0008328589610755444, 0.0007674430962651968, 0.0007491100113838911]
2026-04-21 12:40:18.429682 Sync done -> model run start
2026-04-21 12:40:18.435660 Sync done -> model run start
2026-04-21 12:40:18.444332 Sync done -> model run start
2026-04-21 12:40:18.454009 Sync done -> model run start
1 0.014 [0.006726264022290707, 0.0016371780075132847, 0.001718844985589385, 0.002016238169744611, 0.0015137421432882547]
0 0.014 [0.005823404062539339, 0.0019963420927524567, 0.0017304071225225925, 0.002327068941667676, 0.0020384781528264284]
2026-04-21 12:40:32.586454 Sync done -> model run start
2026-04-21 12:40:32.591356 Sync done -> model run start
2026-04-21 12:40:32.605751 Sync done -> model run start
2026-04-21 12:40:32.623099 Sync done -> model run start
1 0.013 [0.005946788005530834, 0.0016296259127557278, 0.0014461381360888481, 0.001792229013517499, 0.0021567060612142086]
3 0.008 [0.0035952921025455, 0.0009594741277396679, 0.0007938498165458441, 0.0009102029725909233, 0.0011578579433262348]
0 0.013 [0.005026845959946513, 0.0022221750114113092, 0.0018292597960680723, 0.001578273018822074, 0.0016488449182361364]
2 0.006 [0.0029693578835576773, 0.0009223909582942724, 0.0007385381031781435, 0.0007426000665873289, 0.0008140059653669596]
2026-04-21 12:40:46.567034 Sync done -> model run start
2026-04-21 12:40:46.576346 Sync done -> model run start
2026-04-21 12:40:46.585799 Sync done -> model run start
2026-04-21 12:40:46.595175 Sync done -> model run start
0 0.014 [0.006889550946652889, 0.001662231981754303, 0.001750980969518423, 0.0016584820114076138, 0.001804783008992672]
1 0.013 [0.006541271926835179, 0.002355248900130391, 0.0012830670457333326, 0.0013945249374955893, 0.001493535004556179]
2 0.01 [0.004882059991359711, 0.001648845849558711, 0.0014906178694218397, 0.0009847350884228945, 0.000989006133750081]
3 0.007 [0.0034384739119559526, 0.0008979130070656538, 0.0007740070577710867, 0.0008104648441076279, 0.0007407779339700937]
2026-04-21 12:41:01.739004 Sync done -> model run start
2026-04-21 12:41:01.745971 Sync done -> model run start
2026-04-21 12:41:01.767645 Sync done -> model run start
2026-04-21 12:41:01.786374 Sync done -> model run start
0 0.012 [0.005646066972985864, 0.001648118020966649, 0.0015913988463580608, 0.0016209818422794342, 0.001590668922290206]
1 0.013 [0.005589349195361137, 0.0019402520265430212, 0.0023226970806717873, 0.0016866589430719614, 0.0011078598909080029]
2 0.009 [0.004118731012567878, 0.001379003981128335, 0.0010706200264394283, 0.0010541609954088926, 0.0009262459352612495]
3 0.009 [0.003271704073995352, 0.00273514399304986, 0.0007943720556795597, 0.001070359954610467, 0.0007544760592281818]
2026-04-21 12:41:01.868926 Sync done -> model run start
net_times: [[52.435, 0.0, 605184, 0], [13.809, 0.0, 605184, 0], [14.767, 0.0, 605184, 0], [15.149, 0.0, 605184, 0], [13.213, 0.0, 605184, 0], [16.872, 0.0, 605184, 0], [15.37, 0.0, 605184, 0], [13.927, 0.0, 605184, 0], [13.755, 0.0, 605184, 0], [14.951, 0.0, 605184, 0]]
echo 'race4fun' | sudo -S sh -c 'journalctl --since "2026-04-21 12:37:55.010869" --until "2026-04-21 12:41:01.868926" -k -o short-iso '| grep -i -E 'throttle|throttled|thermal|cpufreq|under-voltage|voltage'
