ALL SYNC
2026-04-21 12:33:48.539117 Sync done -> model run start
2026-04-21 12:33:48.539117 Sync done -> model run start
2026-04-21 12:33:48.539117 Sync done -> model run start
2026-04-21 12:33:48.597628 Sync done -> model run start
1 17.467 [3.6105875708162785, 3.5214886099565774, 3.470867982134223, 3.421666724840179, 3.442265340127051]
2 17.54 [3.632398784160614, 3.5385498420801014, 3.477322852006182, 3.435907187871635, 3.455742525868118]
0 17.503 [3.624996782047674, 3.5411339460406452, 3.4719751130323857, 3.421991358976811, 3.442554922075942]
3 18.063 [3.7560165650211275, 3.6583918570540845, 3.597031116951257, 3.5587325759697706, 3.4926171679981053]
2026-04-21 12:34:10.068310 Sync done -> model run start
2026-04-21 12:34:10.070307 Sync done -> model run start
2026-04-21 12:34:10.092512 Sync done -> model run start
2026-04-21 12:34:10.191704 Sync done -> model run start
0 17.66 [3.546881899004802, 3.5474691891577095, 3.5163431698456407, 3.525988706154749, 3.5232936129905283]
1 17.658 [3.5470459079369903, 3.549014963908121, 3.5119926151819527, 3.525988602079451, 3.5238892359193414]
2 17.671 [3.561115382006392, 3.5449509180616587, 3.525934537872672, 3.5204701859038323, 3.5181425400078297]
3 18.199 [3.6846236849669367, 3.6695228619500995, 3.6543082371354103, 3.656380573986098, 3.5344897150062025]
2026-04-21 12:34:32.427153 Sync done -> model run start
2026-04-21 12:34:32.450815 Sync done -> model run start
2026-04-21 12:34:32.489509 Sync done -> model run start
2026-04-21 12:34:32.518137 Sync done -> model run start
3 18.393 [3.4858675180003047, 3.4730223619844764, 3.46169261704199, 3.511610802030191, 4.4605635299813]
1 18.355 [3.4864094939548522, 3.4754249558318406, 3.460746996803209, 3.5127011619042605, 4.419657706050202]
0 18.557 [3.489972604904324, 3.48317367490381, 3.4674456159118563, 3.5217669589910656, 4.594539758982137]
2 18.9 [3.6230862860102206, 3.603020950919017, 3.5954696289263666, 3.648886965820566, 4.429003397002816]
2026-04-21 12:34:54.187503 Sync done -> model run start
2026-04-21 12:34:54.234242 Sync done -> model run start
2026-04-21 12:34:54.254767 Sync done -> model run start
2026-04-21 12:34:54.265553 Sync done -> model run start
2 17.256 [3.4767673530150205, 3.473984553012997, 3.421803672099486, 3.4453001918736845, 3.438318241853267]
3 17.277 [3.4944465530570596, 3.4721841430291533, 3.4290722869336605, 3.4400594839826226, 3.4414709371048957]
1 17.803 [3.6166772039141506, 3.6035983520559967, 3.5527580899652094, 3.5545086569618434, 3.475200176006183]
0 17.267 [3.4828957659192383, 3.4775103719439358, 3.422008462017402, 3.445124931866303, 3.439289279980585]
2026-04-21 12:35:16.737078 Sync done -> model run start
2026-04-21 12:35:16.756848 Sync done -> model run start
2026-04-21 12:35:16.766031 Sync done -> model run start
2026-04-21 12:35:16.782808 Sync done -> model run start
0 17.263 [3.4896269429009408, 3.4779027209151536, 3.438381631858647, 3.4099077901337296, 3.446477121906355]
3 17.297 [3.497604567091912, 3.4926876618992537, 3.4421133880969137, 3.4140161578543484, 3.450096430024132]
2 17.27 [3.4945606209803373, 3.4770860059652478, 3.4407199039123952, 3.413688295055181, 3.4433302599936724]
1 17.889 [3.6292995559051633, 3.62633561110124, 3.572722860146314, 3.559253175975755, 3.5008088289760053]
2026-04-21 12:35:39.516689 Sync done -> model run start
2026-04-21 12:35:39.533010 Sync done -> model run start
2026-04-21 12:35:39.546954 Sync done -> model run start
2026-04-21 12:35:39.563680 Sync done -> model run start
2 17.605 [3.4759866930544376, 3.548155466094613, 3.541628878097981, 3.510646764887497, 3.5280272159725428]
1 17.621 [3.4855931638740003, 3.554914499865845, 3.541502108098939, 3.5106467129662633, 3.5280269039794803]
3 17.672 [3.484323951182887, 3.550449830945581, 3.5625427518971264, 3.5288763779681176, 3.5458072491455823]
0 18.233 [3.619924393016845, 3.69391018897295, 3.6782194720581174, 3.640988894039765, 3.599353126017377]
2026-04-21 12:36:02.401588 Sync done -> model run start
2026-04-21 12:36:02.424450 Sync done -> model run start
2026-04-21 12:36:02.460201 Sync done -> model run start
2026-04-21 12:36:02.476263 Sync done -> model run start
2 17.265 [3.488651336170733, 3.4797410608734936, 3.433763902867213, 3.440358930034563, 3.421995619079098]
3 17.267 [3.490089402999729, 3.4775824239477515, 3.4379285220056772, 3.43666399596259, 3.424936284078285]
0 17.253 [3.483819741057232, 3.4796306961216033, 3.4246609709225595, 3.4421010569203645, 3.4221418160013855]
1 17.84 [3.6297834229189903, 3.606942733982578, 3.5596060510724783, 3.5856584480497986, 3.4578897450119257]
2026-04-21 12:36:25.259351 Sync done -> model run start
2026-04-21 12:36:25.282575 Sync done -> model run start
2026-04-21 12:36:25.305185 Sync done -> model run start
2026-04-21 12:36:25.367739 Sync done -> model run start
0 17.24 [3.5093325609341264, 3.480241585057229, 3.4228531720582396, 3.4087470839731395, 3.4188992308918387]
1 17.252 [3.5202149651013315, 3.477049774955958, 3.429744081804529, 3.4091011970303953, 3.415466745151207]
2 17.271 [3.5324844990391284, 3.474896346917376, 3.4343804181553423, 3.409639789024368, 3.4194547499064356]
3 17.787 [3.6565644671209157, 3.598495483864099, 3.55323493713513, 3.5220875120721757, 3.4566406419035047]
2026-04-21 12:36:48.090635 Sync done -> model run start
2026-04-21 12:36:48.090641 Sync done -> model run start
2026-04-21 12:36:48.119684 Sync done -> model run start
2026-04-21 12:36:48.198365 Sync done -> model run start
0 18.397 [3.5726092390250415, 3.578580205095932, 3.541433532955125, 4.260460322024301, 3.443778979824856]
1 18.43 [3.5731730910483748, 3.576152089983225, 3.5432936819270253, 4.275658125989139, 3.4616243250202388]
2 18.711 [3.5876549589447677, 3.5897983370814472, 3.5501578201074153, 4.406177182914689, 3.5768004760611802]
3 19.046 [3.749037172878161, 3.6998773720115423, 3.6753820029553026, 4.364830265985802, 3.5562280060257763]
2026-04-21 12:37:09.880755 Sync done -> model run start
2026-04-21 12:37:09.891469 Sync done -> model run start
2026-04-21 12:37:09.903436 Sync done -> model run start
2026-04-21 12:37:09.947026 Sync done -> model run start
2 17.398 [3.524024544050917, 3.5255909969564527, 3.452528635971248, 3.4436538820154965, 3.451656818855554]
1 17.461 [3.530172019964084, 3.5418784839566797, 3.483282471075654, 3.448376466985792, 3.4567153910174966]
3 17.434 [3.5503145430702716, 3.537067200988531, 3.448577871080488, 3.443123050034046, 3.454755503917113]
0 17.981 [3.657767547061667, 3.6592449380550534, 3.574863299028948, 3.570301444036886, 3.518221863079816]
2026-04-21 12:37:27.980200 Sync done -> model run start
net_times: [[22.723, 0.0, 1210368, 0], [1.942, 0.0, 1210368, 0], [2.568, 0.0, 1210368, 0], [1.28, 0.0, 1210368, 0], [3.17, 0.0, 1210368, 0], [3.401, 0.0, 1210368, 0], [3.171, 0.0, 1210368, 0], [3.478, 0.0, 1210368, 0], [3.478, 0.0, 1210368, 0], [1.122, 0.0, 1210368, 0]]
echo 'race4fun' | sudo -S sh -c 'journalctl --since "2026-04-21 12:33:22.948773" --until "2026-04-21 12:37:27.980200" -k -o short-iso '| grep -i -E 'throttle|throttled|thermal|cpufreq|under-voltage|voltage'
