ALL SYNC
2026-04-21 13:48:02.146435 Sync done -> model run start
2026-04-21 13:48:02.146438 Sync done -> model run start
2026-04-21 13:48:02.146435 Sync done -> model run start
2026-04-21 13:48:02.189687 Sync done -> model run start
3 11.29 [2.132307135965675, 2.951547874836251, 2.07017624611035, 2.105284327175468, 2.0301999400835484]
0 11.291 [2.13523304881528, 2.9809699200559407, 2.049902510130778, 2.097489756066352, 2.0273777230177075]
2 11.403 [2.1371150640770793, 2.983700367156416, 2.0420233050826937, 2.105625157011673, 2.134464958915487]
1 11.582 [2.178285136818886, 3.062905176077038, 2.1426933009643108, 2.2035018468741328, 1.9941231631673872]
2026-04-21 13:48:16.774227 Sync done -> model run start
2026-04-21 13:48:16.786820 Sync done -> model run start
2026-04-21 13:48:16.792653 Sync done -> model run start
2026-04-21 13:48:16.808984 Sync done -> model run start
0 11.208 [2.0590345931705087, 2.082616521976888, 2.0395362901035696, 3.028481971938163, 1.997968598967418]
3 11.231 [2.0700283059850335, 2.0857557670678943, 2.040042171953246, 3.0311314831487834, 2.003840583143756]
2 11.431 [2.074415196897462, 2.0869673718698323, 2.040041962871328, 3.1230460950173438, 2.106757452012971]
1 11.511 [2.1202611718326807, 2.181244253180921, 2.15628356509842, 3.051382001955062, 2.001791385933757]
2026-04-21 13:48:32.009105 Sync done -> model run start
2026-04-21 13:48:32.014042 Sync done -> model run start
2026-04-21 13:48:32.032140 Sync done -> model run start
2026-04-21 13:48:32.043976 Sync done -> model run start
0 10.296 [2.072407061001286, 2.0871972399763763, 2.044207365019247, 2.0550628879573196, 2.036438959883526]
1 10.302 [2.0772322819102556, 2.089302327018231, 2.0421072791796178, 2.0550632008817047, 2.038145925151184]
3 10.323 [2.0923229940235615, 2.084413201082498, 2.0461880788207054, 2.0553884070832282, 2.044237544061616]
2 10.669 [2.1822823681868613, 2.1852400419302285, 2.111525679938495, 2.113697160035372, 2.075860681012273]
2026-04-21 13:48:48.787758 Sync done -> model run start
2026-04-21 13:48:48.796771 Sync done -> model run start
2026-04-21 13:48:48.823622 Sync done -> model run start
2026-04-21 13:48:48.843127 Sync done -> model run start
0 11.082 [2.094292608089745, 2.088625399162993, 2.0482083619572222, 2.86562442779541, 1.9846483238507062]
1 11.091 [2.0887562460266054, 2.0860449511092156, 2.0482087780255824, 2.871226674877107, 1.996332295006141]
3 11.227 [2.0920320539735258, 2.089498464949429, 2.0494741338770837, 3.016100372886285, 1.9795152430888265]
2 11.427 [2.183908509090543, 2.156657309969887, 2.174391636159271, 2.9075470729731023, 2.004534319974482]
2026-04-21 13:49:03.912230 Sync done -> model run start
2026-04-21 13:49:03.931671 Sync done -> model run start
2026-04-21 13:49:03.932312 Sync done -> model run start
2026-04-21 13:49:03.932838 Sync done -> model run start
0 11.154 [2.085458467947319, 3.0812091529369354, 1.9996928200125694, 1.9987398399971426, 1.9890616671182215]
3 11.177 [2.1024253671057522, 3.0854069339111447, 1.9899476889986545, 2.0019058058969676, 1.9969372840132564]
2 11.308 [2.1030923400539905, 3.2295808070339262, 1.9893499868921936, 2.0005557141266763, 1.9848351920954883]
1 11.553 [2.186496998881921, 3.2046753261238337, 2.0492183240130544, 2.0739186350256205, 2.0380434279795736]
2026-04-21 13:49:18.500984 Sync done -> model run start
net_times: [[0.0, 2.093, 0, 1210368], [0.0, 2.778, 0, 1210368], [0.0, 5.175, 0, 1210368], [0.0, 2.736, 0, 1210368], [0.0, 2.91, 0, 1210368]]
echo 'race4fun' | sudo -S sh -c 'journalctl --since "2026-04-21 13:48:00.154079" --until "2026-04-21 13:49:18.500984" -k -o short-iso '| grep -i -E 'throttle|throttled|thermal|cpufreq|under-voltage|voltage'
