ALL SYNC
2026-04-21 13:48:55.249953 Sync done -> model run start
2026-04-21 13:48:55.249957 Sync done -> model run start
2026-04-21 13:48:55.249953 Sync done -> model run start
2026-04-21 13:48:55.251678 Sync done -> model run start
3 0.039 [0.030095535097643733, 0.00230633607134223, 0.0020337330643087626, 0.0021368050947785378, 0.0020082651171833277]
0 0.037 [0.028397266985848546, 0.0023690438829362392, 0.0019738380797207355, 0.002136753173545003, 0.002007639966905117]
1 0.039 [0.030095170019194484, 0.0024493031669408083, 0.0019483689684420824, 0.0020875870250165462, 0.0020081610418856144]
2 0.039 [0.030095690861344337, 0.002305867150425911, 0.002034097909927368, 0.0021368050947785378, 0.002007900970056653]
2026-04-21 13:49:08.464010 Sync done -> model run start
2026-04-21 13:49:08.468171 Sync done -> model run start
2026-04-21 13:49:08.482998 Sync done -> model run start
2026-04-21 13:49:08.488764 Sync done -> model run start
0 0.012 [0.005403497023507953, 0.0021729511208832264, 0.0015100399032235146, 0.0015659239143133163, 0.0015646228566765785]
1 0.014 [0.006266354816034436, 0.001894255168735981, 0.002143420046195388, 0.0019927958492189646, 0.0015880600549280643]
2 0.009 [0.00435204803943634, 0.0010016579180955887, 0.0010375960264354944, 0.000978273106738925, 0.000998794101178646]
3 0.007 [0.0035009090788662434, 0.0012135840952396393, 0.0009657221380621195, 0.0007532229647040367, 0.0007783269975334406]
2026-04-21 13:49:24.575715 Sync done -> model run start
2026-04-21 13:49:24.594927 Sync done -> model run start
2026-04-21 13:49:24.604117 Sync done -> model run start
2026-04-21 13:49:24.619377 Sync done -> model run start
2 0.013 [0.0071560360956937075, 0.0014007179997861385, 0.001379519933834672, 0.0016217050142586231, 0.001718006795272231]
3 0.011 [0.005656516877934337, 0.0016108728013932705, 0.0012140010949224234, 0.0009626480750739574, 0.000886137830093503]
1 0.006 [0.003021121956408024, 0.0008973889052867889, 0.0007467120885848999, 0.0007440568879246712, 0.0008052021730691195]
0 0.015 [0.006260887952521443, 0.0017192040104418993, 0.0018551410175859928, 0.0016772260423749685, 0.0028782060835510492]
2026-04-21 13:49:39.254092 Sync done -> model run start
2026-04-21 13:49:39.259714 Sync done -> model run start
2026-04-21 13:49:39.271380 Sync done -> model run start
2026-04-21 13:49:39.287189 Sync done -> model run start
0 0.014 [0.006368750939145684, 0.001948891207575798, 0.0018563910853117704, 0.0019081088248640299, 0.001872902037575841]
1 0.014 [0.006529010832309723, 0.001972068101167679, 0.001889985054731369, 0.0017505588475614786, 0.0016530081629753113]
2 0.011 [0.006014639977365732, 0.001482540974393487, 0.0010728039778769016, 0.0013133750762790442, 0.0012362399138510227]
3 0.008 [0.0036397629883140326, 0.0011208239011466503, 0.0010363978799432516, 0.0009732728358358145, 0.0009468160569667816]
2026-04-21 13:49:53.349689 Sync done -> model run start
2026-04-21 13:49:53.360752 Sync done -> model run start
2026-04-21 13:49:53.372571 Sync done -> model run start
2026-04-21 13:49:53.379447 Sync done -> model run start
1 0.012 [0.004982460057362914, 0.0017697259318083525, 0.0020924839191138744, 0.0014001978561282158, 0.0013608739245682955]
2 0.009 [0.00444850604981184, 0.0011954070068895817, 0.0009516598656773567, 0.0010828040540218353, 0.0010806168429553509]
0 0.012 [0.0049651688896119595, 0.0015902479644864798, 0.0016628520097583532, 0.0019340987782925367, 0.0018710270524024963]
3 0.007 [0.003461065934970975, 0.0011416058987379074, 0.0007558278739452362, 0.000849264906719327, 0.0007576500065624714]
2026-04-21 13:49:53.451278 Sync done -> model run start
net_times: [[53.594, 0.0, 605184, 0], [12.989, 0.0, 605184, 0], [15.901, 0.0, 605184, 0], [14.451, 0.0, 605184, 0], [13.883, 0.0, 605184, 0]]
echo 'race4fun' | sudo -S sh -c 'journalctl --since "2026-04-21 13:48:01.165036" --until "2026-04-21 13:49:53.451278" -k -o short-iso '| grep -i -E 'throttle|throttled|thermal|cpufreq|under-voltage|voltage'
