ALL SYNC
2026-04-21 13:44:58.890833 Sync done -> model run start
2026-04-21 13:44:58.890833 Sync done -> model run start
2026-04-21 13:44:58.890833 Sync done -> model run start
2026-04-21 13:44:58.925249 Sync done -> model run start
0 18.001 [3.6796351631637663, 3.6078585779760033, 3.5663942960090935, 3.5738709198776633, 3.573239430086687]
3 18.001 [3.676988413091749, 3.6124663529917598, 3.5645037898793817, 3.5738029000349343, 3.5732392738573253]
2 18.078 [3.6899745578411967, 3.6288452320732176, 3.59656671108678, 3.583318086108193, 3.578788398997858]
1 18.661 [3.8164817669894546, 3.7766338419169188, 3.7125716260634363, 3.738889515865594, 3.6162055709864944]
2026-04-21 13:45:20.203095 Sync done -> model run start
2026-04-21 13:45:20.203095 Sync done -> model run start
2026-04-21 13:45:20.225190 Sync done -> model run start
2026-04-21 13:45:20.246002 Sync done -> model run start
0 17.931 [3.6151370389852673, 3.612071664072573, 3.5594643289223313, 3.5677052680402994, 3.576848591910675]
1 17.931 [3.616336300969124, 3.6108699031174183, 3.5594646940007806, 3.5678313081152737, 3.576725780032575]
3 17.98 [3.6321997181512415, 3.607900916133076, 3.5917239219415933, 3.568245577858761, 3.5795462301466614]
2 18.588 [3.7683877078816295, 3.7595283270347863, 3.706606160849333, 3.720676073106006, 3.6327530769631267]
2026-04-21 13:45:43.073926 Sync done -> model run start
2026-04-21 13:45:43.076659 Sync done -> model run start
2026-04-21 13:45:43.106975 Sync done -> model run start
2026-04-21 13:45:43.117567 Sync done -> model run start
0 17.751 [3.606331974035129, 3.6032236230093986, 3.5196124450303614, 3.5138362960424274, 3.5077832711394876]
1 17.753 [3.6033744441810995, 3.6065841170493513, 3.5211667041294277, 3.5141318149399012, 3.5071704629808664]
3 17.797 [3.6121283369138837, 3.6249193949624896, 3.53070288291201, 3.5068061428610235, 3.5221397259738296]
2 18.4 [3.76275764987804, 3.7492883999366313, 3.654403774999082, 3.6592168759088963, 3.5743004449177533]
2026-04-21 13:46:09.464071 Sync done -> model run start
2026-04-21 13:46:09.494491 Sync done -> model run start
2026-04-21 13:46:09.495012 Sync done -> model run start
2026-04-21 13:46:09.573577 Sync done -> model run start
0 17.946 [3.6153797609731555, 3.616550696082413, 3.5677884039469063, 3.5722991020884365, 3.5732775861397386]
2 17.954 [3.6236809499096125, 3.6121643239166588, 3.5694821439683437, 3.572758214082569, 3.5757077261805534]
3 18.486 [3.7518118747975677, 3.7255726559087634, 3.7039266298525035, 3.6976367379538715, 3.60701761697419]
1 17.954 [3.6241935500875115, 3.6107538130600005, 3.570889216149226, 3.5727641000412405, 3.5749383568763733]
2026-04-21 13:46:38.748213 Sync done -> model run start
2026-04-21 13:46:38.765835 Sync done -> model run start
2026-04-21 13:46:38.767057 Sync done -> model run start
2026-04-21 13:46:38.815191 Sync done -> model run start
0 17.524 [3.5592845240607858, 3.5289686960168183, 3.462680154014379, 3.4851284730248153, 3.4880425571464]
3 17.554 [3.575359513051808, 3.5272751150187105, 3.4667900211643428, 3.484339365037158, 3.5002593470271677]
2 17.607 [3.5804481741506606, 3.543431144906208, 3.4866188378073275, 3.493121022125706, 3.5033976070117205]
1 18.121 [3.6919188830070198, 3.6706283618696034, 3.5993840298615396, 3.6195153419394046, 3.539597311988473]
2026-04-21 13:47:05.482754 Sync done -> model run start
net_times: [[0.0, 1.118, 0, 1210368], [0.0, 2.741, 0, 1210368], [0.0, 6.467, 0, 1210368], [0.0, 9.176, 0, 1210368], [0.0, 8.402, 0, 1210368]]
echo 'race4fun' | sudo -S sh -c 'journalctl --since "2026-04-21 13:44:56.081874" --until "2026-04-21 13:47:05.482754" -k -o short-iso '| grep -i -E 'throttle|throttled|thermal|cpufreq|under-voltage|voltage'
