ALL SYNC
2026-04-21 13:48:48.755851 Sync done -> model run start
2026-04-21 13:48:48.755847 Sync done -> model run start
2026-04-21 13:48:48.755847 Sync done -> model run start
2026-04-21 13:48:48.755847 Sync done -> model run start
1 4.765 [1.1359893700573593, 1.0235134079121053, 0.9368878251407295, 1.094858316006139, 0.5736301860306412]
3 4.849 [1.1328390161506832, 1.0359721668064594, 1.099951840005815, 0.9993703681975603, 0.5801486009731889]
2 4.862 [1.2061760008800775, 0.9606169611215591, 1.1339681278914213, 0.9850072402041405, 0.5759356468915939]
0 4.896 [1.1359977030660957, 1.0370965900365263, 1.1147975688800216, 1.0377939830068499, 0.5702834788244218]
2026-04-21 13:49:03.307019 Sync done -> model run start
2026-04-21 13:49:03.324110 Sync done -> model run start
2026-04-21 13:49:03.338996 Sync done -> model run start
2026-04-21 13:49:03.359076 Sync done -> model run start
2 3.802 [0.6003315518610179, 0.5864682148676366, 1.0195177989080548, 0.9619899790268391, 0.6338002379052341]
1 3.922 [0.5990491090342402, 0.584823845885694, 0.9979651139583439, 0.9695565667934716, 0.7700240861158818]
3 3.891 [0.6412459930870682, 0.584600096102804, 1.1401808161754161, 0.9353680401109159, 0.5891069557983428]
0 3.796 [0.6053327322006226, 0.5852352499496192, 0.9827715209685266, 0.9792408559005708, 0.6434765059966594]
2026-04-21 13:49:18.688670 Sync done -> model run start
2026-04-21 13:49:18.722081 Sync done -> model run start
2026-04-21 13:49:18.728065 Sync done -> model run start
2026-04-21 13:49:18.739290 Sync done -> model run start
2 4.296 [0.6070094469469041, 0.6300169180613011, 1.0059131609741598, 1.1269748220220208, 0.9256115658208728]
3 4.4 [0.6076203300617635, 0.6358457009773701, 1.116669649956748, 1.0487861880101264, 0.9905873811803758]
1 4.472 [0.6062253350391984, 0.6172070160973817, 1.1872745079454035, 1.0277699590660632, 1.033570668194443]
0 4.521 [0.6088310549966991, 0.6741940570063889, 1.0986653370782733, 1.1083466061390936, 1.030604949919507]
2026-04-21 13:49:33.873304 Sync done -> model run start
2026-04-21 13:49:33.883893 Sync done -> model run start
2026-04-21 13:49:33.905048 Sync done -> model run start
2026-04-21 13:49:33.926010 Sync done -> model run start
1 3.967 [0.6273508870508522, 0.5890975310467184, 0.6045259670354426, 0.9665856431238353, 1.1794409949798137]
2 3.979 [0.633763728896156, 0.59106570109725, 0.6134278108365834, 1.002447133185342, 1.138005827087909]
0 4.079 [0.644589785952121, 0.5900516419205815, 0.6085899630561471, 0.9749481149483472, 1.2610262848902494]
3 4.109 [0.6729103119578212, 0.5903547659981996, 0.652262207120657, 1.170165091054514, 1.022955290041864]
2026-04-21 13:49:49.070895 Sync done -> model run start
2026-04-21 13:49:49.104847 Sync done -> model run start
2026-04-21 13:49:49.119903 Sync done -> model run start
2026-04-21 13:49:49.144022 Sync done -> model run start
1 2.933 [0.596561152022332, 0.5896067491266876, 0.580596833024174, 0.5772648130077869, 0.588647689903155]
0 2.926 [0.6044128439389169, 0.5870738930534571, 0.5723566010128707, 0.5757160680368543, 0.5865924889221787]
2 2.944 [0.6077612170483917, 0.5981800518929958, 0.5765429399907589, 0.5787128291558474, 0.5826928669121116]
3 3.001 [0.5967704220674932, 0.6308665531687438, 0.577379603870213, 0.6264775060117245, 0.5696521308273077]
2026-04-21 13:49:53.283648 Sync done -> model run start
net_times: [[46.705, 1.049, 1210368, 605184], [8.192, 1.05, 1210368, 605184], [9.983, 1.171, 1210368, 605184], [9.045, 1.049, 1210368, 605184], [9.572, 1.051, 1210368, 605184]]
echo 'race4fun' | sudo -S sh -c 'journalctl --since "2026-04-21 13:48:01.161764" --until "2026-04-21 13:49:53.283648" -k -o short-iso '| grep -i -E 'throttle|throttled|thermal|cpufreq|under-voltage|voltage'
