ALL SYNC
2026-04-21 13:45:21.621985 Sync done -> model run start
2026-04-21 13:45:21.621983 Sync done -> model run start
2026-04-21 13:45:21.621983 Sync done -> model run start
2026-04-21 13:45:21.681125 Sync done -> model run start
2 19.224 [4.277291147969663, 3.570942698046565, 3.4637760459445417, 3.4689688950311393, 4.443102346966043]
3 19.288 [4.357112274039537, 3.5806211011949927, 3.454270558897406, 3.4483910501003265, 4.447564987000078]
0 19.766 [4.473768268944696, 3.6790497140027583, 3.4933220359962434, 3.4607698610052466, 4.658666484989226]
1 19.871 [4.330942314118147, 3.729273807955906, 3.605810235021636, 3.5875254571437836, 4.617162151960656]
2026-04-21 13:45:43.028468 Sync done -> model run start
2026-04-21 13:45:43.053597 Sync done -> model run start
2026-04-21 13:45:43.065210 Sync done -> model run start
2026-04-21 13:45:43.073763 Sync done -> model run start
3 24.254 [4.6971898439805955, 4.589983192970976, 4.53674942580983, 4.513851071009412, 5.915771412895992]
0 24.43 [4.833566447952762, 4.581694577122107, 4.492043488891795, 4.611319791991264, 5.9107167951297015]
2 24.902 [4.855586213991046, 4.878502491861582, 4.463607287034392, 5.22374904807657, 5.479958725860342]
2026-04-21 13:46:09.483996 Sync done -> model run start
2026-04-21 13:46:09.497201 Sync done -> model run start
2026-04-21 13:46:09.508035 Sync done -> model run start
2026-04-21 13:46:09.516303 Sync done -> model run start
2 27.109 [6.325330711901188, 5.877204425865784, 5.325418138178065, 4.194576641079038, 5.386540535837412]
0 27.143 [6.427084625931457, 5.959747886052355, 5.301559993065894, 4.055175254121423, 5.399438250809908]
1 27.385 [6.357307734899223, 5.874498343095183, 5.33081910898909, 4.487912226002663, 5.334578115027398]
3 27.711 [6.405429754173383, 6.308570621069521, 5.647690184880048, 4.255851426161826, 5.092759692110121]
2026-04-21 13:46:38.710953 Sync done -> model run start
2026-04-21 13:46:38.711026 Sync done -> model run start
2026-04-21 13:46:38.740378 Sync done -> model run start
2026-04-21 13:46:38.740378 Sync done -> model run start
2 25.89 [5.240676678949967, 5.762510478962213, 4.874489428009838, 5.732703560963273, 4.279142874991521]
1 25.92 [5.238625487079844, 5.784075454808772, 4.844958543078974, 5.763424651231617, 4.2890509648714215]
3 26.006 [5.231261295033619, 5.781400203937665, 4.8992267900612205, 5.828638537088409, 4.264942665118724]
0 26.576 [5.424395512789488, 6.1471050679683685, 5.026689521037042, 6.120392254786566, 3.857046958990395]
2026-04-21 13:47:06.868071 Sync done -> model run start
2026-04-21 13:47:06.868061 Sync done -> model run start
2026-04-21 13:47:06.895950 Sync done -> model run start
2026-04-21 13:47:06.981932 Sync done -> model run start
0 25.936 [5.572279601125047, 5.427182144951075, 3.5360738718882203, 5.212446132907644, 6.187850379850715]
1 25.982 [5.614795077126473, 5.437267733970657, 3.5238989151548594, 5.234922251896933, 6.170597263146192]
2 25.939 [5.537572690984234, 5.519015573896468, 3.500395455863327, 5.376126965973526, 6.005596486851573]
3 26.592 [5.670391652965918, 5.6674828140530735, 3.8655007919296622, 5.66883844207041, 5.719636237015948]
2026-04-21 13:47:33.605162 Sync done -> model run start
net_times: [[21.707, 0.0, 1210368, 0], [0.003, 0.0, 1210368, 0], [0.003, 0.0, 1210368, 0], [0.002, 0.0, 1210368, 0], [0.002, 0.0, 1210368, 0]]
echo 'race4fun' | sudo -S sh -c 'journalctl --since "2026-04-21 13:44:57.093667" --until "2026-04-21 13:47:33.605162" -k -o short-iso '| grep -i -E 'throttle|throttled|thermal|cpufreq|under-voltage|voltage'
