ALL SYNC
2026-04-21 13:48:33.151578 Sync done -> model run start
2026-04-21 13:48:33.151538 Sync done -> model run start
2026-04-21 13:48:33.151577 Sync done -> model run start
2026-04-21 13:48:33.191242 Sync done -> model run start
2 11.783 [2.4589555591810495, 2.346217878162861, 2.286540169036016, 2.2888507610186934, 2.4021118979435414]
1 11.788 [2.447631048038602, 2.345480071147904, 2.277462518075481, 2.2978883071336895, 2.419318611966446]
0 11.832 [2.4628452740143985, 2.358899359824136, 2.2895015571266413, 2.294529629871249, 2.4260627871844918]
3 12.488 [2.5286935509648174, 2.4460248998366296, 2.379443434998393, 2.3729574689641595, 2.760298178065568]
2026-04-21 13:48:48.810699 Sync done -> model run start
2026-04-21 13:48:48.839763 Sync done -> model run start
2026-04-21 13:48:48.858716 Sync done -> model run start
2026-04-21 13:48:48.876915 Sync done -> model run start
0 11.474 [2.3262538239359856, 2.3136985199525952, 2.2780890360008925, 2.2702578140888363, 2.285534886876121]
2 11.495 [2.3205495381262153, 2.315374498954043, 2.282548800110817, 2.2773171979933977, 2.298434703145176]
3 11.52 [2.330921712098643, 2.3237569991033524, 2.2827303619123995, 2.2774483950342983, 2.3051538271829486]
1 11.941 [2.420288129011169, 2.4065046049654484, 2.3669488469604403, 2.3299283320084214, 2.417383653111756]
2026-04-21 13:49:03.947960 Sync done -> model run start
2026-04-21 13:49:03.954448 Sync done -> model run start
2026-04-21 13:49:03.976876 Sync done -> model run start
2026-04-21 13:49:03.992768 Sync done -> model run start
1 11.766 [2.3579693629872054, 2.369210993871093, 2.34506539395079, 2.343437626026571, 2.3503350620158017]
0 11.777 [2.35864717210643, 2.3748599169775844, 2.345065394183621, 2.3476452040486038, 2.3509327680803835]
2 12.212 [2.4645498488098383, 2.461602454073727, 2.4326941811013967, 2.423480574041605, 2.429286614060402]
3 11.943 [2.3693134079221636, 2.3765053229872137, 2.353205604944378, 2.355316980043426, 2.4883724958635867]
2026-04-21 13:49:19.322392 Sync done -> model run start
2026-04-21 13:49:19.344716 Sync done -> model run start
2026-04-21 13:49:19.373166 Sync done -> model run start
2026-04-21 13:49:19.382114 Sync done -> model run start
2 11.562 [2.333610872970894, 2.3196189568843693, 2.279465744039044, 2.299140655202791, 2.3299718520138413]
0 11.548 [2.3410713479388505, 2.316725382115692, 2.2725984428543597, 2.286791719030589, 2.330870803911239]
1 11.994 [2.4327747968491167, 2.4041059450246394, 2.376320887124166, 2.3809301608707756, 2.399635654874146]
3 11.578 [2.3431455539539456, 2.3199532271828502, 2.276982740033418, 2.297634779009968, 2.3396113771013916]
2026-04-21 13:49:34.482958 Sync done -> model run start
2026-04-21 13:49:34.482958 Sync done -> model run start
2026-04-21 13:49:34.508829 Sync done -> model run start
2026-04-21 13:49:34.544132 Sync done -> model run start
1 11.621 [2.342410032870248, 2.3473498260136694, 2.3321999479085207, 2.313883108086884, 2.2850376339629292]
0 11.651 [2.3644925041589886, 2.341596735874191, 2.3203796539455652, 2.3236883101053536, 2.3004265520721674]
2 11.67 [2.3557090151589364, 2.3552269658539444, 2.3221838111057878, 2.331807272043079, 2.3047779861371964]
3 12.037 [2.4430569789838046, 2.4325109829660505, 2.4165377779863775, 2.3913200970273465, 2.352887182030827]
2026-04-21 13:49:48.786143 Sync done -> model run start
net_times: [[29.969, 2.104, 1210368, 1210368], [0.002, 2.085, 1210368, 1210368], [0.002, 2.081, 1210368, 1210368], [0.002, 2.081, 1210368, 1210368], [0.002, 2.094, 1210368, 1210368]]
echo 'race4fun' | sudo -S sh -c 'journalctl --since "2026-04-21 13:48:01.174054" --until "2026-04-21 13:49:48.786143" -k -o short-iso '| grep -i -E 'throttle|throttled|thermal|cpufreq|under-voltage|voltage'
