ALL SYNC
2026-04-21 13:48:17.930278 Sync done -> model run start
2026-04-21 13:48:17.930281 Sync done -> model run start
2026-04-21 13:48:17.930277 Sync done -> model run start
2026-04-21 13:48:17.930277 Sync done -> model run start
0 10.645 [2.210846341913566, 2.1153045969549567, 2.1235044980421662, 2.0658593580592424, 2.129578680032864]
2 10.666 [2.2190130660310388, 2.122632054844871, 2.1285905621480197, 2.0760569041594863, 2.12000185996294]
3 10.57 [2.2020970170851797, 2.106479283189401, 2.106659334152937, 2.064827124821022, 2.0898285428993404]
1 11.044 [2.3095971818547696, 2.2424824610352516, 2.1752824301365763, 2.1186975450254977, 2.1977014660369605]
2026-04-21 13:48:32.046419 Sync done -> model run start
2026-04-21 13:48:32.046405 Sync done -> model run start
2026-04-21 13:48:32.074593 Sync done -> model run start
2026-04-21 13:48:32.074593 Sync done -> model run start
1 10.591 [2.1645509770605713, 2.165253838058561, 2.0642538948450238, 2.082774308975786, 2.1137745999731123]
2 10.591 [2.1595014228951186, 2.160469332942739, 2.0642241549212486, 2.08823719387874, 2.118171344976872]
3 10.608 [2.16306109004654, 2.1610619339626282, 2.073890298139304, 2.0839949778746814, 2.125430366024375]
0 10.974 [2.2439635950140655, 2.2155085490085185, 2.1427155279088765, 2.1719516101293266, 2.200178323080763]
2026-04-21 13:48:48.834187 Sync done -> model run start
2026-04-21 13:48:48.834187 Sync done -> model run start
2026-04-21 13:48:48.855252 Sync done -> model run start
2026-04-21 13:48:48.911246 Sync done -> model run start
1 10.612 [2.160032976884395, 2.15564654301852, 2.1011287819128484, 2.0977490621153265, 2.097667186986655]
0 10.616 [2.160033809952438, 2.1556526888161898, 2.107162914937362, 2.0952929821796715, 2.0980155169963837]
2 10.664 [2.180196820059791, 2.1677260571159422, 2.1071492680348456, 2.099810871994123, 2.1084815508220345]
3 11.013 [2.233801200054586, 2.2359036351554096, 2.1888879670295864, 2.180584888905287, 2.1732918568886817]
2026-04-21 13:49:03.926404 Sync done -> model run start
2026-04-21 13:49:03.932088 Sync done -> model run start
2026-04-21 13:49:03.956477 Sync done -> model run start
2026-04-21 13:49:04.002989 Sync done -> model run start
0 10.647 [2.1833213279023767, 2.1586994379758835, 2.120210335124284, 2.1315809458028525, 2.0533769158646464]
2 10.698 [2.192337214946747, 2.1711763970088214, 2.1269799310248345, 2.132663441123441, 2.074915593955666]
3 11.018 [2.250780627829954, 2.266371320001781, 2.209897424792871, 2.1648784631397575, 2.125644417013973]
1 10.627 [2.176934280898422, 2.158996050944552, 2.1195865359622985, 2.122985839145258, 2.04782351013273]
2026-04-21 13:49:19.341123 Sync done -> model run start
2026-04-21 13:49:19.364706 Sync done -> model run start
2026-04-21 13:49:19.381871 Sync done -> model run start
2026-04-21 13:49:19.381867 Sync done -> model run start
1 10.604 [2.1155637439806014, 2.1786375478841364, 2.124119371175766, 2.102088193874806, 2.0830753340851516]
3 10.597 [2.1203379868529737, 2.1750234020873904, 2.1196174169890583, 2.099366386886686, 2.0824181500356644]
2 10.638 [2.127866225782782, 2.1840846000704914, 2.122208339860663, 2.1047034398652613, 2.0989768060389906]
0 10.949 [2.219082315918058, 2.2078423800412565, 2.20934617286548, 2.1756534490268677, 2.137000025017187]
2026-04-21 13:49:33.634237 Sync done -> model run start
net_times: [[14.776, 2.075, 1210368, 1210368], [0.002, 4.769, 1210368, 1210368], [0.002, 3.034, 1210368, 1210368], [0.002, 3.315, 1210368, 1210368], [0.002, 3.183, 1210368, 1210368]]
echo 'race4fun' | sudo -S sh -c 'journalctl --since "2026-04-21 13:48:01.163474" --until "2026-04-21 13:49:33.634237" -k -o short-iso '| grep -i -E 'throttle|throttled|thermal|cpufreq|under-voltage|voltage'
