<<<<<<<< HEAD:logs/roofline/resnet18_children_bramble-4-5/5/10_size/4_5/speed_heatbramble-4-5-12.log
TIME:06:09:37
37014
cpu:0.62, 0.60, 0.46,freq:frequency(48)=900000000,throttle_flag:throttled=0x50000,voltage:volt=1.2313V,volt=1.2500V,volt=1.2500V,volt=1.2250V
TIME:06:09:38
37552
cpu:0.57, 0.59, 0.46,freq:frequency(48)=700000000,throttle_flag:throttled=0x50000,voltage:volt=1.2313V,volt=1.2500V,volt=1.2500V,volt=1.2250V
TIME:06:09:39
37552
cpu:0.57, 0.59, 0.46,freq:frequency(48)=700000000,throttle_flag:throttled=0x50000,voltage:volt=1.2313V,volt=1.2500V,volt=1.2500V,volt=1.2250V
TIME:06:09:40
36476
cpu:0.57, 0.59, 0.46,freq:frequency(48)=700000000,throttle_flag:throttled=0x50000,voltage:volt=1.2313V,volt=1.2500V,volt=1.2500V,volt=1.2250V
TIME:06:09:41
36476
cpu:0.57, 0.59, 0.46,freq:frequency(48)=700000000,throttle_flag:throttled=0x50000,voltage:volt=1.2313V,volt=1.2500V,volt=1.2500V,volt=1.2250V
TIME:06:09:42
36476
cpu:0.52, 0.58, 0.46,freq:frequency(48)=700000000,throttle_flag:throttled=0x50000,voltage:volt=1.2313V,volt=1.2500V,volt=1.2500V,volt=1.2250V
TIME:06:09:43
37014
cpu:0.52, 0.58, 0.46,freq:frequency(48)=700000000,throttle_flag:throttled=0x50000,voltage:volt=1.2313V,volt=1.2500V,volt=1.2500V,volt=1.2250V
TIME:06:09:45
37014
cpu:0.52, 0.58, 0.46,freq:frequency(48)=700000000,throttle_flag:throttled=0x50000,voltage:volt=1.2313V,volt=1.2500V,volt=1.2500V,volt=1.2250V
TIME:06:09:46
37014
cpu:0.52, 0.58, 0.46,freq:frequency(48)=700000000,throttle_flag:throttled=0x50000,voltage:volt=1.2313V,volt=1.2500V,volt=1.2500V,volt=1.2250V
TIME:06:09:47
37014
cpu:0.52, 0.58, 0.46,freq:frequency(48)=700000000,throttle_flag:throttled=0x50000,voltage:volt=1.2313V,volt=1.2500V,volt=1.2500V,volt=1.2250V
TIME:06:09:48
36476
cpu:0.48, 0.57, 0.46,freq:frequency(48)=700000000,throttle_flag:throttled=0x50000,voltage:volt=1.2313V,volt=1.2500V,volt=1.2500V,volt=1.2250V
TIME:06:09:49
37014
cpu:0.48, 0.57, 0.46,freq:frequency(48)=800000000,throttle_flag:throttled=0x50000,voltage:volt=1.2313V,volt=1.2500V,volt=1.2500V,volt=1.2250V
TIME:06:09:50
37552
cpu:0.48, 0.57, 0.46,freq:frequency(48)=700000000,throttle_flag:throttled=0x50000,voltage:volt=1.2313V,volt=1.2500V,volt=1.2500V,volt=1.2250V
TIME:06:09:51
37014
cpu:0.48, 0.57, 0.46,freq:frequency(48)=600000000,throttle_flag:throttled=0x50000,voltage:volt=1.2313V,volt=1.2500V,volt=1.2500V,volt=1.2250V
TIME:06:09:52
37014
cpu:0.44, 0.56, 0.45,freq:frequency(48)=1400000000,throttle_flag:throttled=0x50000,voltage:volt=1.3375V,volt=1.2500V,volt=1.2500V,volt=1.2250V
TIME:06:09:53
37014
cpu:0.44, 0.56, 0.45,freq:frequency(48)=1399998000,throttle_flag:throttled=0x50000,voltage:volt=1.3375V,volt=1.2500V,volt=1.2500V,volt=1.2250V
TIME:06:09:55
37552
cpu:0.44, 0.56, 0.45,freq:frequency(48)=1400000000,throttle_flag:throttled=0x50000,voltage:volt=1.3375V,volt=1.2500V,volt=1.2500V,volt=1.2250V
TIME:06:09:56
37552
cpu:0.44, 0.56, 0.45,freq:frequency(48)=1400000000,throttle_flag:throttled=0x50000,voltage:volt=1.3375V,volt=1.2500V,volt=1.2500V,volt=1.2250V
TIME:06:09:57
37552
cpu:0.44, 0.56, 0.45,freq:frequency(48)=1399998000,throttle_flag:throttled=0x50000,voltage:volt=1.3375V,volt=1.2500V,volt=1.2500V,volt=1.2250V
TIME:06:09:58
37552
cpu:0.41, 0.55, 0.45,freq:frequency(48)=800000000,throttle_flag:throttled=0x50000,voltage:volt=1.2313V,volt=1.2500V,volt=1.2500V,volt=1.2250V
TIME:06:09:59
37552
cpu:0.41, 0.55, 0.45,freq:frequency(48)=700000000,throttle_flag:throttled=0x50000,voltage:volt=1.2313V,volt=1.2500V,volt=1.2500V,volt=1.2250V
TIME:06:10:00
36476
cpu:0.41, 0.55, 0.45,freq:frequency(48)=800000000,throttle_flag:throttled=0x50000,voltage:volt=1.2313V,volt=1.2500V,volt=1.2500V,volt=1.2250V
TIME:06:10:01
36476
cpu:0.41, 0.55, 0.45,freq:frequency(48)=700000000,throttle_flag:throttled=0x50000,voltage:volt=1.2313V,volt=1.2500V,volt=1.2500V,volt=1.2250V
TIME:06:10:02
37014
cpu:0.37, 0.54, 0.45,freq:frequency(48)=600000000,throttle_flag:throttled=0x50000,voltage:volt=1.2313V,volt=1.2500V,volt=1.2500V,volt=1.2250V
TIME:06:10:03
36476
cpu:0.37, 0.54, 0.45,freq:frequency(48)=600000000,throttle_flag:throttled=0x50000,voltage:volt=1.2313V,volt=1.2500V,volt=1.2500V,volt=1.2250V
TIME:06:10:04
37014
cpu:0.37, 0.54, 0.45,freq:frequency(48)=600000000,throttle_flag:throttled=0x50000,voltage:volt=1.2313V,volt=1.2500V,volt=1.2500V,volt=1.2250V
TIME:06:10:06
36476
cpu:0.37, 0.54, 0.45,freq:frequency(48)=900000000,throttle_flag:throttled=0x50000,voltage:volt=1.2313V,volt=1.2500V,volt=1.2500V,volt=1.2250V
TIME:06:10:07
37014
cpu:0.37, 0.54, 0.45,freq:frequency(48)=800000000,throttle_flag:throttled=0x50000,voltage:volt=1.2313V,volt=1.2500V,volt=1.2500V,volt=1.2250V
TIME:06:10:08
36476
cpu:0.42, 0.55, 0.45,freq:frequency(48)=800000000,throttle_flag:throttled=0x50000,voltage:volt=1.2313V,volt=1.2500V,volt=1.2500V,volt=1.2250V
TIME:06:10:09
37014
cpu:0.42, 0.55, 0.45,freq:frequency(48)=800000000,throttle_flag:throttled=0x50000,voltage:volt=1.2313V,volt=1.2500V,volt=1.2500V,volt=1.2250V
TIME:06:10:10
36476
cpu:0.42, 0.55, 0.45,freq:frequency(48)=800000000,throttle_flag:throttled=0x50000,voltage:volt=1.2313V,volt=1.2500V,volt=1.2500V,volt=1.2250V
TIME:06:10:11
37014
cpu:0.42, 0.55, 0.45,freq:frequency(48)=800000000,throttle_flag:throttled=0x50000,voltage:volt=1.2313V,volt=1.2500V,volt=1.2500V,volt=1.2250V
TIME:06:10:12
37014
cpu:0.47, 0.55, 0.45,freq:frequency(48)=700000000,throttle_flag:throttled=0x50000,voltage:volt=1.2313V,volt=1.2500V,volt=1.2500V,volt=1.2250V
TIME:06:10:13
36476
cpu:0.47, 0.55, 0.45,freq:frequency(48)=900000000,throttle_flag:throttled=0x50000,voltage:volt=1.2313V,volt=1.2500V,volt=1.2500V,volt=1.2250V
TIME:06:10:14
36476
cpu:0.47, 0.55, 0.45,freq:frequency(48)=900000000,throttle_flag:throttled=0x50000,voltage:volt=1.2313V,volt=1.2500V,volt=1.2500V,volt=1.2250V
TIME:06:10:16
36476
cpu:0.47, 0.55, 0.45,freq:frequency(48)=600000000,throttle_flag:throttled=0x50000,voltage:volt=1.2313V,volt=1.2500V,volt=1.2500V,volt=1.2250V
TIME:06:10:17
36476
cpu:0.47, 0.55, 0.45,freq:frequency(48)=800000000,throttle_flag:throttled=0x50000,voltage:volt=1.2313V,volt=1.2500V,volt=1.2500V,volt=1.2250V
TIME:06:10:18
37014
cpu:0.43, 0.54, 0.45,freq:frequency(48)=800000000,throttle_flag:throttled=0x50000,voltage:volt=1.2313V,volt=1.2500V,volt=1.2500V,volt=1.2250V
TIME:06:10:19
36476
cpu:0.43, 0.54, 0.45,freq:frequency(48)=799998000,throttle_flag:throttled=0x50000,voltage:volt=1.2313V,volt=1.2500V,volt=1.2500V,volt=1.2250V
TIME:06:10:20
37014
cpu:0.43, 0.54, 0.45,freq:frequency(48)=700000000,throttle_flag:throttled=0x50000,voltage:volt=1.2313V,volt=1.2500V,volt=1.2500V,volt=1.2250V
TIME:06:10:21
36476
cpu:0.43, 0.54, 0.45,freq:frequency(48)=700000000,throttle_flag:throttled=0x50000,voltage:volt=1.2313V,volt=1.2500V,volt=1.2500V,volt=1.2250V
TIME:06:10:22
36476
cpu:0.40, 0.54, 0.45,freq:frequency(48)=800000000,throttle_flag:throttled=0x50000,voltage:volt=1.2313V,volt=1.2500V,volt=1.2500V,volt=1.2250V
TIME:06:10:23
37014
cpu:0.40, 0.54, 0.45,freq:frequency(48)=800000000,throttle_flag:throttled=0x50000,voltage:volt=1.2313V,volt=1.2500V,volt=1.2500V,volt=1.2250V
TIME:06:10:24
37014
cpu:0.40, 0.54, 0.45,freq:frequency(48)=700000000,throttle_flag:throttled=0x50000,voltage:volt=1.2313V,volt=1.2500V,volt=1.2500V,volt=1.2250V
TIME:06:10:26
36476
cpu:0.40, 0.54, 0.45,freq:frequency(48)=800000000,throttle_flag:throttled=0x50000,voltage:volt=1.2313V,volt=1.2500V,volt=1.2500V,volt=1.2250V
TIME:06:10:27
36476
cpu:0.40, 0.54, 0.45,freq:frequency(48)=900000000,throttle_flag:throttled=0x50000,voltage:volt=1.2313V,volt=1.2500V,volt=1.2500V,volt=1.2250V
TIME:06:10:28
37014
cpu:0.37, 0.53, 0.45,freq:frequency(48)=800000000,throttle_flag:throttled=0x50000,voltage:volt=1.2313V,volt=1.2500V,volt=1.2500V,volt=1.2250V
TIME:06:10:29
36476
cpu:0.37, 0.53, 0.45,freq:frequency(48)=800000000,throttle_flag:throttled=0x50000,voltage:volt=1.2313V,volt=1.2500V,volt=1.2500V,volt=1.2250V
TIME:06:10:30
36476
cpu:0.37, 0.53, 0.45,freq:frequency(48)=800000000,throttle_flag:throttled=0x50000,voltage:volt=1.2313V,volt=1.2500V,volt=1.2500V,volt=1.2250V
TIME:06:10:31
37014
cpu:0.37, 0.53, 0.45,freq:frequency(48)=700000000,throttle_flag:throttled=0x50000,voltage:volt=1.2313V,volt=1.2500V,volt=1.2500V,volt=1.2250V
TIME:06:10:32
37014
cpu:0.34, 0.52, 0.44,freq:frequency(48)=800000000,throttle_flag:throttled=0x50000,voltage:volt=1.2313V,volt=1.2500V,volt=1.2500V,volt=1.2250V
TIME:06:10:33
36476
cpu:0.34, 0.52, 0.44,freq:frequency(48)=700000000,throttle_flag:throttled=0x50000,voltage:volt=1.2313V,volt=1.2500V,volt=1.2500V,volt=1.2250V
TIME:06:10:34
37014
cpu:0.34, 0.52, 0.44,freq:frequency(48)=700000000,throttle_flag:throttled=0x50000,voltage:volt=1.2313V,volt=1.2500V,volt=1.2500V,volt=1.2250V
TIME:06:10:36
36476
cpu:0.34, 0.52, 0.44,freq:frequency(48)=700000000,throttle_flag:throttled=0x50000,voltage:volt=1.2313V,volt=1.2500V,volt=1.2500V,volt=1.2250V
TIME:06:10:37
37014
cpu:0.34, 0.52, 0.44,freq:frequency(48)=700000000,throttle_flag:throttled=0x50000,voltage:volt=1.2313V,volt=1.2500V,volt=1.2500V,volt=1.2250V
TIME:06:10:38
37014
cpu:0.31, 0.51, 0.44,freq:frequency(48)=700000000,throttle_flag:throttled=0x50000,voltage:volt=1.2313V,volt=1.2500V,volt=1.2500V,volt=1.2250V
TIME:06:10:39
37014
cpu:0.31, 0.51, 0.44,freq:frequency(48)=800000000,throttle_flag:throttled=0x50000,voltage:volt=1.2313V,volt=1.2500V,volt=1.2500V,volt=1.2250V
TIME:06:10:40
36476
cpu:0.31, 0.51, 0.44,freq:frequency(48)=800000000,throttle_flag:throttled=0x50000,voltage:volt=1.2313V,volt=1.2500V,volt=1.2500V,volt=1.2250V
TIME:06:10:41
37014
cpu:0.31, 0.51, 0.44,freq:frequency(48)=700000000,throttle_flag:throttled=0x50000,voltage:volt=1.2313V,volt=1.2500V,volt=1.2500V,volt=1.2250V
TIME:06:10:42
36476
cpu:0.28, 0.50, 0.44,freq:frequency(48)=700000000,throttle_flag:throttled=0x50000,voltage:volt=1.2313V,volt=1.2500V,volt=1.2500V,volt=1.2250V
TIME:06:10:43
36476
cpu:0.28, 0.50, 0.44,freq:frequency(48)=700000000,throttle_flag:throttled=0x50000,voltage:volt=1.2313V,volt=1.2500V,volt=1.2500V,volt=1.2250V
TIME:06:10:44
36476
cpu:0.28, 0.50, 0.44,freq:frequency(48)=700000000,throttle_flag:throttled=0x50000,voltage:volt=1.2313V,volt=1.2500V,volt=1.2500V,volt=1.2250V
TIME:06:10:46
37014
cpu:0.28, 0.50, 0.44,freq:frequency(48)=600000000,throttle_flag:throttled=0x50000,voltage:volt=1.2313V,volt=1.2500V,volt=1.2500V,volt=1.2250V
TIME:06:10:47
36476
cpu:0.28, 0.50, 0.44,freq:frequency(48)=600000000,throttle_flag:throttled=0x50000,voltage:volt=1.2313V,volt=1.2500V,volt=1.2500V,volt=1.2250V
TIME:06:10:48
36476
cpu:0.26, 0.49, 0.44,freq:frequency(48)=600000000,throttle_flag:throttled=0x50000,voltage:volt=1.2313V,volt=1.2500V,volt=1.2500V,volt=1.2250V
TIME:06:10:49
36476
cpu:0.26, 0.49, 0.44,freq:frequency(48)=600000000,throttle_flag:throttled=0x50000,voltage:volt=1.2313V,volt=1.2500V,volt=1.2500V,volt=1.2250V
TIME:06:10:50
37014
cpu:0.26, 0.49, 0.44,freq:frequency(48)=600000000,throttle_flag:throttled=0x50000,voltage:volt=1.2313V,volt=1.2500V,volt=1.2500V,volt=1.2250V
TIME:06:10:51
36476
cpu:0.26, 0.49, 0.44,freq:frequency(48)=700000000,throttle_flag:throttled=0x50000,voltage:volt=1.2313V,volt=1.2500V,volt=1.2500V,volt=1.2250V
TIME:06:10:52
36476
cpu:0.32, 0.50, 0.44,freq:frequency(48)=800000000,throttle_flag:throttled=0x50000,voltage:volt=1.2313V,volt=1.2500V,volt=1.2500V,volt=1.2250V
TIME:06:10:53
37014
cpu:0.32, 0.50, 0.44,freq:frequency(48)=700000000,throttle_flag:throttled=0x50000,voltage:volt=1.2313V,volt=1.2500V,volt=1.2500V,volt=1.2250V
TIME:06:10:54
37014
cpu:0.32, 0.50, 0.44,freq:frequency(48)=600000000,throttle_flag:throttled=0x50000,voltage:volt=1.2313V,volt=1.2500V,volt=1.2500V,volt=1.2250V
TIME:06:10:56
36476
cpu:0.32, 0.50, 0.44,freq:frequency(48)=600000000,throttle_flag:throttled=0x50000,voltage:volt=1.2313V,volt=1.2500V,volt=1.2500V,volt=1.2250V
TIME:06:10:57
36476
cpu:0.32, 0.50, 0.44,freq:frequency(48)=600000000,throttle_flag:throttled=0x50000,voltage:volt=1.2313V,volt=1.2500V,volt=1.2500V,volt=1.2250V
TIME:06:10:58
36476
cpu:0.29, 0.49, 0.44,freq:frequency(48)=600000000,throttle_flag:throttled=0x50000,voltage:volt=1.2313V,volt=1.2500V,volt=1.2500V,volt=1.2250V
TIME:06:10:59
37014
cpu:0.29, 0.49, 0.44,freq:frequency(48)=600000000,throttle_flag:throttled=0x50000,voltage:volt=1.2313V,volt=1.2500V,volt=1.2500V,volt=1.2250V
TIME:06:11:00
37014
cpu:0.29, 0.49, 0.44,freq:frequency(48)=600000000,throttle_flag:throttled=0x50000,voltage:volt=1.2313V,volt=1.2500V,volt=1.2500V,volt=1.2250V
TIME:06:11:01
36476
cpu:0.29, 0.49, 0.44,freq:frequency(48)=800000000,throttle_flag:throttled=0x50000,voltage:volt=1.2313V,volt=1.2500V,volt=1.2500V,volt=1.2250V
TIME:06:11:02
36476
cpu:0.27, 0.48, 0.44,freq:frequency(48)=700000000,throttle_flag:throttled=0x50000,voltage:volt=1.2313V,volt=1.2500V,volt=1.2500V,volt=1.2250V
TIME:06:11:03
36476
cpu:0.27, 0.48, 0.44,freq:frequency(48)=600000000,throttle_flag:throttled=0x50000,voltage:volt=1.2313V,volt=1.2500V,volt=1.2500V,volt=1.2250V
TIME:06:11:05
37552
cpu:0.27, 0.48, 0.44,freq:frequency(48)=1400000000,throttle_flag:throttled=0x50000,voltage:volt=1.3375V,volt=1.2500V,volt=1.2500V,volt=1.2250V
TIME:06:11:06
37552
cpu:0.27, 0.48, 0.44,freq:frequency(48)=1400000000,throttle_flag:throttled=0x50000,voltage:volt=1.3375V,volt=1.2500V,volt=1.2500V,volt=1.2250V
TIME:06:11:07
38628
cpu:0.27, 0.48, 0.44,freq:frequency(48)=1400002000,throttle_flag:throttled=0x50000,voltage:volt=1.3375V,volt=1.2500V,volt=1.2500V,volt=1.2250V
========
TIME:17:47:25
37014
cpu:0.44, 0.60, 0.63,freq:frequency(48)=800000000,throttle_flag:throttled=0x50000,voltage:volt=1.2313V,volt=1.2500V,volt=1.2500V,volt=1.2250V
TIME:17:47:26
37552
cpu:0.40, 0.59, 0.63,freq:frequency(48)=600000000,throttle_flag:throttled=0x50000,voltage:volt=1.2313V,volt=1.2500V,volt=1.2500V,volt=1.2250V
TIME:17:47:27
37552
cpu:0.40, 0.59, 0.63,freq:frequency(48)=600000000,throttle_flag:throttled=0x50000,voltage:volt=1.2313V,volt=1.2500V,volt=1.2500V,volt=1.2250V
TIME:17:47:28
36476
cpu:0.40, 0.59, 0.63,freq:frequency(48)=600000000,throttle_flag:throttled=0x50000,voltage:volt=1.2313V,volt=1.2500V,volt=1.2500V,volt=1.2250V
TIME:17:47:29
37552
cpu:0.40, 0.59, 0.63,freq:frequency(48)=600000000,throttle_flag:throttled=0x50000,voltage:volt=1.2313V,volt=1.2500V,volt=1.2500V,volt=1.2250V
TIME:17:47:30
37014
cpu:0.40, 0.59, 0.63,freq:frequency(48)=600000000,throttle_flag:throttled=0x50000,voltage:volt=1.2313V,volt=1.2500V,volt=1.2500V,volt=1.2250V
TIME:17:47:32
37552
cpu:0.37, 0.58, 0.62,freq:frequency(48)=600000000,throttle_flag:throttled=0x50000,voltage:volt=1.2313V,volt=1.2500V,volt=1.2500V,volt=1.2250V
TIME:17:47:33
37552
cpu:0.37, 0.58, 0.62,freq:frequency(48)=900000000,throttle_flag:throttled=0x50000,voltage:volt=1.2313V,volt=1.2500V,volt=1.2500V,volt=1.2250V
TIME:17:47:34
38090
cpu:0.37, 0.58, 0.62,freq:frequency(48)=1400000000,throttle_flag:throttled=0x50000,voltage:volt=1.3375V,volt=1.2500V,volt=1.2500V,volt=1.2250V
TIME:17:47:35
38090
cpu:0.37, 0.58, 0.62,freq:frequency(48)=1400000000,throttle_flag:throttled=0x50000,voltage:volt=1.3375V,volt=1.2500V,volt=1.2500V,volt=1.2250V
TIME:17:47:36
37552
cpu:0.34, 0.57, 0.62,freq:frequency(48)=1400000000,throttle_flag:throttled=0x50000,voltage:volt=1.3375V,volt=1.2500V,volt=1.2500V,volt=1.2250V
TIME:17:47:37
38090
cpu:0.34, 0.57, 0.62,freq:frequency(48)=1400002000,throttle_flag:throttled=0x50000,voltage:volt=1.3375V,volt=1.2500V,volt=1.2500V,volt=1.2250V
TIME:17:47:38
37552
cpu:0.34, 0.57, 0.62,freq:frequency(48)=1400000000,throttle_flag:throttled=0x50000,voltage:volt=1.3375V,volt=1.2500V,volt=1.2500V,volt=1.2250V
TIME:17:47:39
38090
cpu:0.34, 0.57, 0.62,freq:frequency(48)=600000000,throttle_flag:throttled=0x50000,voltage:volt=1.2313V,volt=1.2500V,volt=1.2500V,volt=1.2250V
TIME:17:47:40
37552
cpu:0.34, 0.57, 0.62,freq:frequency(48)=600000000,throttle_flag:throttled=0x50000,voltage:volt=1.2313V,volt=1.2500V,volt=1.2500V,volt=1.2250V
TIME:17:47:41
37552
cpu:0.31, 0.56, 0.62,freq:frequency(48)=600000000,throttle_flag:throttled=0x50000,voltage:volt=1.2313V,volt=1.2500V,volt=1.2500V,volt=1.2250V
TIME:17:47:42
37552
cpu:0.31, 0.56, 0.62,freq:frequency(48)=600000000,throttle_flag:throttled=0x50000,voltage:volt=1.2313V,volt=1.2500V,volt=1.2500V,volt=1.2250V
TIME:17:47:44
37014
cpu:0.31, 0.56, 0.62,freq:frequency(48)=600000000,throttle_flag:throttled=0x50000,voltage:volt=1.2313V,volt=1.2500V,volt=1.2500V,volt=1.2250V
TIME:17:47:45
37552
cpu:0.31, 0.56, 0.62,freq:frequency(48)=600000000,throttle_flag:throttled=0x50000,voltage:volt=1.2313V,volt=1.2500V,volt=1.2500V,volt=1.2250V
TIME:17:47:46
37014
cpu:0.37, 0.57, 0.62,freq:frequency(48)=700000000,throttle_flag:throttled=0x50000,voltage:volt=1.2313V,volt=1.2500V,volt=1.2500V,volt=1.2250V
TIME:17:47:47
37014
cpu:0.37, 0.57, 0.62,freq:frequency(48)=800000000,throttle_flag:throttled=0x50000,voltage:volt=1.2313V,volt=1.2500V,volt=1.2500V,volt=1.2250V
TIME:17:47:48
37552
cpu:0.37, 0.57, 0.62,freq:frequency(48)=700000000,throttle_flag:throttled=0x50000,voltage:volt=1.2313V,volt=1.2500V,volt=1.2500V,volt=1.2250V
TIME:17:47:49
37014
cpu:0.37, 0.57, 0.62,freq:frequency(48)=600000000,throttle_flag:throttled=0x50000,voltage:volt=1.2313V,volt=1.2500V,volt=1.2500V,volt=1.2250V
TIME:17:47:50
37014
cpu:0.37, 0.57, 0.62,freq:frequency(48)=600000000,throttle_flag:throttled=0x50000,voltage:volt=1.2313V,volt=1.2500V,volt=1.2500V,volt=1.2250V
TIME:17:47:51
37552
cpu:0.42, 0.58, 0.62,freq:frequency(48)=600000000,throttle_flag:throttled=0x50000,voltage:volt=1.2313V,volt=1.2500V,volt=1.2500V,volt=1.2250V
TIME:17:47:52
37014
cpu:0.42, 0.58, 0.62,freq:frequency(48)=800000000,throttle_flag:throttled=0x50000,voltage:volt=1.2313V,volt=1.2500V,volt=1.2500V,volt=1.2250V
TIME:17:47:54
37552
cpu:0.42, 0.58, 0.62,freq:frequency(48)=800000000,throttle_flag:throttled=0x50000,voltage:volt=1.2313V,volt=1.2500V,volt=1.2500V,volt=1.2250V
TIME:17:47:55
37014
cpu:0.42, 0.58, 0.62,freq:frequency(48)=700000000,throttle_flag:throttled=0x50000,voltage:volt=1.2313V,volt=1.2500V,volt=1.2500V,volt=1.2250V
TIME:17:47:56
37014
cpu:0.38, 0.57, 0.62,freq:frequency(48)=700000000,throttle_flag:throttled=0x50000,voltage:volt=1.2313V,volt=1.2500V,volt=1.2500V,volt=1.2250V
TIME:17:47:57
37552
cpu:0.38, 0.57, 0.62,freq:frequency(48)=600000000,throttle_flag:throttled=0x50000,voltage:volt=1.2313V,volt=1.2500V,volt=1.2500V,volt=1.2250V
TIME:17:47:58
37014
cpu:0.38, 0.57, 0.62,freq:frequency(48)=600000000,throttle_flag:throttled=0x50000,voltage:volt=1.2313V,volt=1.2500V,volt=1.2500V,volt=1.2250V
TIME:17:47:59
37014
cpu:0.38, 0.57, 0.62,freq:frequency(48)=600000000,throttle_flag:throttled=0x50000,voltage:volt=1.2313V,volt=1.2500V,volt=1.2500V,volt=1.2250V
TIME:17:48:00
36476
cpu:0.38, 0.57, 0.62,freq:frequency(48)=800000000,throttle_flag:throttled=0x50000,voltage:volt=1.2313V,volt=1.2500V,volt=1.2500V,volt=1.2250V
TIME:17:48:01
37552
cpu:0.35, 0.56, 0.61,freq:frequency(48)=800000000,throttle_flag:throttled=0x50000,voltage:volt=1.2313V,volt=1.2500V,volt=1.2500V,volt=1.2250V
TIME:17:48:03
37552
cpu:0.35, 0.56, 0.61,freq:frequency(48)=600000000,throttle_flag:throttled=0x50000,voltage:volt=1.2313V,volt=1.2500V,volt=1.2500V,volt=1.2250V
TIME:17:48:04
37552
cpu:0.35, 0.56, 0.61,freq:frequency(48)=600000000,throttle_flag:throttled=0x50000,voltage:volt=1.2313V,volt=1.2500V,volt=1.2500V,volt=1.2250V
TIME:17:48:05
36476
cpu:0.35, 0.56, 0.61,freq:frequency(48)=600000000,throttle_flag:throttled=0x50000,voltage:volt=1.2313V,volt=1.2500V,volt=1.2500V,volt=1.2250V
TIME:17:48:06
37014
cpu:0.32, 0.55, 0.61,freq:frequency(48)=800000000,throttle_flag:throttled=0x50000,voltage:volt=1.2313V,volt=1.2500V,volt=1.2500V,volt=1.2250V
TIME:17:48:07
37014
cpu:0.32, 0.55, 0.61,freq:frequency(48)=800000000,throttle_flag:throttled=0x50000,voltage:volt=1.2313V,volt=1.2500V,volt=1.2500V,volt=1.2250V
TIME:17:48:08
36476
cpu:0.32, 0.55, 0.61,freq:frequency(48)=800000000,throttle_flag:throttled=0x50000,voltage:volt=1.2313V,volt=1.2500V,volt=1.2500V,volt=1.2250V
TIME:17:48:09
36476
cpu:0.32, 0.55, 0.61,freq:frequency(48)=800000000,throttle_flag:throttled=0x50000,voltage:volt=1.2313V,volt=1.2500V,volt=1.2500V,volt=1.2250V
TIME:17:48:10
37014
cpu:0.32, 0.55, 0.61,freq:frequency(48)=700000000,throttle_flag:throttled=0x50000,voltage:volt=1.2313V,volt=1.2500V,volt=1.2500V,volt=1.2250V
TIME:17:48:11
36476
cpu:0.30, 0.54, 0.61,freq:frequency(48)=800000000,throttle_flag:throttled=0x50000,voltage:volt=1.2313V,volt=1.2500V,volt=1.2500V,volt=1.2250V
TIME:17:48:13
37014
cpu:0.30, 0.54, 0.61,freq:frequency(48)=800000000,throttle_flag:throttled=0x50000,voltage:volt=1.2313V,volt=1.2500V,volt=1.2500V,volt=1.2250V
TIME:17:48:14
37014
cpu:0.30, 0.54, 0.61,freq:frequency(48)=800000000,throttle_flag:throttled=0x50000,voltage:volt=1.2313V,volt=1.2500V,volt=1.2500V,volt=1.2250V
TIME:17:48:15
36476
cpu:0.30, 0.54, 0.61,freq:frequency(48)=800000000,throttle_flag:throttled=0x50000,voltage:volt=1.2313V,volt=1.2500V,volt=1.2500V,volt=1.2250V
TIME:17:48:16
37014
cpu:0.27, 0.53, 0.60,freq:frequency(48)=700000000,throttle_flag:throttled=0x50000,voltage:volt=1.2313V,volt=1.2500V,volt=1.2500V,volt=1.2250V
TIME:17:48:17
36476
cpu:0.27, 0.53, 0.60,freq:frequency(48)=700000000,throttle_flag:throttled=0x50000,voltage:volt=1.2313V,volt=1.2500V,volt=1.2500V,volt=1.2250V
TIME:17:48:18
37552
cpu:0.27, 0.53, 0.60,freq:frequency(48)=700000000,throttle_flag:throttled=0x50000,voltage:volt=1.2313V,volt=1.2500V,volt=1.2500V,volt=1.2250V
TIME:17:48:19
36476
cpu:0.27, 0.53, 0.60,freq:frequency(48)=700000000,throttle_flag:throttled=0x50000,voltage:volt=1.2313V,volt=1.2500V,volt=1.2500V,volt=1.2250V
TIME:17:48:20
36476
cpu:0.27, 0.53, 0.60,freq:frequency(48)=700000000,throttle_flag:throttled=0x50000,voltage:volt=1.2313V,volt=1.2500V,volt=1.2500V,volt=1.2250V
TIME:17:48:22
37014
cpu:0.25, 0.52, 0.60,freq:frequency(48)=700000000,throttle_flag:throttled=0x50000,voltage:volt=1.2313V,volt=1.2500V,volt=1.2500V,volt=1.2250V
TIME:17:48:23
36476
cpu:0.25, 0.52, 0.60,freq:frequency(48)=700000000,throttle_flag:throttled=0x50000,voltage:volt=1.2313V,volt=1.2500V,volt=1.2500V,volt=1.2250V
TIME:17:48:24
36476
cpu:0.25, 0.52, 0.60,freq:frequency(48)=700000000,throttle_flag:throttled=0x50000,voltage:volt=1.2313V,volt=1.2500V,volt=1.2500V,volt=1.2250V
TIME:17:48:25
37552
cpu:0.25, 0.52, 0.60,freq:frequency(48)=600000000,throttle_flag:throttled=0x50000,voltage:volt=1.2313V,volt=1.2500V,volt=1.2500V,volt=1.2250V
TIME:17:48:26
36476
cpu:0.23, 0.51, 0.60,freq:frequency(48)=700000000,throttle_flag:throttled=0x50000,voltage:volt=1.2313V,volt=1.2500V,volt=1.2500V,volt=1.2250V
TIME:17:48:27
36476
cpu:0.23, 0.51, 0.60,freq:frequency(48)=800000000,throttle_flag:throttled=0x50000,voltage:volt=1.2313V,volt=1.2500V,volt=1.2500V,volt=1.2250V
TIME:17:48:28
37014
cpu:0.23, 0.51, 0.60,freq:frequency(48)=700000000,throttle_flag:throttled=0x50000,voltage:volt=1.2313V,volt=1.2500V,volt=1.2500V,volt=1.2250V
TIME:17:48:29
36476
cpu:0.23, 0.51, 0.60,freq:frequency(48)=600000000,throttle_flag:throttled=0x50000,voltage:volt=1.2313V,volt=1.2500V,volt=1.2500V,volt=1.2250V
TIME:17:48:30
37552
cpu:0.23, 0.51, 0.60,freq:frequency(48)=600000000,throttle_flag:throttled=0x50000,voltage:volt=1.2313V,volt=1.2500V,volt=1.2500V,volt=1.2250V
TIME:17:48:32
36476
cpu:0.29, 0.52, 0.60,freq:frequency(48)=600000000,throttle_flag:throttled=0x50000,voltage:volt=1.2313V,volt=1.2500V,volt=1.2500V,volt=1.2250V
TIME:17:48:33
36476
cpu:0.29, 0.52, 0.60,freq:frequency(48)=800000000,throttle_flag:throttled=0x50000,voltage:volt=1.2313V,volt=1.2500V,volt=1.2500V,volt=1.2250V
TIME:17:48:34
36476
cpu:0.29, 0.52, 0.60,freq:frequency(48)=600000000,throttle_flag:throttled=0x50000,voltage:volt=1.2313V,volt=1.2500V,volt=1.2500V,volt=1.2250V
TIME:17:48:35
36476
cpu:0.29, 0.52, 0.60,freq:frequency(48)=900000000,throttle_flag:throttled=0x50000,voltage:volt=1.2313V,volt=1.2500V,volt=1.2500V,volt=1.2250V
TIME:17:48:36
36476
cpu:0.27, 0.51, 0.60,freq:frequency(48)=800000000,throttle_flag:throttled=0x50000,voltage:volt=1.2313V,volt=1.2500V,volt=1.2500V,volt=1.2250V
TIME:17:48:37
36476
cpu:0.27, 0.51, 0.60,freq:frequency(48)=800000000,throttle_flag:throttled=0x50000,voltage:volt=1.2313V,volt=1.2500V,volt=1.2500V,volt=1.2250V
TIME:17:48:38
37014
cpu:0.27, 0.51, 0.60,freq:frequency(48)=800000000,throttle_flag:throttled=0x50000,voltage:volt=1.2313V,volt=1.2500V,volt=1.2500V,volt=1.2250V
TIME:17:48:39
37014
cpu:0.27, 0.51, 0.60,freq:frequency(48)=800000000,throttle_flag:throttled=0x50000,voltage:volt=1.2313V,volt=1.2500V,volt=1.2500V,volt=1.2250V
TIME:17:48:40
36476
cpu:0.27, 0.51, 0.60,freq:frequency(48)=800000000,throttle_flag:throttled=0x50000,voltage:volt=1.2313V,volt=1.2500V,volt=1.2500V,volt=1.2250V
TIME:17:48:42
36476
cpu:0.25, 0.50, 0.59,freq:frequency(48)=800000000,throttle_flag:throttled=0x50000,voltage:volt=1.2313V,volt=1.2500V,volt=1.2500V,volt=1.2250V
TIME:17:48:43
36476
cpu:0.25, 0.50, 0.59,freq:frequency(48)=800000000,throttle_flag:throttled=0x50000,voltage:volt=1.2313V,volt=1.2500V,volt=1.2500V,volt=1.2250V
TIME:17:48:44
36476
cpu:0.25, 0.50, 0.59,freq:frequency(48)=800000000,throttle_flag:throttled=0x50000,voltage:volt=1.2313V,volt=1.2500V,volt=1.2500V,volt=1.2250V
TIME:17:48:45
37014
cpu:0.25, 0.50, 0.59,freq:frequency(48)=800000000,throttle_flag:throttled=0x50000,voltage:volt=1.2313V,volt=1.2500V,volt=1.2500V,volt=1.2250V
TIME:17:48:46
36476
cpu:0.23, 0.49, 0.59,freq:frequency(48)=800002000,throttle_flag:throttled=0x50000,voltage:volt=1.2313V,volt=1.2500V,volt=1.2500V,volt=1.2250V
TIME:17:48:47
37014
cpu:0.23, 0.49, 0.59,freq:frequency(48)=700000000,throttle_flag:throttled=0x50000,voltage:volt=1.2313V,volt=1.2500V,volt=1.2500V,volt=1.2250V
TIME:17:48:48
37014
cpu:0.23, 0.49, 0.59,freq:frequency(48)=700000000,throttle_flag:throttled=0x50000,voltage:volt=1.2313V,volt=1.2500V,volt=1.2500V,volt=1.2250V
TIME:17:48:49
36476
cpu:0.23, 0.49, 0.59,freq:frequency(48)=700000000,throttle_flag:throttled=0x50000,voltage:volt=1.2313V,volt=1.2500V,volt=1.2500V,volt=1.2250V
TIME:17:48:50
36476
cpu:0.23, 0.49, 0.59,freq:frequency(48)=700000000,throttle_flag:throttled=0x50000,voltage:volt=1.2313V,volt=1.2500V,volt=1.2500V,volt=1.2250V
TIME:17:48:52
36476
cpu:0.21, 0.49, 0.59,freq:frequency(48)=700000000,throttle_flag:throttled=0x50000,voltage:volt=1.2313V,volt=1.2500V,volt=1.2500V,volt=1.2250V
TIME:17:48:53
37014
cpu:0.21, 0.49, 0.59,freq:frequency(48)=700000000,throttle_flag:throttled=0x50000,voltage:volt=1.2313V,volt=1.2500V,volt=1.2500V,volt=1.2250V
TIME:17:48:54
36476
cpu:0.21, 0.49, 0.59,freq:frequency(48)=800000000,throttle_flag:throttled=0x50000,voltage:volt=1.2313V,volt=1.2500V,volt=1.2500V,volt=1.2250V
TIME:17:48:55
37552
cpu:0.21, 0.49, 0.59,freq:frequency(48)=1400000000,throttle_flag:throttled=0x50000,voltage:volt=1.3375V,volt=1.2500V,volt=1.2500V,volt=1.2250V
TIME:17:48:56
38090
cpu:0.27, 0.50, 0.59,freq:frequency(48)=1400000000,throttle_flag:throttled=0x50000,voltage:volt=1.3375V,volt=1.2500V,volt=1.2500V,volt=1.2250V
TIME:17:48:57
38628
cpu:0.27, 0.50, 0.59,freq:frequency(48)=1400000000,throttle_flag:throttled=0x50000,voltage:volt=1.3375V,volt=1.2500V,volt=1.2500V,volt=1.2250V
>>>>>>>> 978dcc83 (emergency commit?):logs/roofline/resnet18_children_bramble-4-5/8/10_size/4_5/speed_heatbramble-4-5-12.log
