ALL SYNC
2026-04-21 13:35:51.497270 Sync done -> model run start
2026-04-21 13:35:51.497270 Sync done -> model run start
2026-04-21 13:35:51.497270 Sync done -> model run start
2026-04-21 13:35:51.497276 Sync done -> model run start
3 0.475 [0.12895229691639543, 0.09810079191811383, 0.08171066106297076, 0.08267964818514884, 0.08286865404807031]
1 0.475 [0.12898031692020595, 0.09852161491289735, 0.08143259398639202, 0.08252381789498031, 0.08290531998500228]
0 0.484 [0.13034580484963953, 0.1014446709305048, 0.08399175200611353, 0.08380993292666972, 0.08392545208334923]
2 0.486 [0.13034278503619134, 0.1014356599189341, 0.08485751296393573, 0.0836500939913094, 0.08540953113697469]
2026-04-21 13:35:57.477404 Sync done -> model run start
2026-04-21 13:35:57.485977 Sync done -> model run start
2026-04-21 13:35:57.493627 Sync done -> model run start
2026-04-21 13:35:57.501747 Sync done -> model run start
0 0.408 [0.08059080992825329, 0.09501427295617759, 0.0767126209102571, 0.07961703115142882, 0.07605305290780962]
1 0.405 [0.08761152997612953, 0.09180252603255212, 0.077240367885679, 0.07427236600778997, 0.07389388512820005]
2 0.412 [0.09345050691626966, 0.09099129494279623, 0.07148013985715806, 0.07512812688946724, 0.0809440310113132]
3 0.429 [0.09516479005105793, 0.09109045914374292, 0.07449845410883427, 0.07613898790441453, 0.0920239258557558]
2026-04-21 13:36:00.942159 Sync done -> model run start
2026-04-21 13:36:00.954137 Sync done -> model run start
2026-04-21 13:36:00.955185 Sync done -> model run start
2026-04-21 13:36:00.964009 Sync done -> model run start
0 0.386 [0.0787578949239105, 0.08829298615455627, 0.07306396798230708, 0.07250168896280229, 0.07313094614073634]
2 0.393 [0.08463036199100316, 0.0876610220875591, 0.07211362500675023, 0.07306834310293198, 0.0756902089342475]
3 0.4 [0.08537258487194777, 0.08739394508302212, 0.07241689995862544, 0.07222664286382496, 0.08212453708983958]
1 0.466 [0.12722311611287296, 0.09082464617677033, 0.07330807694233954, 0.07366926618851721, 0.10040827607735991]
2026-04-21 13:36:04.797998 Sync done -> model run start
2026-04-21 13:36:04.797998 Sync done -> model run start
2026-04-21 13:36:04.810616 Sync done -> model run start
2026-04-21 13:36:04.822320 Sync done -> model run start
0 0.402 [0.0883161211386323, 0.09166192798875272, 0.07414421392604709, 0.0738241181243211, 0.07420864002779126]
1 0.402 [0.0883171099703759, 0.09166166791692376, 0.07393145794048905, 0.07401249906979501, 0.07421827502548695]
2 0.412 [0.09332668199203908, 0.09142948617227376, 0.07224733103066683, 0.07402859209105372, 0.08103598095476627]
3 0.429 [0.09567584586329758, 0.09161661705002189, 0.07359000900760293, 0.07356006186455488, 0.09408968896605074]
2026-04-21 13:36:08.337890 Sync done -> model run start
2026-04-21 13:36:08.345149 Sync done -> model run start
2026-04-21 13:36:08.361274 Sync done -> model run start
2026-04-21 13:36:08.384231 Sync done -> model run start
0 0.384 [0.0830275071784854, 0.08684861706569791, 0.0718680249992758, 0.07040358101949096, 0.07156365807168186]
1 0.382 [0.08238825108855963, 0.08706887206062675, 0.07234780699945986, 0.06936969794332981, 0.07068742788396776]
2 0.393 [0.08705137320794165, 0.08531667292118073, 0.06994942505843937, 0.07008457696065307, 0.08010778320021927]
3 0.421 [0.09064451907761395, 0.0856376551091671, 0.07094523496925831, 0.07127611199393868, 0.10185337392613292]
2026-04-21 13:36:12.113277 Sync done -> model run start
net_times: [[0.0, 5.119, 0, 3211264], [0.0, 2.716, 0, 3211264], [0.0, 3.087, 0, 3211264], [0.0, 2.774, 0, 3211264], [0.0, 3.107, 0, 3211264]]
echo 'race4fun' | sudo -S sh -c 'journalctl --since "2026-04-21 13:35:51.089237" --until "2026-04-21 13:36:12.113277" -k -o short-iso '| grep -i -E 'throttle|throttled|thermal|cpufreq|under-voltage|voltage'
