ALL SYNC
2026-04-21 13:35:57.851542 Sync done -> model run start
2026-04-21 13:35:57.851580 Sync done -> model run start
2026-04-21 13:35:57.851542 Sync done -> model run start
2026-04-21 13:35:57.851542 Sync done -> model run start
3 0.132 [0.03728646319359541, 0.029322079150006175, 0.021585559006780386, 0.021622174186632037, 0.022233368130400777]
2 0.131 [0.03728734818287194, 0.028502553002908826, 0.023157790070399642, 0.020916500128805637, 0.02106212521903217]
0 0.131 [0.0372882338706404, 0.02850197977386415, 0.02316544600762427, 0.02091681188903749, 0.020635094959288836]
1 0.132 [0.03728776518255472, 0.028815207071602345, 0.023173936177045107, 0.021261550020426512, 0.020804938161745667]
2026-04-21 13:36:00.926521 Sync done -> model run start
2026-04-21 13:36:00.981946 Sync done -> model run start
2026-04-21 13:36:01.063261 Sync done -> model run start
2026-04-21 13:36:01.129050 Sync done -> model run start
0 0.075 [0.021499622147530317, 0.01692396984435618, 0.011446238961070776, 0.012047954834997654, 0.012663888977840543]
1 0.093 [0.020735302940011024, 0.026552719064056873, 0.018436670070514083, 0.013449822086840868, 0.013778727035969496]
3 0.052 [0.0190546871162951, 0.011531864060088992, 0.006965692155063152, 0.0068975151516497135, 0.0070233470760285854]
2026-04-21 13:36:04.782185 Sync done -> model run start
2026-04-21 13:36:04.844802 Sync done -> model run start
2026-04-21 13:36:04.919129 Sync done -> model run start
2026-04-21 13:36:05.005062 Sync done -> model run start
1 0.099 [0.034203093964606524, 0.02344330889172852, 0.013446904951706529, 0.013345760060474277, 0.014388672076165676]
2 0.081 [0.03058113483712077, 0.016694700112566352, 0.014403201872482896, 0.011339155957102776, 0.007542927050963044]
3 0.053 [0.01925666513852775, 0.011504000052809715, 0.007831832161173224, 0.006944441003724933, 0.006892201956361532]
0 0.092 [0.027682244079187512, 0.019704162143170834, 0.013610862893983722, 0.014531534863635898, 0.01568757090717554]
2026-04-21 13:36:08.322875 Sync done -> model run start
2026-04-21 13:36:08.381936 Sync done -> model run start
2026-04-21 13:36:08.451896 Sync done -> model run start
2026-04-21 13:36:08.530700 Sync done -> model run start
0 0.079 [0.020164784975349903, 0.018839115975424647, 0.011585510103031993, 0.01239435886964202, 0.015297207981348038]
1 0.101 [0.026833862997591496, 0.027167246909812093, 0.019438850926235318, 0.014655127888545394, 0.012706805020570755]
2 0.074 [0.02381153590977192, 0.01908234297297895, 0.012403629953041673, 0.008915523998439312, 0.009488385869190097]
3 0.048 [0.014131277101114392, 0.012573576997965574, 0.007096419110894203, 0.006825379095971584, 0.0071798041462898254]
2026-04-21 13:36:12.185119 Sync done -> model run start
2026-04-21 13:36:12.241668 Sync done -> model run start
2026-04-21 13:36:12.319977 Sync done -> model run start
2026-04-21 13:36:12.403199 Sync done -> model run start
0 0.086 [0.024318668991327286, 0.017833339981734753, 0.013745550066232681, 0.014767002081498504, 0.014579659095034003]
1 0.106 [0.03360908594913781, 0.02108873799443245, 0.02052613697014749, 0.015765486983582377, 0.014551639091223478]
2 0.079 [0.03225872898474336, 0.018819949124008417, 0.010890096193179488, 0.009528176859021187, 0.007479282096028328]
3 0.052 [0.019094947958365083, 0.011120615992695093, 0.007826519897207618, 0.006923191016539931, 0.006930691888555884]
2026-04-21 13:36:13.218512 Sync done -> model run start
net_times: [[5.253, 0.708, 3211264, 802816], [2.014, 0.998, 3211264, 802816], [2.388, 0.727, 3211264, 802816], [2.338, 0.717, 3211264, 802816], [2.68, 0.683, 3211264, 802816]]
echo 'race4fun' | sudo -S sh -c 'journalctl --since "2026-04-21 13:35:52.087763" --until "2026-04-21 13:36:13.218512" -k -o short-iso '| grep -i -E 'throttle|throttled|thermal|cpufreq|under-voltage|voltage'
