ALL SYNC
2026-04-21 13:36:05.515938 Sync done -> model run start
2026-04-21 13:36:05.515938 Sync done -> model run start
2026-04-21 13:36:05.515938 Sync done -> model run start
2026-04-21 13:36:05.515938 Sync done -> model run start
3 0.039 [0.03256497299298644, 0.001766968984156847, 0.0015081691090017557, 0.001480825012549758, 0.0013823360204696655]
2 0.039 [0.032564660999923944, 0.0017656669951975346, 0.0015082210302352905, 0.0014745749067515135, 0.001387334894388914]
1 0.04 [0.03268476412631571, 0.0025681110564619303, 0.0018761868122965097, 0.001568688778206706, 0.001269992906600237]
0 0.044 [0.0325753390789032, 0.006849492900073528, 0.0017921770922839642, 0.0016253029461950064, 0.0010567649733275175]
2026-04-21 13:36:07.519295 Sync done -> model run start
2026-04-21 13:36:07.519311 Sync done -> model run start
2026-04-21 13:36:07.522849 Sync done -> model run start
2026-04-21 13:36:07.529991 Sync done -> model run start
1 0.012 [0.0054287719540297985, 0.0017753029242157936, 0.0017887919675558805, 0.0016131158918142319, 0.0016241578850895166]
0 0.012 [0.005435073981061578, 0.001775094075128436, 0.0017882189713418484, 0.0016115009784698486, 0.0016241578850895166]
2 0.013 [0.0063627250492572784, 0.0020230619702488184, 0.001685615861788392, 0.0015654079616069794, 0.001258431002497673]
3 0.009 [0.005530750146135688, 0.0009549418464303017, 0.0010202538687735796, 0.0009633798617869616, 0.0006970791146159172]
2026-04-21 13:36:10.958897 Sync done -> model run start
2026-04-21 13:36:10.958892 Sync done -> model run start
2026-04-21 13:36:10.963945 Sync done -> model run start
2026-04-21 13:36:10.970094 Sync done -> model run start
1 0.015 [0.006460485048592091, 0.002147071994841099, 0.0020389470737427473, 0.0018193651922047138, 0.002061550971120596]
0 0.015 [0.006456474075093865, 0.0021476969122886658, 0.002038998994976282, 0.0018192080315202475, 0.002060821047052741]
2 0.015 [0.007849592017009854, 0.0021205609664320946, 0.001799156190827489, 0.0017146258614957333, 0.0016831678804010153]
3 0.013 [0.0072719380259513855, 0.0017201469745486975, 0.0012921809684485197, 0.0012091079261153936, 0.0011932749766856432]
2026-04-21 13:36:14.425977 Sync done -> model run start
2026-04-21 13:36:14.427763 Sync done -> model run start
2026-04-21 13:36:14.431192 Sync done -> model run start
2026-04-21 13:36:14.438119 Sync done -> model run start
0 0.013 [0.006016528001055121, 0.00176785490475595, 0.0018212399445474148, 0.0017560319975018501, 0.0016917090397328138]
1 0.013 [0.006075850920751691, 0.001882332842797041, 0.0017025950364768505, 0.001721604960039258, 0.0016713968943804502]
2 0.013 [0.006532307015731931, 0.0015934810508042574, 0.0015854600351303816, 0.0016203029081225395, 0.0015471270307898521]
3 0.01 [0.006063977023586631, 0.001236921176314354, 0.0012994189746677876, 0.0007874949369579554, 0.0006476519629359245]
2026-04-21 13:36:18.385853 Sync done -> model run start
2026-04-21 13:36:18.388389 Sync done -> model run start
2026-04-21 13:36:18.388387 Sync done -> model run start
2026-04-21 13:36:18.400672 Sync done -> model run start
1 0.016 [0.007364541990682483, 0.002077697077766061, 0.0024695689789950848, 0.002024624031037092, 0.002073216950520873]
0 0.016 [0.0069681378081440926, 0.002396028023213148, 0.002148320898413658, 0.0020971749909222126, 0.0020885819103568792]
2 0.016 [0.006968346890062094, 0.002395716030150652, 0.002160299802199006, 0.0020972280763089657, 0.002092957030981779]
3 0.011 [0.007062564836815, 0.0014548879116773605, 0.0011372328735888004, 0.0008171307854354382, 0.0006799451075494289]
2026-04-21 13:36:18.487184 Sync done -> model run start
net_times: [[12.965, 0.0, 100352, 0], [1.813, 0.0, 100352, 0], [3.245, 0.0, 100352, 0], [3.298, 0.0, 100352, 0], [3.773, 0.0, 100352, 0]]
echo 'race4fun' | sudo -S sh -c 'journalctl --since "2026-04-21 13:35:52.090712" --until "2026-04-21 13:36:18.487184" -k -o short-iso '| grep -i -E 'throttle|throttled|thermal|cpufreq|under-voltage|voltage'
