ALL SYNC
2026-04-21 13:35:59.260523 Sync done -> model run start
2026-04-21 13:35:59.260535 Sync done -> model run start
2026-04-21 13:35:59.260523 Sync done -> model run start
2026-04-21 13:35:59.260523 Sync done -> model run start
1 2.089 [0.4748033699579537, 0.4150712499395013, 0.40163330803625286, 0.3936307199764997, 0.4036407000385225]
2 2.116 [0.49000490200705826, 0.41399489901959896, 0.4044402299914509, 0.39708430715836585, 0.41022542607970536]
3 2.116 [0.4748033699579537, 0.40975745883770287, 0.39822258590720594, 0.3933346790727228, 0.4401492199394852]
0 2.194 [0.4853139219339937, 0.46100417897105217, 0.40283174300566316, 0.3954969139304012, 0.44869878608733416]
2026-04-21 13:36:02.337094 Sync done -> model run start
2026-04-21 13:36:02.349722 Sync done -> model run start
2026-04-21 13:36:02.350280 Sync done -> model run start
2026-04-21 13:36:02.375647 Sync done -> model run start
0 2.092 [0.42551789502613246, 0.41657692287117243, 0.41014604992233217, 0.4169159841258079, 0.42218217183835804]
3 2.101 [0.42938981391489506, 0.4164624959230423, 0.41123823588714004, 0.41950597893446684, 0.42380836699157953]
1 2.186 [0.4759248769842088, 0.416942338924855, 0.41209224495105445, 0.4680498919915408, 0.413035366917029]
2 2.091 [0.42498013586737216, 0.4165772879496217, 0.4102074559777975, 0.4169093701057136, 0.42216399498283863]
2026-04-21 13:36:05.944378 Sync done -> model run start
2026-04-21 13:36:05.953345 Sync done -> model run start
2026-04-21 13:36:05.965146 Sync done -> model run start
2026-04-21 13:36:05.975803 Sync done -> model run start
2 1.977 [0.4079497519414872, 0.3949513400439173, 0.3888873939868063, 0.39137791004031897, 0.39318394800648093]
3 1.98 [0.4097961550578475, 0.39542717300355434, 0.3897518708836287, 0.39004358905367553, 0.3946500380989164]
1 2.065 [0.45789262000471354, 0.39412582106888294, 0.3894157779868692, 0.44054885185323656, 0.38324547791853547]
0 1.97 [0.4076578780077398, 0.39346155105158687, 0.387929999968037, 0.3888947900850326, 0.3917288458906114]
2026-04-21 13:36:09.446993 Sync done -> model run start
2026-04-21 13:36:09.455866 Sync done -> model run start
2026-04-21 13:36:09.467519 Sync done -> model run start
2026-04-21 13:36:09.477750 Sync done -> model run start
1 1.991 [0.40902870590798557, 0.3942743609659374, 0.39180270000360906, 0.39251634385436773, 0.402890644967556]
0 1.984 [0.4082411560229957, 0.3935533210169524, 0.3918805120047182, 0.391406242037192, 0.39867883105762303]
3 1.99 [0.40824324009008706, 0.39507795311510563, 0.39239868707954884, 0.39174389699473977, 0.4024676780682057]
2 2.073 [0.45726126595400274, 0.39435904915444553, 0.3921656678430736, 0.4416281199082732, 0.38792531099170446]
2026-04-21 13:36:13.294353 Sync done -> model run start
2026-04-21 13:36:13.297836 Sync done -> model run start
2026-04-21 13:36:13.306532 Sync done -> model run start
2026-04-21 13:36:13.321999 Sync done -> model run start
0 2.012 [0.41760899988003075, 0.40363543503917754, 0.39580420101992786, 0.39699326013214886, 0.3979852369520813]
1 2.019 [0.4262945558875799, 0.4038447570055723, 0.3946461819577962, 0.3973332070745528, 0.39670862490311265]
3 2.032 [0.4213846691418439, 0.4069480840116739, 0.39743643696419895, 0.39703685394488275, 0.4086304239463061]
2 2.117 [0.4656828611623496, 0.41171192890033126, 0.4023551770951599, 0.45297955302521586, 0.3835594330448657]
2026-04-21 13:36:16.133140 Sync done -> model run start
net_times: [[6.683, 0.698, 802816, 401408], [0.002, 0.745, 802816, 401408], [0.497, 0.637, 802816, 401408], [0.6, 0.628, 802816, 401408], [0.937, 0.629, 802816, 401408]]
echo 'race4fun' | sudo -S sh -c 'journalctl --since "2026-04-21 13:35:52.090232" --until "2026-04-21 13:36:16.133140" -k -o short-iso '| grep -i -E 'throttle|throttled|thermal|cpufreq|under-voltage|voltage'
