ALL SYNC
2026-04-21 13:35:05.029577 Sync done -> model run start
2026-04-21 13:35:05.029572 Sync done -> model run start
2026-04-21 13:35:05.029572 Sync done -> model run start
2026-04-21 13:35:05.029572 Sync done -> model run start
3 1.758 [0.4282948081381619, 0.3562539489939809, 0.3278024368919432, 0.3264166109729558, 0.31886743288487196]
2 1.758 [0.42829402699135244, 0.35394323291257024, 0.33017148706130683, 0.3256569269578904, 0.31958946003578603]
1 1.824 [0.4293481351342052, 0.3667104549240321, 0.3434102169703692, 0.33397136093117297, 0.35049648000858724]
0 1.909 [0.4688799518626183, 0.37804945604875684, 0.3495904430747032, 0.3315900731831789, 0.38041423400864005]
2026-04-21 13:35:08.517867 Sync done -> model run start
2026-04-21 13:35:08.522759 Sync done -> model run start
2026-04-21 13:35:08.532690 Sync done -> model run start
2026-04-21 13:35:08.538364 Sync done -> model run start
0 1.607 [0.34388370299711823, 0.33671483490616083, 0.3119704909622669, 0.307242704089731, 0.3065847910474986]
3 1.619 [0.3513799118809402, 0.33610192197375, 0.311607054900378, 0.30836754105985165, 0.3113753900397569]
2 1.608 [0.3452482270076871, 0.33390516322106123, 0.3113714838400483, 0.3089594659395516, 0.30839707306586206]
1 1.659 [0.34226923319511116, 0.3894426729530096, 0.3061882818583399, 0.30576958716847, 0.3148097980301827]
2026-04-21 13:35:12.463215 Sync done -> model run start
2026-04-21 13:35:12.468893 Sync done -> model run start
2026-04-21 13:35:12.478628 Sync done -> model run start
2026-04-21 13:35:12.486523 Sync done -> model run start
1 1.58 [0.33656343002803624, 0.32636947417631745, 0.3054801078978926, 0.3043408440425992, 0.30669619608670473]
2 1.588 [0.33940372709184885, 0.32659796299412847, 0.30535984807647765, 0.3049152148887515, 0.3116487208753824]
3 1.595 [0.3440672948490828, 0.32661853497847915, 0.30602562706917524, 0.3049354241229594, 0.31325418082997203]
0 1.682 [0.3923252089880407, 0.32360787503421307, 0.30492797610349953, 0.3036031399387866, 0.3568800890352577]
2026-04-21 13:35:15.986034 Sync done -> model run start
2026-04-21 13:35:15.992002 Sync done -> model run start
2026-04-21 13:35:16.003696 Sync done -> model run start
2026-04-21 13:35:16.009986 Sync done -> model run start
2 1.591 [0.34450932312756777, 0.32418162119574845, 0.3055150560103357, 0.3057705231476575, 0.31041737203486264]
1 1.586 [0.33888258202932775, 0.3294180501252413, 0.30555094103328884, 0.3052840670570731, 0.30684249685145915]
3 1.603 [0.3501641349866986, 0.3232869899366051, 0.30644197785295546, 0.30624114512465894, 0.3163039549253881]
0 1.668 [0.3551548379473388, 0.3639034361112863, 0.305656251963228, 0.3074667640030384, 0.33568676584400237]
2026-04-21 13:35:19.453762 Sync done -> model run start
2026-04-21 13:35:19.459162 Sync done -> model run start
2026-04-21 13:35:19.459156 Sync done -> model run start
2026-04-21 13:35:19.478659 Sync done -> model run start
1 1.603 [0.351507251849398, 0.32735337293706834, 0.3109993999823928, 0.3073265028651804, 0.30585093796253204]
2 1.631 [0.35495686903595924, 0.33284995798021555, 0.31680462905205786, 0.3123415280133486, 0.3138376660645008]
3 1.642 [0.36273880605585873, 0.33402443095110357, 0.3130420970264822, 0.3110212229657918, 0.3206262218300253]
0 1.677 [0.35496233799494803, 0.38917506905272603, 0.31601374805904925, 0.30976503202691674, 0.30727322306483984]
2026-04-21 13:35:22.854489 Sync done -> model run start
net_times: [[0.0, 1.416, 0, 802816], [0.0, 2.1, 0, 802816], [0.0, 1.642, 0, 802816], [0.0, 1.622, 0, 802816], [0.0, 1.622, 0, 802816]]
echo 'race4fun' | sudo -S sh -c 'journalctl --since "2026-04-21 13:35:04.374473" --until "2026-04-21 13:35:22.854489" -k -o short-iso '| grep -i -E 'throttle|throttled|thermal|cpufreq|under-voltage|voltage'
