ALL SYNC
2026-04-21 13:36:03.109092 Sync done -> model run start
2026-04-21 13:36:03.109093 Sync done -> model run start
2026-04-21 13:36:03.109093 Sync done -> model run start
2026-04-21 13:36:03.109093 Sync done -> model run start
1 1.671 [0.3576310221105814, 0.32871915004216135, 0.32857508677989244, 0.3237531261984259, 0.3325354380067438]
0 1.679 [0.3576307089533657, 0.3287103991024196, 0.3285768579225987, 0.3265216061845422, 0.3372924509458244]
3 1.709 [0.3576308658812195, 0.32909008488059044, 0.32820232794620097, 0.3264993140473962, 0.3672698400914669]
2 1.726 [0.3693813430145383, 0.3263136378955096, 0.32643337617628276, 0.3691270211711526, 0.3347501680254936]
2026-04-21 13:36:05.564316 Sync done -> model run start
2026-04-21 13:36:05.565346 Sync done -> model run start
2026-04-21 13:36:05.578217 Sync done -> model run start
2026-04-21 13:36:05.601764 Sync done -> model run start
0 1.597 [0.32445005094632506, 0.31919814296998084, 0.3178509611170739, 0.31779137812554836, 0.31746752513572574]
1 1.603 [0.3265953029040247, 0.32022673287428916, 0.31853944808244705, 0.3185978850815445, 0.3189989260863513]
3 1.601 [0.3255852027796209, 0.3193612149916589, 0.3188710091635585, 0.3183833030052483, 0.31852111499756575]
2026-04-21 13:36:08.964113 Sync done -> model run start
2026-04-21 13:36:08.967752 Sync done -> model run start
2026-04-21 13:36:08.972809 Sync done -> model run start
2026-04-21 13:36:08.978956 Sync done -> model run start
0 1.594 [0.323414065875113, 0.31792617007158697, 0.31782991997897625, 0.3175436710007489, 0.31697185011580586]
1 1.595 [0.3240226579364389, 0.31776059698313475, 0.3174875769764185, 0.31779700284823775, 0.31744981720112264]
2 1.596 [0.3238336471840739, 0.3180066370405257, 0.31761960801668465, 0.31782096181996167, 0.31839772989042103]
3 1.676 [0.36747301812283695, 0.3182195541448891, 0.3182269490789622, 0.31835924088954926, 0.35365770501084626]
2026-04-21 13:36:12.483222 Sync done -> model run start
2026-04-21 13:36:12.483222 Sync done -> model run start
2026-04-21 13:36:12.492890 Sync done -> model run start
2026-04-21 13:36:12.501317 Sync done -> model run start
2 1.6 [0.32444953080266714, 0.3186430938076228, 0.31846991810016334, 0.31882069795392454, 0.31932158092968166]
3 1.598 [0.3226921418681741, 0.3184647101443261, 0.3182587728369981, 0.3190426239743829, 0.31913132197223604]
0 1.686 [0.3447476339060813, 0.3451638810802251, 0.31913517601788044, 0.3196371530648321, 0.3568370679859072]
1 1.605 [0.32774358219467103, 0.3189105929341167, 0.3190014259889722, 0.31950126797892153, 0.31980022601783276]
2026-04-21 13:36:16.363507 Sync done -> model run start
2026-04-21 13:36:16.367932 Sync done -> model run start
2026-04-21 13:36:16.371432 Sync done -> model run start
2026-04-21 13:36:16.378381 Sync done -> model run start
2 1.598 [0.3243406261317432, 0.3188464280683547, 0.3181640859693289, 0.3183450228534639, 0.31834611599333584]
1 1.603 [0.32499135308898985, 0.32067678519524634, 0.31928647798486054, 0.31923090596683323, 0.31831856491044164]
3 1.6 [0.32524244603700936, 0.3195487691555172, 0.3185177829582244, 0.31809752504341304, 0.318651792826131]
0 1.711 [0.37604736210778356, 0.32338021299801767, 0.3234207860659808, 0.3561982170213014, 0.3315089850220829]
2026-04-21 13:36:18.322173 Sync done -> model run start
net_times: [[10.103, 0.173, 401408, 100352], [0.208, 0.157, 401408, 100352], [1.214, 0.174, 401408, 100352], [1.304, 0.155, 401408, 100352], [1.703, 0.179, 401408, 100352]]
echo 'race4fun' | sudo -S sh -c 'journalctl --since "2026-04-21 13:35:52.091420" --until "2026-04-21 13:36:18.322173" -k -o short-iso '| grep -i -E 'throttle|throttled|thermal|cpufreq|under-voltage|voltage'
