ALL SYNC
2026-04-21 13:35:09.393493 Sync done -> model run start
2026-04-21 13:35:09.393493 Sync done -> model run start
2026-04-21 13:35:09.393493 Sync done -> model run start
2026-04-21 13:35:09.393502 Sync done -> model run start
1 2.668 [0.5468913470394909, 0.5547432459425181, 0.524353567045182, 0.5259287701919675, 0.5157739107962698]
0 2.627 [0.5468826498836279, 0.5153912040404975, 0.5223364909179509, 0.5223250328563154, 0.5201512388885021]
2 2.864 [0.5468827539589256, 0.5202539460733533, 0.6329967041965574, 0.6393041810952127, 0.5245891918893903]
3 2.73 [0.5842678749468178, 0.512699913000688, 0.5691353268921375, 0.5237606009468436, 0.5397521029226482]
2026-04-21 13:35:12.661188 Sync done -> model run start
2026-04-21 13:35:12.661188 Sync done -> model run start
2026-04-21 13:35:12.675363 Sync done -> model run start
2026-04-21 13:35:12.687735 Sync done -> model run start
1 2.545 [0.5089977909810841, 0.4916634818073362, 0.4926457169931382, 0.5250339820049703, 0.5266157470177859]
3 2.546 [0.5085693029686809, 0.4918892609421164, 0.4929234238807112, 0.5244128389749676, 0.5278017849195749]
0 2.636 [0.5174003641586751, 0.5296346941031516, 0.4933766520116478, 0.5728597939014435, 0.522337898844853]
2 2.71 [0.5085761270020157, 0.4918031170964241, 0.49474305287003517, 0.6294890618883073, 0.5853666751645505]
2026-04-21 13:35:16.150559 Sync done -> model run start
2026-04-21 13:35:16.156085 Sync done -> model run start
2026-04-21 13:35:16.165853 Sync done -> model run start
2026-04-21 13:35:16.179631 Sync done -> model run start
0 2.601 [0.498542363056913, 0.49049531016498804, 0.5144041790626943, 0.5426529799588025, 0.5546477800235152]
1 2.603 [0.5015222989022732, 0.4913033270277083, 0.5256086690351367, 0.5606074959505349, 0.5241100280545652]
3 2.667 [0.49923262116499245, 0.5453563551418483, 0.5112213781103492, 0.5930271151009947, 0.5183612480759621]
2 2.723 [0.4991749639157206, 0.490039894124493, 0.525744552956894, 0.6515501791145653, 0.5564524079672992]
2026-04-21 13:35:19.646380 Sync done -> model run start
2026-04-21 13:35:19.649523 Sync done -> model run start
2026-04-21 13:35:19.665302 Sync done -> model run start
2026-04-21 13:35:19.680164 Sync done -> model run start
0 2.552 [0.500752042979002, 0.4880407878663391, 0.5171609919052571, 0.5198565039318055, 0.526361791882664]
1 2.625 [0.5029228162020445, 0.4899371350184083, 0.5171163568738848, 0.5870852121151984, 0.5276650679297745]
2 2.635 [0.5000227750279009, 0.5343224909156561, 0.5142237639520317, 0.554236636031419, 0.5320373950526118]
3 2.667 [0.5000470459926873, 0.4887005251366645, 0.5090374809224159, 0.5483731159474701, 0.6205255568493158]
2026-04-21 13:35:23.138288 Sync done -> model run start
2026-04-21 13:35:23.148743 Sync done -> model run start
2026-04-21 13:35:23.162231 Sync done -> model run start
2026-04-21 13:35:23.163667 Sync done -> model run start
1 2.477 [0.5045281229540706, 0.4932763420511037, 0.4925796261522919, 0.4945835249964148, 0.4920821289997548]
2 2.475 [0.5023869860451669, 0.4929055629763752, 0.49274743790738285, 0.49381847702898085, 0.4925148352049291]
3 2.511 [0.5111690890043974, 0.4979528358671814, 0.4983282519970089, 0.5031541190110147, 0.49984673596918583]
0 2.556 [0.5012513119727373, 0.5138020471204072, 0.5160692790523171, 0.49252285598777235, 0.5319226579740644]
2026-04-21 13:35:25.795600 Sync done -> model run start
net_times: [[3.023, 0.0, 802816, 0], [0.003, 0.0, 802816, 0], [0.367, 0.0, 802816, 0], [0.353, 0.0, 802816, 0], [0.387, 0.0, 802816, 0]]
echo 'race4fun' | sudo -S sh -c 'journalctl --since "2026-04-21 13:35:05.376974" --until "2026-04-21 13:35:25.795600" -k -o short-iso '| grep -i -E 'throttle|throttled|thermal|cpufreq|under-voltage|voltage'
