ALL SYNC
2026-04-21 13:32:28.613243 Sync done -> model run start
2026-04-21 13:32:28.613243 Sync done -> model run start
2026-04-21 13:32:28.613243 Sync done -> model run start
2026-04-21 13:32:28.613243 Sync done -> model run start
1 0.043 [0.03489355416968465, 0.002041863976046443, 0.0018299899529665709, 0.001832698006182909, 0.0017576979007571936]
3 0.043 [0.03487272094935179, 0.002058322075754404, 0.0018296767957508564, 0.0018325410783290863, 0.0017524899449199438]
0 0.043 [0.034872773103415966, 0.002058218000456691, 0.0018295729532837868, 0.001832542009651661, 0.0017523858696222305]
2 0.043 [0.03487272094935179, 0.0020587381441146135, 0.0018296251073479652, 0.0018324889242649078, 0.0017454060725867748]
2026-04-21 13:32:32.207187 Sync done -> model run start
2026-04-21 13:32:32.212340 Sync done -> model run start
2026-04-21 13:32:32.212340 Sync done -> model run start
2026-04-21 13:32:32.224141 Sync done -> model run start
1 0.013 [0.006478765979409218, 0.0015275441110134125, 0.001722959103062749, 0.00152962701395154, 0.001706656999886036]
2 0.013 [0.005659394897520542, 0.0018028030171990395, 0.001727541908621788, 0.0016676988452672958, 0.0016337931156158447]
0 0.013 [0.0056614261120557785, 0.0018019170965999365, 0.0017275938298553228, 0.0016678560059517622, 0.0016397300641983747]
3 0.007 [0.004352787975221872, 0.0009709838777780533, 0.0006931729149073362, 0.0006279130466282368, 0.0006087981164455414]
2026-04-21 13:32:38.243256 Sync done -> model run start
2026-04-21 13:32:38.243256 Sync done -> model run start
2026-04-21 13:32:38.248119 Sync done -> model run start
2026-04-21 13:32:38.249737 Sync done -> model run start
1 0.013 [0.0056910100392997265, 0.0017202510498464108, 0.0017662399914115667, 0.0017065010033547878, 0.0016558771021664143]
0 0.013 [0.005627728998661041, 0.0017763960640877485, 0.00176634406670928, 0.0017062409315258265, 0.0016560850199311972]
2 0.013 [0.006521474104374647, 0.0016784800682216883, 0.0016329600475728512, 0.0015349909663200378, 0.0010312439408153296]
3 0.012 [0.0062736631371080875, 0.0017212401144206524, 0.0015179079491645098, 0.0010312958620488644, 0.0013268149923533201]
2026-04-21 13:32:44.320415 Sync done -> model run start
2026-04-21 13:32:44.320731 Sync done -> model run start
2026-04-21 13:32:44.324787 Sync done -> model run start
2026-04-21 13:32:44.330401 Sync done -> model run start
1 0.016 [0.007253916934132576, 0.0021850401535630226, 0.0019766550976783037, 0.0020596759859472513, 0.001977489097043872]
0 0.016 [0.007206261856481433, 0.0021878520492464304, 0.001976186875253916, 0.0020641027949750423, 0.0019897811580449343]
2 0.016 [0.008103756932541728, 0.002567797899246216, 0.001829521032050252, 0.001819572877138853, 0.0018369171302765608]
3 0.015 [0.008310526143759489, 0.0022673311177641153, 0.001522960141301155, 0.001214941032230854, 0.0012863471638411283]
2026-04-21 13:32:50.443255 Sync done -> model run start
2026-04-21 13:32:50.445016 Sync done -> model run start
2026-04-21 13:32:50.447897 Sync done -> model run start
2026-04-21 13:32:50.452664 Sync done -> model run start
0 0.013 [0.006019132910296321, 0.001881344011053443, 0.0017568648327142, 0.0015499910805374384, 0.001684937858954072]
1 0.013 [0.0060521019622683525, 0.0018112401012331247, 0.0014993669465184212, 0.0016859800089150667, 0.0016451990231871605]
2 0.013 [0.006632358999922872, 0.0017547819297760725, 0.0016027509700506926, 0.001521450001746416, 0.0015887939371168613]
3 0.012 [0.006298298016190529, 0.0018336880020797253, 0.001209367997944355, 0.0012916589621454477, 0.0007884330116212368]
2026-04-21 13:32:50.528456 Sync done -> model run start
net_times: [[14.428, 0.0, 100352, 0], [3.352, 0.0, 100352, 0], [5.842, 0.0, 100352, 0], [5.881, 0.0, 100352, 0], [5.92, 0.0, 100352, 0]]
echo 'race4fun' | sudo -S sh -c 'journalctl --since "2026-04-21 13:32:13.723988" --until "2026-04-21 13:32:50.528456" -k -o short-iso '| grep -i -E 'throttle|throttled|thermal|cpufreq|under-voltage|voltage'
