ALL SYNC
2026-04-21 13:32:26.167431 Sync done -> model run start
2026-04-21 13:32:26.167431 Sync done -> model run start
2026-04-21 13:32:26.167431 Sync done -> model run start
2026-04-21 13:32:26.167544 Sync done -> model run start
1 1.685 [0.3871672109235078, 0.3274511909112334, 0.32489807484671474, 0.32270542811602354, 0.32211230508983135]
0 1.686 [0.38716747192665935, 0.3274511389899999, 0.32489818008616567, 0.32270542811602354, 0.3234639670699835]
2 1.755 [0.3932629700284451, 0.3646684440318495, 0.3218431400600821, 0.32014236506074667, 0.3545385350007564]
2026-04-21 13:32:30.175894 Sync done -> model run start
2026-04-21 13:32:30.177049 Sync done -> model run start
2026-04-21 13:32:30.180409 Sync done -> model run start
2026-04-21 13:32:30.189319 Sync done -> model run start
0 1.597 [0.32383339293301105, 0.31936528510414064, 0.3182111759670079, 0.31764117791317403, 0.3173206059727818]
3 1.6 [0.32455115113407373, 0.319602316012606, 0.3192954419646412, 0.3180982070043683, 0.31828101887367666]
1 1.678 [0.36707130004651845, 0.3197863770183176, 0.31806107214652, 0.34833730990067124, 0.32416297495365143]
2 1.601 [0.32555348984897137, 0.3195048680063337, 0.31872028787620366, 0.31831435207277536, 0.3182218000292778]
2026-04-21 13:32:36.254388 Sync done -> model run start
2026-04-21 13:32:36.257235 Sync done -> model run start
2026-04-21 13:32:36.263195 Sync done -> model run start
2026-04-21 13:32:36.269752 Sync done -> model run start
1 1.595 [0.3245914641302079, 0.3182545101735741, 0.3172164929565042, 0.3170922230929136, 0.3177994601428509]
2 1.594 [0.3236705828458071, 0.3183591968845576, 0.31765305413864553, 0.3169984209816903, 0.31754826195538044]
3 1.596 [0.3244284971151501, 0.3185351339634508, 0.3174035749398172, 0.3175680029671639, 0.31808596896007657]
0 1.679 [0.3677936950698495, 0.3179184168111533, 0.31715253507718444, 0.34451227402314544, 0.331381127005443]
2026-04-21 13:32:42.293314 Sync done -> model run start
2026-04-21 13:32:42.293314 Sync done -> model run start
2026-04-21 13:32:42.301683 Sync done -> model run start
2026-04-21 13:32:42.307304 Sync done -> model run start
0 1.619 [0.32733015390112996, 0.32296313997358084, 0.32240366213954985, 0.3226630890276283, 0.3231972008943558]
1 1.619 [0.3273303098976612, 0.32296037883497775, 0.32240355806425214, 0.32278631813824177, 0.323117617983371]
2 1.613 [0.3256334410980344, 0.32095132302492857, 0.3208707510493696, 0.32205829909071326, 0.3234804819803685]
3 1.69 [0.3689919738098979, 0.3207526789046824, 0.3208539290353656, 0.3391299529466778, 0.3397682828363031]
2026-04-21 13:32:48.410178 Sync done -> model run start
2026-04-21 13:32:48.412086 Sync done -> model run start
2026-04-21 13:32:48.424078 Sync done -> model run start
2026-04-21 13:32:48.425815 Sync done -> model run start
1 1.635 [0.32775072706863284, 0.32157225999981165, 0.31847149203531444, 0.33647600607946515, 0.33074946608394384]
2 1.645 [0.32889733696356416, 0.32141554285772145, 0.3234798579942435, 0.35189245687797666, 0.319601226830855]
3 1.627 [0.3245966760441661, 0.3189793019555509, 0.3179277430754155, 0.34103088499978185, 0.3241808449383825]
0 1.71 [0.37052353215403855, 0.3187829488888383, 0.31780034792609513, 0.3670992739498615, 0.3353077811188996]
2026-04-21 13:32:50.377463 Sync done -> model run start
net_times: [[11.507, 0.174, 401408, 100352], [1.718, 0.156, 401408, 100352], [3.786, 0.176, 401408, 100352], [3.819, 0.179, 401408, 100352], [3.856, 0.178, 401408, 100352]]
echo 'race4fun' | sudo -S sh -c 'journalctl --since "2026-04-21 13:32:13.717040" --until "2026-04-21 13:32:50.377463" -k -o short-iso '| grep -i -E 'throttle|throttled|thermal|cpufreq|under-voltage|voltage'
