ALL SYNC
2026-04-21 13:31:26.726188 Sync done -> model run start
2026-04-21 13:31:26.726188 Sync done -> model run start
2026-04-21 13:31:26.726188 Sync done -> model run start
2026-04-21 13:31:26.726198 Sync done -> model run start
0 1.774 [0.42682519694790244, 0.3626925649587065, 0.3355950890108943, 0.3277006051503122, 0.3213475199881941]
3 1.774 [0.42682556086219847, 0.3647126981522888, 0.3350027680862695, 0.32677756692282856, 0.32084790291264653]
2 1.818 [0.42930317716673017, 0.3679296600166708, 0.3464115080423653, 0.33641965594142675, 0.33813439193181694]
1 1.886 [0.42984341690316796, 0.420851323986426, 0.36792231583967805, 0.32890890003181994, 0.3386697890236974]
2026-04-21 13:31:30.175345 Sync done -> model run start
2026-04-21 13:31:30.180251 Sync done -> model run start
2026-04-21 13:31:30.180251 Sync done -> model run start
2026-04-21 13:31:30.199702 Sync done -> model run start
1 1.657 [0.3586156009696424, 0.3401005088817328, 0.3138598841615021, 0.31989414687268436, 0.32440694817341864]
0 1.675 [0.3575723071116954, 0.3486697729676962, 0.3165132759604603, 0.32329506194218993, 0.3285232540220022]
2 1.703 [0.35349500994198024, 0.3401782151777297, 0.36380193405784667, 0.3187395550776273, 0.3263775520026684]
3 1.683 [0.3684387761168182, 0.34760350990109146, 0.3164444789290428, 0.32317110896110535, 0.3275792789645493]
2026-04-21 13:31:34.152989 Sync done -> model run start
2026-04-21 13:31:34.158746 Sync done -> model run start
2026-04-21 13:31:34.166146 Sync done -> model run start
2026-04-21 13:31:34.173103 Sync done -> model run start
3 1.657 [0.3516264748759568, 0.33641255693510175, 0.3250767909921706, 0.3218427530955523, 0.3219637901056558]
2 1.707 [0.34534655092284083, 0.39458212489262223, 0.3255113619379699, 0.3189942641183734, 0.3225523619912565]
0 1.627 [0.3408004690427333, 0.33417586889117956, 0.32215783395804465, 0.3177750911563635, 0.31198691902682185]
2026-04-21 13:31:37.691006 Sync done -> model run start
2026-04-21 13:31:37.696338 Sync done -> model run start
2026-04-21 13:31:37.705945 Sync done -> model run start
2026-04-21 13:31:37.712079 Sync done -> model run start
0 1.611 [0.34059226303361356, 0.3300894920248538, 0.31525899516418576, 0.3134562489576638, 0.31136884493753314]
1 1.614 [0.34158727899193764, 0.3329094401560724, 0.3145543858408928, 0.3130112129729241, 0.31171794794499874]
2 1.624 [0.34360512206330895, 0.33290329412557185, 0.318505282048136, 0.3148834358435124, 0.3141521289944649]
3 1.685 [0.3502701378893107, 0.4047106059733778, 0.3190266171004623, 0.3178454178851098, 0.2927744761109352]
2026-04-21 13:31:41.139699 Sync done -> model run start
2026-04-21 13:31:41.139687 Sync done -> model run start
2026-04-21 13:31:41.154245 Sync done -> model run start
2026-04-21 13:31:41.166196 Sync done -> model run start
1 1.664 [0.345318634994328, 0.3381645211484283, 0.32540421606972814, 0.3253734989557415, 0.32915695500560105]
3 1.691 [0.3539381120353937, 0.3416334050707519, 0.32684494694694877, 0.33080449886620045, 0.3371760898735374]
2 1.732 [0.34970279806293547, 0.34144919319078326, 0.3911464549601078, 0.32982318103313446, 0.3192446078173816]
0 1.664 [0.34531879099085927, 0.3381629071664065, 0.325400257948786, 0.32537318696267903, 0.3293539269361645]
2026-04-21 13:31:44.526829 Sync done -> model run start
net_times: [[0.0, 1.389, 0, 802816], [0.0, 2.09, 0, 802816], [0.0, 1.621, 0, 802816], [0.0, 1.575, 0, 802816], [0.0, 1.559, 0, 802816]]
echo 'race4fun' | sudo -S sh -c 'journalctl --since "2026-04-21 13:31:26.247138" --until "2026-04-21 13:31:44.526829" -k -o short-iso '| grep -i -E 'throttle|throttled|thermal|cpufreq|under-voltage|voltage'
