ALL SYNC
2026-04-21 13:32:13.145589 Sync done -> model run start
2026-04-21 13:32:13.145589 Sync done -> model run start
2026-04-21 13:32:13.145589 Sync done -> model run start
2026-04-21 13:32:13.145589 Sync done -> model run start
0 0.46 [0.12883060285821557, 0.09759001503698528, 0.08206138480454683, 0.07535817893221974, 0.07550557004287839]
1 0.461 [0.12883143685758114, 0.09981926204636693, 0.0829898938536644, 0.07323486683890224, 0.07547775795683265]
3 0.47 [0.13175946101546288, 0.10163649008609354, 0.08532710606232285, 0.07330824993550777, 0.07747914711944759]
2 0.538 [0.12883055093698204, 0.09719669516198337, 0.08054768689908087, 0.10212569194845855, 0.12901247292757034]
2026-04-21 13:32:19.660975 Sync done -> model run start
2026-04-21 13:32:19.664215 Sync done -> model run start
2026-04-21 13:32:19.677056 Sync done -> model run start
2026-04-21 13:32:19.680151 Sync done -> model run start
0 0.392 [0.0845383619889617, 0.09037623484618962, 0.07507493509911001, 0.07069773995317519, 0.07082695700228214]
3 0.404 [0.0873181619681418, 0.0886578040663153, 0.07318510278128088, 0.07213076390326023, 0.08219604985788465]
2 0.45 [0.11471451702527702, 0.08888472290709615, 0.07284240704029799, 0.07247033715248108, 0.10092463111504912]
1 0.388 [0.08231833297759295, 0.08931252080947161, 0.07501790602691472, 0.0707488851621747, 0.07081779092550278]
2026-04-21 13:32:25.716726 Sync done -> model run start
2026-04-21 13:32:25.731657 Sync done -> model run start
2026-04-21 13:32:25.743939 Sync done -> model run start
2026-04-21 13:32:25.747061 Sync done -> model run start
0 0.378 [0.07559661008417606, 0.08511753799393773, 0.07426134287379682, 0.07122326991520822, 0.07184179383330047]
3 0.399 [0.08353509195148945, 0.08405970991589129, 0.0709365070797503, 0.07327585900202394, 0.08698492799885571]
2 0.395 [0.07996161887422204, 0.08472760417498648, 0.07349355681799352, 0.07441436103545129, 0.08185734110884368]
1 0.446 [0.11642710492014885, 0.09019892895594239, 0.07189038302749395, 0.07224855106323957, 0.09545667399652302]
2026-04-21 13:32:31.716776 Sync done -> model run start
2026-04-21 13:32:31.725569 Sync done -> model run start
2026-04-21 13:32:31.730738 Sync done -> model run start
2026-04-21 13:32:31.739936 Sync done -> model run start
2 0.402 [0.09641927387565374, 0.08557729213498533, 0.07205045409500599, 0.0739266958553344, 0.07356712594628334]
3 0.407 [0.09942938201129436, 0.08246197993867099, 0.07239617104642093, 0.07383237686008215, 0.07834962219931185]
0 0.484 [0.11335490504279733, 0.11716441297903657, 0.07365357782691717, 0.0752698821015656, 0.10474259499460459]
1 0.403 [0.08666308992542326, 0.09078435902483761, 0.07403007498942316, 0.07705836207605898, 0.07439308799803257]
2026-04-21 13:32:37.717921 Sync done -> model run start
2026-04-21 13:32:37.722480 Sync done -> model run start
2026-04-21 13:32:37.728591 Sync done -> model run start
2026-04-21 13:32:37.737428 Sync done -> model run start
2 0.399 [0.09557839808985591, 0.08370639383792877, 0.07602930488064885, 0.07154211308807135, 0.07148274104110897]
0 0.409 [0.08971171686425805, 0.08880133088678122, 0.0788174420595169, 0.07500241487286985, 0.07603524695150554]
3 0.41 [0.0971786049194634, 0.08874799916520715, 0.06999153597280383, 0.07306315703317523, 0.08113513118587434]
1 0.492 [0.09523986699059606, 0.11569648212753236, 0.09572818595916033, 0.07684438698925078, 0.10807491792365909]
2026-04-21 13:32:43.692161 Sync done -> model run start
net_times: [[0.0, 5.662, 0, 3211264], [0.0, 5.295, 0, 3211264], [0.0, 5.2, 0, 3211264], [0.0, 5.202, 0, 3211264], [0.0, 5.235, 0, 3211264]]
echo 'race4fun' | sudo -S sh -c 'journalctl --since "2026-04-21 13:32:12.728309" --until "2026-04-21 13:32:43.692161" -k -o short-iso '| grep -i -E 'throttle|throttled|thermal|cpufreq|under-voltage|voltage'
