ALL SYNC
2026-04-21 13:32:20.000450 Sync done -> model run start
2026-04-21 13:32:20.000430 Sync done -> model run start
2026-04-21 13:32:20.000430 Sync done -> model run start
2026-04-21 13:32:20.000730 Sync done -> model run start
2 0.117 [0.034280756022781134, 0.025106949964538217, 0.019221043912693858, 0.019755988847464323, 0.018077977932989597]
0 0.117 [0.03379169595427811, 0.025111794006079435, 0.021843894850462675, 0.01913776295259595, 0.016857776092365384]
1 0.119 [0.0342739331535995, 0.025111950002610683, 0.022440922912210226, 0.019928228110074997, 0.01704808697104454]
3 0.159 [0.03427414200268686, 0.04735818691551685, 0.03945364593528211, 0.019485208904370666, 0.01777672884054482]
2026-04-21 13:32:25.715990 Sync done -> model run start
2026-04-21 13:32:25.777122 Sync done -> model run start
2026-04-21 13:32:25.846581 Sync done -> model run start
2026-04-21 13:32:25.929353 Sync done -> model run start
0 0.089 [0.023524197982624173, 0.0202980178873986, 0.01288008806295693, 0.013962269993498921, 0.017796311993151903]
1 0.089 [0.02884771185927093, 0.021476553054526448, 0.010172706097364426, 0.012942431028932333, 0.015369657892733812]
2 0.074 [0.02349836495704949, 0.019520000088959932, 0.014343101065605879, 0.008833026047796011, 0.00761829293332994]
3 0.046 [0.01394690596498549, 0.011049211956560612, 0.006898869993165135, 0.006864234805107117, 0.006857776083052158]
2026-04-21 13:32:31.696457 Sync done -> model run start
2026-04-21 13:32:31.753350 Sync done -> model run start
2026-04-21 13:32:31.829978 Sync done -> model run start
2026-04-21 13:32:31.907537 Sync done -> model run start
0 0.086 [0.024647369049489498, 0.017750842962414026, 0.013712427113205194, 0.014354663901031017, 0.015454970067366958]
1 0.104 [0.03432226600125432, 0.023035295074805617, 0.01958671910688281, 0.013337428914383054, 0.013032692018896341]
2 0.074 [0.028047768166288733, 0.019134480971843004, 0.010562652023509145, 0.008426362182945013, 0.00759209506213665]
3 0.053 [0.01955380290746689, 0.01087405695579946, 0.007895947899669409, 0.007233503041788936, 0.006975796073675156]
2026-04-21 13:32:37.702892 Sync done -> model run start
2026-04-21 13:32:37.758702 Sync done -> model run start
2026-04-21 13:32:37.846137 Sync done -> model run start
2026-04-21 13:32:37.972689 Sync done -> model run start
0 0.081 [0.021567489951848984, 0.01770568685606122, 0.011741657042875886, 0.01376878097653389, 0.016384600894525647]
1 0.126 [0.029878487112000585, 0.024221537867560983, 0.02013770490884781, 0.03356122807599604, 0.0181232369504869]
2 0.092 [0.019919530022889376, 0.02387820603325963, 0.019297344842925668, 0.01315758703276515, 0.015662155812606215]
3 0.048 [0.01618673698976636, 0.010844108881428838, 0.00698022311553359, 0.0069537649396806955, 0.006913765100762248]
2026-04-21 13:32:43.758123 Sync done -> model run start
2026-04-21 13:32:43.824681 Sync done -> model run start
2026-04-21 13:32:43.906921 Sync done -> model run start
2026-04-21 13:32:43.962683 Sync done -> model run start
1 0.097 [0.03347581112757325, 0.019949008943513036, 0.0151367939542979, 0.01347748120315373, 0.014290808932855725]
0 0.091 [0.027591779828071594, 0.01937984488904476, 0.013544250978156924, 0.013648729072883725, 0.016204341081902385]
2 0.076 [0.030718222027644515, 0.016869649989530444, 0.008704171981662512, 0.010107966838404536, 0.008943701861426234]
3 0.059 [0.019350001122802496, 0.013513209065422416, 0.010217758128419518, 0.008426829939708114, 0.006885328097268939]
2026-04-21 13:32:45.439624 Sync done -> model run start
net_times: [[5.783, 1.371, 3211264, 802816], [3.937, 1.318, 3211264, 802816], [4.174, 1.328, 3211264, 802816], [4.179, 1.334, 3211264, 802816], [4.192, 1.33, 3211264, 802816]]
echo 'race4fun' | sudo -S sh -c 'journalctl --since "2026-04-21 13:32:13.723079" --until "2026-04-21 13:32:45.439624" -k -o short-iso '| grep -i -E 'throttle|throttled|thermal|cpufreq|under-voltage|voltage'
