ALL SYNC
2026-04-21 13:32:22.280691 Sync done -> model run start
2026-04-21 13:32:22.280763 Sync done -> model run start
2026-04-21 13:32:22.280689 Sync done -> model run start
2026-04-21 13:32:22.280912 Sync done -> model run start
2 2.424 [0.8068738479632884, 0.42134118895046413, 0.40293512702919543, 0.39957101782783866, 0.3934749870095402]
0 2.461 [0.8183474219404161, 0.4340830410365015, 0.4068091311492026, 0.4046744459774345, 0.3972274800762534]
3 2.488 [0.8064983279909939, 0.43024164205417037, 0.4537784238345921, 0.4006109640467912, 0.3962511799763888]
2026-04-21 13:32:27.493012 Sync done -> model run start
2026-04-21 13:32:27.498063 Sync done -> model run start
2026-04-21 13:32:27.506488 Sync done -> model run start
2026-04-21 13:32:27.514439 Sync done -> model run start
0 1.975 [0.40896417712792754, 0.3939593068789691, 0.3878239528276026, 0.39211045601405203, 0.39159441483207047]
1 1.981 [0.4124874519184232, 0.3944150349125266, 0.389793740818277, 0.3917586859315634, 0.3922995689790696]
3 1.989 [0.41623551887460053, 0.3957785749807954, 0.3900123869534582, 0.3929749340750277, 0.3940578999463469]
2 2.028 [0.41327953385189176, 0.39488065894693136, 0.4391069880221039, 0.3925484761130065, 0.3882659310474992]
2026-04-21 13:32:33.478200 Sync done -> model run start
2026-04-21 13:32:33.490041 Sync done -> model run start
2026-04-21 13:32:33.517132 Sync done -> model run start
2026-04-21 13:32:33.519839 Sync done -> model run start
0 1.984 [0.4144006751012057, 0.394417115021497, 0.3916145679540932, 0.39255279512144625, 0.39126696391031146]
1 1.99 [0.41463046497665346, 0.3949977911543101, 0.39186649513430893, 0.39269748283550143, 0.39599987189285457]
3 1.974 [0.40662834397517145, 0.3915750370360911, 0.3900544671341777, 0.3904674348887056, 0.3952117490116507]
2 2.03 [0.41314093698747456, 0.39380201208405197, 0.4389195360708982, 0.3923999830149114, 0.39202081714756787]
2026-04-21 13:32:39.542555 Sync done -> model run start
2026-04-21 13:32:39.543302 Sync done -> model run start
2026-04-21 13:32:39.554626 Sync done -> model run start
2026-04-21 13:32:39.566837 Sync done -> model run start
1 1.976 [0.4100817199796438, 0.3938197691459209, 0.3888139969203621, 0.3925759179983288, 0.3904095671605319]
2 1.975 [0.4074573500547558, 0.3940431021619588, 0.39218128216452897, 0.3899705051444471, 0.39148373203352094]
3 1.987 [0.41403994197025895, 0.3948857570067048, 0.3918485741596669, 0.3928976880852133, 0.3928079998586327]
0 2.043 [0.42770257499068975, 0.3938338318839669, 0.4410076020285487, 0.39207753213122487, 0.3877999361138791]
2026-04-21 13:32:45.535916 Sync done -> model run start
2026-04-21 13:32:45.561557 Sync done -> model run start
2026-04-21 13:32:45.567172 Sync done -> model run start
2026-04-21 13:32:45.576025 Sync done -> model run start
0 2.057 [0.4255978870205581, 0.41682738112285733, 0.40673958603292704, 0.4056407860480249, 0.4020021460019052]
3 2.027 [0.419751854846254, 0.4154460809659213, 0.40182147012092173, 0.39599085599184036, 0.3937617971096188]
2 2.048 [0.42229700717143714, 0.4205842490773648, 0.41143775498494506, 0.39607903198339045, 0.39758856082335114]
1 2.113 [0.4496526359580457, 0.4152501451317221, 0.45771001605316997, 0.39609434409067035, 0.39374164096079767]
2026-04-21 13:32:48.151136 Sync done -> model run start
net_times: [[7.872, 0.375, 802816, 401408], [2.094, 0.343, 802816, 401408], [3.395, 0.374, 802816, 401408], [3.399, 0.374, 802816, 401408], [3.366, 0.375, 802816, 401408]]
echo 'race4fun' | sudo -S sh -c 'journalctl --since "2026-04-21 13:32:13.723819" --until "2026-04-21 13:32:48.151136" -k -o short-iso '| grep -i -E 'throttle|throttled|thermal|cpufreq|under-voltage|voltage'
