ALL SYNC
2026-04-21 14:06:42.276025 Sync done -> model run start
2026-04-21 14:06:42.276021 Sync done -> model run start
2026-04-21 14:06:42.276033 Sync done -> model run start
2026-04-21 14:06:42.276020 Sync done -> model run start
1 17.981 [3.6698421789333224, 3.5844569539185613, 3.579634157009423, 3.5592130988370627, 3.58775727590546]
0 18.007 [3.675762652186677, 3.581940932897851, 3.579803009983152, 3.5551625061780214, 3.613983890041709]
2 18.058 [3.685963924974203, 3.601557598914951, 3.5839568311348557, 3.568156986963004, 3.6178437559865415]
3 18.649 [3.8222244509961456, 3.757803591899574, 3.727246159920469, 3.7263045329600573, 3.6155883090104908]
2026-04-21 14:07:04.494355 Sync done -> model run start
2026-04-21 14:07:04.495044 Sync done -> model run start
2026-04-21 14:07:04.513926 Sync done -> model run start
2026-04-21 14:07:04.576063 Sync done -> model run start
3 18.819 [3.6278030620887876, 3.593320344109088, 3.5646631519775838, 4.526768743060529, 3.505954252090305]
0 18.886 [3.6089685240294784, 3.5972426559310406, 3.560542923863977, 4.615024188999087, 3.503887861967087]
1 18.943 [3.615387378958985, 3.5914366610813886, 3.5604381849989295, 4.54168159281835, 3.6337729799561203]
2 19.392 [3.752134940121323, 3.734411882935092, 3.707036245148629, 4.586104579968378, 3.612265028990805]
2026-04-21 14:07:30.214196 Sync done -> model run start
2026-04-21 14:07:30.214190 Sync done -> model run start
2026-04-21 14:07:30.242520 Sync done -> model run start
2026-04-21 14:07:30.268334 Sync done -> model run start
0 17.904 [3.6159520039800555, 3.59316819999367, 3.60349356289953, 3.5396519561763853, 3.5518102198839188]
1 17.905 [3.6189726560842246, 3.5939834020100534, 3.6043371490668505, 3.5386156619060785, 3.5489111801143736]
3 17.916 [3.6285641961731017, 3.5877873059362173, 3.608031600015238, 3.534831993980333, 3.556921897921711]
2 18.517 [3.7741198709700257, 3.7668651670683175, 3.683982724091038, 3.668547769077122, 3.6234795569907874]
2026-04-21 14:07:55.977323 Sync done -> model run start
2026-04-21 14:07:55.991331 Sync done -> model run start
2026-04-21 14:07:56.011082 Sync done -> model run start
2026-04-21 14:07:56.054480 Sync done -> model run start
1 17.748 [3.5278200728353113, 3.5281110850628465, 3.544378638966009, 3.5226052401121706, 3.6248704560566694]
3 17.744 [3.534582155989483, 3.5280710340011865, 3.535041628871113, 3.528235456906259, 3.6183149870485067]
2 18.339 [3.664532233029604, 3.6628228980116546, 3.6563376621343195, 3.6608142170589417, 3.6941608050838113]
0 17.735 [3.5347687690518796, 3.518529076129198, 3.522938701789826, 3.5361061762087047, 3.6227661499287933]
2026-04-21 14:08:24.888444 Sync done -> model run start
2026-04-21 14:08:24.888441 Sync done -> model run start
2026-04-21 14:08:24.907485 Sync done -> model run start
2026-04-21 14:08:24.965350 Sync done -> model run start
0 17.918 [3.6552208438515663, 3.5834199159871787, 3.556741553824395, 3.5603732159361243, 3.5616217718925327]
1 17.918 [3.6471080949995667, 3.5869342640507966, 3.5616732351481915, 3.5644395910203457, 3.5578819571528584]
2 17.938 [3.6693111520726234, 3.5790288569405675, 3.5663630419876426, 3.5583577109500766, 3.564424926880747]
3 18.519 [3.7933439379557967, 3.712634436087683, 3.705333527876064, 3.6860700570978224, 3.6217099560890347]
2026-04-21 14:08:50.720049 Sync done -> model run start
net_times: [[0.0, 2.1, 0, 1210368], [0.0, 4.739, 0, 1210368], [0.0, 5.72, 0, 1210368], [0.0, 9.007, 0, 1210368], [0.0, 7.087, 0, 1210368]]
echo 'race4fun' | sudo -S sh -c 'journalctl --since "2026-04-21 14:06:39.394463" --until "2026-04-21 14:08:50.720049" -k -o short-iso '| grep -i -E 'throttle|throttled|thermal|cpufreq|under-voltage|voltage'
