ALL SYNC
2026-04-21 14:09:49.703447 Sync done -> model run start
2026-04-21 14:09:49.703447 Sync done -> model run start
2026-04-21 14:09:49.703447 Sync done -> model run start
2026-04-21 14:09:49.730462 Sync done -> model run start
1 10.391 [2.163978563854471, 2.0947992198634893, 2.0398352979682386, 2.060385267948732, 2.0315254901070148]
3 10.391 [2.163978877943009, 2.0949603668414056, 2.0396786821074784, 2.0603852160274982, 2.0315253341104835]
0 10.472 [2.180338222067803, 2.1061580919194967, 2.0536502359900624, 2.0771070609334856, 2.0550114680081606]
2 10.781 [2.2619893189985305, 2.1526051501277834, 2.1566123289521784, 2.1386696379631758, 2.0709284469485283]
2026-04-21 14:10:03.527532 Sync done -> model run start
2026-04-21 14:10:03.527532 Sync done -> model run start
2026-04-21 14:10:03.555021 Sync done -> model run start
2026-04-21 14:10:03.555154 Sync done -> model run start
0 10.166 [2.096981822978705, 2.0847644100431353, 2.0240731581579894, 1.9850393268279731, 1.9752674729097635]
1 10.222 [2.096970000071451, 2.087331207934767, 2.029438787139952, 1.9973658099770546, 2.0108685200102627]
2 10.223 [2.116309318225831, 2.093508563004434, 2.0292491470463574, 1.9895185900386423, 1.9945262130349874]
3 10.55 [2.211909341160208, 2.168452630052343, 2.0858393679372966, 2.048083721892908, 2.0357889200095087]
2026-04-21 14:10:18.813470 Sync done -> model run start
2026-04-21 14:10:18.814024 Sync done -> model run start
2026-04-21 14:10:18.842563 Sync done -> model run start
2026-04-21 14:10:18.885972 Sync done -> model run start
1 10.255 [2.0868721189908683, 2.0764779618475586, 2.0400238540023565, 2.034529959084466, 2.0165288569405675]
0 10.242 [2.0864458638243377, 2.074290960095823, 2.042202833807096, 2.0280261950101703, 2.0103664519265294]
2 10.311 [2.101452163886279, 2.069143404951319, 2.057704968145117, 2.036373829934746, 2.0460983710363507]
3 10.59 [2.1905857829842716, 2.117347900988534, 2.144175578141585, 2.096074318047613, 2.0417223770637065]
2026-04-21 14:10:35.656444 Sync done -> model run start
2026-04-21 14:10:35.657554 Sync done -> model run start
2026-04-21 14:10:35.676970 Sync done -> model run start
2026-04-21 14:10:35.728469 Sync done -> model run start
0 10.286 [2.0815837238915265, 2.081215140875429, 2.0393521410878748, 2.0467374408617616, 2.036958719138056]
1 10.289 [2.0826497240923345, 2.0812151939608157, 2.0400585550814867, 2.0460336320102215, 2.038656183052808]
2 10.322 [2.1017019429709762, 2.0788481368217617, 2.038328327005729, 2.046644002199173, 2.056059527909383]
3 10.599 [2.1328382391948253, 2.1617270749993622, 2.144835978979245, 2.1236144269350916, 2.0353630101308227]
2026-04-21 14:10:50.756080 Sync done -> model run start
2026-04-21 14:10:50.756492 Sync done -> model run start
2026-04-21 14:10:50.772073 Sync done -> model run start
2026-04-21 14:10:50.772073 Sync done -> model run start
1 10.936 [2.8595421540085226, 2.09531694999896, 1.9882318349555135, 1.9949954140465707, 1.997687391936779]
3 10.962 [2.8882821158040315, 2.0934962020255625, 1.9786833049729466, 1.993050497956574, 2.0086823909077793]
2 11.091 [2.9817416060250252, 2.1488257891032845, 1.9822415630333126, 1.98096907697618, 1.9967788881622255]
0 11.238 [2.928270936012268, 2.13331626704894, 2.068121755030006, 2.0973410098813474, 2.0111967250704765]
2026-04-21 14:11:05.153000 Sync done -> model run start
net_times: [[0.0, 2.111, 0, 1210368], [0.0, 3.812, 0, 1210368], [0.0, 5.254, 0, 1210368], [0.0, 3.512, 0, 1210368], [0.0, 3.035, 0, 1210368]]
echo 'race4fun' | sudo -S sh -c 'journalctl --since "2026-04-21 14:09:47.933659" --until "2026-04-21 14:11:05.153000" -k -o short-iso '| grep -i -E 'throttle|throttled|thermal|cpufreq|under-voltage|voltage'
