ALL SYNC
2026-04-21 14:10:43.204693 Sync done -> model run start
2026-04-21 14:10:43.204693 Sync done -> model run start
2026-04-21 14:10:43.204693 Sync done -> model run start
2026-04-21 14:10:43.205007 Sync done -> model run start
3 0.038 [0.02913581090979278, 0.0021123311016708612, 0.002182643162086606, 0.0020368618424981833, 0.0020035819616168737]
2 0.038 [0.02938799699768424, 0.00209957011975348, 0.002283320063725114, 0.0019516551401466131, 0.002003842033445835]
1 0.038 [0.029387579998001456, 0.0021021750289946795, 0.002438005991280079, 0.0017980101983994246, 0.002037852071225643]
0 0.038 [0.029387789079919457, 0.0021019140258431435, 0.002461235038936138, 0.001774884993210435, 0.0024431098718196154]
2026-04-21 14:10:56.195438 Sync done -> model run start
2026-04-21 14:10:56.200649 Sync done -> model run start
2026-04-21 14:10:56.212143 Sync done -> model run start
2026-04-21 14:10:56.223650 Sync done -> model run start
0 0.016 [0.007125009084120393, 0.0018968109507113695, 0.0019047800451517105, 0.00239269295707345, 0.0026583699509501457]
1 0.016 [0.0067247499246150255, 0.0030559180304408073, 0.0020802479702979326, 0.0020296748261898756, 0.0020385810639709234]
2 0.013 [0.006510897073894739, 0.0019050920382142067, 0.0014465020503848791, 0.0011785868555307388, 0.0014164501335471869]
3 0.009 [0.004454556154087186, 0.0012996268924325705, 0.001037962967529893, 0.001039734110236168, 0.0010632751509547234]
2026-04-21 14:11:10.977386 Sync done -> model run start
2026-04-21 14:11:10.984348 Sync done -> model run start
2026-04-21 14:11:10.995956 Sync done -> model run start
2026-04-21 14:11:11.003746 Sync done -> model run start
0 0.013 [0.006031265016645193, 0.001550719840452075, 0.0016280109994113445, 0.0016932711005210876, 0.0017445199191570282]
1 0.013 [0.005826110020279884, 0.002268215175718069, 0.0021056639961898327, 0.0014083250425755978, 0.001596188172698021]
2 0.009 [0.0047209609765559435, 0.0013562939129769802, 0.0009641610085964203, 0.0009656711481511593, 0.0011645769700407982]
3 0.007 [0.003621174953877926, 0.000925359083339572, 0.0008111409842967987, 0.0007532250601798296, 0.0007529649883508682]
2026-04-21 14:11:27.688430 Sync done -> model run start
2026-04-21 14:11:27.699050 Sync done -> model run start
2026-04-21 14:11:27.708096 Sync done -> model run start
2026-04-21 14:11:27.708096 Sync done -> model run start
0 0.014 [0.004928146954625845, 0.002444932935759425, 0.0024336311034858227, 0.001330929808318615, 0.0026927958242595196]
2 0.014 [0.006743449019268155, 0.0015981670003384352, 0.001315305009484291, 0.002820504130795598, 0.001485720044001937]
3 0.01 [0.004904136992990971, 0.0013064511585980654, 0.001323428936302662, 0.0012896799016743898, 0.0010690039489418268]
1 0.011 [0.005896683083847165, 0.001694000093266368, 0.0016751459334045649, 0.0009329630993306637, 0.0009461401496082544]
2026-04-21 14:11:41.681934 Sync done -> model run start
2026-04-21 14:11:41.685538 Sync done -> model run start
2026-04-21 14:11:41.705153 Sync done -> model run start
2026-04-21 14:11:41.710912 Sync done -> model run start
0 0.015 [0.006782354088500142, 0.0019575399346649647, 0.0016392599791288376, 0.0019997269846498966, 0.002019414911046624]
1 0.016 [0.006843343144282699, 0.0020515499636530876, 0.001973685109987855, 0.002229725942015648, 0.0024466521572321653]
2 0.008 [0.003978049149736762, 0.0009959840681403875, 0.0009423380251973867, 0.001006243983283639, 0.0010585349518805742]
3 0.007 [0.0035088849253952503, 0.0012109819799661636, 0.0008045269642025232, 0.0008362969383597374, 0.0007482769433408976]
2026-04-21 14:11:41.787668 Sync done -> model run start
net_times: [[53.773, 0.0, 605184, 0], [12.754, 0.0, 605184, 0], [14.573, 0.0, 605184, 0], [16.49, 0.0, 605184, 0], [13.766, 0.0, 605184, 0]]
echo 'race4fun' | sudo -S sh -c 'journalctl --since "2026-04-21 14:09:48.942638" --until "2026-04-21 14:11:41.787668" -k -o short-iso '| grep -i -E 'throttle|throttled|thermal|cpufreq|under-voltage|voltage'
