ALL SYNC
2026-04-21 14:07:05.905004 Sync done -> model run start
2026-04-21 14:07:05.905081 Sync done -> model run start
2026-04-21 14:07:05.905080 Sync done -> model run start
2026-04-21 14:07:05.905004 Sync done -> model run start
1 22.115 [5.16293296799995, 3.558194079902023, 3.4273560389410704, 5.126651840982959, 4.839509957935661]
2 22.231 [5.271057337988168, 3.526246689958498, 3.4405596400611103, 5.117367758182809, 4.8747319739777595]
0 22.377 [5.310491838026792, 3.6782112738583237, 3.639711406081915, 5.10172817716375, 4.646865617018193]
3 22.778 [5.423148171976209, 3.641030881088227, 3.932051812997088, 5.0195238220039755, 4.762525221798569]
2026-04-21 14:07:30.156788 Sync done -> model run start
2026-04-21 14:07:30.172921 Sync done -> model run start
2026-04-21 14:07:30.179935 Sync done -> model run start
2026-04-21 14:07:30.251858 Sync done -> model run start
1 23.63 [6.207214759895578, 4.401515465928242, 4.327801134902984, 4.3303729488980025, 4.3632849720306695]
3 23.64 [6.259631194872782, 4.35120162810199, 4.341338953003287, 4.386656454997137, 4.300694091944024]
0 24.216 [6.278029309120029, 4.369045109022409, 4.464009991846979, 4.482396804029122, 4.622599449008703]
2 24.316 [6.4513537681195885, 4.496515870792791, 4.501691790064797, 4.91091981693171, 3.954939857823774]
2026-04-21 14:07:55.969329 Sync done -> model run start
2026-04-21 14:07:55.973634 Sync done -> model run start
2026-04-21 14:07:55.995614 Sync done -> model run start
2026-04-21 14:07:56.021879 Sync done -> model run start
0 26.567 [5.931050286162645, 5.431473297066987, 6.151189116062596, 5.562631961889565, 3.4899719159584492]
1 26.621 [5.9131669618655, 5.443489505909383, 6.1510035949759185, 5.603090990101919, 3.5104280449450016]
3 26.94 [6.1015709531493485, 5.309695640113205, 6.131071423878893, 5.80218358989805, 3.595282909926027]
2 27.338 [6.457033017883077, 5.500907745910808, 6.513204647926614, 5.326905008172616, 3.5401047659106553]
2026-04-21 14:08:24.856875 Sync done -> model run start
2026-04-21 14:08:24.889596 Sync done -> model run start
2026-04-21 14:08:24.897498 Sync done -> model run start
2026-04-21 14:08:24.897498 Sync done -> model run start
2 24.41 [5.137319979025051, 3.517972705187276, 4.640080170007423, 5.543858119053766, 5.570095528848469]
1 24.371 [5.130894845118746, 3.5119550169911236, 4.5145710681099445, 5.496327240020037, 5.717206849018112]
3 25.197 [5.3397318387869745, 3.5854323708917946, 4.991907820105553, 5.630710635101423, 5.6486569789703935]
0 25.66 [5.1885968351271, 3.644670606125146, 5.194592908024788, 5.942447745008394, 5.6891190281603485]
2026-04-21 14:08:52.058490 Sync done -> model run start
2026-04-21 14:08:52.100311 Sync done -> model run start
2026-04-21 14:08:52.116770 Sync done -> model run start
2026-04-21 14:08:52.148545 Sync done -> model run start
1 28.872 [5.82631944399327, 4.853665686910972, 5.986733322031796, 5.735879127169028, 6.4688298490364105]
2 28.826 [5.834509728942066, 4.858558379113674, 6.0087407471146435, 5.686152632115409, 6.4374326129909605]
3 28.838 [5.929968047887087, 4.764714480843395, 5.9941119940485805, 5.7232334420550615, 6.425315207103267]
0 29.453 [6.164483495987952, 4.786759823095053, 6.669461038894951, 5.846267864108086, 5.986143114976585]
2026-04-21 14:09:21.710138 Sync done -> model run start
net_times: [[22.696, 0.0, 1210368, 0], [0.003, 0.0, 1210368, 0], [0.003, 0.0, 1210368, 0], [0.003, 0.0, 1210368, 0], [0.002, 0.0, 1210368, 0]]
echo 'race4fun' | sudo -S sh -c 'journalctl --since "2026-04-21 14:06:40.415157" --until "2026-04-21 14:09:21.710138" -k -o short-iso '| grep -i -E 'throttle|throttled|thermal|cpufreq|under-voltage|voltage'
