ALL SYNC
2026-04-21 14:10:19.996436 Sync done -> model run start
2026-04-21 14:10:19.996436 Sync done -> model run start
2026-04-21 14:10:19.996436 Sync done -> model run start
2026-04-21 14:10:19.996438 Sync done -> model run start
1 11.846 [2.4384030839428306, 2.3568663320038468, 2.3114426869433373, 2.3213101029396057, 2.4174947801511735]
0 12.067 [2.446521753910929, 2.360136684961617, 2.318719640839845, 2.336817029863596, 2.604321127058938]
3 11.88 [2.430556026985869, 2.3600485080387443, 2.3116064879577607, 2.3213549989741296, 2.4558811609167606]
2 12.533 [2.558111167047173, 2.4632025859318674, 2.3969188551418483, 2.4075046041980386, 2.707275361986831]
2026-04-21 14:10:35.678642 Sync done -> model run start
2026-04-21 14:10:35.688319 Sync done -> model run start
2026-04-21 14:10:35.699392 Sync done -> model run start
2026-04-21 14:10:35.716326 Sync done -> model run start
0 11.676 [2.330062479013577, 2.334016062086448, 2.302606536075473, 2.3432702550198883, 2.3654376310296357]
3 11.706 [2.3350478280335665, 2.340167135000229, 2.295349008170888, 2.3426154139451683, 2.392949048196897]
1 11.865 [2.3314314850140363, 2.3338802300859243, 2.2970380128826946, 2.338058449095115, 2.5641337300185114]
2 12.124 [2.4241456498857588, 2.4261005949229, 2.3937442479655147, 2.429998503997922, 2.450064062839374]
2026-04-21 14:10:50.787827 Sync done -> model run start
2026-04-21 14:10:50.809832 Sync done -> model run start
2026-04-21 14:10:50.830267 Sync done -> model run start
2026-04-21 14:10:50.835165 Sync done -> model run start
1 11.563 [2.3467498349491507, 2.321172059047967, 2.2766691399738193, 2.2950822561979294, 2.3232659669592977]
2 11.587 [2.341353760100901, 2.3193226389121264, 2.2846608308609575, 2.296934022102505, 2.3445570929907262]
3 11.763 [2.3553028798196465, 2.323386323871091, 2.2825069851242006, 2.2931258569005877, 2.5082472178619355]
0 12.004 [2.4337436559144408, 2.401367101119831, 2.371575747150928, 2.3805815000087023, 2.4166118500288576]
2026-04-21 14:11:05.974091 Sync done -> model run start
2026-04-21 14:11:05.986517 Sync done -> model run start
2026-04-21 14:11:06.000043 Sync done -> model run start
2026-04-21 14:11:06.009018 Sync done -> model run start
0 11.525 [2.330401730025187, 2.3251819061115384, 2.279210500884801, 2.2879001619294286, 2.3023131880909204]
2 11.59 [2.3314565180335194, 2.326976847834885, 2.2848385549150407, 2.297067994950339, 2.3489653230644763]
3 11.575 [2.3396181571297348, 2.3330704742111266, 2.284034026786685, 2.2950049289502203, 2.3229304631240666]
1 12.054 [2.4188037239946425, 2.4155235290527344, 2.3762474660761654, 2.3769570488948375, 2.4657661290839314]
2026-04-21 14:11:21.142781 Sync done -> model run start
2026-04-21 14:11:21.186893 Sync done -> model run start
2026-04-21 14:11:21.197432 Sync done -> model run start
2026-04-21 14:11:21.197432 Sync done -> model run start
0 11.811 [2.4245437730569392, 2.377844609087333, 2.3320311720017344, 2.339156723814085, 2.3373815240338445]
3 11.793 [2.4051218070089817, 2.3782534110359848, 2.3434311859309673, 2.322258915985003, 2.344006605912]
2 11.804 [2.420667848084122, 2.3794619471300393, 2.3504213190171868, 2.313112332019955, 2.339745057048276]
1 12.174 [2.482257901923731, 2.4649786399677396, 2.429874855093658, 2.3986782950814813, 2.3977226230781525]
2026-04-21 14:11:35.593980 Sync done -> model run start
net_times: [[29.012, 2.105, 1210368, 1210368], [0.002, 1.917, 1210368, 1210368], [0.002, 2.087, 1210368, 1210368], [0.002, 2.078, 1210368, 1210368], [0.002, 2.099, 1210368, 1210368]]
echo 'race4fun' | sudo -S sh -c 'journalctl --since "2026-04-21 14:09:48.941301" --until "2026-04-21 14:11:35.593980" -k -o short-iso '| grep -i -E 'throttle|throttled|thermal|cpufreq|under-voltage|voltage'
