ALL SYNC
2026-04-21 14:10:04.591862 Sync done -> model run start
2026-04-21 14:10:04.591866 Sync done -> model run start
2026-04-21 14:10:04.591862 Sync done -> model run start
2026-04-21 14:10:04.643482 Sync done -> model run start
2 10.758 [2.2435555912088603, 2.1754880431108177, 2.0821369371842593, 2.1066485811024904, 2.1500587791670114]
3 10.816 [2.2515123011544347, 2.170746674062684, 2.0887248038779944, 2.113021448953077, 2.191844346933067]
1 11.135 [2.3075808859430254, 2.2183733959682286, 2.172457657987252, 2.1842702839057893, 2.2523254519328475]
0 10.884 [2.243021741975099, 2.166387072065845, 2.0760874000843614, 2.090059801004827, 2.3077660710550845]
2026-04-21 14:10:18.871088 Sync done -> model run start
2026-04-21 14:10:18.887456 Sync done -> model run start
2026-04-21 14:10:18.904181 Sync done -> model run start
2026-04-21 14:10:18.912088 Sync done -> model run start
1 10.412 [2.0975379459559917, 2.0957624982111156, 2.064304409082979, 2.062737551983446, 2.0918826509732753]
0 10.403 [2.0950934861321002, 2.101972814882174, 2.0616806268226355, 2.0566844209097326, 2.0870013327803463]
3 10.433 [2.096778627950698, 2.1058782539330423, 2.0671921481844038, 2.0613299577962607, 2.1013453390914947]
2 10.802 [2.182285324204713, 2.1956486159469932, 2.1511191169265658, 2.1513819340616465, 2.1208583700936288]
2026-04-21 14:10:35.664565 Sync done -> model run start
2026-04-21 14:10:35.679148 Sync done -> model run start
2026-04-21 14:10:35.691771 Sync done -> model run start
2026-04-21 14:10:35.719317 Sync done -> model run start
0 10.363 [2.09660581802018, 2.0908207120373845, 2.056278167059645, 2.0553512529004365, 2.06359531218186]
1 10.388 [2.101307762088254, 2.0964069720357656, 2.065060184104368, 2.0594230969436467, 2.06548149487935]
3 10.385 [2.102382128825411, 2.093324912013486, 2.0647925820667297, 2.0569454070646316, 2.067094346974045]
2 10.743 [2.1858146227896214, 2.1770966751500964, 2.1498849079944193, 2.104003543034196, 2.126275309128687]
2026-04-21 14:10:50.750905 Sync done -> model run start
2026-04-21 14:10:50.768611 Sync done -> model run start
2026-04-21 14:10:50.808728 Sync done -> model run start
2026-04-21 14:10:50.834890 Sync done -> model run start
0 10.382 [2.1053367878776044, 2.1018126541748643, 2.062698110938072, 2.0538621419109404, 2.0584147179033607]
1 10.405 [2.0998452671337873, 2.1048277870286256, 2.0632495651952922, 2.0628169188275933, 2.0741258491761982]
3 10.414 [2.101518171140924, 2.111966743832454, 2.0643956509884447, 2.058888406958431, 2.0774870219174773]
2 10.732 [2.1533385619986802, 2.178196922875941, 2.1553282991517335, 2.1385165059473366, 2.1063559730537236]
2026-04-21 14:11:05.978901 Sync done -> model run start
2026-04-21 14:11:05.999377 Sync done -> model run start
2026-04-21 14:11:06.013305 Sync done -> model run start
2026-04-21 14:11:06.025678 Sync done -> model run start
0 10.648 [2.1911494699306786, 2.105569024803117, 2.0895252970512956, 2.1285932390019298, 2.1331324819475412]
3 10.657 [2.157254360150546, 2.1194842860568315, 2.098844549851492, 2.163616362027824, 2.117616764968261]
1 10.946 [2.2421555970795453, 2.2231759540736675, 2.1683935599867254, 2.1580723421648145, 2.15430133510381]
2026-04-21 14:11:20.300431 Sync done -> model run start
net_times: [[13.756, 2.081, 1210368, 1210368], [0.002, 4.959, 1210368, 1210368], [0.002, 3.345, 1210368, 1210368], [0.002, 3.417, 1210368, 1210368], [0.002, 3.218, 1210368, 1210368]]
echo 'race4fun' | sudo -S sh -c 'journalctl --since "2026-04-21 14:09:48.937711" --until "2026-04-21 14:11:20.300431" -k -o short-iso '| grep -i -E 'throttle|throttled|thermal|cpufreq|under-voltage|voltage'
