ALL SYNC
2026-04-21 14:10:35.593523 Sync done -> model run start
2026-04-21 14:10:35.593523 Sync done -> model run start
2026-04-21 14:10:35.593529 Sync done -> model run start
2026-04-21 14:10:35.593524 Sync done -> model run start
0 5.573 [1.1636528940871358, 1.1839970431756228, 0.964610761962831, 1.2018415131606162, 1.0582215359900147]
1 5.602 [1.1422291651833802, 1.2153876649681479, 0.975097392918542, 1.2023391670081764, 1.0662894768174738]
3 5.701 [1.160278894007206, 1.243026684038341, 1.0291175730526447, 1.1646614829078317, 1.1034076309297234]
2 5.933 [1.2101334119215608, 1.2460706850979477, 1.1427909340709448, 1.113337337039411, 1.2205047311726958]
2026-04-21 14:10:50.165903 Sync done -> model run start
2026-04-21 14:10:50.174430 Sync done -> model run start
2026-04-21 14:10:50.185022 Sync done -> model run start
2026-04-21 14:10:50.197692 Sync done -> model run start
2 4.696 [0.6110413991846144, 0.9861878762021661, 0.9022263921797276, 1.1189297649543732, 1.0777549061458558]
3 4.76 [0.6111747839022428, 1.0046661449596286, 0.8836809869389981, 1.290525740943849, 0.9696142859756947]
1 4.667 [0.6088128651026636, 0.9797663351055235, 0.9103025619406253, 1.0485165680292994, 1.1197423140984029]
0 4.81 [0.607315578032285, 1.055070088012144, 0.9006486900616437, 1.2038562449160963, 1.0433397630695254]
2026-04-21 14:11:05.338787 Sync done -> model run start
2026-04-21 14:11:05.352039 Sync done -> model run start
2026-04-21 14:11:05.362566 Sync done -> model run start
2026-04-21 14:11:05.380193 Sync done -> model run start
1 4.211 [0.6082317209802568, 0.6038336111232638, 1.225784347159788, 0.7838159641250968, 0.9888795330189168]
2 4.221 [0.614579354878515, 0.609736924059689, 1.0723323731217533, 0.8914389810524881, 1.0321839679963887]
0 4.022 [0.6023337200749665, 0.6131794638931751, 1.0329805281944573, 0.894769802922383, 0.8781815271358937]
3 4.254 [0.6663180331233889, 0.58922168193385, 1.2054416050668806, 0.7598800559062511, 1.0330126120243222]
2026-04-21 14:11:20.541380 Sync done -> model run start
2026-04-21 14:11:20.557359 Sync done -> model run start
2026-04-21 14:11:20.574524 Sync done -> model run start
2026-04-21 14:11:20.576517 Sync done -> model run start
2 5.543 [1.118478517048061, 1.1453771740198135, 0.9176667558494955, 1.2095814859494567, 1.1516180380713195]
1 5.603 [1.1960876260418445, 1.1050155409611762, 0.9516787750180811, 1.203290726058185, 1.1464574311394244]
3 5.605 [1.1941156529355794, 1.0848552461247891, 0.9643455541227013, 1.2021340110804886, 1.1594612929038703]
0 5.871 [1.2342796828597784, 1.1056259570177644, 1.0298127261921763, 1.220634781057015, 1.280296556884423]
2026-04-21 14:11:35.880784 Sync done -> model run start
2026-04-21 14:11:35.897743 Sync done -> model run start
2026-04-21 14:11:35.911429 Sync done -> model run start
2026-04-21 14:11:35.927171 Sync done -> model run start
0 4.112 [0.6077241180464625, 0.5921851091552526, 0.9940781609620899, 0.8565169130451977, 1.0614541799295694]
2 4.149 [0.6059364678803831, 0.5935815100092441, 1.028394970111549, 0.821099951164797, 1.0994641028810292]
1 4.372 [0.6212780820205808, 0.6031514250207692, 1.036269631003961, 0.8120377939194441, 1.2992016999050975]
3 4.456 [0.6482486668974161, 0.5969935830216855, 1.1399487040471286, 0.7802463402040303, 1.2903095949441195]
2026-04-21 14:11:41.604794 Sync done -> model run start
net_times: [[45.77, 1.089, 1210368, 605184], [7.069, 1.049, 1210368, 605184], [8.894, 1.156, 1210368, 605184], [9.308, 1.05, 1210368, 605184], [7.929, 1.114, 1210368, 605184]]
echo 'race4fun' | sudo -S sh -c 'journalctl --since "2026-04-21 14:09:48.942326" --until "2026-04-21 14:11:41.604794" -k -o short-iso '| grep -i -E 'throttle|throttled|thermal|cpufreq|under-voltage|voltage'
