Code start -> moving to subprocess
[Gloo] Rank 2 is connected to 3 peer ranks. Expected number of connected peer ranks is : 3
Model resnet18 and split children
10 ['conv1', 'bn1', 'relu', 'maxpool', 'layer1']
[3, 3, 2, 2]
{'relu': <SplitPoint.END: 2>, 'layer2': <SplitPoint.END: 2>, 'layer4': <SplitPoint.END: 2>, 'fc': <SplitPoint.END: 2>}
4
2026-04-07 06:08:41.962639 Split done -> model sync start
2026-04-07 06:09:16.005046 Sync done -> model run start
2026-04-07 06:09:52.166876 Sync done -> model run start
2026-04-07 06:10:28.321453 Sync done -> model run start
2026-04-07 06:11:04.680335 Sync done -> model run start
2026-04-07 06:11:41.100649 Sync done -> model run start
2026-04-07 06:12:17.781793 Sync done -> model run start
2026-04-07 06:12:54.212812 Sync done -> model run start
2026-04-07 06:13:30.672088 Sync done -> model run start
2026-04-07 06:14:07.254719 Sync done -> model run start
2026-04-07 06:14:43.682916 Sync done -> model run start
2026-04-07 06:15:19.949872 Sync done -> model run start
2026-04-07 06:15:56.073831 Sync done -> model run start
2026-04-07 06:16:32.096114 Sync done -> model run start
2026-04-07 06:17:08.794046 Sync done -> model run start
2026-04-07 06:17:45.078380 Sync done -> model run start
2026-04-07 06:18:21.383849 Sync done -> model run start
2026-04-07 06:18:58.146719 Sync done -> model run start
2026-04-07 06:19:34.542901 Sync done -> model run start
2026-04-07 06:20:10.972935 Sync done -> model run start
2026-04-07 06:20:47.297914 Sync done -> model run start
2026-04-07 06:21:23.460086 Sync done -> model run start
2026-04-07 06:22:00.105186 Sync done -> model run start
2026-04-07 06:22:36.167729 Sync done -> model run start
2026-04-07 06:23:12.741195 Sync done -> model run start
2026-04-07 06:23:48.973749 Sync done -> model run start
2026-04-07 06:24:25.735472 Sync done -> model run start
2026-04-07 06:25:02.068839 Sync done -> model run start
2026-04-07 06:25:38.161119 Sync done -> model run start
2026-04-07 06:26:14.495929 Sync done -> model run start
2026-04-07 06:26:50.843671 Sync done -> model run start
2026-04-07 06:27:27.428838 Sync done -> model run start
rank 2 FLOP count: 3288334336 and full time*10**9 s/op: 0.1935
Time taken by rank:2 in total(avg): 6.3629s Batch time sets raw:[[0.5027, 0.5027, 1.009, 1.009, 0.7244, 0.7244, 0.8903, 0.8903, 0.4378, 0.4378], [0.4185, 0.4185, 0.5294, 0.5294, 0.7811, 0.7811, 1.0582, 1.0582, 0.7551, 0.7551], [0.4944, 0.4944, 0.4633, 0.4633, 1.0769, 1.0769, 0.7614, 0.7614, 0.838, 0.838], [0.4682, 0.4682, 1.0445, 1.0445, 0.5493, 0.5493, 0.4664, 0.4664, 0.7281, 0.7281], [0.5028, 0.5028, 0.6777, 0.6777, 0.8903, 0.8903, 0.5062, 0.5062, 0.7514, 0.7514], [0.8107, 0.8107, 0.6226, 0.6226, 0.5786, 0.5786, 0.6967, 0.6967, 0.8912, 0.8912], [0.6889, 0.6889, 0.9107, 0.9107, 0.4579, 0.4579, 0.9011, 0.9011, 0.5756, 0.5756], [0.4972, 0.4972, 1.0125, 1.0125, 0.4501, 0.4501, 0.4045, 0.4045, 0.3931, 0.3931], [0.524, 0.524, 0.678, 0.678, 0.4323, 0.4323, 0.7694, 0.7694, 0.3955, 0.3955], [0.5873, 0.5873, 0.8219, 0.8219, 0.4768, 0.4768, 0.3976, 0.3976, 0.4264, 0.4264], [0.4706, 0.4706, 0.4798, 0.4798, 1.0291, 1.0291, 0.4526, 0.4526, 0.8429, 0.8429], [0.4885, 0.4885, 0.8566, 0.8566, 0.4451, 0.4451, 0.9271, 0.9271, 0.5265, 0.5265], [0.5148, 0.5148, 0.9668, 0.9668, 0.5348, 0.5348, 0.909, 0.909, 0.596, 0.596], [0.4622, 0.4622, 0.4229, 0.4229, 0.5829, 0.5829, 0.972, 0.972, 0.839, 0.839], [0.53, 0.53, 1.0276, 1.0276, 0.452, 0.452, 0.4669, 0.4669, 0.469, 0.469], [0.4241, 0.4241, 0.9583, 0.9583, 0.4137, 0.4137, 0.8157, 0.8157, 0.4572, 0.4572], [0.4779, 0.4779, 0.6208, 0.6208, 0.9036, 0.9036, 0.462, 0.462, 0.433, 0.433], [0.4366, 0.4366, 0.5278, 0.5278, 0.9048, 0.9048, 0.5942, 0.5942, 0.4455, 0.4455], [0.6105, 0.6105, 0.9352, 0.9352, 0.4305, 0.4305, 0.8037, 0.8037, 0.7868, 0.7868], [0.6354, 0.6354, 0.7092, 0.7092, 0.9201, 0.9201, 0.6598, 0.6598, 0.4059, 0.4059], [0.4313, 0.4313, 1.0103, 1.0103, 0.8242, 0.8242, 0.5837, 0.5837, 0.7949, 0.7949], [0.4199, 0.4199, 0.3964, 0.3964, 0.4465, 0.4465, 0.8327, 0.8327, 0.3921, 0.3921], [0.4464, 0.4464, 0.3907, 0.3907, 0.4321, 0.4321, 0.5964, 0.5964, 1.0636, 1.0636], [0.4431, 0.4431, 0.6924, 0.6924, 0.5262, 0.5262, 0.7516, 0.7516, 0.3938, 0.3938], [0.4433, 0.4433, 0.8202, 0.8202, 0.4599, 0.4599, 0.8192, 0.8192, 0.5002, 0.5002], [0.4895, 0.4895, 0.8462, 0.8462, 0.6037, 0.6037, 0.88, 0.88, 0.5387, 0.5387], [0.6268, 0.6268, 0.9064, 0.9064, 0.4811, 0.4811, 0.4172, 0.4172, 0.5805, 0.5805], [0.4413, 0.4413, 0.8615, 0.8615, 0.5292, 0.5292, 0.6551, 0.6551, 0.7319, 0.7319], [0.4636, 0.4636, 0.4235, 0.4235, 1.0195, 1.0195, 0.5422, 0.5422, 0.8353, 0.8353]] Network sets raw:[[1.3616, 0, 0.5602, 0, 0.1487, 0, 0.3963, 0, 0.2638, 0.0021], [1.381, 0, 0.6665, 0, 0.5504, 0, 0.1775, 0, 0.0394, 0.0022], [1.3871, 0, 0.6966, 0, 0.7053, 0, 0.0382, 0, 0.1743, 0.0012], [1.2277, 0, 0.7666, 0, 0.0385, 0, 0.4415, 0, 0.6536, 0.0012], [1.2287, 0, 0.746, 0, 0.3925, 0, 0.1362, 0, 0.5853, 0.0015], [1.2269, 0, 0.4523, 0, 0.4835, 0, 0.4258, 0, 0.3327, 0.0022], [1.1986, 0, 0.5959, 0, 0.2056, 0, 0.6527, 0, 0.1943, 0.0014], [1.2142, 0, 0.7139, 0, 0.1564, 0, 0.6431, 0, 0.7403, 0.0012], [1.1724, 0, 0.7115, 0, 0.4621, 0, 0.5931, 0, 0.3413, 0.0012], [1.1966, 0, 0.646, 0, 0.2034, 0, 0.6162, 0, 0.6062, 0.0012], [1.2603, 0, 0.8752, 0, 0.6368, 0, 0.0391, 0, 0.5459, 0.0025], [1.202, 0, 0.7548, 0, 0.2597, 0, 0.6909, 0, 0.0866, 0.0014], [1.2849, 0, 0.679, 0, 0.0738, 0, 0.5394, 0, 0.1617, 0.0012], [1.3214, 0, 0.7538, 0, 0.6827, 0, 0.548, 0, 0.1139, 0.0021], [1.4665, 0, 0.499, 0, 0.1015, 0, 0.7034, 0, 0.6357, 0.0015], [1.4446, 0, 0.6496, 0, 0.1994, 0, 0.7398, 0, 0.283, 0.0013], [1.4227, 0, 0.695, 0, 0.4146, 0, 0.242, 0, 0.6124, 0.0013], [1.3853, 0, 0.656, 0, 0.5847, 0, 0.1412, 0, 0.4449, 0.0012], [1.3603, 0, 0.5503, 0, 0.1821, 0, 0.7107, 0, 0.1969, 0.0021], [1.236, 0, 0.5084, 0, 0.471, 0, 0.1008, 0, 0.3767, 0.0012], [1.458, 0, 0.6448, 0, 0.0627, 0, 0.1994, 0, 0.4998, 0.002], [1.3615, 0, 0.7903, 0, 0.764, 0, 0.5655, 0, 0.2203, 0.0014], [1.1579, 0, 0.6808, 0, 0.7898, 0, 0.6668, 0, 0.4765, 0.002], [1.2379, 0, 0.9148, 0, 0.459, 0, 0.6294, 0, 0.2409, 0.0013], [1.1486, 0, 0.84, 0, 0.1334, 0, 0.6378, 0, 0.2275, 0.0026], [1.2859, 0, 0.7961, 0, 0.2694, 0, 0.4089, 0, 0.1678, 0.0013], [1.244, 0, 0.6165, 0, 0.143, 0, 0.5892, 0, 0.677, 0.003], [1.3399, 0, 0.8397, 0, 0.1621, 0, 0.5569, 0, 0.418, 0.0012], [1.2531, 0, 0.7937, 0, 0.6894, 0, 0.0384, 0, 0.4248, 0.0022]] bytes sent:[[200704], [200704], [200704], [200704], [200704]] bytes recv:802816 on avg per image: 0.6363s with std: 0.0197s network time: 0.3160s and network std: 0.4223s network time per img: 0.0316 compute time: 0.6047s compute/network ratio: 1.9135 and throughput 1.5716 img/s
