Code start -> moving to subprocess
[Gloo] Rank 1 is connected to 3 peer ranks. Expected number of connected peer ranks is : 3
Model resnet18 and split children
10 ['conv1', 'bn1', 'relu', 'maxpool', 'layer1']
[3, 3, 2, 2]
{'relu': <SplitPoint.END: 2>, 'layer2': <SplitPoint.END: 2>, 'layer4': <SplitPoint.END: 2>, 'fc': <SplitPoint.END: 2>}
4
2026-04-07 06:10:03.410846 Split done -> model sync start
2026-04-07 06:10:34.865043 Sync done -> model run start
2026-04-07 06:11:11.335789 Sync done -> model run start
2026-04-07 06:11:48.050424 Sync done -> model run start
2026-04-07 06:12:24.748923 Sync done -> model run start
2026-04-07 06:13:01.376296 Sync done -> model run start
2026-04-07 06:13:38.129138 Sync done -> model run start
2026-04-07 06:14:14.919306 Sync done -> model run start
2026-04-07 06:14:51.440522 Sync done -> model run start
2026-04-07 06:15:27.987617 Sync done -> model run start
2026-04-07 06:16:04.402459 Sync done -> model run start
2026-04-07 06:16:40.940949 Sync done -> model run start
2026-04-07 06:17:17.537197 Sync done -> model run start
2026-04-07 06:17:53.996155 Sync done -> model run start
2026-04-07 06:18:30.547882 Sync done -> model run start
2026-04-07 06:19:07.197673 Sync done -> model run start
2026-04-07 06:19:43.921773 Sync done -> model run start
2026-04-07 06:20:20.396453 Sync done -> model run start
2026-04-07 06:20:56.921186 Sync done -> model run start
2026-04-07 06:21:33.507593 Sync done -> model run start
2026-04-07 06:22:10.307183 Sync done -> model run start
2026-04-07 06:22:46.894661 Sync done -> model run start
2026-04-07 06:23:23.519333 Sync done -> model run start
2026-04-07 06:24:00.005398 Sync done -> model run start
2026-04-07 06:24:36.523513 Sync done -> model run start
2026-04-07 06:25:13.151802 Sync done -> model run start
2026-04-07 06:25:49.709786 Sync done -> model run start
2026-04-07 06:26:26.322567 Sync done -> model run start
2026-04-07 06:27:02.947354 Sync done -> model run start
2026-04-07 06:27:39.728766 Sync done -> model run start
2026-04-07 06:28:16.340801 Sync done -> model run start
2026-04-07 06:28:53.203952 Sync done -> model run start
rank 1 FLOP count: 3493855232 and full time*10**9 s/op: 0.1636
Time taken by rank:1 in total(avg): 5.7161s Batch time sets raw:[[0.7606, 0.7606, 0.8601, 0.8601, 1.0561, 1.0561, 0.8799, 0.8799, 0.917, 0.917], [0.8445, 0.8445, 1.0801, 1.0801, 0.9301, 0.9301, 0.7677, 0.7677, 0.8867, 0.8867], [0.8145, 0.8145, 1.0673, 1.0673, 0.9163, 0.9163, 0.9148, 0.9148, 0.8952, 0.8952], [0.9545, 0.9545, 0.8667, 0.8667, 0.9254, 0.9254, 0.9277, 0.9277, 0.8918, 0.8918], [0.9359, 0.9359, 0.8235, 0.8235, 0.8197, 0.8197, 0.8232, 0.8232, 0.9272, 0.9272], [0.7929, 0.7929, 0.9037, 0.9037, 1.0256, 1.0256, 0.8046, 0.8046, 0.8782, 0.8782], [0.7665, 0.7665, 0.9247, 0.9247, 0.89, 0.89, 0.8467, 0.8467, 0.9326, 0.9326], [0.7701, 0.7701, 1.0526, 1.0526, 0.7764, 0.7764, 0.8768, 0.8768, 0.8769, 0.8769], [0.7939, 0.7939, 1.028, 1.028, 0.8971, 0.8971, 0.8806, 0.8806, 0.9262, 0.9262], [0.7292, 0.7292, 1.0802, 1.0802, 0.8284, 0.8284, 0.7978, 0.7978, 0.9551, 0.9551], [0.8066, 0.8066, 1.0907, 1.0907, 0.8967, 0.8967, 0.8071, 0.8071, 0.848, 0.848], [0.8994, 0.8994, 0.988, 0.988, 0.9131, 0.9131, 0.8295, 0.8295, 0.8239, 0.8239], [0.9887, 0.9887, 0.9377, 0.9377, 0.8854, 0.8854, 0.9372, 0.9372, 0.8634, 0.8634], [0.8527, 0.8527, 0.9545, 0.9545, 0.9377, 0.9377, 0.81, 0.81, 0.8461, 0.8461], [0.8054, 0.8054, 0.997, 0.997, 0.9406, 0.9406, 0.8582, 0.8582, 0.8773, 0.8773], [0.8664, 0.8664, 1.0367, 1.0367, 0.8533, 0.8533, 0.8405, 0.8405, 0.853, 0.853], [0.8584, 0.8584, 1.0402, 1.0402, 0.9197, 0.9197, 0.9081, 0.9081, 0.9192, 0.9192], [0.8622, 0.8622, 0.8856, 0.8856, 0.8479, 0.8479, 0.8624, 0.8624, 0.9087, 0.9087], [0.9967, 0.9967, 0.8928, 0.8928, 0.871, 0.871, 0.8835, 0.8835, 0.8553, 0.8553], [0.8486, 0.8486, 0.8812, 0.8812, 0.869, 0.869, 0.8986, 0.8986, 0.8545, 0.8545], [0.8514, 0.8514, 0.9418, 0.9418, 0.9161, 0.9161, 0.7875, 0.7875, 0.8799, 0.8799], [0.8349, 0.8349, 1.0345, 1.0345, 0.8943, 0.8943, 0.7408, 0.7408, 0.8416, 0.8416], [0.7678, 0.7678, 1.085, 1.085, 0.8976, 0.8976, 0.8572, 0.8572, 0.8304, 0.8304], [0.8153, 0.8153, 1.1023, 1.1023, 0.8728, 0.8728, 0.9115, 0.9115, 0.7953, 0.7953], [0.898, 0.898, 0.9116, 0.9116, 0.9188, 0.9188, 0.909, 0.909, 0.8725, 0.8725], [0.997, 0.997, 0.9286, 0.9286, 0.9115, 0.9115, 0.8521, 0.8521, 0.9202, 0.9202], [0.7999, 0.7999, 0.9478, 0.9478, 0.899, 0.899, 0.8937, 0.8937, 0.921, 0.921], [0.7636, 0.7636, 1.0917, 1.0917, 0.8618, 0.8618, 0.9151, 0.9151, 0.9484, 0.9484], [0.7696, 0.7696, 1.0191, 1.0191, 0.8176, 0.8176, 0.8378, 0.8378, 0.9222, 0.9222]] Network sets raw:[[0.362, 0, 0.2198, 0, 0.2073, 0, 0.2177, 0, 0.2032, 0.0105], [0.3851, 0, 0.2176, 0, 0.2042, 0, 0.2181, 0, 0.2068, 0.0112], [0.3894, 0, 0.2205, 0, 0.2096, 0, 0.2234, 0, 0.2079, 0.003], [0.3589, 0, 0.2241, 0, 0.2184, 0, 0.2048, 0, 0.2166, 0.0038], [0.3872, 0, 0.2125, 0, 0.2165, 0, 0.2177, 0, 0.2187, 0.0036], [0.356, 0, 0.2173, 0, 0.2187, 0, 0.2115, 0, 0.2212, 0.0041], [0.3676, 0, 0.2228, 0, 0.2054, 0, 0.2172, 0, 0.2058, 0.0035], [0.3947, 0, 0.2214, 0, 0.2078, 0, 0.2214, 0, 0.2055, 0.0034], [0.3715, 0, 0.2201, 0, 0.2059, 0, 0.218, 0, 0.2039, 0.0023], [0.3793, 0, 0.217, 0, 0.2051, 0, 0.2194, 0, 0.2202, 0.015], [0.3668, 0, 0.2178, 0, 0.2068, 0, 0.2178, 0, 0.2118, 0.0157], [0.3639, 0, 0.221, 0, 0.2041, 0, 0.2168, 0, 0.2064, 0.0035], [0.3552, 0, 0.2165, 0, 0.206, 0, 0.216, 0, 0.2059, 0.0039], [0.3573, 0, 0.2172, 0, 0.2102, 0, 0.2196, 0, 0.2051, 0.0038], [0.3617, 0, 0.2174, 0, 0.2072, 0, 0.2179, 0, 0.2052, 0.0032], [0.3511, 0, 0.2182, 0, 0.2051, 0, 0.221, 0, 0.206, 0.0036], [0.3598, 0, 0.2192, 0, 0.206, 0, 0.218, 0, 0.2062, 0.0036], [0.3708, 0, 0.2233, 0, 0.2213, 0, 0.2129, 0, 0.2176, 0.0041], [0.3451, 0, 0.2138, 0, 0.2155, 0, 0.2068, 0, 0.2178, 0.0036], [0.3616, 0, 0.2165, 0, 0.2087, 0, 0.2177, 0, 0.2058, 0.0038], [0.3563, 0, 0.2188, 0, 0.2112, 0, 0.218, 0, 0.2164, 0.0037], [0.4789, 0, 0.2198, 0, 0.2043, 0, 0.2179, 0, 0.2129, 0.0036], [0.3552, 0, 0.2192, 0, 0.2074, 0, 0.2184, 0, 0.2043, 0.002], [0.3551, 0, 0.2173, 0, 0.2065, 0, 0.2185, 0, 0.2049, 0.0034], [0.3674, 0, 0.2226, 0, 0.2102, 0, 0.2168, 0, 0.2064, 0.0035], [0.396, 0, 0.2178, 0, 0.2052, 0, 0.2171, 0, 0.2058, 0.0041], [0.3523, 0, 0.2184, 0, 0.206, 0, 0.2234, 0, 0.205, 0.0038], [0.4097, 0, 0.2183, 0, 0.2161, 0, 0.207, 0, 0.2176, 0.0038], [0.3342, 0, 0.2222, 0, 0.2091, 0, 0.2192, 0, 0.2142, 0.0038]] bytes sent:[[802816], [802816], [802816], [802816], [802816]] bytes recv:6422528 on avg per image: 0.5716s with std: 0.0090s network time: 0.1230s and network std: 0.1302s network time per img: 0.0123 compute time: 0.5593s compute/network ratio: 4.5461 and throughput 1.7494 img/s
