Code start -> moving to subprocess
[Gloo] Rank 2 is connected to 3 peer ranks. Expected number of connected peer ranks is : 3
Model resnet18 and split children
10 ['conv1', 'bn1', 'relu', 'maxpool', 'layer1']
[3, 3, 2, 2]
{'relu': <SplitPoint.END: 2>, 'layer2': <SplitPoint.END: 2>, 'layer4': <SplitPoint.END: 2>, 'fc': <SplitPoint.END: 2>}
4
2026-04-07 06:10:03.878958 Split done -> model sync start
2026-04-07 06:10:34.858891 Sync done -> model run start
2026-04-07 06:11:11.329470 Sync done -> model run start
2026-04-07 06:11:48.043857 Sync done -> model run start
2026-04-07 06:12:24.742354 Sync done -> model run start
2026-04-07 06:13:01.369765 Sync done -> model run start
2026-04-07 06:13:38.123302 Sync done -> model run start
2026-04-07 06:14:14.912922 Sync done -> model run start
2026-04-07 06:14:51.433943 Sync done -> model run start
2026-04-07 06:15:27.981494 Sync done -> model run start
2026-04-07 06:16:04.396373 Sync done -> model run start
2026-04-07 06:16:40.934840 Sync done -> model run start
2026-04-07 06:17:17.531128 Sync done -> model run start
2026-04-07 06:17:53.989736 Sync done -> model run start
2026-04-07 06:18:30.541983 Sync done -> model run start
2026-04-07 06:19:07.191407 Sync done -> model run start
2026-04-07 06:19:43.919245 Sync done -> model run start
2026-04-07 06:20:20.389750 Sync done -> model run start
2026-04-07 06:20:56.914783 Sync done -> model run start
2026-04-07 06:21:33.501957 Sync done -> model run start
2026-04-07 06:22:10.301828 Sync done -> model run start
2026-04-07 06:22:46.888885 Sync done -> model run start
2026-04-07 06:23:23.512865 Sync done -> model run start
2026-04-07 06:23:59.999538 Sync done -> model run start
2026-04-07 06:24:36.517864 Sync done -> model run start
2026-04-07 06:25:13.146056 Sync done -> model run start
2026-04-07 06:25:49.704315 Sync done -> model run start
2026-04-07 06:26:26.317055 Sync done -> model run start
2026-04-07 06:27:02.941994 Sync done -> model run start
2026-04-07 06:27:39.723376 Sync done -> model run start
2026-04-07 06:28:16.334974 Sync done -> model run start
2026-04-07 06:28:53.199483 Sync done -> model run start
rank 2 FLOP count: 3288334336 and full time*10**9 s/op: 0.1995
Time taken by rank:2 in total(avg): 6.5608s Batch time sets raw:[[0.7447, 0.7447, 0.8744, 0.8744, 0.8648, 0.8648, 0.8228, 0.8228, 0.9231, 0.9231], [1.0129, 1.0129, 0.7906, 0.7906, 0.8004, 0.8004, 0.7022, 0.7022, 0.7899, 0.7899], [0.7668, 0.7668, 0.9982, 0.9982, 0.8937, 0.8937, 0.6916, 0.6916, 0.8047, 0.8047], [0.7841, 0.7841, 0.9946, 0.9946, 0.9373, 0.9373, 0.7928, 0.7928, 0.906, 0.906], [0.7962, 0.7962, 0.8301, 0.8301, 0.7867, 0.7867, 0.7984, 0.7984, 0.8419, 0.8419], [0.9655, 0.9655, 0.7833, 0.7833, 0.8674, 0.8674, 0.8229, 0.8229, 0.8188, 0.8188], [1.0084, 1.0084, 0.7207, 0.7207, 0.8431, 0.8431, 0.8162, 0.8162, 0.738, 0.738], [0.9917, 0.9917, 0.7107, 0.7107, 0.8863, 0.8863, 0.7962, 0.7962, 0.8375, 0.8375], [0.7845, 0.7845, 0.71, 0.71, 0.8502, 0.8502, 0.8201, 0.8201, 0.7584, 0.7584], [0.767, 0.767, 0.9222, 0.9222, 0.8777, 0.8777, 0.8177, 0.8177, 0.7349, 0.7349], [0.807, 0.807, 0.9339, 0.9339, 0.8712, 0.8712, 0.8801, 0.8801, 0.7833, 0.7833], [0.7061, 0.7061, 0.9489, 0.9489, 0.773, 0.773, 0.7673, 0.7673, 0.8868, 0.8868], [0.9941, 0.9941, 0.8848, 0.8848, 0.8357, 0.8357, 0.6968, 0.6968, 0.8112, 0.8112], [1.0561, 1.0561, 0.894, 0.894, 0.8667, 0.8667, 0.9867, 0.9867, 0.7665, 0.7665], [0.9083, 0.9083, 0.9001, 0.9001, 0.8701, 0.8701, 0.8222, 0.8222, 0.7574, 0.7574], [0.7465, 0.7465, 0.924, 0.924, 0.8471, 0.8471, 0.748, 0.748, 0.8382, 0.8382], [0.7441, 0.7441, 1.023, 1.023, 0.7998, 0.7998, 0.8331, 0.8331, 0.8487, 0.8487], [0.7756, 0.7756, 0.856, 0.856, 0.8771, 0.8771, 0.8936, 0.8936, 0.8792, 0.8792], [0.7147, 0.7147, 0.8346, 0.8346, 0.8098, 0.8098, 0.8267, 0.8267, 0.8284, 0.8284], [0.8848, 0.8848, 0.898, 0.898, 0.7995, 0.7995, 0.8966, 0.8966, 0.8273, 0.8273], [0.9563, 0.9563, 0.8824, 0.8824, 0.8701, 0.8701, 0.7409, 0.7409, 0.8197, 0.8197], [0.8143, 0.8143, 0.8653, 0.8653, 0.8444, 0.8444, 0.8942, 0.8942, 0.8498, 0.8498], [0.7561, 0.7561, 0.8557, 0.8557, 0.7338, 0.7338, 0.7992, 0.7992, 0.8249, 0.8249], [0.6956, 0.6956, 1.0176, 1.0176, 0.7992, 0.7992, 0.6929, 0.6929, 0.8167, 0.8167], [0.8107, 0.8107, 0.9979, 0.9979, 0.8857, 0.8857, 0.7931, 0.7931, 0.7856, 0.7856], [0.844, 0.844, 0.8911, 0.8911, 0.9073, 0.9073, 0.8899, 0.8899, 0.8303, 0.8303], [1.0085, 1.0085, 0.8673, 0.8673, 0.8691, 0.8691, 0.8561, 0.8561, 0.8448, 0.8448], [0.7928, 0.7928, 0.7915, 0.7915, 0.8712, 0.8712, 0.8667, 0.8667, 0.9197, 0.9197], [0.7185, 0.7185, 0.9622, 0.9622, 0.7989, 0.7989, 0.821, 0.821, 0.8184, 0.8184]] Network sets raw:[[1.1595, 0, 0.3357, 0, 0.389, 0, 0.233, 0, 0.2892, 0.002], [1.2662, 0, 0.2867, 0, 0.3424, 0, 0.1879, 0, 0.3843, 0.0027], [1.2378, 0, 0.5229, 0, 0.1274, 0, 0.2438, 0, 0.4111, 0.0037], [1.3479, 0, 0.3078, 0, 0.1493, 0, 0.1976, 0, 0.3095, 0.002], [1.3577, 0, 0.2405, 0, 0.208, 0, 0.2549, 0, 0.3406, 0.0022], [1.1847, 0, 0.156, 0, 0.4618, 0, 0.1495, 0, 0.2733, 0.0022], [1.17, 0, 0.1392, 0, 0.3766, 0, 0.2209, 0, 0.3147, 0.0024], [1.2, 0, 0.282, 0, 0.2761, 0, 0.2126, 0, 0.2823, 0.0021], [1.1991, 0, 0.4642, 0, 0.3927, 0, 0.2488, 0, 0.3022, 0.0021], [1.1442, 0, 0.5317, 0, 0.113, 0, 0.1409, 0, 0.3535, 0.0012], [1.2076, 0, 0.5043, 0, 0.1728, 0, 0.1561, 0, 0.1758, 0.0015], [1.2966, 0, 0.5061, 0, 0.1679, 0, 0.2777, 0, 0.2547, 0.0022], [1.3794, 0, 0.1605, 0, 0.2076, 0, 0.3151, 0, 0.3683, 0.0025], [1.2421, 0, 0.1155, 0, 0.2537, 0, 0.1672, 0, 0.059, 0.002], [1.2043, 0, 0.3059, 0, 0.2475, 0, 0.2099, 0, 0.2544, 0.0014], [1.2534, 0, 0.5098, 0, 0.1331, 0, 0.2168, 0, 0.3055, 0.0021], [1.2504, 0, 0.5181, 0, 0.1039, 0, 0.3291, 0, 0.2865, 0.0021], [1.2658, 0, 0.3374, 0, 0.2143, 0, 0.1972, 0, 0.2287, 0.0021], [1.3756, 0, 0.3931, 0, 0.2545, 0, 0.2841, 0, 0.2384, 0.0023], [1.2464, 0, 0.2121, 0, 0.1799, 0, 0.3184, 0, 0.1584, 0.0022], [1.2423, 0, 0.2069, 0, 0.2437, 0, 0.1379, 0, 0.3524, 0.0022], [1.3477, 0, 0.4414, 0, 0.2346, 0, 0.1171, 0, 0.1543, 0.0026], [1.1566, 0, 0.5485, 0, 0.2496, 0, 0.3448, 0, 0.2268, 0.0021], [1.2052, 0, 0.6245, 0, 0.06, 0, 0.3327, 0, 0.3032, 0.0021], [1.3045, 0, 0.323, 0, 0.1314, 0, 0.2394, 0, 0.2839, 0.0024], [1.4265, 0, 0.3019, 0, 0.2275, 0, 0.1626, 0, 0.2326, 0.0023], [1.1848, 0, 0.1612, 0, 0.2382, 0, 0.2494, 0, 0.2668, 0.0023], [1.2093, 0, 0.5183, 0, 0.2866, 0, 0.2497, 0, 0.2934, 0.0026], [1.1372, 0, 0.524, 0, 0.0657, 0, 0.2612, 0, 0.3105, 0.0027]] bytes sent:[[200704], [200704], [200704], [200704], [200704]] bytes recv:802816 on avg per image: 0.6561s with std: 0.0111s network time: 0.2342s and network std: 0.3696s network time per img: 0.0234 compute time: 0.6327s compute/network ratio: 2.7011 and throughput 1.5242 img/s
