ALL SYNC
2026-04-21 11:46:40.563706 Sync done -> model run start
2026-04-21 11:46:40.563696 Sync done -> model run start
2026-04-21 11:46:40.563688 Sync done -> model run start
2026-04-21 11:46:40.563688 Sync done -> model run start
1 17.805 [3.6664500369224697, 3.5738865837920457, 3.5247190222144127, 3.518362407805398, 3.5210006998386234]
3 17.807 [3.6664508709218353, 3.5738909589126706, 3.5247193360701203, 3.518364335875958, 3.5236093860585243]
2 18.491 [3.822716183029115, 3.723530101822689, 3.680935943964869, 3.6683887830004096, 3.5946911298669875]
2026-04-21 11:47:01.750424 Sync done -> model run start
2026-04-21 11:47:01.752525 Sync done -> model run start
2026-04-21 11:47:01.831169 Sync done -> model run start
2026-04-21 11:47:01.833898 Sync done -> model run start
1 17.37 [3.5912732270080596, 3.5009101880714297, 3.4168047760613263, 3.423107323003933, 3.437039782991633]
0 17.409 [3.5938617570791394, 3.5310707739554346, 3.421148035908118, 3.427097043953836, 3.4357747370377183]
3 17.39 [3.6085120521020144, 3.5117668542079628, 3.4200505930930376, 3.416259282035753, 3.43356620403938]
2 17.995 [3.7592395688407123, 3.644930701935664, 3.561338410945609, 3.5554037750698626, 3.4741004349198192]
2026-04-21 11:47:24.458039 Sync done -> model run start
2026-04-21 11:47:24.487158 Sync done -> model run start
2026-04-21 11:47:24.502356 Sync done -> model run start
2026-04-21 11:47:24.554054 Sync done -> model run start
0 17.32 [3.479096233146265, 3.5811250410042703, 3.4262573171872646, 3.4204335680697113, 3.412517382996157]
1 17.328 [3.4872870261315256, 3.5742468959651887, 3.4310181788168848, 3.4216088231187314, 3.4132107130717486]
2 17.35 [3.4991119699552655, 3.577740160981193, 3.441448806086555, 3.41836763988249, 3.4132047228049487]
3 17.911 [3.621370657114312, 3.697929897811264, 3.569400795036927, 3.5463959299959242, 3.4754132740199566]
2026-04-21 11:47:48.058216 Sync done -> model run start
2026-04-21 11:47:48.071942 Sync done -> model run start
2026-04-21 11:47:48.111817 Sync done -> model run start
2026-04-21 11:47:48.136613 Sync done -> model run start
0 17.664 [3.52959705889225, 3.587761803995818, 3.5580342130269855, 3.5007346200291067, 3.4875779398716986]
1 17.683 [3.5209181429818273, 3.583137816051021, 3.5579715569037944, 3.511224620975554, 3.509674602886662]
3 17.673 [3.519276067148894, 3.5890440901275724, 3.57800281397067, 3.491259873844683, 3.494767955970019]
2 18.224 [3.6560276988893747, 3.708061899058521, 3.7221199269406497, 3.6007327251136303, 3.5372582669369876]
2026-04-21 11:48:09.749996 Sync done -> model run start
2026-04-21 11:48:09.749996 Sync done -> model run start
2026-04-21 11:48:09.772414 Sync done -> model run start
2026-04-21 11:48:09.815235 Sync done -> model run start
2 17.476 [3.57453610887751, 3.559741623001173, 3.4543009661138058, 3.4236351537983865, 3.4637963408604264]
3 17.488 [3.595771578140557, 3.5633076990488917, 3.4458915281575173, 3.4197236630134284, 3.463520664954558]
1 17.998 [3.726906616007909, 3.6706266538240016, 3.5599210730288178, 3.541037858929485, 3.4996857959777117]
0 17.441 [3.574536002939567, 3.5539938379079103, 3.437009487999603, 3.4124600528739393, 3.462382754078135]
2026-04-21 11:48:31.650269 Sync done -> model run start
2026-04-21 11:48:31.668071 Sync done -> model run start
2026-04-21 11:48:31.705220 Sync done -> model run start
2026-04-21 11:48:31.741680 Sync done -> model run start
0 17.301 [3.49190427409485, 3.5153702290263027, 3.429909323109314, 3.430847680894658, 3.4326678060460836]
1 17.32 [3.4870661199092865, 3.5151480939239264, 3.4421731689944863, 3.436905931914225, 3.438876159954816]
3 17.319 [3.4856770131736994, 3.520770513918251, 3.434840548085049, 3.4353703670203686, 3.4421880710870028]
2 17.825 [3.6156893419101834, 3.622501211008057, 3.529935286846012, 3.546151745133102, 3.5109420511871576]
2026-04-21 11:48:54.545657 Sync done -> model run start
2026-04-21 11:48:54.554412 Sync done -> model run start
2026-04-21 11:48:54.554412 Sync done -> model run start
2026-04-21 11:48:54.588595 Sync done -> model run start
2 17.659 [3.5434379801154137, 3.5668677880894393, 3.527051191078499, 3.5756813948974013, 3.445839883061126]
1 17.683 [3.5520382500253618, 3.566867162939161, 3.5292746701743454, 3.5849481720943004, 3.449713352834806]
3 17.674 [3.5510251810774207, 3.564308373024687, 3.5280006651300937, 3.583549375878647, 3.447115554008633]
0 18.279 [3.712047405075282, 3.7292685960419476, 3.6575968938414007, 3.7089772920589894, 3.470589704113081]
2026-04-21 11:49:17.287160 Sync done -> model run start
2026-04-21 11:49:17.312672 Sync done -> model run start
2026-04-21 11:49:17.331952 Sync done -> model run start
2026-04-21 11:49:17.342153 Sync done -> model run start
2 17.606 [3.493037146050483, 3.553038751007989, 3.5328569549601525, 3.5072356548625976, 3.5200163510162383]
1 17.643 [3.51387495896779, 3.56052527599968, 3.536851414013654, 3.5014015699271113, 3.529988957103342]
3 17.618 [3.499280343996361, 3.565433271927759, 3.526558652985841, 3.5030888009350747, 3.5237224781885743]
0 18.2 [3.6365733039565384, 3.716750275110826, 3.6442108219489455, 3.6300285779871047, 3.5724998340010643]
2026-04-21 11:49:40.411696 Sync done -> model run start
2026-04-21 11:49:40.443034 Sync done -> model run start
2026-04-21 11:49:40.462682 Sync done -> model run start
2026-04-21 11:49:40.474511 Sync done -> model run start
0 17.258 [3.5025510189589113, 3.475592019967735, 3.415564176859334, 3.446986082009971, 3.4169600680470467]
2 17.269 [3.5083698958624154, 3.471503602107987, 3.421575343934819, 3.4426582909654826, 3.4247538298368454]
3 17.284 [3.515704025980085, 3.4789974179584533, 3.4233467939775437, 3.447869149968028, 3.417616835096851]
1 17.819 [3.632192969787866, 3.6184386420063674, 3.548092151992023, 3.5654584490694106, 3.454789456911385]
2026-04-21 11:50:03.001795 Sync done -> model run start
2026-04-21 11:50:03.029430 Sync done -> model run start
2026-04-21 11:50:03.084516 Sync done -> model run start
2026-04-21 11:50:03.095522 Sync done -> model run start
1 17.511 [3.5304451719857752, 3.507063759956509, 3.5347482340876013, 3.461667336989194, 3.477122863056138]
0 17.527 [3.5148471780121326, 3.524290599860251, 3.520618099020794, 3.4875464239157736, 3.4798863909672946]
3 17.533 [3.531699957093224, 3.5456783559639007, 3.516774991992861, 3.4759265871252865, 3.462993142893538]
2 18.024 [3.647876607021317, 3.668637001188472, 3.6255243860650808, 3.5835506189614534, 3.497992546064779]
2026-04-21 11:50:21.224832 Sync done -> model run start
net_times: [[23.188, 0.0, 1210368, 0], [1.201, 0.0, 1210368, 0], [3.129, 0.0, 1210368, 0], [4.122, 0.0, 1210368, 0], [1.893, 0.0, 1210368, 0], [2.383, 0.0, 1210368, 0], [3.493, 0.0, 1210368, 0], [2.967, 0.0, 1210368, 0], [3.396, 0.0, 1210368, 0], [3.254, 0.0, 1210368, 0]]
echo 'race4fun' | sudo -S sh -c 'journalctl --since "2026-04-21 11:46:14.538100" --until "2026-04-21 11:50:21.224832" -k -o short-iso '| grep -i -E 'throttle|throttled|thermal|cpufreq|under-voltage|voltage'
