ALL SYNC
2026-04-21 11:51:33.598552 Sync done -> model run start
2026-04-21 11:51:33.598552 Sync done -> model run start
2026-04-21 11:51:33.598552 Sync done -> model run start
2026-04-21 11:51:33.598552 Sync done -> model run start
1 4.787 [1.2214610381051898, 0.9217719929292798, 1.0019907818641514, 1.0645388099364936, 0.5773171389009804]
0 4.819 [1.2568409470841289, 0.9226479791104794, 1.036711734952405, 1.0217158070299774, 0.5810794669669122]
2 4.833 [1.1593659250065684, 0.955907688010484, 1.0361848098691553, 1.1007130900397897, 0.5810985821299255]
3 4.754 [1.1489215409383178, 0.9747914138715714, 0.9735765738878399, 1.081656761933118, 0.5745695459190756]
2026-04-21 11:51:47.406574 Sync done -> model run start
2026-04-21 11:51:47.426542 Sync done -> model run start
2026-04-21 11:51:47.442366 Sync done -> model run start
2026-04-21 11:51:47.481885 Sync done -> model run start
1 4.069 [0.6202106110285968, 0.5864160088822246, 1.002906871959567, 1.2175110538955778, 0.6414144830778241]
2 4.054 [0.6223741960711777, 0.584572265855968, 1.0178826968185604, 1.2053437598515302, 0.6231649741530418]
0 4.138 [0.6184239520225674, 0.5849648690782487, 0.9742330820299685, 1.294840635964647, 0.6653979800175875]
3 4.149 [0.6428087998647243, 0.6204094649292529, 1.1735518579371274, 1.0937354101333767, 0.6180516611784697]
2026-04-21 11:52:01.730128 Sync done -> model run start
2026-04-21 11:52:01.744888 Sync done -> model run start
2026-04-21 11:52:01.760829 Sync done -> model run start
2026-04-21 11:52:01.781435 Sync done -> model run start
1 3.666 [0.6047920789569616, 0.5926603579428047, 1.043344259960577, 0.8299067921470851, 0.5947823799215257]
0 3.702 [0.6129056930076331, 0.5969420589972287, 1.046706278109923, 0.828773045912385, 0.6166389069985598]
3 3.772 [0.600679439958185, 0.5953536799643189, 1.079425155883655, 0.8362333290278912, 0.6599614918231964]
2 3.851 [0.6509593401569873, 0.5970302890054882, 1.1734888369683176, 0.8189803780987859, 0.6098734659608454]
2026-04-21 11:52:15.868250 Sync done -> model run start
2026-04-21 11:52:15.879197 Sync done -> model run start
2026-04-21 11:52:15.901710 Sync done -> model run start
2026-04-21 11:52:15.921464 Sync done -> model run start
1 4.316 [0.6046240071300417, 1.1054357788525522, 1.0619505390059203, 0.5731697080191225, 0.9706069510430098]
3 4.318 [0.6008288660086691, 1.100442050024867, 1.0452115449588746, 0.5753099080175161, 0.9959476289805025]
0 4.444 [0.6108839299995452, 1.231592298951, 0.9945178960915655, 0.5745707959868014, 1.0325049289967865]
2 4.634 [0.602689485065639, 1.2112313921097666, 1.0248771999031305, 0.6189573870506138, 1.1757159628905356]
2026-04-21 11:52:30.191321 Sync done -> model run start
2026-04-21 11:52:30.210360 Sync done -> model run start
2026-04-21 11:52:30.239702 Sync done -> model run start
2026-04-21 11:52:30.257740 Sync done -> model run start
3 4.78 [0.5942074880003929, 1.3170107030309737, 0.7202698930632323, 1.1336705088615417, 1.0149817711208016]
2 4.817 [0.5931744179688394, 1.1811721390113235, 0.8171163750812411, 1.17881168005988, 1.0462100808508694]
0 4.685 [0.6019201118033379, 1.0289598919916898, 0.891640551853925, 0.9736983960028738, 1.1885376300197095]
2026-04-21 11:52:44.674962 Sync done -> model run start
2026-04-21 11:52:44.685096 Sync done -> model run start
2026-04-21 11:52:44.692813 Sync done -> model run start
2026-04-21 11:52:44.705047 Sync done -> model run start
1 3.721 [0.635726589942351, 0.9356369890738279, 0.9828332560136914, 0.5938349368516356, 0.5723523669876158]
2 3.728 [0.6385774628724903, 0.9604749600403011, 0.9671862360555679, 0.5858535629231483, 0.5752545951399952]
0 3.838 [0.6507124141789973, 1.0371832440141588, 0.9573331498540938, 0.5785498949699104, 0.6134583989623934]
3 3.841 [0.6298229680396616, 0.965855510905385, 1.1025831340812147, 0.5746137120295316, 0.5677011879161]
2026-04-21 11:52:58.839219 Sync done -> model run start
2026-04-21 11:52:58.857025 Sync done -> model run start
2026-04-21 11:52:58.868701 Sync done -> model run start
2026-04-21 11:52:58.887747 Sync done -> model run start
1 5.04 [0.6219205518718809, 1.0255837589502335, 1.171879260102287, 0.9480524060782045, 1.272367862984538]
2 5.07 [0.6224161749705672, 1.046195549890399, 1.1552784419618547, 0.9740499050822109, 1.271691981004551]
0 5.129 [0.6761406438890845, 1.1202226469758898, 1.0728376829065382, 0.9868421980645508, 1.2730870789382607]
3 5.136 [0.619643528945744, 1.0534845318179578, 1.1870568539015949, 1.0396492751315236, 1.2359561868943274]
2026-04-21 11:53:13.248316 Sync done -> model run start
2026-04-21 11:53:13.261886 Sync done -> model run start
2026-04-21 11:53:13.287613 Sync done -> model run start
2026-04-21 11:53:13.307983 Sync done -> model run start
1 2.946 [0.5987027811352164, 0.611243304098025, 0.5792418189812452, 0.5784392699133605, 0.5776447409298271]
2 2.955 [0.5962343530263752, 0.6217982599046081, 0.5791546839755028, 0.5777642198372632, 0.5794908800162375]
3 2.961 [0.6088438341394067, 0.6143074571155012, 0.5803903040941805, 0.5793430679477751, 0.5782614059280604]
0 3.093 [0.650264446856454, 0.6144870410207659, 0.6252520489506423, 0.5821963897906244, 0.6203241001348943]
2026-04-21 11:53:27.667314 Sync done -> model run start
2026-04-21 11:53:27.680472 Sync done -> model run start
2026-04-21 11:53:27.689476 Sync done -> model run start
2026-04-21 11:53:27.706565 Sync done -> model run start
0 3.817 [0.6039168748538941, 0.5912372909951955, 1.0151370300445706, 1.0305859269574285, 0.5761024567764252]
2 3.817 [0.6030672951601446, 0.5912102600559592, 1.03198680607602, 1.0096195009537041, 0.5811055090744048]
1 3.917 [0.6062229068484157, 0.5904077109880745, 1.247554108966142, 0.8967835518997163, 0.5755624589510262]
3 3.922 [0.6092900829389691, 0.6262399619445205, 1.1593487900681794, 0.9607312618754804, 0.5662454129196703]
2026-04-21 11:53:42.052023 Sync done -> model run start
2026-04-21 11:53:42.063656 Sync done -> model run start
2026-04-21 11:53:42.086768 Sync done -> model run start
2026-04-21 11:53:42.095279 Sync done -> model run start
1 4.953 [0.9420364419929683, 1.2026910099666566, 0.9043671151157469, 1.2108056130819023, 0.6932206270284951]
3 4.969 [0.9882895869668573, 1.1730140980798751, 0.9733173048589379, 1.1991814409848303, 0.635046643903479]
0 5.074 [0.9310841939877719, 1.322992344852537, 1.048919497989118, 1.1928827159572393, 0.5783432798925787]
2 5.084 [1.026324224891141, 1.1751598718110472, 1.0281729148700833, 1.237520034890622, 0.6165958859492093]
2026-04-21 11:53:48.302498 Sync done -> model run start
net_times: [[44.659, 1.045, 1210368, 605184], [7.505, 1.042, 1210368, 605184], [8.645, 1.047, 1210368, 605184], [8.815, 1.134, 1210368, 605184], [8.101, 1.051, 1210368, 605184], [8.126, 1.047, 1210368, 605184], [8.837, 1.048, 1210368, 605184], [7.762, 1.048, 1210368, 605184], [9.876, 1.059, 1210368, 605184], [8.958, 1.045, 1210368, 605184]]
echo 'race4fun' | sudo -S sh -c 'journalctl --since "2026-04-21 11:50:48.064235" --until "2026-04-21 11:53:48.302498" -k -o short-iso '| grep -i -E 'throttle|throttled|thermal|cpufreq|under-voltage|voltage'
