ALL SYNC
2026-04-21 11:50:48.838025 Sync done -> model run start
2026-04-21 11:50:48.838046 Sync done -> model run start
2026-04-21 11:50:48.838025 Sync done -> model run start
2026-04-21 11:50:48.851223 Sync done -> model run start
2 11.326 [2.218389263143763, 2.7883297877851874, 2.292142857098952, 2.0338451431598514, 1.992750523146242]
3 11.529 [2.218389783985913, 2.8715437401551753, 2.2446272529195994, 2.161967332009226, 2.032266931142658]
0 11.593 [2.226133879972622, 2.8815545719116926, 2.327993275830522, 2.1788356548640877, 1.9785453141666949]
1 11.658 [2.296285398071632, 3.3018611969891936, 1.98826465010643, 2.0680659599602222, 2.0036322271917015]
2026-04-21 11:51:03.515370 Sync done -> model run start
2026-04-21 11:51:03.532601 Sync done -> model run start
2026-04-21 11:51:03.532601 Sync done -> model run start
2026-04-21 11:51:03.547924 Sync done -> model run start
0 10.982 [2.0750195330474526, 2.8280441749375314, 2.026204636786133, 2.0540527540724725, 1.9989623290020972]
2 11.162 [2.080606576986611, 2.8393397741019726, 2.0268821010831743, 2.12761601107195, 2.0877558200154454]
1 11.265 [2.1823789549525827, 2.852462393930182, 2.1205075778998435, 2.130481646861881, 1.978646317962557]
2026-04-21 11:51:17.940466 Sync done -> model run start
2026-04-21 11:51:17.957258 Sync done -> model run start
2026-04-21 11:51:17.961056 Sync done -> model run start
2026-04-21 11:51:17.983174 Sync done -> model run start
0 10.18 [2.088397067040205, 2.0413976279087365, 2.0164731820113957, 2.0214894691016525, 2.01184772211127]
3 10.192 [2.0934101820457727, 2.045600978890434, 2.0189668459352106, 2.0193970079999417, 2.0143105001188815]
2 10.205 [2.103460376849398, 2.043242053827271, 2.017847020877525, 2.0204481850378215, 2.020209839101881]
1 10.521 [2.1868973860982805, 2.0864509269595146, 2.128996224142611, 2.097309168893844, 2.021018992876634]
2026-04-21 11:51:33.673752 Sync done -> model run start
2026-04-21 11:51:33.673730 Sync done -> model run start
2026-04-21 11:51:33.697043 Sync done -> model run start
2026-04-21 11:51:33.730791 Sync done -> model run start
0 10.214 [2.0847919599618763, 2.0899033949244767, 2.0491889270488173, 2.0171135750133544, 1.9727121009491384]
3 10.272 [2.1020153211429715, 2.1006152608897537, 2.0561993839219213, 2.0175255611538887, 1.9957860349677503]
2 10.552 [2.179832987021655, 2.1495405649766326, 2.1400817199610174, 2.0930142560973763, 1.9894139459356666]
2026-04-21 11:51:47.999250 Sync done -> model run start
2026-04-21 11:51:48.020693 Sync done -> model run start
2026-04-21 11:51:48.020674 Sync done -> model run start
2026-04-21 11:51:48.029617 Sync done -> model run start
2 11.168 [2.0561131690628827, 3.0990796440746635, 2.0041750948876143, 2.02031966811046, 1.9883352450560778]
0 11.032 [2.0475502209737897, 3.035101604880765, 1.9906876960303634, 1.9788106579799205, 1.9793509999290109]
1 11.3 [2.1371527968440205, 3.11756952595897, 2.1040890738368034, 1.9727621779311448, 1.9682182669639587]
3 11.321 [2.0556644569151103, 3.0305103240534663, 2.0502796701621264, 2.127129361964762, 2.0568432309664786]
2026-04-21 11:52:02.324907 Sync done -> model run start
2026-04-21 11:52:02.324968 Sync done -> model run start
2026-04-21 11:52:02.326120 Sync done -> model run start
2026-04-21 11:52:02.350818 Sync done -> model run start
1 11.03 [3.031071687117219, 2.032447845907882, 1.9830215082038194, 1.9874253440648317, 1.9961702348664403]
0 11.068 [3.0419466209132224, 2.0603400669060647, 1.979128377046436, 1.996212090132758, 1.9899425618350506]
3 11.152 [3.1927978419698775, 2.024667668156326, 1.9781905780546367, 1.977735896827653, 1.978128168033436]
2 11.4 [3.1537153660319746, 2.107265662867576, 2.0317918290384114, 2.0715738038998097, 2.0356302289292216]
2026-04-21 11:52:16.597063 Sync done -> model run start
2026-04-21 11:52:16.597126 Sync done -> model run start
2026-04-21 11:52:16.615188 Sync done -> model run start
2026-04-21 11:52:16.653614 Sync done -> model run start
0 10.304 [2.085961831966415, 2.092044705990702, 2.0466302698478103, 2.0447748678270727, 2.03429590491578]
2 10.363 [2.103315786924213, 2.10293994192034, 2.0590074700303376, 2.04843766707927, 2.04913264606148]
3 10.695 [2.1924561948981136, 2.189087178790942, 2.0986936590634286, 2.12281570606865, 2.0918442618567497]
2026-04-21 11:52:30.787573 Sync done -> model run start
2026-04-21 11:52:30.787610 Sync done -> model run start
2026-04-21 11:52:30.811088 Sync done -> model run start
2026-04-21 11:52:30.839016 Sync done -> model run start
0 10.951 [2.111123555107042, 2.9102011879440397, 1.96994034294039, 1.9769268569070846, 1.9825268751010299]
1 11.039 [2.1092963200062513, 2.993243193021044, 1.9731711479835212, 1.9767954391427338, 1.9861505019944161]
3 11.089 [2.1174843970220536, 3.034143993863836, 1.9673828661907464, 1.9782902630977333, 1.9914666740223765]
2 11.28 [2.1642608258407563, 2.9855656870640814, 2.0637562989722937, 2.0150071380194277, 2.0511889779008925]
2026-04-21 11:52:45.261438 Sync done -> model run start
2026-04-21 11:52:45.269308 Sync done -> model run start
2026-04-21 11:52:45.281309 Sync done -> model run start
2026-04-21 11:52:45.305600 Sync done -> model run start
2 11.128 [2.895011773100123, 2.288439091993496, 1.9836510040331632, 1.9801869401708245, 1.9802011421415955]
1 11.18 [2.9777110079303384, 2.2260851052124053, 1.999325562035665, 1.9881064570508897, 1.9887710900511593]
0 11.264 [2.7667852819431573, 2.3578239888884127, 2.14785833703354, 1.98153967410326, 2.009271706920117]
3 11.451 [2.8214825571049005, 2.4163260380737484, 2.122765347128734, 2.0316433738917112, 2.058300007134676]
2026-04-21 11:52:59.594775 Sync done -> model run start
2026-04-21 11:52:59.594784 Sync done -> model run start
2026-04-21 11:52:59.595368 Sync done -> model run start
2026-04-21 11:52:59.621965 Sync done -> model run start
0 10.324 [2.081540506100282, 2.070788644021377, 2.043653778033331, 2.070111853070557, 2.057171039050445]
3 10.34 [2.0910195929463953, 2.068719474831596, 2.0477236669976264, 2.069082085043192, 2.0632605601567775]
1 10.705 [2.1838071120437235, 2.1659206810873, 2.1487551028840244, 2.1125025008805096, 2.093725443817675]
2 10.324 [2.0854310700669885, 2.067995866993442, 2.0432698619551957, 2.0703551929909736, 2.057034421013668]
2026-04-21 11:53:13.040572 Sync done -> model run start
net_times: [[0.0, 2.118, 0, 1210368], [0.0, 2.226, 0, 1210368], [0.0, 4.216, 0, 1210368], [0.0, 2.798, 0, 1210368], [0.0, 2.053, 0, 1210368], [0.0, 1.964, 0, 1210368], [0.0, 2.523, 0, 1210368], [0.0, 2.213, 0, 1210368], [0.0, 1.941, 0, 1210368], [0.0, 2.623, 0, 1210368]]
echo 'race4fun' | sudo -S sh -c 'journalctl --since "2026-04-21 11:50:47.059468" --until "2026-04-21 11:53:13.040572" -k -o short-iso '| grep -i -E 'throttle|throttled|thermal|cpufreq|under-voltage|voltage'
