ALL SYNC
2026-04-21 11:46:16.295634 Sync done -> model run start
2026-04-21 11:46:16.295634 Sync done -> model run start
2026-04-21 11:46:16.300137 Sync done -> model run start
2026-04-21 11:46:16.344206 Sync done -> model run start
0 18.71 [4.769807284930721, 3.5421196359675378, 3.4792505770456046, 3.466588183073327, 3.451832516118884]
3 18.825 [4.619086565915495, 3.6435625429730862, 3.6124724650289863, 3.4839416509494185, 3.46585297700949]
2 18.86 [4.690251370193437, 3.5786796379834414, 3.666013749781996, 3.465270427055657, 3.4593403479084373]
1 19.239 [4.800697988830507, 3.692352285142988, 3.618786397157237, 3.598939605988562, 3.528288026805967]
2026-04-21 11:46:39.117551 Sync done -> model run start
2026-04-21 11:46:39.118046 Sync done -> model run start
2026-04-21 11:46:39.119183 Sync done -> model run start
2026-04-21 11:46:39.202657 Sync done -> model run start
2 18.552 [4.6923260488547385, 3.5016178789082915, 3.4512709041591734, 3.449822576949373, 3.4564641111064702]
0 18.597 [4.715923814103007, 3.5109014860354364, 3.4581260308623314, 3.4490451829042286, 3.4624012210406363]
3 18.694 [4.82964375289157, 3.5061221830546856, 3.4540755269117653, 3.4471799831371754, 3.4569092649035156]
1 19.138 [4.82241341797635, 3.639792818808928, 3.581199264153838, 3.5617267929483205, 3.5331353507936]
2026-04-21 11:47:01.746324 Sync done -> model run start
2026-04-21 11:47:01.759990 Sync done -> model run start
2026-04-21 11:47:01.763415 Sync done -> model run start
2026-04-21 11:47:01.781150 Sync done -> model run start
2 18.658 [4.642169592902064, 3.5973825291730464, 3.4839870678260922, 3.4748431479092687, 3.459355127066374]
3 18.716 [4.703119753859937, 3.568807128118351, 3.494985355064273, 3.4797617220319808, 3.4687718278728426]
0 18.789 [4.662504664156586, 3.720832790946588, 3.478713027900085, 3.462612418923527, 3.464457998983562]
1 19.275 [4.779544692952186, 3.7085958630777895, 3.619863319210708, 3.6049544760026038, 3.5613468519877642]
2026-04-21 11:47:24.446059 Sync done -> model run start
2026-04-21 11:47:24.446061 Sync done -> model run start
2026-04-21 11:47:24.467824 Sync done -> model run start
2026-04-21 11:47:24.525197 Sync done -> model run start
3 19.713 [3.647144952090457, 3.636674870038405, 3.578496015863493, 4.345931499963626, 4.504183126846328]
0 19.624 [3.6254153810441494, 3.617226712172851, 3.5679521791171283, 4.353471545968205, 4.460092619992793]
1 19.826 [3.6251675579696894, 3.617472921963781, 3.5677256060298532, 4.422826293157414, 4.5921923101413995]
2 20.201 [3.7670352619607, 3.755915194982663, 3.726417694007978, 4.4339859241154045, 4.517481063958257]
2026-04-21 11:47:48.140273 Sync done -> model run start
2026-04-21 11:47:48.155769 Sync done -> model run start
2026-04-21 11:47:48.160537 Sync done -> model run start
2026-04-21 11:47:48.179091 Sync done -> model run start
0 17.586 [3.5223063540179282, 3.511113379150629, 3.4798077708110213, 3.5225006740074605, 3.55027936398983]
1 17.617 [3.53799609397538, 3.514857071917504, 3.481703728903085, 3.5222359118051827, 3.5594987561926246]
3 17.623 [3.5329508690629154, 3.522106284974143, 3.4928751920815557, 3.5207026060670614, 3.5542170139960945]
2 18.238 [3.6587669639848173, 3.6642181591596454, 3.6276112671475857, 3.663123399950564, 3.623964864993468]
2026-04-21 11:48:09.747704 Sync done -> model run start
2026-04-21 11:48:09.761298 Sync done -> model run start
2026-04-21 11:48:09.769421 Sync done -> model run start
2026-04-21 11:48:09.785205 Sync done -> model run start
0 17.885 [3.5418220381252468, 3.576252665836364, 3.5684960540384054, 3.5858963918872178, 3.6123146100435406]
1 17.906 [3.563399392180145, 3.571452406933531, 3.57232849416323, 3.5884075260255486, 3.6098653359804302]
3 17.935 [3.5579628609120846, 3.5747314479667693, 3.574491759063676, 3.5995282910298556, 3.627868094947189]
2 18.519 [3.69430317892693, 3.7153613481204957, 3.714995648013428, 3.707200061995536, 3.6871352051384747]
2026-04-21 11:48:31.693916 Sync done -> model run start
2026-04-21 11:48:31.700801 Sync done -> model run start
2026-04-21 11:48:31.713421 Sync done -> model run start
2026-04-21 11:48:31.719161 Sync done -> model run start
1 18.783 [4.5728832189925015, 3.555043608881533, 3.4741165740415454, 3.588516137097031, 3.5927059419918805]
3 18.81 [4.593167046085, 3.5540644489228725, 3.4798867928329855, 3.587890741182491, 3.595278271008283]
2 18.965 [4.6728167491965, 3.6456449010875076, 3.4723908281885087, 3.594417521962896, 3.579555067932233]
0 19.474 [4.775107654975727, 3.6704689741600305, 3.622699751984328, 3.763993666972965, 3.6418838950339705]
2026-04-21 11:48:54.534406 Sync done -> model run start
2026-04-21 11:48:54.542426 Sync done -> model run start
2026-04-21 11:48:54.562894 Sync done -> model run start
2026-04-21 11:48:54.588793 Sync done -> model run start
2 18.81 [3.539656756911427, 3.6398598009254783, 3.692623799899593, 4.452669248916209, 3.4846100979484618]
0 18.854 [3.5461919070221484, 3.6403564871288836, 3.693677434930578, 4.493056810926646, 3.4802121091634035]
3 19.121 [3.555450796149671, 3.639781665056944, 3.7000276129692793, 4.546620066044852, 3.6785519989207387]
1 19.371 [3.682740001939237, 3.7588620658498257, 3.8268557880073786, 4.5228195551317185, 3.578952519921586]
2026-04-21 11:49:17.318347 Sync done -> model run start
2026-04-21 11:49:17.319990 Sync done -> model run start
2026-04-21 11:49:17.341533 Sync done -> model run start
2026-04-21 11:49:17.362353 Sync done -> model run start
1 19.29 [3.613021729979664, 3.639707447960973, 3.660263156052679, 4.741726859938353, 3.635477527976036]
3 19.2 [3.6302546539809555, 3.6624420199077576, 3.677022187039256, 4.720145172206685, 3.5098754579667]
2 19.388 [3.611362606054172, 3.64236040902324, 3.6571600730530918, 4.761782219167799, 3.714695778908208]
0 19.637 [3.7732751809526235, 3.7898158200550824, 3.8141304831951857, 4.802253772970289, 3.4576554130762815]
2026-04-21 11:49:40.424658 Sync done -> model run start
2026-04-21 11:49:40.429479 Sync done -> model run start
2026-04-21 11:49:40.430023 Sync done -> model run start
2026-04-21 11:49:40.501980 Sync done -> model run start
3 18.61 [4.351820736890659, 3.524641291005537, 3.512173403054476, 3.606911215931177, 3.613771114964038]
2 18.678 [4.4016010710038245, 3.542104111984372, 3.510134139098227, 3.612879774067551, 3.6109162939246744]
0 19.262 [4.481148537015542, 3.676445855991915, 3.660625600023195, 3.7534376070834696, 3.689715408021584]
2026-04-21 11:50:01.686861 Sync done -> model run start
net_times: [[0.0, 2.089, 0, 1210368], [0.0, 1.933, 0, 1210368], [0.0, 1.908, 0, 1210368], [0.0, 1.875, 0, 1210368], [0.0, 1.868, 0, 1210368], [0.0, 1.88, 0, 1210368], [0.0, 1.865, 0, 1210368], [0.0, 1.871, 0, 1210368], [0.0, 1.929, 0, 1210368], [0.0, 1.865, 0, 1210368]]
echo 'race4fun' | sudo -S sh -c 'journalctl --since "2026-04-21 11:46:13.506752" --until "2026-04-21 11:50:01.686861" -k -o short-iso '| grep -i -E 'throttle|throttled|thermal|cpufreq|under-voltage|voltage'
