ALL SYNC
2026-04-21 11:51:04.655992 Sync done -> model run start
2026-04-21 11:51:04.655992 Sync done -> model run start
2026-04-21 11:51:04.656003 Sync done -> model run start
2026-04-21 11:51:04.655992 Sync done -> model run start
1 10.7 [2.2248134058900177, 2.189499673899263, 2.132944699842483, 2.066286914050579, 2.086286074947566]
2 10.716 [2.229447079123929, 2.1933519470039755, 2.1329727210104465, 2.069374449085444, 2.0910222469829023]
0 10.767 [2.2294473401270807, 2.193350956076756, 2.1471576469484717, 2.0815133969299495, 2.114899206906557]
3 11.263 [2.32977869710885, 2.3043619440868497, 2.221868613967672, 2.156402748078108, 2.250582201872021]
2026-04-21 11:51:17.968266 Sync done -> model run start
2026-04-21 11:51:17.973056 Sync done -> model run start
2026-04-21 11:51:17.995323 Sync done -> model run start
2026-04-21 11:51:18.021930 Sync done -> model run start
1 10.642 [2.1436402418185025, 2.133600495988503, 2.1212036272045225, 2.1268516639247537, 2.1162458800245076]
2 10.701 [2.1510309849400073, 2.143991691991687, 2.1253266260027885, 2.1367776019033045, 2.1440213080495596]
0 10.646 [2.1443192490842193, 2.1376666729338467, 2.121203888207674, 2.1268475488759577, 2.11619858792983]
3 11.102 [2.2310359340626746, 2.225775122176856, 2.2149739200249314, 2.2166583840735257, 2.213592716027051]
2026-04-21 11:51:33.661556 Sync done -> model run start
2026-04-21 11:51:33.679608 Sync done -> model run start
2026-04-21 11:51:33.699789 Sync done -> model run start
2026-04-21 11:51:33.720329 Sync done -> model run start
2 10.411 [2.1316542148124427, 2.096596891991794, 2.0707924379967153, 2.0523261739872396, 2.0593987870961428]
3 10.436 [2.145154978847131, 2.0983718829229474, 2.0707106669433415, 2.0526810160372406, 2.068764726864174]
1 10.384 [2.1271311149466783, 2.0983434980735183, 2.060847749002278, 2.0486952550709248, 2.0489631651435047]
0 10.812 [2.23961308109574, 2.1915153549052775, 2.16816786583513, 2.0877980708610266, 2.1250452138483524]
2026-04-21 11:51:48.000012 Sync done -> model run start
2026-04-21 11:51:48.007816 Sync done -> model run start
2026-04-21 11:51:48.027490 Sync done -> model run start
2026-04-21 11:51:48.077991 Sync done -> model run start
1 10.684 [2.175459935097024, 2.1545888918917626, 2.118637875886634, 2.1348455450497568, 2.0996378080453724]
0 10.694 [2.183217237936333, 2.1546409230213612, 2.118658292107284, 2.137735843192786, 2.099393538199365]
2 10.729 [2.197013051016256, 2.1655320117715746, 2.1248156558722258, 2.1410625961143523, 2.0998980139847845]
3 11.094 [2.2923458858858794, 2.252163484925404, 2.2069307980127633, 2.194717263104394, 2.1477106269448996]
2026-04-21 11:52:02.341879 Sync done -> model run start
2026-04-21 11:52:02.341879 Sync done -> model run start
2026-04-21 11:52:02.400188 Sync done -> model run start
2026-04-21 11:52:02.400327 Sync done -> model run start
1 10.662 [2.2194084650836885, 2.154755413066596, 2.121054333867505, 2.064667697995901, 2.1014440609142184]
0 10.704 [2.210559865925461, 2.1636064080521464, 2.1413671961054206, 2.0663356569129974, 2.1217660368420184]
3 10.71 [2.2066779599990696, 2.163988280808553, 2.1439887441229075, 2.0638500459026545, 2.131502600153908]
2 11.049 [2.29259302909486, 2.2451363438740373, 2.1738840038888156, 2.1476410620380193, 2.189719638088718]
2026-04-21 11:52:16.593305 Sync done -> model run start
2026-04-21 11:52:16.615034 Sync done -> model run start
2026-04-21 11:52:16.646997 Sync done -> model run start
2026-04-21 11:52:16.713365 Sync done -> model run start
0 10.388 [2.1111282650381327, 2.092986741103232, 2.0672559859231114, 2.0661914539523423, 2.050432677846402]
1 10.424 [2.1081117710564286, 2.100703315110877, 2.0743118340615183, 2.0692592510022223, 2.071556630078703]
2 10.42 [2.1116415441501886, 2.105173550779, 2.067583795869723, 2.0734027710277587, 2.062189282849431]
3 10.752 [2.144235643092543, 2.1991118588484824, 2.168995344080031, 2.1473602959886193, 2.0921501650009304]
2026-04-21 11:52:30.802013 Sync done -> model run start
2026-04-21 11:52:30.820802 Sync done -> model run start
2026-04-21 11:52:30.839414 Sync done -> model run start
2026-04-21 11:52:30.857584 Sync done -> model run start
1 10.465 [2.13942604791373, 2.1092590659391135, 2.063556489069015, 2.087568024173379, 2.065068813972175]
0 10.432 [2.127723558107391, 2.1031656600534916, 2.0669861070346087, 2.0767582380212843, 2.05696219089441]
2 10.484 [2.1361867941450328, 2.1173525128979236, 2.0726014408282936, 2.0931098700966686, 2.0645117869134992]
3 10.838 [2.2175593848805875, 2.198191303992644, 2.1563448009546846, 2.134320223936811, 2.13095919508487]
2026-04-21 11:52:45.266001 Sync done -> model run start
2026-04-21 11:52:45.288520 Sync done -> model run start
2026-04-21 11:52:45.315169 Sync done -> model run start
2026-04-21 11:52:45.333329 Sync done -> model run start
0 10.407 [2.1010520979762077, 2.112947029992938, 2.0659448781516403, 2.063612698111683, 2.062723219161853]
1 10.431 [2.101397825870663, 2.128056481014937, 2.064178272848949, 2.064469464123249, 2.0722502518910915]
2 10.792 [2.181436412036419, 2.2153605499770492, 2.1502215140499175, 2.1118033800739795, 2.133236594032496]
3 10.47 [2.0966902470681816, 2.1352663391735405, 2.067681743996218, 2.064657432027161, 2.105146639049053]
2026-04-21 11:52:59.600944 Sync done -> model run start
2026-04-21 11:52:59.627776 Sync done -> model run start
2026-04-21 11:52:59.650802 Sync done -> model run start
2026-04-21 11:52:59.661538 Sync done -> model run start
2 10.454 [2.1337812130805105, 2.1041986558120698, 2.0890248250216246, 2.058615190908313, 2.0685819550417364]
1 10.856 [2.234406145988032, 2.1920167298521847, 2.1391971621196717, 2.1478647661861032, 2.142407289939001]
0 10.433 [2.1449999548494816, 2.1021746050100774, 2.0722409561276436, 2.0539987571537495, 2.0594774212222546]
2026-04-21 11:53:13.850756 Sync done -> model run start
2026-04-21 11:53:13.915050 Sync done -> model run start
2026-04-21 11:53:13.915949 Sync done -> model run start
2026-04-21 11:53:13.916927 Sync done -> model run start
1 10.497 [2.1514838440343738, 2.119468905031681, 2.0618747279513627, 2.080849101068452, 2.083229864947498]
3 10.466 [2.128192614065483, 2.117491623852402, 2.0768801160156727, 2.0603355129715055, 2.08258314919658]
2 10.523 [2.169802703894675, 2.1098576539661735, 2.0733323749154806, 2.074807518860325, 2.095440112054348]
0 10.825 [2.199240983929485, 2.173845853889361, 2.161865600151941, 2.1623400188982487, 2.1270507238805294]
2026-04-21 11:53:27.423148 Sync done -> model run start
net_times: [[14.636, 1.048, 1210368, 1210368], [0.033, 3.56, 1210368, 1210368], [0.002, 2.565, 1210368, 1210368], [0.002, 2.197, 1210368, 1210368], [0.002, 2.077, 1210368, 1210368], [0.132, 2.366, 1210368, 1210368], [0.002, 2.613, 1210368, 1210368], [0.002, 2.38, 1210368, 1210368], [0.148, 2.384, 1210368, 1210368], [0.002, 2.576, 1210368, 1210368]]
echo 'race4fun' | sudo -S sh -c 'journalctl --since "2026-04-21 11:50:48.073669" --until "2026-04-21 11:53:27.423148" -k -o short-iso '| grep -i -E 'throttle|throttled|thermal|cpufreq|under-voltage|voltage'
