ALL SYNC
2026-04-21 11:51:19.091769 Sync done -> model run start
2026-04-21 11:51:19.091772 Sync done -> model run start
2026-04-21 11:51:19.091783 Sync done -> model run start
2026-04-21 11:51:19.091769 Sync done -> model run start
3 11.924 [2.47059205500409, 2.378506283974275, 2.305392269976437, 2.3066653879359365, 2.4621634299401194]
2 12.063 [2.4723964747972786, 2.393108940916136, 2.311663185013458, 2.315804470097646, 2.570118413073942]
0 12.212 [2.4744789679534733, 2.395444244844839, 2.3122284431010485, 2.316344207851216, 2.7129740009550005]
1 12.43 [2.642380459001288, 2.4559167919214815, 2.400471255881712, 2.41238782601431, 2.5191276031546295]
2026-04-21 11:51:33.660350 Sync done -> model run start
2026-04-21 11:51:33.661985 Sync done -> model run start
2026-04-21 11:51:33.686386 Sync done -> model run start
2026-04-21 11:51:33.698925 Sync done -> model run start
0 11.782 [2.348103360971436, 2.3474454439710826, 2.323681515874341, 2.3389909910038114, 2.423300117952749]
1 11.809 [2.353498914046213, 2.344076653942466, 2.3211802230216563, 2.3374161010142416, 2.452026162063703]
3 12.183 [2.449667585082352, 2.4464703539852053, 2.3997807770501822, 2.4314607148990035, 2.455469795037061]
2026-04-21 11:51:48.009919 Sync done -> model run start
2026-04-21 11:51:48.032310 Sync done -> model run start
2026-04-21 11:51:48.056342 Sync done -> model run start
2026-04-21 11:51:48.057854 Sync done -> model run start
3 11.685 [2.3618498619180173, 2.3567490968853235, 2.327198261860758, 2.3171058481093496, 2.322299577994272]
0 11.713 [2.3680681730620563, 2.357852322049439, 2.334636726183817, 2.3155819999519736, 2.336275205016136]
1 11.781 [2.3617331439163536, 2.3608466351870447, 2.333964800927788, 2.3191244348417968, 2.4053801679983735]
2 12.164 [2.4528061021119356, 2.453669014154002, 2.4331789799034595, 2.3919617801439017, 2.4320173650048673]
2026-04-21 11:52:02.351138 Sync done -> model run start
2026-04-21 11:52:02.393065 Sync done -> model run start
2026-04-21 11:52:02.412150 Sync done -> model run start
2026-04-21 11:52:02.412150 Sync done -> model run start
3 11.546 [2.3508692120667547, 2.331282613100484, 2.2843901209998876, 2.282710750820115, 2.296073409030214]
0 11.516 [2.351351866964251, 2.3269191910512745, 2.2851831389125437, 2.277940871194005, 2.273890156066045]
1 11.98 [2.4322101729921997, 2.4185026159975678, 2.3823615449946374, 2.3671876380685717, 2.379026709124446]
2026-04-21 11:52:16.494131 Sync done -> model run start
2026-04-21 11:52:16.514916 Sync done -> model run start
2026-04-21 11:52:16.530353 Sync done -> model run start
2026-04-21 11:52:16.542198 Sync done -> model run start
1 11.713 [2.340773924952373, 2.3370684140827507, 2.310749704949558, 2.3502477910369635, 2.374241349985823]
2 11.842 [2.335313838906586, 2.330913071986288, 2.3059390438720584, 2.3461737430188805, 2.5238030049949884]
0 12.148 [2.429456891026348, 2.4182791670318693, 2.4064438429195434, 2.4426423590630293, 2.45141456509009]
2026-04-21 11:52:30.841356 Sync done -> model run start
2026-04-21 11:52:30.841348 Sync done -> model run start
2026-04-21 11:52:30.869499 Sync done -> model run start
2026-04-21 11:52:30.885659 Sync done -> model run start
0 11.844 [2.3853197440039366, 2.3915601370390505, 2.3271652599796653, 2.3447201950475574, 2.3945925689768046]
1 11.848 [2.3853202131576836, 2.3877271821256727, 2.3286206189077348, 2.347114613978192, 2.398723491933197]
3 12.04 [2.385794690111652, 2.391065451083705, 2.3244679258204997, 2.3394436000380665, 2.599450693000108]
2 12.273 [2.4716036040335894, 2.4927879008464515, 2.4173992089927197, 2.4138134389650077, 2.477177222026512]
2026-04-21 11:52:45.299347 Sync done -> model run start
2026-04-21 11:52:45.300133 Sync done -> model run start
2026-04-21 11:52:45.330654 Sync done -> model run start
2026-04-21 11:52:45.345615 Sync done -> model run start
0 11.585 [2.3531976600643247, 2.3233377640135586, 2.2879708581604064, 2.2986326930113137, 2.3210813091136515]
2 11.636 [2.354066615924239, 2.3238849509507418, 2.287092839833349, 2.297922955825925, 2.373064562212676]
1 12.029 [2.4475263860076666, 2.415166761027649, 2.379172876942903, 2.3823395299259573, 2.404283042997122]
3 11.725 [2.3571150940842927, 2.330856123007834, 2.2946848440915346, 2.2963643160182983, 2.445547323906794]
2026-04-21 11:52:59.469046 Sync done -> model run start
2026-04-21 11:52:59.469416 Sync done -> model run start
2026-04-21 11:52:59.491452 Sync done -> model run start
2026-04-21 11:52:59.553788 Sync done -> model run start
1 11.786 [2.399414828978479, 2.3568513318896294, 2.325146703980863, 2.335079584037885, 2.368915138999]
2 11.798 [2.425419371109456, 2.3489440171979368, 2.322492287028581, 2.334724376909435, 2.3657858269289136]
0 11.898 [2.4087670349981636, 2.3516363000962883, 2.3242189481388777, 2.3320666269864887, 2.4808847920503467]
3 12.2 [2.501915036002174, 2.4389879151713103, 2.405143033945933, 2.4319571550004184, 2.421510993037373]
2026-04-21 11:53:13.869349 Sync done -> model run start
2026-04-21 11:53:13.870788 Sync done -> model run start
2026-04-21 11:53:13.887608 Sync done -> model run start
2026-04-21 11:53:13.945455 Sync done -> model run start
2 11.797 [2.390108497114852, 2.372553142020479, 2.3355965020600706, 2.329225272173062, 2.369320336030796]
0 11.922 [2.380702801980078, 2.364866657881066, 2.3366468099411577, 2.326169084990397, 2.513091384898871]
1 11.77 [2.375781256938353, 2.3672528478782624, 2.3366616528946906, 2.3256929928902537, 2.3643745719455183]
3 12.21 [2.4781914120540023, 2.461924125207588, 2.418640995863825, 2.4153195479884744, 2.435402754927054]
2026-04-21 11:53:28.316330 Sync done -> model run start
2026-04-21 11:53:28.316921 Sync done -> model run start
2026-04-21 11:53:28.359581 Sync done -> model run start
2026-04-21 11:53:28.392693 Sync done -> model run start
0 11.726 [2.3932871730066836, 2.3707233460154384, 2.3611023370176554, 2.3128341229166836, 2.288094730814919]
1 11.737 [2.398453457048163, 2.369519392028451, 2.35549272201024, 2.330807183869183, 2.2822528250981122]
3 11.744 [2.3925033221021295, 2.371340114856139, 2.348958005895838, 2.330679580103606, 2.3004143750295043]
2 12.132 [2.519806668860838, 2.4473756758961827, 2.435223895125091, 2.404357285005972, 2.3254216290079057]
2026-04-21 11:53:41.767110 Sync done -> model run start
net_times: [[28.971, 1.12, 1210368, 1210368], [0.002, 1.118, 1210368, 1210368], [0.002, 1.097, 1210368, 1210368], [0.002, 1.08, 1210368, 1210368], [0.002, 1.111, 1210368, 1210368], [0.002, 1.113, 1210368, 1210368], [0.002, 1.101, 1210368, 1210368], [0.002, 1.094, 1210368, 1210368], [0.002, 1.106, 1210368, 1210368], [0.002, 1.118, 1210368, 1210368]]
echo 'race4fun' | sudo -S sh -c 'journalctl --since "2026-04-21 11:50:48.074672" --until "2026-04-21 11:53:41.767110" -k -o short-iso '| grep -i -E 'throttle|throttled|thermal|cpufreq|under-voltage|voltage'
