ALL SYNC
2026-04-21 11:51:40.021504 Sync done -> model run start
2026-04-21 11:51:40.021487 Sync done -> model run start
2026-04-21 11:51:40.021559 Sync done -> model run start
2026-04-21 11:51:40.021491 Sync done -> model run start
1 0.038 [0.029552171006798744, 0.002257330808788538, 0.002059049904346466, 0.002141759032383561, 0.0020755089353770018]
0 0.038 [0.029552171006798744, 0.002248580101877451, 0.002062956104055047, 0.002141759032383561, 0.002075457014143467]
2 0.038 [0.029552171006798744, 0.0022485279478132725, 0.002063217107206583, 0.002142018871381879, 0.002075301017612219]
3 0.038 [0.029560453025624156, 0.002241445006802678, 0.002062905114144087, 0.0021418628748506308, 0.0020754558499902487]
2026-04-21 11:51:52.833169 Sync done -> model run start
2026-04-21 11:51:52.848153 Sync done -> model run start
2026-04-21 11:51:52.858770 Sync done -> model run start
2026-04-21 11:51:52.861716 Sync done -> model run start
0 0.013 [0.006079496117308736, 0.0020271241664886475, 0.0016474390868097544, 0.001525825122371316, 0.0016273870132863522]
2 0.013 [0.006227775942534208, 0.0016891572158783674, 0.0013777520507574081, 0.0014485330320894718, 0.0014094710350036621]
3 0.009 [0.004730492830276489, 0.001335460925474763, 0.0008978070691227913, 0.0008568698540329933, 0.0008417658973485231]
1 0.011 [0.006695532938465476, 0.001552073983475566, 0.0008012449834495783, 0.000864473870024085, 0.001023951917886734]
2026-04-21 11:52:06.812161 Sync done -> model run start
2026-04-21 11:52:06.818468 Sync done -> model run start
2026-04-21 11:52:06.827794 Sync done -> model run start
2026-04-21 11:52:06.837589 Sync done -> model run start
0 0.015 [0.0060534540098160505, 0.001880822004750371, 0.0018845200538635254, 0.0020725398790091276, 0.0024183709174394608]
1 0.014 [0.006402358878403902, 0.0022572269663214684, 0.0015370750334113836, 0.0019723321311175823, 0.0014462419785559177]
2 0.011 [0.005514238961040974, 0.0017295728903263807, 0.001498949946835637, 0.001239784061908722, 0.0010485348757356405]
3 0.007 [0.003578728996217251, 0.0009307230357080698, 0.0007598390802741051, 0.000753902131691575, 0.000735672889277339]
2026-04-21 11:52:21.854029 Sync done -> model run start
2026-04-21 11:52:21.860954 Sync done -> model run start
2026-04-21 11:52:21.875135 Sync done -> model run start
2026-04-21 11:52:21.883841 Sync done -> model run start
0 0.014 [0.006464129080995917, 0.0018318130169063807, 0.0016972820740193129, 0.0018895210232585669, 0.001741186948493123]
1 0.015 [0.006599752930924296, 0.0018816038500517607, 0.0023724858183413744, 0.002295715967193246, 0.0012800970580428839]
2 0.01 [0.005208145827054977, 0.001455564983189106, 0.0011193680111318827, 0.0011394720058888197, 0.0013082742225378752]
3 0.009 [0.004270078847184777, 0.0011907229200005531, 0.0009601498022675514, 0.0009648900013417006, 0.0009258270729333162]
2026-04-21 11:52:36.289872 Sync done -> model run start
2026-04-21 11:52:36.297207 Sync done -> model run start
2026-04-21 11:52:36.306540 Sync done -> model run start
2026-04-21 11:52:36.320170 Sync done -> model run start
2 0.012 [0.006271160906180739, 0.0019209780730307102, 0.0014933249913156033, 0.0013407221995294094, 0.0011559829581528902]
3 0.008 [0.00402539293281734, 0.0012239511124789715, 0.0009514009580016136, 0.0009653589222580194, 0.0009575460571795702]
0 0.014 [0.006387151079252362, 0.0019277487881481647, 0.0018892069347202778, 0.0019153011962771416, 0.0019855089485645294]
2026-04-21 11:52:49.764374 Sync done -> model run start
2026-04-21 11:52:49.769900 Sync done -> model run start
2026-04-21 11:52:49.779887 Sync done -> model run start
2026-04-21 11:52:49.792048 Sync done -> model run start
0 0.016 [0.0070909480564296246, 0.002184361917898059, 0.0021806119475513697, 0.002563475165516138, 0.002033842960372567]
1 0.017 [0.008061151020228863, 0.002357433782890439, 0.0018877489492297173, 0.002152852015569806, 0.0022173828911036253]
2 0.014 [0.007062145974487066, 0.0018489989452064037, 0.0017809788696467876, 0.0013559809885919094, 0.0014092109631747007]
3 0.009 [0.004556588130071759, 0.0013071279972791672, 0.0010657228995114565, 0.001077285036444664, 0.001109004020690918]
2026-04-21 11:53:05.242904 Sync done -> model run start
2026-04-21 11:53:05.250074 Sync done -> model run start
2026-04-21 11:53:05.265634 Sync done -> model run start
2026-04-21 11:53:05.276483 Sync done -> model run start
1 0.015 [0.006638294784352183, 0.0019224889110773802, 0.0019047798123210669, 0.0019833219703286886, 0.0022664451971650124]
2 0.01 [0.004926169058308005, 0.0013719189446419477, 0.0012972841504961252, 0.0013177529908716679, 0.0011281180195510387]
3 0.008 [0.004019716056063771, 0.001229315996170044, 0.0009880668949335814, 0.0009796300437301397, 0.0009633789304643869]
0 0.014 [0.006050329189747572, 0.002280924003571272, 0.0018448848277330399, 0.0016675421502441168, 0.0018178538884967566]
2026-04-21 11:53:17.532862 Sync done -> model run start
2026-04-21 11:53:17.541773 Sync done -> model run start
2026-04-21 11:53:17.556225 Sync done -> model run start
2026-04-21 11:53:17.561835 Sync done -> model run start
0 0.012 [0.004891950869932771, 0.001712230034172535, 0.001568793086335063, 0.0017161360010504723, 0.0022235291544348]
2 0.009 [0.004893303848803043, 0.0010637440718710423, 0.000995306996628642, 0.0010120249353349209, 0.001096086809411645]
1 0.013 [0.006180329015478492, 0.0017114491201937199, 0.0015698869246989489, 0.0021682169754058123, 0.0013349398504942656]
3 0.008 [0.0037488320376724005, 0.0010153069160878658, 0.0011195770930498838, 0.0008790050633251667, 0.0008334319572895765]
2026-04-21 11:53:32.843623 Sync done -> model run start
2026-04-21 11:53:32.852414 Sync done -> model run start
2026-04-21 11:53:32.859377 Sync done -> model run start
2026-04-21 11:53:32.877290 Sync done -> model run start
0 0.012 [0.005840435158461332, 0.001680874964222312, 0.0015544700436294079, 0.0013915018644183874, 0.0012675970792770386]
2 0.011 [0.004864346003159881, 0.0015711369924247265, 0.0015055639669299126, 0.001442127162590623, 0.0010873370338231325]
1 0.013 [0.006062932778149843, 0.0018464999739080667, 0.0016967090778052807, 0.001670198980718851, 0.0018627499230206013]
3 0.006 [0.0028372230008244514, 0.0009944741614162922, 0.0007504639215767384, 0.0007750990334898233, 0.0007436941377818584]
2026-04-21 11:53:48.379950 Sync done -> model run start
2026-04-21 11:53:48.403543 Sync done -> model run start
2026-04-21 11:53:48.408397 Sync done -> model run start
2026-04-21 11:53:48.416010 Sync done -> model run start
0 0.013 [0.005464551039040089, 0.001491971081122756, 0.0013271791394799948, 0.0018364470452070236, 0.00277701485902071]
2 0.01 [0.004255705047398806, 0.0015339490491896868, 0.0011443160474300385, 0.0014255130663514137, 0.0014910330064594746]
3 0.01 [0.004927054047584534, 0.0013390539679676294, 0.0014006160199642181, 0.0014013980980962515, 0.0009919728618115187]
1 0.008 [0.003789197187870741, 0.001446553971618414, 0.0010253579821437597, 0.0009172859136015177, 0.0008042659610509872]
2026-04-21 11:53:48.492662 Sync done -> model run start
net_times: [[51.46, 0.0, 605184, 0], [12.592, 0.0, 605184, 0], [13.754, 0.0, 605184, 0], [14.822, 0.0, 605184, 0], [14.195, 0.0, 605184, 0], [13.243, 0.0, 605184, 0], [15.254, 0.0, 605184, 0], [12.075, 0.0, 605184, 0], [15.099, 0.0, 605184, 0], [15.315, 0.0, 605184, 0]]
echo 'race4fun' | sudo -S sh -c 'journalctl --since "2026-04-21 11:50:48.074712" --until "2026-04-21 11:53:48.492662" -k -o short-iso '| grep -i -E 'throttle|throttled|thermal|cpufreq|under-voltage|voltage'
