ALL SYNC
2026-04-21 06:53:21.143823 Sync done -> model run start
2026-04-21 06:53:21.143823 Sync done -> model run start
2026-04-21 06:53:21.143823 Sync done -> model run start
2026-04-21 06:53:21.144295 Sync done -> model run start
0 0.469 [0.4689638880081475]
2 0.471 [0.4708281510975212]
3 0.48 [0.48008889495395124]
1 0.523 [0.5227024210616946]
2026-04-21 06:53:22.255999 Sync done -> model run start
2026-04-21 06:53:22.258206 Sync done -> model run start
2026-04-21 06:53:22.270799 Sync done -> model run start
2026-04-21 06:53:22.288741 Sync done -> model run start
0 0.417 [0.41683743102476]
1 0.423 [0.4229164170101285]
3 0.425 [0.4244251090567559]
2 0.472 [0.4716374180279672]
2026-04-21 06:53:23.793092 Sync done -> model run start
2026-04-21 06:53:23.815227 Sync done -> model run start
2026-04-21 06:53:23.831345 Sync done -> model run start
2026-04-21 06:53:23.840418 Sync done -> model run start
0 0.408 [0.40763048897497356]
2 0.409 [0.4091868370305747]
3 0.404 [0.4039002968929708]
1 0.434 [0.4338446019683033]
2026-04-21 06:53:25.240221 Sync done -> model run start
2026-04-21 06:53:25.243576 Sync done -> model run start
2026-04-21 06:53:25.256506 Sync done -> model run start
2026-04-21 06:53:25.270818 Sync done -> model run start
0 0.418 [0.418131957994774]
1 0.42 [0.4201828350778669]
2 0.423 [0.4225767320021987]
3 0.424 [0.4242903699632734]
2026-04-21 06:53:27.240274 Sync done -> model run start
2026-04-21 06:53:27.251050 Sync done -> model run start
2026-04-21 06:53:27.267485 Sync done -> model run start
2026-04-21 06:53:27.279938 Sync done -> model run start
1 0.417 [0.4168917539063841]
0 0.421 [0.42073783185333014]
2 0.417 [0.41712998203001916]
3 0.46 [0.45949418703094125]
2026-04-21 06:53:29.156160 Sync done -> model run start
net_times: [[1.081, 0.367, 3211264, 161952], [0.022, 0.851, 3211264, 161952], [0.019, 0.73, 3211264, 370531], [0.03, 1.068, 3211264, 584019], [0.288, 1.33, 3211264, 739503]]
echo 'race4fun' | sudo -S sh -c 'journalctl --since "2026-04-21 06:53:19.605078" --until "2026-04-21 06:53:29.156160" -k -o short-iso '| grep -i -E 'throttle|throttled|thermal|cpufreq|under-voltage|voltage'
