ALL SYNC
2026-04-21 06:53:20.430113 Sync done -> model run start
2026-04-21 06:53:20.430113 Sync done -> model run start
2026-04-21 06:53:20.430131 Sync done -> model run start
2026-04-21 06:53:20.430461 Sync done -> model run start
3 0.035 [0.03448542486876249]
1 0.035 [0.03467417391948402]
0 0.035 [0.034484226955100894]
2 0.035 [0.03467349708080292]
2026-04-21 06:53:20.956413 Sync done -> model run start
2026-04-21 06:53:21.000262 Sync done -> model run start
2026-04-21 06:53:21.051958 Sync done -> model run start
2026-04-21 06:53:21.102266 Sync done -> model run start
0 0.022 [0.021882027853280306]
1 0.029 [0.02583694690838456]
2 0.019 [0.018967100884765387]
3 0.011 [0.01059101615101099]
2026-04-21 06:53:22.373262 Sync done -> model run start
2026-04-21 06:53:22.416439 Sync done -> model run start
2026-04-21 06:53:22.469422 Sync done -> model run start
2026-04-21 06:53:22.519956 Sync done -> model run start
0 0.021 [0.021286563016474247]
1 0.033 [0.0327109070494771]
2 0.02 [0.01985912607051432]
3 0.011 [0.011286896886304021]
2026-04-21 06:53:23.936361 Sync done -> model run start
2026-04-21 06:53:23.984602 Sync done -> model run start
2026-04-21 06:53:24.032065 Sync done -> model run start
2026-04-21 06:53:24.081258 Sync done -> model run start
1 0.025 [0.025100077968090773]
2 0.02 [0.02006006194278598]
3 0.011 [0.010557682951912284]
2026-04-21 06:53:26.584279 Sync done -> model run start
2026-04-21 06:53:26.633785 Sync done -> model run start
2026-04-21 06:53:26.685269 Sync done -> model run start
2026-04-21 06:53:26.730573 Sync done -> model run start
0 0.023 [0.02256603306159377]
1 0.017 [0.016484462888911366]
2 0.015 [0.015019160928204656]
3 0.011 [0.010920597007498145]
2026-04-21 06:53:27.170217 Sync done -> model run start
net_times: [[0.338, 0.113, 12845056, 4581], [0.119, 0.977, 12845056, 4581], [0.081, 1.107, 12845056, 24046], [0.086, 0.978, 12845056, 70663], [1.284, 0.335, 12845056, 227334]]
echo 'race4fun' | sudo -S sh -c 'journalctl --since "2026-04-21 06:53:19.599339" --until "2026-04-21 06:53:27.170217" -k -o short-iso '| grep -i -E 'throttle|throttled|thermal|cpufreq|under-voltage|voltage'
