ALL SYNC
2026-04-21 06:53:24.006091 Sync done -> model run start
2026-04-21 06:53:24.006100 Sync done -> model run start
2026-04-21 06:53:24.006087 Sync done -> model run start
2026-04-21 06:53:24.006098 Sync done -> model run start
2 0.034 [0.033737296937033534]
3 0.034 [0.03373813000507653]
0 0.034 [0.033761462895199656]
1 0.034 [0.0337377660907805]
2026-04-21 06:53:24.549808 Sync done -> model run start
2026-04-21 06:53:24.550782 Sync done -> model run start
2026-04-21 06:53:24.555895 Sync done -> model run start
2026-04-21 06:53:24.561551 Sync done -> model run start
2 0.006 [0.005620955023914576]
0 0.005 [0.005209291120991111]
1 0.013 [0.012343571987003088]
3 0.004 [0.004300807137042284]
2026-04-21 06:53:26.050910 Sync done -> model run start
2026-04-21 06:53:26.052284 Sync done -> model run start
2026-04-21 06:53:26.053858 Sync done -> model run start
2026-04-21 06:53:26.057302 Sync done -> model run start
0 0.007 [0.006947198184207082]
1 0.007 [0.006955374963581562]
2 0.007 [0.006825166987255216]
3 0.006 [0.006292879115790129]
2026-04-21 06:53:27.744154 Sync done -> model run start
2026-04-21 06:53:27.744154 Sync done -> model run start
2026-04-21 06:53:27.749589 Sync done -> model run start
2026-04-21 06:53:27.755543 Sync done -> model run start
1 0.006 [0.005722100846469402]
0 0.006 [0.005712620913982391]
2 0.006 [0.005419550929218531]
3 0.004 [0.0034536770544946194]
2026-04-21 06:53:30.131350 Sync done -> model run start
2026-04-21 06:53:30.131238 Sync done -> model run start
2026-04-21 06:53:30.137116 Sync done -> model run start
2026-04-21 06:53:30.140101 Sync done -> model run start
0 0.006 [0.005552466958761215]
1 0.006 [0.005552623188123107]
2 0.005 [0.005332364002242684]
3 0.004 [0.004252317827194929]
2026-04-21 06:53:30.214861 Sync done -> model run start
net_times: [[3.978, 0.0, 401408, 0], [0.358, 0.0, 401408, 0], [1.328, 0.0, 401408, 0], [1.537, 0.0, 401408, 0], [2.23, 0.0, 401408, 0]]
echo 'race4fun' | sudo -S sh -c 'journalctl --since "2026-04-21 06:53:19.606036" --until "2026-04-21 06:53:30.214861" -k -o short-iso '| grep -i -E 'throttle|throttled|thermal|cpufreq|under-voltage|voltage'
