TIME:16:06:30
52616
cpu:average: 3.36, 3.15,,freq:frequency(48)=1400000000,throttle_flag:throttled=0xd0000,voltage:volt=1.3813V,volt=1.2500V,volt=1.2500V,volt=1.2250V
TIME:16:06:31
52616
cpu:average: 3.36, 3.15,,freq:frequency(48)=1400000000,throttle_flag:throttled=0xd0000,voltage:volt=1.3813V,volt=1.2500V,volt=1.2500V,volt=1.2250V
TIME:16:06:32
52078
cpu:average: 3.36, 3.15,,freq:frequency(48)=1400000000,throttle_flag:throttled=0xd0000,voltage:volt=1.3813V,volt=1.2500V,volt=1.2500V,volt=1.2250V
TIME:16:06:33
51540
cpu:average: 3.09, 3.10,,freq:frequency(48)=1400000000,throttle_flag:throttled=0xd0000,voltage:volt=1.3813V,volt=1.2500V,volt=1.2500V,volt=1.2250V
TIME:16:06:34
51002
cpu:average: 3.09, 3.10,,freq:frequency(48)=1400000000,throttle_flag:throttled=0xd0000,voltage:volt=1.3813V,volt=1.2500V,volt=1.2500V,volt=1.2250V
TIME:16:06:35
51002
cpu:average: 3.09, 3.10,,freq:frequency(48)=1400000000,throttle_flag:throttled=0xd0000,voltage:volt=1.3813V,volt=1.2500V,volt=1.2500V,volt=1.2250V
TIME:16:06:36
50464
cpu:average: 3.09, 3.10,,freq:frequency(48)=700000000,throttle_flag:throttled=0xd0000,voltage:volt=1.2750V,volt=1.2500V,volt=1.2500V,volt=1.2250V
TIME:16:06:37
49926
cpu:average: 3.09, 3.10,,freq:frequency(48)=800000000,throttle_flag:throttled=0xd0000,voltage:volt=1.2750V,volt=1.2500V,volt=1.2500V,volt=1.2250V
TIME:16:06:38
49926
cpu:average: 2.84, 3.05,,freq:frequency(48)=600000000,throttle_flag:throttled=0xd0000,voltage:volt=1.2750V,volt=1.2500V,volt=1.2500V,volt=1.2250V
TIME:16:06:40
49926
cpu:average: 2.84, 3.05,,freq:frequency(48)=600000000,throttle_flag:throttled=0xd0000,voltage:volt=1.2750V,volt=1.2500V,volt=1.2500V,volt=1.2250V
TIME:16:06:41
49926
cpu:average: 2.84, 3.05,,freq:frequency(48)=600000000,throttle_flag:throttled=0xd0000,voltage:volt=1.2750V,volt=1.2500V,volt=1.2500V,volt=1.2250V
TIME:16:06:42
49388
cpu:average: 2.84, 3.05,,freq:frequency(48)=600000000,throttle_flag:throttled=0xd0000,voltage:volt=1.2750V,volt=1.2500V,volt=1.2500V,volt=1.2250V
TIME:16:06:43
49388
cpu:average: 2.62, 3.00,,freq:frequency(48)=800000000,throttle_flag:throttled=0xd0000,voltage:volt=1.2750V,volt=1.2500V,volt=1.2500V,volt=1.2250V
TIME:16:06:44
49388
cpu:average: 2.62, 3.00,,freq:frequency(48)=700000000,throttle_flag:throttled=0xd0000,voltage:volt=1.2750V,volt=1.2500V,volt=1.2500V,volt=1.2250V
TIME:16:06:45
49388
cpu:average: 2.62, 3.00,,freq:frequency(48)=700000000,throttle_flag:throttled=0xd0000,voltage:volt=1.2750V,volt=1.2500V,volt=1.2500V,volt=1.2250V
TIME:16:06:46
48850
cpu:average: 2.62, 3.00,,freq:frequency(48)=700000000,throttle_flag:throttled=0xd0000,voltage:volt=1.2750V,volt=1.2500V,volt=1.2500V,volt=1.2250V
TIME:16:06:47
48850
cpu:average: 2.62, 3.00,,freq:frequency(48)=600000000,throttle_flag:throttled=0xd0000,voltage:volt=1.2750V,volt=1.2500V,volt=1.2500V,volt=1.2250V
TIME:16:06:49
48850
cpu:average: 2.41, 2.95,,freq:frequency(48)=600000000,throttle_flag:throttled=0xd0000,voltage:volt=1.2750V,volt=1.2500V,volt=1.2500V,volt=1.2250V
TIME:16:06:50
49388
cpu:average: 2.41, 2.95,,freq:frequency(48)=700000000,throttle_flag:throttled=0xd0000,voltage:volt=1.2750V,volt=1.2500V,volt=1.2500V,volt=1.2250V
TIME:16:06:51
48850
cpu:average: 2.41, 2.95,,freq:frequency(48)=800000000,throttle_flag:throttled=0xd0000,voltage:volt=1.2750V,volt=1.2500V,volt=1.2500V,volt=1.2250V
TIME:16:06:52
48312
cpu:average: 2.41, 2.95,,freq:frequency(48)=700000000,throttle_flag:throttled=0xd0000,voltage:volt=1.2750V,volt=1.2500V,volt=1.2500V,volt=1.2250V
TIME:16:06:53
48312
cpu:average: 2.21, 2.90,,freq:frequency(48)=600000000,throttle_flag:throttled=0xd0000,voltage:volt=1.2750V,volt=1.2500V,volt=1.2500V,volt=1.2250V
TIME:16:06:54
48312
cpu:average: 2.21, 2.90,,freq:frequency(48)=600000000,throttle_flag:throttled=0xd0000,voltage:volt=1.2750V,volt=1.2500V,volt=1.2500V,volt=1.2250V
TIME:16:06:55
48312
cpu:average: 2.21, 2.90,,freq:frequency(48)=800000000,throttle_flag:throttled=0xd0000,voltage:volt=1.2750V,volt=1.2500V,volt=1.2500V,volt=1.2250V
TIME:16:06:56
48312
cpu:average: 2.21, 2.90,,freq:frequency(48)=800000000,throttle_flag:throttled=0xd0000,voltage:volt=1.2750V,volt=1.2500V,volt=1.2500V,volt=1.2250V
TIME:16:06:57
48312
cpu:average: 2.21, 2.90,,freq:frequency(48)=700000000,throttle_flag:throttled=0xd0000,voltage:volt=1.2750V,volt=1.2500V,volt=1.2500V,volt=1.2250V
TIME:16:06:59
48312
cpu:average: 2.04, 2.85,,freq:frequency(48)=700000000,throttle_flag:throttled=0xd0000,voltage:volt=1.2750V,volt=1.2500V,volt=1.2500V,volt=1.2250V
TIME:16:07:00
48312
cpu:average: 2.04, 2.85,,freq:frequency(48)=700000000,throttle_flag:throttled=0xd0000,voltage:volt=1.2750V,volt=1.2500V,volt=1.2500V,volt=1.2250V
TIME:16:07:01
48312
cpu:average: 2.04, 2.85,,freq:frequency(48)=600000000,throttle_flag:throttled=0xd0000,voltage:volt=1.2750V,volt=1.2500V,volt=1.2500V,volt=1.2250V
TIME:16:07:02
48312
cpu:average: 2.04, 2.85,,freq:frequency(48)=600000000,throttle_flag:throttled=0xd0000,voltage:volt=1.2750V,volt=1.2500V,volt=1.2500V,volt=1.2250V
TIME:16:07:03
48312
cpu:average: 1.95, 2.82,,freq:frequency(48)=600000000,throttle_flag:throttled=0xd0000,voltage:volt=1.2750V,volt=1.2500V,volt=1.2500V,volt=1.2250V
TIME:16:07:04
47774
cpu:average: 1.95, 2.82,,freq:frequency(48)=800000000,throttle_flag:throttled=0xd0000,voltage:volt=1.2750V,volt=1.2500V,volt=1.2500V,volt=1.2250V
TIME:16:07:05
47774
cpu:average: 1.95, 2.82,,freq:frequency(48)=800000000,throttle_flag:throttled=0xd0000,voltage:volt=1.2750V,volt=1.2500V,volt=1.2500V,volt=1.2250V
TIME:16:07:06
47774
cpu:average: 1.95, 2.82,,freq:frequency(48)=600000000,throttle_flag:throttled=0xd0000,voltage:volt=1.2750V,volt=1.2500V,volt=1.2500V,volt=1.2250V
TIME:16:07:08
47774
cpu:average: 1.95, 2.82,,freq:frequency(48)=900000000,throttle_flag:throttled=0xd0000,voltage:volt=1.2750V,volt=1.2500V,volt=1.2500V,volt=1.2250V
TIME:16:07:09
47774
cpu:average: 1.80, 2.77,,freq:frequency(48)=800000000,throttle_flag:throttled=0xd0000,voltage:volt=1.2750V,volt=1.2500V,volt=1.2500V,volt=1.2250V
TIME:16:07:10
48312
cpu:average: 1.80, 2.77,,freq:frequency(48)=1400000000,throttle_flag:throttled=0xd0000,voltage:volt=1.3813V,volt=1.2500V,volt=1.2500V,volt=1.2250V
TIME:16:07:11
48312
cpu:average: 1.80, 2.77,,freq:frequency(48)=1400000000,throttle_flag:throttled=0xd0000,voltage:volt=1.3813V,volt=1.2500V,volt=1.2500V,volt=1.2250V
TIME:16:07:12
48312
cpu:average: 1.80, 2.77,,freq:frequency(48)=1400000000,throttle_flag:throttled=0xd0000,voltage:volt=1.3813V,volt=1.2500V,volt=1.2500V,volt=1.2250V
TIME:16:07:13
48312
cpu:average: 1.65, 2.72,,freq:frequency(48)=1400000000,throttle_flag:throttled=0xd0000,voltage:volt=1.3813V,volt=1.2500V,volt=1.2500V,volt=1.2250V
TIME:16:07:14
48312
cpu:average: 1.65, 2.72,,freq:frequency(48)=1400002000,throttle_flag:throttled=0xd0000,voltage:volt=1.3813V,volt=1.2500V,volt=1.2500V,volt=1.2250V
TIME:16:07:15
48312
cpu:average: 1.65, 2.72,,freq:frequency(48)=700000000,throttle_flag:throttled=0xd0000,voltage:volt=1.2750V,volt=1.2500V,volt=1.2500V,volt=1.2250V
TIME:16:07:16
48312
cpu:average: 1.65, 2.72,,freq:frequency(48)=800000000,throttle_flag:throttled=0xd0000,voltage:volt=1.2750V,volt=1.2500V,volt=1.2500V,volt=1.2250V
TIME:16:07:17
47774
cpu:average: 1.65, 2.72,,freq:frequency(48)=600000000,throttle_flag:throttled=0xd0000,voltage:volt=1.2750V,volt=1.2500V,volt=1.2500V,volt=1.2250V
TIME:16:07:18
47774
cpu:average: 1.52, 2.68,,freq:frequency(48)=600000000,throttle_flag:throttled=0xd0000,voltage:volt=1.2750V,volt=1.2500V,volt=1.2500V,volt=1.2250V
TIME:16:07:20
48312
cpu:average: 1.52, 2.68,,freq:frequency(48)=600000000,throttle_flag:throttled=0xd0000,voltage:volt=1.2750V,volt=1.2500V,volt=1.2500V,volt=1.2250V
TIME:16:07:21
47236
cpu:average: 1.52, 2.68,,freq:frequency(48)=800000000,throttle_flag:throttled=0xd0000,voltage:volt=1.2750V,volt=1.2500V,volt=1.2500V,volt=1.2250V
TIME:16:07:22
47236
cpu:average: 1.52, 2.68,,freq:frequency(48)=800000000,throttle_flag:throttled=0xd0000,voltage:volt=1.2750V,volt=1.2500V,volt=1.2500V,volt=1.2250V
TIME:16:07:23
47774
cpu:average: 1.40, 2.63,,freq:frequency(48)=800000000,throttle_flag:throttled=0xd0000,voltage:volt=1.2750V,volt=1.2500V,volt=1.2500V,volt=1.2250V
TIME:16:07:24
47774
cpu:average: 1.40, 2.63,,freq:frequency(48)=800000000,throttle_flag:throttled=0xd0000,voltage:volt=1.2750V,volt=1.2500V,volt=1.2500V,volt=1.2250V
TIME:16:07:25
47236
cpu:average: 1.40, 2.63,,freq:frequency(48)=800000000,throttle_flag:throttled=0xd0000,voltage:volt=1.2750V,volt=1.2500V,volt=1.2500V,volt=1.2250V
TIME:16:07:26
47236
cpu:average: 1.40, 2.63,,freq:frequency(48)=700000000,throttle_flag:throttled=0xd0000,voltage:volt=1.2750V,volt=1.2500V,volt=1.2500V,volt=1.2250V
TIME:16:07:27
47236
cpu:average: 1.40, 2.63,,freq:frequency(48)=700000000,throttle_flag:throttled=0xd0000,voltage:volt=1.2750V,volt=1.2500V,volt=1.2500V,volt=1.2250V
TIME:16:07:28
47236
cpu:average: 1.29, 2.59,,freq:frequency(48)=800000000,throttle_flag:throttled=0xd0000,voltage:volt=1.2750V,volt=1.2500V,volt=1.2500V,volt=1.2250V
TIME:16:07:30
47236
cpu:average: 1.29, 2.59,,freq:frequency(48)=900000000,throttle_flag:throttled=0xd0000,voltage:volt=1.2750V,volt=1.2500V,volt=1.2500V,volt=1.2250V
TIME:16:07:31
47236
cpu:average: 1.29, 2.59,,freq:frequency(48)=700000000,throttle_flag:throttled=0xd0000,voltage:volt=1.2750V,volt=1.2500V,volt=1.2500V,volt=1.2250V
TIME:16:07:32
47236
cpu:average: 1.29, 2.59,,freq:frequency(48)=700000000,throttle_flag:throttled=0xd0000,voltage:volt=1.2750V,volt=1.2500V,volt=1.2500V,volt=1.2250V
TIME:16:07:33
47236
cpu:average: 1.18, 2.55,,freq:frequency(48)=700000000,throttle_flag:throttled=0xd0000,voltage:volt=1.2750V,volt=1.2500V,volt=1.2500V,volt=1.2250V
TIME:16:07:34
46698
cpu:average: 1.18, 2.55,,freq:frequency(48)=700000000,throttle_flag:throttled=0xd0000,voltage:volt=1.2750V,volt=1.2500V,volt=1.2500V,volt=1.2250V
TIME:16:07:35
47236
cpu:average: 1.18, 2.55,,freq:frequency(48)=600000000,throttle_flag:throttled=0xd0000,voltage:volt=1.2750V,volt=1.2500V,volt=1.2500V,volt=1.2250V
TIME:16:07:36
47774
cpu:average: 1.18, 2.55,,freq:frequency(48)=600000000,throttle_flag:throttled=0xd0000,voltage:volt=1.2750V,volt=1.2500V,volt=1.2500V,volt=1.2250V
TIME:16:07:37
47236
cpu:average: 1.18, 2.55,,freq:frequency(48)=600000000,throttle_flag:throttled=0xd0000,voltage:volt=1.2750V,volt=1.2500V,volt=1.2500V,volt=1.2250V
TIME:16:07:39
47236
cpu:average: 1.09, 2.50,,freq:frequency(48)=800000000,throttle_flag:throttled=0xd0000,voltage:volt=1.2750V,volt=1.2500V,volt=1.2500V,volt=1.2250V
TIME:16:07:40
47236
cpu:average: 1.09, 2.50,,freq:frequency(48)=800000000,throttle_flag:throttled=0xd0000,voltage:volt=1.2750V,volt=1.2500V,volt=1.2500V,volt=1.2250V
TIME:16:07:41
46698
cpu:average: 1.09, 2.50,,freq:frequency(48)=799998000,throttle_flag:throttled=0xd0000,voltage:volt=1.2750V,volt=1.2500V,volt=1.2500V,volt=1.2250V
TIME:16:07:42
47236
cpu:average: 1.09, 2.50,,freq:frequency(48)=800000000,throttle_flag:throttled=0xd0000,voltage:volt=1.2750V,volt=1.2500V,volt=1.2500V,volt=1.2250V
TIME:16:07:43
46698
cpu:average: 1.08, 2.48,,freq:frequency(48)=900000000,throttle_flag:throttled=0xd0000,voltage:volt=1.2750V,volt=1.2500V,volt=1.2500V,volt=1.2250V
TIME:16:07:44
47236
cpu:average: 1.08, 2.48,,freq:frequency(48)=900000000,throttle_flag:throttled=0xd0000,voltage:volt=1.2750V,volt=1.2500V,volt=1.2500V,volt=1.2250V
TIME:16:07:45
46160
cpu:average: 1.08, 2.48,,freq:frequency(48)=800000000,throttle_flag:throttled=0xd0000,voltage:volt=1.2750V,volt=1.2500V,volt=1.2500V,volt=1.2250V
TIME:16:07:46
46160
cpu:average: 1.08, 2.48,,freq:frequency(48)=800000000,throttle_flag:throttled=0xd0000,voltage:volt=1.2750V,volt=1.2500V,volt=1.2500V,volt=1.2250V
TIME:16:07:47
47236
cpu:average: 1.08, 2.48,,freq:frequency(48)=700000000,throttle_flag:throttled=0xd0000,voltage:volt=1.2750V,volt=1.2500V,volt=1.2500V,volt=1.2250V
TIME:16:07:49
47236
cpu:average: 1.07, 2.45,,freq:frequency(48)=700000000,throttle_flag:throttled=0xd0000,voltage:volt=1.2750V,volt=1.2500V,volt=1.2500V,volt=1.2250V
TIME:16:07:50
47236
cpu:average: 1.07, 2.45,,freq:frequency(48)=700000000,throttle_flag:throttled=0xd0000,voltage:volt=1.2750V,volt=1.2500V,volt=1.2500V,volt=1.2250V
TIME:16:07:51
46160
cpu:average: 1.07, 2.45,,freq:frequency(48)=700000000,throttle_flag:throttled=0xd0000,voltage:volt=1.2750V,volt=1.2500V,volt=1.2500V,volt=1.2250V
TIME:16:07:52
46698
cpu:average: 1.07, 2.45,,freq:frequency(48)=700000000,throttle_flag:throttled=0xd0000,voltage:volt=1.2750V,volt=1.2500V,volt=1.2500V,volt=1.2250V
TIME:16:07:53
46698
cpu:average: 0.99, 2.41,,freq:frequency(48)=700000000,throttle_flag:throttled=0xd0000,voltage:volt=1.2750V,volt=1.2500V,volt=1.2500V,volt=1.2250V
TIME:16:07:54
47236
cpu:average: 0.99, 2.41,,freq:frequency(48)=600000000,throttle_flag:throttled=0xd0000,voltage:volt=1.2750V,volt=1.2500V,volt=1.2500V,volt=1.2250V
TIME:16:07:55
47236
cpu:average: 0.99, 2.41,,freq:frequency(48)=700000000,throttle_flag:throttled=0xd0000,voltage:volt=1.2750V,volt=1.2500V,volt=1.2500V,volt=1.2250V
TIME:16:07:56
46698
cpu:average: 0.99, 2.41,,freq:frequency(48)=800000000,throttle_flag:throttled=0xd0000,voltage:volt=1.2750V,volt=1.2500V,volt=1.2500V,volt=1.2250V
TIME:16:07:57
46698
cpu:average: 0.99, 2.41,,freq:frequency(48)=700002000,throttle_flag:throttled=0xd0000,voltage:volt=1.2750V,volt=1.2500V,volt=1.2500V,volt=1.2250V
TIME:16:07:59
46698
cpu:average: 0.91, 2.37,,freq:frequency(48)=600000000,throttle_flag:throttled=0xd0000,voltage:volt=1.2750V,volt=1.2500V,volt=1.2500V,volt=1.2250V
TIME:16:08:00
47236
cpu:average: 0.91, 2.37,,freq:frequency(48)=600000000,throttle_flag:throttled=0xd0000,voltage:volt=1.2750V,volt=1.2500V,volt=1.2500V,volt=1.2250V
TIME:16:08:01
46160
cpu:average: 0.91, 2.37,,freq:frequency(48)=700000000,throttle_flag:throttled=0xd0000,voltage:volt=1.2750V,volt=1.2500V,volt=1.2500V,volt=1.2250V
TIME:16:08:02
47236
cpu:average: 0.91, 2.37,,freq:frequency(48)=600000000,throttle_flag:throttled=0xd0000,voltage:volt=1.2750V,volt=1.2500V,volt=1.2500V,volt=1.2250V
TIME:16:08:03
47236
cpu:average: 0.84, 2.33,,freq:frequency(48)=600000000,throttle_flag:throttled=0xd0000,voltage:volt=1.2750V,volt=1.2500V,volt=1.2500V,volt=1.2250V
TIME:16:08:04
46160
cpu:average: 0.84, 2.33,,freq:frequency(48)=600000000,throttle_flag:throttled=0xd0000,voltage:volt=1.2750V,volt=1.2500V,volt=1.2500V,volt=1.2250V
TIME:16:08:05
46698
cpu:average: 0.84, 2.33,,freq:frequency(48)=800000000,throttle_flag:throttled=0xd0000,voltage:volt=1.2750V,volt=1.2500V,volt=1.2500V,volt=1.2250V
TIME:16:08:06
47236
cpu:average: 0.84, 2.33,,freq:frequency(48)=800000000,throttle_flag:throttled=0xd0000,voltage:volt=1.2750V,volt=1.2500V,volt=1.2500V,volt=1.2250V
TIME:16:08:08
46160
cpu:average: 0.84, 2.33,,freq:frequency(48)=800000000,throttle_flag:throttled=0xd0000,voltage:volt=1.2750V,volt=1.2500V,volt=1.2500V,volt=1.2250V
TIME:16:08:09
47236
cpu:average: 0.77, 2.29,,freq:frequency(48)=800000000,throttle_flag:throttled=0xd0000,voltage:volt=1.2750V,volt=1.2500V,volt=1.2500V,volt=1.2250V
TIME:16:08:10
47236
cpu:average: 0.77, 2.29,,freq:frequency(48)=1400000000,throttle_flag:throttled=0xd0000,voltage:volt=1.3813V,volt=1.2500V,volt=1.2500V,volt=1.2250V
TIME:16:08:11
47236
cpu:average: 0.77, 2.29,,freq:frequency(48)=1400000000,throttle_flag:throttled=0xd0000,voltage:volt=1.3813V,volt=1.2500V,volt=1.2500V,volt=1.2250V
TIME:16:08:12
46160
cpu:average: 0.77, 2.29,,freq:frequency(48)=1400000000,throttle_flag:throttled=0xd0000,voltage:volt=1.3813V,volt=1.2500V,volt=1.2500V,volt=1.2250V
TIME:16:08:13
47236
cpu:average: 0.71, 2.26,,freq:frequency(48)=1400000000,throttle_flag:throttled=0xd0000,voltage:volt=1.3813V,volt=1.2500V,volt=1.2500V,volt=1.2250V
TIME:16:08:14
47236
cpu:average: 0.71, 2.26,,freq:frequency(48)=700000000,throttle_flag:throttled=0xd0000,voltage:volt=1.2750V,volt=1.2500V,volt=1.2500V,volt=1.2250V
TIME:16:08:15
47236
cpu:average: 0.71, 2.26,,freq:frequency(48)=600000000,throttle_flag:throttled=0xd0000,voltage:volt=1.2750V,volt=1.2500V,volt=1.2500V,volt=1.2250V
TIME:16:08:16
46698
cpu:average: 0.71, 2.26,,freq:frequency(48)=600000000,throttle_flag:throttled=0xd0000,voltage:volt=1.2750V,volt=1.2500V,volt=1.2500V,volt=1.2250V
TIME:16:08:18
46698
cpu:average: 0.71, 2.26,,freq:frequency(48)=600000000,throttle_flag:throttled=0xd0000,voltage:volt=1.2750V,volt=1.2500V,volt=1.2500V,volt=1.2250V
TIME:16:08:19
46160
cpu:average: 0.65, 2.22,,freq:frequency(48)=600000000,throttle_flag:throttled=0xd0000,voltage:volt=1.2750V,volt=1.2500V,volt=1.2500V,volt=1.2250V
TIME:16:08:20
46698
cpu:average: 0.65, 2.22,,freq:frequency(48)=600000000,throttle_flag:throttled=0xd0000,voltage:volt=1.2750V,volt=1.2500V,volt=1.2500V,volt=1.2250V
TIME:16:08:21
46160
cpu:average: 0.65, 2.22,,freq:frequency(48)=600000000,throttle_flag:throttled=0xd0000,voltage:volt=1.2750V,volt=1.2500V,volt=1.2500V,volt=1.2250V
TIME:16:08:22
46160
cpu:average: 0.65, 2.22,,freq:frequency(48)=800000000,throttle_flag:throttled=0xd0000,voltage:volt=1.2750V,volt=1.2500V,volt=1.2500V,volt=1.2250V
TIME:16:08:23
46698
cpu:average: 0.60, 2.18,,freq:frequency(48)=800000000,throttle_flag:throttled=0xd0000,voltage:volt=1.2750V,volt=1.2500V,volt=1.2500V,volt=1.2250V
TIME:16:08:24
46698
cpu:average: 0.60, 2.18,,freq:frequency(48)=600000000,throttle_flag:throttled=0xd0000,voltage:volt=1.2750V,volt=1.2500V,volt=1.2500V,volt=1.2250V
TIME:16:08:25
46160
cpu:average: 0.60, 2.18,,freq:frequency(48)=800000000,throttle_flag:throttled=0xd0000,voltage:volt=1.2750V,volt=1.2500V,volt=1.2500V,volt=1.2250V
TIME:16:08:26
46698
cpu:average: 0.60, 2.18,,freq:frequency(48)=800000000,throttle_flag:throttled=0xd0000,voltage:volt=1.2750V,volt=1.2500V,volt=1.2500V,volt=1.2250V
TIME:16:08:28
46160
cpu:average: 0.60, 2.18,,freq:frequency(48)=700000000,throttle_flag:throttled=0xd0000,voltage:volt=1.2750V,volt=1.2500V,volt=1.2500V,volt=1.2250V
TIME:16:08:29
46698
cpu:average: 0.63, 2.16,,freq:frequency(48)=1400000000,throttle_flag:throttled=0xd0000,voltage:volt=1.3813V,volt=1.2500V,volt=1.2500V,volt=1.2250V
TIME:16:08:31
49388
cpu:average: 0.63, 2.16,,freq:frequency(48)=600000000,throttle_flag:throttled=0xd0005,voltage:volt=1.2000V,volt=1.2500V,volt=1.2500V,volt=1.2250V
TIME:16:08:33
49926
cpu:average: 1.30, 2.27,,freq:frequency(48)=1400000000,throttle_flag:throttled=0xd0000,voltage:volt=1.3813V,volt=1.2500V,volt=1.2500V,volt=1.2250V
TIME:16:08:35
51002
cpu:average: 1.30, 2.27,,freq:frequency(48)=600000000,throttle_flag:throttled=0xd0005,voltage:volt=1.3813V,volt=1.2500V,volt=1.2500V,volt=1.2250V
TIME:16:08:38
51540
cpu:average: 2.24, 2.45,,freq:frequency(48)=600000000,throttle_flag:throttled=0xd0005,voltage:volt=1.2000V,volt=1.2500V,volt=1.2500V,volt=1.2250V
TIME:16:08:40
52616
cpu:average: 2.24, 2.45,,freq:frequency(48)=600000000,throttle_flag:throttled=0xd0005,voltage:volt=1.2000V,volt=1.2500V,volt=1.2500V,volt=1.2250V
TIME:16:08:43
52078
cpu:average: 2.78, 2.56,,freq:frequency(48)=1400000000,throttle_flag:throttled=0xd0000,voltage:volt=1.3813V,volt=1.2500V,volt=1.2500V,volt=1.2250V
TIME:16:08:45
52616
cpu:average: 2.78, 2.56,,freq:frequency(48)=600000000,throttle_flag:throttled=0xd0005,voltage:volt=1.2000V,volt=1.2500V,volt=1.2500V,volt=1.2250V
TIME:16:08:47
53154
cpu:average: 2.78, 2.56,,freq:frequency(48)=1400000000,throttle_flag:throttled=0xd0000,voltage:volt=1.3813V,volt=1.2500V,volt=1.2500V,volt=1.2250V
TIME:16:08:48
52616
cpu:average: 3.44, 2.70,,freq:frequency(48)=600000000,throttle_flag:throttled=0xd0005,voltage:volt=1.2000V,volt=1.2500V,volt=1.2500V,volt=1.2250V
TIME:16:08:50
52078
cpu:average: 3.44, 2.70,,freq:frequency(48)=600000000,throttle_flag:throttled=0xd0005,voltage:volt=1.2000V,volt=1.2500V,volt=1.2500V,volt=1.2250V
TIME:16:08:53
52078
cpu:average: 3.56, 2.74,,freq:frequency(48)=1400000000,throttle_flag:throttled=0xd0000,voltage:volt=1.3813V,volt=1.2500V,volt=1.2500V,volt=1.2250V
TIME:16:08:55
53154
cpu:average: 3.56, 2.74,,freq:frequency(48)=600000000,throttle_flag:throttled=0xd0005,voltage:volt=1.2000V,volt=1.2500V,volt=1.2500V,volt=1.2250V
TIME:16:09:11
53692
cpu:average: 6.07, 3.33,,freq:frequency(48)=1400000000,throttle_flag:throttled=0xd0000,voltage:volt=1.3813V,volt=1.2500V,volt=1.2500V,volt=1.2250V
TIME:16:09:13
53692
cpu:average: 6.07, 3.33,,freq:frequency(48)=600000000,throttle_flag:throttled=0xd0005,voltage:volt=1.2000V,volt=1.2500V,volt=1.2500V,volt=1.2250V
TIME:16:09:14
53692
cpu:average: 6.55, 3.47,,freq:frequency(48)=1400000000,throttle_flag:throttled=0xd0000,voltage:volt=1.3813V,volt=1.2500V,volt=1.2500V,volt=1.2250V
TIME:16:09:15
53692
cpu:average: 6.55, 3.47,,freq:frequency(48)=600000000,throttle_flag:throttled=0xd0005,voltage:volt=1.2000V,volt=1.2500V,volt=1.2500V,volt=1.2250V
TIME:16:09:17
53154
cpu:average: 6.55, 3.47,,freq:frequency(48)=600000000,throttle_flag:throttled=0xd0005,voltage:volt=1.2000V,volt=1.2500V,volt=1.2500V,volt=1.2250V
TIME:16:09:18
52616
cpu:average: 6.66, 3.55,,freq:frequency(48)=1400000000,throttle_flag:throttled=0xd0000,voltage:volt=1.3813V,volt=1.2500V,volt=1.2500V,volt=1.2250V
TIME:16:09:20
53154
cpu:average: 6.66, 3.55,,freq:frequency(48)=600000000,throttle_flag:throttled=0xd0005,voltage:volt=1.2000V,volt=1.2500V,volt=1.2500V,volt=1.2250V
TIME:16:09:21
53692
cpu:average: 6.66, 3.55,,freq:frequency(48)=600000000,throttle_flag:throttled=0xd0005,voltage:volt=1.2000V,volt=1.2500V,volt=1.2500V,volt=1.2250V
TIME:16:09:22
52616
cpu:average: 6.66, 3.55,,freq:frequency(48)=600000000,throttle_flag:throttled=0xd0005,voltage:volt=1.2000V,volt=1.2500V,volt=1.2500V,volt=1.2250V
TIME:16:09:24
53154
cpu:average: 6.93, 3.65,,freq:frequency(48)=600000000,throttle_flag:throttled=0xd0005,voltage:volt=1.2000V,volt=1.2500V,volt=1.2500V,volt=1.2250V
TIME:16:09:25
53154
cpu:average: 6.93, 3.65,,freq:frequency(48)=600000000,throttle_flag:throttled=0xd0005,voltage:volt=1.2000V,volt=1.2500V,volt=1.2500V,volt=1.2250V
TIME:16:09:26
52616
cpu:average: 6.93, 3.65,,freq:frequency(48)=600000000,throttle_flag:throttled=0xd0005,voltage:volt=1.2000V,volt=1.2500V,volt=1.2500V,volt=1.2250V
TIME:16:09:28
52616
cpu:average: 6.93, 3.65,,freq:frequency(48)=600000000,throttle_flag:throttled=0xd0005,voltage:volt=1.2000V,volt=1.2500V,volt=1.2500V,volt=1.2250V
TIME:16:09:29
52616
cpu:average: 6.78, 3.68,,freq:frequency(48)=600000000,throttle_flag:throttled=0xd0005,voltage:volt=1.2000V,volt=1.2500V,volt=1.2500V,volt=1.2250V
TIME:16:09:31
52616
cpu:6.78, 3.68, 2.08,freq:frequency(48)=600000000,throttle_flag:throttled=0xd0005,voltage:volt=1.2000V,volt=1.2500V,volt=1.2500V,volt=1.2250V
TIME:16:09:32
52616
cpu:6.78, 3.68, 2.08,freq:frequency(48)=600000000,throttle_flag:throttled=0xd0005,voltage:volt=1.2000V,volt=1.2500V,volt=1.2500V,volt=1.2250V
TIME:16:09:33
52616
cpu:6.71, 3.72, 2.10,freq:frequency(48)=600000000,throttle_flag:throttled=0xd0005,voltage:volt=1.2000V,volt=1.2500V,volt=1.2500V,volt=1.2250V
TIME:16:09:35
52078
cpu:6.71, 3.72, 2.10,freq:frequency(48)=600000000,throttle_flag:throttled=0xd0005,voltage:volt=1.2000V,volt=1.2500V,volt=1.2500V,volt=1.2250V
TIME:16:09:36
52078
cpu:6.71, 3.72, 2.10,freq:frequency(48)=600000000,throttle_flag:throttled=0xd0005,voltage:volt=1.2000V,volt=1.2500V,volt=1.2500V,volt=1.2250V
TIME:16:09:37
53154
cpu:6.71, 3.72, 2.10,freq:frequency(48)=1400000000,throttle_flag:throttled=0xd0000,voltage:volt=1.3813V,volt=1.2500V,volt=1.2500V,volt=1.2250V
TIME:16:09:39
53692
cpu:6.58, 3.74, 2.12,freq:frequency(48)=600000000,throttle_flag:throttled=0xd0005,voltage:volt=1.2000V,volt=1.2500V,volt=1.2500V,volt=1.2250V
TIME:16:09:40
53692
cpu:6.58, 3.74, 2.12,freq:frequency(48)=600000000,throttle_flag:throttled=0xd0005,voltage:volt=1.2000V,volt=1.2500V,volt=1.2500V,volt=1.2250V
TIME:16:09:42
53154
cpu:6.58, 3.74, 2.12,freq:frequency(48)=600000000,throttle_flag:throttled=0xd0005,voltage:volt=1.2000V,volt=1.2500V,volt=1.2500V,volt=1.2250V
TIME:16:09:43
53154
cpu:6.29, 3.72, 2.12,freq:frequency(48)=600000000,throttle_flag:throttled=0xd0005,voltage:volt=1.2000V,volt=1.2500V,volt=1.2500V,volt=1.2250V
TIME:16:09:44
53692
cpu:6.29, 3.72, 2.12,freq:frequency(48)=600000000,throttle_flag:throttled=0xd0005,voltage:volt=1.2000V,volt=1.2500V,volt=1.2500V,volt=1.2250V
TIME:16:09:46
53154
cpu:6.29, 3.72, 2.12,freq:frequency(48)=1400000000,throttle_flag:throttled=0xd0000,voltage:volt=1.2000V,volt=1.2500V,volt=1.2500V,volt=1.2250V
TIME:16:09:47
52616
cpu:6.29, 3.72, 2.12,freq:frequency(48)=600000000,throttle_flag:throttled=0xd0005,voltage:volt=1.3813V,volt=1.2500V,volt=1.2500V,volt=1.2250V
TIME:16:09:48
53692
cpu:6.83, 3.88, 2.18,freq:frequency(48)=600000000,throttle_flag:throttled=0xd0005,voltage:volt=1.2000V,volt=1.2500V,volt=1.2500V,volt=1.2250V
TIME:16:09:50
53692
cpu:6.83, 3.88, 2.18,freq:frequency(48)=1400000000,throttle_flag:throttled=0xd0000,voltage:volt=1.3813V,volt=1.2500V,volt=1.2500V,volt=1.2250V
TIME:16:09:51
54768
cpu:6.83, 3.88, 2.18,freq:frequency(48)=1400000000,throttle_flag:throttled=0xd0000,voltage:volt=1.3813V,volt=1.2500V,volt=1.2500V,volt=1.2250V
TIME:16:09:53
54768
cpu:7.32, 4.03, 2.24,freq:frequency(48)=600000000,throttle_flag:throttled=0xd0005,voltage:volt=1.2000V,volt=1.2500V,volt=1.2500V,volt=1.2250V
TIME:16:09:55
54768
cpu:7.32, 4.03, 2.24,freq:frequency(48)=600000000,throttle_flag:throttled=0xd0005,voltage:volt=1.2000V,volt=1.2500V,volt=1.2500V,volt=1.2250V
TIME:16:09:57
56920
cpu:11.36, 5.46, 2.80,freq:frequency(48)=1400000000,throttle_flag:throttled=0xd0000,voltage:volt=1.3813V,volt=1.2500V,volt=1.2500V,volt=1.2250V
TIME:16:10:46
53692
cpu:11.77, 5.74, 2.92,freq:frequency(48)=1400002000,throttle_flag:throttled=0xd0000,voltage:volt=1.3813V,volt=1.2500V,volt=1.2500V,volt=1.2250V
TIME:16:10:48
55306
cpu:11.77, 5.74, 2.92,freq:frequency(48)=600000000,throttle_flag:throttled=0xd0005,voltage:volt=1.2000V,volt=1.2500V,volt=1.2500V,volt=1.2250V
TIME:16:10:49
55306
cpu:11.31, 5.75, 2.93,freq:frequency(48)=600000000,throttle_flag:throttled=0xd0005,voltage:volt=1.2000V,volt=1.2500V,volt=1.2500V,volt=1.2250V
TIME:16:11:41
59072
cpu:15.02, 7.56, 3.70,freq:frequency(48)=1400000000,throttle_flag:throttled=0xd0000,voltage:volt=1.3813V,volt=1.2500V,volt=1.2500V,volt=1.2250V
TIME:16:11:43
57996
cpu:15.02, 7.56, 3.70,freq:frequency(48)=600000000,throttle_flag:throttled=0xd0005,voltage:volt=1.2000V,volt=1.2500V,volt=1.2500V,volt=1.2250V
TIME:16:11:44
56920
cpu:14.06, 7.48, 3.69,freq:frequency(48)=600000000,throttle_flag:throttled=0xd0005,voltage:volt=1.2000V,volt=1.2500V,volt=1.2500V,volt=1.2250V
TIME:16:11:45
57458
cpu:14.06, 7.48, 3.69,freq:frequency(48)=1400000000,throttle_flag:throttled=0xd0000,voltage:volt=1.3813V,volt=1.2500V,volt=1.2500V,volt=1.2250V
TIME:16:11:47
56920
cpu:14.06, 7.48, 3.69,freq:frequency(48)=600000000,throttle_flag:throttled=0xd0005,voltage:volt=1.2000V,volt=1.2500V,volt=1.2500V,volt=1.2250V
TIME:16:11:48
56920
cpu:13.50, 7.48, 3.71,freq:frequency(48)=600000000,throttle_flag:throttled=0xd0005,voltage:volt=1.2000V,volt=1.2500V,volt=1.2500V,volt=1.2250V
TIME:16:11:49
56382
cpu:13.50, 7.48, 3.71,freq:frequency(48)=600000000,throttle_flag:throttled=0xd0005,voltage:volt=1.2000V,volt=1.2500V,volt=1.2500V,volt=1.2250V
TIME:16:11:51
56920
cpu:13.50, 7.48, 3.71,freq:frequency(48)=600000000,throttle_flag:throttled=0xd0005,voltage:volt=1.2000V,volt=1.2500V,volt=1.2500V,volt=1.2250V
TIME:16:11:52
56382
cpu:13.50, 7.48, 3.71,freq:frequency(48)=600000000,throttle_flag:throttled=0xd0005,voltage:volt=1.2000V,volt=1.2500V,volt=1.2500V,volt=1.2250V
TIME:16:11:53
55844
cpu:13.21, 7.52, 3.75,freq:frequency(48)=600000000,throttle_flag:throttled=0xd0005,voltage:volt=1.3813V,volt=1.2500V,volt=1.2500V,volt=1.2250V
TIME:16:11:55
55844
cpu:13.21, 7.52, 3.75,freq:frequency(48)=600000000,throttle_flag:throttled=0xd0005,voltage:volt=1.3813V,volt=1.2500V,volt=1.2500V,volt=1.2250V
TIME:16:11:56
56382
cpu:13.21, 7.52, 3.75,freq:frequency(48)=600000000,throttle_flag:throttled=0xd0005,voltage:volt=1.2000V,volt=1.2500V,volt=1.2500V,volt=1.2250V
TIME:16:11:57
56382
cpu:13.21, 7.52, 3.75,freq:frequency(48)=600000000,throttle_flag:throttled=0xd0005,voltage:volt=1.2000V,volt=1.2500V,volt=1.2500V,volt=1.2250V
TIME:16:11:59
55844
cpu:12.80, 7.53, 3.77,freq:frequency(48)=600000000,throttle_flag:throttled=0xd0005,voltage:volt=1.2000V,volt=1.2500V,volt=1.2500V,volt=1.2250V
TIME:16:12:00
55844
cpu:12.80, 7.53, 3.77,freq:frequency(48)=600000000,throttle_flag:throttled=0xd0005,voltage:volt=1.2000V,volt=1.2500V,volt=1.2500V,volt=1.2250V
TIME:16:12:02
55306
cpu:12.80, 7.53, 3.77,freq:frequency(48)=600000000,throttle_flag:throttled=0xd0005,voltage:volt=1.2000V,volt=1.2500V,volt=1.2500V,volt=1.2250V
TIME:16:12:03
55306
cpu:12.80, 7.53, 3.77,freq:frequency(48)=1400000000,throttle_flag:throttled=0xd0000,voltage:volt=1.3813V,volt=1.2500V,volt=1.2500V,volt=1.2250V
TIME:16:12:04
55844
cpu:12.57, 7.57, 3.80,freq:frequency(48)=600000000,throttle_flag:throttled=0xd0005,voltage:volt=1.2000V,volt=1.2500V,volt=1.2500V,volt=1.2250V
TIME:16:12:06
55844
cpu:12.57, 7.57, 3.80,freq:frequency(48)=600000000,throttle_flag:throttled=0xd0005,voltage:volt=1.2000V,volt=1.2500V,volt=1.2500V,volt=1.2250V
TIME:16:12:07
55844
cpu:12.57, 7.57, 3.80,freq:frequency(48)=600000000,throttle_flag:throttled=0xd0005,voltage:volt=1.2000V,volt=1.2500V,volt=1.2500V,volt=1.2250V
TIME:16:12:08
55306
cpu:11.89, 7.51, 3.80,freq:frequency(48)=600000000,throttle_flag:throttled=0xd0005,voltage:volt=1.2000V,volt=1.2500V,volt=1.2500V,volt=1.2250V
TIME:16:12:10
55306
cpu:11.89, 7.51, 3.80,freq:frequency(48)=600000000,throttle_flag:throttled=0xd0005,voltage:volt=1.2000V,volt=1.2500V,volt=1.2500V,volt=1.2250V
TIME:16:12:11
55306
cpu:11.89, 7.51, 3.80,freq:frequency(48)=600000000,throttle_flag:throttled=0xd0005,voltage:volt=1.2000V,volt=1.2500V,volt=1.2500V,volt=1.2250V
TIME:16:12:12
55306
cpu:11.89, 7.51, 3.80,freq:frequency(48)=600000000,throttle_flag:throttled=0xd0005,voltage:volt=1.2000V,volt=1.2500V,volt=1.2500V,volt=1.2250V
TIME:16:12:14
55844
cpu:11.25, 7.45, 3.80,freq:frequency(48)=600000000,throttle_flag:throttled=0xd0005,voltage:volt=1.2000V,volt=1.2500V,volt=1.2500V,volt=1.2250V
TIME:16:12:15
55844
cpu:11.25, 7.45, 3.80,freq:frequency(48)=600000000,throttle_flag:throttled=0xd0005,voltage:volt=1.2000V,volt=1.2500V,volt=1.2500V,volt=1.2250V
TIME:16:12:16
55844
cpu:11.25, 7.45, 3.80,freq:frequency(48)=600000000,throttle_flag:throttled=0xd0005,voltage:volt=1.2000V,volt=1.2500V,volt=1.2500V,volt=1.2250V
TIME:16:12:18
55844
cpu:11.25, 7.45, 3.80,freq:frequency(48)=600000000,throttle_flag:throttled=0xd0005,voltage:volt=1.2000V,volt=1.2500V,volt=1.2500V,volt=1.2250V
TIME:16:12:19
55844
cpu:10.99, 7.46, 3.83,freq:frequency(48)=1400000000,throttle_flag:throttled=0xd0000,voltage:volt=1.3813V,volt=1.2500V,volt=1.2500V,volt=1.2250V
TIME:16:12:20
55844
cpu:10.99, 7.46, 3.83,freq:frequency(48)=600000000,throttle_flag:throttled=0xd0005,voltage:volt=1.2000V,volt=1.2500V,volt=1.2500V,volt=1.2250V
TIME:16:12:22
55844
cpu:10.99, 7.46, 3.83,freq:frequency(48)=600000000,throttle_flag:throttled=0xd0005,voltage:volt=1.2000V,volt=1.2500V,volt=1.2500V,volt=1.2250V
TIME:16:12:23
55306
cpu:10.35, 7.39, 3.82,freq:frequency(48)=600000000,throttle_flag:throttled=0xd0005,voltage:volt=1.2000V,volt=1.2500V,volt=1.2500V,volt=1.2250V
TIME:16:12:25
54768
cpu:10.35, 7.39, 3.82,freq:frequency(48)=600000000,throttle_flag:throttled=0xd0000,voltage:volt=1.3813V,volt=1.2500V,volt=1.2500V,volt=1.2250V
TIME:16:12:26
55306
cpu:10.35, 7.39, 3.82,freq:frequency(48)=600000000,throttle_flag:throttled=0xd0005,voltage:volt=1.2000V,volt=1.2500V,volt=1.2500V,volt=1.2250V
TIME:16:12:27
56382
cpu:10.35, 7.39, 3.82,freq:frequency(48)=1400002000,throttle_flag:throttled=0xd0000,voltage:volt=1.3813V,volt=1.2500V,volt=1.2500V,volt=1.2250V
TIME:16:12:29
54768
cpu:9.84, 7.33, 3.82,freq:frequency(48)=600000000,throttle_flag:throttled=0xd0005,voltage:volt=1.2000V,volt=1.2500V,volt=1.2500V,volt=1.2250V
TIME:16:12:31
54768
cpu:9.84, 7.33, 3.82,freq:frequency(48)=600000000,throttle_flag:throttled=0xd0005,voltage:volt=1.2000V,volt=1.2500V,volt=1.2500V,volt=1.2250V
TIME:16:12:32
55844
cpu:9.84, 7.33, 3.82,freq:frequency(48)=600000000,throttle_flag:throttled=0xd0005,voltage:volt=1.2000V,volt=1.2500V,volt=1.2500V,volt=1.2250V
TIME:16:12:34
55844
cpu:10.34, 7.47, 3.89,freq:frequency(48)=1400000000,throttle_flag:throttled=0xd0000,voltage:volt=1.3813V,volt=1.2500V,volt=1.2500V,volt=1.2250V
TIME:16:12:39
55306
cpu:9.83, 7.41, 3.89,freq:frequency(48)=600000000,throttle_flag:throttled=0xd0005,voltage:volt=1.2000V,volt=1.2500V,volt=1.2500V,volt=1.2250V
TIME:16:12:41
55306
cpu:9.83, 7.41, 3.89,freq:frequency(48)=600000000,throttle_flag:throttled=0xd0000,voltage:volt=1.3813V,volt=1.2500V,volt=1.2500V,volt=1.2250V
TIME:16:14:31
56920
cpu:18.81, 11.14, 5.62,freq:frequency(48)=1400000000,throttle_flag:throttled=0xd0000,voltage:volt=1.3813V,volt=1.2500V,volt=1.2500V,volt=1.2250V
TIME:16:14:32
56920
cpu:18.81, 11.14, 5.62,freq:frequency(48)=600000000,throttle_flag:throttled=0xd0005,voltage:volt=1.2000V,volt=1.2500V,volt=1.2500V,volt=1.2250V
TIME:16:14:34
55844
cpu:17.55, 11.00, 5.60,freq:frequency(48)=600000000,throttle_flag:throttled=0xd0005,voltage:volt=1.3813V,volt=1.2500V,volt=1.2500V,volt=1.2250V
TIME:16:14:35
55844
cpu:17.55, 11.00, 5.60,freq:frequency(48)=600000000,throttle_flag:throttled=0xd0005,voltage:volt=1.2000V,volt=1.2500V,volt=1.2500V,volt=1.2250V
TIME:16:14:36
55844
cpu:17.55, 11.00, 5.60,freq:frequency(48)=600000000,throttle_flag:throttled=0xd0005,voltage:volt=1.2000V,volt=1.2500V,volt=1.2500V,volt=1.2250V
TIME:16:14:38
55844
cpu:17.55, 11.00, 5.60,freq:frequency(48)=600000000,throttle_flag:throttled=0xd0005,voltage:volt=1.2000V,volt=1.2500V,volt=1.2500V,volt=1.2250V
TIME:16:14:39
55844
cpu:16.38, 10.87, 5.59,freq:frequency(48)=600000000,throttle_flag:throttled=0xd0005,voltage:volt=1.2000V,volt=1.2500V,volt=1.2500V,volt=1.2250V
TIME:16:14:41
55306
cpu:16.38, 10.87, 5.59,freq:frequency(48)=600000000,throttle_flag:throttled=0xd0005,voltage:volt=1.2000V,volt=1.2500V,volt=1.2500V,volt=1.2250V
TIME:16:14:42
55306
cpu:16.38, 10.87, 5.59,freq:frequency(48)=600000000,throttle_flag:throttled=0xd0005,voltage:volt=1.2000V,volt=1.2500V,volt=1.2500V,volt=1.2250V
TIME:16:14:43
55844
cpu:15.47, 10.77, 5.58,freq:frequency(48)=1400000000,throttle_flag:throttled=0xd0000,voltage:volt=1.3813V,volt=1.2500V,volt=1.2500V,volt=1.2250V
TIME:16:14:44
56382
cpu:15.47, 10.77, 5.58,freq:frequency(48)=600000000,throttle_flag:throttled=0xd0005,voltage:volt=1.2000V,volt=1.2500V,volt=1.2500V,volt=1.2250V
TIME:16:14:46
55844
cpu:15.47, 10.77, 5.58,freq:frequency(48)=600000000,throttle_flag:throttled=0xd0005,voltage:volt=1.2000V,volt=1.2500V,volt=1.2500V,volt=1.2250V
TIME:16:14:47
56382
cpu:15.47, 10.77, 5.58,freq:frequency(48)=600000000,throttle_flag:throttled=0xd0005,voltage:volt=1.2000V,volt=1.2500V,volt=1.2500V,volt=1.2250V
TIME:16:14:49
55844
cpu:14.71, 10.69, 5.59,freq:frequency(48)=1400000000,throttle_flag:throttled=0xd0000,voltage:volt=1.3813V,volt=1.2500V,volt=1.2500V,volt=1.2250V
TIME:16:14:50
56920
cpu:14.71, 10.69, 5.59,freq:frequency(48)=600000000,throttle_flag:throttled=0xd0005,voltage:volt=1.2000V,volt=1.2500V,volt=1.2500V,volt=1.2250V
TIME:16:14:51
55844
cpu:14.71, 10.69, 5.59,freq:frequency(48)=600000000,throttle_flag:throttled=0xd0005,voltage:volt=1.2000V,volt=1.2500V,volt=1.2500V,volt=1.2250V
TIME:16:14:53
55844
cpu:14.71, 10.69, 5.59,freq:frequency(48)=600000000,throttle_flag:throttled=0xd0005,voltage:volt=1.2000V,volt=1.2500V,volt=1.2500V,volt=1.2250V
TIME:16:14:54
55844
cpu:13.85, 10.58, 5.58,freq:frequency(48)=600000000,throttle_flag:throttled=0xd0005,voltage:volt=1.2000V,volt=1.2500V,volt=1.2500V,volt=1.2250V
TIME:16:14:55
55306
cpu:13.85, 10.58, 5.58,freq:frequency(48)=600000000,throttle_flag:throttled=0xd0005,voltage:volt=1.2000V,volt=1.2500V,volt=1.2500V,volt=1.2250V
TIME:16:14:57
55844
cpu:13.85, 10.58, 5.58,freq:frequency(48)=600000000,throttle_flag:throttled=0xd0005,voltage:volt=1.2000V,volt=1.2500V,volt=1.2500V,volt=1.2250V
TIME:16:14:58
55844
cpu:12.99, 10.45, 5.56,freq:frequency(48)=1400000000,throttle_flag:throttled=0xd0000,voltage:volt=1.3813V,volt=1.2500V,volt=1.2500V,volt=1.2250V
TIME:16:15:00
55844
cpu:12.99, 10.45, 5.56,freq:frequency(48)=600000000,throttle_flag:throttled=0xd0005,voltage:volt=1.2000V,volt=1.2500V,volt=1.2500V,volt=1.2250V
TIME:16:15:01
56382
cpu:12.99, 10.45, 5.56,freq:frequency(48)=1400000000,throttle_flag:throttled=0xd0000,voltage:volt=1.3813V,volt=1.2500V,volt=1.2500V,volt=1.2250V
TIME:16:15:02
56382
cpu:12.99, 10.45, 5.56,freq:frequency(48)=600000000,throttle_flag:throttled=0xd0005,voltage:volt=1.2000V,volt=1.2500V,volt=1.2500V,volt=1.2250V
TIME:16:15:03
56382
cpu:12.19, 10.33, 5.55,freq:frequency(48)=600000000,throttle_flag:throttled=0xd0005,voltage:volt=1.2000V,volt=1.2500V,volt=1.2500V,volt=1.2250V
TIME:16:15:05
55844
cpu:12.19, 10.33, 5.55,freq:frequency(48)=600000000,throttle_flag:throttled=0xd0005,voltage:volt=1.2000V,volt=1.2500V,volt=1.2500V,volt=1.2250V
TIME:16:15:06
56382
cpu:12.19, 10.33, 5.55,freq:frequency(48)=600000000,throttle_flag:throttled=0xd0005,voltage:volt=1.2000V,volt=1.2500V,volt=1.2500V,volt=1.2250V
TIME:16:15:07
56382
cpu:12.19, 10.33, 5.55,freq:frequency(48)=600000000,throttle_flag:throttled=0xd0005,voltage:volt=1.2000V,volt=1.2500V,volt=1.2500V,volt=1.2250V
TIME:16:15:09
56382
cpu:11.93, 10.31, 5.57,freq:frequency(48)=600000000,throttle_flag:throttled=0xd0005,voltage:volt=1.2000V,volt=1.2500V,volt=1.2500V,volt=1.2250V
TIME:16:15:10
55844
cpu:11.93, 10.31, 5.57,freq:frequency(48)=600000000,throttle_flag:throttled=0xd0005,voltage:volt=1.2000V,volt=1.2500V,volt=1.2500V,volt=1.2250V
TIME:16:15:12
55844
cpu:11.93, 10.31, 5.57,freq:frequency(48)=600000000,throttle_flag:throttled=0xd0005,voltage:volt=1.2000V,volt=1.2500V,volt=1.2500V,volt=1.2250V
TIME:16:15:13
55844
cpu:11.93, 10.31, 5.57,freq:frequency(48)=1400000000,throttle_flag:throttled=0xd0000,voltage:volt=1.3813V,volt=1.2500V,volt=1.2500V,volt=1.2250V
TIME:16:15:14
55844
cpu:11.29, 10.20, 5.56,freq:frequency(48)=600000000,throttle_flag:throttled=0xd0005,voltage:volt=1.2000V,volt=1.2500V,volt=1.2500V,volt=1.2250V
TIME:16:15:16
55306
cpu:11.29, 10.20, 5.56,freq:frequency(48)=1400000000,throttle_flag:throttled=0xd0000,voltage:volt=1.3813V,volt=1.2500V,volt=1.2500V,volt=1.2250V
TIME:16:15:17
57458
cpu:11.29, 10.20, 5.56,freq:frequency(48)=1400000000,throttle_flag:throttled=0xd0005,voltage:volt=1.2000V,volt=1.2500V,volt=1.2500V,volt=1.2250V
TIME:16:15:19
55306
cpu:10.87, 10.13, 5.56,freq:frequency(48)=600000000,throttle_flag:throttled=0xd0005,voltage:volt=1.2000V,volt=1.2500V,volt=1.2500V,volt=1.2250V
TIME:16:15:21
55844
cpu:10.87, 10.13, 5.56,freq:frequency(48)=600000000,throttle_flag:throttled=0xd0005,voltage:volt=1.2000V,volt=1.2500V,volt=1.2500V,volt=1.2250V
TIME:16:15:23
55844
cpu:10.87, 10.13, 5.56,freq:frequency(48)=1400000000,throttle_flag:throttled=0xd0000,voltage:volt=1.3813V,volt=1.2500V,volt=1.2500V,volt=1.2250V
TIME:16:15:24
56382
cpu:10.40, 10.05, 5.56,freq:frequency(48)=600000000,throttle_flag:throttled=0xd0005,voltage:volt=1.2000V,volt=1.2500V,volt=1.2500V,volt=1.2250V
TIME:16:15:26
56920
cpu:10.40, 10.05, 5.56,freq:frequency(48)=600000000,throttle_flag:throttled=0xd0005,voltage:volt=1.2000V,volt=1.2500V,volt=1.2500V,volt=1.2250V
TIME:16:15:27
55844
cpu:10.40, 10.05, 5.56,freq:frequency(48)=600000000,throttle_flag:throttled=0xd0005,voltage:volt=1.2000V,volt=1.2500V,volt=1.2500V,volt=1.2250V
TIME:16:15:29
56382
cpu:10.05, 9.98, 5.56,freq:frequency(48)=600000000,throttle_flag:throttled=0xd0005,voltage:volt=1.2000V,volt=1.2500V,volt=1.2500V,volt=1.2250V
TIME:16:15:30
55844
cpu:10.05, 9.98, 5.56,freq:frequency(48)=1400000000,throttle_flag:throttled=0xd0000,voltage:volt=1.3813V,volt=1.2500V,volt=1.2500V,volt=1.2250V
TIME:16:15:31
55844
cpu:10.05, 9.98, 5.56,freq:frequency(48)=1400002000,throttle_flag:throttled=0xd0005,voltage:volt=1.3813V,volt=1.2500V,volt=1.2500V,volt=1.2250V
TIME:16:15:33
56382
cpu:10.05, 9.98, 5.56,freq:frequency(48)=600000000,throttle_flag:throttled=0xd0005,voltage:volt=1.2000V,volt=1.2500V,volt=1.2500V,volt=1.2250V
TIME:16:15:34
56382
cpu:9.96, 9.96, 5.58,freq:frequency(48)=600000000,throttle_flag:throttled=0xd0005,voltage:volt=1.2000V,volt=1.2500V,volt=1.2500V,volt=1.2250V
TIME:16:15:36
55844
cpu:9.96, 9.96, 5.58,freq:frequency(48)=600000000,throttle_flag:throttled=0xd0005,voltage:volt=1.2000V,volt=1.2500V,volt=1.2500V,volt=1.2250V
TIME:16:15:37
56382
cpu:9.96, 9.96, 5.58,freq:frequency(48)=600000000,throttle_flag:throttled=0xd0005,voltage:volt=1.2000V,volt=1.2500V,volt=1.2500V,volt=1.2250V
TIME:16:15:38
55844
cpu:9.73, 9.91, 5.59,freq:frequency(48)=600000000,throttle_flag:throttled=0xd0005,voltage:volt=1.2000V,volt=1.2500V,volt=1.2500V,volt=1.2250V
TIME:16:15:40
55844
cpu:9.73, 9.91, 5.59,freq:frequency(48)=600000000,throttle_flag:throttled=0xd0005,voltage:volt=1.2000V,volt=1.2500V,volt=1.2500V,volt=1.2250V
TIME:16:15:41
54768
cpu:9.73, 9.91, 5.59,freq:frequency(48)=600000000,throttle_flag:throttled=0xd0005,voltage:volt=1.2000V,volt=1.2500V,volt=1.2500V,volt=1.2250V
TIME:16:15:43
55844
cpu:9.73, 9.91, 5.59,freq:frequency(48)=600000000,throttle_flag:throttled=0xd0005,voltage:volt=1.2000V,volt=1.2500V,volt=1.2500V,volt=1.2250V
TIME:16:15:44
54768
cpu:9.43, 9.85, 5.59,freq:frequency(48)=600000000,throttle_flag:throttled=0xd0005,voltage:volt=1.2000V,volt=1.2500V,volt=1.2500V,volt=1.2250V
TIME:16:15:46
54768
cpu:9.43, 9.85, 5.59,freq:frequency(48)=600000000,throttle_flag:throttled=0xd0005,voltage:volt=1.2000V,volt=1.2500V,volt=1.2500V,volt=1.2250V
TIME:16:15:47
54768
cpu:9.43, 9.85, 5.59,freq:frequency(48)=600000000,throttle_flag:throttled=0xd0005,voltage:volt=1.2000V,volt=1.2500V,volt=1.2500V,volt=1.2250V
TIME:16:15:49
55844
cpu:9.47, 9.85, 5.61,freq:frequency(48)=600000000,throttle_flag:throttled=0xd0005,voltage:volt=1.2000V,volt=1.2500V,volt=1.2500V,volt=1.2250V
TIME:16:15:50
55844
cpu:9.47, 9.85, 5.61,freq:frequency(48)=600000000,throttle_flag:throttled=0xd0005,voltage:volt=1.2000V,volt=1.2500V,volt=1.2500V,volt=1.2250V
TIME:16:15:52
55844
cpu:9.47, 9.85, 5.61,freq:frequency(48)=600000000,throttle_flag:throttled=0xd0005,voltage:volt=1.2000V,volt=1.2500V,volt=1.2500V,volt=1.2250V
TIME:16:15:53
55844
cpu:9.60, 9.87, 5.64,freq:frequency(48)=600000000,throttle_flag:throttled=0xd0005,voltage:volt=1.2000V,volt=1.2500V,volt=1.2500V,volt=1.2250V
TIME:16:15:55
56382
cpu:9.60, 9.87, 5.64,freq:frequency(48)=1400000000,throttle_flag:throttled=0xd0000,voltage:volt=1.3813V,volt=1.2500V,volt=1.2500V,volt=1.2250V
TIME:16:15:56
56382
cpu:9.60, 9.87, 5.64,freq:frequency(48)=600000000,throttle_flag:throttled=0xd0005,voltage:volt=1.2000V,volt=1.2500V,volt=1.2500V,volt=1.2250V
TIME:16:15:58
55844
cpu:9.60, 9.87, 5.64,freq:frequency(48)=600000000,throttle_flag:throttled=0xd0005,voltage:volt=1.2000V,volt=1.2500V,volt=1.2500V,volt=1.2250V
TIME:16:15:59
55306
cpu:9.23, 9.79, 5.64,freq:frequency(48)=600000000,throttle_flag:throttled=0xd0005,voltage:volt=1.2000V,volt=1.2500V,volt=1.2500V,volt=1.2250V
TIME:16:16:01
55844
cpu:9.23, 9.79, 5.64,freq:frequency(48)=600000000,throttle_flag:throttled=0xd0005,voltage:volt=1.2000V,volt=1.2500V,volt=1.2500V,volt=1.2250V
TIME:16:16:02
55844
cpu:9.23, 9.79, 5.64,freq:frequency(48)=1400000000,throttle_flag:throttled=0xd0000,voltage:volt=1.3813V,volt=1.2500V,volt=1.2500V,volt=1.2250V
TIME:16:16:03
55844
cpu:8.97, 9.73, 5.64,freq:frequency(48)=600000000,throttle_flag:throttled=0xd0005,voltage:volt=1.2000V,volt=1.2500V,volt=1.2500V,volt=1.2250V
TIME:16:16:05
55844
cpu:8.97, 9.73, 5.64,freq:frequency(48)=600000000,throttle_flag:throttled=0xd0005,voltage:volt=1.2000V,volt=1.2500V,volt=1.2500V,volt=1.2250V
TIME:16:16:06
55844
cpu:8.97, 9.73, 5.64,freq:frequency(48)=600000000,throttle_flag:throttled=0xd0005,voltage:volt=1.2000V,volt=1.2500V,volt=1.2500V,volt=1.2250V
TIME:16:16:08
55306
cpu:8.97, 9.73, 5.64,freq:frequency(48)=1400000000,throttle_flag:throttled=0xd0000,voltage:volt=1.3813V,volt=1.2500V,volt=1.2500V,volt=1.2250V
TIME:16:16:09
56382
cpu:8.65, 9.65, 5.64,freq:frequency(48)=600000000,throttle_flag:throttled=0xd0005,voltage:volt=1.2000V,volt=1.2500V,volt=1.2500V,volt=1.2250V
TIME:16:16:11
56382
cpu:8.65, 9.65, 5.64,freq:frequency(48)=600000000,throttle_flag:throttled=0xd0005,voltage:volt=1.2000V,volt=1.2500V,volt=1.2500V,volt=1.2250V
TIME:16:16:12
55844
cpu:8.65, 9.65, 5.64,freq:frequency(48)=600000000,throttle_flag:throttled=0xd0000,voltage:volt=1.3813V,volt=1.2500V,volt=1.2500V,volt=1.2250V
TIME:16:16:14
55844
cpu:8.76, 9.65, 5.66,freq:frequency(48)=600000000,throttle_flag:throttled=0xd0005,voltage:volt=1.2000V,volt=1.2500V,volt=1.2500V,volt=1.2250V
TIME:16:16:15
55844
cpu:8.76, 9.65, 5.66,freq:frequency(48)=600000000,throttle_flag:throttled=0xd0005,voltage:volt=1.2000V,volt=1.2500V,volt=1.2500V,volt=1.2250V
TIME:16:16:17
55844
cpu:8.76, 9.65, 5.66,freq:frequency(48)=1400000000,throttle_flag:throttled=0xd0000,voltage:volt=1.3813V,volt=1.2500V,volt=1.2500V,volt=1.2250V
TIME:16:16:18
56920
cpu:8.76, 9.65, 5.66,freq:frequency(48)=600000000,throttle_flag:throttled=0xd0005,voltage:volt=1.2000V,volt=1.2500V,volt=1.2500V,volt=1.2250V
TIME:16:16:19
57458
cpu:8.78, 9.64, 5.68,freq:frequency(48)=1400000000,throttle_flag:throttled=0xd0000,voltage:volt=1.3813V,volt=1.2500V,volt=1.2500V,volt=1.2250V
TIME:16:16:21
56920
cpu:8.78, 9.64, 5.68,freq:frequency(48)=600000000,throttle_flag:throttled=0xd0005,voltage:volt=1.2000V,volt=1.2500V,volt=1.2500V,volt=1.2250V
TIME:16:16:22
56382
cpu:8.78, 9.64, 5.68,freq:frequency(48)=600000000,throttle_flag:throttled=0xd0005,voltage:volt=1.2000V,volt=1.2500V,volt=1.2500V,volt=1.2250V
TIME:16:16:24
56382
cpu:8.64, 9.60, 5.69,freq:frequency(48)=1400000000,throttle_flag:throttled=0xd0000,voltage:volt=1.3813V,volt=1.2500V,volt=1.2500V,volt=1.2250V
TIME:16:16:25
56382
cpu:8.64, 9.60, 5.69,freq:frequency(48)=600000000,throttle_flag:throttled=0xd0005,voltage:volt=1.2000V,volt=1.2500V,volt=1.2500V,volt=1.2250V
TIME:16:16:27
56382
cpu:8.64, 9.60, 5.69,freq:frequency(48)=600000000,throttle_flag:throttled=0xd0005,voltage:volt=1.2000V,volt=1.2500V,volt=1.2500V,volt=1.2250V
TIME:16:16:28
55844
cpu:8.64, 9.60, 5.69,freq:frequency(48)=600000000,throttle_flag:throttled=0xd0005,voltage:volt=1.2000V,volt=1.2500V,volt=1.2500V,volt=1.2250V
TIME:16:16:29
55306
cpu:8.50, 9.56, 5.69,freq:frequency(48)=600000000,throttle_flag:throttled=0xd0005,voltage:volt=1.2000V,volt=1.2500V,volt=1.2500V,volt=1.2250V
TIME:16:16:31
54768
cpu:8.50, 9.56, 5.69,freq:frequency(48)=600000000,throttle_flag:throttled=0xd0005,voltage:volt=1.2000V,volt=1.2500V,volt=1.2500V,volt=1.2250V
TIME:16:16:33
54768
cpu:8.50, 9.56, 5.69,freq:frequency(48)=600000000,throttle_flag:throttled=0xd0005,voltage:volt=1.2000V,volt=1.2500V,volt=1.2500V,volt=1.2250V
TIME:16:16:34
55844
cpu:8.79, 9.60, 5.73,freq:frequency(48)=1400000000,throttle_flag:throttled=0xd0000,voltage:volt=1.2000V,volt=1.2500V,volt=1.2500V,volt=1.2250V
TIME:16:16:36
56382
cpu:8.79, 9.60, 5.73,freq:frequency(48)=1400000000,throttle_flag:throttled=0xd0000,voltage:volt=1.3813V,volt=1.2500V,volt=1.2500V,volt=1.2250V
TIME:16:16:38
55844
cpu:8.79, 9.60, 5.73,freq:frequency(48)=600000000,throttle_flag:throttled=0xd0005,voltage:volt=1.2000V,volt=1.2500V,volt=1.2500V,volt=1.2250V
TIME:16:16:39
56382
cpu:8.40, 9.50, 5.72,freq:frequency(48)=600000000,throttle_flag:throttled=0xd0005,voltage:volt=1.2000V,volt=1.2500V,volt=1.2500V,volt=1.2250V
TIME:16:16:41
56382
cpu:8.40, 9.50, 5.72,freq:frequency(48)=1400000000,throttle_flag:throttled=0xd0000,voltage:volt=1.3813V,volt=1.2500V,volt=1.2500V,volt=1.2250V
TIME:16:16:42
56382
cpu:8.40, 9.50, 5.72,freq:frequency(48)=600000000,throttle_flag:throttled=0xd0005,voltage:volt=1.2000V,volt=1.2500V,volt=1.2500V,volt=1.2250V
TIME:16:16:44
56382
cpu:8.37, 9.48, 5.73,freq:frequency(48)=600000000,throttle_flag:throttled=0xd0005,voltage:volt=1.2000V,volt=1.2500V,volt=1.2500V,volt=1.2250V
TIME:16:16:45
55844
cpu:8.37, 9.48, 5.73,freq:frequency(48)=1400000000,throttle_flag:throttled=0xd0000,voltage:volt=1.3813V,volt=1.2500V,volt=1.2500V,volt=1.2250V
TIME:16:16:47
55844
cpu:8.37, 9.48, 5.73,freq:frequency(48)=600000000,throttle_flag:throttled=0xd0005,voltage:volt=1.2000V,volt=1.2500V,volt=1.2500V,volt=1.2250V
TIME:16:16:48
56382
cpu:8.37, 9.48, 5.73,freq:frequency(48)=600000000,throttle_flag:throttled=0xd0005,voltage:volt=1.2000V,volt=1.2500V,volt=1.2500V,volt=1.2250V
TIME:16:16:49
56382
cpu:8.74, 9.54, 5.77,freq:frequency(48)=1400000000,throttle_flag:throttled=0xd0000,voltage:volt=1.3813V,volt=1.2500V,volt=1.2500V,volt=1.2250V
TIME:16:16:51
56382
cpu:8.74, 9.54, 5.77,freq:frequency(48)=600000000,throttle_flag:throttled=0xd0005,voltage:volt=1.2000V,volt=1.2500V,volt=1.2500V,volt=1.2250V
TIME:16:16:52
56382
cpu:8.74, 9.54, 5.77,freq:frequency(48)=600000000,throttle_flag:throttled=0xd0005,voltage:volt=1.2000V,volt=1.2500V,volt=1.2500V,volt=1.2250V
TIME:16:16:54
55844
cpu:8.36, 9.44, 5.76,freq:frequency(48)=600000000,throttle_flag:throttled=0xd0005,voltage:volt=1.2000V,volt=1.2500V,volt=1.2500V,volt=1.2250V
TIME:16:16:55
55844
cpu:8.36, 9.44, 5.76,freq:frequency(48)=600000000,throttle_flag:throttled=0xd0005,voltage:volt=1.2000V,volt=1.2500V,volt=1.2500V,volt=1.2250V
TIME:16:16:57
55844
cpu:8.36, 9.44, 5.76,freq:frequency(48)=600000000,throttle_flag:throttled=0xd0005,voltage:volt=1.2000V,volt=1.2500V,volt=1.2500V,volt=1.2250V
TIME:16:16:58
55306
cpu:8.36, 9.44, 5.76,freq:frequency(48)=600000000,throttle_flag:throttled=0xd0005,voltage:volt=1.2000V,volt=1.2500V,volt=1.2500V,volt=1.2250V
TIME:16:17:00
55306
cpu:8.49, 9.45, 5.78,freq:frequency(48)=600000000,throttle_flag:throttled=0xd0005,voltage:volt=1.2000V,volt=1.2500V,volt=1.2500V,volt=1.2250V
TIME:16:17:01
54768
cpu:8.49, 9.45, 5.78,freq:frequency(48)=600000000,throttle_flag:throttled=0xd0005,voltage:volt=1.2000V,volt=1.2500V,volt=1.2500V,volt=1.2250V
TIME:16:17:02
55306
cpu:8.49, 9.45, 5.78,freq:frequency(48)=600000000,throttle_flag:throttled=0xd0005,voltage:volt=1.2000V,volt=1.2500V,volt=1.2500V,volt=1.2250V
TIME:16:17:04
54768
cpu:8.13, 9.36, 5.77,freq:frequency(48)=1400000000,throttle_flag:throttled=0xd0000,voltage:volt=1.3813V,volt=1.2500V,volt=1.2500V,volt=1.2250V
TIME:16:17:05
55306
cpu:8.13, 9.36, 5.77,freq:frequency(48)=600000000,throttle_flag:throttled=0xd0005,voltage:volt=1.2000V,volt=1.2500V,volt=1.2500V,volt=1.2250V
TIME:16:17:07
55306
cpu:8.13, 9.36, 5.77,freq:frequency(48)=600000000,throttle_flag:throttled=0xd0005,voltage:volt=1.2000V,volt=1.2500V,volt=1.2500V,volt=1.2250V
TIME:16:17:08
54768
cpu:8.13, 9.36, 5.77,freq:frequency(48)=1400000000,throttle_flag:throttled=0xd0000,voltage:volt=1.2000V,volt=1.2500V,volt=1.2500V,volt=1.2250V
TIME:16:17:09
55306
cpu:7.88, 9.29, 5.77,freq:frequency(48)=600000000,throttle_flag:throttled=0xd0005,voltage:volt=1.2000V,volt=1.2500V,volt=1.2500V,volt=1.2250V
TIME:16:17:11
55306
cpu:7.88, 9.29, 5.77,freq:frequency(48)=600000000,throttle_flag:throttled=0xd0005,voltage:volt=1.2000V,volt=1.2500V,volt=1.2500V,volt=1.2250V
TIME:16:17:12
55844
cpu:7.88, 9.29, 5.77,freq:frequency(48)=600000000,throttle_flag:throttled=0xd0005,voltage:volt=1.2000V,volt=1.2500V,volt=1.2500V,volt=1.2250V
TIME:16:17:14
55844
cpu:8.13, 9.32, 5.80,freq:frequency(48)=600000000,throttle_flag:throttled=0xd0005,voltage:volt=1.2000V,volt=1.2500V,volt=1.2500V,volt=1.2250V
TIME:16:17:15
55306
cpu:8.13, 9.32, 5.80,freq:frequency(48)=600000000,throttle_flag:throttled=0xd0000,voltage:volt=1.3813V,volt=1.2500V,volt=1.2500V,volt=1.2250V
TIME:16:17:17
55844
cpu:8.13, 9.32, 5.80,freq:frequency(48)=600000000,throttle_flag:throttled=0xd0005,voltage:volt=1.2000V,volt=1.2500V,volt=1.2500V,volt=1.2250V
TIME:16:17:18
56382
cpu:8.13, 9.32, 5.80,freq:frequency(48)=600000000,throttle_flag:throttled=0xd0005,voltage:volt=1.2000V,volt=1.2500V,volt=1.2500V,volt=1.2250V
TIME:16:17:19
55844
cpu:8.36, 9.35, 5.83,freq:frequency(48)=600000000,throttle_flag:throttled=0xd0005,voltage:volt=1.2000V,volt=1.2500V,volt=1.2500V,volt=1.2250V
TIME:16:17:21
55844
cpu:8.36, 9.35, 5.83,freq:frequency(48)=600000000,throttle_flag:throttled=0xd0005,voltage:volt=1.2000V,volt=1.2500V,volt=1.2500V,volt=1.2250V
TIME:16:17:22
55306
cpu:8.36, 9.35, 5.83,freq:frequency(48)=600000000,throttle_flag:throttled=0xd0005,voltage:volt=1.2000V,volt=1.2500V,volt=1.2500V,volt=1.2250V
TIME:16:17:24
54768
cpu:8.49, 9.36, 5.85,freq:frequency(48)=600000000,throttle_flag:throttled=0xd0005,voltage:volt=1.2000V,volt=1.2500V,volt=1.2500V,volt=1.2250V
TIME:16:17:25
54768
cpu:8.49, 9.36, 5.85,freq:frequency(48)=600000000,throttle_flag:throttled=0xd0005,voltage:volt=1.2000V,volt=1.2500V,volt=1.2500V,volt=1.2250V
TIME:16:17:27
55844
cpu:8.49, 9.36, 5.85,freq:frequency(48)=600000000,throttle_flag:throttled=0xd0005,voltage:volt=1.2000V,volt=1.2500V,volt=1.2500V,volt=1.2250V
TIME:16:17:28
54768
cpu:8.29, 9.30, 5.85,freq:frequency(48)=1400000000,throttle_flag:throttled=0xd0000,voltage:volt=1.3813V,volt=1.2500V,volt=1.2500V,volt=1.2250V
TIME:16:17:30
54768
cpu:8.29, 9.30, 5.85,freq:frequency(48)=600000000,throttle_flag:throttled=0xd0005,voltage:volt=1.2000V,volt=1.2500V,volt=1.2500V,volt=1.2250V
TIME:16:17:31
55844
cpu:8.29, 9.30, 5.85,freq:frequency(48)=600000000,throttle_flag:throttled=0xd0005,voltage:volt=1.2000V,volt=1.2500V,volt=1.2500V,volt=1.2250V
TIME:16:17:32
56382
cpu:8.29, 9.30, 5.85,freq:frequency(48)=1400000000,throttle_flag:throttled=0xd0000,voltage:volt=1.3813V,volt=1.2500V,volt=1.2500V,volt=1.2250V
TIME:16:17:34
55844
cpu:8.59, 9.35, 5.88,freq:frequency(48)=600000000,throttle_flag:throttled=0xd0005,voltage:volt=1.2000V,volt=1.2500V,volt=1.2500V,volt=1.2250V
TIME:16:17:35
56920
cpu:8.59, 9.35, 5.88,freq:frequency(48)=600000000,throttle_flag:throttled=0xd0005,voltage:volt=1.2000V,volt=1.2500V,volt=1.2500V,volt=1.2250V
TIME:16:17:37
55844
cpu:8.59, 9.35, 5.88,freq:frequency(48)=1400000000,throttle_flag:throttled=0xd0000,voltage:volt=1.3813V,volt=1.2500V,volt=1.2500V,volt=1.2250V
TIME:16:17:38
55844
cpu:8.22, 9.26, 5.87,freq:frequency(48)=600000000,throttle_flag:throttled=0xd0005,voltage:volt=1.2000V,volt=1.2500V,volt=1.2500V,volt=1.2250V
TIME:16:17:40
55844
cpu:8.22, 9.26, 5.87,freq:frequency(48)=600000000,throttle_flag:throttled=0xd0005,voltage:volt=1.2000V,volt=1.2500V,volt=1.2500V,volt=1.2250V
TIME:16:17:41
55844
cpu:8.22, 9.26, 5.87,freq:frequency(48)=1400000000,throttle_flag:throttled=0xd0000,voltage:volt=1.3813V,volt=1.2500V,volt=1.2500V,volt=1.2250V
TIME:16:17:42
55306
cpu:8.22, 9.26, 5.87,freq:frequency(48)=1400000000,throttle_flag:throttled=0xd0000,voltage:volt=1.3813V,volt=1.2500V,volt=1.2500V,volt=1.2250V
TIME:16:17:43
54768
cpu:8.22, 9.26, 5.87,freq:frequency(48)=1400000000,throttle_flag:throttled=0xd0000,voltage:volt=1.3813V,volt=1.2500V,volt=1.2500V,volt=1.2250V
TIME:16:17:44
55306
cpu:7.64, 9.12, 5.85,freq:frequency(48)=1400000000,throttle_flag:throttled=0xd0000,voltage:volt=1.3813V,volt=1.2500V,volt=1.2500V,volt=1.2250V
TIME:16:17:45
54768
cpu:7.64, 9.12, 5.85,freq:frequency(48)=1400002000,throttle_flag:throttled=0xd0000,voltage:volt=1.3813V,volt=1.2500V,volt=1.2500V,volt=1.2250V
