<<<<<<<< HEAD:logs/roofline/resnet18_children_bramble-4-5/3/9_size/4_2/speed_heatbramble-4-5-10.log
TIME:21:42:47
38090
cpu:0.60, 0.65, 0.63,freq:frequency(48)=800000000,throttle_flag:throttled=0x50000,voltage:volt=1.2313V,volt=1.2500V,volt=1.2500V,volt=1.2250V
TIME:21:42:48
37552
cpu:0.56, 0.64, 0.63,freq:frequency(48)=600000000,throttle_flag:throttled=0x50000,voltage:volt=1.2313V,volt=1.2500V,volt=1.2500V,volt=1.2250V
TIME:21:42:49
37552
cpu:0.56, 0.64, 0.63,freq:frequency(48)=600000000,throttle_flag:throttled=0x50000,voltage:volt=1.2313V,volt=1.2500V,volt=1.2500V,volt=1.2250V
TIME:21:42:50
37552
cpu:0.56, 0.64, 0.63,freq:frequency(48)=800000000,throttle_flag:throttled=0x50000,voltage:volt=1.2313V,volt=1.2500V,volt=1.2500V,volt=1.2250V
TIME:21:42:51
39166
cpu:0.56, 0.64, 0.63,freq:frequency(48)=1400002000,throttle_flag:throttled=0x50000,voltage:volt=1.3375V,volt=1.2500V,volt=1.2500V,volt=1.2250V
TIME:21:42:52
39704
cpu:0.56, 0.64, 0.63,freq:frequency(48)=1400000000,throttle_flag:throttled=0x50000,voltage:volt=1.3375V,volt=1.2500V,volt=1.2500V,volt=1.2250V
TIME:21:42:53
39166
cpu:0.51, 0.63, 0.63,freq:frequency(48)=1400002000,throttle_flag:throttled=0x50000,voltage:volt=1.3375V,volt=1.2500V,volt=1.2500V,volt=1.2250V
TIME:21:42:54
39704
cpu:0.51, 0.63, 0.63,freq:frequency(48)=1400000000,throttle_flag:throttled=0x50000,voltage:volt=1.3375V,volt=1.2500V,volt=1.2500V,volt=1.2250V
TIME:21:42:56
39704
cpu:0.51, 0.63, 0.63,freq:frequency(48)=700000000,throttle_flag:throttled=0x50000,voltage:volt=1.2313V,volt=1.2500V,volt=1.2500V,volt=1.2250V
TIME:21:42:57
39166
cpu:0.51, 0.63, 0.63,freq:frequency(48)=800000000,throttle_flag:throttled=0x50000,voltage:volt=1.2313V,volt=1.2500V,volt=1.2500V,volt=1.2250V
TIME:21:42:58
39704
cpu:0.51, 0.63, 0.63,freq:frequency(48)=800000000,throttle_flag:throttled=0x50000,voltage:volt=1.2313V,volt=1.2500V,volt=1.2500V,volt=1.2250V
TIME:21:42:59
38628
cpu:0.63, 0.65, 0.63,freq:frequency(48)=800000000,throttle_flag:throttled=0x50000,voltage:volt=1.2313V,volt=1.2500V,volt=1.2500V,volt=1.2250V
TIME:21:43:00
38090
cpu:0.63, 0.65, 0.63,freq:frequency(48)=700000000,throttle_flag:throttled=0x50000,voltage:volt=1.2313V,volt=1.2500V,volt=1.2500V,volt=1.2250V
TIME:21:43:01
38628
cpu:0.63, 0.65, 0.63,freq:frequency(48)=700000000,throttle_flag:throttled=0x50000,voltage:volt=1.2313V,volt=1.2500V,volt=1.2500V,volt=1.2250V
TIME:21:43:02
38090
cpu:0.63, 0.65, 0.63,freq:frequency(48)=700000000,throttle_flag:throttled=0x50000,voltage:volt=1.2313V,volt=1.2500V,volt=1.2500V,volt=1.2250V
TIME:21:43:03
38090
cpu:0.66, 0.66, 0.64,freq:frequency(48)=700000000,throttle_flag:throttled=0x50000,voltage:volt=1.2313V,volt=1.2500V,volt=1.2500V,volt=1.2250V
TIME:21:43:04
38628
cpu:0.66, 0.66, 0.64,freq:frequency(48)=700000000,throttle_flag:throttled=0x50000,voltage:volt=1.2313V,volt=1.2500V,volt=1.2500V,volt=1.2250V
TIME:21:43:06
38090
cpu:0.66, 0.66, 0.64,freq:frequency(48)=700000000,throttle_flag:throttled=0x50000,voltage:volt=1.2313V,volt=1.2500V,volt=1.2500V,volt=1.2250V
TIME:21:43:07
38628
cpu:0.66, 0.66, 0.64,freq:frequency(48)=700000000,throttle_flag:throttled=0x50000,voltage:volt=1.2313V,volt=1.2500V,volt=1.2500V,volt=1.2250V
TIME:21:43:08
38628
cpu:0.66, 0.66, 0.64,freq:frequency(48)=900000000,throttle_flag:throttled=0x50000,voltage:volt=1.2313V,volt=1.2500V,volt=1.2500V,volt=1.2250V
TIME:21:43:09
37552
cpu:0.77, 0.68, 0.64,freq:frequency(48)=800000000,throttle_flag:throttled=0x50000,voltage:volt=1.2313V,volt=1.2500V,volt=1.2500V,volt=1.2250V
TIME:21:43:10
37552
cpu:0.77, 0.68, 0.64,freq:frequency(48)=700000000,throttle_flag:throttled=0x50000,voltage:volt=1.2313V,volt=1.2500V,volt=1.2500V,volt=1.2250V
TIME:21:43:11
38090
cpu:0.77, 0.68, 0.64,freq:frequency(48)=700002000,throttle_flag:throttled=0x50000,voltage:volt=1.2313V,volt=1.2500V,volt=1.2500V,volt=1.2250V
TIME:21:43:12
37552
cpu:0.77, 0.68, 0.64,freq:frequency(48)=700000000,throttle_flag:throttled=0x50000,voltage:volt=1.2313V,volt=1.2500V,volt=1.2500V,volt=1.2250V
TIME:21:43:13
38090
cpu:0.71, 0.67, 0.64,freq:frequency(48)=600000000,throttle_flag:throttled=0x50000,voltage:volt=1.2313V,volt=1.2500V,volt=1.2500V,volt=1.2250V
TIME:21:43:14
37552
cpu:0.71, 0.67, 0.64,freq:frequency(48)=600000000,throttle_flag:throttled=0x50000,voltage:volt=1.2313V,volt=1.2500V,volt=1.2500V,volt=1.2250V
TIME:21:43:16
37552
cpu:0.71, 0.67, 0.64,freq:frequency(48)=600000000,throttle_flag:throttled=0x50000,voltage:volt=1.2313V,volt=1.2500V,volt=1.2500V,volt=1.2250V
TIME:21:43:17
37552
cpu:0.71, 0.67, 0.64,freq:frequency(48)=600000000,throttle_flag:throttled=0x50000,voltage:volt=1.2313V,volt=1.2500V,volt=1.2500V,volt=1.2250V
TIME:21:43:18
38628
cpu:0.65, 0.65, 0.64,freq:frequency(48)=600000000,throttle_flag:throttled=0x50000,voltage:volt=1.2313V,volt=1.2500V,volt=1.2500V,volt=1.2250V
TIME:21:43:19
38090
cpu:0.65, 0.65, 0.64,freq:frequency(48)=600000000,throttle_flag:throttled=0x50000,voltage:volt=1.2313V,volt=1.2500V,volt=1.2500V,volt=1.2250V
TIME:21:43:20
38628
cpu:0.65, 0.65, 0.64,freq:frequency(48)=700000000,throttle_flag:throttled=0x50000,voltage:volt=1.2313V,volt=1.2500V,volt=1.2500V,volt=1.2250V
TIME:21:43:21
38628
cpu:0.65, 0.65, 0.64,freq:frequency(48)=800000000,throttle_flag:throttled=0x50000,voltage:volt=1.2313V,volt=1.2500V,volt=1.2500V,volt=1.2250V
TIME:21:43:22
38090
cpu:0.65, 0.65, 0.64,freq:frequency(48)=700000000,throttle_flag:throttled=0x50000,voltage:volt=1.2313V,volt=1.2500V,volt=1.2500V,volt=1.2250V
TIME:21:43:23
37552
cpu:0.60, 0.64, 0.63,freq:frequency(48)=600000000,throttle_flag:throttled=0x50000,voltage:volt=1.2313V,volt=1.2500V,volt=1.2500V,volt=1.2250V
TIME:21:43:25
37552
cpu:0.60, 0.64, 0.63,freq:frequency(48)=600000000,throttle_flag:throttled=0x50000,voltage:volt=1.2313V,volt=1.2500V,volt=1.2500V,volt=1.2250V
TIME:21:43:26
37552
cpu:0.60, 0.64, 0.63,freq:frequency(48)=1400000000,throttle_flag:throttled=0x50000,voltage:volt=1.3375V,volt=1.2500V,volt=1.2500V,volt=1.2250V
TIME:21:43:27
39166
cpu:0.60, 0.64, 0.63,freq:frequency(48)=1400000000,throttle_flag:throttled=0x50000,voltage:volt=1.3375V,volt=1.2500V,volt=1.2500V,volt=1.2250V
TIME:21:43:28
39704
cpu:0.63, 0.65, 0.64,freq:frequency(48)=600000000,throttle_flag:throttled=0x50005,voltage:volt=1.2000V,volt=1.2500V,volt=1.2500V,volt=1.2250V
TIME:21:43:29
39166
cpu:0.63, 0.65, 0.64,freq:frequency(48)=600000000,throttle_flag:throttled=0x50005,voltage:volt=1.2000V,volt=1.2500V,volt=1.2500V,volt=1.2250V
TIME:21:43:30
39166
cpu:0.63, 0.65, 0.64,freq:frequency(48)=1400002000,throttle_flag:throttled=0x50000,voltage:volt=1.3375V,volt=1.2500V,volt=1.2500V,volt=1.2250V
TIME:21:43:31
38628
cpu:0.63, 0.65, 0.64,freq:frequency(48)=700000000,throttle_flag:throttled=0x50000,voltage:volt=1.2313V,volt=1.2500V,volt=1.2500V,volt=1.2250V
TIME:21:43:32
38628
cpu:0.63, 0.65, 0.64,freq:frequency(48)=1400000000,throttle_flag:throttled=0x50000,voltage:volt=1.3375V,volt=1.2500V,volt=1.2500V,volt=1.2250V
TIME:21:43:33
39166
cpu:0.58, 0.64, 0.63,freq:frequency(48)=1400000000,throttle_flag:throttled=0x50000,voltage:volt=1.3375V,volt=1.2500V,volt=1.2500V,volt=1.2250V
TIME:21:43:34
38628
cpu:0.58, 0.64, 0.63,freq:frequency(48)=1400000000,throttle_flag:throttled=0x50000,voltage:volt=1.3375V,volt=1.2500V,volt=1.2500V,volt=1.2250V
TIME:21:43:36
38628
cpu:0.58, 0.64, 0.63,freq:frequency(48)=1400000000,throttle_flag:throttled=0x50000,voltage:volt=1.3375V,volt=1.2500V,volt=1.2500V,volt=1.2250V
TIME:21:43:37
38628
cpu:0.58, 0.64, 0.63,freq:frequency(48)=1400000000,throttle_flag:throttled=0x50000,voltage:volt=1.3375V,volt=1.2500V,volt=1.2500V,volt=1.2250V
TIME:21:43:38
38628
cpu:0.58, 0.64, 0.63,freq:frequency(48)=600000000,throttle_flag:throttled=0x50000,voltage:volt=1.2313V,volt=1.2500V,volt=1.2500V,volt=1.2250V
TIME:21:43:39
38628
cpu:0.53, 0.63, 0.63,freq:frequency(48)=600000000,throttle_flag:throttled=0x50000,voltage:volt=1.2313V,volt=1.2500V,volt=1.2500V,volt=1.2250V
TIME:21:43:40
38090
cpu:0.53, 0.63, 0.63,freq:frequency(48)=600000000,throttle_flag:throttled=0x50000,voltage:volt=1.2313V,volt=1.2500V,volt=1.2500V,volt=1.2250V
TIME:21:43:41
38628
cpu:0.53, 0.63, 0.63,freq:frequency(48)=600000000,throttle_flag:throttled=0x50000,voltage:volt=1.2313V,volt=1.2500V,volt=1.2500V,volt=1.2250V
TIME:21:43:42
37552
cpu:0.53, 0.63, 0.63,freq:frequency(48)=600000000,throttle_flag:throttled=0x50000,voltage:volt=1.2313V,volt=1.2500V,volt=1.2500V,volt=1.2250V
TIME:21:43:43
38090
cpu:0.49, 0.62, 0.62,freq:frequency(48)=600000000,throttle_flag:throttled=0x50000,voltage:volt=1.2313V,volt=1.2500V,volt=1.2500V,volt=1.2250V
TIME:21:43:44
38090
cpu:0.49, 0.62, 0.62,freq:frequency(48)=700000000,throttle_flag:throttled=0x50000,voltage:volt=1.2313V,volt=1.2500V,volt=1.2500V,volt=1.2250V
TIME:21:43:46
38090
cpu:0.49, 0.62, 0.62,freq:frequency(48)=800000000,throttle_flag:throttled=0x50000,voltage:volt=1.2313V,volt=1.2500V,volt=1.2500V,volt=1.2250V
TIME:21:43:47
37552
cpu:0.49, 0.62, 0.62,freq:frequency(48)=700000000,throttle_flag:throttled=0x50000,voltage:volt=1.2313V,volt=1.2500V,volt=1.2500V,volt=1.2250V
TIME:21:43:48
37552
cpu:0.49, 0.62, 0.62,freq:frequency(48)=600000000,throttle_flag:throttled=0x50000,voltage:volt=1.2313V,volt=1.2500V,volt=1.2500V,volt=1.2250V
TIME:21:43:49
37552
cpu:0.53, 0.62, 0.63,freq:frequency(48)=600000000,throttle_flag:throttled=0x50000,voltage:volt=1.2313V,volt=1.2500V,volt=1.2500V,volt=1.2250V
TIME:21:43:50
37552
cpu:0.53, 0.62, 0.63,freq:frequency(48)=600000000,throttle_flag:throttled=0x50000,voltage:volt=1.2313V,volt=1.2500V,volt=1.2500V,volt=1.2250V
TIME:21:43:51
38090
cpu:0.53, 0.62, 0.63,freq:frequency(48)=800000000,throttle_flag:throttled=0x50000,voltage:volt=1.2313V,volt=1.2500V,volt=1.2500V,volt=1.2250V
TIME:21:43:52
38090
cpu:0.53, 0.62, 0.63,freq:frequency(48)=800000000,throttle_flag:throttled=0x50000,voltage:volt=1.2313V,volt=1.2500V,volt=1.2500V,volt=1.2250V
TIME:21:43:53
37552
cpu:0.49, 0.61, 0.62,freq:frequency(48)=700000000,throttle_flag:throttled=0x50000,voltage:volt=1.2313V,volt=1.2500V,volt=1.2500V,volt=1.2250V
TIME:21:43:54
38090
cpu:0.49, 0.61, 0.62,freq:frequency(48)=700000000,throttle_flag:throttled=0x50000,voltage:volt=1.2313V,volt=1.2500V,volt=1.2500V,volt=1.2250V
TIME:21:43:56
38090
cpu:0.49, 0.61, 0.62,freq:frequency(48)=700000000,throttle_flag:throttled=0x50000,voltage:volt=1.2313V,volt=1.2500V,volt=1.2500V,volt=1.2250V
TIME:21:43:57
37552
cpu:0.49, 0.61, 0.62,freq:frequency(48)=700000000,throttle_flag:throttled=0x50000,voltage:volt=1.2313V,volt=1.2500V,volt=1.2500V,volt=1.2250V
TIME:21:43:58
37552
cpu:0.49, 0.61, 0.62,freq:frequency(48)=700000000,throttle_flag:throttled=0x50000,voltage:volt=1.2313V,volt=1.2500V,volt=1.2500V,volt=1.2250V
TIME:21:43:59
37552
cpu:0.61, 0.64, 0.63,freq:frequency(48)=800000000,throttle_flag:throttled=0x50000,voltage:volt=1.2313V,volt=1.2500V,volt=1.2500V,volt=1.2250V
TIME:21:44:00
37552
cpu:0.61, 0.64, 0.63,freq:frequency(48)=800000000,throttle_flag:throttled=0x50000,voltage:volt=1.2313V,volt=1.2500V,volt=1.2500V,volt=1.2250V
TIME:21:44:01
37552
cpu:0.61, 0.64, 0.63,freq:frequency(48)=800000000,throttle_flag:throttled=0x50000,voltage:volt=1.2313V,volt=1.2500V,volt=1.2500V,volt=1.2250V
TIME:21:44:02
39704
cpu:0.61, 0.64, 0.63,freq:frequency(48)=1400000000,throttle_flag:throttled=0x50000,voltage:volt=1.3375V,volt=1.2500V,volt=1.2500V,volt=1.2250V
TIME:21:44:03
39704
cpu:0.88, 0.69, 0.65,freq:frequency(48)=600000000,throttle_flag:throttled=0x50005,voltage:volt=1.2000V,volt=1.2500V,volt=1.2500V,volt=1.2250V
TIME:21:44:04
39166
cpu:0.88, 0.69, 0.65,freq:frequency(48)=600000000,throttle_flag:throttled=0x50005,voltage:volt=1.2000V,volt=1.2500V,volt=1.2500V,volt=1.2250V
TIME:21:44:06
39166
cpu:0.88, 0.69, 0.65,freq:frequency(48)=1400002000,throttle_flag:throttled=0x50000,voltage:volt=1.3375V,volt=1.2500V,volt=1.2500V,volt=1.2250V
TIME:21:44:07
39704
cpu:0.88, 0.69, 0.65,freq:frequency(48)=1400000000,throttle_flag:throttled=0x50000,voltage:volt=1.3375V,volt=1.2500V,volt=1.2500V,volt=1.2250V
========
TIME:14:35:58
38628
cpu:0.91, 0.72, 0.44,freq:frequency(48)=1000000000,throttle_flag:throttled=0x50000,voltage:volt=1.3375V,volt=1.2500V,volt=1.2500V,volt=1.2250V
TIME:14:36:00
38628
cpu:0.91, 0.72, 0.44,freq:frequency(48)=600000000,throttle_flag:throttled=0x50005,voltage:volt=1.2000V,volt=1.2500V,volt=1.2500V,volt=1.2250V
TIME:14:36:01
39704
cpu:1.16, 0.77, 0.46,freq:frequency(48)=600000000,throttle_flag:throttled=0x50005,voltage:volt=1.2000V,volt=1.2500V,volt=1.2500V,volt=1.2250V
TIME:14:36:02
40242
cpu:1.16, 0.77, 0.46,freq:frequency(48)=600000000,throttle_flag:throttled=0x50005,voltage:volt=1.2000V,volt=1.2500V,volt=1.2500V,volt=1.2250V
TIME:14:36:04
40780
cpu:1.16, 0.77, 0.46,freq:frequency(48)=600000000,throttle_flag:throttled=0x50005,voltage:volt=1.2000V,volt=1.2500V,volt=1.2500V,volt=1.2250V
TIME:14:36:05
40780
cpu:1.16, 0.77, 0.46,freq:frequency(48)=1400000000,throttle_flag:throttled=0x50000,voltage:volt=1.3375V,volt=1.2500V,volt=1.2500V,volt=1.2250V
TIME:14:36:06
40242
cpu:1.07, 0.76, 0.46,freq:frequency(48)=1400000000,throttle_flag:throttled=0x50000,voltage:volt=1.3375V,volt=1.2500V,volt=1.2500V,volt=1.2250V
TIME:14:36:07
39704
cpu:1.07, 0.76, 0.46,freq:frequency(48)=1400000000,throttle_flag:throttled=0x50000,voltage:volt=1.3375V,volt=1.2500V,volt=1.2500V,volt=1.2250V
TIME:14:36:08
39704
cpu:1.07, 0.76, 0.46,freq:frequency(48)=1400002000,throttle_flag:throttled=0x50000,voltage:volt=1.3375V,volt=1.2500V,volt=1.2500V,volt=1.2250V
TIME:14:36:09
39704
cpu:1.07, 0.76, 0.46,freq:frequency(48)=800000000,throttle_flag:throttled=0x50000,voltage:volt=1.2313V,volt=1.2500V,volt=1.2500V,volt=1.2250V
TIME:14:36:10
39704
cpu:1.07, 0.76, 0.46,freq:frequency(48)=800000000,throttle_flag:throttled=0x50000,voltage:volt=1.2313V,volt=1.2500V,volt=1.2500V,volt=1.2250V
TIME:14:36:11
39704
cpu:0.98, 0.75, 0.45,freq:frequency(48)=800000000,throttle_flag:throttled=0x50000,voltage:volt=1.2313V,volt=1.2500V,volt=1.2500V,volt=1.2250V
TIME:14:36:12
39704
cpu:0.98, 0.75, 0.45,freq:frequency(48)=800000000,throttle_flag:throttled=0x50000,voltage:volt=1.2313V,volt=1.2500V,volt=1.2500V,volt=1.2250V
TIME:14:36:13
38628
cpu:0.98, 0.75, 0.45,freq:frequency(48)=800000000,throttle_flag:throttled=0x50000,voltage:volt=1.2313V,volt=1.2500V,volt=1.2500V,volt=1.2250V
TIME:14:36:15
39166
cpu:0.98, 0.75, 0.45,freq:frequency(48)=800000000,throttle_flag:throttled=0x50000,voltage:volt=1.2313V,volt=1.2500V,volt=1.2500V,volt=1.2250V
TIME:14:36:16
38628
cpu:0.90, 0.73, 0.45,freq:frequency(48)=800000000,throttle_flag:throttled=0x50000,voltage:volt=1.2313V,volt=1.2500V,volt=1.2500V,volt=1.2250V
TIME:14:36:17
38628
cpu:0.90, 0.73, 0.45,freq:frequency(48)=800000000,throttle_flag:throttled=0x50000,voltage:volt=1.2313V,volt=1.2500V,volt=1.2500V,volt=1.2250V
TIME:14:36:18
38628
cpu:0.90, 0.73, 0.45,freq:frequency(48)=800000000,throttle_flag:throttled=0x50000,voltage:volt=1.2313V,volt=1.2500V,volt=1.2500V,volt=1.2250V
TIME:14:36:19
38090
cpu:0.90, 0.73, 0.45,freq:frequency(48)=700000000,throttle_flag:throttled=0x50000,voltage:volt=1.2313V,volt=1.2500V,volt=1.2500V,volt=1.2250V
TIME:14:36:20
38628
cpu:0.90, 0.73, 0.45,freq:frequency(48)=700000000,throttle_flag:throttled=0x50000,voltage:volt=1.2313V,volt=1.2500V,volt=1.2500V,volt=1.2250V
TIME:14:36:21
38628
cpu:0.83, 0.72, 0.45,freq:frequency(48)=700000000,throttle_flag:throttled=0x50000,voltage:volt=1.2313V,volt=1.2500V,volt=1.2500V,volt=1.2250V
TIME:14:36:22
38628
cpu:0.83, 0.72, 0.45,freq:frequency(48)=700000000,throttle_flag:throttled=0x50000,voltage:volt=1.2313V,volt=1.2500V,volt=1.2500V,volt=1.2250V
TIME:14:36:23
37552
cpu:0.83, 0.72, 0.45,freq:frequency(48)=700000000,throttle_flag:throttled=0x50000,voltage:volt=1.2313V,volt=1.2500V,volt=1.2500V,volt=1.2250V
TIME:14:36:25
38628
cpu:0.83, 0.72, 0.45,freq:frequency(48)=900000000,throttle_flag:throttled=0x50000,voltage:volt=1.2313V,volt=1.2500V,volt=1.2500V,volt=1.2250V
TIME:14:36:26
37552
cpu:0.76, 0.71, 0.45,freq:frequency(48)=800000000,throttle_flag:throttled=0x50000,voltage:volt=1.2313V,volt=1.2500V,volt=1.2500V,volt=1.2250V
TIME:14:36:27
38090
cpu:0.76, 0.71, 0.45,freq:frequency(48)=700000000,throttle_flag:throttled=0x50000,voltage:volt=1.2313V,volt=1.2500V,volt=1.2500V,volt=1.2250V
TIME:14:36:28
38090
cpu:0.76, 0.71, 0.45,freq:frequency(48)=700000000,throttle_flag:throttled=0x50000,voltage:volt=1.2313V,volt=1.2500V,volt=1.2500V,volt=1.2250V
TIME:14:36:29
37552
cpu:0.76, 0.71, 0.45,freq:frequency(48)=700000000,throttle_flag:throttled=0x50000,voltage:volt=1.2313V,volt=1.2500V,volt=1.2500V,volt=1.2250V
TIME:14:36:30
37552
cpu:0.76, 0.71, 0.45,freq:frequency(48)=700000000,throttle_flag:throttled=0x50000,voltage:volt=1.2313V,volt=1.2500V,volt=1.2500V,volt=1.2250V
TIME:14:36:31
37552
cpu:0.78, 0.71, 0.45,freq:frequency(48)=700000000,throttle_flag:throttled=0x50000,voltage:volt=1.2313V,volt=1.2500V,volt=1.2500V,volt=1.2250V
TIME:14:36:32
37552
cpu:0.78, 0.71, 0.45,freq:frequency(48)=700000000,throttle_flag:throttled=0x50000,voltage:volt=1.2313V,volt=1.2500V,volt=1.2500V,volt=1.2250V
TIME:14:36:33
37552
cpu:0.78, 0.71, 0.45,freq:frequency(48)=600000000,throttle_flag:throttled=0x50000,voltage:volt=1.2313V,volt=1.2500V,volt=1.2500V,volt=1.2250V
TIME:14:36:35
37552
cpu:0.78, 0.71, 0.45,freq:frequency(48)=600000000,throttle_flag:throttled=0x50000,voltage:volt=1.2313V,volt=1.2500V,volt=1.2500V,volt=1.2250V
TIME:14:36:36
38628
cpu:1.04, 0.77, 0.47,freq:frequency(48)=600000000,throttle_flag:throttled=0x50005,voltage:volt=1.2000V,volt=1.2500V,volt=1.2500V,volt=1.2250V
TIME:14:36:37
39704
cpu:1.04, 0.77, 0.47,freq:frequency(48)=600000000,throttle_flag:throttled=0x50005,voltage:volt=1.2000V,volt=1.2500V,volt=1.2500V,volt=1.2250V
TIME:14:36:38
39704
cpu:1.04, 0.77, 0.47,freq:frequency(48)=600000000,throttle_flag:throttled=0x50005,voltage:volt=1.2000V,volt=1.2500V,volt=1.2500V,volt=1.2250V
TIME:14:36:40
40780
cpu:1.04, 0.77, 0.47,freq:frequency(48)=600000000,throttle_flag:throttled=0x50005,voltage:volt=1.2000V,volt=1.2500V,volt=1.2500V,volt=1.2250V
TIME:14:36:41
40242
cpu:0.96, 0.76, 0.47,freq:frequency(48)=1400000000,throttle_flag:throttled=0x50000,voltage:volt=1.3375V,volt=1.2500V,volt=1.2500V,volt=1.2250V
TIME:14:36:42
39166
cpu:0.96, 0.76, 0.47,freq:frequency(48)=1400000000,throttle_flag:throttled=0x50000,voltage:volt=1.3375V,volt=1.2500V,volt=1.2500V,volt=1.2250V
TIME:14:36:43
40242
cpu:0.96, 0.76, 0.47,freq:frequency(48)=1400000000,throttle_flag:throttled=0x50000,voltage:volt=1.3375V,volt=1.2500V,volt=1.2500V,volt=1.2250V
TIME:14:36:44
39704
cpu:0.96, 0.76, 0.47,freq:frequency(48)=1400000000,throttle_flag:throttled=0x50000,voltage:volt=1.3375V,volt=1.2500V,volt=1.2500V,volt=1.2250V
TIME:14:36:45
39166
cpu:0.96, 0.76, 0.47,freq:frequency(48)=600000000,throttle_flag:throttled=0x50000,voltage:volt=1.2313V,volt=1.2500V,volt=1.2500V,volt=1.2250V
TIME:14:36:46
38628
cpu:0.88, 0.74, 0.46,freq:frequency(48)=600000000,throttle_flag:throttled=0x50000,voltage:volt=1.2313V,volt=1.2500V,volt=1.2500V,volt=1.2250V
TIME:14:36:47
38628
cpu:0.88, 0.74, 0.46,freq:frequency(48)=600000000,throttle_flag:throttled=0x50000,voltage:volt=1.2313V,volt=1.2500V,volt=1.2500V,volt=1.2250V
TIME:14:36:48
38628
cpu:0.88, 0.74, 0.46,freq:frequency(48)=600000000,throttle_flag:throttled=0x50000,voltage:volt=1.2313V,volt=1.2500V,volt=1.2500V,volt=1.2250V
TIME:14:36:50
38628
cpu:0.88, 0.74, 0.46,freq:frequency(48)=600000000,throttle_flag:throttled=0x50000,voltage:volt=1.2313V,volt=1.2500V,volt=1.2500V,volt=1.2250V
TIME:14:36:51
38628
cpu:0.81, 0.73, 0.46,freq:frequency(48)=600000000,throttle_flag:throttled=0x50000,voltage:volt=1.2313V,volt=1.2500V,volt=1.2500V,volt=1.2250V
TIME:14:36:52
38628
cpu:0.81, 0.73, 0.46,freq:frequency(48)=600000000,throttle_flag:throttled=0x50000,voltage:volt=1.2313V,volt=1.2500V,volt=1.2500V,volt=1.2250V
TIME:14:36:53
38090
cpu:0.81, 0.73, 0.46,freq:frequency(48)=800000000,throttle_flag:throttled=0x50000,voltage:volt=1.2313V,volt=1.2500V,volt=1.2500V,volt=1.2250V
TIME:14:36:54
38090
cpu:0.81, 0.73, 0.46,freq:frequency(48)=800000000,throttle_flag:throttled=0x50000,voltage:volt=1.2313V,volt=1.2500V,volt=1.2500V,volt=1.2250V
TIME:14:36:55
38628
cpu:0.81, 0.73, 0.46,freq:frequency(48)=800000000,throttle_flag:throttled=0x50000,voltage:volt=1.2313V,volt=1.2500V,volt=1.2500V,volt=1.2250V
TIME:14:36:56
38090
cpu:0.74, 0.72, 0.46,freq:frequency(48)=800000000,throttle_flag:throttled=0x50000,voltage:volt=1.2313V,volt=1.2500V,volt=1.2500V,volt=1.2250V
TIME:14:36:57
38628
cpu:0.74, 0.72, 0.46,freq:frequency(48)=700000000,throttle_flag:throttled=0x50000,voltage:volt=1.2313V,volt=1.2500V,volt=1.2500V,volt=1.2250V
TIME:14:36:58
37552
cpu:0.74, 0.72, 0.46,freq:frequency(48)=600000000,throttle_flag:throttled=0x50000,voltage:volt=1.2313V,volt=1.2500V,volt=1.2500V,volt=1.2250V
TIME:14:37:00
38090
cpu:0.74, 0.72, 0.46,freq:frequency(48)=600000000,throttle_flag:throttled=0x50000,voltage:volt=1.2313V,volt=1.2500V,volt=1.2500V,volt=1.2250V
TIME:14:37:01
37552
cpu:0.68, 0.71, 0.45,freq:frequency(48)=600002000,throttle_flag:throttled=0x50000,voltage:volt=1.2313V,volt=1.2500V,volt=1.2500V,volt=1.2250V
TIME:14:37:02
37552
cpu:0.68, 0.71, 0.45,freq:frequency(48)=600000000,throttle_flag:throttled=0x50000,voltage:volt=1.2313V,volt=1.2500V,volt=1.2500V,volt=1.2250V
TIME:14:37:03
38090
cpu:0.68, 0.71, 0.45,freq:frequency(48)=800000000,throttle_flag:throttled=0x50000,voltage:volt=1.2313V,volt=1.2500V,volt=1.2500V,volt=1.2250V
TIME:14:37:04
37552
cpu:0.68, 0.71, 0.45,freq:frequency(48)=800000000,throttle_flag:throttled=0x50000,voltage:volt=1.2313V,volt=1.2500V,volt=1.2500V,volt=1.2250V
TIME:14:37:05
37552
cpu:0.68, 0.71, 0.45,freq:frequency(48)=800000000,throttle_flag:throttled=0x50000,voltage:volt=1.2313V,volt=1.2500V,volt=1.2500V,volt=1.2250V
TIME:14:37:06
37552
cpu:0.63, 0.69, 0.45,freq:frequency(48)=800000000,throttle_flag:throttled=0x50000,voltage:volt=1.2313V,volt=1.2500V,volt=1.2500V,volt=1.2250V
TIME:14:37:07
37552
cpu:0.63, 0.69, 0.45,freq:frequency(48)=800000000,throttle_flag:throttled=0x50000,voltage:volt=1.2313V,volt=1.2500V,volt=1.2500V,volt=1.2250V
TIME:14:37:08
37552
cpu:0.63, 0.69, 0.45,freq:frequency(48)=800000000,throttle_flag:throttled=0x50000,voltage:volt=1.2313V,volt=1.2500V,volt=1.2500V,volt=1.2250V
TIME:14:37:10
38090
cpu:0.63, 0.69, 0.45,freq:frequency(48)=800000000,throttle_flag:throttled=0x50000,voltage:volt=1.2313V,volt=1.2500V,volt=1.2500V,volt=1.2250V
TIME:14:37:11
37552
cpu:0.66, 0.70, 0.46,freq:frequency(48)=600000000,throttle_flag:throttled=0x50000,voltage:volt=1.2313V,volt=1.2500V,volt=1.2500V,volt=1.2250V
TIME:14:37:12
38628
cpu:0.66, 0.70, 0.46,freq:frequency(48)=600000000,throttle_flag:throttled=0x50005,voltage:volt=1.2000V,volt=1.2500V,volt=1.2500V,volt=1.2250V
TIME:14:37:13
39704
cpu:0.66, 0.70, 0.46,freq:frequency(48)=599998000,throttle_flag:throttled=0x50005,voltage:volt=1.2000V,volt=1.2500V,volt=1.2500V,volt=1.2250V
TIME:14:37:14
40242
cpu:0.66, 0.70, 0.46,freq:frequency(48)=600000000,throttle_flag:throttled=0x50005,voltage:volt=1.2000V,volt=1.2500V,volt=1.2500V,volt=1.2250V
TIME:14:37:16
40242
cpu:1.09, 0.79, 0.49,freq:frequency(48)=600000000,throttle_flag:throttled=0x50005,voltage:volt=1.2000V,volt=1.2500V,volt=1.2500V,volt=1.2250V
TIME:14:37:17
40780
cpu:1.09, 0.79, 0.49,freq:frequency(48)=1400000000,throttle_flag:throttled=0x50000,voltage:volt=1.3375V,volt=1.2500V,volt=1.2500V,volt=1.2250V
TIME:14:37:18
39704
cpu:1.09, 0.79, 0.49,freq:frequency(48)=1400000000,throttle_flag:throttled=0x50000,voltage:volt=1.3375V,volt=1.2500V,volt=1.2500V,volt=1.2250V
TIME:14:37:19
40780
cpu:1.09, 0.79, 0.49,freq:frequency(48)=1400000000,throttle_flag:throttled=0x50000,voltage:volt=1.3375V,volt=1.2500V,volt=1.2500V,volt=1.2250V
>>>>>>>> 978dcc83 (emergency commit?):logs/roofline/resnet18_children_bramble-4-5/8/3_size/4_2/speed_heatbramble-4-5-8.log
