ALL SYNC
2026-04-21 11:02:38.847017 Sync done -> model run start
2026-04-21 11:02:38.847017 Sync done -> model run start
2026-04-21 11:02:38.847030 Sync done -> model run start
2026-04-21 11:02:38.847017 Sync done -> model run start
1 1.664 [0.36231921915896237, 0.3292666811030358, 0.3250857060775161, 0.32430628198198974, 0.32273258990608156]
0 1.667 [0.3646784289740026, 0.32971621095202863, 0.32478961418382823, 0.32443190598860383, 0.3227342569734901]
2 1.703 [0.36231739609502256, 0.3292670969385654, 0.3696182551793754, 0.3226784230209887, 0.3186284899711609]
3 1.664 [0.36231911508366466, 0.3292673060204834, 0.32508581108413637, 0.324306647060439, 0.32281467295251787]
2026-04-21 11:02:43.290868 Sync done -> model run start
2026-04-21 11:02:43.294540 Sync done -> model run start
2026-04-21 11:02:43.298108 Sync done -> model run start
2026-04-21 11:02:43.303297 Sync done -> model run start
1 1.592 [0.32115311501547694, 0.3181276060640812, 0.3181901569478214, 0.31761219119653106, 0.3172126600984484]
2 1.595 [0.32205696613527834, 0.31907265400514007, 0.31784166884608567, 0.31807208387181163, 0.3180483868345618]
3 1.596 [0.32190227904357016, 0.31915098801255226, 0.31843296880833805, 0.31750890891999006, 0.3189032799564302]
0 1.673 [0.3592558950185776, 0.3182058858219534, 0.3179535949602723, 0.3479189039207995, 0.3292955330107361]
2026-04-21 11:02:49.373376 Sync done -> model run start
2026-04-21 11:02:49.380844 Sync done -> model run start
2026-04-21 11:02:49.380844 Sync done -> model run start
2026-04-21 11:02:49.386374 Sync done -> model run start
1 1.597 [0.32358190696686506, 0.31900233984924853, 0.317998489132151, 0.31878848699852824, 0.3177485419437289]
3 1.596 [0.32395195798017085, 0.3180668749846518, 0.3179172920063138, 0.31774208415299654, 0.3182893740013242]
0 1.671 [0.3615295309573412, 0.3179514058865607, 0.3182613530661911, 0.3576427211519331, 0.31535282195545733]
2026-04-21 11:02:55.469094 Sync done -> model run start
2026-04-21 11:02:55.473979 Sync done -> model run start
2026-04-21 11:02:55.478067 Sync done -> model run start
2026-04-21 11:02:55.482658 Sync done -> model run start
2 1.594 [0.32178050582297146, 0.3186279130168259, 0.3178356240969151, 0.31776380096562207, 0.31806353898718953]
0 1.593 [0.3208913938142359, 0.3181983830872923, 0.31721760518848896, 0.31759651005268097, 0.3187049441039562]
3 1.595 [0.32104477914981544, 0.31823942391201854, 0.3176096349488944, 0.31733416696079075, 0.32102571707218885]
1 1.669 [0.35730204405263066, 0.3176782811060548, 0.31724369898438454, 0.3615580699406564, 0.31506552919745445]
2026-04-21 11:03:01.450483 Sync done -> model run start
2026-04-21 11:03:01.450483 Sync done -> model run start
2026-04-21 11:03:01.460055 Sync done -> model run start
2026-04-21 11:03:01.468551 Sync done -> model run start
0 1.599 [0.32564653106965125, 0.31961894896812737, 0.31849791179411113, 0.3187254620715976, 0.31670130300335586]
2 1.596 [0.32385778799653053, 0.3191454620100558, 0.3179845798294991, 0.3178308301139623, 0.31689812592230737]
3 1.597 [0.32415242213755846, 0.318979473086074, 0.317698486847803, 0.31822077580727637, 0.3173882281407714]
1 1.685 [0.36996126687154174, 0.3191844711545855, 0.3181625478900969, 0.3318876540288329, 0.3458185421768576]
2026-04-21 11:03:07.550398 Sync done -> model run start
2026-04-21 11:03:07.553691 Sync done -> model run start
2026-04-21 11:03:07.558169 Sync done -> model run start
2026-04-21 11:03:07.566004 Sync done -> model run start
0 1.613 [0.32170570991002023, 0.31771510001271963, 0.3173324968665838, 0.3174665600527078, 0.3380937760230154]
2 1.616 [0.32119154604151845, 0.31846587802283466, 0.3176804131362587, 0.3178140060044825, 0.3403980911243707]
3 1.62 [0.32127138902433217, 0.31843457580544055, 0.31722916406579316, 0.3176690579857677, 0.34486640780232847]
1 1.705 [0.36666205804795027, 0.31824593083001673, 0.31752181914635, 0.33478660113178194, 0.3671483579091728]
2026-04-21 11:03:13.577507 Sync done -> model run start
2026-04-21 11:03:13.580726 Sync done -> model run start
2026-04-21 11:03:13.586122 Sync done -> model run start
2026-04-21 11:03:13.589714 Sync done -> model run start
0 1.595 [0.32395174307748675, 0.3184661380946636, 0.31717416318133473, 0.3178027030080557, 0.3178195250220597]
1 1.597 [0.32432439690455794, 0.31865311600267887, 0.31769056781195104, 0.31824009609408677, 0.31826676218770444]
2 1.598 [0.32437793887220323, 0.3181384818162769, 0.3174740578979254, 0.31835775217041373, 0.31949024787172675]
3 1.677 [0.3682972069364041, 0.3187042619101703, 0.3177321299444884, 0.32536142505705357, 0.34692009608261287]
2026-04-21 11:03:19.573842 Sync done -> model run start
2026-04-21 11:03:19.574654 Sync done -> model run start
2026-04-21 11:03:19.574781 Sync done -> model run start
2026-04-21 11:03:19.582726 Sync done -> model run start
1 1.604 [0.3323290541302413, 0.3185489480383694, 0.31740983691997826, 0.3175151499453932, 0.3175690029747784]
0 1.618 [0.34398078289814293, 0.31886420701630414, 0.3185687398072332, 0.31804759590886533, 0.3179658770095557]
2 1.617 [0.3399169428739697, 0.31925712199881673, 0.31847525015473366, 0.3185450928285718, 0.31783384596928954]
3 1.682 [0.374298641923815, 0.3182109280023724, 0.31775853387080133, 0.31787056499160826, 0.3541861621197313]
2026-04-21 11:03:25.556114 Sync done -> model run start
2026-04-21 11:03:25.556951 Sync done -> model run start
2026-04-21 11:03:25.561299 Sync done -> model run start
2026-04-21 11:03:25.566631 Sync done -> model run start
1 1.602 [0.3246692889370024, 0.3189493620302528, 0.3194001419469714, 0.3197008699644357, 0.31902748602442443]
2 1.6 [0.325137933017686, 0.31876998697407544, 0.3187972779851407, 0.31872493494302034, 0.31862571579404175]
3 1.601 [0.3254520990885794, 0.31838811305351555, 0.31864165398292243, 0.3190932150464505, 0.31890983087942004]
0 1.681 [0.3338415469042957, 0.3544874098151922, 0.31894686189480126, 0.3192461309954524, 0.35423063999041915]
2026-04-21 11:03:31.580304 Sync done -> model run start
2026-04-21 11:03:31.580767 Sync done -> model run start
2026-04-21 11:03:31.586567 Sync done -> model run start
2026-04-21 11:03:31.589957 Sync done -> model run start
1 1.609 [0.3238586138468236, 0.3262898020911962, 0.32174127688631415, 0.31797681213356555, 0.3191721709445119]
3 1.605 [0.324592204997316, 0.32306064711883664, 0.3193764421157539, 0.3189213399309665, 0.3191542539279908]
2 1.617 [0.3278732339385897, 0.32467001606710255, 0.3218023180961609, 0.3189422769937664, 0.323517156066373]
0 1.689 [0.3270090699661523, 0.3661016880068928, 0.32089273910969496, 0.3254921999759972, 0.3497461231891066]
2026-04-21 11:03:33.526917 Sync done -> model run start
net_times: [[11.473, 0.18, 401408, 100352], [2.193, 0.157, 401408, 100352], [3.881, 0.179, 401408, 100352], [3.872, 0.179, 401408, 100352], [3.735, 0.179, 401408, 100352], [3.87, 0.176, 401408, 100352], [3.773, 0.179, 401408, 100352], [3.743, 0.179, 401408, 100352], [3.733, 0.179, 401408, 100352], [3.792, 0.179, 401408, 100352]]
echo 'race4fun' | sudo -S sh -c 'journalctl --since "2026-04-21 11:02:26.499354" --until "2026-04-21 11:03:33.526917" -k -o short-iso '| grep -i -E 'throttle|throttled|thermal|cpufreq|under-voltage|voltage'
