ALL SYNC
2026-04-21 11:02:32.854800 Sync done -> model run start
2026-04-21 11:02:32.854802 Sync done -> model run start
2026-04-21 11:02:32.854800 Sync done -> model run start
2026-04-21 11:02:32.854805 Sync done -> model run start
3 0.129 [0.03636182891204953, 0.028934599133208394, 0.020057278918102384, 0.021349038928747177, 0.021701587829738855]
2 0.13 [0.036361829144880176, 0.028960224939510226, 0.02341761509887874, 0.02092232392169535, 0.020175819052383304]
0 0.13 [0.036361776990816, 0.028990588849410415, 0.023386887041851878, 0.020851856097579002, 0.020423420937731862]
2026-04-21 11:02:38.540135 Sync done -> model run start
2026-04-21 11:02:38.601899 Sync done -> model run start
2026-04-21 11:02:38.684233 Sync done -> model run start
2026-04-21 11:02:38.747517 Sync done -> model run start
0 0.081 [0.02324563800357282, 0.019303328124806285, 0.012680517975240946, 0.012510936940088868, 0.012551195919513702]
1 0.085 [0.019729989813640714, 0.018915361957624555, 0.01395024685189128, 0.0185504169203341, 0.013563531916588545]
2 0.063 [0.01978374016471207, 0.01864937413483858, 0.008704510051757097, 0.007697799941524863, 0.007600456941872835]
3 0.049 [0.014521805103868246, 0.013349627144634724, 0.007130304118618369, 0.006847546901553869, 0.006818067980930209]
2026-04-21 11:02:44.522996 Sync done -> model run start
2026-04-21 11:02:44.576362 Sync done -> model run start
2026-04-21 11:02:44.659820 Sync done -> model run start
2026-04-21 11:02:44.732135 Sync done -> model run start
0 0.079 [0.0241405270062387, 0.01697074295952916, 0.011687661986798048, 0.01330764894373715, 0.013086608843877912]
1 0.093 [0.02826908603310585, 0.02267944486811757, 0.014809199143201113, 0.013562124921008945, 0.01389415399171412]
2 0.073 [0.029205536004155874, 0.018629843834787607, 0.009331014938652515, 0.007595717906951904, 0.007779360981658101]
3 0.054 [0.01901624700985849, 0.01254843594506383, 0.007838111836463213, 0.007179209962487221, 0.006891399854794145]
2026-04-21 11:02:50.557524 Sync done -> model run start
2026-04-21 11:02:50.617131 Sync done -> model run start
2026-04-21 11:02:50.705874 Sync done -> model run start
2026-04-21 11:02:50.767464 Sync done -> model run start
0 0.081 [0.02381787309423089, 0.019973479211330414, 0.011761412024497986, 0.013329939916729927, 0.012033128878101707]
2 0.062 [0.020728472853079438, 0.018081879941746593, 0.008047068025916815, 0.007616393966600299, 0.007539310958236456]
3 0.048 [0.014558783965185285, 0.01258479105308652, 0.007005149964243174, 0.006949107861146331, 0.006899161031469703]
2026-04-21 11:02:56.588591 Sync done -> model run start
2026-04-21 11:02:56.634184 Sync done -> model run start
2026-04-21 11:02:56.720720 Sync done -> model run start
2026-04-21 11:02:56.795428 Sync done -> model run start
0 0.08 [0.02490375004708767, 0.015470182988792658, 0.013384368037804961, 0.013324836967512965, 0.012714165030047297]
1 0.102 [0.02920642215758562, 0.02415063208900392, 0.01588741992600262, 0.017960006138309836, 0.014512431109324098]
2 0.074 [0.028899810975417495, 0.017630166141316295, 0.011913859052583575, 0.007787643000483513, 0.007624780060723424]
3 0.052 [0.019186870893463492, 0.01094735600054264, 0.007898214971646667, 0.006919681094586849, 0.006867704214528203]
2026-04-21 11:03:02.669414 Sync done -> model run start
2026-04-21 11:03:02.729133 Sync done -> model run start
2026-04-21 11:03:02.801675 Sync done -> model run start
2026-04-21 11:03:02.882988 Sync done -> model run start
0 0.078 [0.02055258909240365, 0.01852302299812436, 0.011616569943726063, 0.011833599070087075, 0.014999145874753594]
1 0.092 [0.026262646075338125, 0.024375578155741096, 0.012842549942433834, 0.013415253022685647, 0.014611337101086974]
2 0.073 [0.023206681944429874, 0.018663699040189385, 0.013584208907559514, 0.009975073160603642, 0.007558739045634866]
3 0.046 [0.014025091892108321, 0.010786524973809719, 0.0070041080471128225, 0.007038482930511236, 0.007260565180331469]
2026-04-21 11:03:08.703538 Sync done -> model run start
2026-04-21 11:03:08.774050 Sync done -> model run start
2026-04-21 11:03:08.815593 Sync done -> model run start
2026-04-21 11:03:08.896890 Sync done -> model run start
0 0.094 [0.028667522128671408, 0.017935997107997537, 0.016053095925599337, 0.016328509896993637, 0.014756907941773534]
1 0.095 [0.029782565077766776, 0.021040399093180895, 0.017996152164414525, 0.01271947706118226, 0.013408950995653868]
2 0.085 [0.03374060499481857, 0.02001540712080896, 0.01159495604224503, 0.010076270904392004, 0.009650076040998101]
3 0.053 [0.019015935016795993, 0.012329064076766372, 0.007806810084730387, 0.006962390849366784, 0.006940046790987253]
2026-04-21 11:03:14.687883 Sync done -> model run start
2026-04-21 11:03:14.781429 Sync done -> model run start
2026-04-21 11:03:14.830670 Sync done -> model run start
2026-04-21 11:03:14.892854 Sync done -> model run start
1 0.09 [0.03262332291342318, 0.0181987548712641, 0.014471338829025626, 0.01276624808087945, 0.0113730828743428]
0 0.069 [0.013652594992890954, 0.019720305921509862, 0.012213024077937007, 0.011661881813779473, 0.011837140889838338]
2 0.076 [0.023459962103515863, 0.01689308905042708, 0.010854753898456693, 0.010553922969847918, 0.014216339914128184]
3 0.056 [0.018819687888026237, 0.015125031117349863, 0.008122432976961136, 0.007117961999028921, 0.007002284983173013]
2026-04-21 11:03:20.695936 Sync done -> model run start
2026-04-21 11:03:20.752852 Sync done -> model run start
2026-04-21 11:03:20.824187 Sync done -> model run start
2026-04-21 11:03:20.916963 Sync done -> model run start
0 0.138 [0.036021837033331394, 0.030304853105917573, 0.020888890139758587, 0.019511766033247113, 0.0306161530315876]
1 0.097 [0.030880266102030873, 0.02261830191127956, 0.011947870021685958, 0.015370341949164867, 0.01618095999583602]
2 0.087 [0.03407518705353141, 0.017304962035268545, 0.012482656864449382, 0.011686048936098814, 0.011319072917103767]
3 0.052 [0.019408068852499127, 0.010956004029139876, 0.007883581100031734, 0.006956296972930431, 0.006941973930224776]
2026-04-21 11:03:26.694207 Sync done -> model run start
2026-04-21 11:03:26.751540 Sync done -> model run start
2026-04-21 11:03:26.851208 Sync done -> model run start
2026-04-21 11:03:26.903563 Sync done -> model run start
0 0.073 [0.01967921294271946, 0.018108705058693886, 0.010467309039086103, 0.011418447131291032, 0.013466868083924055]
1 0.074 [0.021129408851265907, 0.01780511299148202, 0.012280263006687164, 0.012067504925653338, 0.010365174850448966]
2 0.057 [0.017670217901468277, 0.015039511024951935, 0.0077324360609054565, 0.007528218906372786, 0.00891862390562892]
3 0.051 [0.014723732834681869, 0.01421951805241406, 0.006989473011344671, 0.007657541194930673, 0.006994212977588177]
2026-04-21 11:03:28.365017 Sync done -> model run start
net_times: [[5.819, 1.379, 3211264, 802816], [3.866, 1.306, 3211264, 802816], [4.213, 1.326, 3211264, 802816], [4.232, 1.345, 3211264, 802816], [4.212, 1.325, 3211264, 802816], [4.293, 1.338, 3211264, 802816], [4.21, 1.333, 3211264, 802816], [4.182, 1.335, 3211264, 802816], [4.197, 1.332, 3211264, 802816], [4.166, 1.327, 3211264, 802816]]
echo 'race4fun' | sudo -S sh -c 'journalctl --since "2026-04-21 11:02:26.506316" --until "2026-04-21 11:03:28.365017" -k -o short-iso '| grep -i -E 'throttle|throttled|thermal|cpufreq|under-voltage|voltage'
