ALL SYNC
2026-04-21 11:02:25.921503 Sync done -> model run start
2026-04-21 11:02:25.921503 Sync done -> model run start
2026-04-21 11:02:25.921517 Sync done -> model run start
2026-04-21 11:02:25.921507 Sync done -> model run start
1 0.475 [0.12935595004819334, 0.09858816699124873, 0.08242844510823488, 0.0821447481866926, 0.08272432908415794]
2 0.475 [0.12935615796595812, 0.09859639615751803, 0.0820503740105778, 0.08221750892698765, 0.08202985278330743]
3 0.476 [0.13077656901441514, 0.10035795089788735, 0.08318172302097082, 0.08168558310717344, 0.07982074818573892]
0 0.492 [0.1307787038385868, 0.10158830997534096, 0.0853413490112871, 0.08499937201850116, 0.08867414807900786]
2026-04-21 11:02:32.447966 Sync done -> model run start
2026-04-21 11:02:32.453925 Sync done -> model run start
2026-04-21 11:02:32.460904 Sync done -> model run start
2026-04-21 11:02:32.469592 Sync done -> model run start
1 0.401 [0.08829805511049926, 0.09199053910560906, 0.07753284182399511, 0.0730058301705867, 0.07031766418367624]
3 0.429 [0.09636187506839633, 0.09176689409650862, 0.07569488091394305, 0.07525212201289833, 0.08944497699849308]
2 0.413 [0.09362506307661533, 0.09097627201117575, 0.07351759914308786, 0.07545717293396592, 0.07956028007902205]
0 0.418 [0.08752415189519525, 0.0927121511194855, 0.07556441216729581, 0.07531050685793161, 0.08700727904215455]
2026-04-21 11:02:38.537177 Sync done -> model run start
2026-04-21 11:02:38.542859 Sync done -> model run start
2026-04-21 11:02:38.553073 Sync done -> model run start
2026-04-21 11:02:38.561713 Sync done -> model run start
2 0.406 [0.09272360894829035, 0.09058950399048626, 0.07196286506950855, 0.07460785401053727, 0.07541727810166776]
0 0.403 [0.08371682488359511, 0.09047710802406073, 0.0768870108295232, 0.07952012517489493, 0.07206145813688636]
1 0.417 [0.08721425803378224, 0.09254287998192012, 0.07688690605573356, 0.0739278569817543, 0.08649160503409803]
3 0.42 [0.0946155278943479, 0.09017846314236522, 0.07363707688637078, 0.07565008895471692, 0.0860686379019171]
2026-04-21 11:02:44.545659 Sync done -> model run start
2026-04-21 11:02:44.547303 Sync done -> model run start
2026-04-21 11:02:44.560793 Sync done -> model run start
2026-04-21 11:02:44.570556 Sync done -> model run start
0 0.401 [0.08464697701856494, 0.09208715381100774, 0.07772763189859688, 0.0730477049946785, 0.073417860083282]
1 0.4 [0.08485202793963253, 0.09030101611278951, 0.07762445509433746, 0.07314046495594084, 0.0734314532019198]
2 0.422 [0.09421610296703875, 0.09137783292680979, 0.07377968006767333, 0.07688206294551492, 0.08500676695257425]
3 0.436 [0.0961386461276561, 0.09079174185171723, 0.07448525098152459, 0.07546660001389682, 0.09923925809562206]
2026-04-21 11:02:50.564242 Sync done -> model run start
2026-04-21 11:02:50.568495 Sync done -> model run start
2026-04-21 11:02:50.576197 Sync done -> model run start
2026-04-21 11:02:50.584499 Sync done -> model run start
0 0.416 [0.08942893613129854, 0.09606411610729992, 0.08143084612675011, 0.07581201614812016, 0.07337718200869858]
2026-04-21 11:02:56.589361 Sync done -> model run start
2026-04-21 11:02:56.593691 Sync done -> model run start
2026-04-21 11:02:56.603768 Sync done -> model run start
2026-04-21 11:02:56.613673 Sync done -> model run start
0 0.404 [0.08782462007366121, 0.09312678501009941, 0.07657555397599936, 0.07255369611084461, 0.07346468209289014]
1 0.408 [0.08748107985593379, 0.09220350789837539, 0.07516102911904454, 0.0769910728558898, 0.07566410000436008]
2 0.415 [0.09340839786455035, 0.09134392789565027, 0.07254494703374803, 0.07512957090511918, 0.08205053000710905]
3 0.43 [0.09473594394512475, 0.09153601108118892, 0.07474024989642203, 0.07528764312155545, 0.09348074090667069]
2026-04-21 11:03:02.684551 Sync done -> model run start
2026-04-21 11:03:02.684668 Sync done -> model run start
2026-04-21 11:03:02.699138 Sync done -> model run start
2026-04-21 11:03:02.706616 Sync done -> model run start
0 0.4 [0.08420572988688946, 0.0918488739989698, 0.07742544705979526, 0.0729630698915571, 0.07365181692875922]
1 0.4 [0.08420723979361355, 0.09208392491564155, 0.07753315381705761, 0.07264254987239838, 0.07362968102097511]
3 0.439 [0.09770999406464398, 0.09083913895301521, 0.07459071883931756, 0.07567009003832936, 0.09980909992009401]
2026-04-21 11:03:08.693895 Sync done -> model run start
2026-04-21 11:03:08.695484 Sync done -> model run start
2026-04-21 11:03:08.709410 Sync done -> model run start
2026-04-21 11:03:08.723833 Sync done -> model run start
0 0.393 [0.08696634299121797, 0.09109476301819086, 0.0736616610083729, 0.07020594598725438, 0.07082526618614793]
1 0.391 [0.08538327692076564, 0.09092867001891136, 0.07381843100301921, 0.0700859990902245, 0.07094307895749807]
2 0.411 [0.09015763108618557, 0.09010601695626974, 0.07464936515316367, 0.0720358348917216, 0.0834313069935888]
3 0.428 [0.09517245297320187, 0.08981804898940027, 0.0722786458209157, 0.0719410430174321, 0.09853879292495549]
2026-04-21 11:03:14.687884 Sync done -> model run start
2026-04-21 11:03:14.693595 Sync done -> model run start
2026-04-21 11:03:14.704926 Sync done -> model run start
2026-04-21 11:03:14.712777 Sync done -> model run start
1 0.406 [0.08777300687506795, 0.0929627229925245, 0.07771924789994955, 0.07389962882734835, 0.07348832814022899]
0 0.408 [0.08394406479783356, 0.09236220503225923, 0.07652977318502963, 0.0799923101440072, 0.0752296750433743]
2 0.411 [0.09288860904052854, 0.09020044398494065, 0.0720892190001905, 0.07449394790455699, 0.08063064096495509]
3 0.426 [0.0948012568987906, 0.09028960880823433, 0.07439613691531122, 0.07555821491405368, 0.0907983579672873]
2026-04-21 11:03:20.699056 Sync done -> model run start
2026-04-21 11:03:20.707715 Sync done -> model run start
2026-04-21 11:03:20.715810 Sync done -> model run start
2026-04-21 11:03:20.728092 Sync done -> model run start
1 0.393 [0.0879484738688916, 0.08918346790596843, 0.07299900683574378, 0.07150922296568751, 0.07069120509549975]
0 0.399 [0.08128584688529372, 0.09112825198099017, 0.07649456500075758, 0.07583133899606764, 0.07425827300176024]
2 0.404 [0.09134111506864429, 0.0881032650358975, 0.07141182688064873, 0.07338640186935663, 0.07935783406719565]
3 0.425 [0.09380183415487409, 0.08880899194628, 0.07205708487890661, 0.07394843106158078, 0.09644572902470827]
2026-04-21 11:03:26.598278 Sync done -> model run start
net_times: [[0.0, 5.672, 0, 3211264], [0.0, 5.273, 0, 3211264], [0.0, 5.205, 0, 3211264], [0.0, 5.22, 0, 3211264], [0.0, 5.228, 0, 3211264], [0.0, 5.288, 0, 3211264], [0.0, 5.228, 0, 3211264], [0.0, 5.219, 0, 3211264], [0.0, 5.228, 0, 3211264], [0.0, 5.215, 0, 3211264]]
echo 'race4fun' | sudo -S sh -c 'journalctl --since "2026-04-21 11:02:25.491923" --until "2026-04-21 11:03:26.598278" -k -o short-iso '| grep -i -E 'throttle|throttled|thermal|cpufreq|under-voltage|voltage'
