ALL SYNC
2026-04-21 11:01:22.160287 Sync done -> model run start
2026-04-21 11:01:22.160328 Sync done -> model run start
2026-04-21 11:01:22.160287 Sync done -> model run start
2026-04-21 11:01:22.160376 Sync done -> model run start
1 1.73 [0.40374230593442917, 0.3582235970534384, 0.33147491212002933, 0.31980714993551373, 0.3162680510431528]
0 1.736 [0.40277179004624486, 0.3591070829425007, 0.33258095011115074, 0.3207457410171628, 0.32072001206688583]
3 1.781 [0.40593401505611837, 0.36724501685239375, 0.3426639779936522, 0.32482494111172855, 0.33965321094729006]
2 1.853 [0.4518682952038944, 0.37680096505209804, 0.353230285923928, 0.374957483028993, 0.2958215258549899]
2026-04-21 11:01:25.620125 Sync done -> model run start
2026-04-21 11:01:25.626600 Sync done -> model run start
2026-04-21 11:01:25.633218 Sync done -> model run start
2026-04-21 11:01:25.641737 Sync done -> model run start
0 1.604 [0.3394685760140419, 0.3312211639713496, 0.3128768161404878, 0.31022005691193044, 0.31008193315938115]
1 1.606 [0.3415139829739928, 0.3307181461714208, 0.3130171799566597, 0.309992193011567, 0.3104569830466062]
2 1.62 [0.3435462140478194, 0.33184600505046546, 0.3136955099180341, 0.31133708311244845, 0.3192783510312438]
3 1.718 [0.3590755220502615, 0.3987167030572891, 0.3159465428907424, 0.3127065571025014, 0.3309957489836961]
2026-04-21 11:01:29.546560 Sync done -> model run start
2026-04-21 11:01:29.548418 Sync done -> model run start
2026-04-21 11:01:29.558577 Sync done -> model run start
2026-04-21 11:01:29.574255 Sync done -> model run start
1 1.582 [0.3365229640621692, 0.3261956130154431, 0.30604955507442355, 0.3055367439519614, 0.3079300681129098]
2 1.58 [0.3352841669693589, 0.32451853691600263, 0.30783871398307383, 0.30539773497730494, 0.30707929003983736]
3 1.59 [0.339936489937827, 0.32364343595691025, 0.305576795944944, 0.3046476859599352, 0.31644935393705964]
0 1.677 [0.38472431688569486, 0.32298838696442544, 0.3057265349198133, 0.3330890208017081, 0.32986413897015154]
2026-04-21 11:01:32.981435 Sync done -> model run start
2026-04-21 11:01:32.983324 Sync done -> model run start
2026-04-21 11:01:32.993201 Sync done -> model run start
2026-04-21 11:01:33.006272 Sync done -> model run start
1 1.582 [0.33879144419915974, 0.32571665686555207, 0.3055364331230521, 0.30575512908399105, 0.3059456490445882]
2 1.589 [0.3452402700204402, 0.323803436011076, 0.30547049501910806, 0.3064949701074511, 0.3074284039903432]
3 1.597 [0.3521446161903441, 0.3189036659896374, 0.3041869068983942, 0.30538794305175543, 0.3160835220478475]
0 1.678 [0.36147827189415693, 0.34835124714300036, 0.3068142388947308, 0.30565481702797115, 0.35518043488264084]
2026-04-21 11:01:36.418882 Sync done -> model run start
2026-04-21 11:01:36.431136 Sync done -> model run start
2026-04-21 11:01:36.431954 Sync done -> model run start
2026-04-21 11:01:36.445019 Sync done -> model run start
1 1.622 [0.34689588798210025, 0.34174684807658195, 0.3144342580344528, 0.30991870490834117, 0.3091641250066459]
2 1.611 [0.3450173551682383, 0.33541072998195887, 0.3127513490617275, 0.3093113119248301, 0.308492201147601]
3 1.634 [0.3557617880869657, 0.34300996689125896, 0.31115448102355003, 0.30822715000249445, 0.31517712003551424]
0 1.675 [0.3450704801362008, 0.3910310079809278, 0.3128145260270685, 0.3083145981654525, 0.3178032028954476]
2026-04-21 11:01:39.855076 Sync done -> model run start
2026-04-21 11:01:39.860914 Sync done -> model run start
2026-04-21 11:01:39.873046 Sync done -> model run start
2026-04-21 11:01:39.879208 Sync done -> model run start
1 1.592 [0.3412088300101459, 0.33109121792949736, 0.31054672389291227, 0.30493971705436707, 0.30398367904126644]
2 1.595 [0.3431213740259409, 0.33013273193500936, 0.31137338699772954, 0.3043495109304786, 0.30594304599799216]
3 1.606 [0.34832989308051765, 0.33160053798928857, 0.31273561995476484, 0.3039427420590073, 0.30870183603838086]
0 1.649 [0.3408239879645407, 0.3283824280370027, 0.3593107829801738, 0.30527643393725157, 0.3148999339900911]
2026-04-21 11:01:43.278894 Sync done -> model run start
2026-04-21 11:01:43.284089 Sync done -> model run start
2026-04-21 11:01:43.300089 Sync done -> model run start
2026-04-21 11:01:43.300089 Sync done -> model run start
1 1.653 [0.3534490379970521, 0.3477457291446626, 0.3237585420720279, 0.3166537811048329, 0.31114114890806377]
3 1.669 [0.35456070001237094, 0.3468072440009564, 0.3211437608115375, 0.3260874899569899, 0.32071845093742013]
2 1.712 [0.35456017893739045, 0.34680693107657135, 0.3790141870267689, 0.32834482402540743, 0.303453786065802]
0 1.65 [0.34809182095341384, 0.3490333268418908, 0.3249115578364581, 0.31751856789924204, 0.31026224605739117]
2026-04-21 11:01:46.743410 Sync done -> model run start
2026-04-21 11:01:46.750616 Sync done -> model run start
2026-04-21 11:01:46.760102 Sync done -> model run start
2026-04-21 11:01:46.781458 Sync done -> model run start
1 1.627 [0.34235715796239674, 0.33558671991340816, 0.3204437119420618, 0.31458967505022883, 0.31430556206032634]
2 1.64 [0.3493442120961845, 0.3401697732042521, 0.32232563104480505, 0.31486837193369865, 0.31312265107408166]
3 1.687 [0.3586302660405636, 0.3404764379374683, 0.3209788140375167, 0.37425467697903514, 0.2921646691393107]
0 1.619 [0.34091726900078356, 0.33461115090176463, 0.31698273797519505, 0.31438285298645496, 0.311991925816983]
2026-04-21 11:01:50.215508 Sync done -> model run start
2026-04-21 11:01:50.220883 Sync done -> model run start
2026-04-21 11:01:50.229902 Sync done -> model run start
2026-04-21 11:01:50.240758 Sync done -> model run start
2 1.593 [0.3386893109418452, 0.33978347294032574, 0.3036109220702201, 0.3040603988338262, 0.30622809706255794]
1 1.586 [0.3334548019338399, 0.341321277897805, 0.30316243413835764, 0.3036311299074441, 0.3041279499884695]
3 1.599 [0.34432058804668486, 0.33595567708835006, 0.3046242508571595, 0.30395300313830376, 0.31041943305172026]
0 1.701 [0.3954022410325706, 0.3294998719356954, 0.3043427411466837, 0.33167079905979335, 0.3399799829348922]
2026-04-21 11:01:53.672697 Sync done -> model run start
2026-04-21 11:01:53.672697 Sync done -> model run start
2026-04-21 11:01:53.687539 Sync done -> model run start
2026-04-21 11:01:53.694759 Sync done -> model run start
1 1.586 [0.3399985758587718, 0.3280278469901532, 0.3073481449391693, 0.3059334110002965, 0.30439779278822243]
2 1.589 [0.3448176688980311, 0.3269304030109197, 0.3061700251419097, 0.30474497890099883, 0.30622695200145245]
3 1.599 [0.35198628390207887, 0.323046931065619, 0.3060791918542236, 0.3059042969252914, 0.3116583339869976]
0 1.686 [0.3782411180436611, 0.33754171105101705, 0.3070928859524429, 0.305252268910408, 0.35772506101056933]
2026-04-21 11:01:57.044869 Sync done -> model run start
net_times: [[0.0, 1.403, 0, 802816], [0.0, 2.015, 0, 802816], [0.0, 1.576, 0, 802816], [0.0, 1.591, 0, 802816], [0.0, 1.58, 0, 802816], [0.0, 1.596, 0, 802816], [0.0, 1.554, 0, 802816], [0.0, 1.564, 0, 802816], [0.0, 1.582, 0, 802816], [0.0, 1.599, 0, 802816]]
echo 'race4fun' | sudo -S sh -c 'journalctl --since "2026-04-21 11:01:21.732077" --until "2026-04-21 11:01:57.044869" -k -o short-iso '| grep -i -E 'throttle|throttled|thermal|cpufreq|under-voltage|voltage'
