ALL SYNC
2026-04-21 11:02:41.236614 Sync done -> model run start
2026-04-21 11:02:41.236549 Sync done -> model run start
2026-04-21 11:02:41.236549 Sync done -> model run start
2026-04-21 11:02:41.236831 Sync done -> model run start
0 0.051 [0.042964638909325004, 0.0019573839381337166, 0.0018111870158463717, 0.002169935032725334, 0.001596136949956417]
2 0.052 [0.04325578291900456, 0.0028815448749810457, 0.0017912390176206827, 0.0019050408154726028, 0.0016938960179686546]
1 0.052 [0.04295401507988572, 0.0019645201973617077, 0.0030984189361333847, 0.0018887899350374937, 0.0017059280071407557]
3 0.052 [0.04295448400080204, 0.001963946968317032, 0.003854508977383375, 0.0017366560641676188, 0.0014679080341011286]
2026-04-21 11:02:45.231083 Sync done -> model run start
2026-04-21 11:02:45.231083 Sync done -> model run start
2026-04-21 11:02:45.244512 Sync done -> model run start
2026-04-21 11:02:45.258378 Sync done -> model run start
1 0.012 [0.00505220890045166, 0.0018108738586306572, 0.0016381670720875263, 0.0015042100567370653, 0.0013632210902869701]
0 0.012 [0.005052469903603196, 0.0018072291277348995, 0.0016383759211748838, 0.0015042619779706001, 0.0013640020042657852]
3 0.007 [0.0037379979621618986, 0.000987806124612689, 0.0007879640907049179, 0.0007759330328553915, 0.0007413499988615513]
2 0.006 [0.003040919080376625, 0.0008271299302577972, 0.0006634860765188932, 0.000633798073977232, 0.0006222880911082029]
2026-04-21 11:02:51.366123 Sync done -> model run start
2026-04-21 11:02:51.366013 Sync done -> model run start
2026-04-21 11:02:51.371883 Sync done -> model run start
2026-04-21 11:02:51.390659 Sync done -> model run start
1 0.014 [0.005975746084004641, 0.002006029011681676, 0.0017676979769021273, 0.0020336341112852097, 0.0020729040261358023]
0 0.014 [0.005974652012810111, 0.002006499096751213, 0.0017681140452623367, 0.002032903954386711, 0.002072904957458377]
3 0.015 [0.008025889052078128, 0.0017195211257785559, 0.0016731149516999722, 0.0013044190127402544, 0.0016705109737813473]
2 0.007 [0.004045496927574277, 0.0010194210335612297, 0.0006761930417269468, 0.0007074959576129913, 0.0006359848193824291]
2026-04-21 11:02:57.486749 Sync done -> model run start
2026-04-21 11:02:57.488551 Sync done -> model run start
2026-04-21 11:02:57.494769 Sync done -> model run start
2026-04-21 11:02:57.498533 Sync done -> model run start
0 0.016 [0.007588027976453304, 0.0020995179656893015, 0.0019646240398287773, 0.0019864460919052362, 0.002097486983984709]
2 0.017 [0.00859276088885963, 0.002184361917898059, 0.00206384202465415, 0.001952124061062932, 0.0015496260020881891]
1 0.016 [0.007496777921915054, 0.002130768960341811, 0.0019257699605077505, 0.0020978518296033144, 0.0018679050263017416]
3 0.014 [0.007769537158310413, 0.0022631639149039984, 0.0016994168981909752, 0.0011443679686635733, 0.0008602030575275421]
2026-04-21 11:03:03.451348 Sync done -> model run start
2026-04-21 11:03:03.455671 Sync done -> model run start
2026-04-21 11:03:03.457053 Sync done -> model run start
2026-04-21 11:03:03.477924 Sync done -> model run start
0 0.016 [0.007169957971200347, 0.0021953510586172342, 0.0022779551800340414, 0.0019512909930199385, 0.0019607171416282654]
2 0.016 [0.007698182947933674, 0.001778739970177412, 0.001914676045998931, 0.0019461337942630053, 0.001998424995690584]
3 0.016 [0.007952973013743758, 0.0020136330276727676, 0.0018942588940262794, 0.0019990510772913694, 0.0019584260880947113]
1 0.009 [0.005283666076138616, 0.0008482250850647688, 0.0010476498864591122, 0.0006485888734459877, 0.0006865060422569513]
2026-04-21 11:03:09.568199 Sync done -> model run start
2026-04-21 11:03:09.568826 Sync done -> model run start
2026-04-21 11:03:09.581996 Sync done -> model run start
2026-04-21 11:03:09.594426 Sync done -> model run start
1 0.011 [0.005127521930262446, 0.0012760339304804802, 0.0012624398805201054, 0.0014688970986753702, 0.0014083769638091326]
0 0.011 [0.005395697196945548, 0.0013965019024908543, 0.00145936687476933, 0.001468690112233162, 0.0014084810391068459]
2 0.006 [0.0029287319630384445, 0.0008350471034646034, 0.0006717669311910868, 0.00064832903444767, 0.0006069228984415531]
3 0.008 [0.0037549769040197134, 0.0011324409861117601, 0.0011119721457362175, 0.0007814529817551374, 0.0008396832272410393]
2026-04-21 11:03:15.580639 Sync done -> model run start
2026-04-21 11:03:15.580631 Sync done -> model run start
2026-04-21 11:03:15.584985 Sync done -> model run start
2026-04-21 11:03:15.614007 Sync done -> model run start
0 0.015 [0.006537929875776172, 0.0020700390450656414, 0.0021319668740034103, 0.0021314460318535566, 0.0018374370411038399]
2 0.016 [0.008391147945076227, 0.0020299360621720552, 0.0016835839487612247, 0.0015899911522865295, 0.0016407719813287258]
1 0.015 [0.006537930108606815, 0.0020690502133220434, 0.0021318099461495876, 0.002131394110620022, 0.0018371769692748785]
3 0.007 [0.00415971502661705, 0.0008376520127058029, 0.0006873400416225195, 0.0007788490038365126, 0.0006509330123662949]
2026-04-21 11:03:21.581381 Sync done -> model run start
2026-04-21 11:03:21.588817 Sync done -> model run start
2026-04-21 11:03:21.592142 Sync done -> model run start
2026-04-21 11:03:21.598943 Sync done -> model run start
0 0.016 [0.007338132942095399, 0.0021825390867888927, 0.002023009117692709, 0.002041654195636511, 0.002034936100244522]
2 0.016 [0.007880422053858638, 0.0019108220003545284, 0.00193280098028481, 0.002086549997329712, 0.0016065530944615602]
3 0.015 [0.007852609036490321, 0.0023634759709239006, 0.001866654958575964, 0.0016431668773293495, 0.0014295228756964207]
1 0.013 [0.008875988889485598, 0.0011869198642671108, 0.0010197330266237259, 0.0007503079250454903, 0.0006673908792436123]
2026-04-21 11:03:27.550096 Sync done -> model run start
2026-04-21 11:03:27.550784 Sync done -> model run start
2026-04-21 11:03:27.558026 Sync done -> model run start
2026-04-21 11:03:27.559470 Sync done -> model run start
1 0.015 [0.006822824012488127, 0.002039101906120777, 0.0020595190580934286, 0.00211618491448462, 0.002031654817983508]
0 0.016 [0.007435841020196676, 0.002042904030531645, 0.0020594149827957153, 0.0021174349822103977, 0.0020312899723649025]
2 0.016 [0.008481980068609118, 0.0019440508913248777, 0.002080144127830863, 0.001625250093638897, 0.0014340539928525686]
3 0.015 [0.007830577902495861, 0.0022186851128935814, 0.001854520058259368, 0.001522907055914402, 0.0011438990477472544]
2026-04-21 11:03:33.589803 Sync done -> model run start
2026-04-21 11:03:33.589803 Sync done -> model run start
2026-04-21 11:03:33.596024 Sync done -> model run start
2026-04-21 11:03:33.600156 Sync done -> model run start
1 0.015 [0.007015062961727381, 0.0021081638988107443, 0.002060196129605174, 0.0018562390469014645, 0.002079727128148079]
0 0.015 [0.007014906033873558, 0.002118424978107214, 0.0020551441702991724, 0.0018567598890513182, 0.00207894598133862]
2 0.016 [0.008368490962311625, 0.0019370201043784618, 0.0018026980105787516, 0.0019372808746993542, 0.0017228019423782825]
3 0.014 [0.007632141932845116, 0.0018891028594225645, 0.0016907190438359976, 0.001234056195244193, 0.001199993072077632]
2026-04-21 11:03:33.681850 Sync done -> model run start
net_times: [[14.276, 0.0, 100352, 0], [3.802, 0.0, 100352, 0], [5.929, 0.0, 100352, 0], [5.907, 0.0, 100352, 0], [5.774, 0.0, 100352, 0], [5.92, 0.0, 100352, 0], [5.793, 0.0, 100352, 0], [5.786, 0.0, 100352, 0], [5.772, 0.0, 100352, 0], [5.844, 0.0, 100352, 0]]
echo 'race4fun' | sudo -S sh -c 'journalctl --since "2026-04-21 11:02:26.507417" --until "2026-04-21 11:03:33.681850" -k -o short-iso '| grep -i -E 'throttle|throttled|thermal|cpufreq|under-voltage|voltage'
