ALL SYNC
2026-04-21 11:02:34.977450 Sync done -> model run start
2026-04-21 11:02:34.977442 Sync done -> model run start
2026-04-21 11:02:34.977442 Sync done -> model run start
2026-04-21 11:02:34.977442 Sync done -> model run start
0 2.156 [0.49117270298302174, 0.43375992588698864, 0.4107626809272915, 0.40818816097453237, 0.41151622007600963]
1 2.188 [0.49809001781977713, 0.43670090287923813, 0.4186511889565736, 0.4141536559909582, 0.4201122762169689]
2 2.253 [0.4980882990639657, 0.45660550706088543, 0.445493261795491, 0.4127122559584677, 0.439890889916569]
3 2.156 [0.49117332813329995, 0.43375961389392614, 0.4106797641143203, 0.4079764951020479, 0.41179585293866694]
2026-04-21 11:02:40.285973 Sync done -> model run start
2026-04-21 11:02:40.293488 Sync done -> model run start
2026-04-21 11:02:40.303548 Sync done -> model run start
2026-04-21 11:02:40.314155 Sync done -> model run start
1 1.975 [0.4083262849599123, 0.39489983208477497, 0.3893347519915551, 0.39006230095401406, 0.391813752008602]
2 1.984 [0.4095202898606658, 0.39679055311717093, 0.3907267770264298, 0.3907399019226432, 0.39556087111122906]
0 2.066 [0.4065260330680758, 0.44241348397918046, 0.39010339393280447, 0.3901370398234576, 0.4361525741405785]
2026-04-21 11:02:46.286821 Sync done -> model run start
2026-04-21 11:02:46.296152 Sync done -> model run start
2026-04-21 11:02:46.307107 Sync done -> model run start
2026-04-21 11:02:46.317386 Sync done -> model run start
1 1.972 [0.4056460370775312, 0.3944741578307003, 0.38994928100146353, 0.39028584212064743, 0.3911504219286144]
3 1.979 [0.4086120140273124, 0.396100192097947, 0.39004251011647284, 0.3904538620263338, 0.39356853696517646]
0 2.059 [0.40469010290689766, 0.44006708916276693, 0.38993386388756335, 0.3899213650729507, 0.4343530510086566]
2 1.973 [0.40615874412469566, 0.39470874005928636, 0.390528601128608, 0.3906538088340312, 0.3909501100424677]
2026-04-21 11:02:52.351393 Sync done -> model run start
2026-04-21 11:02:52.359379 Sync done -> model run start
2026-04-21 11:02:52.377724 Sync done -> model run start
2026-04-21 11:02:52.389788 Sync done -> model run start
0 1.986 [0.4181508799083531, 0.3951421759556979, 0.3901037611067295, 0.3909117260482162, 0.39187187794595957]
1 1.991 [0.419312072917819, 0.39540071599185467, 0.391232973895967, 0.3913314121309668, 0.39319556998088956]
3 1.988 [0.41373194102197886, 0.3946709281299263, 0.39234276092611253, 0.39170390903018415, 0.3952212908770889]
2 2.073 [0.4144217299763113, 0.44251457997597754, 0.39122578711248934, 0.3917529198806733, 0.4329245160333812]
2026-04-21 11:02:58.342917 Sync done -> model run start
2026-04-21 11:02:58.352354 Sync done -> model run start
2026-04-21 11:02:58.366291 Sync done -> model run start
2026-04-21 11:02:58.377008 Sync done -> model run start
0 1.974 [0.4054666121955961, 0.39175739884376526, 0.39187073218636215, 0.39095787215046585, 0.3934142680373043]
2 1.975 [0.4056640600319952, 0.39135792292654514, 0.3934215069748461, 0.39120714110322297, 0.39302228996530175]
3 1.976 [0.40568254911340773, 0.39106870512478054, 0.39388858899474144, 0.3913920889608562, 0.3935289019718766]
1 2.066 [0.40658624307252467, 0.43936157203279436, 0.3937161408830434, 0.3913546409457922, 0.4352037259377539]
2026-04-21 11:03:04.447580 Sync done -> model run start
2026-04-21 11:03:04.453767 Sync done -> model run start
2026-04-21 11:03:04.463941 Sync done -> model run start
2026-04-21 11:03:04.475285 Sync done -> model run start
0 1.973 [0.40949367987923324, 0.39345468510873616, 0.3905357390176505, 0.38882475695572793, 0.3906144890934229]
3 1.983 [0.41396595211699605, 0.39430212904699147, 0.3924041159916669, 0.39026068802922964, 0.39205052400939167]
1 2.073 [0.41238648002035916, 0.44283431908115745, 0.3913843291811645, 0.39001605310477316, 0.43591981707140803]
2026-04-21 11:03:10.473309 Sync done -> model run start
2026-04-21 11:03:10.483370 Sync done -> model run start
2026-04-21 11:03:10.496148 Sync done -> model run start
2026-04-21 11:03:10.509301 Sync done -> model run start
2 1.992 [0.41565933101810515, 0.3936310389544815, 0.3937183818779886, 0.393228905973956, 0.3951143140438944]
3 1.989 [0.41380970319733024, 0.39409879804588854, 0.39385192398913205, 0.39321489492431283, 0.3943478069268167]
1 2.069 [0.4170407832134515, 0.4428828088566661, 0.3919457858428359, 0.3921769829466939, 0.4251512698829174]
0 1.989 [0.41762958304025233, 0.39358978904783726, 0.39155459008179605, 0.3918560459278524, 0.3937379131093621]
2026-04-21 11:03:16.464170 Sync done -> model run start
2026-04-21 11:03:16.473986 Sync done -> model run start
2026-04-21 11:03:16.484065 Sync done -> model run start
2026-04-21 11:03:16.495568 Sync done -> model run start
2 1.973 [0.4050543250050396, 0.39195729582570493, 0.39033605391159654, 0.38952262001112103, 0.3957534790970385]
0 1.964 [0.40333844698034227, 0.3923843780066818, 0.3899208470247686, 0.3892561630345881, 0.38898605899885297]
3 1.974 [0.40666405693627894, 0.39308651094324887, 0.3900565749499947, 0.39080438506789505, 0.39275599201209843]
1 2.036 [0.4051072411239147, 0.4120313262101263, 0.41902067116461694, 0.3900399098638445, 0.4096020138822496]
2026-04-21 11:03:22.481007 Sync done -> model run start
2026-04-21 11:03:22.490410 Sync done -> model run start
2026-04-21 11:03:22.501143 Sync done -> model run start
2026-04-21 11:03:22.512307 Sync done -> model run start
1 1.975 [0.40653306897729635, 0.39293166901916265, 0.3929630748461932, 0.3909291240852326, 0.39135334198363125]
3 1.98 [0.40812941594049335, 0.39231792092323303, 0.3943825999740511, 0.39143927907571197, 0.39406072604469955]
0 2.028 [0.4061866640113294, 0.3918654229491949, 0.4412959418259561, 0.3917687570210546, 0.39623936195857823]
2026-04-21 11:03:28.466339 Sync done -> model run start
2026-04-21 11:03:28.468321 Sync done -> model run start
2026-04-21 11:03:28.486454 Sync done -> model run start
2026-04-21 11:03:28.500074 Sync done -> model run start
0 1.999 [0.4104804489761591, 0.3943068708758801, 0.3982199798338115, 0.40127991512417793, 0.39436463196761906]
1 2.025 [0.4177303658798337, 0.3946248390711844, 0.4016315280459821, 0.40352261415682733, 0.4073117640800774]
3 2.028 [0.41495006484910846, 0.39972414006479084, 0.40657317405566573, 0.40946441190317273, 0.39724508789367974]
2 2.061 [0.4164704759605229, 0.3942369238939136, 0.4503133532125503, 0.403563239146024, 0.3958525948692113]
2026-04-21 11:03:31.321281 Sync done -> model run start
net_times: [[7.988, 0.695, 802816, 401408], [2.143, 0.626, 802816, 401408], [3.105, 0.693, 802816, 401408], [3.093, 0.698, 802816, 401408], [2.995, 0.693, 802816, 401408], [3.121, 0.695, 802816, 401408], [3.036, 0.693, 802816, 401408], [3.002, 0.712, 802816, 401408], [3.052, 0.698, 802816, 401408], [3.035, 0.7, 802816, 401408]]
echo 'race4fun' | sudo -S sh -c 'journalctl --since "2026-04-21 11:02:26.506831" --until "2026-04-21 11:03:31.321281" -k -o short-iso '| grep -i -E 'throttle|throttled|thermal|cpufreq|under-voltage|voltage'
