ALL SYNC
2026-04-21 11:01:26.458438 Sync done -> model run start
2026-04-21 11:01:26.458431 Sync done -> model run start
2026-04-21 11:01:26.458431 Sync done -> model run start
2026-04-21 11:01:26.459215 Sync done -> model run start
0 2.647 [0.5524163879454136, 0.510148965055123, 0.5307675751391798, 0.523560626199469, 0.5297714860644192]
1 2.648 [0.5515091000124812, 0.5111838569864631, 0.5248569229152054, 0.5300907539203763, 0.5301784100010991]
3 2.761 [0.59216179093346, 0.5099312579259276, 0.5725222919136286, 0.526889830827713, 0.5592910989653319]
2 2.895 [0.5531602390110493, 0.5297042978927493, 0.6378088360652328, 0.639778982847929, 0.5346882869489491]
2026-04-21 11:01:29.748046 Sync done -> model run start
2026-04-21 11:01:29.751426 Sync done -> model run start
2026-04-21 11:01:29.755228 Sync done -> model run start
2026-04-21 11:01:29.771913 Sync done -> model run start
0 2.529 [0.5035277439747006, 0.4938997640274465, 0.4892679089680314, 0.5179702867753804, 0.523704427992925]
2 2.596 [0.5046884671319276, 0.4942627309355885, 0.49069160013459623, 0.5883384749758989, 0.5176811728160828]
1 2.642 [0.5023753528948873, 0.4932342981919646, 0.4886209841351956, 0.5368692690972239, 0.6202520891092718]
3 2.615 [0.5221883410122246, 0.5176337251905352, 0.4889568160288036, 0.5706757390871644, 0.5151672780048102]
2026-04-21 11:01:33.182134 Sync done -> model run start
2026-04-21 11:01:33.185090 Sync done -> model run start
2026-04-21 11:01:33.194676 Sync done -> model run start
2026-04-21 11:01:33.205546 Sync done -> model run start
2 2.525 [0.5000113011337817, 0.49073696602135897, 0.48847426706925035, 0.5200121540110558, 0.5260384818539023]
3 2.53 [0.4996286469977349, 0.49036196689121425, 0.49003233411349356, 0.5234245338942856, 0.5267376969568431]
1 2.702 [0.5017163979355246, 0.4902079568710178, 0.48791010305285454, 0.6220944779925048, 0.5994116051588207]
0 2.612 [0.49977010395377874, 0.5366057278588414, 0.4870395341422409, 0.5679040320683271, 0.5202764230780303]
2026-04-21 11:01:36.626087 Sync done -> model run start
2026-04-21 11:01:36.638735 Sync done -> model run start
2026-04-21 11:01:36.647120 Sync done -> model run start
2026-04-21 11:01:36.648854 Sync done -> model run start
2 2.524 [0.5001847380772233, 0.49046519584953785, 0.48906988999806345, 0.5197264780290425, 0.5244498439133167]
3 2.539 [0.5029513409826905, 0.49176107719540596, 0.4902776968665421, 0.5247109879273921, 0.5290621148888022]
1 2.617 [0.4997610431164503, 0.5355371399782598, 0.4903963429387659, 0.5254323391709477, 0.5653568049892783]
0 2.706 [0.5023941041436046, 0.4922391469590366, 0.4894007220864296, 0.6248571230098605, 0.5970080748666078]
2026-04-21 11:01:40.051250 Sync done -> model run start
2026-04-21 11:01:40.057715 Sync done -> model run start
2026-04-21 11:01:40.083812 Sync done -> model run start
2026-04-21 11:01:40.114606 Sync done -> model run start
0 2.528 [0.5029267591889948, 0.48906379705294967, 0.48833557101897895, 0.5218039699830115, 0.5260762439575046]
3 2.554 [0.500647600973025, 0.4898572829551995, 0.48883869405835867, 0.5479990660678595, 0.5265450428705662]
2 2.614 [0.49993093800731003, 0.4903217600658536, 0.5402310260105878, 0.5215384499169886, 0.561992340022698]
1 2.695 [0.5042433680500835, 0.491166080115363, 0.48984921094961464, 0.6072660009376705, 0.6018838370218873]
2026-04-21 11:01:43.481394 Sync done -> model run start
2026-04-21 11:01:43.493112 Sync done -> model run start
2026-04-21 11:01:43.497027 Sync done -> model run start
2026-04-21 11:01:43.513687 Sync done -> model run start
0 2.559 [0.5011166110634804, 0.4917266508564353, 0.4901853029150516, 0.5237085979897529, 0.5519517059437931]
1 2.565 [0.500733382999897, 0.49132243311032653, 0.4900394189171493, 0.5398223309312016, 0.5432860660366714]
3 2.583 [0.49917292105965316, 0.49036681302823126, 0.4897497841157019, 0.5396109251305461, 0.5640850921627134]
2026-04-21 11:01:46.939604 Sync done -> model run start
2026-04-21 11:01:46.951957 Sync done -> model run start
2026-04-21 11:01:46.957916 Sync done -> model run start
2026-04-21 11:01:46.975045 Sync done -> model run start
0 2.523 [0.500454009976238, 0.49065332184545696, 0.49053087504580617, 0.5174030531197786, 0.523420891026035]
3 2.588 [0.4966491300147027, 0.48946410906501114, 0.48956369212828577, 0.5541072699707001, 0.5578532961662859]
2 2.611 [0.5444916349370033, 0.48929900606162846, 0.5005267700180411, 0.5562655429821461, 0.5198987179901451]
1 2.632 [0.4991862019523978, 0.49049707292579114, 0.49050780199468136, 0.56400405196473, 0.5877430648542941]
2026-04-21 11:01:50.416948 Sync done -> model run start
2026-04-21 11:01:50.429383 Sync done -> model run start
2026-04-21 11:01:50.429383 Sync done -> model run start
2026-04-21 11:01:50.450258 Sync done -> model run start
0 2.563 [0.5087302250321954, 0.49842829001136124, 0.4987539660651237, 0.5216753261629492, 0.5355598509777337]
1 2.563 [0.5098388139158487, 0.5002123971935362, 0.5005399470683187, 0.5271019181236625, 0.5252314049284905]
3 2.671 [0.5373952072113752, 0.5109190698713064, 0.50667809904553, 0.601961025968194, 0.5139547870494425]
2 2.684 [0.5098390220664442, 0.5002128139603883, 0.5005399479996413, 0.5833326161373407, 0.5899641499854624]
2026-04-21 11:01:53.866957 Sync done -> model run start
2026-04-21 11:01:53.876840 Sync done -> model run start
2026-04-21 11:01:53.890071 Sync done -> model run start
2026-04-21 11:01:53.905200 Sync done -> model run start
0 2.57 [0.5004985937848687, 0.48892343509942293, 0.4881548450794071, 0.5376106761395931, 0.5542921670712531]
2 2.565 [0.4972738679498434, 0.4884499479085207, 0.487589169992134, 0.5437312740832567, 0.5481691730674356]
3 2.565 [0.49811532301828265, 0.48705833894200623, 0.48807937605306506, 0.5435554420109838, 0.5483133899979293]
1 2.671 [0.4978510008659214, 0.5344102198723704, 0.48829828202724457, 0.5975603160914034, 0.5529738920740783]
2026-04-21 11:01:57.337172 Sync done -> model run start
2026-04-21 11:01:57.344430 Sync done -> model run start
2026-04-21 11:01:57.356494 Sync done -> model run start
2026-04-21 11:01:57.363195 Sync done -> model run start
0 2.479 [0.5020760360639542, 0.49788626190274954, 0.4962813211604953, 0.4902905661147088, 0.49185045482590795]
3 2.471 [0.5007091138977557, 0.4958101261872798, 0.4925951389595866, 0.4895571309607476, 0.49206295399926603]
1 2.515 [0.5097319409251213, 0.5054924280848354, 0.5036041028797626, 0.4989856849424541, 0.4969942350871861]
2 2.55 [0.4987652681302279, 0.5416450339835137, 0.4914448841009289, 0.4895168710500002, 0.528199675027281]
2026-04-21 11:01:59.979053 Sync done -> model run start
net_times: [[2.726, 0.0, 802816, 0], [0.002, 0.0, 802816, 0], [0.393, 0.0, 802816, 0], [0.334, 0.0, 802816, 0], [0.331, 0.0, 802816, 0], [0.334, 0.0, 802816, 0], [0.347, 0.0, 802816, 0], [0.426, 0.0, 802816, 0], [0.36, 0.0, 802816, 0], [0.375, 0.0, 802816, 0]]
echo 'race4fun' | sudo -S sh -c 'journalctl --since "2026-04-21 11:01:22.759450" --until "2026-04-21 11:01:59.979053" -k -o short-iso '| grep -i -E 'throttle|throttled|thermal|cpufreq|under-voltage|voltage'
