ALL SYNC
2026-04-21 06:52:05.595741 Sync done -> model run start
2026-04-21 06:52:05.595741 Sync done -> model run start
2026-04-21 06:52:05.595741 Sync done -> model run start
2026-04-21 06:52:05.595741 Sync done -> model run start
0 0.035 [0.0345510421320796]
1 0.035 [0.034539063926786184]
2 0.035 [0.03454354219138622]
3 0.035 [0.03453890699893236]
2026-04-21 06:52:06.096762 Sync done -> model run start
2026-04-21 06:52:06.098848 Sync done -> model run start
2026-04-21 06:52:06.098848 Sync done -> model run start
2026-04-21 06:52:06.102839 Sync done -> model run start
0 0.006 [0.006013921927660704]
2 0.006 [0.005422258982434869]
1 0.006 [0.005421789828687906]
3 0.005 [0.005093459039926529]
2026-04-21 06:52:07.225964 Sync done -> model run start
2026-04-21 06:52:07.226395 Sync done -> model run start
2026-04-21 06:52:07.232357 Sync done -> model run start
2026-04-21 06:52:07.234972 Sync done -> model run start
1 0.005 [0.005327519960701466]
0 0.006 [0.005621945019811392]
2 0.005 [0.005188771057873964]
3 0.004 [0.00414382922463119]
2026-04-21 06:52:08.462753 Sync done -> model run start
2026-04-21 06:52:08.463246 Sync done -> model run start
2026-04-21 06:52:08.469148 Sync done -> model run start
2026-04-21 06:52:08.471781 Sync done -> model run start
1 0.005 [0.005186791997402906]
2 0.005 [0.004876272985711694]
3 0.004 [0.003853257978335023]
0 0.006 [0.005591060966253281]
2026-04-21 06:52:11.201997 Sync done -> model run start
2026-04-21 06:52:11.207050 Sync done -> model run start
2026-04-21 06:52:11.209828 Sync done -> model run start
2026-04-21 06:52:11.214848 Sync done -> model run start
1 0.007 [0.007184749003499746]
2 0.007 [0.006999071920290589]
0 0.008 [0.0074811531230807304]
3 0.005 [0.005290384870022535]
2026-04-21 06:52:11.296403 Sync done -> model run start
net_times: [[4.033, 0.0, 401408, 0], [0.31, 0.0, 401408, 0], [0.981, 0.0, 401408, 0], [1.077, 0.0, 401408, 0], [2.557, 0.0, 401408, 0]]
echo 'race4fun' | sudo -S sh -c 'journalctl --since "2026-04-21 06:52:01.108796" --until "2026-04-21 06:52:11.296403" -k -o short-iso '| grep -i -E 'throttle|throttled|thermal|cpufreq|under-voltage|voltage'
