ALL SYNC
2026-04-21 06:52:04.489613 Sync done -> model run start
2026-04-21 06:52:04.489613 Sync done -> model run start
2026-04-21 06:52:04.489614 Sync done -> model run start
2026-04-21 06:52:04.490031 Sync done -> model run start
3 0.363 [0.36240910296328366]
1 0.363 [0.362785663921386]
0 0.363 [0.36278623598627746]
2 0.363 [0.3632542029954493]
2026-04-21 06:52:05.435552 Sync done -> model run start
2026-04-21 06:52:05.435552 Sync done -> model run start
2026-04-21 06:52:05.448313 Sync done -> model run start
2026-04-21 06:52:05.453464 Sync done -> model run start
0 0.327 [0.32707095914520323]
1 0.327 [0.32707424089312553]
2 0.324 [0.32375894114375114]
3 0.326 [0.32602788996882737]
2026-04-21 06:52:06.533953 Sync done -> model run start
2026-04-21 06:52:06.540057 Sync done -> model run start
2026-04-21 06:52:06.547196 Sync done -> model run start
2026-04-21 06:52:06.553486 Sync done -> model run start
0 0.322 [0.3217328549362719]
1 0.321 [0.3213670758996159]
2 0.322 [0.3215383249334991]
3 0.323 [0.3224195190705359]
2026-04-21 06:52:07.859219 Sync done -> model run start
2026-04-21 06:52:07.864803 Sync done -> model run start
2026-04-21 06:52:07.868307 Sync done -> model run start
2026-04-21 06:52:07.877237 Sync done -> model run start
0 0.322 [0.3220978018362075]
1 0.322 [0.3216088970657438]
2 0.323 [0.3225659769959748]
3 0.323 [0.3229048301000148]
2026-04-21 06:52:10.512351 Sync done -> model run start
2026-04-21 06:52:10.513844 Sync done -> model run start
2026-04-21 06:52:10.524147 Sync done -> model run start
2026-04-21 06:52:10.535567 Sync done -> model run start
0 0.324 [0.3242455539293587]
1 0.325 [0.3250869051553309]
3 0.326 [0.3261274741962552]
2026-04-21 06:52:11.144974 Sync done -> model run start
net_times: [[2.332, 0.216, 1605632, 99176], [0.014, 0.198, 1605632, 99176], [0.228, 0.245, 1605632, 126974], [0.421, 0.147, 1605632, 126868], [1.837, 0.209, 1605632, 163277]]
echo 'race4fun' | sudo -S sh -c 'journalctl --since "2026-04-21 06:52:01.105301" --until "2026-04-21 06:52:11.144974" -k -o short-iso '| grep -i -E 'throttle|throttled|thermal|cpufreq|under-voltage|voltage'
