ALL SYNC
2026-04-21 06:52:02.638027 Sync done -> model run start
2026-04-21 06:52:02.638203 Sync done -> model run start
2026-04-21 06:52:02.639239 Sync done -> model run start
2026-04-21 06:52:02.640122 Sync done -> model run start
2 0.482 [0.48208248196169734]
0 0.481 [0.48104623588733375]
3 0.488 [0.4878462601918727]
1 0.5 [0.4993704848457128]
2026-04-21 06:52:03.602121 Sync done -> model run start
2026-04-21 06:52:03.605608 Sync done -> model run start
2026-04-21 06:52:03.636454 Sync done -> model run start
2026-04-21 06:52:03.652064 Sync done -> model run start
0 0.424 [0.42351506114937365]
1 0.431 [0.4305424289777875]
3 0.443 [0.44321987801231444]
2 0.434 [0.43391147814691067]
2026-04-21 06:52:05.353188 Sync done -> model run start
2026-04-21 06:52:05.363361 Sync done -> model run start
2026-04-21 06:52:05.377925 Sync done -> model run start
2026-04-21 06:52:05.388002 Sync done -> model run start
0 0.406 [0.405887789092958]
1 0.408 [0.4073680948931724]
2 0.409 [0.409235276049003]
3 0.411 [0.4107616231776774]
2026-04-21 06:52:06.474706 Sync done -> model run start
2026-04-21 06:52:06.486756 Sync done -> model run start
2026-04-21 06:52:06.496790 Sync done -> model run start
2026-04-21 06:52:06.508853 Sync done -> model run start
0 0.404 [0.40422295103780925]
1 0.405 [0.4051872189156711]
2 0.408 [0.407536739949137]
3 0.41 [0.4100635009817779]
2026-04-21 06:52:08.947564 Sync done -> model run start
2026-04-21 06:52:08.961077 Sync done -> model run start
2026-04-21 06:52:08.972796 Sync done -> model run start
2026-04-21 06:52:08.984386 Sync done -> model run start
1 0.414 [0.4138261419720948]
0 0.409 [0.40885152597911656]
2 0.42 [0.4196010669693351]
3 0.413 [0.41247807489708066]
2026-04-21 06:52:10.302051 Sync done -> model run start
net_times: [[1.032, 0.243, 3211264, 161952], [0.022, 1.058, 3211264, 161952], [0.02, 0.44, 3211264, 370531], [0.021, 0.647, 3211264, 584019], [1.186, 0.809, 3211264, 739503]]
echo 'race4fun' | sudo -S sh -c 'journalctl --since "2026-04-21 06:52:01.120057" --until "2026-04-21 06:52:10.302051" -k -o short-iso '| grep -i -E 'throttle|throttled|thermal|cpufreq|under-voltage|voltage'
