ALL SYNC
2026-04-21 06:51:19.664989 Sync done -> model run start
2026-04-21 06:51:19.664989 Sync done -> model run start
2026-04-21 06:51:19.664989 Sync done -> model run start
2026-04-21 06:51:19.664989 Sync done -> model run start
0 0.545 [0.5450043249875307]
2 0.545 [0.5450039599090815]
3 0.562 [0.5618190509267151]
1 0.578 [0.5779324248433113]
2026-04-21 06:51:20.623417 Sync done -> model run start
2026-04-21 06:51:20.633732 Sync done -> model run start
2026-04-21 06:51:20.633732 Sync done -> model run start
2026-04-21 06:51:20.653242 Sync done -> model run start
1 0.505 [0.5052176059689373]
2 0.505 [0.5052175540477037]
0 0.502 [0.5021561600733548]
2026-04-21 06:51:24.373913 Sync done -> model run start
2026-04-21 06:51:24.381409 Sync done -> model run start
2026-04-21 06:51:24.395828 Sync done -> model run start
2026-04-21 06:51:24.409008 Sync done -> model run start
0 0.517 [0.5162927189376205]
1 0.517 [0.5172007870860398]
3 0.514 [0.5132917920127511]
2 0.553 [0.5526789829600602]
2026-04-21 06:51:29.165431 Sync done -> model run start
2026-04-21 06:51:29.172710 Sync done -> model run start
2026-04-21 06:51:29.182132 Sync done -> model run start
2026-04-21 06:51:29.193960 Sync done -> model run start
1 0.539 [0.538671329151839]
0 0.536 [0.5353642059490085]
2 0.535 [0.5350998849608004]
3 0.556 [0.5557649601250887]
2026-04-21 06:51:33.952567 Sync done -> model run start
2026-04-21 06:51:33.968877 Sync done -> model run start
2026-04-21 06:51:33.974906 Sync done -> model run start
2026-04-21 06:51:33.989947 Sync done -> model run start
1 0.494 [0.4937673381064087]
2 0.501 [0.5007880921475589]
0 0.496 [0.4959977460093796]
2026-04-21 06:51:34.555538 Sync done -> model run start
net_times: [[0.245, 0.0, 3211264, 0], [0.022, 0.0, 3211264, 0], [2.854, 0.0, 3211264, 0], [3.854, 0.0, 3211264, 0], [3.83, 0.0, 3211264, 0]]
echo 'race4fun' | sudo -S sh -c 'journalctl --since "2026-04-21 06:51:18.476590" --until "2026-04-21 06:51:34.555538" -k -o short-iso '| grep -i -E 'throttle|throttled|thermal|cpufreq|under-voltage|voltage'
