ALL SYNC
2026-04-21 06:52:01.905363 Sync done -> model run start
2026-04-21 06:52:01.905366 Sync done -> model run start
2026-04-21 06:52:01.905372 Sync done -> model run start
2026-04-21 06:52:01.905363 Sync done -> model run start
0 0.034 [0.03343647415749729]
1 0.034 [0.03343663108535111]
2 0.034 [0.033436786849051714]
3 0.034 [0.03343673516064882]
2026-04-21 06:52:02.443716 Sync done -> model run start
2026-04-21 06:52:02.489848 Sync done -> model run start
2026-04-21 06:52:02.551915 Sync done -> model run start
2026-04-21 06:52:02.590690 Sync done -> model run start
0 0.022 [0.02215442107990384]
1 0.017 [0.01660534692928195]
2 0.016 [0.015396344941109419]
3 0.011 [0.01098497211933136]
2026-04-21 06:52:03.729738 Sync done -> model run start
2026-04-21 06:52:03.778738 Sync done -> model run start
2026-04-21 06:52:03.829090 Sync done -> model run start
2026-04-21 06:52:03.873996 Sync done -> model run start
0 0.023 [0.023137175012379885]
1 0.022 [0.021408905973657966]
2 0.018 [0.018112679943442345]
3 0.011 [0.010758046992123127]
2026-04-21 06:52:05.482656 Sync done -> model run start
2026-04-21 06:52:05.527326 Sync done -> model run start
2026-04-21 06:52:05.586819 Sync done -> model run start
2026-04-21 06:52:05.621782 Sync done -> model run start
0 0.022 [0.0215980710927397]
1 0.023 [0.022394367959350348]
2 0.015 [0.014736143173649907]
3 0.011 [0.01086893118917942]
2026-04-21 06:52:08.299861 Sync done -> model run start
2026-04-21 06:52:08.326326 Sync done -> model run start
2026-04-21 06:52:08.379886 Sync done -> model run start
2026-04-21 06:52:08.436999 Sync done -> model run start
0 0.027 [0.026593243004754186]
1 0.026 [0.026125276926904917]
2 0.022 [0.0215259890537709]
3 0.011 [0.010474038077518344]
2026-04-21 06:52:08.875307 Sync done -> model run start
net_times: [[0.331, 0.112, 12845056, 4581], [0.143, 0.833, 12845056, 4581], [0.081, 1.311, 12845056, 24046], [0.086, 0.665, 12845056, 70663], [1.76, 0.329, 12845056, 227334]]
echo 'race4fun' | sudo -S sh -c 'journalctl --since "2026-04-21 06:52:01.102570" --until "2026-04-21 06:52:08.875307" -k -o short-iso '| grep -i -E 'throttle|throttled|thermal|cpufreq|under-voltage|voltage'
