ALL SYNC
2026-04-21 06:51:17.905815 Sync done -> model run start
2026-04-21 06:51:17.905815 Sync done -> model run start
2026-04-21 06:51:17.905815 Sync done -> model run start
2026-04-21 06:51:17.905815 Sync done -> model run start
2 0.448 [0.44778439099900424]
1 0.448 [0.44779105694033206]
3 0.449 [0.44895381294190884]
0 0.448 [0.447784858988598]
2026-04-21 06:51:18.839587 Sync done -> model run start
2026-04-21 06:51:18.842495 Sync done -> model run start
2026-04-21 06:51:18.855387 Sync done -> model run start
2026-04-21 06:51:18.865804 Sync done -> model run start
0 0.345 [0.3443527249619365]
1 0.344 [0.34343897900544107]
2 0.35 [0.3494861938524991]
3 0.358 [0.35812131501734257]
2026-04-21 06:51:20.463159 Sync done -> model run start
2026-04-21 06:51:20.467318 Sync done -> model run start
2026-04-21 06:51:20.475273 Sync done -> model run start
2026-04-21 06:51:20.486301 Sync done -> model run start
0 0.343 [0.34329173900187016]
1 0.346 [0.3458757910411805]
2 0.348 [0.34721620194613934]
3 0.361 [0.36047734692692757]
2026-04-21 06:51:24.249675 Sync done -> model run start
2026-04-21 06:51:24.253585 Sync done -> model run start
2026-04-21 06:51:24.264036 Sync done -> model run start
2026-04-21 06:51:24.276335 Sync done -> model run start
1 0.342 [0.34182080812752247]
0 0.364 [0.3637678548693657]
3 0.363 [0.36263765092007816]
2 0.352 [0.3518083719536662]
2026-04-21 06:51:29.003608 Sync done -> model run start
2026-04-21 06:51:29.006542 Sync done -> model run start
2026-04-21 06:51:29.021595 Sync done -> model run start
2026-04-21 06:51:29.033170 Sync done -> model run start
1 0.382 [0.3819420519284904]
2 0.391 [0.39115477609448135]
3 0.399 [0.3984553711488843]
2026-04-21 06:51:33.707248 Sync done -> model run start
net_times: [[0.0, 0.269, 0, 89359], [0.0, 1.047, 0, 89359], [0.0, 3.167, 0, 1721154], [0.0, 4.169, 0, 2271835], [0.0, 4.174, 0, 2276399]]
echo 'race4fun' | sudo -S sh -c 'journalctl --since "2026-04-21 06:51:17.474304" --until "2026-04-21 06:51:33.707248" -k -o short-iso '| grep -i -E 'throttle|throttled|thermal|cpufreq|under-voltage|voltage'
