ALL SYNC
2026-04-21 06:52:00.533666 Sync done -> model run start
2026-04-21 06:52:00.533666 Sync done -> model run start
2026-04-21 06:52:00.533668 Sync done -> model run start
2026-04-21 06:52:00.533666 Sync done -> model run start
3 0.125 [0.12508278503082693]
0 0.124 [0.12426481791771948]
2 0.124 [0.12427643197588623]
1 0.144 [0.1434105271473527]
2026-04-21 06:52:01.555908 Sync done -> model run start
2026-04-21 06:52:01.559996 Sync done -> model run start
2026-04-21 06:52:01.564935 Sync done -> model run start
2026-04-21 06:52:01.588095 Sync done -> model run start
1 0.083 [0.0828406938817352]
0 0.104 [0.10334416199475527]
2 0.09 [0.08997730095870793]
3 0.122 [0.12181810103356838]
2026-04-21 06:52:02.456521 Sync done -> model run start
2026-04-21 06:52:02.457270 Sync done -> model run start
2026-04-21 06:52:02.470108 Sync done -> model run start
2026-04-21 06:52:02.477049 Sync done -> model run start
0 0.085 [0.0844777759630233]
1 0.085 [0.08533537900075316]
2 0.107 [0.1065847841091454]
3 0.117 [0.1165882630739361]
2026-04-21 06:52:03.739696 Sync done -> model run start
2026-04-21 06:52:03.741715 Sync done -> model run start
2026-04-21 06:52:03.755835 Sync done -> model run start
2026-04-21 06:52:03.762759 Sync done -> model run start
0 0.085 [0.0846629838924855]
1 0.086 [0.08537527499720454]
2 0.103 [0.10319103789515793]
3 0.117 [0.11681753303855658]
2026-04-21 06:52:05.501082 Sync done -> model run start
2026-04-21 06:52:05.507093 Sync done -> model run start
2026-04-21 06:52:05.521045 Sync done -> model run start
2026-04-21 06:52:05.526031 Sync done -> model run start
0 0.088 [0.08793131401762366]
1 0.093 [0.09251042315736413]
2 0.155 [0.15518858702853322]
3 0.1 [0.09995281184092164]
2026-04-21 06:52:08.215968 Sync done -> model run start
net_times: [[0.0, 0.498, 0, 13923], [0.0, 0.433, 0, 13923], [0.0, 0.803, 0, 71969], [0.0, 1.284, 0, 258269], [0.0, 2.311, 0, 984565]]
echo 'race4fun' | sudo -S sh -c 'journalctl --since "2026-04-21 06:52:00.113256" --until "2026-04-21 06:52:08.215968" -k -o short-iso '| grep -i -E 'throttle|throttled|thermal|cpufreq|under-voltage|voltage'
