ALL SYNC
2026-04-21 07:00:43.197424 Sync done -> model run start
2026-04-21 07:00:43.197415 Sync done -> model run start
2026-04-21 07:00:43.197414 Sync done -> model run start
2026-04-21 07:00:43.211997 Sync done -> model run start
0 1.122 [1.1218313497956842]
2 1.124 [1.123399939155206]
3 1.155 [1.1545137960929424]
1 1.238 [1.2375142031814903]
2026-04-21 07:00:49.800982 Sync done -> model run start
2026-04-21 07:00:49.808027 Sync done -> model run start
2026-04-21 07:00:49.831131 Sync done -> model run start
2026-04-21 07:00:49.850571 Sync done -> model run start
0 0.61 [0.6093917111866176]
2 0.604 [0.6040700098965317]
3 0.606 [0.6054837550036609]
1 0.654 [0.6540815129410475]
2026-04-21 07:00:53.472519 Sync done -> model run start
2026-04-21 07:00:53.501405 Sync done -> model run start
2026-04-21 07:00:53.504737 Sync done -> model run start
2026-04-21 07:00:53.531490 Sync done -> model run start
0 0.611 [0.6108199330046773]
1 0.608 [0.6077415579929948]
2 0.608 [0.607591194100678]
3 0.647 [0.6465066389646381]
2026-04-21 07:00:57.089770 Sync done -> model run start
2026-04-21 07:00:57.101990 Sync done -> model run start
2026-04-21 07:00:57.128307 Sync done -> model run start
2026-04-21 07:00:57.156883 Sync done -> model run start
0 0.603 [0.6032502669841051]
2 0.599 [0.5985860640648752]
1 0.65 [0.649342407938093]
3 0.604 [0.6036593290045857]
2026-04-21 07:01:00.772921 Sync done -> model run start
2026-04-21 07:01:00.782645 Sync done -> model run start
2026-04-21 07:01:00.803070 Sync done -> model run start
2026-04-21 07:01:00.822715 Sync done -> model run start
2 0.609 [0.609189567854628]
3 0.614 [0.6138314809650183]
0 0.613 [0.6124733078759164]
1 0.663 [0.662774131866172]
2026-04-21 07:01:01.644935 Sync done -> model run start
net_times: [[39.328, 4.904, 4841472, 2252488], [0.029, 0.081, 4841472, 2375], [2.546, 0.078, 4841472, 2375], [2.435, 0.078, 4841472, 2375], [2.53, 0.094, 4841472, 2375]]
echo 'race4fun' | sudo -S sh -c 'journalctl --since "2026-04-21 07:00:03.043736" --until "2026-04-21 07:01:01.644935" -k -o short-iso '| grep -i -E 'throttle|throttled|thermal|cpufreq|under-voltage|voltage'
