ALL SYNC
2026-04-21 07:00:17.120571 Sync done -> model run start
2026-04-21 07:00:17.120566 Sync done -> model run start
2026-04-21 07:00:17.120566 Sync done -> model run start
2026-04-21 07:00:17.161344 Sync done -> model run start
2 2.215 [2.2149826928507537]
1 2.223 [2.223314925096929]
0 2.229 [2.228454106952995]
3 2.289 [2.2891192419920117]
2026-04-21 07:00:29.524384 Sync done -> model run start
2026-04-21 07:00:29.557803 Sync done -> model run start
2026-04-21 07:00:29.584649 Sync done -> model run start
2026-04-21 07:00:29.587236 Sync done -> model run start
2 2.127 [2.12678927090019]
3 2.166 [2.165539460023865]
1 2.22 [2.219631205080077]
0 2.18 [2.1793413390405476]
2026-04-21 07:00:43.356973 Sync done -> model run start
2026-04-21 07:00:43.361150 Sync done -> model run start
2026-04-21 07:00:43.381186 Sync done -> model run start
2026-04-21 07:00:43.430491 Sync done -> model run start
0 2.153 [2.153079865965992]
1 2.149 [2.1487583857961]
2 2.162 [2.1620152180548757]
3 2.236 [2.2361890571191907]
2026-04-21 07:00:50.410742 Sync done -> model run start
2026-04-21 07:00:50.424186 Sync done -> model run start
2026-04-21 07:00:50.428118 Sync done -> model run start
2026-04-21 07:00:50.488590 Sync done -> model run start
0 2.125 [2.1244375640526414]
1 2.129 [2.128391067031771]
2 2.134 [2.1336460150778294]
3 2.215 [2.214628871064633]
2026-04-21 07:00:54.087944 Sync done -> model run start
2026-04-21 07:00:54.124252 Sync done -> model run start
2026-04-21 07:00:54.124438 Sync done -> model run start
2026-04-21 07:00:54.125958 Sync done -> model run start
0 2.133 [2.1332190758548677]
3 2.135 [2.1350467670708895]
2 2.161 [2.1609001089818776]
1 2.254 [2.2540746161248535]
2026-04-21 07:00:56.884897 Sync done -> model run start
net_times: [[12.261, 9.126, 4841472, 4523527], [0.055, 10.599, 4841472, 4735], [0.05, 3.847, 4841472, 4735], [0.024, 0.466, 4841472, 4735], [0.026, 0.39, 4841472, 4735]]
echo 'race4fun' | sudo -S sh -c 'journalctl --since "2026-04-21 07:00:03.041817" --until "2026-04-21 07:00:56.884897" -k -o short-iso '| grep -i -E 'throttle|throttled|thermal|cpufreq|under-voltage|voltage'
