ALL SYNC
2026-04-21 07:00:30.549453 Sync done -> model run start
2026-04-21 07:00:30.549453 Sync done -> model run start
2026-04-21 07:00:30.549460 Sync done -> model run start
2026-04-21 07:00:30.574076 Sync done -> model run start
0 2.462 [2.4623245999682695]
1 2.465 [2.4645774560049176]
2 2.582 [2.5817493989598006]
3 2.453 [2.4531815100926906]
2026-04-21 07:00:43.315690 Sync done -> model run start
2026-04-21 07:00:43.325101 Sync done -> model run start
2026-04-21 07:00:43.335133 Sync done -> model run start
2026-04-21 07:00:43.399578 Sync done -> model run start
0 2.33 [2.32983614387922]
1 2.344 [2.343636404024437]
3 2.427 [2.427036445820704]
2 2.351 [2.3509037711191922]
2026-04-21 07:00:50.397345 Sync done -> model run start
2026-04-21 07:00:50.416119 Sync done -> model run start
2026-04-21 07:00:50.439930 Sync done -> model run start
2026-04-21 07:00:50.500906 Sync done -> model run start
0 2.329 [2.3291042679920793]
1 2.334 [2.3335786778479815]
2 2.346 [2.3459524852223694]
3 2.409 [2.4086887519806623]
2026-04-21 07:00:54.060952 Sync done -> model run start
2026-04-21 07:00:54.088882 Sync done -> model run start
2026-04-21 07:00:54.113328 Sync done -> model run start
2026-04-21 07:00:54.113328 Sync done -> model run start
2 2.341 [2.341044010827318]
1 2.358 [2.3582186319399625]
3 2.357 [2.3566756688524038]
0 2.441 [2.4412971639540046]
2026-04-21 07:00:57.675198 Sync done -> model run start
2026-04-21 07:00:57.694602 Sync done -> model run start
2026-04-21 07:00:57.719810 Sync done -> model run start
2026-04-21 07:00:57.723736 Sync done -> model run start
1 2.341 [2.3406163018662483]
2 2.333 [2.333188934950158]
3 2.349 [2.349150644848123]
0 2.479 [2.4791217551101]
2026-04-21 07:01:00.500671 Sync done -> model run start
net_times: [[25.612, 9.149, 4841472, 4507245], [0.053, 3.614, 4841472, 4735], [0.025, 0.186, 4841472, 4735], [0.024, 0.155, 4841472, 4735], [0.026, 0.178, 4841472, 4735]]
echo 'race4fun' | sudo -S sh -c 'journalctl --since "2026-04-21 07:00:03.046322" --until "2026-04-21 07:01:00.500671" -k -o short-iso '| grep -i -E 'throttle|throttled|thermal|cpufreq|under-voltage|voltage'
