ALL SYNC
2026-04-21 06:59:09.293757 Sync done -> model run start
2026-04-21 06:59:09.312379 Sync done -> model run start
2026-04-21 06:59:09.326880 Sync done -> model run start
2026-04-21 06:59:09.330880 Sync done -> model run start
3 5.184 [5.1835531869437546]
0 5.269 [5.268523439997807]
1 5.415 [5.414730436867103]
2 5.18 [5.180186853045598]
2026-04-21 06:59:16.078683 Sync done -> model run start
2026-04-21 06:59:16.097389 Sync done -> model run start
2026-04-21 06:59:16.198662 Sync done -> model run start
2026-04-21 06:59:16.313006 Sync done -> model run start
1 3.514 [3.514150030910969]
3 3.461 [3.4610619379673153]
0 3.492 [3.491372501011938]
2 3.582 [3.5819993438199162]
2026-04-21 06:59:21.481744 Sync done -> model run start
2026-04-21 06:59:21.506132 Sync done -> model run start
2026-04-21 06:59:21.523530 Sync done -> model run start
2026-04-21 06:59:21.555934 Sync done -> model run start
1 3.501 [3.5009013381786644]
2 3.497 [3.4967871950939298]
3 3.6 [3.599537564907223]
0 3.494 [3.493985387030989]
2026-04-21 06:59:26.862453 Sync done -> model run start
2026-04-21 06:59:26.862453 Sync done -> model run start
2026-04-21 06:59:26.864065 Sync done -> model run start
2026-04-21 06:59:26.895294 Sync done -> model run start
2 3.597 [3.5964896481018513]
1 3.597 [3.5971181858330965]
3 3.599 [3.5991894770413637]
0 3.734 [3.7337700868956745]
2026-04-21 06:59:32.142314 Sync done -> model run start
2026-04-21 06:59:32.164659 Sync done -> model run start
2026-04-21 06:59:32.203180 Sync done -> model run start
2026-04-21 06:59:32.219696 Sync done -> model run start
0 3.497 [3.497167160967365]
2 3.502 [3.501953332917765]
3 3.513 [3.5130417600739747]
1 3.646 [3.645594517001882]
2026-04-21 06:59:35.958798 Sync done -> model run start
net_times: [[14.966, 0.0, 4841472, 0], [0.032, 0.0, 4841472, 0], [0.365, 0.0, 4841472, 0], [0.341, 0.0, 4841472, 0], [0.191, 0.0, 4841472, 0]]
echo 'race4fun' | sudo -S sh -c 'journalctl --since "2026-04-21 06:58:51.704812" --until "2026-04-21 06:59:35.958798" -k -o short-iso '| grep -i -E 'throttle|throttled|thermal|cpufreq|under-voltage|voltage'
