<<<<<<<< HEAD:logs/roofline/resnet18_children_bramble-4-5/6/6_size/4_1/speed_heatbramble-4-5-16.log
TIME:08:07:14
38090
cpu:0.53, 0.43, 0.30,freq:frequency(48)=600000000,throttle_flag:throttled=0x50005,voltage:volt=1.2000V,volt=1.2500V,volt=1.2500V,volt=1.2250V
TIME:08:07:16
38090
cpu:0.53, 0.43, 0.30,freq:frequency(48)=600000000,throttle_flag:throttled=0x50005,voltage:volt=1.2000V,volt=1.2500V,volt=1.2500V,volt=1.2250V
TIME:08:07:17
37552
cpu:0.53, 0.43, 0.30,freq:frequency(48)=1400000000,throttle_flag:throttled=0x50000,voltage:volt=1.3750V,volt=1.2500V,volt=1.2500V,volt=1.2250V
TIME:08:07:18
38090
cpu:0.49, 0.42, 0.30,freq:frequency(48)=1400000000,throttle_flag:throttled=0x50000,voltage:volt=1.3750V,volt=1.2500V,volt=1.2500V,volt=1.2250V
TIME:08:07:19
38090
cpu:0.49, 0.42, 0.30,freq:frequency(48)=1400000000,throttle_flag:throttled=0x50000,voltage:volt=1.3750V,volt=1.2500V,volt=1.2500V,volt=1.2250V
TIME:08:07:20
38628
cpu:0.49, 0.42, 0.30,freq:frequency(48)=700000000,throttle_flag:throttled=0x50000,voltage:volt=1.2813V,volt=1.2500V,volt=1.2500V,volt=1.2250V
TIME:08:07:21
38090
cpu:0.49, 0.42, 0.30,freq:frequency(48)=1399998000,throttle_flag:throttled=0x50000,voltage:volt=1.3750V,volt=1.2500V,volt=1.2500V,volt=1.2250V
TIME:08:07:22
37552
cpu:0.45, 0.42, 0.30,freq:frequency(48)=1399998000,throttle_flag:throttled=0x50000,voltage:volt=1.3750V,volt=1.2500V,volt=1.2500V,volt=1.2250V
TIME:08:07:23
38090
cpu:0.45, 0.42, 0.30,freq:frequency(48)=1400002000,throttle_flag:throttled=0x50000,voltage:volt=1.3750V,volt=1.2500V,volt=1.2500V,volt=1.2250V
TIME:08:07:24
38628
cpu:0.45, 0.42, 0.30,freq:frequency(48)=1400000000,throttle_flag:throttled=0x50000,voltage:volt=1.3750V,volt=1.2500V,volt=1.2500V,volt=1.2250V
TIME:08:07:25
37552
cpu:0.45, 0.42, 0.30,freq:frequency(48)=600000000,throttle_flag:throttled=0x50000,voltage:volt=1.2813V,volt=1.2500V,volt=1.2500V,volt=1.2250V
TIME:08:07:26
37552
cpu:0.45, 0.42, 0.30,freq:frequency(48)=600000000,throttle_flag:throttled=0x50000,voltage:volt=1.2813V,volt=1.2500V,volt=1.2500V,volt=1.2250V
TIME:08:07:28
38628
cpu:0.41, 0.41, 0.29,freq:frequency(48)=800000000,throttle_flag:throttled=0x50000,voltage:volt=1.2813V,volt=1.2500V,volt=1.2500V,volt=1.2250V
TIME:08:07:29
38090
cpu:0.41, 0.41, 0.29,freq:frequency(48)=800000000,throttle_flag:throttled=0x50000,voltage:volt=1.2813V,volt=1.2500V,volt=1.2500V,volt=1.2250V
TIME:08:07:30
37552
cpu:0.41, 0.41, 0.29,freq:frequency(48)=600000000,throttle_flag:throttled=0x50000,voltage:volt=1.2813V,volt=1.2500V,volt=1.2500V,volt=1.2250V
TIME:08:07:31
38090
cpu:0.41, 0.41, 0.29,freq:frequency(48)=600000000,throttle_flag:throttled=0x50000,voltage:volt=1.2813V,volt=1.2500V,volt=1.2500V,volt=1.2250V
TIME:08:07:32
37552
cpu:0.38, 0.40, 0.29,freq:frequency(48)=600000000,throttle_flag:throttled=0x50000,voltage:volt=1.2813V,volt=1.2500V,volt=1.2500V,volt=1.2250V
TIME:08:07:33
37552
cpu:0.38, 0.40, 0.29,freq:frequency(48)=800000000,throttle_flag:throttled=0x50000,voltage:volt=1.2813V,volt=1.2500V,volt=1.2500V,volt=1.2250V
TIME:08:07:34
37552
cpu:0.38, 0.40, 0.29,freq:frequency(48)=800000000,throttle_flag:throttled=0x50000,voltage:volt=1.2813V,volt=1.2500V,volt=1.2500V,volt=1.2250V
TIME:08:07:35
37552
cpu:0.38, 0.40, 0.29,freq:frequency(48)=700002000,throttle_flag:throttled=0x50000,voltage:volt=1.2813V,volt=1.2500V,volt=1.2500V,volt=1.2250V
TIME:08:07:37
37552
cpu:0.38, 0.40, 0.29,freq:frequency(48)=800000000,throttle_flag:throttled=0x50000,voltage:volt=1.2813V,volt=1.2500V,volt=1.2500V,volt=1.2250V
TIME:08:07:38
37552
cpu:0.35, 0.40, 0.29,freq:frequency(48)=700000000,throttle_flag:throttled=0x50000,voltage:volt=1.2813V,volt=1.2500V,volt=1.2500V,volt=1.2250V
TIME:08:07:39
37552
cpu:0.35, 0.40, 0.29,freq:frequency(48)=700000000,throttle_flag:throttled=0x50000,voltage:volt=1.2813V,volt=1.2500V,volt=1.2500V,volt=1.2250V
TIME:08:07:40
37552
cpu:0.35, 0.40, 0.29,freq:frequency(48)=700000000,throttle_flag:throttled=0x50000,voltage:volt=1.2813V,volt=1.2500V,volt=1.2500V,volt=1.2250V
TIME:08:07:41
37552
cpu:0.35, 0.40, 0.29,freq:frequency(48)=700000000,throttle_flag:throttled=0x50000,voltage:volt=1.2813V,volt=1.2500V,volt=1.2500V,volt=1.2250V
TIME:08:07:42
37552
cpu:0.40, 0.41, 0.29,freq:frequency(48)=800000000,throttle_flag:throttled=0x50000,voltage:volt=1.2813V,volt=1.2500V,volt=1.2500V,volt=1.2250V
TIME:08:07:43
37552
cpu:0.40, 0.41, 0.29,freq:frequency(48)=700000000,throttle_flag:throttled=0x50000,voltage:volt=1.2813V,volt=1.2500V,volt=1.2500V,volt=1.2250V
TIME:08:07:44
37552
cpu:0.40, 0.41, 0.29,freq:frequency(48)=700000000,throttle_flag:throttled=0x50000,voltage:volt=1.2813V,volt=1.2500V,volt=1.2500V,volt=1.2250V
TIME:08:07:45
37552
cpu:0.40, 0.41, 0.29,freq:frequency(48)=600000000,throttle_flag:throttled=0x50000,voltage:volt=1.2813V,volt=1.2500V,volt=1.2500V,volt=1.2250V
TIME:08:07:47
37014
cpu:0.40, 0.41, 0.29,freq:frequency(48)=600000000,throttle_flag:throttled=0x50000,voltage:volt=1.2813V,volt=1.2500V,volt=1.2500V,volt=1.2250V
TIME:08:07:48
37552
cpu:0.45, 0.42, 0.30,freq:frequency(48)=600000000,throttle_flag:throttled=0x50000,voltage:volt=1.2813V,volt=1.2500V,volt=1.2500V,volt=1.2250V
TIME:08:07:49
38090
cpu:0.45, 0.42, 0.30,freq:frequency(48)=1400000000,throttle_flag:throttled=0x50000,voltage:volt=1.3750V,volt=1.2500V,volt=1.2500V,volt=1.2250V
TIME:08:07:50
38090
cpu:0.45, 0.42, 0.30,freq:frequency(48)=1400000000,throttle_flag:throttled=0x50000,voltage:volt=1.3750V,volt=1.2500V,volt=1.2500V,volt=1.2250V
TIME:08:07:51
37552
cpu:0.45, 0.42, 0.30,freq:frequency(48)=1400002000,throttle_flag:throttled=0x50000,voltage:volt=1.3750V,volt=1.2500V,volt=1.2500V,volt=1.2250V
TIME:08:07:52
38090
cpu:0.45, 0.42, 0.30,freq:frequency(48)=1400000000,throttle_flag:throttled=0x50000,voltage:volt=1.3750V,volt=1.2500V,volt=1.2500V,volt=1.2250V
TIME:08:07:53
38628
cpu:0.49, 0.43, 0.30,freq:frequency(48)=1400000000,throttle_flag:throttled=0x50000,voltage:volt=1.3750V,volt=1.2500V,volt=1.2500V,volt=1.2250V
TIME:08:07:54
38090
cpu:0.49, 0.43, 0.30,freq:frequency(48)=700000000,throttle_flag:throttled=0x50000,voltage:volt=1.2813V,volt=1.2500V,volt=1.2500V,volt=1.2250V
TIME:08:07:55
37552
cpu:0.49, 0.43, 0.30,freq:frequency(48)=600000000,throttle_flag:throttled=0x50000,voltage:volt=1.2813V,volt=1.2500V,volt=1.2500V,volt=1.2250V
TIME:08:07:56
37552
cpu:0.49, 0.43, 0.30,freq:frequency(48)=600000000,throttle_flag:throttled=0x50000,voltage:volt=1.2813V,volt=1.2500V,volt=1.2500V,volt=1.2250V
TIME:08:07:58
37552
cpu:0.45, 0.42, 0.30,freq:frequency(48)=600000000,throttle_flag:throttled=0x50000,voltage:volt=1.2813V,volt=1.2500V,volt=1.2500V,volt=1.2250V
TIME:08:07:59
37552
cpu:0.45, 0.42, 0.30,freq:frequency(48)=600000000,throttle_flag:throttled=0x50000,voltage:volt=1.2813V,volt=1.2500V,volt=1.2500V,volt=1.2250V
TIME:08:08:00
37552
cpu:0.45, 0.42, 0.30,freq:frequency(48)=600000000,throttle_flag:throttled=0x50000,voltage:volt=1.2813V,volt=1.2500V,volt=1.2500V,volt=1.2250V
TIME:08:08:01
37552
cpu:0.45, 0.42, 0.30,freq:frequency(48)=600000000,throttle_flag:throttled=0x50000,voltage:volt=1.2813V,volt=1.2500V,volt=1.2500V,volt=1.2250V
TIME:08:08:02
37552
cpu:0.45, 0.42, 0.30,freq:frequency(48)=800000000,throttle_flag:throttled=0x50000,voltage:volt=1.2813V,volt=1.2500V,volt=1.2500V,volt=1.2250V
TIME:08:08:03
37552
cpu:0.50, 0.43, 0.30,freq:frequency(48)=800002000,throttle_flag:throttled=0x50000,voltage:volt=1.2813V,volt=1.2500V,volt=1.2500V,volt=1.2250V
TIME:08:08:04
37552
cpu:0.50, 0.43, 0.30,freq:frequency(48)=800000000,throttle_flag:throttled=0x50000,voltage:volt=1.2813V,volt=1.2500V,volt=1.2500V,volt=1.2250V
TIME:08:08:05
37552
cpu:0.50, 0.43, 0.30,freq:frequency(48)=800000000,throttle_flag:throttled=0x50000,voltage:volt=1.2813V,volt=1.2500V,volt=1.2500V,volt=1.2250V
TIME:08:08:06
37552
cpu:0.50, 0.43, 0.30,freq:frequency(48)=800000000,throttle_flag:throttled=0x50000,voltage:volt=1.2813V,volt=1.2500V,volt=1.2500V,volt=1.2250V
TIME:08:08:08
37552
cpu:0.46, 0.42, 0.30,freq:frequency(48)=600000000,throttle_flag:throttled=0x50000,voltage:volt=1.2813V,volt=1.2500V,volt=1.2500V,volt=1.2250V
TIME:08:08:09
37552
cpu:0.46, 0.42, 0.30,freq:frequency(48)=600000000,throttle_flag:throttled=0x50000,voltage:volt=1.2813V,volt=1.2500V,volt=1.2500V,volt=1.2250V
TIME:08:08:10
37552
cpu:0.46, 0.42, 0.30,freq:frequency(48)=600000000,throttle_flag:throttled=0x50000,voltage:volt=1.2813V,volt=1.2500V,volt=1.2500V,volt=1.2250V
TIME:08:08:11
37552
cpu:0.46, 0.42, 0.30,freq:frequency(48)=800000000,throttle_flag:throttled=0x50000,voltage:volt=1.2813V,volt=1.2500V,volt=1.2500V,volt=1.2250V
TIME:08:08:12
37014
cpu:0.46, 0.42, 0.30,freq:frequency(48)=800000000,throttle_flag:throttled=0x50000,voltage:volt=1.2813V,volt=1.2500V,volt=1.2500V,volt=1.2250V
TIME:08:08:13
37552
cpu:0.50, 0.43, 0.31,freq:frequency(48)=800000000,throttle_flag:throttled=0x50000,voltage:volt=1.2813V,volt=1.2500V,volt=1.2500V,volt=1.2250V
TIME:08:08:14
37552
cpu:0.50, 0.43, 0.31,freq:frequency(48)=800000000,throttle_flag:throttled=0x50000,voltage:volt=1.2813V,volt=1.2500V,volt=1.2500V,volt=1.2250V
TIME:08:08:15
37552
cpu:0.50, 0.43, 0.31,freq:frequency(48)=800000000,throttle_flag:throttled=0x50000,voltage:volt=1.2813V,volt=1.2500V,volt=1.2500V,volt=1.2250V
TIME:08:08:16
37552
cpu:0.50, 0.43, 0.31,freq:frequency(48)=800000000,throttle_flag:throttled=0x50000,voltage:volt=1.2813V,volt=1.2500V,volt=1.2500V,volt=1.2250V
TIME:08:08:18
37552
cpu:0.46, 0.42, 0.30,freq:frequency(48)=800000000,throttle_flag:throttled=0x50000,voltage:volt=1.2813V,volt=1.2500V,volt=1.2500V,volt=1.2250V
TIME:08:08:19
37552
cpu:0.46, 0.42, 0.30,freq:frequency(48)=800000000,throttle_flag:throttled=0x50000,voltage:volt=1.2813V,volt=1.2500V,volt=1.2500V,volt=1.2250V
TIME:08:08:20
37014
cpu:0.46, 0.42, 0.30,freq:frequency(48)=700000000,throttle_flag:throttled=0x50000,voltage:volt=1.2813V,volt=1.2500V,volt=1.2500V,volt=1.2250V
TIME:08:08:21
37552
cpu:0.46, 0.42, 0.30,freq:frequency(48)=800000000,throttle_flag:throttled=0x50000,voltage:volt=1.2813V,volt=1.2500V,volt=1.2500V,volt=1.2250V
TIME:08:08:22
37552
cpu:0.46, 0.42, 0.30,freq:frequency(48)=600000000,throttle_flag:throttled=0x50000,voltage:volt=1.2813V,volt=1.2500V,volt=1.2500V,volt=1.2250V
TIME:08:08:23
38090
cpu:0.50, 0.43, 0.31,freq:frequency(48)=1400000000,throttle_flag:throttled=0x50000,voltage:volt=1.3750V,volt=1.2500V,volt=1.2500V,volt=1.2250V
TIME:08:08:24
38628
cpu:0.50, 0.43, 0.31,freq:frequency(48)=1400000000,throttle_flag:throttled=0x50000,voltage:volt=1.3750V,volt=1.2500V,volt=1.2500V,volt=1.2250V
TIME:08:08:25
38628
cpu:0.50, 0.43, 0.31,freq:frequency(48)=1400000000,throttle_flag:throttled=0x50000,voltage:volt=1.3750V,volt=1.2500V,volt=1.2500V,volt=1.2250V
TIME:08:08:26
39166
cpu:0.50, 0.43, 0.31,freq:frequency(48)=1400000000,throttle_flag:throttled=0x50000,voltage:volt=1.3750V,volt=1.2500V,volt=1.2500V,volt=1.2250V
========
TIME:20:37:59
37552
cpu:0.48, 0.63, 0.57,freq:frequency(48)=800000000,throttle_flag:throttled=0x50000,voltage:volt=1.2813V,volt=1.2500V,volt=1.2500V,volt=1.2250V
TIME:20:38:00
38628
cpu:0.48, 0.63, 0.57,freq:frequency(48)=600000000,throttle_flag:throttled=0x50005,voltage:volt=1.2000V,volt=1.2500V,volt=1.2500V,volt=1.2250V
TIME:20:38:01
38628
cpu:0.48, 0.63, 0.57,freq:frequency(48)=1400000000,throttle_flag:throttled=0x50000,voltage:volt=1.3750V,volt=1.2500V,volt=1.2500V,volt=1.2250V
TIME:20:38:02
38628
cpu:0.48, 0.63, 0.57,freq:frequency(48)=1400000000,throttle_flag:throttled=0x50000,voltage:volt=1.3750V,volt=1.2500V,volt=1.2500V,volt=1.2250V
TIME:20:38:03
38628
cpu:0.45, 0.62, 0.57,freq:frequency(48)=1400002000,throttle_flag:throttled=0x50000,voltage:volt=1.3750V,volt=1.2500V,volt=1.2500V,volt=1.2250V
TIME:20:38:04
38628
cpu:0.45, 0.62, 0.57,freq:frequency(48)=800000000,throttle_flag:throttled=0x50000,voltage:volt=1.2813V,volt=1.2500V,volt=1.2500V,volt=1.2250V
TIME:20:38:06
38090
cpu:0.45, 0.62, 0.57,freq:frequency(48)=700000000,throttle_flag:throttled=0x50000,voltage:volt=1.2813V,volt=1.2500V,volt=1.2500V,volt=1.2250V
TIME:20:38:07
38090
cpu:0.45, 0.62, 0.57,freq:frequency(48)=600000000,throttle_flag:throttled=0x50000,voltage:volt=1.2813V,volt=1.2500V,volt=1.2500V,volt=1.2250V
TIME:20:38:08
37552
cpu:0.45, 0.62, 0.57,freq:frequency(48)=700000000,throttle_flag:throttled=0x50000,voltage:volt=1.2813V,volt=1.2500V,volt=1.2500V,volt=1.2250V
TIME:20:38:09
37552
cpu:0.49, 0.62, 0.57,freq:frequency(48)=600000000,throttle_flag:throttled=0x50000,voltage:volt=1.2813V,volt=1.2500V,volt=1.2500V,volt=1.2250V
TIME:20:38:10
37552
cpu:0.49, 0.62, 0.57,freq:frequency(48)=600000000,throttle_flag:throttled=0x50000,voltage:volt=1.2813V,volt=1.2500V,volt=1.2500V,volt=1.2250V
TIME:20:38:11
37552
cpu:0.49, 0.62, 0.57,freq:frequency(48)=600000000,throttle_flag:throttled=0x50000,voltage:volt=1.2813V,volt=1.2500V,volt=1.2500V,volt=1.2250V
TIME:20:38:12
37014
cpu:0.49, 0.62, 0.57,freq:frequency(48)=600000000,throttle_flag:throttled=0x50000,voltage:volt=1.2813V,volt=1.2500V,volt=1.2500V,volt=1.2250V
TIME:20:38:13
38628
cpu:0.45, 0.61, 0.56,freq:frequency(48)=600000000,throttle_flag:throttled=0x50000,voltage:volt=1.2813V,volt=1.2500V,volt=1.2500V,volt=1.2250V
TIME:20:38:14
37552
cpu:0.45, 0.61, 0.56,freq:frequency(48)=600000000,throttle_flag:throttled=0x50000,voltage:volt=1.2813V,volt=1.2500V,volt=1.2500V,volt=1.2250V
TIME:20:38:16
37552
cpu:0.45, 0.61, 0.56,freq:frequency(48)=600000000,throttle_flag:throttled=0x50000,voltage:volt=1.2813V,volt=1.2500V,volt=1.2500V,volt=1.2250V
TIME:20:38:17
37552
cpu:0.45, 0.61, 0.56,freq:frequency(48)=800000000,throttle_flag:throttled=0x50000,voltage:volt=1.2813V,volt=1.2500V,volt=1.2500V,volt=1.2250V
TIME:20:38:18
37552
cpu:0.45, 0.61, 0.56,freq:frequency(48)=800000000,throttle_flag:throttled=0x50000,voltage:volt=1.2813V,volt=1.2500V,volt=1.2500V,volt=1.2250V
TIME:20:38:19
37014
cpu:0.41, 0.60, 0.56,freq:frequency(48)=600000000,throttle_flag:throttled=0x50000,voltage:volt=1.2813V,volt=1.2500V,volt=1.2500V,volt=1.2250V
TIME:20:38:20
37552
cpu:0.41, 0.60, 0.56,freq:frequency(48)=600000000,throttle_flag:throttled=0x50000,voltage:volt=1.2813V,volt=1.2500V,volt=1.2500V,volt=1.2250V
TIME:20:38:21
37552
cpu:0.41, 0.60, 0.56,freq:frequency(48)=1400000000,throttle_flag:throttled=0x50000,voltage:volt=1.3750V,volt=1.2500V,volt=1.2500V,volt=1.2250V
TIME:20:38:22
38090
cpu:0.41, 0.60, 0.56,freq:frequency(48)=1400000000,throttle_flag:throttled=0x50000,voltage:volt=1.3750V,volt=1.2500V,volt=1.2500V,volt=1.2250V
TIME:20:38:23
38090
cpu:0.38, 0.59, 0.56,freq:frequency(48)=1400000000,throttle_flag:throttled=0x50000,voltage:volt=1.3750V,volt=1.2500V,volt=1.2500V,volt=1.2250V
TIME:20:38:24
38090
cpu:0.38, 0.59, 0.56,freq:frequency(48)=1400000000,throttle_flag:throttled=0x50000,voltage:volt=1.3750V,volt=1.2500V,volt=1.2500V,volt=1.2250V
TIME:20:38:25
38090
cpu:0.38, 0.59, 0.56,freq:frequency(48)=1400000000,throttle_flag:throttled=0x50000,voltage:volt=1.3750V,volt=1.2500V,volt=1.2500V,volt=1.2250V
TIME:20:38:27
37552
cpu:0.38, 0.59, 0.56,freq:frequency(48)=600000000,throttle_flag:throttled=0x50000,voltage:volt=1.2813V,volt=1.2500V,volt=1.2500V,volt=1.2250V
TIME:20:38:28
38090
cpu:0.38, 0.59, 0.56,freq:frequency(48)=700000000,throttle_flag:throttled=0x50000,voltage:volt=1.2813V,volt=1.2500V,volt=1.2500V,volt=1.2250V
TIME:20:38:29
37552
cpu:0.35, 0.58, 0.55,freq:frequency(48)=800000000,throttle_flag:throttled=0x50000,voltage:volt=1.2813V,volt=1.2500V,volt=1.2500V,volt=1.2250V
TIME:20:38:30
37552
cpu:0.35, 0.58, 0.55,freq:frequency(48)=600000000,throttle_flag:throttled=0x50000,voltage:volt=1.2813V,volt=1.2500V,volt=1.2500V,volt=1.2250V
TIME:20:38:31
37552
cpu:0.35, 0.58, 0.55,freq:frequency(48)=600000000,throttle_flag:throttled=0x50000,voltage:volt=1.2813V,volt=1.2500V,volt=1.2500V,volt=1.2250V
TIME:20:38:32
37552
cpu:0.35, 0.58, 0.55,freq:frequency(48)=900000000,throttle_flag:throttled=0x50000,voltage:volt=1.2813V,volt=1.2500V,volt=1.2500V,volt=1.2250V
TIME:20:38:33
38090
cpu:0.64, 0.64, 0.57,freq:frequency(48)=600000000,throttle_flag:throttled=0x50005,voltage:volt=1.2000V,volt=1.2500V,volt=1.2500V,volt=1.2250V
TIME:20:38:34
38628
cpu:0.64, 0.64, 0.57,freq:frequency(48)=1400000000,throttle_flag:throttled=0x50000,voltage:volt=1.3750V,volt=1.2500V,volt=1.2500V,volt=1.2250V
TIME:20:38:35
39166
cpu:0.64, 0.64, 0.57,freq:frequency(48)=1400000000,throttle_flag:throttled=0x50000,voltage:volt=1.3750V,volt=1.2500V,volt=1.2500V,volt=1.2250V
TIME:20:38:37
38628
cpu:0.64, 0.64, 0.57,freq:frequency(48)=1399998000,throttle_flag:throttled=0x50000,voltage:volt=1.3750V,volt=1.2500V,volt=1.2500V,volt=1.2250V
TIME:20:38:38
38628
cpu:0.64, 0.64, 0.57,freq:frequency(48)=700000000,throttle_flag:throttled=0x50000,voltage:volt=1.2813V,volt=1.2500V,volt=1.2500V,volt=1.2250V
TIME:20:38:39
38090
cpu:0.59, 0.63, 0.57,freq:frequency(48)=700000000,throttle_flag:throttled=0x50000,voltage:volt=1.2813V,volt=1.2500V,volt=1.2500V,volt=1.2250V
TIME:20:38:40
37552
cpu:0.59, 0.63, 0.57,freq:frequency(48)=700000000,throttle_flag:throttled=0x50000,voltage:volt=1.2813V,volt=1.2500V,volt=1.2500V,volt=1.2250V
TIME:20:38:41
37552
cpu:0.59, 0.63, 0.57,freq:frequency(48)=700000000,throttle_flag:throttled=0x50000,voltage:volt=1.2813V,volt=1.2500V,volt=1.2500V,volt=1.2250V
TIME:20:38:42
38090
cpu:0.59, 0.63, 0.57,freq:frequency(48)=800000000,throttle_flag:throttled=0x50000,voltage:volt=1.2813V,volt=1.2500V,volt=1.2500V,volt=1.2250V
TIME:20:38:43
37014
cpu:0.54, 0.62, 0.57,freq:frequency(48)=600000000,throttle_flag:throttled=0x50000,voltage:volt=1.2813V,volt=1.2500V,volt=1.2500V,volt=1.2250V
TIME:20:38:44
37552
cpu:0.54, 0.62, 0.57,freq:frequency(48)=599998000,throttle_flag:throttled=0x50000,voltage:volt=1.2813V,volt=1.2500V,volt=1.2500V,volt=1.2250V
TIME:20:38:45
37552
cpu:0.54, 0.62, 0.57,freq:frequency(48)=600000000,throttle_flag:throttled=0x50000,voltage:volt=1.2813V,volt=1.2500V,volt=1.2500V,volt=1.2250V
TIME:20:38:47
37552
cpu:0.54, 0.62, 0.57,freq:frequency(48)=600000000,throttle_flag:throttled=0x50000,voltage:volt=1.2813V,volt=1.2500V,volt=1.2500V,volt=1.2250V
TIME:20:38:48
37552
cpu:0.54, 0.62, 0.57,freq:frequency(48)=600000000,throttle_flag:throttled=0x50000,voltage:volt=1.2813V,volt=1.2500V,volt=1.2500V,volt=1.2250V
TIME:20:38:49
37552
cpu:0.58, 0.62, 0.57,freq:frequency(48)=600000000,throttle_flag:throttled=0x50000,voltage:volt=1.2813V,volt=1.2500V,volt=1.2500V,volt=1.2250V
TIME:20:38:50
37552
cpu:0.58, 0.62, 0.57,freq:frequency(48)=600000000,throttle_flag:throttled=0x50000,voltage:volt=1.2813V,volt=1.2500V,volt=1.2500V,volt=1.2250V
TIME:20:38:51
37552
cpu:0.58, 0.62, 0.57,freq:frequency(48)=800000000,throttle_flag:throttled=0x50000,voltage:volt=1.2813V,volt=1.2500V,volt=1.2500V,volt=1.2250V
TIME:20:38:52
37552
cpu:0.58, 0.62, 0.57,freq:frequency(48)=800000000,throttle_flag:throttled=0x50000,voltage:volt=1.2813V,volt=1.2500V,volt=1.2500V,volt=1.2250V
TIME:20:38:53
37552
cpu:0.61, 0.63, 0.57,freq:frequency(48)=800000000,throttle_flag:throttled=0x50000,voltage:volt=1.2813V,volt=1.2500V,volt=1.2500V,volt=1.2250V
TIME:20:38:54
38090
cpu:0.61, 0.63, 0.57,freq:frequency(48)=800000000,throttle_flag:throttled=0x50000,voltage:volt=1.2813V,volt=1.2500V,volt=1.2500V,volt=1.2250V
TIME:20:38:55
37552
cpu:0.61, 0.63, 0.57,freq:frequency(48)=900000000,throttle_flag:throttled=0x50000,voltage:volt=1.2813V,volt=1.2500V,volt=1.2500V,volt=1.2250V
TIME:20:38:57
37014
cpu:0.61, 0.63, 0.57,freq:frequency(48)=800000000,throttle_flag:throttled=0x50000,voltage:volt=1.2813V,volt=1.2500V,volt=1.2500V,volt=1.2250V
TIME:20:38:58
37014
cpu:0.61, 0.63, 0.57,freq:frequency(48)=800000000,throttle_flag:throttled=0x50000,voltage:volt=1.2813V,volt=1.2500V,volt=1.2500V,volt=1.2250V
TIME:20:38:59
37552
cpu:0.56, 0.62, 0.57,freq:frequency(48)=800000000,throttle_flag:throttled=0x50000,voltage:volt=1.2813V,volt=1.2500V,volt=1.2500V,volt=1.2250V
TIME:20:39:00
37014
cpu:0.56, 0.62, 0.57,freq:frequency(48)=800000000,throttle_flag:throttled=0x50000,voltage:volt=1.2813V,volt=1.2500V,volt=1.2500V,volt=1.2250V
TIME:20:39:01
37552
cpu:0.56, 0.62, 0.57,freq:frequency(48)=800000000,throttle_flag:throttled=0x50000,voltage:volt=1.2813V,volt=1.2500V,volt=1.2500V,volt=1.2250V
TIME:20:39:02
37552
cpu:0.56, 0.62, 0.57,freq:frequency(48)=800000000,throttle_flag:throttled=0x50000,voltage:volt=1.2813V,volt=1.2500V,volt=1.2500V,volt=1.2250V
TIME:20:39:03
37552
cpu:0.52, 0.61, 0.56,freq:frequency(48)=700000000,throttle_flag:throttled=0x50000,voltage:volt=1.2813V,volt=1.2500V,volt=1.2500V,volt=1.2250V
TIME:20:39:04
36476
cpu:0.52, 0.61, 0.56,freq:frequency(48)=700000000,throttle_flag:throttled=0x50000,voltage:volt=1.2813V,volt=1.2500V,volt=1.2500V,volt=1.2250V
TIME:20:39:06
37014
cpu:0.52, 0.61, 0.56,freq:frequency(48)=600000000,throttle_flag:throttled=0x50005,voltage:volt=1.2000V,volt=1.2500V,volt=1.2500V,volt=1.2250V
TIME:20:39:07
38628
cpu:0.52, 0.61, 0.56,freq:frequency(48)=600000000,throttle_flag:throttled=0x50005,voltage:volt=1.2000V,volt=1.2500V,volt=1.2500V,volt=1.2250V
TIME:20:39:08
38628
cpu:0.52, 0.61, 0.56,freq:frequency(48)=1400000000,throttle_flag:throttled=0x50000,voltage:volt=1.3750V,volt=1.2500V,volt=1.2500V,volt=1.2250V
TIME:20:39:09
38628
cpu:0.64, 0.63, 0.57,freq:frequency(48)=1400000000,throttle_flag:throttled=0x50000,voltage:volt=1.3750V,volt=1.2500V,volt=1.2500V,volt=1.2250V
TIME:20:39:10
38628
cpu:0.64, 0.63, 0.57,freq:frequency(48)=1400000000,throttle_flag:throttled=0x50000,voltage:volt=1.3750V,volt=1.2500V,volt=1.2500V,volt=1.2250V
>>>>>>>> 978dcc83 (emergency commit?):logs/roofline/resnet18_children_bramble-4-5/9/8_size/2_2/speed_heatbramble-4-5-16.log
