ALL SYNC
2026-04-21 06:41:59.487703 Sync done -> model run start
2026-04-21 06:41:59.487703 Sync done -> model run start
2026-04-21 06:41:59.487708 Sync done -> model run start
2026-04-21 06:41:59.487940 Sync done -> model run start
1 0.541 [0.5405115419998765]
0 0.542 [0.5418114829808474]
2 0.562 [0.5618826642166823]
3 0.541 [0.5404755531344563]
2026-04-21 06:42:00.462780 Sync done -> model run start
2026-04-21 06:42:00.470279 Sync done -> model run start
2026-04-21 06:42:00.476732 Sync done -> model run start
2026-04-21 06:42:00.488247 Sync done -> model run start
0 0.492 [0.49237250885926187]
1 0.493 [0.4933661490213126]
2 0.494 [0.4935988551005721]
3 0.493 [0.4927315169479698]
2026-04-21 06:42:04.162415 Sync done -> model run start
2026-04-21 06:42:04.163284 Sync done -> model run start
2026-04-21 06:42:04.174278 Sync done -> model run start
2026-04-21 06:42:04.188594 Sync done -> model run start
1 0.496 [0.49579842621460557]
0 0.5 [0.5003177209291607]
2 0.5 [0.4998730889055878]
3 0.497 [0.4963958701118827]
2026-04-21 06:42:09.363791 Sync done -> model run start
2026-04-21 06:42:09.370712 Sync done -> model run start
2026-04-21 06:42:09.380651 Sync done -> model run start
2026-04-21 06:42:09.391051 Sync done -> model run start
0 0.492 [0.49217172898352146]
1 0.494 [0.4937772920820862]
2 0.492 [0.49233318609185517]
3 0.531 [0.5305786330718547]
2026-04-21 06:42:14.125737 Sync done -> model run start
2026-04-21 06:42:14.137065 Sync done -> model run start
2026-04-21 06:42:14.151159 Sync done -> model run start
2026-04-21 06:42:14.157024 Sync done -> model run start
1 0.501 [0.501119539141655]
3 0.498 [0.49782898696139455]
2 0.504 [0.5037292640190572]
0 0.538 [0.5378632240463048]
2026-04-21 06:42:14.747452 Sync done -> model run start
net_times: [[0.304, 0.0, 3211264, 0], [0.022, 0.0, 3211264, 0], [2.811, 0.0, 3211264, 0], [4.314, 0.0, 3211264, 0], [3.823, 0.0, 3211264, 0]]
echo 'race4fun' | sudo -S sh -c 'journalctl --since "2026-04-21 06:41:58.263619" --until "2026-04-21 06:42:14.747452" -k -o short-iso '| grep -i -E 'throttle|throttled|thermal|cpufreq|under-voltage|voltage'
