ALL SYNC
2026-04-21 06:42:43.267574 Sync done -> model run start
2026-04-21 06:42:43.267563 Sync done -> model run start
2026-04-21 06:42:43.267563 Sync done -> model run start
2026-04-21 06:42:43.267816 Sync done -> model run start
0 0.033 [0.033326464937999845]
1 0.034 [0.03339901706203818]
2 0.034 [0.03339896514080465]
3 0.036 [0.03588358103297651]
2026-04-21 06:42:43.796237 Sync done -> model run start
2026-04-21 06:42:43.843871 Sync done -> model run start
2026-04-21 06:42:43.902555 Sync done -> model run start
2026-04-21 06:42:43.936511 Sync done -> model run start
0 0.024 [0.02311888593249023]
1 0.02 [0.019412925001233816]
2 0.014 [0.014029060024768114]
3 0.011 [0.010603148955851793]
2026-04-21 06:42:45.285842 Sync done -> model run start
2026-04-21 06:42:45.335390 Sync done -> model run start
2026-04-21 06:42:45.396114 Sync done -> model run start
2026-04-21 06:42:45.433354 Sync done -> model run start
0 0.022 [0.0223218088503927]
1 0.019 [0.019169592997059226]
2 0.015 [0.015165404882282019]
3 0.011 [0.010666845832020044]
2026-04-21 06:42:46.869839 Sync done -> model run start
2026-04-21 06:42:46.912577 Sync done -> model run start
2026-04-21 06:42:46.972045 Sync done -> model run start
2026-04-21 06:42:47.009906 Sync done -> model run start
0 0.022 [0.02132176491431892]
1 0.02 [0.019730370957404375]
2 0.016 [0.015406132908537984]
3 0.011 [0.0109895511996001]
2026-04-21 06:42:49.528071 Sync done -> model run start
2026-04-21 06:42:49.575607 Sync done -> model run start
2026-04-21 06:42:49.624087 Sync done -> model run start
2026-04-21 06:42:49.672048 Sync done -> model run start
0 0.023 [0.0223967048805207]
1 0.023 [0.02291367994621396]
2 0.015 [0.014784991974011064]
3 0.011 [0.010720387101173401]
2026-04-21 06:42:50.108595 Sync done -> model run start
net_times: [[0.294, 0.133, 12845056, 4581], [0.088, 1.054, 12845056, 4581], [0.081, 1.134, 12845056, 24046], [0.086, 0.954, 12845056, 70663], [1.311, 0.33, 12845056, 227334]]
echo 'race4fun' | sudo -S sh -c 'journalctl --since "2026-04-21 06:42:42.474845" --until "2026-04-21 06:42:50.108595" -k -o short-iso '| grep -i -E 'throttle|throttled|thermal|cpufreq|under-voltage|voltage'
