ALL SYNC
2026-04-21 06:42:46.938082 Sync done -> model run start
2026-04-21 06:42:46.938082 Sync done -> model run start
2026-04-21 06:42:46.938082 Sync done -> model run start
2026-04-21 06:42:46.938463 Sync done -> model run start
1 0.038 [0.037932584062218666]
2 0.038 [0.03816852020099759]
0 0.038 [0.03788404306396842]
2026-04-21 06:42:47.515110 Sync done -> model run start
2026-04-21 06:42:47.522817 Sync done -> model run start
2026-04-21 06:42:47.528903 Sync done -> model run start
2026-04-21 06:42:47.538743 Sync done -> model run start
1 0.006 [0.00568361091427505]
2 0.007 [0.0063792329747229815]
3 0.006 [0.00587980798445642]
0 0.005 [0.0048641900066286325]
2026-04-21 06:42:48.930941 Sync done -> model run start
2026-04-21 06:42:48.932354 Sync done -> model run start
2026-04-21 06:42:48.937841 Sync done -> model run start
2026-04-21 06:42:48.942814 Sync done -> model run start
0 0.007 [0.006376523990184069]
1 0.006 [0.005817621015012264]
2 0.006 [0.005567414918914437]
3 0.004 [0.003873310051858425]
2026-04-21 06:42:50.672697 Sync done -> model run start
2026-04-21 06:42:50.673750 Sync done -> model run start
2026-04-21 06:42:50.680135 Sync done -> model run start
2026-04-21 06:42:50.682603 Sync done -> model run start
0 0.006 [0.005989338969811797]
1 0.006 [0.005753350909799337]
2 0.005 [0.0052454371470957994]
3 0.004 [0.004170079017058015]
2026-04-21 06:42:53.118912 Sync done -> model run start
2026-04-21 06:42:53.119770 Sync done -> model run start
2026-04-21 06:42:53.122987 Sync done -> model run start
2026-04-21 06:42:53.126925 Sync done -> model run start
0 0.008 [0.007286726962774992]
1 0.007 [0.006961520062759519]
2 0.007 [0.007091364124789834]
3 0.007 [0.006494751898571849]
2026-04-21 06:42:53.201524 Sync done -> model run start
net_times: [[4.042, 0.0, 401408, 0], [0.392, 0.0, 401408, 0], [1.223, 0.0, 401408, 0], [1.57, 0.0, 401408, 0], [2.269, 0.0, 401408, 0]]
echo 'race4fun' | sudo -S sh -c 'journalctl --since "2026-04-21 06:42:42.476727" --until "2026-04-21 06:42:53.201524" -k -o short-iso '| grep -i -E 'throttle|throttled|thermal|cpufreq|under-voltage|voltage'
