ALL SYNC
2026-04-21 06:42:41.861206 Sync done -> model run start
2026-04-21 06:42:41.861207 Sync done -> model run start
2026-04-21 06:42:41.861206 Sync done -> model run start
2026-04-21 06:42:41.861221 Sync done -> model run start
1 0.129 [0.12921927496790886]
0 0.129 [0.1292190148960799]
3 0.129 [0.12922443193383515]
2 0.135 [0.13514125300571322]
2026-04-21 06:42:42.889299 Sync done -> model run start
2026-04-21 06:42:42.894349 Sync done -> model run start
2026-04-21 06:42:42.902774 Sync done -> model run start
2026-04-21 06:42:42.910821 Sync done -> model run start
0 0.088 [0.08822184195742011]
1 0.089 [0.08885470707900822]
2 0.1 [0.09935814002528787]
3 0.113 [0.11267527099698782]
2026-04-21 06:42:43.805475 Sync done -> model run start
2026-04-21 06:42:43.808241 Sync done -> model run start
2026-04-21 06:42:43.824256 Sync done -> model run start
2026-04-21 06:42:43.837576 Sync done -> model run start
1 0.082 [0.08210934489034116]
0 0.091 [0.09065428911708295]
2 0.097 [0.0964568390045315]
3 0.119 [0.11893563391640782]
2026-04-21 06:42:45.299219 Sync done -> model run start
2026-04-21 06:42:45.300871 Sync done -> model run start
2026-04-21 06:42:45.314637 Sync done -> model run start
2026-04-21 06:42:45.326826 Sync done -> model run start
0 0.087 [0.08689376898109913]
1 0.088 [0.08740329998545349]
2 0.098 [0.09815277601592243]
3 0.121 [0.12106224591843784]
2026-04-21 06:42:46.879954 Sync done -> model run start
2026-04-21 06:42:46.885902 Sync done -> model run start
2026-04-21 06:42:46.897322 Sync done -> model run start
2026-04-21 06:42:46.906131 Sync done -> model run start
0 0.088 [0.08824684098362923]
1 0.094 [0.09427491202950478]
2 0.104 [0.10428173211403191]
3 0.111 [0.11111651989631355]
2026-04-21 06:42:49.456923 Sync done -> model run start
net_times: [[0.0, 0.479, 0, 13923], [0.0, 0.441, 0, 13923], [0.0, 1.025, 0, 71969], [0.0, 1.103, 0, 258269], [0.0, 2.154, 0, 984565]]
echo 'race4fun' | sudo -S sh -c 'journalctl --since "2026-04-21 06:42:41.460266" --until "2026-04-21 06:42:49.456923" -k -o short-iso '| grep -i -E 'throttle|throttled|thermal|cpufreq|under-voltage|voltage'
