ALL SYNC
2026-04-21 06:42:45.849688 Sync done -> model run start
2026-04-21 06:42:45.849753 Sync done -> model run start
2026-04-21 06:42:45.850012 Sync done -> model run start
2026-04-21 06:42:45.850200 Sync done -> model run start
0 0.397 [0.39678849489428103]
1 0.395 [0.3944210559129715]
2 0.389 [0.38917685812339187]
3 0.416 [0.4159729511011392]
2026-04-21 06:42:46.814421 Sync done -> model run start
2026-04-21 06:42:46.816905 Sync done -> model run start
2026-04-21 06:42:46.822574 Sync done -> model run start
2026-04-21 06:42:46.847167 Sync done -> model run start
1 0.323 [0.32225764100439847]
0 0.323 [0.3231251381803304]
2 0.323 [0.32286425307393074]
3 0.345 [0.34521546796895564]
2026-04-21 06:42:48.223054 Sync done -> model run start
2026-04-21 06:42:48.230168 Sync done -> model run start
2026-04-21 06:42:48.240419 Sync done -> model run start
2026-04-21 06:42:48.250887 Sync done -> model run start
0 0.322 [0.3218188928440213]
2 0.322 [0.3220139970071614]
3 0.322 [0.32161920610815287]
1 0.321 [0.3208466051146388]
2026-04-21 06:42:49.961099 Sync done -> model run start
2026-04-21 06:42:49.965604 Sync done -> model run start
2026-04-21 06:42:49.971095 Sync done -> model run start
2026-04-21 06:42:49.978647 Sync done -> model run start
0 0.348 [0.3477382189594209]
1 0.348 [0.3481217061635107]
2 0.348 [0.3483472268562764]
3 0.349 [0.3484718620311469]
2026-04-21 06:42:52.297527 Sync done -> model run start
2026-04-21 06:42:52.302445 Sync done -> model run start
2026-04-21 06:42:52.311597 Sync done -> model run start
2026-04-21 06:42:52.316903 Sync done -> model run start
0 0.323 [0.32283696299418807]
1 0.323 [0.3230776390992105]
2 0.328 [0.3276686619501561]
3 0.322 [0.3223819120321423]
2026-04-21 06:42:53.059398 Sync done -> model run start
net_times: [[2.526, 0.193, 1605632, 99176], [0.014, 0.213, 1605632, 99176], [0.496, 0.241, 1605632, 126974], [0.815, 0.238, 1605632, 126868], [1.409, 0.341, 1605632, 163277]]
echo 'race4fun' | sudo -S sh -c 'journalctl --since "2026-04-21 06:42:42.473877" --until "2026-04-21 06:42:53.059398" -k -o short-iso '| grep -i -E 'throttle|throttled|thermal|cpufreq|under-voltage|voltage'
