ALL SYNC
2026-04-21 06:42:44.034450 Sync done -> model run start
2026-04-21 06:42:44.034450 Sync done -> model run start
2026-04-21 06:42:44.034644 Sync done -> model run start
2026-04-21 06:42:44.034653 Sync done -> model run start
2 0.478 [0.4782468799967319]
1 0.483 [0.4827086329460144]
3 0.483 [0.48283358104526997]
0 0.53 [0.5298375058919191]
2026-04-21 06:42:45.168220 Sync done -> model run start
2026-04-21 06:42:45.168220 Sync done -> model run start
2026-04-21 06:42:45.181608 Sync done -> model run start
2026-04-21 06:42:45.197234 Sync done -> model run start
1 0.424 [0.42437209701165557]
2 0.444 [0.4440967570990324]
3 0.473 [0.47252742387354374]
0 0.424 [0.424372305162251]
2026-04-21 06:42:46.743354 Sync done -> model run start
2026-04-21 06:42:46.743354 Sync done -> model run start
2026-04-21 06:42:46.769289 Sync done -> model run start
2026-04-21 06:42:46.769296 Sync done -> model run start
0 0.444 [0.4433749371673912]
1 0.444 [0.4438943099230528]
2 0.464 [0.4638212090358138]
3 0.446 [0.44544508401304483]
2026-04-21 06:42:48.152747 Sync done -> model run start
2026-04-21 06:42:48.152735 Sync done -> model run start
2026-04-21 06:42:48.166378 Sync done -> model run start
2026-04-21 06:42:48.181087 Sync done -> model run start
0 0.425 [0.42440381506457925]
1 0.425 [0.42440350190736353]
2 0.429 [0.42844989197328687]
3 0.431 [0.43075160193257034]
2026-04-21 06:42:50.178639 Sync done -> model run start
2026-04-21 06:42:50.186125 Sync done -> model run start
2026-04-21 06:42:50.196225 Sync done -> model run start
2026-04-21 06:42:50.208922 Sync done -> model run start
1 0.422 [0.42204382503405213]
2 0.425 [0.42460532509721816]
3 0.464 [0.4642025090288371]
0 0.429 [0.42913067201152444]
2026-04-21 06:42:52.085148 Sync done -> model run start
net_times: [[1.076, 0.384, 3211264, 161952], [0.022, 0.85, 3211264, 161952], [0.02, 0.701, 3211264, 370531], [0.021, 1.062, 3211264, 584019], [0.318, 1.329, 3211264, 739503]]
echo 'race4fun' | sudo -S sh -c 'journalctl --since "2026-04-21 06:42:42.477084" --until "2026-04-21 06:42:52.085148" -k -o short-iso '| grep -i -E 'throttle|throttled|thermal|cpufreq|under-voltage|voltage'
