ALL SYNC
2026-04-21 07:08:16.134204 Sync done -> model run start
2026-04-21 07:08:16.134203 Sync done -> model run start
2026-04-21 07:08:16.134203 Sync done -> model run start
2026-04-21 07:08:16.158037 Sync done -> model run start
0 2.451 [2.4504256299696863]
1 2.46 [2.459427625173703]
2 2.466 [2.4653511429205537]
3 2.537 [2.537096015876159]
2026-04-21 07:08:24.880143 Sync done -> model run start
2026-04-21 07:08:24.880143 Sync done -> model run start
2026-04-21 07:08:24.913527 Sync done -> model run start
2026-04-21 07:08:24.942745 Sync done -> model run start
1 2.391 [2.391227788059041]
2 2.422 [2.4213830849621445]
3 2.498 [2.4978781999088824]
0 2.391 [2.3912277361378074]
2026-04-21 07:08:31.723852 Sync done -> model run start
2026-04-21 07:08:31.734714 Sync done -> model run start
2026-04-21 07:08:31.752737 Sync done -> model run start
2026-04-21 07:08:31.752737 Sync done -> model run start
2 2.375 [2.374778737081215]
3 2.39 [2.389912531012669]
1 2.471 [2.47104861587286]
0 2.379 [2.378806480905041]
2026-04-21 07:08:35.367407 Sync done -> model run start
2026-04-21 07:08:35.383108 Sync done -> model run start
2026-04-21 07:08:35.383108 Sync done -> model run start
2026-04-21 07:08:35.401493 Sync done -> model run start
1 2.339 [2.338901324896142]
2 2.345 [2.3451778111048043]
3 2.351 [2.3508860180154443]
0 2.457 [2.456370340893045]
2026-04-21 07:08:38.945337 Sync done -> model run start
2026-04-21 07:08:38.968252 Sync done -> model run start
2026-04-21 07:08:38.982417 Sync done -> model run start
2026-04-21 07:08:38.999015 Sync done -> model run start
2 2.341 [2.3407160569913685]
3 2.386 [2.386250304058194]
1 2.448 [2.447673082118854]
0 2.337 [2.336448156973347]
2026-04-21 07:08:41.723097 Sync done -> model run start
net_times: [[26.232, 5.187, 4841472, 4507245], [0.029, 3.28, 4841472, 4735], [0.025, 0.157, 4841472, 4735], [0.024, 0.155, 4841472, 4735], [0.025, 0.18, 4841472, 4735]]
echo 'race4fun' | sudo -S sh -c 'journalctl --since "2026-04-21 07:07:48.060038" --until "2026-04-21 07:08:41.723097" -k -o short-iso '| grep -i -E 'throttle|throttled|thermal|cpufreq|under-voltage|voltage'
