ALL SYNC
2026-04-21 07:07:48.849440 Sync done -> model run start
2026-04-21 07:07:48.849440 Sync done -> model run start
2026-04-21 07:07:48.849440 Sync done -> model run start
2026-04-21 07:07:48.856770 Sync done -> model run start
1 2.823 [2.822938981000334]
0 2.841 [2.840420260094106]
3 2.829 [2.8289756930898875]
2 2.962 [2.9616302018985152]
2026-04-21 07:08:01.833184 Sync done -> model run start
2026-04-21 07:08:01.833184 Sync done -> model run start
2026-04-21 07:08:01.850762 Sync done -> model run start
2026-04-21 07:08:01.893972 Sync done -> model run start
1 2.087 [2.0866647041402757]
2 2.109 [2.1086713410913944]
3 2.188 [2.1880316000897437]
0 2.087 [2.0866643919143826]
2026-04-21 07:08:15.202280 Sync done -> model run start
2026-04-21 07:08:15.202267 Sync done -> model run start
2026-04-21 07:08:15.237076 Sync done -> model run start
2026-04-21 07:08:15.260104 Sync done -> model run start
0 2.092 [2.091952350921929]
1 2.092 [2.0919406320899725]
3 2.103 [2.1025004610419273]
2 2.186 [2.1857247760053724]
2026-04-21 07:08:24.884216 Sync done -> model run start
2026-04-21 07:08:24.884216 Sync done -> model run start
2026-04-21 07:08:24.905840 Sync done -> model run start
2026-04-21 07:08:24.913183 Sync done -> model run start
2 2.091 [2.090802505845204]
0 2.091 [2.0908026099205017]
3 2.109 [2.1090199819300324]
1 2.216 [2.215851348824799]
2026-04-21 07:08:31.736160 Sync done -> model run start
2026-04-21 07:08:31.736160 Sync done -> model run start
2026-04-21 07:08:31.765855 Sync done -> model run start
2026-04-21 07:08:31.792411 Sync done -> model run start
1 2.101 [2.101281292969361]
0 2.101 [2.101278323912993]
3 2.122 [2.122083661146462]
2 2.169 [2.168325369944796]
2026-04-21 07:08:34.632803 Sync done -> model run start
net_times: [[0.0, 9.183, 0, 4529019], [0.0, 10.261, 0, 4735], [0.0, 6.564, 0, 4735], [0.0, 3.736, 0, 4735], [0.0, 0.553, 0, 4735]]
echo 'race4fun' | sudo -S sh -c 'journalctl --since "2026-04-21 07:07:47.064048" --until "2026-04-21 07:08:34.632803" -k -o short-iso '| grep -i -E 'throttle|throttled|thermal|cpufreq|under-voltage|voltage'
