ALL SYNC
2026-04-21 07:06:40.675833 Sync done -> model run start
2026-04-21 07:06:40.675833 Sync done -> model run start
2026-04-21 07:06:40.675833 Sync done -> model run start
2026-04-21 07:06:40.675833 Sync done -> model run start
0 4.499 [4.499237396987155]
1 4.456 [4.45578089193441]
3 4.583 [4.583001452032477]
2 4.592 [4.592071388149634]
2026-04-21 07:06:55.462077 Sync done -> model run start
2026-04-21 07:06:55.470181 Sync done -> model run start
2026-04-21 07:06:55.477491 Sync done -> model run start
2026-04-21 07:06:55.490952 Sync done -> model run start
0 3.575 [3.57462903810665]
3 3.596 [3.595454167108983]
2 3.608 [3.6073170150630176]
1 3.72 [3.7195421780925244]
2026-04-21 07:07:02.005179 Sync done -> model run start
2026-04-21 07:07:02.009985 Sync done -> model run start
2026-04-21 07:07:02.032236 Sync done -> model run start
2026-04-21 07:07:02.096006 Sync done -> model run start
0 3.591 [3.5910707840230316]
1 3.589 [3.588739381171763]
2 3.609 [3.6086650320794433]
3 3.718 [3.7183471771422774]
2026-04-21 07:07:07.283449 Sync done -> model run start
2026-04-21 07:07:07.285932 Sync done -> model run start
2026-04-21 07:07:07.310712 Sync done -> model run start
2026-04-21 07:07:07.369732 Sync done -> model run start
1 3.597 [3.596616294933483]
0 3.596 [3.595621870132163]
2 3.617 [3.616430488182232]
3 3.733 [3.732670697150752]
2026-04-21 07:07:12.611345 Sync done -> model run start
2026-04-21 07:07:12.611514 Sync done -> model run start
2026-04-21 07:07:12.644037 Sync done -> model run start
2026-04-21 07:07:12.685631 Sync done -> model run start
1 3.608 [3.607789507834241]
0 3.608 [3.6077896119095385]
3 3.629 [3.6287070841062814]
2 3.752 [3.7515924929175526]
2026-04-21 07:07:16.727671 Sync done -> model run start
net_times: [[0.0, 8.805, 0, 4496250], [0.0, 1.496, 0, 4735], [0.0, 0.163, 0, 4735], [0.0, 0.172, 0, 4735], [0.0, 0.159, 0, 4735]]
echo 'race4fun' | sudo -S sh -c 'journalctl --since "2026-04-21 07:06:37.837282" --until "2026-04-21 07:07:16.727671" -k -o short-iso '| grep -i -E 'throttle|throttled|thermal|cpufreq|under-voltage|voltage'
