ALL SYNC
2026-04-21 07:06:56.892002 Sync done -> model run start
2026-04-21 07:06:56.892525 Sync done -> model run start
2026-04-21 07:06:56.923103 Sync done -> model run start
2026-04-21 07:06:56.928440 Sync done -> model run start
2 3.532 [3.5317736209835857]
1 3.583 [3.5829526078887284]
0 3.649 [3.649203914217651]
3 3.709 [3.7088379859924316]
2026-04-21 07:07:01.978840 Sync done -> model run start
2026-04-21 07:07:01.982938 Sync done -> model run start
2026-04-21 07:07:02.074932 Sync done -> model run start
2026-04-21 07:07:02.077019 Sync done -> model run start
0 3.56 [3.5595647238660604]
1 3.559 [3.5589834270067513]
2 3.555 [3.5546559649519622]
3 3.674 [3.674129575956613]
2026-04-21 07:07:07.275314 Sync done -> model run start
2026-04-21 07:07:07.313851 Sync done -> model run start
2026-04-21 07:07:07.341628 Sync done -> model run start
2026-04-21 07:07:07.354042 Sync done -> model run start
0 3.522 [3.5221268041059375]
2 3.52 [3.519912241026759]
3 3.528 [3.5278751410078257]
1 3.645 [3.6453200730029494]
2026-04-21 07:07:12.581571 Sync done -> model run start
2026-04-21 07:07:12.605799 Sync done -> model run start
2026-04-21 07:07:12.616875 Sync done -> model run start
2026-04-21 07:07:12.667961 Sync done -> model run start
0 3.519 [3.5190589011181146]
1 3.522 [3.52146143396385]
2 3.53 [3.52938746009022]
3 3.614 [3.613487157970667]
2026-04-21 07:07:17.882942 Sync done -> model run start
2026-04-21 07:07:17.894701 Sync done -> model run start
2026-04-21 07:07:17.967395 Sync done -> model run start
2026-04-21 07:07:17.976680 Sync done -> model run start
0 3.506 [3.506145615130663]
1 3.525 [3.524632384069264]
2 3.488 [3.487623950932175]
3 3.591 [3.5911965030245483]
2026-04-21 07:07:21.667424 Sync done -> model run start
net_times: [[15.318, 0.0, 4841472, 0], [0.032, 0.0, 4841472, 0], [0.184, 0.0, 4841472, 0], [0.261, 0.0, 4841472, 0], [0.293, 0.0, 4841472, 0]]
echo 'race4fun' | sudo -S sh -c 'journalctl --since "2026-04-21 07:06:38.849712" --until "2026-04-21 07:07:21.667424" -k -o short-iso '| grep -i -E 'throttle|throttled|thermal|cpufreq|under-voltage|voltage'
