ALL SYNC
2026-04-21 07:08:31.203881 Sync done -> model run start
2026-04-21 07:08:31.203872 Sync done -> model run start
2026-04-21 07:08:31.203876 Sync done -> model run start
2026-04-21 07:08:31.203872 Sync done -> model run start
3 0.028 [0.027706608874723315]
0 0.028 [0.027704578824341297]
2 0.028 [0.027705307817086577]
1 0.029 [0.028913791058585048]
2026-04-21 07:08:32.015168 Sync done -> model run start
2026-04-21 07:08:32.023413 Sync done -> model run start
2026-04-21 07:08:32.033824 Sync done -> model run start
2026-04-21 07:08:32.040609 Sync done -> model run start
1 0.005 [0.004768982995301485]
2 0.004 [0.003861070843413472]
3 0.003 [0.0029127439484000206]
0 0.006 [0.005342990159988403]
2026-04-21 07:08:35.670429 Sync done -> model run start
2026-04-21 07:08:35.677077 Sync done -> model run start
2026-04-21 07:08:35.685951 Sync done -> model run start
2026-04-21 07:08:35.693607 Sync done -> model run start
1 0.006 [0.005387833109125495]
0 0.006 [0.006004444090649486]
2 0.004 [0.004225756041705608]
3 0.003 [0.0028965980745851994]
2026-04-21 07:08:39.300571 Sync done -> model run start
2026-04-21 07:08:39.303835 Sync done -> model run start
2026-04-21 07:08:39.312145 Sync done -> model run start
2026-04-21 07:08:39.319622 Sync done -> model run start
1 0.007 [0.006468817126005888]
0 0.006 [0.006142985075712204]
2 0.005 [0.0047332539688795805]
3 0.003 [0.0029365981463342905]
2026-04-21 07:08:42.916785 Sync done -> model run start
2026-04-21 07:08:42.925149 Sync done -> model run start
2026-04-21 07:08:42.935753 Sync done -> model run start
2026-04-21 07:08:42.940699 Sync done -> model run start
0 0.006 [0.005989756900817156]
1 0.007 [0.007142510963603854]
3 0.003 [0.003339512040838599]
2 0.004 [0.003987634088844061]
2026-04-21 07:08:43.014039 Sync done -> model run start
net_times: [[42.684, 0.0, 2420736, 0], [0.61, 0.0, 2420736, 0], [3.47, 0.0, 2420736, 0], [3.383, 0.0, 2420736, 0], [3.426, 0.0, 2420736, 0]]
echo 'race4fun' | sudo -S sh -c 'journalctl --since "2026-04-21 07:07:48.060532" --until "2026-04-21 07:08:43.014039" -k -o short-iso '| grep -i -E 'throttle|throttled|thermal|cpufreq|under-voltage|voltage'
