ALL SYNC
2026-04-21 07:08:02.813110 Sync done -> model run start
2026-04-21 07:08:02.813110 Sync done -> model run start
2026-04-21 07:08:02.822686 Sync done -> model run start
2026-04-21 07:08:02.823376 Sync done -> model run start
3 2.21 [2.209673608886078]
0 2.227 [2.2271908579859883]
2 2.233 [2.233207317069173]
1 2.325 [2.324611543910578]
2026-04-21 07:08:15.158214 Sync done -> model run start
2026-04-21 07:08:15.171810 Sync done -> model run start
2026-04-21 07:08:15.190764 Sync done -> model run start
2026-04-21 07:08:15.251174 Sync done -> model run start
0 2.124 [2.124190164031461]
1 2.116 [2.1158718490041792]
2 2.135 [2.1352574140764773]
3 2.169 [2.1687570801004767]
2026-04-21 07:08:24.857871 Sync done -> model run start
2026-04-21 07:08:24.900251 Sync done -> model run start
2026-04-21 07:08:24.921427 Sync done -> model run start
2026-04-21 07:08:24.937488 Sync done -> model run start
0 2.113 [2.1129402450751513]
2 2.105 [2.1047729700803757]
3 2.113 [2.1132147749885917]
1 2.157 [2.1571270611602813]
2026-04-21 07:08:31.693487 Sync done -> model run start
2026-04-21 07:08:31.693488 Sync done -> model run start
2026-04-21 07:08:31.735713 Sync done -> model run start
2026-04-21 07:08:31.752164 Sync done -> model run start
0 2.139 [2.13926296797581]
2 2.139 [2.1384902130812407]
1 2.134 [2.1342682181857526]
3 2.218 [2.2179133489262313]
2026-04-21 07:08:35.382731 Sync done -> model run start
2026-04-21 07:08:35.402733 Sync done -> model run start
2026-04-21 07:08:35.403980 Sync done -> model run start
2026-04-21 07:08:35.427394 Sync done -> model run start
0 2.114 [2.113586583174765]
1 2.116 [2.116115676937625]
2 2.144 [2.144098878838122]
3 2.21 [2.2096847351640463]
2026-04-21 07:08:38.164889 Sync done -> model run start
net_times: [[13.037, 9.071, 4841472, 4523527], [0.054, 6.527, 4841472, 4735], [0.025, 3.702, 4841472, 4735], [0.024, 0.482, 4841472, 4735], [0.026, 0.419, 4841472, 4735]]
echo 'race4fun' | sudo -S sh -c 'journalctl --since "2026-04-21 07:07:48.036022" --until "2026-04-21 07:08:38.164889" -k -o short-iso '| grep -i -E 'throttle|throttled|thermal|cpufreq|under-voltage|voltage'
