ALL SYNC
2026-04-21 07:08:24.770301 Sync done -> model run start
2026-04-21 07:08:24.770301 Sync done -> model run start
2026-04-21 07:08:24.771490 Sync done -> model run start
2026-04-21 07:08:24.772229 Sync done -> model run start
0 1.14 [1.1402213659603149]
2 1.132 [1.1318969160784036]
3 1.216 [1.2154777620453387]
1 1.217 [1.216790362028405]
2026-04-21 07:08:31.087368 Sync done -> model run start
2026-04-21 07:08:31.108272 Sync done -> model run start
2026-04-21 07:08:31.124300 Sync done -> model run start
2026-04-21 07:08:31.143290 Sync done -> model run start
0 0.597 [0.5971027980558574]
1 0.597 [0.5969862870406359]
2 0.599 [0.5992701849900186]
3 0.652 [0.6517420280724764]
2026-04-21 07:08:34.736626 Sync done -> model run start
2026-04-21 07:08:34.756247 Sync done -> model run start
2026-04-21 07:08:34.777832 Sync done -> model run start
2026-04-21 07:08:34.796641 Sync done -> model run start
1 0.634 [0.634149954887107]
2 0.636 [0.6358371879905462]
3 0.636 [0.6358200530521572]
0 0.711 [0.7104384819976985]
2026-04-21 07:08:38.347912 Sync done -> model run start
2026-04-21 07:08:38.363191 Sync done -> model run start
2026-04-21 07:08:38.383033 Sync done -> model run start
2026-04-21 07:08:38.399834 Sync done -> model run start
0 0.609 [0.6084551510866731]
3 0.597 [0.597049618838355]
2 0.651 [0.6506739039905369]
1 0.598 [0.5975079510826617]
2026-04-21 07:08:41.983966 Sync done -> model run start
2026-04-21 07:08:42.007342 Sync done -> model run start
2026-04-21 07:08:42.032261 Sync done -> model run start
2026-04-21 07:08:42.049574 Sync done -> model run start
0 0.606 [0.6059109400957823]
1 0.604 [0.60406688391231]
3 0.597 [0.5968030558433384]
2 0.647 [0.6468364701140672]
2026-04-21 07:08:42.858549 Sync done -> model run start
net_times: [[35.904, 4.642, 4841472, 2252488], [0.029, 0.081, 4841472, 2375], [2.497, 0.078, 4841472, 2375], [2.449, 0.091, 4841472, 2375], [2.469, 0.077, 4841472, 2375]]
echo 'race4fun' | sudo -S sh -c 'journalctl --since "2026-04-21 07:07:48.061210" --until "2026-04-21 07:08:42.858549" -k -o short-iso '| grep -i -E 'throttle|throttled|thermal|cpufreq|under-voltage|voltage'
