ALL SYNC
2026-04-21 07:14:37.561646 Sync done -> model run start
2026-04-21 07:14:37.561646 Sync done -> model run start
2026-04-21 07:14:37.563031 Sync done -> model run start
2026-04-21 07:14:37.617612 Sync done -> model run start
2 6.584 [6.5842322199605405]
0 6.662 [6.661994638852775]
1 6.684 [6.683345029130578]
3 6.885 [6.884480791166425]
2026-04-21 07:14:45.883937 Sync done -> model run start
2026-04-21 07:14:45.930458 Sync done -> model run start
2026-04-21 07:14:45.988885 Sync done -> model run start
2026-04-21 07:14:46.015046 Sync done -> model run start
0 3.656 [3.656244046986103]
3 3.553 [3.5526803168468177]
2 3.645 [3.6452648169361055]
1 3.732 [3.7320653789211065]
2026-04-21 07:14:51.092719 Sync done -> model run start
2026-04-21 07:14:51.105683 Sync done -> model run start
2026-04-21 07:14:51.127424 Sync done -> model run start
2026-04-21 07:14:51.192119 Sync done -> model run start
0 3.471 [3.470424421830103]
1 3.473 [3.4730588390957564]
2 3.48 [3.479781158035621]
3 3.591 [3.5909760571084917]
2026-04-21 07:14:56.540088 Sync done -> model run start
2026-04-21 07:14:56.540088 Sync done -> model run start
2026-04-21 07:14:56.540097 Sync done -> model run start
2026-04-21 07:14:56.598215 Sync done -> model run start
1 3.57 [3.5698795169591904]
2 3.575 [3.574994914000854]
3 3.572 [3.571567635051906]
0 3.694 [3.6937788468785584]
2026-04-21 07:15:01.612278 Sync done -> model run start
2026-04-21 07:15:01.638503 Sync done -> model run start
2026-04-21 07:15:01.684688 Sync done -> model run start
2026-04-21 07:15:01.712073 Sync done -> model run start
0 3.496 [3.495950464857742]
1 3.513 [3.5125647261738777]
3 3.495 [3.4948754168581218]
2 3.609 [3.608666659099981]
2026-04-21 07:15:05.417163 Sync done -> model run start
net_times: [[15.56, 0.0, 4841472, 0], [0.031, 0.0, 4841472, 0], [0.108, 0.0, 4841472, 0], [0.29, 0.0, 4841472, 0], [0.098, 0.0, 4841472, 0]]
echo 'race4fun' | sudo -S sh -c 'journalctl --since "2026-04-21 07:14:19.364352" --until "2026-04-21 07:15:05.417163" -k -o short-iso '| grep -i -E 'throttle|throttled|thermal|cpufreq|under-voltage|voltage'
