ALL SYNC
2026-04-21 07:15:45.426244 Sync done -> model run start
2026-04-21 07:15:45.426240 Sync done -> model run start
2026-04-21 07:15:45.426240 Sync done -> model run start
2026-04-21 07:15:45.447930 Sync done -> model run start
0 2.255 [2.2547872711438686]
1 2.255 [2.2547870110720396]
2 2.28 [2.280064833117649]
3 2.342 [2.3418867429718375]
2026-04-21 07:15:53.847399 Sync done -> model run start
2026-04-21 07:15:53.859854 Sync done -> model run start
2026-04-21 07:15:53.884258 Sync done -> model run start
2026-04-21 07:15:53.884258 Sync done -> model run start
1 2.124 [2.123850710922852]
2 2.127 [2.1267763648647815]
3 2.134 [2.133503656135872]
0 2.214 [2.2139193781185895]
2026-04-21 07:16:03.644956 Sync done -> model run start
2026-04-21 07:16:03.645710 Sync done -> model run start
2026-04-21 07:16:03.681156 Sync done -> model run start
2026-04-21 07:16:03.735453 Sync done -> model run start
1 2.159 [2.1588127450086176]
0 2.16 [2.159637112170458]
2 2.169 [2.1688257378991693]
3 2.247 [2.2463871091604233]
2026-04-21 07:16:10.742145 Sync done -> model run start
2026-04-21 07:16:10.779507 Sync done -> model run start
2026-04-21 07:16:10.796559 Sync done -> model run start
2026-04-21 07:16:10.800140 Sync done -> model run start
1 2.127 [2.1267362888902426]
2 2.127 [2.1270901919342577]
3 2.159 [2.1590616598259658]
0 2.193 [2.192598585039377]
2026-04-21 07:16:14.374106 Sync done -> model run start
2026-04-21 07:16:14.376608 Sync done -> model run start
2026-04-21 07:16:14.405222 Sync done -> model run start
2026-04-21 07:16:14.408702 Sync done -> model run start
2 2.15 [2.149579761084169]
1 2.18 [2.1799089510459453]
3 2.153 [2.1528438499663025]
0 2.22 [2.220271081896499]
2026-04-21 07:16:17.189466 Sync done -> model run start
net_times: [[11.932, 5.139, 4841472, 4523527], [0.029, 6.599, 4841472, 4735], [0.032, 3.876, 4841472, 4735], [0.024, 0.444, 4841472, 4735], [0.026, 0.448, 4841472, 4735]]
echo 'race4fun' | sudo -S sh -c 'journalctl --since "2026-04-21 07:15:31.731358" --until "2026-04-21 07:16:17.189466" -k -o short-iso '| grep -i -E 'throttle|throttled|thermal|cpufreq|under-voltage|voltage'
