ALL SYNC
2026-04-21 07:14:21.213991 Sync done -> model run start
2026-04-21 07:14:21.213987 Sync done -> model run start
2026-04-21 07:14:21.214001 Sync done -> model run start
2026-04-21 07:14:21.237690 Sync done -> model run start
1 4.594 [4.593746599042788]
2 4.556 [4.555652622133493]
0 4.686 [4.685936855850741]
3 4.689 [4.688786276848987]
2026-04-21 07:14:36.181591 Sync done -> model run start
2026-04-21 07:14:36.181591 Sync done -> model run start
2026-04-21 07:14:36.188619 Sync done -> model run start
2026-04-21 07:14:36.233134 Sync done -> model run start
1 3.646 [3.645878426032141]
0 3.646 [3.645646551158279]
2 3.654 [3.654108407208696]
3 3.786 [3.7853342038579285]
2026-04-21 07:14:45.940934 Sync done -> model run start
2026-04-21 07:14:45.951360 Sync done -> model run start
2026-04-21 07:14:45.969445 Sync done -> model run start
2026-04-21 07:14:45.970429 Sync done -> model run start
1 3.531 [3.530429936014116]
3 3.549 [3.5490281749516726]
0 3.667 [3.6670104099903256]
2 3.53 [3.529878582106903]
2026-04-21 07:14:51.093685 Sync done -> model run start
2026-04-21 07:14:51.093685 Sync done -> model run start
2026-04-21 07:14:51.114296 Sync done -> model run start
2026-04-21 07:14:51.161138 Sync done -> model run start
0 3.614 [3.6139791500754654]
2 3.637 [3.636706495890394]
3 3.764 [3.763847982045263]
1 3.614 [3.6139795670751482]
2026-04-21 07:14:56.406977 Sync done -> model run start
2026-04-21 07:14:56.406991 Sync done -> model run start
2026-04-21 07:14:56.434583 Sync done -> model run start
2026-04-21 07:14:56.455135 Sync done -> model run start
2 3.607 [3.607096327934414]
3 3.633 [3.6331086659338325]
0 3.745 [3.7443700858857483]
1 3.607 [3.6070963800884783]
2026-04-21 07:15:00.478500 Sync done -> model run start
net_times: [[0.0, 8.897, 0, 4496250], [0.0, 4.559, 0, 4735], [0.0, 0.163, 0, 4735], [0.0, 0.178, 0, 4735], [0.0, 0.158, 0, 4735]]
echo 'race4fun' | sudo -S sh -c 'journalctl --since "2026-04-21 07:14:18.372709" --until "2026-04-21 07:15:00.478500" -k -o short-iso '| grep -i -E 'throttle|throttled|thermal|cpufreq|under-voltage|voltage'
