ALL SYNC
2026-04-21 07:16:10.268719 Sync done -> model run start
2026-04-21 07:16:10.268719 Sync done -> model run start
2026-04-21 07:16:10.268719 Sync done -> model run start
2026-04-21 07:16:10.270962 Sync done -> model run start
1 0.03 [0.030026958091184497]
0 0.03 [0.030031749978661537]
2 0.027 [0.02723161014728248]
3 0.03 [0.030025240033864975]
2026-04-21 07:16:11.011111 Sync done -> model run start
2026-04-21 07:16:11.017856 Sync done -> model run start
2026-04-21 07:16:11.029332 Sync done -> model run start
2026-04-21 07:16:11.035764 Sync done -> model run start
0 0.005 [0.005139761138707399]
1 0.005 [0.005057105794548988]
2 0.004 [0.0039035710506141186]
3 0.003 [0.003030241932719946]
2026-04-21 07:16:14.666037 Sync done -> model run start
2026-04-21 07:16:14.672634 Sync done -> model run start
2026-04-21 07:16:14.680771 Sync done -> model run start
2026-04-21 07:16:14.688879 Sync done -> model run start
0 0.006 [0.005986526841297746]
1 0.006 [0.005639550043269992]
2 0.004 [0.004257682943716645]
3 0.003 [0.0029407639522105455]
2026-04-21 07:16:18.286751 Sync done -> model run start
2026-04-21 07:16:18.295417 Sync done -> model run start
2026-04-21 07:16:18.305150 Sync done -> model run start
2026-04-21 07:16:18.311149 Sync done -> model run start
1 0.006 [0.006298035848885775]
2 0.004 [0.0040343510918319225]
0 0.007 [0.007015270879492164]
2026-04-21 07:16:21.891432 Sync done -> model run start
2026-04-21 07:16:21.897809 Sync done -> model run start
2026-04-21 07:16:21.903894 Sync done -> model run start
2026-04-21 07:16:21.912612 Sync done -> model run start
0 0.006 [0.005873559042811394]
1 0.006 [0.006100588943809271]
2 0.005 [0.004789189901202917]
3 0.003 [0.0029982109554111958]
2026-04-21 07:16:21.989865 Sync done -> model run start
net_times: [[38.071, 0.0, 2420736, 0], [0.559, 0.0, 2420736, 0], [3.477, 0.0, 2420736, 0], [3.408, 0.0, 2420736, 0], [3.413, 0.0, 2420736, 0]]
echo 'race4fun' | sudo -S sh -c 'journalctl --since "2026-04-21 07:15:31.729187" --until "2026-04-21 07:16:21.989865" -k -o short-iso '| grep -i -E 'throttle|throttled|thermal|cpufreq|under-voltage|voltage'
