ALL SYNC
2026-04-21 07:16:03.528504 Sync done -> model run start
2026-04-21 07:16:03.528504 Sync done -> model run start
2026-04-21 07:16:03.528504 Sync done -> model run start
2026-04-21 07:16:03.530252 Sync done -> model run start
2 1.146 [1.1453558241482824]
3 1.151 [1.150443617021665]
1 1.152 [1.1513695509638637]
0 1.216 [1.2154296759981662]
2026-04-21 07:16:10.140702 Sync done -> model run start
2026-04-21 07:16:10.158334 Sync done -> model run start
2026-04-21 07:16:10.179026 Sync done -> model run start
2026-04-21 07:16:10.198621 Sync done -> model run start
0 0.601 [0.6012786368373781]
1 0.605 [0.6046934688929468]
2 0.602 [0.6019976967945695]
3 0.602 [0.6018568119034171]
2026-04-21 07:16:13.777280 Sync done -> model run start
2026-04-21 07:16:13.801476 Sync done -> model run start
2026-04-21 07:16:13.819005 Sync done -> model run start
2026-04-21 07:16:13.838622 Sync done -> model run start
1 0.596 [0.5956990220583975]
0 0.6 [0.5999562980141491]
3 0.598 [0.5979663049802184]
2 0.602 [0.6021709779743105]
2026-04-21 07:16:17.364904 Sync done -> model run start
2026-04-21 07:16:17.387662 Sync done -> model run start
2026-04-21 07:16:17.405077 Sync done -> model run start
2026-04-21 07:16:17.425364 Sync done -> model run start
0 0.6 [0.5995358820073307]
1 0.599 [0.5993037489242852]
2 0.599 [0.5985538030508906]
3 0.599 [0.5990382279269397]
2026-04-21 07:16:20.994377 Sync done -> model run start
2026-04-21 07:16:21.018330 Sync done -> model run start
2026-04-21 07:16:21.031030 Sync done -> model run start
2026-04-21 07:16:21.049579 Sync done -> model run start
0 0.614 [0.6136268710251898]
1 0.602 [0.6018819669261575]
2 0.602 [0.6017794681247324]
3 0.612 [0.6119528668932617]
2026-04-21 07:16:21.834039 Sync done -> model run start
net_times: [[30.986, 4.983, 4841472, 2252488], [0.029, 0.081, 4841472, 2375], [2.524, 0.078, 4841472, 2375], [2.479, 0.095, 4841472, 2375], [2.48, 0.077, 4841472, 2375]]
echo 'race4fun' | sudo -S sh -c 'journalctl --since "2026-04-21 07:15:31.731396" --until "2026-04-21 07:16:21.834039" -k -o short-iso '| grep -i -E 'throttle|throttled|thermal|cpufreq|under-voltage|voltage'
