Code start -> moving to subprocess
[Gloo] Rank 1 is connected to 1 peer ranks. Expected number of connected peer ranks is : 1
Model resnet18 and split children
10 ['conv1', 'bn1', 'relu', 'maxpool', 'layer1']
[5, 5]
{'layer1': <SplitPoint.END: 2>, 'fc': <SplitPoint.END: 2>}
2
2026-04-07 03:57:29.559637 Split done -> model sync start
2026-04-07 03:58:03.725808 Sync done -> model run start
2026-04-07 03:58:41.530386 Sync done -> model run start
2026-04-07 03:59:19.301331 Sync done -> model run start
2026-04-07 03:59:56.535033 Sync done -> model run start
2026-04-07 04:00:33.941726 Sync done -> model run start
2026-04-07 04:01:11.098364 Sync done -> model run start
2026-04-07 04:01:48.123504 Sync done -> model run start
2026-04-07 04:02:25.292055 Sync done -> model run start
2026-04-07 04:03:02.685874 Sync done -> model run start
2026-04-07 04:03:39.983610 Sync done -> model run start
2026-04-07 04:04:16.917183 Sync done -> model run start
2026-04-07 04:04:54.026077 Sync done -> model run start
2026-04-07 04:05:31.335102 Sync done -> model run start
2026-04-07 04:06:08.604424 Sync done -> model run start
2026-04-07 04:06:45.987409 Sync done -> model run start
2026-04-07 04:07:23.323730 Sync done -> model run start
2026-04-07 04:08:00.579905 Sync done -> model run start
2026-04-07 04:08:37.746396 Sync done -> model run start
2026-04-07 04:09:14.803232 Sync done -> model run start
2026-04-07 04:09:51.938395 Sync done -> model run start
2026-04-07 04:10:28.869798 Sync done -> model run start
2026-04-07 04:11:06.009327 Sync done -> model run start
2026-04-07 04:11:42.983707 Sync done -> model run start
2026-04-07 04:12:20.247470 Sync done -> model run start
2026-04-07 04:12:57.640423 Sync done -> model run start
2026-04-07 04:13:34.694813 Sync done -> model run start
2026-04-07 04:14:12.129844 Sync done -> model run start
2026-04-07 04:14:48.763812 Sync done -> model run start
2026-04-07 04:15:25.711821 Sync done -> model run start
2026-04-07 04:16:02.890468 Sync done -> model run start
2026-04-07 04:16:39.969165 Sync done -> model run start
rank 1 FLOP count: 4934549504 and full time*10**9 s/op: 0.1435
Time taken by rank:1 in total(avg): 7.0830s Batch time sets raw:[[1.2447, 1.3358, 1.216, 1.2283, 1.2221], [1.4711, 1.1911, 1.2709, 1.2621, 1.1467], [1.1161, 1.4763, 0.9944, 1.2504, 1.2737], [1.2483, 1.0643, 1.2681, 1.1783, 1.1921], [1.1424, 1.3982, 1.0938, 1.2614, 1.2727], [1.3378, 1.211, 1.155, 1.2442, 1.2163], [1.1695, 1.3897, 1.2317, 1.2732, 1.1863], [1.2917, 1.1768, 1.1681, 1.2019, 1.2033], [1.1897, 1.3267, 1.2752, 1.2065, 1.031], [1.1866, 1.4318, 1.1752, 1.2632, 1.2363], [1.3334, 1.2004, 1.1522, 1.2668, 1.2366], [1.2013, 1.4142, 1.2499, 1.2808, 1.2014], [1.327, 1.321, 1.242, 1.223, 1.2189], [1.3835, 1.1566, 1.1482, 1.2386, 1.2112], [1.368, 1.2191, 1.2, 1.2446, 1.1525], [1.178, 1.3994, 1.0503, 1.2946, 1.2343], [1.3848, 1.149, 1.2377, 1.1624, 1.0758], [1.1758, 1.2033, 1.2522, 1.1961, 1.21], [1.3428, 1.2003, 1.1632, 1.261, 1.0052], [1.3077, 1.2222, 1.0585, 1.2498, 1.2038], [1.2015, 1.351, 1.2524, 1.2761, 1.1678], [1.3522, 1.2633, 1.1708, 1.2546, 1.2917], [1.1835, 1.3392, 1.0554, 1.3125, 1.1587], [1.4344, 1.1769, 1.2076, 1.2111, 1.2559], [1.2324, 1.1113, 1.2376, 1.2016, 1.0025], [1.0989, 1.3032, 1.1314, 1.2112, 1.2066], [1.3715, 1.1874, 1.1708, 1.2394, 1.1712], [1.1605, 1.3556, 1.1356, 1.2301, 1.2392], [1.3121, 1.2075, 1.1378, 1.2656, 1.2048]] Network sets raw:[[0.6874, 0.0521, 0.0526, 0.0524, 0.0484], [0.7645, 0.0486, 0.0524, 0.0526, 0.0519], [0.7463, 0.0534, 0.0486, 0.0527, 0.0482], [0.7678, 0.0532, 0.0526, 0.0528, 0.0533], [0.6639, 0.0527, 0.0522, 0.0522, 0.0484], [0.9283, 0.0522, 0.0491, 0.0525, 0.0529], [0.7477, 0.0488, 0.0526, 0.0523, 0.0518], [0.5859, 0.0534, 0.0528, 0.0523, 0.0502], [0.7735, 0.049, 0.0524, 0.0518, 0.0514], [0.7133, 0.0536, 0.0526, 0.0532, 0.0482], [0.7789, 0.0488, 0.053, 0.0527, 0.0517], [0.7375, 0.0497, 0.0521, 0.0486, 0.0528], [0.7553, 0.0499, 0.0526, 0.0523, 0.0481], [0.8176, 0.0491, 0.0515, 0.0524, 0.0518], [0.686, 0.0488, 0.0529, 0.0486, 0.0516], [0.5975, 0.0531, 0.0526, 0.0534, 0.0484], [0.8095, 0.0494, 0.0528, 0.0531, 0.0524], [0.5913, 0.0531, 0.0527, 0.0534, 0.0487], [0.8697, 0.0488, 0.0531, 0.0525, 0.0484], [0.6308, 0.0528, 0.0523, 0.0521, 0.0492], [0.7152, 0.0523, 0.0523, 0.0526, 0.0482], [0.7553, 0.0513, 0.0528, 0.0533, 0.0519], [0.7031, 0.0494, 0.0528, 0.0522, 0.0519], [0.8499, 0.0495, 0.0528, 0.0503, 0.0522], [0.5457, 0.0523, 0.0521, 0.0531, 0.0512], [0.6944, 0.0532, 0.0529, 0.0528, 0.0486], [0.7395, 0.0494, 0.0526, 0.0529, 0.0492], [0.6565, 0.0525, 0.0524, 0.0533, 0.0487], [0.9096, 0.0517, 0.0528, 0.0541, 0.0522]] bytes sent:[] bytes recv:1605632 on avg per image: 0.7083s with std: 0.0183s network time: 0.1876s and network std: 0.2752s network time per img: 0.0188 compute time: 0.6895s compute/network ratio: 3.6756 and throughput 1.4118 img/s
