Code start -> moving to subprocess
[Gloo] Rank 0 is connected to 1 peer ranks. Expected number of connected peer ranks is : 1
Model resnet18 and split children
10 ['conv1', 'bn1', 'relu', 'maxpool', 'layer1']
[5, 5]
{'layer1': <SplitPoint.END: 2>, 'fc': <SplitPoint.END: 2>}
2
2026-04-07 03:57:32.642903 Split done -> model sync start
2026-04-07 03:58:03.724581 Sync done -> model run start
2026-04-07 03:58:41.528897 Sync done -> model run start
2026-04-07 03:59:19.299599 Sync done -> model run start
2026-04-07 03:59:56.533234 Sync done -> model run start
2026-04-07 04:00:33.939979 Sync done -> model run start
2026-04-07 04:01:11.096714 Sync done -> model run start
2026-04-07 04:01:48.121784 Sync done -> model run start
2026-04-07 04:02:25.290403 Sync done -> model run start
2026-04-07 04:03:02.684512 Sync done -> model run start
2026-04-07 04:03:39.982329 Sync done -> model run start
2026-04-07 04:04:16.915856 Sync done -> model run start
2026-04-07 04:04:54.025299 Sync done -> model run start
2026-04-07 04:05:31.334016 Sync done -> model run start
2026-04-07 04:06:08.603537 Sync done -> model run start
2026-04-07 04:06:45.986612 Sync done -> model run start
2026-04-07 04:07:23.322817 Sync done -> model run start
2026-04-07 04:08:00.579167 Sync done -> model run start
2026-04-07 04:08:37.745865 Sync done -> model run start
2026-04-07 04:09:14.802700 Sync done -> model run start
2026-04-07 04:09:51.937879 Sync done -> model run start
2026-04-07 04:10:28.869190 Sync done -> model run start
2026-04-07 04:11:06.008933 Sync done -> model run start
2026-04-07 04:11:42.983296 Sync done -> model run start
2026-04-07 04:12:20.247157 Sync done -> model run start
2026-04-07 04:12:57.639636 Sync done -> model run start
2026-04-07 04:13:34.694593 Sync done -> model run start
2026-04-07 04:14:12.129452 Sync done -> model run start
2026-04-07 04:14:48.763821 Sync done -> model run start
2026-04-07 04:15:25.711512 Sync done -> model run start
2026-04-07 04:16:02.890347 Sync done -> model run start
2026-04-07 04:16:39.969005 Sync done -> model run start
rank 0 FLOP count: 2321743872 and full time*10**9 s/op: 0.2525
Time taken by rank:0 in total(avg): 5.8619s Batch time sets raw:[[0.6331, 0.6331, 0.8857, 0.8857, 0.6859, 0.6859, 0.7444, 0.7444, 0.7462, 0.7462], [0.7108, 0.7108, 0.6477, 0.6477, 0.6942, 0.6942, 0.7268, 0.7268, 0.7181, 0.7181], [0.6877, 0.6877, 0.7989, 0.7989, 0.6841, 0.6841, 0.597, 0.597, 0.6968, 0.6968], [0.7116, 0.7116, 0.71, 0.71, 0.7871, 0.7871, 0.6425, 0.6425, 0.7471, 0.7471], [0.6101, 0.6101, 0.8663, 0.8663, 0.6699, 0.6699, 0.6502, 0.6502, 0.7417, 0.7417], [0.8744, 0.8744, 0.6834, 0.6834, 0.7851, 0.7851, 0.7075, 0.7075, 0.719, 0.719], [0.6934, 0.6934, 0.812, 0.812, 0.5969, 0.5969, 0.6955, 0.6955, 0.7243, 0.7243], [0.5308, 0.5308, 0.7593, 0.7593, 0.8992, 0.8992, 0.618, 0.618, 0.745, 0.745], [0.7193, 0.7193, 0.6506, 0.6506, 0.5747, 0.5747, 0.7089, 0.7089, 0.7755, 0.7755], [0.657, 0.657, 0.8262, 0.8262, 0.7353, 0.7353, 0.6587, 0.6587, 0.6854, 0.6854], [0.7242, 0.7242, 0.6839, 0.6839, 0.6462, 0.6462, 0.7265, 0.7265, 0.7373, 0.7373], [0.6827, 0.6827, 0.7977, 0.7977, 0.572, 0.572, 0.6549, 0.6549, 0.6407, 0.6407], [0.6999, 0.6999, 0.6999, 0.6999, 0.676, 0.676, 0.6071, 0.6071, 0.7268, 0.7268], [0.7636, 0.7636, 0.7916, 0.7916, 0.6603, 0.6603, 0.7509, 0.7509, 0.6485, 0.6485], [0.6325, 0.6325, 0.6526, 0.6526, 0.5803, 0.5803, 0.6807, 0.6807, 0.5991, 0.5991], [0.5427, 0.5427, 0.873, 0.873, 0.7523, 0.7523, 0.73, 0.73, 0.7423, 0.7423], [0.7554, 0.7554, 0.6668, 0.6668, 0.7218, 0.7218, 0.7204, 0.7204, 0.722, 0.722], [0.5366, 0.5366, 0.8795, 0.8795, 0.7477, 0.7477, 0.7215, 0.7215, 0.7462, 0.7462], [0.8145, 0.8145, 0.6882, 0.6882, 0.6806, 0.6806, 0.7016, 0.7016, 0.7064, 0.7064], [0.5769, 0.5769, 0.7769, 0.7769, 0.7005, 0.7005, 0.7281, 0.7281, 0.7452, 0.7452], [0.6601, 0.6601, 0.849, 0.849, 0.6453, 0.6453, 0.6719, 0.6719, 0.7482, 0.7482], [0.7013, 0.7013, 0.732, 0.732, 0.7956, 0.7956, 0.7234, 0.7234, 0.6722, 0.6722], [0.6497, 0.6497, 0.9132, 0.9132, 0.652, 0.652, 0.7632, 0.7632, 0.7345, 0.7345], [0.7945, 0.7945, 0.7442, 0.7442, 0.6569, 0.6569, 0.7443, 0.7443, 0.6946, 0.6946], [0.4915, 0.4915, 0.8892, 0.8892, 0.7448, 0.7448, 0.723, 0.723, 0.7481, 0.7481], [0.6393, 0.6393, 0.8484, 0.8484, 0.7147, 0.7147, 0.6913, 0.6913, 0.6973, 0.6973], [0.6859, 0.6859, 0.7279, 0.7279, 0.7013, 0.7013, 0.7596, 0.7596, 0.7498, 0.7498], [0.6014, 0.6014, 0.858, 0.858, 0.6988, 0.6988, 0.7005, 0.7005, 0.7334, 0.7334], [0.8554, 0.8554, 0.6622, 0.6622, 0.7133, 0.7133, 0.6791, 0.6791, 0.7364, 0.7364]] Network sets raw:[[0, 0, 0.0248, 0, 0.4105, 0, 0.7027, 0, 0.524, 0.5315], [0, 0, 0.0242, 0, 0.8735, 0, 0.5477, 0, 0.5967, 0.598], [0, 0, 0.0255, 0, 0.3629, 0, 0.8527, 0, 0.45, 0.6034], [0, 0, 0.0136, 0, 0.5935, 0, 0.3287, 0, 0.6792, 0.4846], [0, 0, 0.0133, 0, 0.3298, 0, 0.7806, 0, 0.496, 0.5703], [0, 0, 0.0139, 0, 0.7068, 0, 0.4758, 0, 0.4994, 0.5774], [0, 0, 0.0143, 0, 0.4068, 0, 0.8438, 0, 0.59, 0.6013], [0, 0, 0.0157, 0, 0.5855, 0, 0.3305, 0, 0.6023, 0.5094], [0, 0, 0.015, 0, 0.5902, 0, 0.803, 0, 0.6185, 0.4843], [0, 0, 0.0148, 0, 0.4144, 0, 0.7493, 0, 0.571, 0.6271], [0, 0, 0.0156, 0, 0.7001, 0, 0.6038, 0, 0.4808, 0.5826], [0, 0, 0.0156, 0, 0.4547, 0, 0.8933, 0, 0.6451, 0.6911], [0, 0, 0.0161, 0, 0.6782, 0, 0.6969, 0, 0.6878, 0.5468], [0, 0, 0.0151, 0, 0.6409, 0, 0.5487, 0, 0.4503, 0.6423], [0, 0, 0.0159, 0, 0.7656, 0, 0.6901, 0, 0.5691, 0.6979], [0, 0, 0.0184, 0, 0.3564, 0, 0.6998, 0, 0.3737, 0.6035], [0, 0, 0.0164, 0, 0.7674, 0, 0.4788, 0, 0.5685, 0.4944], [0, 0, 0.0165, 0, 0.3501, 0, 0.5083, 0, 0.5839, 0.5009], [0, 0, 0.0162, 0, 0.705, 0, 0.5705, 0, 0.5145, 0.6059], [0, 0, 0.0162, 0, 0.5832, 0, 0.5738, 0, 0.3679, 0.5593], [0, 0, 0.0, 0, 0.4041, 0, 0.7602, 0, 0.6326, 0.5798], [0, 0, 0.0001, 0, 0.6733, 0, 0.5191, 0, 0.5007, 0.6355], [0, 0, 0.0001, 0, 0.3221, 0, 0.7385, 0, 0.345, 0.6311], [0, 0, 0.0001, 0, 0.7421, 0, 0.5713, 0, 0.5144, 0.5688], [0, 0, 0.0001, 0, 0.3946, 0, 0.419, 0, 0.5667, 0.5073], [0, 0, 0.0001, 0, 0.3045, 0, 0.6404, 0, 0.4937, 0.5655], [0, 0, 0.0, 0, 0.6951, 0, 0.5362, 0, 0.4637, 0.5409], [0, 0, 0.0001, 0, 0.355, 0, 0.7093, 0, 0.4882, 0.5484], [0, 0, 0.0001, 0, 0.7012, 0, 0.5477, 0, 0.5131, 0.5824]] bytes sent:[[1605632], [1605632], [1605632], [1605632], [1605632]] bytes recv:1204224 on avg per image: 0.5862s with std: 0.0169s network time: 0.2289s and network std: 0.2895s network time per img: 0.0229 compute time: 0.5633s compute/network ratio: 2.4608 and throughput 1.7059 img/s
