TIME:14:11:55
40780
cpu:average: 0.90, 0.50,,freq:frequency(48)=1400000000,throttle_flag:throttled=0x50000,voltage:volt=1.3375V,volt=1.2500V,volt=1.2500V,volt=1.2250V
TIME:14:11:56
40780
cpu:average: 0.90, 0.50,,freq:frequency(48)=1400000000,throttle_flag:throttled=0x50000,voltage:volt=1.3375V,volt=1.2500V,volt=1.2500V,volt=1.2250V
TIME:14:11:58
40780
cpu:average: 0.90, 0.50,,freq:frequency(48)=600000000,throttle_flag:throttled=0x50000,voltage:volt=1.2375V,volt=1.2500V,volt=1.2500V,volt=1.2250V
TIME:14:11:59
40780
cpu:average: 0.90, 0.50,,freq:frequency(48)=600000000,throttle_flag:throttled=0x50000,voltage:volt=1.2375V,volt=1.2500V,volt=1.2500V,volt=1.2250V
TIME:14:12:00
40780
cpu:average: 0.83, 0.49,,freq:frequency(48)=800000000,throttle_flag:throttled=0x50000,voltage:volt=1.2375V,volt=1.2500V,volt=1.2500V,volt=1.2250V
TIME:14:12:01
40780
cpu:average: 0.83, 0.49,,freq:frequency(48)=700000000,throttle_flag:throttled=0x50000,voltage:volt=1.2375V,volt=1.2500V,volt=1.2500V,volt=1.2250V
TIME:14:12:02
40242
cpu:average: 0.83, 0.49,,freq:frequency(48)=700000000,throttle_flag:throttled=0x50000,voltage:volt=1.2375V,volt=1.2500V,volt=1.2500V,volt=1.2250V
TIME:14:12:03
39704
cpu:average: 0.83, 0.49,,freq:frequency(48)=700000000,throttle_flag:throttled=0x50000,voltage:volt=1.2375V,volt=1.2500V,volt=1.2500V,volt=1.2250V
TIME:14:12:04
39704
cpu:average: 0.83, 0.49,,freq:frequency(48)=700000000,throttle_flag:throttled=0x50000,voltage:volt=1.2375V,volt=1.2500V,volt=1.2500V,volt=1.2250V
TIME:14:12:05
39704
cpu:average: 0.76, 0.48,,freq:frequency(48)=800000000,throttle_flag:throttled=0x50000,voltage:volt=1.2375V,volt=1.2500V,volt=1.2500V,volt=1.2250V
TIME:14:12:06
39704
cpu:average: 0.76, 0.48,,freq:frequency(48)=700000000,throttle_flag:throttled=0x50000,voltage:volt=1.2375V,volt=1.2500V,volt=1.2500V,volt=1.2250V
TIME:14:12:08
39166
cpu:average: 0.76, 0.48,,freq:frequency(48)=600000000,throttle_flag:throttled=0x50000,voltage:volt=1.2375V,volt=1.2500V,volt=1.2500V,volt=1.2250V
TIME:14:12:09
39704
cpu:average: 0.76, 0.48,,freq:frequency(48)=600000000,throttle_flag:throttled=0x50000,voltage:volt=1.2375V,volt=1.2500V,volt=1.2500V,volt=1.2250V
TIME:14:12:10
40242
cpu:average: 0.70, 0.47,,freq:frequency(48)=800000000,throttle_flag:throttled=0x50000,voltage:volt=1.2375V,volt=1.2500V,volt=1.2500V,volt=1.2250V
TIME:14:12:11
39166
cpu:average: 0.70, 0.47,,freq:frequency(48)=800000000,throttle_flag:throttled=0x50000,voltage:volt=1.2375V,volt=1.2500V,volt=1.2500V,volt=1.2250V
TIME:14:12:12
39704
cpu:average: 0.70, 0.47,,freq:frequency(48)=700000000,throttle_flag:throttled=0x50000,voltage:volt=1.2375V,volt=1.2500V,volt=1.2500V,volt=1.2250V
TIME:14:12:13
39166
cpu:average: 0.70, 0.47,,freq:frequency(48)=700000000,throttle_flag:throttled=0x50000,voltage:volt=1.2375V,volt=1.2500V,volt=1.2500V,volt=1.2250V
TIME:14:12:14
39166
cpu:average: 0.70, 0.47,,freq:frequency(48)=700000000,throttle_flag:throttled=0x50000,voltage:volt=1.2375V,volt=1.2500V,volt=1.2500V,volt=1.2250V
TIME:14:12:15
39166
cpu:average: 0.64, 0.47,,freq:frequency(48)=600000000,throttle_flag:throttled=0x50000,voltage:volt=1.2375V,volt=1.2500V,volt=1.2500V,volt=1.2250V
TIME:14:12:17
39704
cpu:average: 0.64, 0.47,,freq:frequency(48)=600000000,throttle_flag:throttled=0x50000,voltage:volt=1.2375V,volt=1.2500V,volt=1.2500V,volt=1.2250V
TIME:14:12:18
39704
cpu:average: 0.64, 0.47,,freq:frequency(48)=600000000,throttle_flag:throttled=0x50000,voltage:volt=1.2375V,volt=1.2500V,volt=1.2500V,volt=1.2250V
TIME:14:12:19
39704
cpu:average: 0.64, 0.47,,freq:frequency(48)=800000000,throttle_flag:throttled=0x50000,voltage:volt=1.2375V,volt=1.2500V,volt=1.2500V,volt=1.2250V
TIME:14:12:20
39166
cpu:average: 0.59, 0.46,,freq:frequency(48)=800000000,throttle_flag:throttled=0x50000,voltage:volt=1.2375V,volt=1.2500V,volt=1.2500V,volt=1.2250V
TIME:14:12:21
39704
cpu:average: 0.59, 0.46,,freq:frequency(48)=600000000,throttle_flag:throttled=0x50000,voltage:volt=1.2375V,volt=1.2500V,volt=1.2500V,volt=1.2250V
TIME:14:12:22
38628
cpu:average: 0.59, 0.46,,freq:frequency(48)=800000000,throttle_flag:throttled=0x50000,voltage:volt=1.2375V,volt=1.2500V,volt=1.2500V,volt=1.2250V
TIME:14:12:23
38628
cpu:average: 0.59, 0.46,,freq:frequency(48)=800000000,throttle_flag:throttled=0x50000,voltage:volt=1.2375V,volt=1.2500V,volt=1.2500V,volt=1.2250V
TIME:14:12:24
39166
cpu:average: 0.59, 0.46,,freq:frequency(48)=700000000,throttle_flag:throttled=0x50000,voltage:volt=1.2375V,volt=1.2500V,volt=1.2500V,volt=1.2250V
TIME:14:12:26
39704
cpu:average: 0.54, 0.45,,freq:frequency(48)=700000000,throttle_flag:throttled=0x50000,voltage:volt=1.2375V,volt=1.2500V,volt=1.2500V,volt=1.2250V
TIME:14:12:27
38628
cpu:average: 0.54, 0.45,,freq:frequency(48)=700000000,throttle_flag:throttled=0x50000,voltage:volt=1.2375V,volt=1.2500V,volt=1.2500V,volt=1.2250V
TIME:14:12:28
38628
cpu:average: 0.54, 0.45,,freq:frequency(48)=600000000,throttle_flag:throttled=0x50000,voltage:volt=1.2375V,volt=1.2500V,volt=1.2500V,volt=1.2250V
TIME:14:12:29
38628
cpu:average: 0.54, 0.45,,freq:frequency(48)=600000000,throttle_flag:throttled=0x50000,voltage:volt=1.2375V,volt=1.2500V,volt=1.2500V,volt=1.2250V
TIME:14:12:30
39166
cpu:average: 0.58, 0.46,,freq:frequency(48)=600000000,throttle_flag:throttled=0x50000,voltage:volt=1.2375V,volt=1.2500V,volt=1.2500V,volt=1.2250V
TIME:14:12:31
38628
cpu:average: 0.58, 0.46,,freq:frequency(48)=600000000,throttle_flag:throttled=0x50000,voltage:volt=1.2375V,volt=1.2500V,volt=1.2500V,volt=1.2250V
TIME:14:12:32
39704
cpu:average: 0.58, 0.46,,freq:frequency(48)=700000000,throttle_flag:throttled=0x50000,voltage:volt=1.2375V,volt=1.2500V,volt=1.2500V,volt=1.2250V
TIME:14:12:33
39166
cpu:average: 0.58, 0.46,,freq:frequency(48)=800000000,throttle_flag:throttled=0x50000,voltage:volt=1.2375V,volt=1.2500V,volt=1.2500V,volt=1.2250V
TIME:14:12:34
39166
cpu:average: 0.58, 0.46,,freq:frequency(48)=800000000,throttle_flag:throttled=0x50000,voltage:volt=1.2375V,volt=1.2500V,volt=1.2500V,volt=1.2250V
TIME:14:12:36
39166
cpu:average: 0.69, 0.48,,freq:frequency(48)=800000000,throttle_flag:throttled=0x50000,voltage:volt=1.2375V,volt=1.2500V,volt=1.2500V,volt=1.2250V
TIME:14:12:37
38628
cpu:average: 0.69, 0.48,,freq:frequency(48)=700000000,throttle_flag:throttled=0x50000,voltage:volt=1.2375V,volt=1.2500V,volt=1.2500V,volt=1.2250V
TIME:14:12:38
38628
cpu:average: 0.69, 0.48,,freq:frequency(48)=700000000,throttle_flag:throttled=0x50000,voltage:volt=1.2375V,volt=1.2500V,volt=1.2500V,volt=1.2250V
TIME:14:12:39
39166
cpu:average: 0.69, 0.48,,freq:frequency(48)=700000000,throttle_flag:throttled=0x50000,voltage:volt=1.2375V,volt=1.2500V,volt=1.2500V,volt=1.2250V
TIME:14:12:40
38628
cpu:average: 0.64, 0.48,,freq:frequency(48)=600000000,throttle_flag:throttled=0x50000,voltage:volt=1.2375V,volt=1.2500V,volt=1.2500V,volt=1.2250V
TIME:14:12:41
39704
cpu:average: 0.64, 0.48,,freq:frequency(48)=1400000000,throttle_flag:throttled=0x50000,voltage:volt=1.3375V,volt=1.2500V,volt=1.2500V,volt=1.2250V
TIME:14:12:42
39704
cpu:average: 0.64, 0.48,,freq:frequency(48)=1400000000,throttle_flag:throttled=0x50000,voltage:volt=1.3375V,volt=1.2500V,volt=1.2500V,volt=1.2250V
TIME:14:12:43
39704
cpu:average: 0.64, 0.48,,freq:frequency(48)=1400000000,throttle_flag:throttled=0x50000,voltage:volt=1.3375V,volt=1.2500V,volt=1.2500V,volt=1.2250V
TIME:14:12:44
39704
cpu:average: 0.64, 0.48,,freq:frequency(48)=1400000000,throttle_flag:throttled=0x50000,voltage:volt=1.3375V,volt=1.2500V,volt=1.2500V,volt=1.2250V
TIME:14:12:46
39704
cpu:average: 0.59, 0.47,,freq:frequency(48)=799998000,throttle_flag:throttled=0x50000,voltage:volt=1.2375V,volt=1.2500V,volt=1.2500V,volt=1.2250V
TIME:14:12:47
39166
cpu:average: 0.59, 0.47,,freq:frequency(48)=800000000,throttle_flag:throttled=0x50000,voltage:volt=1.2375V,volt=1.2500V,volt=1.2500V,volt=1.2250V
TIME:14:12:48
39704
cpu:average: 0.59, 0.47,,freq:frequency(48)=800000000,throttle_flag:throttled=0x50000,voltage:volt=1.2375V,volt=1.2500V,volt=1.2500V,volt=1.2250V
TIME:14:12:49
39166
cpu:average: 0.59, 0.47,,freq:frequency(48)=700000000,throttle_flag:throttled=0x50000,voltage:volt=1.2375V,volt=1.2500V,volt=1.2500V,volt=1.2250V
TIME:14:12:50
38628
cpu:average: 0.54, 0.46,,freq:frequency(48)=700000000,throttle_flag:throttled=0x50000,voltage:volt=1.2375V,volt=1.2500V,volt=1.2500V,volt=1.2250V
TIME:14:12:51
38628
cpu:average: 0.54, 0.46,,freq:frequency(48)=700000000,throttle_flag:throttled=0x50000,voltage:volt=1.2375V,volt=1.2500V,volt=1.2500V,volt=1.2250V
TIME:14:12:52
39166
cpu:average: 0.54, 0.46,,freq:frequency(48)=700000000,throttle_flag:throttled=0x50000,voltage:volt=1.2375V,volt=1.2500V,volt=1.2500V,volt=1.2250V
TIME:14:12:53
38628
cpu:average: 0.54, 0.46,,freq:frequency(48)=600000000,throttle_flag:throttled=0x50000,voltage:volt=1.2375V,volt=1.2500V,volt=1.2500V,volt=1.2250V
TIME:14:12:54
38628
cpu:average: 0.54, 0.46,,freq:frequency(48)=600000000,throttle_flag:throttled=0x50000,voltage:volt=1.2375V,volt=1.2500V,volt=1.2500V,volt=1.2250V
TIME:14:12:56
39166
cpu:average: 0.58, 0.47,,freq:frequency(48)=600000000,throttle_flag:throttled=0x50000,voltage:volt=1.2375V,volt=1.2500V,volt=1.2500V,volt=1.2250V
TIME:14:12:57
39166
cpu:average: 0.58, 0.47,,freq:frequency(48)=800000000,throttle_flag:throttled=0x50000,voltage:volt=1.2375V,volt=1.2500V,volt=1.2500V,volt=1.2250V
TIME:14:12:58
38628
cpu:average: 0.58, 0.47,,freq:frequency(48)=700000000,throttle_flag:throttled=0x50000,voltage:volt=1.2375V,volt=1.2500V,volt=1.2500V,volt=1.2250V
TIME:14:12:59
38628
cpu:average: 0.58, 0.47,,freq:frequency(48)=700000000,throttle_flag:throttled=0x50000,voltage:volt=1.2375V,volt=1.2500V,volt=1.2500V,volt=1.2250V
TIME:14:13:00
38628
cpu:average: 0.53, 0.46,,freq:frequency(48)=800000000,throttle_flag:throttled=0x50000,voltage:volt=1.2375V,volt=1.2500V,volt=1.2500V,volt=1.2250V
TIME:14:13:01
39166
cpu:average: 0.53, 0.46,,freq:frequency(48)=700000000,throttle_flag:throttled=0x50000,voltage:volt=1.2375V,volt=1.2500V,volt=1.2500V,volt=1.2250V
TIME:14:13:02
38628
cpu:average: 0.53, 0.46,,freq:frequency(48)=600000000,throttle_flag:throttled=0x50000,voltage:volt=1.3375V,volt=1.2500V,volt=1.2500V,volt=1.2250V
TIME:14:13:03
39704
cpu:average: 0.53, 0.46,,freq:frequency(48)=1400002000,throttle_flag:throttled=0x50000,voltage:volt=1.3375V,volt=1.2500V,volt=1.2500V,volt=1.2250V
TIME:14:13:05
39166
cpu:average: 0.49, 0.45,,freq:frequency(48)=1400000000,throttle_flag:throttled=0x50000,voltage:volt=1.3375V,volt=1.2500V,volt=1.2500V,volt=1.2250V
TIME:14:13:06
39704
cpu:average: 0.49, 0.45,,freq:frequency(48)=1400000000,throttle_flag:throttled=0x50000,voltage:volt=1.3375V,volt=1.2500V,volt=1.2500V,volt=1.2250V
TIME:14:13:07
39166
cpu:average: 0.49, 0.45,,freq:frequency(48)=1399998000,throttle_flag:throttled=0x50000,voltage:volt=1.3375V,volt=1.2500V,volt=1.2500V,volt=1.2250V
TIME:14:13:08
38628
cpu:average: 0.49, 0.45,,freq:frequency(48)=600000000,throttle_flag:throttled=0x50000,voltage:volt=1.2375V,volt=1.2500V,volt=1.2500V,volt=1.2250V
TIME:14:13:09
39166
cpu:average: 0.49, 0.45,,freq:frequency(48)=600000000,throttle_flag:throttled=0x50000,voltage:volt=1.2375V,volt=1.2500V,volt=1.2500V,volt=1.2250V
TIME:14:13:10
39704
cpu:average: 0.45, 0.45,,freq:frequency(48)=600000000,throttle_flag:throttled=0x50000,voltage:volt=1.2375V,volt=1.2500V,volt=1.2500V,volt=1.2250V
TIME:14:13:11
38628
cpu:average: 0.45, 0.45,,freq:frequency(48)=700002000,throttle_flag:throttled=0x50000,voltage:volt=1.2375V,volt=1.2500V,volt=1.2500V,volt=1.2250V
TIME:14:13:12
39166
cpu:average: 0.45, 0.45,,freq:frequency(48)=800000000,throttle_flag:throttled=0x50000,voltage:volt=1.2375V,volt=1.2500V,volt=1.2500V,volt=1.2250V
TIME:14:13:13
38628
cpu:average: 0.45, 0.45,,freq:frequency(48)=700000000,throttle_flag:throttled=0x50000,voltage:volt=1.2375V,volt=1.2500V,volt=1.2500V,volt=1.2250V
TIME:14:13:15
38628
cpu:average: 0.45, 0.45,,freq:frequency(48)=800000000,throttle_flag:throttled=0x50000,voltage:volt=1.2375V,volt=1.2500V,volt=1.2500V,volt=1.2250V
TIME:14:13:16
38628
cpu:average: 0.65, 0.49,,freq:frequency(48)=700000000,throttle_flag:throttled=0x50000,voltage:volt=1.2375V,volt=1.2500V,volt=1.2500V,volt=1.2250V
TIME:14:13:17
38628
cpu:average: 0.65, 0.49,,freq:frequency(48)=700000000,throttle_flag:throttled=0x50000,voltage:volt=1.2375V,volt=1.2500V,volt=1.2500V,volt=1.2250V
TIME:14:13:18
38628
cpu:average: 0.65, 0.49,,freq:frequency(48)=700000000,throttle_flag:throttled=0x50000,voltage:volt=1.2375V,volt=1.2500V,volt=1.2500V,volt=1.2250V
TIME:14:13:19
39166
cpu:average: 0.65, 0.49,,freq:frequency(48)=700000000,throttle_flag:throttled=0x50000,voltage:volt=1.2375V,volt=1.2500V,volt=1.2500V,volt=1.2250V
TIME:14:13:20
38628
cpu:average: 0.68, 0.50,,freq:frequency(48)=700000000,throttle_flag:throttled=0x50000,voltage:volt=1.2375V,volt=1.2500V,volt=1.2500V,volt=1.2250V
TIME:14:13:21
39166
cpu:average: 0.68, 0.50,,freq:frequency(48)=600000000,throttle_flag:throttled=0x50000,voltage:volt=1.2375V,volt=1.2500V,volt=1.2500V,volt=1.2250V
TIME:14:13:22
39166
cpu:average: 0.68, 0.50,,freq:frequency(48)=600000000,throttle_flag:throttled=0x50000,voltage:volt=1.2375V,volt=1.2500V,volt=1.2500V,volt=1.2250V
TIME:14:13:23
38628
cpu:average: 0.68, 0.50,,freq:frequency(48)=600000000,throttle_flag:throttled=0x50000,voltage:volt=1.2375V,volt=1.2500V,volt=1.2500V,volt=1.2250V
TIME:14:13:25
39166
cpu:average: 0.63, 0.49,,freq:frequency(48)=800000000,throttle_flag:throttled=0x50000,voltage:volt=1.2375V,volt=1.2500V,volt=1.2500V,volt=1.2250V
TIME:14:13:26
38628
cpu:average: 0.63, 0.49,,freq:frequency(48)=800000000,throttle_flag:throttled=0x50000,voltage:volt=1.2375V,volt=1.2500V,volt=1.2500V,volt=1.2250V
TIME:14:13:27
38628
cpu:average: 0.63, 0.49,,freq:frequency(48)=800000000,throttle_flag:throttled=0x50000,voltage:volt=1.2375V,volt=1.2500V,volt=1.2500V,volt=1.2250V
TIME:14:13:28
38628
cpu:average: 0.63, 0.49,,freq:frequency(48)=800000000,throttle_flag:throttled=0x50000,voltage:volt=1.2375V,volt=1.2500V,volt=1.2500V,volt=1.2250V
TIME:14:13:29
38628
cpu:average: 0.63, 0.49,,freq:frequency(48)=700000000,throttle_flag:throttled=0x50000,voltage:volt=1.2375V,volt=1.2500V,volt=1.2500V,volt=1.2250V
TIME:14:13:30
38628
cpu:average: 0.58, 0.48,,freq:frequency(48)=700000000,throttle_flag:throttled=0x50000,voltage:volt=1.2375V,volt=1.2500V,volt=1.2500V,volt=1.2250V
TIME:14:13:31
38628
cpu:average: 0.58, 0.48,,freq:frequency(48)=700000000,throttle_flag:throttled=0x50000,voltage:volt=1.2375V,volt=1.2500V,volt=1.2500V,volt=1.2250V
TIME:14:13:32
38628
cpu:average: 0.58, 0.48,,freq:frequency(48)=700000000,throttle_flag:throttled=0x50000,voltage:volt=1.2375V,volt=1.2500V,volt=1.2500V,volt=1.2250V
TIME:14:13:34
38628
cpu:average: 0.58, 0.48,,freq:frequency(48)=700000000,throttle_flag:throttled=0x50000,voltage:volt=1.2375V,volt=1.2500V,volt=1.2500V,volt=1.2250V
TIME:14:13:35
38628
cpu:average: 0.53, 0.47,,freq:frequency(48)=600000000,throttle_flag:throttled=0x50000,voltage:volt=1.2375V,volt=1.2500V,volt=1.2500V,volt=1.2250V
TIME:14:13:36
38628
cpu:average: 0.53, 0.47,,freq:frequency(48)=600000000,throttle_flag:throttled=0x50000,voltage:volt=1.2375V,volt=1.2500V,volt=1.2500V,volt=1.2250V
TIME:14:13:37
38628
cpu:average: 0.53, 0.47,,freq:frequency(48)=600000000,throttle_flag:throttled=0x50000,voltage:volt=1.2375V,volt=1.2500V,volt=1.2500V,volt=1.2250V
TIME:14:13:38
38628
cpu:average: 0.53, 0.47,,freq:frequency(48)=800000000,throttle_flag:throttled=0x50000,voltage:volt=1.2375V,volt=1.2500V,volt=1.2500V,volt=1.2250V
TIME:14:13:39
38090
cpu:average: 0.53, 0.47,,freq:frequency(48)=700000000,throttle_flag:throttled=0x50000,voltage:volt=1.2375V,volt=1.2500V,volt=1.2500V,volt=1.2250V
TIME:14:13:40
38628
cpu:average: 0.49, 0.46,,freq:frequency(48)=800000000,throttle_flag:throttled=0x50000,voltage:volt=1.2375V,volt=1.2500V,volt=1.2500V,volt=1.2250V
TIME:14:13:41
38628
cpu:average: 0.49, 0.46,,freq:frequency(48)=800000000,throttle_flag:throttled=0x50000,voltage:volt=1.2375V,volt=1.2500V,volt=1.2500V,volt=1.2250V
TIME:14:13:43
38628
cpu:average: 0.49, 0.46,,freq:frequency(48)=700000000,throttle_flag:throttled=0x50000,voltage:volt=1.2375V,volt=1.2500V,volt=1.2500V,volt=1.2250V
TIME:14:13:44
38628
cpu:average: 0.49, 0.46,,freq:frequency(48)=700000000,throttle_flag:throttled=0x50000,voltage:volt=1.2375V,volt=1.2500V,volt=1.2500V,volt=1.2250V
TIME:14:13:45
38628
cpu:average: 0.45, 0.46,,freq:frequency(48)=600000000,throttle_flag:throttled=0x50000,voltage:volt=1.2375V,volt=1.2500V,volt=1.2500V,volt=1.2250V
TIME:14:13:46
38628
cpu:average: 0.45, 0.46,,freq:frequency(48)=600000000,throttle_flag:throttled=0x50000,voltage:volt=1.2375V,volt=1.2500V,volt=1.2500V,volt=1.2250V
TIME:14:13:47
38628
cpu:average: 0.45, 0.46,,freq:frequency(48)=600000000,throttle_flag:throttled=0x50000,voltage:volt=1.2375V,volt=1.2500V,volt=1.2500V,volt=1.2250V
TIME:14:13:48
38090
cpu:average: 0.45, 0.46,,freq:frequency(48)=600000000,throttle_flag:throttled=0x50000,voltage:volt=1.2375V,volt=1.2500V,volt=1.2500V,volt=1.2250V
TIME:14:13:49
37552
cpu:average: 0.45, 0.46,,freq:frequency(48)=800000000,throttle_flag:throttled=0x50000,voltage:volt=1.2375V,volt=1.2500V,volt=1.2500V,volt=1.2250V
TIME:14:13:50
38090
cpu:average: 0.41, 0.45,,freq:frequency(48)=700000000,throttle_flag:throttled=0x50000,voltage:volt=1.2375V,volt=1.2500V,volt=1.2500V,volt=1.2250V
TIME:14:13:51
38628
cpu:average: 0.41, 0.45,,freq:frequency(48)=700000000,throttle_flag:throttled=0x50000,voltage:volt=1.2375V,volt=1.2500V,volt=1.2500V,volt=1.2250V
TIME:14:13:53
38628
cpu:average: 0.41, 0.45,,freq:frequency(48)=700000000,throttle_flag:throttled=0x50000,voltage:volt=1.2375V,volt=1.2500V,volt=1.2500V,volt=1.2250V
TIME:14:13:54
38090
cpu:average: 0.41, 0.45,,freq:frequency(48)=700000000,throttle_flag:throttled=0x50000,voltage:volt=1.2375V,volt=1.2500V,volt=1.2500V,volt=1.2250V
TIME:14:13:55
38090
cpu:average: 0.38, 0.44,,freq:frequency(48)=800000000,throttle_flag:throttled=0x50000,voltage:volt=1.2375V,volt=1.2500V,volt=1.2500V,volt=1.2250V
TIME:14:13:56
39166
cpu:average: 0.38, 0.44,,freq:frequency(48)=800002000,throttle_flag:throttled=0x50000,voltage:volt=1.2375V,volt=1.2500V,volt=1.2500V,volt=1.2250V
TIME:14:13:57
38628
cpu:average: 0.38, 0.44,,freq:frequency(48)=600000000,throttle_flag:throttled=0x50000,voltage:volt=1.2375V,volt=1.2500V,volt=1.2500V,volt=1.2250V
TIME:14:13:58
38090
cpu:average: 0.38, 0.44,,freq:frequency(48)=600000000,throttle_flag:throttled=0x50000,voltage:volt=1.2375V,volt=1.2500V,volt=1.2500V,volt=1.2250V
TIME:14:13:59
38090
cpu:average: 0.38, 0.44,,freq:frequency(48)=800000000,throttle_flag:throttled=0x50000,voltage:volt=1.2375V,volt=1.2500V,volt=1.2500V,volt=1.2250V
TIME:14:14:00
38628
cpu:average: 0.43, 0.45,,freq:frequency(48)=800000000,throttle_flag:throttled=0x50000,voltage:volt=1.2375V,volt=1.2500V,volt=1.2500V,volt=1.2250V
TIME:14:14:02
38628
cpu:average: 0.43, 0.45,,freq:frequency(48)=700000000,throttle_flag:throttled=0x50000,voltage:volt=1.2375V,volt=1.2500V,volt=1.2500V,volt=1.2250V
TIME:14:14:03
38090
cpu:average: 0.43, 0.45,,freq:frequency(48)=700000000,throttle_flag:throttled=0x50000,voltage:volt=1.2375V,volt=1.2500V,volt=1.2500V,volt=1.2250V
TIME:14:14:04
38628
cpu:average: 0.43, 0.45,,freq:frequency(48)=700000000,throttle_flag:throttled=0x50000,voltage:volt=1.2375V,volt=1.2500V,volt=1.2500V,volt=1.2250V
TIME:14:14:05
38628
cpu:average: 0.39, 0.44,,freq:frequency(48)=700000000,throttle_flag:throttled=0x50000,voltage:volt=1.2375V,volt=1.2500V,volt=1.2500V,volt=1.2250V
TIME:14:14:06
38628
cpu:average: 0.39, 0.44,,freq:frequency(48)=600000000,throttle_flag:throttled=0x50000,voltage:volt=1.2375V,volt=1.2500V,volt=1.2500V,volt=1.2250V
TIME:14:14:07
38628
cpu:average: 0.39, 0.44,,freq:frequency(48)=600000000,throttle_flag:throttled=0x50000,voltage:volt=1.2375V,volt=1.2500V,volt=1.2500V,volt=1.2250V
TIME:14:14:08
38628
cpu:average: 0.39, 0.44,,freq:frequency(48)=700000000,throttle_flag:throttled=0x50000,voltage:volt=1.2375V,volt=1.2500V,volt=1.2500V,volt=1.2250V
TIME:14:14:09
38628
cpu:average: 0.39, 0.44,,freq:frequency(48)=799998000,throttle_flag:throttled=0x50000,voltage:volt=1.2375V,volt=1.2500V,volt=1.2500V,volt=1.2250V
TIME:14:14:11
37552
cpu:average: 0.36, 0.43,,freq:frequency(48)=600000000,throttle_flag:throttled=0x50000,voltage:volt=1.2375V,volt=1.2500V,volt=1.2500V,volt=1.2250V
TIME:14:14:12
38090
cpu:average: 0.36, 0.43,,freq:frequency(48)=800000000,throttle_flag:throttled=0x50000,voltage:volt=1.2375V,volt=1.2500V,volt=1.2500V,volt=1.2250V
TIME:14:14:13
38090
cpu:average: 0.36, 0.43,,freq:frequency(48)=700000000,throttle_flag:throttled=0x50000,voltage:volt=1.2375V,volt=1.2500V,volt=1.2500V,volt=1.2250V
TIME:14:14:14
39166
cpu:average: 0.36, 0.43,,freq:frequency(48)=1400000000,throttle_flag:throttled=0x50000,voltage:volt=1.3375V,volt=1.2500V,volt=1.2500V,volt=1.2250V
TIME:14:14:15
38628
cpu:average: 0.33, 0.43,,freq:frequency(48)=1400000000,throttle_flag:throttled=0x50000,voltage:volt=1.3375V,volt=1.2500V,volt=1.2500V,volt=1.2250V
TIME:14:14:16
39166
cpu:average: 0.33, 0.43,,freq:frequency(48)=1400000000,throttle_flag:throttled=0x50000,voltage:volt=1.3375V,volt=1.2500V,volt=1.2500V,volt=1.2250V
TIME:14:14:17
38628
cpu:average: 0.33, 0.43,,freq:frequency(48)=1400000000,throttle_flag:throttled=0x50000,voltage:volt=1.3375V,volt=1.2500V,volt=1.2500V,volt=1.2250V
TIME:14:14:18
39166
cpu:average: 0.33, 0.43,,freq:frequency(48)=1400000000,throttle_flag:throttled=0x50000,voltage:volt=1.3375V,volt=1.2500V,volt=1.2500V,volt=1.2250V
TIME:14:14:19
39166
cpu:average: 0.33, 0.43,,freq:frequency(48)=800000000,throttle_flag:throttled=0x50000,voltage:volt=1.2375V,volt=1.2500V,volt=1.2500V,volt=1.2250V
TIME:14:14:20
38628
cpu:average: 0.63, 0.49,,freq:frequency(48)=800000000,throttle_flag:throttled=0x50000,voltage:volt=1.2375V,volt=1.2500V,volt=1.2500V,volt=1.2250V
TIME:14:14:21
38628
cpu:average: 0.63, 0.49,,freq:frequency(48)=800000000,throttle_flag:throttled=0x50000,voltage:volt=1.2375V,volt=1.2500V,volt=1.2500V,volt=1.2250V
TIME:14:14:23
38628
cpu:average: 0.63, 0.49,,freq:frequency(48)=800000000,throttle_flag:throttled=0x50000,voltage:volt=1.2375V,volt=1.2500V,volt=1.2500V,volt=1.2250V
TIME:14:14:24
38628
cpu:average: 0.63, 0.49,,freq:frequency(48)=700000000,throttle_flag:throttled=0x50000,voltage:volt=1.2375V,volt=1.2500V,volt=1.2500V,volt=1.2250V
TIME:14:14:25
38090
cpu:average: 0.58, 0.48,,freq:frequency(48)=700000000,throttle_flag:throttled=0x50000,voltage:volt=1.2375V,volt=1.2500V,volt=1.2500V,volt=1.2250V
TIME:14:14:26
38628
cpu:average: 0.58, 0.48,,freq:frequency(48)=700000000,throttle_flag:throttled=0x50000,voltage:volt=1.2375V,volt=1.2500V,volt=1.2500V,volt=1.2250V
TIME:14:14:27
37552
cpu:average: 0.58, 0.48,,freq:frequency(48)=700000000,throttle_flag:throttled=0x50000,voltage:volt=1.2375V,volt=1.2500V,volt=1.2500V,volt=1.2250V
TIME:14:14:28
38090
cpu:average: 0.58, 0.48,,freq:frequency(48)=600000000,throttle_flag:throttled=0x50000,voltage:volt=1.2375V,volt=1.2500V,volt=1.2500V,volt=1.2250V
TIME:14:14:29
38628
cpu:average: 0.58, 0.48,,freq:frequency(48)=600000000,throttle_flag:throttled=0x50000,voltage:volt=1.2375V,volt=1.2500V,volt=1.2500V,volt=1.2250V
TIME:14:14:30
38628
cpu:average: 0.53, 0.47,,freq:frequency(48)=600000000,throttle_flag:throttled=0x50000,voltage:volt=1.2375V,volt=1.2500V,volt=1.2500V,volt=1.2250V
TIME:14:14:32
38628
cpu:average: 0.53, 0.47,,freq:frequency(48)=800000000,throttle_flag:throttled=0x50000,voltage:volt=1.2375V,volt=1.2500V,volt=1.2500V,volt=1.2250V
TIME:14:14:33
38628
cpu:average: 0.53, 0.47,,freq:frequency(48)=800000000,throttle_flag:throttled=0x50000,voltage:volt=1.2375V,volt=1.2500V,volt=1.2500V,volt=1.2250V
TIME:14:14:34
38628
cpu:average: 0.53, 0.47,,freq:frequency(48)=800000000,throttle_flag:throttled=0x50000,voltage:volt=1.2375V,volt=1.2500V,volt=1.2500V,volt=1.2250V
TIME:14:14:35
38628
cpu:average: 0.49, 0.46,,freq:frequency(48)=800000000,throttle_flag:throttled=0x50000,voltage:volt=1.2375V,volt=1.2500V,volt=1.2500V,volt=1.2250V
TIME:14:14:36
38090
cpu:average: 0.49, 0.46,,freq:frequency(48)=800000000,throttle_flag:throttled=0x50000,voltage:volt=1.2375V,volt=1.2500V,volt=1.2500V,volt=1.2250V
TIME:14:14:37
38628
cpu:0.49, 0.46, 0.32,freq:frequency(48)=700000000,throttle_flag:throttled=0x50000,voltage:volt=1.2375V,volt=1.2500V,volt=1.2500V,volt=1.2250V
TIME:14:14:38
38090
cpu:0.49, 0.46, 0.32,freq:frequency(48)=700000000,throttle_flag:throttled=0x50000,voltage:volt=1.2375V,volt=1.2500V,volt=1.2500V,volt=1.2250V
TIME:14:14:39
37552
cpu:0.49, 0.46, 0.32,freq:frequency(48)=700000000,throttle_flag:throttled=0x50000,voltage:volt=1.2375V,volt=1.2500V,volt=1.2500V,volt=1.2250V
TIME:14:14:41
38090
cpu:0.45, 0.45, 0.31,freq:frequency(48)=700000000,throttle_flag:throttled=0x50000,voltage:volt=1.2375V,volt=1.2500V,volt=1.2500V,volt=1.2250V
TIME:14:14:42
38090
cpu:0.45, 0.45, 0.31,freq:frequency(48)=600000000,throttle_flag:throttled=0x50000,voltage:volt=1.2375V,volt=1.2500V,volt=1.2500V,volt=1.2250V
TIME:14:14:43
38090
cpu:0.45, 0.45, 0.31,freq:frequency(48)=600000000,throttle_flag:throttled=0x50000,voltage:volt=1.2375V,volt=1.2500V,volt=1.2500V,volt=1.2250V
TIME:14:14:44
38628
cpu:0.45, 0.45, 0.31,freq:frequency(48)=600000000,throttle_flag:throttled=0x50000,voltage:volt=1.2375V,volt=1.2500V,volt=1.2500V,volt=1.2250V
TIME:14:14:45
38628
cpu:0.49, 0.46, 0.32,freq:frequency(48)=600000000,throttle_flag:throttled=0x50000,voltage:volt=1.2375V,volt=1.2500V,volt=1.2500V,volt=1.2250V
TIME:14:14:46
38628
cpu:0.49, 0.46, 0.32,freq:frequency(48)=800000000,throttle_flag:throttled=0x50000,voltage:volt=1.2375V,volt=1.2500V,volt=1.2500V,volt=1.2250V
TIME:14:14:47
38090
cpu:0.49, 0.46, 0.32,freq:frequency(48)=800000000,throttle_flag:throttled=0x50000,voltage:volt=1.2375V,volt=1.2500V,volt=1.2500V,volt=1.2250V
TIME:14:14:48
38090
cpu:0.49, 0.46, 0.32,freq:frequency(48)=700000000,throttle_flag:throttled=0x50000,voltage:volt=1.2375V,volt=1.2500V,volt=1.2500V,volt=1.2250V
TIME:14:14:50
38628
cpu:0.49, 0.46, 0.32,freq:frequency(48)=800002000,throttle_flag:throttled=0x50000,voltage:volt=1.2375V,volt=1.2500V,volt=1.2500V,volt=1.2250V
TIME:14:14:51
38090
cpu:0.45, 0.46, 0.32,freq:frequency(48)=600000000,throttle_flag:throttled=0x50000,voltage:volt=1.2375V,volt=1.2500V,volt=1.2500V,volt=1.2250V
TIME:14:14:52
38628
cpu:0.45, 0.46, 0.32,freq:frequency(48)=600000000,throttle_flag:throttled=0x50000,voltage:volt=1.2375V,volt=1.2500V,volt=1.2500V,volt=1.2250V
TIME:14:14:53
38628
cpu:0.45, 0.46, 0.32,freq:frequency(48)=800000000,throttle_flag:throttled=0x50000,voltage:volt=1.2375V,volt=1.2500V,volt=1.2500V,volt=1.2250V
TIME:14:14:54
38090
cpu:0.45, 0.46, 0.32,freq:frequency(48)=800000000,throttle_flag:throttled=0x50000,voltage:volt=1.2375V,volt=1.2500V,volt=1.2500V,volt=1.2250V
TIME:14:14:55
37552
cpu:0.42, 0.45, 0.31,freq:frequency(48)=700000000,throttle_flag:throttled=0x50000,voltage:volt=1.2375V,volt=1.2500V,volt=1.2500V,volt=1.2250V
TIME:14:14:56
38090
cpu:0.42, 0.45, 0.31,freq:frequency(48)=700000000,throttle_flag:throttled=0x50000,voltage:volt=1.2375V,volt=1.2500V,volt=1.2500V,volt=1.2250V
TIME:14:14:57
38628
cpu:0.42, 0.45, 0.31,freq:frequency(48)=600000000,throttle_flag:throttled=0x50000,voltage:volt=1.2375V,volt=1.2500V,volt=1.2500V,volt=1.2250V
TIME:14:14:59
37552
cpu:0.42, 0.45, 0.31,freq:frequency(48)=600000000,throttle_flag:throttled=0x50000,voltage:volt=1.2375V,volt=1.2500V,volt=1.2500V,volt=1.2250V
TIME:14:15:00
38090
cpu:0.46, 0.46, 0.32,freq:frequency(48)=800000000,throttle_flag:throttled=0x50000,voltage:volt=1.2375V,volt=1.2500V,volt=1.2500V,volt=1.2250V
TIME:14:15:01
37552
cpu:0.46, 0.46, 0.32,freq:frequency(48)=700000000,throttle_flag:throttled=0x50000,voltage:volt=1.2375V,volt=1.2500V,volt=1.2500V,volt=1.2250V
TIME:14:15:02
38628
cpu:0.46, 0.46, 0.32,freq:frequency(48)=700000000,throttle_flag:throttled=0x50000,voltage:volt=1.2375V,volt=1.2500V,volt=1.2500V,volt=1.2250V
TIME:14:15:03
37552
cpu:0.46, 0.46, 0.32,freq:frequency(48)=700000000,throttle_flag:throttled=0x50000,voltage:volt=1.2375V,volt=1.2500V,volt=1.2500V,volt=1.2250V
TIME:14:15:04
37552
cpu:0.46, 0.46, 0.32,freq:frequency(48)=800000000,throttle_flag:throttled=0x50000,voltage:volt=1.2375V,volt=1.2500V,volt=1.2500V,volt=1.2250V
TIME:14:15:05
37552
cpu:0.43, 0.45, 0.32,freq:frequency(48)=700000000,throttle_flag:throttled=0x50000,voltage:volt=1.2375V,volt=1.2500V,volt=1.2500V,volt=1.2250V
TIME:14:15:06
38090
cpu:0.43, 0.45, 0.32,freq:frequency(48)=800000000,throttle_flag:throttled=0x50000,voltage:volt=1.2375V,volt=1.2500V,volt=1.2500V,volt=1.2250V
TIME:14:15:08
38628
cpu:0.43, 0.45, 0.32,freq:frequency(48)=700000000,throttle_flag:throttled=0x50000,voltage:volt=1.2375V,volt=1.2500V,volt=1.2500V,volt=1.2250V
TIME:14:15:09
38628
cpu:0.43, 0.45, 0.32,freq:frequency(48)=700000000,throttle_flag:throttled=0x50000,voltage:volt=1.2375V,volt=1.2500V,volt=1.2500V,volt=1.2250V
TIME:14:15:10
38090
cpu:0.39, 0.44, 0.31,freq:frequency(48)=600000000,throttle_flag:throttled=0x50000,voltage:volt=1.2375V,volt=1.2500V,volt=1.2500V,volt=1.2250V
TIME:14:15:11
37552
cpu:0.39, 0.44, 0.31,freq:frequency(48)=800000000,throttle_flag:throttled=0x50000,voltage:volt=1.2375V,volt=1.2500V,volt=1.2500V,volt=1.2250V
TIME:14:15:12
37552
cpu:0.39, 0.44, 0.31,freq:frequency(48)=800000000,throttle_flag:throttled=0x50000,voltage:volt=1.2375V,volt=1.2500V,volt=1.2500V,volt=1.2250V
TIME:14:15:13
38628
cpu:0.39, 0.44, 0.31,freq:frequency(48)=700000000,throttle_flag:throttled=0x50000,voltage:volt=1.2375V,volt=1.2500V,volt=1.2500V,volt=1.2250V
TIME:14:15:14
38090
cpu:0.39, 0.44, 0.31,freq:frequency(48)=700000000,throttle_flag:throttled=0x50000,voltage:volt=1.2375V,volt=1.2500V,volt=1.2500V,volt=1.2250V
TIME:14:15:15
37552
cpu:0.36, 0.43, 0.31,freq:frequency(48)=700000000,throttle_flag:throttled=0x50000,voltage:volt=1.2375V,volt=1.2500V,volt=1.2500V,volt=1.2250V
TIME:14:15:17
37552
cpu:0.36, 0.43, 0.31,freq:frequency(48)=600000000,throttle_flag:throttled=0x50000,voltage:volt=1.2375V,volt=1.2500V,volt=1.2500V,volt=1.2250V
TIME:14:15:18
38090
cpu:0.36, 0.43, 0.31,freq:frequency(48)=600000000,throttle_flag:throttled=0x50000,voltage:volt=1.2375V,volt=1.2500V,volt=1.2500V,volt=1.2250V
TIME:14:15:19
38628
cpu:0.36, 0.43, 0.31,freq:frequency(48)=800000000,throttle_flag:throttled=0x50000,voltage:volt=1.2375V,volt=1.2500V,volt=1.2500V,volt=1.2250V
TIME:14:15:20
37552
cpu:0.33, 0.43, 0.31,freq:frequency(48)=800000000,throttle_flag:throttled=0x50000,voltage:volt=1.2375V,volt=1.2500V,volt=1.2500V,volt=1.2250V
TIME:14:15:21
38628
cpu:0.33, 0.43, 0.31,freq:frequency(48)=800000000,throttle_flag:throttled=0x50000,voltage:volt=1.2375V,volt=1.2500V,volt=1.2500V,volt=1.2250V
TIME:14:15:22
37552
cpu:0.33, 0.43, 0.31,freq:frequency(48)=700000000,throttle_flag:throttled=0x50000,voltage:volt=1.2375V,volt=1.2500V,volt=1.2500V,volt=1.2250V
TIME:14:15:23
37552
cpu:0.33, 0.43, 0.31,freq:frequency(48)=700000000,throttle_flag:throttled=0x50000,voltage:volt=1.2375V,volt=1.2500V,volt=1.2500V,volt=1.2250V
TIME:14:15:24
38090
cpu:0.33, 0.43, 0.31,freq:frequency(48)=600000000,throttle_flag:throttled=0x50000,voltage:volt=1.2375V,volt=1.2500V,volt=1.2500V,volt=1.2250V
TIME:14:15:26
37552
cpu:0.38, 0.44, 0.31,freq:frequency(48)=600000000,throttle_flag:throttled=0x50000,voltage:volt=1.2375V,volt=1.2500V,volt=1.2500V,volt=1.2250V
TIME:14:15:27
38090
cpu:0.38, 0.44, 0.31,freq:frequency(48)=800000000,throttle_flag:throttled=0x50000,voltage:volt=1.2375V,volt=1.2500V,volt=1.2500V,volt=1.2250V
TIME:14:15:28
38628
cpu:0.38, 0.44, 0.31,freq:frequency(48)=700000000,throttle_flag:throttled=0x50000,voltage:volt=1.2375V,volt=1.2500V,volt=1.2500V,volt=1.2250V
TIME:14:15:29
37552
cpu:0.38, 0.44, 0.31,freq:frequency(48)=700000000,throttle_flag:throttled=0x50000,voltage:volt=1.2375V,volt=1.2500V,volt=1.2500V,volt=1.2250V
TIME:14:15:30
37552
cpu:0.43, 0.45, 0.32,freq:frequency(48)=700000000,throttle_flag:throttled=0x50000,voltage:volt=1.2375V,volt=1.2500V,volt=1.2500V,volt=1.2250V
TIME:14:15:31
38090
cpu:0.43, 0.45, 0.32,freq:frequency(48)=600000000,throttle_flag:throttled=0x50000,voltage:volt=1.2375V,volt=1.2500V,volt=1.2500V,volt=1.2250V
TIME:14:15:32
37552
cpu:0.43, 0.45, 0.32,freq:frequency(48)=600000000,throttle_flag:throttled=0x50000,voltage:volt=1.2375V,volt=1.2500V,volt=1.2500V,volt=1.2250V
TIME:14:15:34
38090
cpu:0.43, 0.45, 0.32,freq:frequency(48)=600000000,throttle_flag:throttled=0x50000,voltage:volt=1.2375V,volt=1.2500V,volt=1.2500V,volt=1.2250V
TIME:14:15:35
38090
cpu:0.43, 0.45, 0.32,freq:frequency(48)=800000000,throttle_flag:throttled=0x50000,voltage:volt=1.2375V,volt=1.2500V,volt=1.2500V,volt=1.2250V
TIME:14:15:36
38090
cpu:0.48, 0.46, 0.32,freq:frequency(48)=800000000,throttle_flag:throttled=0x50000,voltage:volt=1.2375V,volt=1.2500V,volt=1.2500V,volt=1.2250V
TIME:14:15:37
37552
cpu:0.48, 0.46, 0.32,freq:frequency(48)=900000000,throttle_flag:throttled=0x50000,voltage:volt=1.2375V,volt=1.2500V,volt=1.2500V,volt=1.2250V
TIME:14:15:38
37552
cpu:0.48, 0.46, 0.32,freq:frequency(48)=700000000,throttle_flag:throttled=0x50000,voltage:volt=1.2375V,volt=1.2500V,volt=1.2500V,volt=1.2250V
TIME:14:15:39
38090
cpu:0.48, 0.46, 0.32,freq:frequency(48)=600000000,throttle_flag:throttled=0x50000,voltage:volt=1.2375V,volt=1.2500V,volt=1.2500V,volt=1.2250V
TIME:14:15:40
38090
cpu:0.44, 0.45, 0.32,freq:frequency(48)=600000000,throttle_flag:throttled=0x50000,voltage:volt=1.2375V,volt=1.2500V,volt=1.2500V,volt=1.2250V
TIME:14:15:41
37552
cpu:0.44, 0.45, 0.32,freq:frequency(48)=600000000,throttle_flag:throttled=0x50000,voltage:volt=1.2375V,volt=1.2500V,volt=1.2500V,volt=1.2250V
TIME:14:15:43
37552
cpu:0.44, 0.45, 0.32,freq:frequency(48)=800000000,throttle_flag:throttled=0x50000,voltage:volt=1.2375V,volt=1.2500V,volt=1.2500V,volt=1.2250V
TIME:14:15:44
37552
cpu:0.44, 0.45, 0.32,freq:frequency(48)=700000000,throttle_flag:throttled=0x50000,voltage:volt=1.2375V,volt=1.2500V,volt=1.2500V,volt=1.2250V
TIME:14:15:45
37552
cpu:0.41, 0.44, 0.32,freq:frequency(48)=700000000,throttle_flag:throttled=0x50000,voltage:volt=1.2375V,volt=1.2500V,volt=1.2500V,volt=1.2250V
TIME:14:15:46
37552
cpu:0.41, 0.44, 0.32,freq:frequency(48)=700000000,throttle_flag:throttled=0x50000,voltage:volt=1.2375V,volt=1.2500V,volt=1.2500V,volt=1.2250V
TIME:14:15:47
38090
cpu:0.41, 0.44, 0.32,freq:frequency(48)=600000000,throttle_flag:throttled=0x50000,voltage:volt=1.2375V,volt=1.2500V,volt=1.2500V,volt=1.2250V
TIME:14:15:48
38090
cpu:0.41, 0.44, 0.32,freq:frequency(48)=600000000,throttle_flag:throttled=0x50000,voltage:volt=1.2375V,volt=1.2500V,volt=1.2500V,volt=1.2250V
TIME:14:15:49
38628
cpu:0.41, 0.44, 0.32,freq:frequency(48)=800000000,throttle_flag:throttled=0x50000,voltage:volt=1.2375V,volt=1.2500V,volt=1.2500V,volt=1.2250V
TIME:14:15:50
38090
cpu:0.37, 0.43, 0.32,freq:frequency(48)=800000000,throttle_flag:throttled=0x50000,voltage:volt=1.2375V,volt=1.2500V,volt=1.2500V,volt=1.2250V
TIME:14:15:52
38090
cpu:0.37, 0.43, 0.32,freq:frequency(48)=900002000,throttle_flag:throttled=0x50000,voltage:volt=1.2375V,volt=1.2500V,volt=1.2500V,volt=1.2250V
TIME:14:15:53
37552
cpu:0.37, 0.43, 0.32,freq:frequency(48)=700000000,throttle_flag:throttled=0x50000,voltage:volt=1.2375V,volt=1.2500V,volt=1.2500V,volt=1.2250V
TIME:14:15:54
38090
cpu:0.37, 0.43, 0.32,freq:frequency(48)=700000000,throttle_flag:throttled=0x50000,voltage:volt=1.2375V,volt=1.2500V,volt=1.2500V,volt=1.2250V
TIME:14:15:55
38090
cpu:0.34, 0.43, 0.31,freq:frequency(48)=600000000,throttle_flag:throttled=0x50000,voltage:volt=1.2375V,volt=1.2500V,volt=1.2500V,volt=1.2250V
TIME:14:15:56
37552
cpu:0.34, 0.43, 0.31,freq:frequency(48)=600000000,throttle_flag:throttled=0x50000,voltage:volt=1.2375V,volt=1.2500V,volt=1.2500V,volt=1.2250V
TIME:14:15:57
37552
cpu:0.34, 0.43, 0.31,freq:frequency(48)=800000000,throttle_flag:throttled=0x50000,voltage:volt=1.2375V,volt=1.2500V,volt=1.2500V,volt=1.2250V
TIME:14:15:58
38090
cpu:0.34, 0.43, 0.31,freq:frequency(48)=700000000,throttle_flag:throttled=0x50000,voltage:volt=1.2375V,volt=1.2500V,volt=1.2500V,volt=1.2250V
TIME:14:15:59
37552
cpu:0.34, 0.43, 0.31,freq:frequency(48)=700000000,throttle_flag:throttled=0x50000,voltage:volt=1.2375V,volt=1.2500V,volt=1.2500V,volt=1.2250V
TIME:14:16:01
37552
cpu:0.31, 0.42, 0.31,freq:frequency(48)=700000000,throttle_flag:throttled=0x50000,voltage:volt=1.2375V,volt=1.2500V,volt=1.2500V,volt=1.2250V
TIME:14:16:02
38090
cpu:0.31, 0.42, 0.31,freq:frequency(48)=600000000,throttle_flag:throttled=0x50000,voltage:volt=1.2375V,volt=1.2500V,volt=1.2500V,volt=1.2250V
TIME:14:16:03
37552
cpu:0.31, 0.42, 0.31,freq:frequency(48)=600000000,throttle_flag:throttled=0x50000,voltage:volt=1.2375V,volt=1.2500V,volt=1.2500V,volt=1.2250V
TIME:14:16:04
37552
cpu:0.31, 0.42, 0.31,freq:frequency(48)=600000000,throttle_flag:throttled=0x50000,voltage:volt=1.2375V,volt=1.2500V,volt=1.2500V,volt=1.2250V
TIME:14:16:05
38090
cpu:0.29, 0.41, 0.31,freq:frequency(48)=800000000,throttle_flag:throttled=0x50000,voltage:volt=1.2375V,volt=1.2500V,volt=1.2500V,volt=1.2250V
TIME:14:16:06
38090
cpu:0.29, 0.41, 0.31,freq:frequency(48)=900000000,throttle_flag:throttled=0x50000,voltage:volt=1.2375V,volt=1.2500V,volt=1.2500V,volt=1.2250V
TIME:14:16:07
37552
cpu:0.29, 0.41, 0.31,freq:frequency(48)=800000000,throttle_flag:throttled=0x50000,voltage:volt=1.2375V,volt=1.2500V,volt=1.2500V,volt=1.2250V
TIME:14:16:08
37552
cpu:0.29, 0.41, 0.31,freq:frequency(48)=700000000,throttle_flag:throttled=0x50000,voltage:volt=1.2375V,volt=1.2500V,volt=1.2500V,volt=1.2250V
TIME:14:16:10
37552
cpu:0.29, 0.41, 0.31,freq:frequency(48)=700000000,throttle_flag:throttled=0x50000,voltage:volt=1.2375V,volt=1.2500V,volt=1.2500V,volt=1.2250V
TIME:14:16:11
37552
cpu:0.35, 0.42, 0.31,freq:frequency(48)=600000000,throttle_flag:throttled=0x50000,voltage:volt=1.2375V,volt=1.2500V,volt=1.2500V,volt=1.2250V
TIME:14:16:12
38090
cpu:0.35, 0.42, 0.31,freq:frequency(48)=600000000,throttle_flag:throttled=0x50000,voltage:volt=1.2375V,volt=1.2500V,volt=1.2500V,volt=1.2250V
TIME:14:16:13
38090
cpu:0.35, 0.42, 0.31,freq:frequency(48)=600000000,throttle_flag:throttled=0x50000,voltage:volt=1.2375V,volt=1.2500V,volt=1.2500V,volt=1.2250V
TIME:14:16:14
37552
cpu:0.35, 0.42, 0.31,freq:frequency(48)=800000000,throttle_flag:throttled=0x50000,voltage:volt=1.2375V,volt=1.2500V,volt=1.2500V,volt=1.2250V
TIME:14:16:15
37552
cpu:0.32, 0.41, 0.31,freq:frequency(48)=800000000,throttle_flag:throttled=0x50000,voltage:volt=1.2375V,volt=1.2500V,volt=1.2500V,volt=1.2250V
TIME:14:16:16
37552
cpu:0.32, 0.41, 0.31,freq:frequency(48)=700000000,throttle_flag:throttled=0x50000,voltage:volt=1.2375V,volt=1.2500V,volt=1.2500V,volt=1.2250V
TIME:14:16:17
38090
cpu:0.32, 0.41, 0.31,freq:frequency(48)=700000000,throttle_flag:throttled=0x50000,voltage:volt=1.2375V,volt=1.2500V,volt=1.2500V,volt=1.2250V
TIME:14:16:18
37552
cpu:0.32, 0.41, 0.31,freq:frequency(48)=600000000,throttle_flag:throttled=0x50000,voltage:volt=1.2375V,volt=1.2500V,volt=1.2500V,volt=1.2250V
TIME:14:16:20
37552
cpu:0.32, 0.41, 0.31,freq:frequency(48)=700000000,throttle_flag:throttled=0x50000,voltage:volt=1.2375V,volt=1.2500V,volt=1.2500V,volt=1.2250V
TIME:14:16:21
38090
cpu:0.37, 0.42, 0.32,freq:frequency(48)=800000000,throttle_flag:throttled=0x50000,voltage:volt=1.2375V,volt=1.2500V,volt=1.2500V,volt=1.2250V
TIME:14:16:22
37552
cpu:0.37, 0.42, 0.32,freq:frequency(48)=699998000,throttle_flag:throttled=0x50000,voltage:volt=1.2375V,volt=1.2500V,volt=1.2500V,volt=1.2250V
TIME:14:16:23
37552
cpu:0.37, 0.42, 0.32,freq:frequency(48)=600000000,throttle_flag:throttled=0x50000,voltage:volt=1.2375V,volt=1.2500V,volt=1.2500V,volt=1.2250V
TIME:14:16:24
37552
cpu:0.37, 0.42, 0.32,freq:frequency(48)=800000000,throttle_flag:throttled=0x50000,voltage:volt=1.2375V,volt=1.2500V,volt=1.2500V,volt=1.2250V
TIME:14:16:25
38628
cpu:0.34, 0.42, 0.31,freq:frequency(48)=700000000,throttle_flag:throttled=0x50000,voltage:volt=1.2375V,volt=1.2500V,volt=1.2500V,volt=1.2250V
TIME:14:16:26
38090
cpu:0.34, 0.42, 0.31,freq:frequency(48)=700000000,throttle_flag:throttled=0x50000,voltage:volt=1.2375V,volt=1.2500V,volt=1.2500V,volt=1.2250V
TIME:14:16:27
37552
cpu:0.34, 0.42, 0.31,freq:frequency(48)=700000000,throttle_flag:throttled=0x50000,voltage:volt=1.2375V,volt=1.2500V,volt=1.2500V,volt=1.2250V
TIME:14:16:29
37552
cpu:0.34, 0.42, 0.31,freq:frequency(48)=600000000,throttle_flag:throttled=0x50000,voltage:volt=1.2375V,volt=1.2500V,volt=1.2500V,volt=1.2250V
TIME:14:16:30
37552
cpu:0.34, 0.42, 0.31,freq:frequency(48)=600000000,throttle_flag:throttled=0x50000,voltage:volt=1.2375V,volt=1.2500V,volt=1.2500V,volt=1.2250V
TIME:14:16:31
37014
cpu:0.40, 0.43, 0.32,freq:frequency(48)=600000000,throttle_flag:throttled=0x50000,voltage:volt=1.2375V,volt=1.2500V,volt=1.2500V,volt=1.2250V
TIME:14:16:32
37552
cpu:0.40, 0.43, 0.32,freq:frequency(48)=800002000,throttle_flag:throttled=0x50000,voltage:volt=1.2375V,volt=1.2500V,volt=1.2500V,volt=1.2250V
TIME:14:16:33
37014
cpu:0.40, 0.43, 0.32,freq:frequency(48)=700000000,throttle_flag:throttled=0x50000,voltage:volt=1.2375V,volt=1.2500V,volt=1.2500V,volt=1.2250V
TIME:14:16:34
37552
cpu:0.40, 0.43, 0.32,freq:frequency(48)=700000000,throttle_flag:throttled=0x50000,voltage:volt=1.2375V,volt=1.2500V,volt=1.2500V,volt=1.2250V
TIME:14:16:35
37552
cpu:0.36, 0.42, 0.32,freq:frequency(48)=900000000,throttle_flag:throttled=0x50000,voltage:volt=1.2375V,volt=1.2500V,volt=1.2500V,volt=1.2250V
TIME:14:16:36
37552
cpu:0.36, 0.42, 0.32,freq:frequency(48)=700000000,throttle_flag:throttled=0x50000,voltage:volt=1.2375V,volt=1.2500V,volt=1.2500V,volt=1.2250V
TIME:14:16:38
37552
cpu:0.36, 0.42, 0.32,freq:frequency(48)=700000000,throttle_flag:throttled=0x50000,voltage:volt=1.2375V,volt=1.2500V,volt=1.2500V,volt=1.2250V
TIME:14:16:39
37552
cpu:0.36, 0.42, 0.32,freq:frequency(48)=600000000,throttle_flag:throttled=0x50000,voltage:volt=1.2375V,volt=1.2500V,volt=1.2500V,volt=1.2250V
TIME:14:16:40
37552
cpu:0.33, 0.41, 0.31,freq:frequency(48)=600000000,throttle_flag:throttled=0x50000,voltage:volt=1.2375V,volt=1.2500V,volt=1.2500V,volt=1.2250V
TIME:14:16:41
37552
cpu:0.33, 0.41, 0.31,freq:frequency(48)=600000000,throttle_flag:throttled=0x50000,voltage:volt=1.2375V,volt=1.2500V,volt=1.2500V,volt=1.2250V
TIME:14:16:42
37552
cpu:0.33, 0.41, 0.31,freq:frequency(48)=800000000,throttle_flag:throttled=0x50000,voltage:volt=1.2375V,volt=1.2500V,volt=1.2500V,volt=1.2250V
TIME:14:16:43
37014
cpu:0.33, 0.41, 0.31,freq:frequency(48)=700000000,throttle_flag:throttled=0x50000,voltage:volt=1.2375V,volt=1.2500V,volt=1.2500V,volt=1.2250V
TIME:14:16:44
37552
cpu:0.33, 0.41, 0.31,freq:frequency(48)=700000000,throttle_flag:throttled=0x50000,voltage:volt=1.2375V,volt=1.2500V,volt=1.2500V,volt=1.2250V
TIME:14:16:45
37552
cpu:0.31, 0.40, 0.31,freq:frequency(48)=600000000,throttle_flag:throttled=0x50000,voltage:volt=1.2375V,volt=1.2500V,volt=1.2500V,volt=1.2250V
TIME:14:16:47
37552
cpu:0.31, 0.40, 0.31,freq:frequency(48)=600000000,throttle_flag:throttled=0x50000,voltage:volt=1.2375V,volt=1.2500V,volt=1.2500V,volt=1.2250V
TIME:14:16:48
37552
cpu:0.31, 0.40, 0.31,freq:frequency(48)=600000000,throttle_flag:throttled=0x50000,voltage:volt=1.2375V,volt=1.2500V,volt=1.2500V,volt=1.2250V
TIME:14:16:49
37552
cpu:0.31, 0.40, 0.31,freq:frequency(48)=800000000,throttle_flag:throttled=0x50000,voltage:volt=1.2375V,volt=1.2500V,volt=1.2500V,volt=1.2250V
TIME:14:16:50
38090
cpu:0.28, 0.40, 0.31,freq:frequency(48)=800000000,throttle_flag:throttled=0x50000,voltage:volt=1.2375V,volt=1.2500V,volt=1.2500V,volt=1.2250V
TIME:14:16:51
37552
cpu:0.28, 0.40, 0.31,freq:frequency(48)=600000000,throttle_flag:throttled=0x50000,voltage:volt=1.2375V,volt=1.2500V,volt=1.2500V,volt=1.2250V
TIME:14:16:52
37552
cpu:0.28, 0.40, 0.31,freq:frequency(48)=700000000,throttle_flag:throttled=0x50000,voltage:volt=1.2375V,volt=1.2500V,volt=1.2500V,volt=1.2250V
TIME:14:16:53
37552
cpu:0.28, 0.40, 0.31,freq:frequency(48)=700000000,throttle_flag:throttled=0x50000,voltage:volt=1.2375V,volt=1.2500V,volt=1.2500V,volt=1.2250V
TIME:14:16:54
37552
cpu:0.28, 0.40, 0.31,freq:frequency(48)=700000000,throttle_flag:throttled=0x50000,voltage:volt=1.2375V,volt=1.2500V,volt=1.2500V,volt=1.2250V
TIME:14:16:56
37552
cpu:0.34, 0.41, 0.31,freq:frequency(48)=700000000,throttle_flag:throttled=0x50000,voltage:volt=1.2375V,volt=1.2500V,volt=1.2500V,volt=1.2250V
TIME:14:16:57
37552
cpu:0.34, 0.41, 0.31,freq:frequency(48)=600000000,throttle_flag:throttled=0x50000,voltage:volt=1.2375V,volt=1.2500V,volt=1.2500V,volt=1.2250V
TIME:14:16:58
37552
cpu:0.34, 0.41, 0.31,freq:frequency(48)=600000000,throttle_flag:throttled=0x50000,voltage:volt=1.2375V,volt=1.2500V,volt=1.2500V,volt=1.2250V
TIME:14:16:59
38090
cpu:0.34, 0.41, 0.31,freq:frequency(48)=800000000,throttle_flag:throttled=0x50000,voltage:volt=1.2375V,volt=1.2500V,volt=1.2500V,volt=1.2250V
TIME:14:17:00
37552
cpu:0.31, 0.40, 0.31,freq:frequency(48)=800000000,throttle_flag:throttled=0x50000,voltage:volt=1.2375V,volt=1.2500V,volt=1.2500V,volt=1.2250V
TIME:14:17:01
37552
cpu:0.31, 0.40, 0.31,freq:frequency(48)=1000000000,throttle_flag:throttled=0x50000,voltage:volt=1.2375V,volt=1.2500V,volt=1.2500V,volt=1.2250V
TIME:14:17:02
37552
cpu:0.31, 0.40, 0.31,freq:frequency(48)=700000000,throttle_flag:throttled=0x50000,voltage:volt=1.2375V,volt=1.2500V,volt=1.2500V,volt=1.2250V
TIME:14:17:03
37552
cpu:0.31, 0.40, 0.31,freq:frequency(48)=800000000,throttle_flag:throttled=0x50000,voltage:volt=1.2375V,volt=1.2500V,volt=1.2500V,volt=1.2250V
TIME:14:17:04
37552
cpu:0.31, 0.40, 0.31,freq:frequency(48)=800000000,throttle_flag:throttled=0x50000,voltage:volt=1.2375V,volt=1.2500V,volt=1.2500V,volt=1.2250V
TIME:14:17:06
37552
cpu:0.29, 0.39, 0.31,freq:frequency(48)=700000000,throttle_flag:throttled=0x50000,voltage:volt=1.2375V,volt=1.2500V,volt=1.2500V,volt=1.2250V
TIME:14:17:07
38090
cpu:0.29, 0.39, 0.31,freq:frequency(48)=700000000,throttle_flag:throttled=0x50000,voltage:volt=1.2375V,volt=1.2500V,volt=1.2500V,volt=1.2250V
TIME:14:17:08
37014
cpu:0.29, 0.39, 0.31,freq:frequency(48)=700000000,throttle_flag:throttled=0x50000,voltage:volt=1.2375V,volt=1.2500V,volt=1.2500V,volt=1.2250V
TIME:14:17:09
37552
cpu:0.29, 0.39, 0.31,freq:frequency(48)=600000000,throttle_flag:throttled=0x50000,voltage:volt=1.2375V,volt=1.2500V,volt=1.2500V,volt=1.2250V
TIME:14:17:10
37552
cpu:0.26, 0.39, 0.31,freq:frequency(48)=600000000,throttle_flag:throttled=0x50000,voltage:volt=1.2375V,volt=1.2500V,volt=1.2500V,volt=1.2250V
TIME:14:17:11
37552
cpu:0.26, 0.39, 0.31,freq:frequency(48)=600000000,throttle_flag:throttled=0x50000,voltage:volt=1.2375V,volt=1.2500V,volt=1.2500V,volt=1.2250V
TIME:14:17:12
37552
cpu:0.26, 0.39, 0.31,freq:frequency(48)=600000000,throttle_flag:throttled=0x50000,voltage:volt=1.2375V,volt=1.2500V,volt=1.2500V,volt=1.2250V
TIME:14:17:13
37552
cpu:0.26, 0.39, 0.31,freq:frequency(48)=800000000,throttle_flag:throttled=0x50000,voltage:volt=1.2375V,volt=1.2500V,volt=1.2500V,volt=1.2250V
TIME:14:17:15
38090
cpu:0.26, 0.39, 0.31,freq:frequency(48)=700000000,throttle_flag:throttled=0x50000,voltage:volt=1.2375V,volt=1.2500V,volt=1.2500V,volt=1.2250V
TIME:14:17:16
37552
cpu:0.24, 0.38, 0.31,freq:frequency(48)=700000000,throttle_flag:throttled=0x50000,voltage:volt=1.2375V,volt=1.2500V,volt=1.2500V,volt=1.2250V
TIME:14:17:17
38090
cpu:0.24, 0.38, 0.31,freq:frequency(48)=700000000,throttle_flag:throttled=0x50000,voltage:volt=1.2375V,volt=1.2500V,volt=1.2500V,volt=1.2250V
TIME:14:17:18
38090
cpu:0.24, 0.38, 0.31,freq:frequency(48)=800000000,throttle_flag:throttled=0x50000,voltage:volt=1.2375V,volt=1.2500V,volt=1.2500V,volt=1.2250V
TIME:14:17:19
37552
cpu:0.24, 0.38, 0.31,freq:frequency(48)=800000000,throttle_flag:throttled=0x50000,voltage:volt=1.2375V,volt=1.2500V,volt=1.2500V,volt=1.2250V
TIME:14:17:20
37552
cpu:0.22, 0.37, 0.30,freq:frequency(48)=700000000,throttle_flag:throttled=0x50000,voltage:volt=1.2375V,volt=1.2500V,volt=1.2500V,volt=1.2250V
TIME:14:17:21
37552
cpu:0.22, 0.37, 0.30,freq:frequency(48)=600000000,throttle_flag:throttled=0x50000,voltage:volt=1.2375V,volt=1.2500V,volt=1.2500V,volt=1.2250V
TIME:14:17:22
38628
cpu:0.22, 0.37, 0.30,freq:frequency(48)=1400000000,throttle_flag:throttled=0x50000,voltage:volt=1.3375V,volt=1.2500V,volt=1.2500V,volt=1.2250V
TIME:14:17:24
38628
cpu:0.22, 0.37, 0.30,freq:frequency(48)=1400002000,throttle_flag:throttled=0x50000,voltage:volt=1.3375V,volt=1.2500V,volt=1.2500V,volt=1.2250V
TIME:14:17:25
38628
cpu:0.22, 0.37, 0.30,freq:frequency(48)=1400000000,throttle_flag:throttled=0x50000,voltage:volt=1.3375V,volt=1.2500V,volt=1.2500V,volt=1.2250V
TIME:14:17:26
39166
cpu:0.29, 0.38, 0.31,freq:frequency(48)=1400002000,throttle_flag:throttled=0x50000,voltage:volt=1.3375V,volt=1.2500V,volt=1.2500V,volt=1.2250V
