ALL SYNC
2026-04-21 06:48:37.095247 Sync done -> model run start
2026-04-21 06:48:37.095255 Sync done -> model run start
2026-04-21 06:48:37.095248 Sync done -> model run start
2026-04-21 06:48:37.095529 Sync done -> model run start
2 0.548 [0.5477946740575135]
0 0.549 [0.5488732098601758]
1 0.551 [0.5505273139569908]
3 0.561 [0.561101937899366]
2026-04-21 06:48:38.038483 Sync done -> model run start
2026-04-21 06:48:38.038483 Sync done -> model run start
2026-04-21 06:48:38.055114 Sync done -> model run start
2026-04-21 06:48:38.073072 Sync done -> model run start
0 0.511 [0.5108945830725133]
1 0.511 [0.5108947400003672]
2 0.514 [0.5140530539210886]
3 0.515 [0.5152319008484483]
2026-04-21 06:48:41.838191 Sync done -> model run start
2026-04-21 06:48:41.849853 Sync done -> model run start
2026-04-21 06:48:41.857065 Sync done -> model run start
2026-04-21 06:48:41.868576 Sync done -> model run start
1 0.493 [0.49255401687696576]
2 0.493 [0.49272359907627106]
3 0.492 [0.4913904299028218]
0 0.494 [0.4936361978761852]
2026-04-21 06:48:46.942273 Sync done -> model run start
2026-04-21 06:48:46.949752 Sync done -> model run start
2026-04-21 06:48:46.962192 Sync done -> model run start
2026-04-21 06:48:46.972898 Sync done -> model run start
0 0.492 [0.4922956330701709]
2 0.491 [0.4913730351254344]
3 0.491 [0.49039069609716535]
1 0.538 [0.5380516080185771]
2026-04-21 06:48:51.710463 Sync done -> model run start
2026-04-21 06:48:51.714901 Sync done -> model run start
2026-04-21 06:48:51.724686 Sync done -> model run start
2026-04-21 06:48:51.742359 Sync done -> model run start
1 0.515 [0.5147787269670516]
0 0.522 [0.5213792598806322]
3 0.503 [0.5031558808404952]
2 0.536 [0.5356290708296001]
2026-04-21 06:48:52.334239 Sync done -> model run start
net_times: [[0.266, 0.0, 3211264, 0], [0.022, 0.0, 3211264, 0], [2.88, 0.0, 3211264, 0], [4.226, 0.0, 3211264, 0], [3.845, 0.0, 3211264, 0]]
echo 'race4fun' | sudo -S sh -c 'journalctl --since "2026-04-21 06:48:35.895569" --until "2026-04-21 06:48:52.334239" -k -o short-iso '| grep -i -E 'throttle|throttled|thermal|cpufreq|under-voltage|voltage'
