ALL SYNC
2026-04-21 06:49:24.448404 Sync done -> model run start
2026-04-21 06:49:24.448406 Sync done -> model run start
2026-04-21 06:49:24.448687 Sync done -> model run start
2026-04-21 06:49:24.448404 Sync done -> model run start
0 0.034 [0.0339085990563035]
2 0.034 [0.03387536993250251]
1 0.034 [0.03381948405876756]
3 0.039 [0.03862023586407304]
2026-04-21 06:49:24.972640 Sync done -> model run start
2026-04-21 06:49:24.972626 Sync done -> model run start
2026-04-21 06:49:24.972647 Sync done -> model run start
2026-04-21 06:49:24.982535 Sync done -> model run start
1 0.006 [0.005242312094196677]
2 0.006 [0.005241427104920149]
0 0.006 [0.005232676863670349]
3 0.003 [0.003038576105609536]
2026-04-21 06:49:26.415276 Sync done -> model run start
2026-04-21 06:49:26.416801 Sync done -> model run start
2026-04-21 06:49:26.421702 Sync done -> model run start
2026-04-21 06:49:26.426221 Sync done -> model run start
0 0.006 [0.006116056814789772]
1 0.006 [0.006047672126442194]
2 0.006 [0.0056491331197321415]
3 0.004 [0.003946486860513687]
2026-04-21 06:49:28.159510 Sync done -> model run start
2026-04-21 06:49:28.160471 Sync done -> model run start
2026-04-21 06:49:28.165870 Sync done -> model run start
2026-04-21 06:49:28.168425 Sync done -> model run start
1 0.006 [0.005896266084164381]
0 0.006 [0.006096889963373542]
2 0.006 [0.005604340927675366]
3 0.005 [0.004556118976324797]
2026-04-21 06:49:30.742636 Sync done -> model run start
2026-04-21 06:49:30.749050 Sync done -> model run start
2026-04-21 06:49:30.751760 Sync done -> model run start
2026-04-21 06:49:30.757119 Sync done -> model run start
0 0.009 [0.00845390697941184]
1 0.007 [0.006426941137760878]
2 0.006 [0.005700330017134547]
3 0.004 [0.004320131149142981]
2026-04-21 06:49:30.829582 Sync done -> model run start
net_times: [[4.016, 0.0, 401408, 0], [0.333, 0.0, 401408, 0], [1.285, 0.0, 401408, 0], [1.58, 0.0, 401408, 0], [2.407, 0.0, 401408, 0]]
echo 'race4fun' | sudo -S sh -c 'journalctl --since "2026-04-21 06:49:19.979611" --until "2026-04-21 06:49:30.829582" -k -o short-iso '| grep -i -E 'throttle|throttled|thermal|cpufreq|under-voltage|voltage'
