ALL SYNC
2026-04-21 06:49:21.539341 Sync done -> model run start
2026-04-21 06:49:21.539332 Sync done -> model run start
2026-04-21 06:49:21.539332 Sync done -> model run start
2026-04-21 06:49:21.539332 Sync done -> model run start
1 0.478 [0.47791843698360026]
2 0.479 [0.4788592669647187]
0 0.484 [0.48416414111852646]
3 0.523 [0.5228549749590456]
2026-04-21 06:49:22.643275 Sync done -> model run start
2026-04-21 06:49:22.666678 Sync done -> model run start
2026-04-21 06:49:22.670485 Sync done -> model run start
2026-04-21 06:49:22.693308 Sync done -> model run start
0 0.421 [0.4207768449559808]
1 0.42 [0.4202844509854913]
2 0.436 [0.43568371213041246]
3 0.467 [0.46688769990578294]
2026-04-21 06:49:24.207894 Sync done -> model run start
2026-04-21 06:49:24.218726 Sync done -> model run start
2026-04-21 06:49:24.231804 Sync done -> model run start
2026-04-21 06:49:24.260113 Sync done -> model run start
1 0.415 [0.4149263990111649]
2 0.412 [0.41181193315424025]
0 0.41 [0.40972287906333804]
3 0.442 [0.44216295587830245]
2026-04-21 06:49:25.612297 Sync done -> model run start
2026-04-21 06:49:25.614708 Sync done -> model run start
2026-04-21 06:49:25.639900 Sync done -> model run start
2026-04-21 06:49:25.655542 Sync done -> model run start
1 0.417 [0.41650524688884616]
0 0.42 [0.4200520559679717]
2 0.416 [0.41601186408661306]
3 0.416 [0.4160947799682617]
2026-04-21 06:49:27.820321 Sync done -> model run start
2026-04-21 06:49:27.831261 Sync done -> model run start
2026-04-21 06:49:27.844943 Sync done -> model run start
2026-04-21 06:49:27.855855 Sync done -> model run start
2 0.416 [0.41539415810257196]
3 0.419 [0.41872133198194206]
1 0.46 [0.4597760618198663]
0 0.409 [0.4085135078057647]
2026-04-21 06:49:29.703146 Sync done -> model run start
net_times: [[1.092, 0.37, 3211264, 161952], [0.022, 0.825, 3211264, 161952], [0.019, 0.696, 3211264, 370531], [0.021, 1.064, 3211264, 584019], [0.487, 1.337, 3211264, 739503]]
echo 'race4fun' | sudo -S sh -c 'journalctl --since "2026-04-21 06:49:19.975616" --until "2026-04-21 06:49:29.703146" -k -o short-iso '| grep -i -E 'throttle|throttled|thermal|cpufreq|under-voltage|voltage'
