ALL SYNC
2026-04-21 06:48:35.327530 Sync done -> model run start
2026-04-21 06:48:35.327530 Sync done -> model run start
2026-04-21 06:48:35.327530 Sync done -> model run start
2026-04-21 06:48:35.327530 Sync done -> model run start
0 0.421 [0.42055600602179766]
1 0.421 [0.4206344960257411]
3 0.422 [0.4221593290567398]
2 0.479 [0.4784856829792261]
2026-04-21 06:48:36.279178 Sync done -> model run start
2026-04-21 06:48:36.285293 Sync done -> model run start
2026-04-21 06:48:36.293668 Sync done -> model run start
2026-04-21 06:48:36.302627 Sync done -> model run start
0 0.342 [0.34231346007436514]
1 0.34 [0.3396395219024271]
2 0.348 [0.3476576921530068]
3 0.358 [0.35734954685904086]
2026-04-21 06:48:37.880129 Sync done -> model run start
2026-04-21 06:48:37.886374 Sync done -> model run start
2026-04-21 06:48:37.900727 Sync done -> model run start
2026-04-21 06:48:37.908970 Sync done -> model run start
1 0.333 [0.33255530311726034]
2 0.334 [0.3335011820308864]
3 0.338 [0.3374608401209116]
0 0.403 [0.4025485881138593]
2026-04-21 06:48:41.709092 Sync done -> model run start
2026-04-21 06:48:41.716511 Sync done -> model run start
2026-04-21 06:48:41.724403 Sync done -> model run start
2026-04-21 06:48:41.748437 Sync done -> model run start
0 0.34 [0.3394122840836644]
2026-04-21 06:48:46.802969 Sync done -> model run start
2026-04-21 06:48:46.809506 Sync done -> model run start
2026-04-21 06:48:46.818679 Sync done -> model run start
2026-04-21 06:48:46.828157 Sync done -> model run start
0 0.35 [0.3496459589805454]
1 0.346 [0.34591458085924387]
2 0.354 [0.3540539999958128]
3 0.362 [0.3620418580248952]
2026-04-21 06:48:51.436832 Sync done -> model run start
net_times: [[0.0, 0.269, 0, 89359], [0.0, 1.027, 0, 89359], [0.0, 3.202, 0, 1721154], [0.0, 4.495, 0, 2271835], [0.0, 4.152, 0, 2276399]]
echo 'race4fun' | sudo -S sh -c 'journalctl --since "2026-04-21 06:48:34.891941" --until "2026-04-21 06:48:51.436832" -k -o short-iso '| grep -i -E 'throttle|throttled|thermal|cpufreq|under-voltage|voltage'
