ALL SYNC
2026-04-21 06:49:23.340320 Sync done -> model run start
2026-04-21 06:49:23.340315 Sync done -> model run start
2026-04-21 06:49:23.340312 Sync done -> model run start
2026-04-21 06:49:23.340525 Sync done -> model run start
2 0.366 [0.3659745049662888]
1 0.371 [0.3706224551424384]
0 0.371 [0.37062313221395016]
3 0.408 [0.4074816859792918]
2026-04-21 06:49:24.290671 Sync done -> model run start
2026-04-21 06:49:24.295225 Sync done -> model run start
2026-04-21 06:49:24.301231 Sync done -> model run start
2026-04-21 06:49:24.308366 Sync done -> model run start
0 0.322 [0.32161347987130284]
1 0.322 [0.32170071895234287]
3 0.322 [0.32141217892058194]
2 0.363 [0.3623999871779233]
2026-04-21 06:49:25.680348 Sync done -> model run start
2026-04-21 06:49:25.686644 Sync done -> model run start
2026-04-21 06:49:25.700953 Sync done -> model run start
2026-04-21 06:49:25.711993 Sync done -> model run start
0 0.323 [0.3232350358739495]
1 0.323 [0.32252837298437953]
3 0.321 [0.3204517138656229]
2 0.344 [0.3439071951434016]
2026-04-21 06:49:27.429873 Sync done -> model run start
2026-04-21 06:49:27.435626 Sync done -> model run start
2026-04-21 06:49:27.443488 Sync done -> model run start
2026-04-21 06:49:27.449737 Sync done -> model run start
0 0.354 [0.3540459570940584]
1 0.345 [0.34523521014489233]
2 0.343 [0.3433296449948102]
2026-04-21 06:49:29.915670 Sync done -> model run start
2026-04-21 06:49:29.915670 Sync done -> model run start
2026-04-21 06:49:29.924588 Sync done -> model run start
2026-04-21 06:49:29.935033 Sync done -> model run start
1 0.326 [0.32535961107350886]
0 0.327 [0.32671715808101]
2 0.328 [0.3282993910834193]
3 0.324 [0.3240934698842466]
2026-04-21 06:49:30.681674 Sync done -> model run start
net_times: [[2.505, 0.212, 1605632, 99176], [0.014, 0.191, 1605632, 99176], [0.501, 0.24, 1605632, 126974], [0.808, 0.237, 1605632, 126868], [1.542, 0.341, 1605632, 163277]]
echo 'race4fun' | sudo -S sh -c 'journalctl --since "2026-04-21 06:49:19.981026" --until "2026-04-21 06:49:30.681674" -k -o short-iso '| grep -i -E 'throttle|throttled|thermal|cpufreq|under-voltage|voltage'
