ALL SYNC
2026-04-21 11:43:18.464911 Sync done -> model run start
2026-04-21 11:43:18.464911 Sync done -> model run start
2026-04-21 11:43:18.464911 Sync done -> model run start
2026-04-21 11:43:18.464911 Sync done -> model run start
2 5.403 [1.1659761101473123, 0.9656029629986733, 1.1870696179103106, 1.0580116000492126, 1.026254124008119]
3 5.468 [1.1588253050576895, 0.9727522579487413, 1.2423680920619518, 1.0307013459969312, 1.0628680379595608]
1 5.487 [1.1588251490611583, 0.9600372051354498, 1.173909931909293, 1.1161318321246654, 1.0775629780255258]
0 5.502 [1.2401935700327158, 0.9599386118352413, 1.1998321190476418, 1.018197749974206, 1.083643994992599]
2026-04-21 11:43:33.248250 Sync done -> model run start
2026-04-21 11:43:33.255019 Sync done -> model run start
2026-04-21 11:43:33.278898 Sync done -> model run start
2026-04-21 11:43:33.300085 Sync done -> model run start
0 4.269 [0.6144891248550266, 0.6382946539670229, 1.1393137180712074, 0.8796241970267147, 0.9973020539619029]
1 4.326 [0.6096965400502086, 0.6382232480682433, 1.1913200689014047, 0.8533591988962144, 1.0331832619849592]
3 4.474 [0.6880350250285119, 0.5948333709966391, 1.2056307399179786, 0.828684298787266, 1.1568975010886788]
2026-04-21 11:43:48.942569 Sync done -> model run start
2026-04-21 11:43:48.955528 Sync done -> model run start
2026-04-21 11:43:48.976537 Sync done -> model run start
2026-04-21 11:43:48.993584 Sync done -> model run start
3 4.242 [0.6024006330408156, 0.5864611130673438, 1.0213416959159076, 0.9605726189911366, 1.0712200358975679]
0 4.315 [0.6044909360352904, 0.5889301660936326, 1.049307624110952, 0.9864895981736481, 1.0852083628997207]
2 4.36 [0.6001666840165854, 0.5895285489968956, 1.1385534608270973, 0.9122498978395015, 1.1194872360210866]
1 4.556 [0.6336860260926187, 0.6039583350066096, 1.1403960571624339, 0.9319235680159181, 1.245822505094111]
2026-04-21 11:44:04.085263 Sync done -> model run start
2026-04-21 11:44:04.085262 Sync done -> model run start
2026-04-21 11:44:04.103326 Sync done -> model run start
2026-04-21 11:44:04.122452 Sync done -> model run start
1 3.999 [0.600957565009594, 0.5938606669660658, 0.8398353999946266, 1.244309333851561, 0.7193745861295611]
3 4.021 [0.6023114139679819, 0.5941963950172067, 0.8824934039730579, 1.2769355028867722, 0.6649565768893808]
2 4.072 [0.6007116809487343, 0.5937256158795208, 0.8586148030590266, 1.388443853938952, 0.630483069922775]
0 4.158 [0.6452813961077482, 0.6094984682276845, 0.9707265358883888, 1.30280951410532, 0.6294209910556674]
2026-04-21 11:44:19.237897 Sync done -> model run start
2026-04-21 11:44:19.242527 Sync done -> model run start
2026-04-21 11:44:19.268199 Sync done -> model run start
2026-04-21 11:44:19.287155 Sync done -> model run start
0 4.733 [0.6133912121877074, 0.9617427699267864, 1.2836251121480018, 1.0006416230462492, 0.8735736480448395]
3 4.722 [0.6051543192006648, 0.9996665741782635, 1.2720916168764234, 1.0199378989636898, 0.8251924370415509]
1 4.798 [0.6103184130042791, 1.0563215010333806, 1.2799359080381691, 1.0533167750108987, 0.7972475518472493]
2 4.827 [0.6093960211146623, 0.9884616718627512, 1.3133323870133609, 1.1158779789693654, 0.8001736330334097]
2026-04-21 11:44:34.771195 Sync done -> model run start
2026-04-21 11:44:34.792964 Sync done -> model run start
2026-04-21 11:44:34.821049 Sync done -> model run start
2026-04-21 11:44:34.845411 Sync done -> model run start
1 3.601 [0.597337372135371, 0.584900442045182, 0.5742742358706892, 0.894998457049951, 0.9493852159939706]
0 3.691 [0.5996804870665073, 0.583520291838795, 0.5730992411263287, 1.0733951819129288, 0.8611102090217173]
2 3.663 [0.5931383778806776, 0.5841345600783825, 0.5771101098507643, 0.9353763139806688, 0.9735107431188226]
3 3.68 [0.5920205179136246, 0.625177102163434, 0.5731127299368382, 1.1078553551342338, 0.7818722489755601]
2026-04-21 11:44:49.932327 Sync done -> model run start
2026-04-21 11:44:49.936992 Sync done -> model run start
2026-04-21 11:44:49.960330 Sync done -> model run start
2026-04-21 11:44:49.979942 Sync done -> model run start
1 4.09 [0.6103652350138873, 0.5997219979763031, 1.0423579120542854, 0.8655460239388049, 0.9712992408312857]
2 4.144 [0.6103163820225745, 0.5988871050067246, 1.0975654490757734, 0.8237911940086633, 1.0127687088679522]
0 4.265 [0.6144479790236801, 0.599528196034953, 1.2158681468572468, 0.7741210309322923, 1.061180179938674]
3 4.408 [0.6490346100181341, 0.5980865880846977, 1.197932437993586, 0.7807570449076593, 1.1820645341649652]
2026-04-21 11:45:05.003465 Sync done -> model run start
2026-04-21 11:45:05.034002 Sync done -> model run start
2026-04-21 11:45:05.066349 Sync done -> model run start
2026-04-21 11:45:05.084470 Sync done -> model run start
0 2.938 [0.6023827160242945, 0.5799882228020579, 0.6049778610467911, 0.5768530271016061, 0.5737058520317078]
1 2.943 [0.6032193789724261, 0.5850698170252144, 0.607812745962292, 0.574460380943492, 0.5723203888628632]
3 2.944 [0.5979745560325682, 0.5852220559027046, 0.6049748919904232, 0.5767624550499022, 0.578536249930039]
2 3.025 [0.5968266960699111, 0.6328364468645304, 0.6023944860789925, 0.6227225291077048, 0.5699112848378718]
2026-04-21 11:45:20.339098 Sync done -> model run start
2026-04-21 11:45:20.345098 Sync done -> model run start
2026-04-21 11:45:20.369566 Sync done -> model run start
2026-04-21 11:45:20.383531 Sync done -> model run start
1 3.999 [0.6084026389289647, 0.5930242110043764, 0.5848929951898754, 0.980363684007898, 1.2315805309917778]
0 4.033 [0.6090465949382633, 0.5903147961944342, 0.585097316885367, 0.9745618849992752, 1.2736200990621]
2 4.029 [0.6091476359870285, 0.5948748288210481, 0.5884974070359021, 1.0098711680620909, 1.225900397170335]
3 4.121 [0.6476148760411888, 0.5937880109995604, 0.6403270410373807, 1.1715245759114623, 1.0678909341804683]
2026-04-21 11:45:35.486951 Sync done -> model run start
2026-04-21 11:45:35.512451 Sync done -> model run start
2026-04-21 11:45:35.520906 Sync done -> model run start
2026-04-21 11:45:35.524901 Sync done -> model run start
3 3.702 [0.6231575270649046, 1.0284661459736526, 0.8958636620081961, 0.5757874578703195, 0.5787526031490415]
2 3.769 [0.6389315780252218, 1.064505164977163, 0.8901164969429374, 0.5858664801344275, 0.5897834950592369]
1 3.821 [0.6197891549672931, 0.9960613290313631, 1.0484813761431724, 0.5781473449897021, 0.5779276578687131]
0 3.809 [0.6179884341545403, 1.0925041150767356, 0.899098961148411, 0.5752400651108474, 0.623639244120568]
2026-04-21 11:45:40.468554 Sync done -> model run start
net_times: [[45.524, 1.173, 1210368, 605184], [7.682, 1.127, 1210368, 605184], [9.614, 1.129, 1210368, 605184], [8.986, 1.053, 1210368, 605184], [9.56, 1.045, 1210368, 605184], [9.222, 1.053, 1210368, 605184], [9.942, 1.119, 1210368, 605184], [9.07, 1.044, 1210368, 605184], [10.772, 1.044, 1210368, 605184], [9.517, 1.052, 1210368, 605184]]
echo 'race4fun' | sudo -S sh -c 'journalctl --since "2026-04-21 11:42:32.059959" --until "2026-04-21 11:45:40.468554" -k -o short-iso '| grep -i -E 'throttle|throttled|thermal|cpufreq|under-voltage|voltage'
