ALL SYNC
2026-04-21 11:43:02.954788 Sync done -> model run start
2026-04-21 11:43:02.954796 Sync done -> model run start
2026-04-21 11:43:02.954788 Sync done -> model run start
2026-04-21 11:43:02.954793 Sync done -> model run start
2 11.811 [2.46232212590985, 2.3575579789467156, 2.312828168971464, 2.305881467880681, 2.3724755700677633]
0 11.847 [2.4732221430167556, 2.3723123059608042, 2.3226817830000073, 2.3082392720971256, 2.3700254228897393]
1 12.145 [2.471096056047827, 2.369998147012666, 2.322899854974821, 2.305906780064106, 2.6749555310234427]
3 12.453 [2.6189532361458987, 2.4478278439491987, 2.4023356928955764, 2.4121402380988, 2.57098649116233]
2026-04-21 11:43:18.541436 Sync done -> model run start
2026-04-21 11:43:18.547373 Sync done -> model run start
2026-04-21 11:43:18.564960 Sync done -> model run start
2026-04-21 11:43:18.598049 Sync done -> model run start
1 11.91 [2.362468349048868, 2.3842717111110687, 2.3542672710027546, 2.346448125084862, 2.462331597926095]
2 11.921 [2.3659564109984785, 2.4010003549046814, 2.3554036740679294, 2.3640390050131828, 2.4340535649098456]
0 11.982 [2.3625116830226034, 2.3898535158950835, 2.3542674800846726, 2.3464410938322544, 2.528771329903975]
3 12.37 [2.4571640850044787, 2.491268552141264, 2.444618019973859, 2.4391399591695517, 2.5372240100987256]
2026-04-21 11:43:33.912718 Sync done -> model run start
2026-04-21 11:43:33.913724 Sync done -> model run start
2026-04-21 11:43:33.971781 Sync done -> model run start
2026-04-21 11:43:33.988762 Sync done -> model run start
0 11.842 [2.3955272699240595, 2.378168571041897, 2.350542771164328, 2.341514512896538, 2.375734031898901]
1 11.841 [2.394119253847748, 2.3784061749465764, 2.350542718078941, 2.3415144099853933, 2.375792938983068]
3 11.877 [2.399954234948382, 2.377627687063068, 2.3498099078424275, 2.3493918320164084, 2.400306035997346]
2 12.453 [2.4946811660192907, 2.484505465021357, 2.4475164650939405, 2.4417157489806414, 2.5847031420562416]
2026-04-21 11:43:49.539002 Sync done -> model run start
2026-04-21 11:43:49.579706 Sync done -> model run start
2026-04-21 11:43:49.606691 Sync done -> model run start
2026-04-21 11:43:49.627047 Sync done -> model run start
1 11.51 [2.325314912945032, 2.3223002299200743, 2.2850600350648165, 2.279794994974509, 2.29683701810427]
3 11.537 [2.3302840639371425, 2.3245534519664943, 2.287208778085187, 2.2802018171641976, 2.31420321110636]
0 11.606 [2.3300820330623537, 2.3233751230873168, 2.286474040010944, 2.276712089078501, 2.389455673051998]
2 11.946 [2.4197261668741703, 2.4161866419017315, 2.3768687970004976, 2.3646984670776874, 2.3684577730018646]
2026-04-21 11:44:04.711369 Sync done -> model run start
2026-04-21 11:44:04.732321 Sync done -> model run start
2026-04-21 11:44:04.744088 Sync done -> model run start
2026-04-21 11:44:04.752399 Sync done -> model run start
0 11.547 [2.330650488846004, 2.3277987751644105, 2.2837472488172352, 2.289114050101489, 2.3149591160472482]
3 11.582 [2.3339083429891616, 2.3354416659567505, 2.290974463801831, 2.295361685100943, 2.325878454837948]
2 11.7 [2.3339705818798393, 2.3264349249657243, 2.287614995846525, 2.295580797828734, 2.456139954039827]
1 12.02 [2.4244876289740205, 2.4258607970550656, 2.3852056129835546, 2.377148759085685, 2.4066233970224857]
2026-04-21 11:44:19.865151 Sync done -> model run start
2026-04-21 11:44:19.866277 Sync done -> model run start
2026-04-21 11:44:19.919020 Sync done -> model run start
2026-04-21 11:44:19.961229 Sync done -> model run start
1 11.845 [2.384746895171702, 2.38720167404972, 2.3510124140884727, 2.349825224839151, 2.371572961099446]
3 11.895 [2.395651183091104, 2.3838526748586446, 2.351598870009184, 2.352373966947198, 2.4111252268776298]
0 11.973 [2.386057203169912, 2.3872019860427827, 2.3509177272208035, 2.3499110580887645, 2.4987581151071936]
2 12.321 [2.490604985039681, 2.4865682220552117, 2.456052015069872, 2.4395226889755577, 2.4477207821328193]
2026-04-21 11:44:35.418314 Sync done -> model run start
2026-04-21 11:44:35.438693 Sync done -> model run start
2026-04-21 11:44:35.449848 Sync done -> model run start
2026-04-21 11:44:35.472352 Sync done -> model run start
0 11.556 [2.3422218488994986, 2.3237410720903426, 2.2806693860329688, 2.278562410036102, 2.3305701510980725]
3 11.588 [2.3531394170131534, 2.328346265014261, 2.2828449530061334, 2.2779305381700397, 2.345386300003156]
2 11.644 [2.3415656010620296, 2.3298602709546685, 2.2784538208507, 2.281068079173565, 2.412560295779258]
1 12.003 [2.4383907499723136, 2.4215647580567747, 2.3689839381258935, 2.3661082140170038, 2.408033123007044]
2026-04-21 11:44:50.532122 Sync done -> model run start
2026-04-21 11:44:50.553953 Sync done -> model run start
2026-04-21 11:44:50.587549 Sync done -> model run start
2026-04-21 11:44:50.627479 Sync done -> model run start
1 11.514 [2.3180031499359757, 2.331714558880776, 2.2888983420562, 2.281123260036111, 2.2938354008365422]
0 11.494 [2.324230212951079, 2.3389212009496987, 2.2809031079523265, 2.272585527971387, 2.277231341926381]
3 11.51 [2.3202289240434766, 2.3395316160749644, 2.2898965689819306, 2.2734035460744053, 2.286433447152376]
2 11.911 [2.412058464018628, 2.4274367929901928, 2.372606917982921, 2.3669775570742786, 2.3317883471027017]
2026-04-21 11:45:05.681509 Sync done -> model run start
2026-04-21 11:45:05.682023 Sync done -> model run start
2026-04-21 11:45:05.702005 Sync done -> model run start
2026-04-21 11:45:05.720237 Sync done -> model run start
1 11.634 [2.3933412050828338, 2.4005660719703883, 2.2810005811043084, 2.2843397320248187, 2.2743629389442503]
0 11.672 [2.3929670399520546, 2.4165714362170547, 2.290047685848549, 2.296653650002554, 2.2752144469413906]
3 11.696 [2.4036950250156224, 2.4309193049557507, 2.286161709809676, 2.2925524129532278, 2.2829296810086817]
2 12.12 [2.491719158831984, 2.5155646479688585, 2.3724920470267534, 2.382144197821617, 2.3579740659333766]
2026-04-21 11:45:20.964056 Sync done -> model run start
2026-04-21 11:45:21.002498 Sync done -> model run start
2026-04-21 11:45:21.002494 Sync done -> model run start
2026-04-21 11:45:21.018431 Sync done -> model run start
3 11.598 [2.3565348419360816, 2.3281194630544633, 2.306474427925423, 2.30434463894926, 2.3023660480976105]
2 11.652 [2.3990533461328596, 2.3442142019048333, 2.292897284962237, 2.3036277659703046, 2.3117236208636314]
1 11.978 [2.4479336510412395, 2.4162028678692877, 2.3798027250450104, 2.3868191551882774, 2.3473551678471267]
0 11.57 [2.356929579982534, 2.325918951071799, 2.286353975068778, 2.30728395213373, 2.2928358200006187]
2026-04-21 11:45:35.194248 Sync done -> model run start
net_times: [[28.848, 2.105, 1210368, 1210368], [0.002, 1.904, 1210368, 1210368], [0.002, 2.094, 1210368, 1210368], [0.002, 2.085, 1210368, 1210368], [0.002, 2.082, 1210368, 1210368], [0.002, 2.089, 1210368, 1210368], [0.002, 2.089, 1210368, 1210368], [0.002, 2.088, 1210368, 1210368], [0.002, 2.104, 1210368, 1210368], [0.002, 2.097, 1210368, 1210368]]
echo 'race4fun' | sudo -S sh -c 'journalctl --since "2026-04-21 11:42:32.067017" --until "2026-04-21 11:45:35.194248" -k -o short-iso '| grep -i -E 'throttle|throttled|thermal|cpufreq|under-voltage|voltage'
