ALL SYNC
2026-04-21 11:43:25.717762 Sync done -> model run start
2026-04-21 11:43:25.717717 Sync done -> model run start
2026-04-21 11:43:25.717717 Sync done -> model run start
2026-04-21 11:43:25.718324 Sync done -> model run start
0 0.037 [0.02906488603912294, 0.0021550909150391817, 0.0018854581285268068, 0.0021305610425770283, 0.0019254060462117195]
1 0.04 [0.030226544942706823, 0.0038152900524437428, 0.0019276970997452736, 0.001925092888996005, 0.0017626460175961256]
2 0.04 [0.03022592095658183, 0.0021037899423390627, 0.002927951980382204, 0.0024349859450012445, 0.0022521219216287136]
3 0.038 [0.029779881006106734, 0.0021525919437408447, 0.0018853540532290936, 0.0022407679352909327, 0.0018169688992202282]
2026-04-21 11:43:39.088428 Sync done -> model run start
2026-04-21 11:43:39.097791 Sync done -> model run start
2026-04-21 11:43:39.100809 Sync done -> model run start
2026-04-21 11:43:39.110734 Sync done -> model run start
0 0.016 [0.007105897180736065, 0.002278581028804183, 0.002192696090787649, 0.0017342609353363514, 0.001995458034798503]
2 0.014 [0.0068986061960458755, 0.0019125929102301598, 0.0015880637802183628, 0.0019957181066274643, 0.0017339480109512806]
3 0.011 [0.0059775179252028465, 0.0013284299056977034, 0.001066138967871666, 0.0010021289344877005, 0.0011014521587640047]
1 0.016 [0.006744022946804762, 0.0026343069039285183, 0.0018785831052809954, 0.0020681661553680897, 0.0019784257747232914]
2026-04-21 11:43:54.822020 Sync done -> model run start
2026-04-21 11:43:54.830099 Sync done -> model run start
2026-04-21 11:43:54.838492 Sync done -> model run start
2026-04-21 11:43:54.848357 Sync done -> model run start
1 0.014 [0.006914230994880199, 0.0016778029967099428, 0.0017361349891871214, 0.0017444170080125332, 0.0014728039968758821]
2 0.011 [0.005269136046990752, 0.001761812949553132, 0.0016765529289841652, 0.0009866610635071993, 0.0010558278299868107]
3 0.007 [0.0034303967840969563, 0.0009084849152714014, 0.001132128993049264, 0.0009364010766148567, 0.0008280680049210787]
0 0.014 [0.005936580011621118, 0.0017118649557232857, 0.0016346778720617294, 0.0018704049289226532, 0.0021353010088205338]
2026-04-21 11:44:09.450181 Sync done -> model run start
2026-04-21 11:44:09.456512 Sync done -> model run start
2026-04-21 11:44:09.470116 Sync done -> model run start
2026-04-21 11:44:09.480709 Sync done -> model run start
0 0.014 [0.006349389906972647, 0.00212899805046618, 0.0016094178427010775, 0.0020169680938124657, 0.0018172289710491896]
1 0.015 [0.006253921892493963, 0.0020257700234651566, 0.002370194997638464, 0.0022867058869451284, 0.0014053038321435452]
2 0.011 [0.005540279904380441, 0.0017426460981369019, 0.0012812430504709482, 0.001247648848220706, 0.0010849940590560436]
3 0.007 [0.003619092982262373, 0.0009475990664213896, 0.0007746831979602575, 0.0007887459360063076, 0.000774838961660862]
2026-04-21 11:44:25.312573 Sync done -> model run start
2026-04-21 11:44:25.318669 Sync done -> model run start
2026-04-21 11:44:25.335370 Sync done -> model run start
2026-04-21 11:44:25.340962 Sync done -> model run start
0 0.013 [0.005192731041461229, 0.0014331161510199308, 0.0016534801106899977, 0.0027067549526691437, 0.0018284260295331478]
1 0.014 [0.006981886923313141, 0.0015306160785257816, 0.0017705620266497135, 0.001552544068545103, 0.0014578038826584816]
3 0.007 [0.0033499288838356733, 0.0009379640687257051, 0.0008358289487659931, 0.0009008799679577351, 0.0008565578609704971]
2 0.01 [0.006080433959141374, 0.0010503069497644901, 0.0007527039851993322, 0.0008562449365854263, 0.0007524441462010145]
2026-04-21 11:44:39.748057 Sync done -> model run start
2026-04-21 11:44:39.751934 Sync done -> model run start
2026-04-21 11:44:39.768243 Sync done -> model run start
2026-04-21 11:44:39.777906 Sync done -> model run start
1 0.015 [0.006772669963538647, 0.001884259982034564, 0.0018963429611176252, 0.001767698209732771, 0.0026197759434580803]
2 0.01 [0.005019553937017918, 0.0013308778870850801, 0.0012957209255546331, 0.0011520241387188435, 0.001136035192757845]
3 0.008 [0.004181955009698868, 0.001082858070731163, 0.0009820780251175165, 0.001013952074572444, 0.0009219739586114883]
2026-04-21 11:44:55.700871 Sync done -> model run start
2026-04-21 11:44:55.720814 Sync done -> model run start
2026-04-21 11:44:55.723069 Sync done -> model run start
2026-04-21 11:44:55.731731 Sync done -> model run start
0 0.014 [0.006241057999432087, 0.00210618507117033, 0.001515459967777133, 0.0017028020229190588, 0.0018905620090663433]
2 0.012 [0.005501009989529848, 0.0014585847966372967, 0.001718791900202632, 0.0014374919701367617, 0.0013396281283348799]
1 0.023 [0.009160988964140415, 0.00914328102953732, 0.0020914459601044655, 0.0012319199740886688, 0.0010993690229952335]
3 0.009 [0.004726847866550088, 0.0013492109719663858, 0.0010802021715790033, 0.0010882748756557703, 0.001027233898639679]
2026-04-21 11:45:09.313596 Sync done -> model run start
2026-04-21 11:45:09.325591 Sync done -> model run start
2026-04-21 11:45:09.337190 Sync done -> model run start
2026-04-21 11:45:09.347424 Sync done -> model run start
0 0.014 [0.005716477986425161, 0.0018863428849726915, 0.0022745190653949976, 0.002071238122880459, 0.0017361869104206562]
1 0.013 [0.00606121588498354, 0.0016277511604130268, 0.0016489489935338497, 0.0019488951656967402, 0.0015760839451104403]
2 0.01 [0.005615645088255405, 0.0013819190207868814, 0.001166817033663392, 0.0009224431123584509, 0.000958222895860672]
3 0.007 [0.0033689909614622593, 0.0008821298833936453, 0.0007353078108280897, 0.0008329118136316538, 0.000713694142177701]
2026-04-21 11:45:25.720385 Sync done -> model run start
2026-04-21 11:45:25.728374 Sync done -> model run start
2026-04-21 11:45:25.740784 Sync done -> model run start
2026-04-21 11:45:25.748855 Sync done -> model run start
0 0.014 [0.007111573126167059, 0.0017393650487065315, 0.0014491588808596134, 0.0017231670208275318, 0.0017435310874134302]
1 0.015 [0.0060422050300985575, 0.0020719668827950954, 0.0022787360940128565, 0.0014061899855732918, 0.002675089053809643]
2 0.01 [0.005179031984880567, 0.00151863694190979, 0.0009122341871261597, 0.0010443690698593855, 0.000987703213468194]
3 0.007 [0.0037359159905463457, 0.0010206189472228289, 0.0007553610485047102, 0.0007759849540889263, 0.0007416110020130873]
2026-04-21 11:45:40.552859 Sync done -> model run start
2026-04-21 11:45:40.556955 Sync done -> model run start
2026-04-21 11:45:40.571584 Sync done -> model run start
2026-04-21 11:45:40.579941 Sync done -> model run start
0 0.015 [0.006704180035740137, 0.0019141559023410082, 0.0017745730001479387, 0.002074988093227148, 0.0024081121664494276]
1 0.015 [0.006362671032547951, 0.0018584269564598799, 0.002367174020037055, 0.0021523311734199524, 0.0017751979175955057]
2 0.011 [0.005600436823442578, 0.0013183779083192348, 0.0011189519427716732, 0.0012915548868477345, 0.0011449421290308237]
3 0.01 [0.004947680048644543, 0.0012648878619074821, 0.0011362428776919842, 0.0010023899376392365, 0.0011457749642431736]
2026-04-21 11:45:40.662167 Sync done -> model run start
net_times: [[53.165, 0.0, 605184, 0], [13.135, 0.0, 605184, 0], [15.519, 0.0, 605184, 0], [14.417, 0.0, 605184, 0], [15.633, 0.0, 605184, 0], [14.215, 0.0, 605184, 0], [15.727, 0.0, 605184, 0], [13.39, 0.0, 605184, 0], [16.181, 0.0, 605184, 0], [14.601, 0.0, 605184, 0]]
echo 'race4fun' | sudo -S sh -c 'journalctl --since "2026-04-21 11:42:32.067032" --until "2026-04-21 11:45:40.662167" -k -o short-iso '| grep -i -E 'throttle|throttled|thermal|cpufreq|under-voltage|voltage'
