ALL SYNC
2026-04-21 11:37:08.788975 Sync done -> model run start
2026-04-21 11:37:08.789010 Sync done -> model run start
2026-04-21 11:37:08.788978 Sync done -> model run start
2026-04-21 11:37:08.819272 Sync done -> model run start
3 18.0 [3.71294522495009, 3.6732021369971335, 3.5066270851530135, 3.559342087013647, 3.5478660319931805]
0 18.001 [3.72119286400266, 3.6591127389110625, 3.5057872431352735, 3.56628879182972, 3.548533737892285]
1 18.04 [3.7178361529950052, 3.6730651571415365, 3.5327807781286538, 3.5682521190028638, 3.5477766029071063]
2 18.628 [3.8433640631847084, 3.821539991069585, 3.6512032740283757, 3.7022663971874863, 3.609201712999493]
2026-04-21 11:37:31.046646 Sync done -> model run start
2026-04-21 11:37:31.046646 Sync done -> model run start
2026-04-21 11:37:31.073292 Sync done -> model run start
2026-04-21 11:37:31.089335 Sync done -> model run start
1 17.871 [3.6151897930540144, 3.5908542880788445, 3.5517829339951277, 3.5661970828659832, 3.5469291240442544]
0 17.873 [3.6151895329821855, 3.5908546010032296, 3.552789859008044, 3.568757440894842, 3.545638449024409]
3 17.884 [3.629638666054234, 3.5844864370301366, 3.553525221068412, 3.5704604559578, 3.5461618329863995]
2 18.51 [3.798176199197769, 3.7290713591501117, 3.6902236971072853, 3.70132774207741, 3.5914608750026673]
2026-04-21 11:37:55.420604 Sync done -> model run start
2026-04-21 11:37:55.420604 Sync done -> model run start
2026-04-21 11:37:55.445485 Sync done -> model run start
2026-04-21 11:37:55.515812 Sync done -> model run start
1 18.074 [3.645027388818562, 3.6356128950137645, 3.5755231119692326, 3.6040216530673206, 3.6138037799391896]
0 18.074 [3.6450274928938597, 3.6336084720678627, 3.571540361037478, 3.6050059208646417, 3.6189086630474776]
2 18.095 [3.6615560459904373, 3.6247038061264902, 3.5800537769682705, 3.6023476461414248, 3.6259231239091605]
3 18.634 [3.8171516528818756, 3.7432337161153555, 3.713342757895589, 3.7287697640713304, 3.6316520548425615]
2026-04-21 11:38:20.077821 Sync done -> model run start
2026-04-21 11:38:20.082178 Sync done -> model run start
2026-04-21 11:38:20.082157 Sync done -> model run start
2026-04-21 11:38:20.111984 Sync done -> model run start
3 18.525 [4.0568105089478195, 3.947361680911854, 3.55247362004593, 3.49772618804127, 3.4700730598997325]
1 18.574 [4.047045899089426, 3.963947732001543, 3.5565703290048987, 3.5167480108793825, 3.4891572259366512]
2 18.781 [4.067489753011614, 4.144442046992481, 3.5675598261877894, 3.5257782419212162, 3.4760156949050725]
0 19.141 [4.353149266215041, 3.943034288007766, 3.6997010349296033, 3.606758070876822, 3.5382442688569427]
2026-04-21 11:38:45.738904 Sync done -> model run start
2026-04-21 11:38:45.738905 Sync done -> model run start
2026-04-21 11:38:45.758105 Sync done -> model run start
2026-04-21 11:38:45.832712 Sync done -> model run start
2 17.813 [3.6147246691398323, 3.621976810041815, 3.521009669173509, 3.537151944125071, 3.5177461421117187]
1 17.832 [3.6259680772200227, 3.622051757061854, 3.5239195039030164, 3.536607936024666, 3.523308261996135]
0 17.791 [3.595707586966455, 3.6308283479884267, 3.5136526580899954, 3.5336500289849937, 3.517285831971094]
3 18.389 [3.764909771969542, 3.7306968648917973, 3.6688253399915993, 3.65816518291831, 3.566415053792298]
2026-04-21 11:39:15.802411 Sync done -> model run start
2026-04-21 11:39:15.811542 Sync done -> model run start
2026-04-21 11:39:15.811781 Sync done -> model run start
2026-04-21 11:39:15.904864 Sync done -> model run start
1 17.871 [3.6182479148264974, 3.5891102699097246, 3.5637485519982874, 3.561539529124275, 3.5382038501556963]
2 17.819 [3.616172921145335, 3.5733938589692116, 3.5339191099628806, 3.559429327957332, 3.5356274519581348]
0 17.771 [3.598348859930411, 3.56840861402452, 3.536060770973563, 3.5548505932092667, 3.51332106301561]
3 18.381 [3.752210539067164, 3.6932198519352823, 3.709239308955148, 3.673344650072977, 3.553028794005513]
2026-04-21 11:39:44.871426 Sync done -> model run start
2026-04-21 11:39:44.873525 Sync done -> model run start
2026-04-21 11:39:44.892199 Sync done -> model run start
2026-04-21 11:39:44.938951 Sync done -> model run start
0 17.942 [3.632225246867165, 3.6254482169169933, 3.558690021978691, 3.5712644970044494, 3.5539622439537197]
1 17.944 [3.6299903579056263, 3.625160821946338, 3.559313406003639, 3.5702877820003778, 3.559192279819399]
2 17.965 [3.653265129076317, 3.6191359451040626, 3.5622574579901993, 3.572111785179004, 3.5577586898580194]
3 18.552 [3.8320845188573003, 3.7425077410880476, 3.699281655019149, 3.69874137500301, 3.5790934530086815]
2026-04-21 11:40:12.763211 Sync done -> model run start
2026-04-21 11:40:12.776937 Sync done -> model run start
2026-04-21 11:40:12.783623 Sync done -> model run start
2026-04-21 11:40:12.841294 Sync done -> model run start
0 17.548 [3.53226430201903, 3.5570491049438715, 3.483429957879707, 3.466068600071594, 3.5088911559432745]
1 17.571 [3.532586487941444, 3.5766251340974122, 3.488662909017876, 3.468236353015527, 3.504418774973601]
3 17.578 [3.5342353351879865, 3.5739340470172465, 3.4914516480639577, 3.4651464659255, 3.513078536139801]
2 18.187 [3.668930159183219, 3.709774642949924, 3.6158159740734845, 3.604399799834937, 3.58826484112069]
2026-04-21 11:40:42.361880 Sync done -> model run start
2026-04-21 11:40:42.363063 Sync done -> model run start
2026-04-21 11:40:42.392961 Sync done -> model run start
2026-04-21 11:40:42.434871 Sync done -> model run start
0 17.701 [3.6274999601300806, 3.6223042358178645, 3.483335953904316, 3.4801796548999846, 3.4878161849919707]
1 17.733 [3.6261906940490007, 3.637585902120918, 3.4861077670939267, 3.485222762217745, 3.4981318269856274]
3 17.748 [3.636730710044503, 3.6325092520564795, 3.488856714917347, 3.482860998949036, 3.5065789320506155]
2 18.285 [3.768228125059977, 3.7540924791246653, 3.6059745859820396, 3.620878222864121, 3.53525309311226]
2026-04-21 11:41:07.426316 Sync done -> model run start
2026-04-21 11:41:07.426307 Sync done -> model run start
2026-04-21 11:41:07.447146 Sync done -> model run start
2026-04-21 11:41:07.447384 Sync done -> model run start
2 18.027 [3.6325267471838742, 3.625688426895067, 3.5762813040055335, 3.581940495176241, 3.6103336680680513]
3 18.027 [3.633211744017899, 3.628863156074658, 3.5769645827822387, 3.576243639923632, 3.6110640289261937]
1 18.072 [3.64990324806422, 3.6524076550267637, 3.579662852920592, 3.5774090529885143, 3.6120997541584074]
0 18.691 [3.77018850017339, 3.847769512794912, 3.704945629928261, 3.729825529968366, 3.637844809098169]
2026-04-21 11:41:32.688713 Sync done -> model run start
net_times: [[0.0, 2.102, 0, 1210368], [0.0, 4.359, 0, 1210368], [0.0, 4.396, 0, 1210368], [0.0, 4.987, 0, 1210368], [0.0, 10.079, 0, 1210368], [0.0, 9.074, 0, 1210368], [0.0, 7.727, 0, 1210368], [0.0, 9.884, 0, 1210368], [0.0, 5.143, 0, 1210368], [0.0, 6.408, 0, 1210368]]
echo 'race4fun' | sudo -S sh -c 'journalctl --since "2026-04-21 11:37:06.004919" --until "2026-04-21 11:41:32.688713" -k -o short-iso '| grep -i -E 'throttle|throttled|thermal|cpufreq|under-voltage|voltage'
