ALL SYNC
2026-04-21 11:42:48.529629 Sync done -> model run start
2026-04-21 11:42:48.529629 Sync done -> model run start
2026-04-21 11:42:48.529629 Sync done -> model run start
2026-04-21 11:42:48.529633 Sync done -> model run start
3 10.779 [2.2113070571795106, 2.1486081720795482, 2.1652816301211715, 2.0940646547824144, 2.1597820851020515]
0 10.859 [2.2184040599968284, 2.159342295024544, 2.15262120985426, 2.0966871969867498, 2.2321212759707123]
1 11.022 [2.2204454059246927, 2.1574731359723955, 2.1666833949275315, 2.1077578810509294, 2.36972364410758]
2 11.226 [2.317672105040401, 2.2471514269709587, 2.2276782551780343, 2.1907637999393046, 2.242621803889051]
2026-04-21 11:43:01.805667 Sync done -> model run start
2026-04-21 11:43:01.806234 Sync done -> model run start
2026-04-21 11:43:01.839301 Sync done -> model run start
2026-04-21 11:43:01.868032 Sync done -> model run start
0 10.447 [2.14611928910017, 2.1035705369431525, 2.0620846969541162, 2.0674811699427664, 2.0679937039967626]
1 10.407 [2.132442520931363, 2.098366756225005, 2.060490431962535, 2.057963968021795, 2.0577077041380107]
3 10.428 [2.1334002260118723, 2.102174290921539, 2.0598904869984835, 2.062414679909125, 2.0698041659779847]
2 10.784 [2.218726186081767, 2.1887096220161766, 2.149871374014765, 2.1165665430016816, 2.10964191891253]
2026-04-21 11:43:18.551207 Sync done -> model run start
2026-04-21 11:43:18.559819 Sync done -> model run start
2026-04-21 11:43:18.597311 Sync done -> model run start
2026-04-21 11:43:18.597999 Sync done -> model run start
1 10.475 [2.1673255290370435, 2.1027908271644264, 2.067246476886794, 2.0683233849704266, 2.0689365428406745]
3 10.512 [2.1661898570600897, 2.1120602160226554, 2.0751985269598663, 2.0651961569674313, 2.0936297229491174]
0 10.506 [2.192316313041374, 2.103147492976859, 2.067829963983968, 2.0655422499403358, 2.0772005720064044]
2 10.877 [2.2518227379769087, 2.1970558590255678, 2.161379841854796, 2.1129856989718974, 2.1539381199982017]
2026-04-21 11:43:33.914739 Sync done -> model run start
2026-04-21 11:43:33.919485 Sync done -> model run start
2026-04-21 11:43:33.940640 Sync done -> model run start
2026-04-21 11:43:34.005537 Sync done -> model run start
0 10.563 [2.137039494002238, 2.1833337650168687, 2.1014895560219884, 2.0702416498679668, 2.0704916331451386]
1 10.52 [2.137354908976704, 2.1665691470261663, 2.093463339144364, 2.063681988976896, 2.0587072549387813]
2 10.556 [2.1376835010014474, 2.172100427094847, 2.1003982059191912, 2.071064248913899, 2.074704949045554]
3 10.908 [2.227451568003744, 2.233041788917035, 2.1651077810674906, 2.150866678217426, 2.1316249191295356]
2026-04-21 11:43:49.587833 Sync done -> model run start
2026-04-21 11:43:49.589619 Sync done -> model run start
2026-04-21 11:43:49.619886 Sync done -> model run start
2026-04-21 11:43:49.686175 Sync done -> model run start
0 10.564 [2.1590224630199373, 2.1518422171939164, 2.0948391060810536, 2.0886257321108133, 2.069547099992633]
1 10.575 [2.1613644841127098, 2.1539548120927066, 2.0987464860081673, 2.0894715099129826, 2.07072438695468]
2 10.621 [2.1710449648089707, 2.166653195861727, 2.0970081069972366, 2.0924498829990625, 2.0931745530106127]
3 10.98 [2.2536788389552385, 2.2030718449968845, 2.169836604036391, 2.1659944681450725, 2.1874056130182]
2026-04-21 11:44:04.676291 Sync done -> model run start
2026-04-21 11:44:04.699245 Sync done -> model run start
2026-04-21 11:44:04.715020 Sync done -> model run start
2026-04-21 11:44:04.762402 Sync done -> model run start
0 10.464 [2.1387430639006197, 2.12588029098697, 2.061963827814907, 2.0874513620510697, 2.049534112913534]
2 10.51 [2.1320614248979837, 2.1341954639647156, 2.074858305044472, 2.0958563261665404, 2.072528494987637]
3 10.823 [2.201213425025344, 2.1994132599793375, 2.1212235239800066, 2.1718448048923165, 2.1294145009014755]
2026-04-21 11:44:19.885072 Sync done -> model run start
2026-04-21 11:44:19.912729 Sync done -> model run start
2026-04-21 11:44:19.915719 Sync done -> model run start
2026-04-21 11:44:19.984365 Sync done -> model run start
0 10.55 [2.134221623186022, 2.1617674289736897, 2.1288793778512627, 2.0657559880055487, 2.059606364928186]
1 10.598 [2.1458815219812095, 2.16219263500534, 2.1293054688721895, 2.0787862450815737, 2.081352001056075]
2 10.562 [2.1427453889045864, 2.1623222169000655, 2.1193102509714663, 2.069510451052338, 2.068068099906668]
3 10.913 [2.180089030880481, 2.2621376749593765, 2.2091319491155446, 2.1563660139217973, 2.1051744481083006]
2026-04-21 11:44:35.403984 Sync done -> model run start
2026-04-21 11:44:35.428261 Sync done -> model run start
2026-04-21 11:44:35.447076 Sync done -> model run start
2026-04-21 11:44:35.467905 Sync done -> model run start
0 10.452 [2.101524993078783, 2.095838962122798, 2.0816664590965956, 2.0761363129131496, 2.0963002739008516]
1 10.469 [2.0962388180196285, 2.103173774899915, 2.084220405900851, 2.078906144015491, 2.1063439280260354]
3 10.472 [2.095076738856733, 2.1029501808807254, 2.081714218016714, 2.0752705859486014, 2.116958726197481]
2 10.83 [2.186138116987422, 2.191313080023974, 2.170734821120277, 2.130239564925432, 2.151543678017333]
2026-04-21 11:44:51.956266 Sync done -> model run start
2026-04-21 11:44:51.985763 Sync done -> model run start
2026-04-21 11:44:52.010706 Sync done -> model run start
2026-04-21 11:44:52.018112 Sync done -> model run start
2 10.432 [2.106687728082761, 2.1020912248641253, 2.066569544840604, 2.092503271996975, 2.0641179149970412]
0 10.415 [2.112438536947593, 2.0937715729232877, 2.0695739588700235, 2.0860369980800897, 2.0529374950565398]
3 10.453 [2.115570970112458, 2.102186484960839, 2.0688547419849783, 2.093560767127201, 2.0725329820998013]
1 10.827 [2.1973066029604524, 2.1819118119310588, 2.1284296889789402, 2.1855829139240086, 2.134053803049028]
2026-04-21 11:45:06.502646 Sync done -> model run start
2026-04-21 11:45:06.530551 Sync done -> model run start
2026-04-21 11:45:06.561343 Sync done -> model run start
2026-04-21 11:45:06.562302 Sync done -> model run start
2 10.502 [2.158023713156581, 2.149516914971173, 2.063218219904229, 2.0582694800104946, 2.0722886759322137]
3 10.507 [2.1713323518633842, 2.137487905099988, 2.065529512008652, 2.0598763471934944, 2.0728611731901765]
0 10.643 [2.1985740549862385, 2.173461703816429, 2.1095670252107084, 2.090648918878287, 2.0708169110585004]
1 10.874 [2.2489916449412704, 2.2334291469305754, 2.111040299059823, 2.148303453112021, 2.132246479857713]
2026-04-21 11:45:20.090890 Sync done -> model run start
net_times: [[14.567, 1.071, 1210368, 1210368], [0.002, 4.921, 1210368, 1210368], [0.002, 3.444, 1210368, 1210368], [0.002, 3.673, 1210368, 1210368], [0.002, 3.032, 1210368, 1210368], [0.002, 3.315, 1210368, 1210368], [0.002, 3.52, 1210368, 1210368], [0.002, 3.305, 1210368, 1210368], [1.383, 1.808, 1210368, 1210368], [0.861, 2.548, 1210368, 1210368]]
echo 'race4fun' | sudo -S sh -c 'journalctl --since "2026-04-21 11:42:32.061527" --until "2026-04-21 11:45:20.090890" -k -o short-iso '| grep -i -E 'throttle|throttled|thermal|cpufreq|under-voltage|voltage'
