ALL SYNC
2026-04-21 11:37:32.478425 Sync done -> model run start
2026-04-21 11:37:32.478425 Sync done -> model run start
2026-04-21 11:37:32.478427 Sync done -> model run start
2026-04-21 11:37:32.531260 Sync done -> model run start
1 20.629 [4.665099317906424, 3.5024936250410974, 5.401559259975329, 3.425689394120127, 3.6338553121313453]
3 20.857 [4.866048097843304, 3.5911884440574795, 5.384858726989478, 3.435897618997842, 3.579229261027649]
2 21.19 [4.721393797080964, 3.6278687089215964, 5.551094783004373, 3.621774970088154, 3.667468613013625]
0 21.387 [4.726552048930898, 3.5778051330707967, 5.506873571081087, 3.654837181791663, 3.921198920113966]
2026-04-21 11:37:55.380470 Sync done -> model run start
2026-04-21 11:37:55.381059 Sync done -> model run start
2026-04-21 11:37:55.404834 Sync done -> model run start
2026-04-21 11:37:55.436559 Sync done -> model run start
0 22.478 [4.457782636862248, 4.506997609976679, 3.822146360995248, 5.401367597980425, 4.289062900003046]
2 22.52 [4.607981488807127, 4.578435285016894, 4.104020832106471, 5.393146913964301, 3.835972041124478]
3 22.666 [4.467671593185514, 4.521564716938883, 4.03195920214057, 5.42651922814548, 4.218202825868502]
1 23.089 [4.63697429606691, 4.676924996078014, 4.547801118111238, 5.492159641114995, 3.735242393100634]
2026-04-21 11:38:20.018869 Sync done -> model run start
2026-04-21 11:38:20.045769 Sync done -> model run start
2026-04-21 11:38:20.055813 Sync done -> model run start
2026-04-21 11:38:20.055813 Sync done -> model run start
2 23.446 [4.629377127857879, 3.8468796100933105, 3.4427327448502183, 5.969976054970175, 5.557040322106332]
1 23.826 [4.788166397018358, 3.782659708056599, 3.578450527973473, 5.975179357919842, 5.700955246109515]
3 23.574 [4.683308181120083, 3.8151077560614794, 3.4555947040207684, 5.929947372060269, 5.690155412070453]
0 24.162 [4.952387355035171, 3.814433071995154, 3.631640907144174, 6.625439887866378, 5.138117610942572]
2026-04-21 11:38:45.753842 Sync done -> model run start
2026-04-21 11:38:45.763972 Sync done -> model run start
2026-04-21 11:38:45.802634 Sync done -> model run start
2026-04-21 11:38:45.806010 Sync done -> model run start
0 27.742 [6.14212269615382, 6.273984225932509, 5.333517862018198, 5.520163881825283, 4.472385213943198]
2 27.761 [6.181355446111411, 6.233628201996908, 5.334670251002535, 5.521887776907533, 4.489667460788041]
3 28.026 [6.17206596606411, 6.239179941825569, 5.334563689073548, 5.955851749051362, 4.32442203303799]
1 28.514 [6.42800724087283, 6.372306173900142, 5.887048505945131, 5.833597015123814, 3.9928947780281305]
2026-04-21 11:39:15.839680 Sync done -> model run start
2026-04-21 11:39:15.839680 Sync done -> model run start
2026-04-21 11:39:15.899406 Sync done -> model run start
2026-04-21 11:39:15.933346 Sync done -> model run start
2 26.598 [5.725652218097821, 5.828410840127617, 4.72379682585597, 5.953609735937789, 4.366320580011234]
3 26.646 [5.79960716702044, 5.758592638885602, 4.876657475950196, 5.850216359132901, 4.360435873968527]
1 26.986 [5.754819397814572, 5.813876026077196, 4.940648002084345, 6.140837588114664, 4.335986271034926]
0 27.384 [6.189993306994438, 5.71695370413363, 5.514059774810448, 5.528743789996952, 4.433903375873342]
2026-04-21 11:39:44.795397 Sync done -> model run start
2026-04-21 11:39:44.836829 Sync done -> model run start
2026-04-21 11:39:44.842034 Sync done -> model run start
2026-04-21 11:39:44.859930 Sync done -> model run start
1 25.055 [5.1838999169413, 4.281760038807988, 4.467980907065794, 5.144720100099221, 5.9766788790002465]
2 25.077 [5.18024978088215, 4.375403000973165, 4.477607101900503, 5.10840410599485, 5.9348628129810095]
0 25.338 [5.24522389494814, 4.251432084944099, 4.464305457891896, 5.1030904380604625, 6.27312001795508]
3 26.33 [5.318782334215939, 4.636013458948582, 4.724140397971496, 5.433178520994261, 6.217900274088606]
2026-04-21 11:40:12.690638 Sync done -> model run start
2026-04-21 11:40:12.690954 Sync done -> model run start
2026-04-21 11:40:12.714290 Sync done -> model run start
2026-04-21 11:40:12.780054 Sync done -> model run start
2 27.325 [5.613364913966507, 6.142524719936773, 6.331278164871037, 5.09677346306853, 4.1409834951628]
1 27.415 [5.563500403892249, 6.177068431163207, 6.291891928995028, 5.223742119036615, 4.159007038921118]
0 27.523 [5.56402409914881, 6.179230086039752, 6.3062434629537165, 5.342213375959545, 4.130910477833822]
3 28.055 [6.0266376840882, 6.4518670320976526, 6.666247413959354, 4.692569861887023, 4.217309884028509]
2026-04-21 11:40:42.316340 Sync done -> model run start
2026-04-21 11:40:42.333760 Sync done -> model run start
2026-04-21 11:40:42.373980 Sync done -> model run start
2026-04-21 11:40:42.487299 Sync done -> model run start
2 22.101 [5.397133502876386, 5.027332876110449, 3.466594106052071, 3.4432342329528183, 4.766017141984776]
3 22.613 [5.415245275944471, 5.03681844798848, 3.606726957950741, 3.479019550140947, 5.075061534997076]
1 22.822 [5.420129311038181, 5.020912964828312, 3.5024103089235723, 3.4404833109583706, 5.438248328864574]
0 23.472 [5.629553594160825, 5.156572612002492, 3.605811910936609, 4.0697065650019795, 5.010244869859889]
2026-04-21 11:41:07.300281 Sync done -> model run start
2026-04-21 11:41:07.329305 Sync done -> model run start
2026-04-21 11:41:07.362674 Sync done -> model run start
2026-04-21 11:41:07.385148 Sync done -> model run start
1 24.593 [5.028140168869868, 4.4388437629677355, 4.363251632079482, 5.671097994083539, 5.091121016070247]
0 24.754 [4.878590862033889, 4.441949266009033, 4.3810387179255486, 5.551267165923491, 5.5006434810347855]
2 25.127 [5.024394460953772, 4.5948231380898505, 4.459261659067124, 6.365294622955844, 4.6831865618005395]
2026-04-21 11:41:33.932680 Sync done -> model run start
2026-04-21 11:41:33.983334 Sync done -> model run start
2026-04-21 11:41:34.025641 Sync done -> model run start
2026-04-21 11:41:34.035742 Sync done -> model run start
1 29.375 [6.394084319006652, 6.398056621896103, 5.814961226191372, 5.226873467909172, 5.54104729113169]
3 29.355 [6.395799829857424, 6.3721356759779155, 5.82263925508596, 5.2285448119509965, 5.535737321013585]
0 29.472 [6.481284396955743, 6.389937188941985, 5.864004176110029, 5.234137436142191, 5.502682300982997]
2 30.074 [6.527086530812085, 6.851618207059801, 6.0657274019904435, 5.7248497440014035, 4.904658518033102]
2026-04-21 11:42:04.219218 Sync done -> model run start
net_times: [[22.629, 0.0, 1210368, 0], [0.003, 0.0, 1210368, 0], [0.003, 0.0, 1210368, 0], [0.002, 0.0, 1210368, 0], [0.003, 0.0, 1210368, 0], [0.002, 0.0, 1210368, 0], [0.002, 0.0, 1210368, 0], [0.002, 0.0, 1210368, 0], [0.002, 0.0, 1210368, 0], [0.002, 0.0, 1210368, 0]]
echo 'race4fun' | sudo -S sh -c 'journalctl --since "2026-04-21 11:37:07.029106" --until "2026-04-21 11:42:04.219218" -k -o short-iso '| grep -i -E 'throttle|throttled|thermal|cpufreq|under-voltage|voltage'
