ALL SYNC
2026-04-21 11:42:32.858395 Sync done -> model run start
2026-04-21 11:42:32.858392 Sync done -> model run start
2026-04-21 11:42:32.858392 Sync done -> model run start
2026-04-21 11:42:32.858392 Sync done -> model run start
0 11.003 [2.163167673163116, 2.1409048510249704, 2.711151306051761, 1.9901554840616882, 1.9974760268814862]
1 10.95 [2.1570617619436234, 2.138896369142458, 2.6729439671617, 1.9925095890648663, 1.9886328871361911]
3 11.084 [2.168879159959033, 2.147233417024836, 2.7910491470247507, 1.9818018730729818, 1.9949879120104015]
2 11.579 [2.264014540007338, 2.458370703039691, 2.8007904088590294, 2.0692249429412186, 1.986185761867091]
2026-04-21 11:42:47.422352 Sync done -> model run start
2026-04-21 11:42:47.446642 Sync done -> model run start
2026-04-21 11:42:47.446642 Sync done -> model run start
2026-04-21 11:42:47.452808 Sync done -> model run start
0 10.089 [2.0694662970490754, 2.0580273859668523, 1.975249765906483, 2.0073580159805715, 1.9785961059387773]
2 10.102 [2.0847371697891504, 2.049987472826615, 1.9767112180124968, 2.00816483492963, 1.9826207761652768]
3 10.152 [2.090268657077104, 2.0523082960862666, 1.9974968079477549, 2.015576262958348, 1.9960334808565676]
1 10.447 [2.177873549051583, 2.117941145086661, 2.061268571065739, 2.090749072143808, 1.9986302920151502]
2026-04-21 11:43:01.816423 Sync done -> model run start
2026-04-21 11:43:01.852280 Sync done -> model run start
2026-04-21 11:43:01.858180 Sync done -> model run start
2026-04-21 11:43:01.858622 Sync done -> model run start
0 10.315 [2.07919328706339, 2.0700157210230827, 2.048925132956356, 2.066911985166371, 2.0499492429662496]
2 10.317 [2.079689638921991, 2.066047613043338, 2.050210908986628, 2.0650655860081315, 2.0560644778888673]
1 10.674 [2.1742603350430727, 2.1112648190464824, 2.1661742231808603, 2.1525003740098327, 2.0700526479631662]
2026-04-21 11:43:18.526485 Sync done -> model run start
2026-04-21 11:43:18.542396 Sync done -> model run start
2026-04-21 11:43:18.542786 Sync done -> model run start
2026-04-21 11:43:18.600431 Sync done -> model run start
0 10.178 [2.060380293056369, 2.079633546061814, 2.014499496901408, 2.024082216899842, 1.999231540132314]
2 10.236 [2.0815005169715732, 2.072857219958678, 2.014841995900497, 2.0560182810295373, 2.010306596988812]
1 10.244 [2.084637795109302, 2.07419664086774, 2.016708550043404, 2.0534262598957866, 2.014892150880769]
3 10.51 [2.1200088439509273, 2.166313286172226, 2.1188193180132657, 2.098643101984635, 2.005888804094866]
2026-04-21 11:43:33.912965 Sync done -> model run start
2026-04-21 11:43:33.912965 Sync done -> model run start
2026-04-21 11:43:33.912965 Sync done -> model run start
2026-04-21 11:43:33.934879 Sync done -> model run start
3 11.142 [3.127280754968524, 2.0352002431172878, 2.002709910972044, 1.9968963940627873, 1.9799933910835534]
1 11.247 [3.0702108901459724, 2.0457026979420334, 2.017491724109277, 2.064694390166551, 2.049166278215125]
0 11.275 [3.103213407797739, 2.043244792148471, 2.137278771959245, 2.009628319879994, 1.9817733329255134]
2 11.406 [3.155372562818229, 2.124182316940278, 2.0641206419095397, 2.0679074490908533, 1.9939222398679703]
2026-04-21 11:43:49.547532 Sync done -> model run start
2026-04-21 11:43:49.560211 Sync done -> model run start
2026-04-21 11:43:49.576306 Sync done -> model run start
2026-04-21 11:43:49.597305 Sync done -> model run start
0 10.021 [2.032745305914432, 2.0285823019221425, 1.9787246470805258, 1.9978876400273293, 1.983244783943519]
1 10.02 [2.035604252014309, 2.032518899999559, 1.9784950129687786, 1.9966161858756095, 1.976395906880498]
2 10.038 [2.038757102796808, 2.0313841130118817, 1.9771716331597418, 1.9974908190779388, 1.993130211951211]
3 10.369 [2.130745569942519, 2.1188788500148803, 2.0354810759890825, 2.070783792063594, 2.012778097996488]
2026-04-21 11:44:04.676877 Sync done -> model run start
2026-04-21 11:44:04.683115 Sync done -> model run start
2026-04-21 11:44:04.683398 Sync done -> model run start
2026-04-21 11:44:04.686798 Sync done -> model run start
3 11.107 [2.948548119980842, 2.064836941892281, 2.029527766862884, 2.038092990871519, 2.0261533020529896]
1 11.121 [2.9373366569634527, 2.0849164410028607, 2.028025221079588, 2.0390497578773648, 2.031547653954476]
2 11.205 [3.0750666519161314, 2.0529500651173294, 2.0162017301190645, 2.0427770861424506, 2.0173976100049913]
0 11.482 [3.0695879759732634, 2.148463151883334, 2.1201109800022095, 2.080570155987516, 2.0632060109637678]
2026-04-21 11:44:19.876135 Sync done -> model run start
2026-04-21 11:44:19.876194 Sync done -> model run start
2026-04-21 11:44:19.886723 Sync done -> model run start
2026-04-21 11:44:19.931985 Sync done -> model run start
2 11.169 [3.1648040341679007, 2.0251153900753707, 2.010153630049899, 1.9828610359691083, 1.9860800330061466]
3 11.472 [3.2982838379684836, 2.093656559009105, 2.1055345830973238, 1.9913843339309096, 1.9833002011291683]
1 11.252 [3.2063795370049775, 2.03528227400966, 2.0261171038728207, 1.9818105199374259, 2.002502255840227]
0 11.557 [3.2757719529327005, 2.024958464084193, 2.1423935419879854, 2.08556044800207, 2.0278047528117895]
2026-04-21 11:44:35.391780 Sync done -> model run start
2026-04-21 11:44:35.394894 Sync done -> model run start
2026-04-21 11:44:35.412465 Sync done -> model run start
2026-04-21 11:44:35.431527 Sync done -> model run start
1 13.371 [3.0551320479717106, 2.2830771692097187, 2.8233881790656596, 3.0786674169357866, 2.1306427579838783]
2 13.226 [2.7938278869260103, 2.308641904965043, 2.9642153470776975, 3.0951279730070382, 2.0644534539896995]
3 13.567 [2.8717684959992766, 2.473863970953971, 2.9603008839767426, 3.159141297917813, 2.1020312120672315]
2026-04-21 11:44:51.905338 Sync done -> model run start
2026-04-21 11:44:51.921912 Sync done -> model run start
2026-04-21 11:44:51.921912 Sync done -> model run start
2026-04-21 11:44:51.928709 Sync done -> model run start
0 11.362 [2.0465008730534464, 2.086996119003743, 2.052486472064629, 3.1501369611360133, 2.025970021961257]
3 11.373 [2.0616041938774288, 2.0813081739470363, 2.0532219901215285, 3.1528532509692013, 2.023383678868413]
1 11.386 [2.0664546948391944, 2.0832955099176615, 2.053074700059369, 3.155047773849219, 2.0277526709251106]
2 11.728 [2.1549179169815034, 2.1877978299744427, 2.1559248401317745, 3.15871984208934, 2.0699772329535335]
2026-04-21 11:45:05.659358 Sync done -> model run start
net_times: [[0.0, 2.091, 0, 1210368], [0.0, 2.965, 0, 1210368], [0.0, 5.073, 0, 1210368], [0.0, 3.85, 0, 1210368], [0.0, 3.317, 0, 1210368], [0.0, 3.771, 0, 1210368], [0.0, 2.781, 0, 1210368], [0.0, 3.013, 0, 1210368], [0.0, 2.024, 0, 1210368], [0.0, 1.898, 0, 1210368]]
echo 'race4fun' | sudo -S sh -c 'journalctl --since "2026-04-21 11:42:31.047304" --until "2026-04-21 11:45:05.659358" -k -o short-iso '| grep -i -E 'throttle|throttled|thermal|cpufreq|under-voltage|voltage'
