Code start -> moving to subprocess
[Gloo] Rank 2 is connected to 3 peer ranks. Expected number of connected peer ranks is : 3
Model resnet18 and split children
10 ['conv1', 'bn1', 'relu', 'maxpool', 'layer1']
[3, 3, 2, 2]
{'relu': <SplitPoint.END: 2>, 'layer2': <SplitPoint.END: 2>, 'layer4': <SplitPoint.END: 2>, 'fc': <SplitPoint.END: 2>}
4
2026-04-07 06:09:09.422401 Split done -> model sync start
2026-04-07 06:09:43.506454 Sync done -> model run start
2026-04-07 06:10:20.120576 Sync done -> model run start
2026-04-07 06:10:56.484172 Sync done -> model run start
2026-04-07 06:11:33.070811 Sync done -> model run start
2026-04-07 06:12:09.651384 Sync done -> model run start
2026-04-07 06:12:46.407518 Sync done -> model run start
2026-04-07 06:13:22.890372 Sync done -> model run start
2026-04-07 06:13:59.446647 Sync done -> model run start
2026-04-07 06:14:35.999092 Sync done -> model run start
2026-04-07 06:15:12.205832 Sync done -> model run start
2026-04-07 06:15:48.469858 Sync done -> model run start
2026-04-07 06:16:25.081382 Sync done -> model run start
2026-04-07 06:17:01.673080 Sync done -> model run start
2026-04-07 06:17:37.958870 Sync done -> model run start
2026-04-07 06:18:14.521383 Sync done -> model run start
2026-04-07 06:18:50.934748 Sync done -> model run start
2026-04-07 06:19:27.475462 Sync done -> model run start
2026-04-07 06:20:04.112868 Sync done -> model run start
2026-04-07 06:20:40.562487 Sync done -> model run start
2026-04-07 06:21:17.360762 Sync done -> model run start
2026-04-07 06:21:53.465485 Sync done -> model run start
2026-04-07 06:22:30.116225 Sync done -> model run start
2026-04-07 06:23:06.531308 Sync done -> model run start
2026-04-07 06:23:43.144861 Sync done -> model run start
2026-04-07 06:24:19.510532 Sync done -> model run start
2026-04-07 06:24:55.791809 Sync done -> model run start
2026-04-07 06:25:32.247300 Sync done -> model run start
2026-04-07 06:26:08.776964 Sync done -> model run start
2026-04-07 06:26:45.330003 Sync done -> model run start
2026-04-07 06:27:21.846968 Sync done -> model run start
2026-04-07 06:27:58.223577 Sync done -> model run start
rank 2 FLOP count: 3288334336 and full time*10**9 s/op: 0.1959
Time taken by rank:2 in total(avg): 6.4415s Batch time sets raw:[[0.7336, 0.7336, 0.8314, 0.8314, 0.6513, 0.6513, 0.8401, 0.8401, 0.4811, 0.4811], [0.6073, 0.6073, 0.8576, 0.8576, 0.8147, 0.8147, 0.8662, 0.8662, 0.7735, 0.7735], [0.6333, 0.6333, 0.8386, 0.8386, 0.7384, 0.7384, 0.6541, 0.6541, 0.8684, 0.8684], [0.5768, 0.5768, 1.0015, 1.0015, 0.5185, 0.5185, 0.9055, 0.9055, 0.8711, 0.8711], [0.5523, 0.5523, 0.9807, 0.9807, 0.7879, 0.7879, 0.7783, 0.7783, 0.8867, 0.8867], [0.5745, 0.5745, 1.002, 1.002, 0.7958, 0.7958, 0.6595, 0.6595, 0.865, 0.865], [0.564, 0.564, 0.8598, 0.8598, 0.6194, 0.6194, 0.9169, 0.9169, 0.5389, 0.5389], [0.5054, 0.5054, 0.8449, 0.8449, 0.6341, 0.6341, 0.8309, 0.8309, 0.5265, 0.5265], [0.6735, 0.6735, 0.8883, 0.8883, 0.5112, 0.5112, 0.7802, 0.7802, 0.8865, 0.8865], [0.7334, 0.7334, 0.902, 0.902, 0.5136, 0.5136, 0.8809, 0.8809, 0.6846, 0.6846], [0.523, 0.523, 0.8186, 0.8186, 0.6851, 0.6851, 0.9013, 0.9013, 0.6652, 0.6652], [0.4912, 0.4912, 0.6376, 0.6376, 1.0362, 1.0362, 0.7589, 0.7589, 0.7813, 0.7813], [0.6836, 0.6836, 0.8431, 0.8431, 1.0628, 1.0628, 0.7533, 0.7533, 0.8004, 0.8004], [0.7114, 0.7114, 0.8717, 0.8717, 0.7033, 0.7033, 0.6982, 0.6982, 0.8657, 0.8657], [0.5454, 0.5454, 1.1278, 1.1278, 0.7613, 0.7613, 0.7126, 0.7126, 0.9041, 0.9041], [0.6246, 0.6246, 1.0548, 1.0548, 0.8599, 0.8599, 0.7973, 0.7973, 0.8292, 0.8292], [0.5193, 0.5193, 0.9275, 0.9275, 0.8607, 0.8607, 0.8212, 0.8212, 0.923, 0.923], [0.6443, 0.6443, 0.8661, 0.8661, 0.7837, 0.7837, 0.8312, 0.8312, 0.5218, 0.5218], [0.6194, 0.6194, 0.8889, 0.8889, 0.7247, 0.7247, 0.8446, 0.8446, 0.8943, 0.8943], [0.7208, 0.7208, 0.7761, 0.7761, 0.7272, 0.7272, 0.8175, 0.8175, 0.5228, 0.5228], [0.5508, 0.5508, 0.8639, 0.8639, 1.0033, 1.0033, 0.6867, 0.6867, 0.8304, 0.8304], [0.5242, 0.5242, 0.8564, 0.8564, 0.8463, 0.8463, 0.8622, 0.8622, 0.6017, 0.6017], [0.5967, 0.5967, 0.8609, 0.8609, 0.7488, 0.7488, 0.9136, 0.9136, 0.725, 0.725], [0.6635, 0.6635, 0.8662, 0.8662, 0.6674, 0.6674, 0.7373, 0.7373, 0.8375, 0.8375], [0.5613, 0.5613, 0.9591, 0.9591, 0.5119, 0.5119, 0.862, 0.862, 0.9026, 0.9026], [0.6174, 0.6174, 1.0212, 1.0212, 0.8361, 0.8361, 0.7253, 0.7253, 0.8712, 0.8712], [0.6047, 0.6047, 1.0129, 1.0129, 0.7523, 0.7523, 0.6266, 0.6266, 0.8353, 0.8353], [0.6501, 0.6501, 1.006, 1.006, 0.6152, 0.6152, 0.913, 0.913, 0.6486, 0.6486], [0.6646, 0.6646, 0.9497, 0.9497, 0.6745, 0.6745, 0.8773, 0.8773, 0.751, 0.751]] Network sets raw:[[1.52, 0, 0.4251, 0, 0.2994, 0, 0.4496, 0, 0.2718, 0.002], [1.4217, 0, 0.5205, 0, 0.1534, 0, 0.255, 0, 0.2477, 0.0022], [1.2069, 0, 0.5284, 0, 0.3437, 0, 0.4145, 0, 0.4634, 0.0025], [1.188, 0, 0.671, 0, 0.0389, 0, 0.49, 0, 0.1574, 0.0021], [1.179, 0, 0.6938, 0, 0.0398, 0, 0.2389, 0, 0.3556, 0.0027], [1.1654, 0, 0.6764, 0, 0.0384, 0, 0.2492, 0, 0.465, 0.0022], [1.1906, 0, 0.5844, 0, 0.1536, 0, 0.5392, 0, 0.1743, 0.0024], [1.1486, 0, 0.7654, 0, 0.2221, 0, 0.4209, 0, 0.301, 0.002], [1.223, 0, 0.5077, 0, 0.0954, 0, 0.6138, 0, 0.3706, 0.002], [1.4045, 0, 0.3997, 0, 0.2006, 0, 0.6235, 0, 0.1843, 0.002], [1.2941, 0, 0.5379, 0, 0.2287, 0, 0.3585, 0, 0.2201, 0.0013], [1.3767, 0, 0.6163, 0, 0.4952, 0, 0.0928, 0, 0.213, 0.0021], [1.0768, 0, 0.4613, 0, 0.3422, 0, 0.0368, 0, 0.2858, 0.0021], [1.2207, 0, 0.3981, 0, 0.2815, 0, 0.4118, 0, 0.3169, 0.0021], [1.1819, 0, 0.7353, 0, 0.038, 0, 0.1286, 0, 0.4414, 0.0021], [1.1803, 0, 0.6382, 0, 0.0383, 0, 0.0683, 0, 0.2937, 0.0021], [1.2034, 0, 0.807, 0, 0.1662, 0, 0.1985, 0, 0.3018, 0.0025], [1.3227, 0, 0.4683, 0, 0.1658, 0, 0.1486, 0, 0.2875, 0.0021], [1.1642, 0, 0.5876, 0, 0.1994, 0, 0.4289, 0, 0.2373, 0.002], [1.4235, 0, 0.4338, 0, 0.3795, 0, 0.2599, 0, 0.2891, 0.0023], [1.3692, 0, 0.5699, 0, 0.2311, 0, 0.039, 0, 0.4057, 0.0026], [1.2833, 0, 0.6201, 0, 0.2798, 0, 0.1829, 0, 0.2449, 0.0027], [1.2046, 0, 0.5636, 0, 0.1771, 0, 0.3402, 0, 0.0858, 0.0026], [1.1611, 0, 0.4455, 0, 0.2574, 0, 0.343, 0, 0.4119, 0.0023], [1.1338, 0, 0.611, 0, 0.0771, 0, 0.5582, 0, 0.2885, 0.0027], [1.1852, 0, 0.6812, 0, 0.0483, 0, 0.1632, 0, 0.3422, 0.0022], [1.1316, 0, 0.7003, 0, 0.049, 0, 0.2914, 0, 0.4418, 0.0069], [1.1528, 0, 0.6364, 0, 0.0373, 0, 0.5303, 0, 0.122, 0.0028], [1.2225, 0, 0.5673, 0, 0.1495, 0, 0.3338, 0, 0.2139, 0.0021]] bytes sent:[[200704], [200704], [200704], [200704], [200704]] bytes recv:802816 on avg per image: 0.6441s with std: 0.0155s network time: 0.2611s and network std: 0.3854s network time per img: 0.0261 compute time: 0.6180s compute/network ratio: 2.3667 and throughput 1.5524 img/s
