Code start -> moving to subprocess
[Gloo] Rank 1 is connected to 3 peer ranks. Expected number of connected peer ranks is : 3
Model resnet18 and split children
10 ['conv1', 'bn1', 'relu', 'maxpool', 'layer1']
[3, 3, 2, 2]
{'relu': <SplitPoint.END: 2>, 'layer2': <SplitPoint.END: 2>, 'layer4': <SplitPoint.END: 2>, 'fc': <SplitPoint.END: 2>}
4
2026-04-07 06:09:12.059571 Split done -> model sync start
2026-04-07 06:09:43.510739 Sync done -> model run start
2026-04-07 06:10:20.124980 Sync done -> model run start
2026-04-07 06:10:56.488563 Sync done -> model run start
2026-04-07 06:11:33.075122 Sync done -> model run start
2026-04-07 06:12:09.656068 Sync done -> model run start
2026-04-07 06:12:46.412470 Sync done -> model run start
2026-04-07 06:13:22.895859 Sync done -> model run start
2026-04-07 06:13:59.451534 Sync done -> model run start
2026-04-07 06:14:36.003707 Sync done -> model run start
2026-04-07 06:15:12.212049 Sync done -> model run start
2026-04-07 06:15:48.474968 Sync done -> model run start
2026-04-07 06:16:25.086199 Sync done -> model run start
2026-04-07 06:17:01.677816 Sync done -> model run start
2026-04-07 06:17:37.966079 Sync done -> model run start
2026-04-07 06:18:14.526337 Sync done -> model run start
2026-04-07 06:18:50.939816 Sync done -> model run start
2026-04-07 06:19:27.480557 Sync done -> model run start
2026-04-07 06:20:04.118541 Sync done -> model run start
2026-04-07 06:20:40.567935 Sync done -> model run start
2026-04-07 06:21:17.365602 Sync done -> model run start
2026-04-07 06:21:53.470702 Sync done -> model run start
2026-04-07 06:22:30.121461 Sync done -> model run start
2026-04-07 06:23:06.536403 Sync done -> model run start
2026-04-07 06:23:43.150139 Sync done -> model run start
2026-04-07 06:24:19.515968 Sync done -> model run start
2026-04-07 06:24:55.797018 Sync done -> model run start
2026-04-07 06:25:32.252605 Sync done -> model run start
2026-04-07 06:26:08.782169 Sync done -> model run start
2026-04-07 06:26:45.335415 Sync done -> model run start
2026-04-07 06:27:21.852218 Sync done -> model run start
2026-04-07 06:27:58.229532 Sync done -> model run start
rank 1 FLOP count: 3493855232 and full time*10**9 s/op: 0.1620
Time taken by rank:1 in total(avg): 5.6613s Batch time sets raw:[[1.081, 1.081, 0.9431, 0.9431, 0.9198, 0.9198, 0.8775, 0.8775, 0.9125, 0.9125], [0.9901, 0.9901, 0.9077, 0.9077, 0.8025, 0.8025, 0.8504, 0.8504, 0.9162, 0.9162], [0.8184, 0.8184, 0.9431, 0.9431, 0.9765, 0.9765, 0.9338, 0.9338, 0.9168, 0.9168], [0.7541, 0.7541, 1.0295, 1.0295, 0.706, 0.706, 0.9209, 0.9209, 0.8477, 0.8477], [0.7858, 0.7858, 1.0201, 1.0201, 0.7348, 0.7348, 0.8944, 0.8944, 0.9229, 0.9229], [0.7555, 0.7555, 1.0316, 1.0316, 0.8184, 0.8184, 0.8315, 0.8315, 0.915, 0.915], [0.786, 0.786, 0.9285, 0.9285, 0.8113, 0.8113, 0.9356, 0.9356, 0.893, 0.893], [0.7575, 0.7575, 1.0503, 1.0503, 0.8579, 0.8579, 0.8414, 0.8414, 0.93, 0.93], [0.8114, 0.8114, 0.9527, 0.9527, 0.7734, 0.7734, 0.905, 0.905, 0.9497, 0.9497], [1.0168, 1.0168, 0.9161, 0.9161, 0.8834, 0.8834, 0.9283, 0.9283, 0.8566, 0.8566], [0.9131, 0.9131, 0.8396, 0.8396, 0.8275, 0.8275, 0.8358, 0.8358, 0.9097, 0.9097], [1.0017, 1.0017, 0.8912, 0.8912, 0.9279, 0.9279, 0.9084, 0.9084, 0.7661, 0.7661], [0.6949, 0.6949, 0.9256, 0.9256, 0.9761, 0.9761, 0.8136, 0.8136, 0.903, 0.903], [0.8228, 0.8228, 0.8937, 0.8937, 0.9451, 0.9451, 0.8962, 0.8962, 0.814, 0.814], [0.7997, 0.7997, 1.0613, 1.0613, 0.8364, 0.8364, 0.7938, 0.7938, 0.9531, 0.9531], [0.8042, 0.8042, 1.0471, 1.0471, 0.732, 0.732, 0.8678, 0.8678, 0.8864, 0.8864], [0.8194, 0.8194, 1.0989, 1.0989, 0.8865, 0.8865, 0.8382, 0.8382, 0.9266, 0.9266], [0.92, 0.92, 0.8855, 0.8855, 0.8277, 0.8277, 0.7054, 0.7054, 0.905, 0.905], [0.7615, 0.7615, 0.9799, 0.9799, 0.8828, 0.8828, 0.9329, 0.9329, 0.8804, 0.8804], [1.0159, 1.0159, 0.9452, 0.9452, 0.9232, 0.9232, 0.7777, 0.7777, 0.8949, 0.8949], [0.9742, 0.9742, 0.8982, 0.8982, 0.8782, 0.8782, 0.8373, 0.8373, 0.8793, 0.8793], [0.855, 0.855, 0.9292, 0.9292, 0.9156, 0.9156, 0.8231, 0.8231, 0.8949, 0.8949], [0.8124, 0.8124, 0.9369, 0.9369, 0.8202, 0.8202, 0.8799, 0.8799, 0.7864, 0.7864], [0.7554, 0.7554, 0.8938, 0.8938, 0.9193, 0.9193, 0.7892, 0.7892, 0.9492, 0.9492], [0.7534, 0.7534, 0.9464, 0.9464, 0.8331, 0.8331, 0.8494, 0.8494, 0.9535, 0.9535], [0.7852, 0.7852, 1.0797, 1.0797, 0.8635, 0.8635, 0.7772, 0.7772, 0.8704, 0.8704], [0.7526, 0.7526, 1.0889, 1.0889, 0.8537, 0.8537, 0.8242, 0.8242, 0.8672, 0.8672], [0.7602, 0.7602, 1.0705, 1.0705, 0.8374, 0.8374, 0.9261, 0.9261, 0.8372, 0.8372], [0.7986, 0.7986, 1.0133, 1.0133, 0.8791, 0.8791, 0.8032, 0.8032, 0.8733, 0.8733]] Network sets raw:[[0.4016, 0, 0.2157, 0, 0.2098, 0, 0.2222, 0, 0.2049, 0.0105], [0.396, 0, 0.2193, 0, 0.207, 0, 0.217, 0, 0.2046, 0.0108], [0.3533, 0, 0.2166, 0, 0.2051, 0, 0.2178, 0, 0.2043, 0.0035], [0.3969, 0, 0.2194, 0, 0.2179, 0, 0.205, 0, 0.2177, 0.0191], [0.357, 0, 0.223, 0, 0.2154, 0, 0.2039, 0, 0.216, 0.0049], [0.374, 0, 0.218, 0, 0.218, 0, 0.2125, 0, 0.218, 0.0039], [0.369, 0, 0.2194, 0, 0.2046, 0, 0.2203, 0, 0.2033, 0.0034], [0.3542, 0, 0.2205, 0, 0.2064, 0, 0.2155, 0, 0.2041, 0.0043], [0.3781, 0, 0.2253, 0, 0.2075, 0, 0.2193, 0, 0.2062, 0.0034], [0.3533, 0, 0.2182, 0, 0.2165, 0, 0.2083, 0, 0.2161, 0.0038], [0.3474, 0, 0.219, 0, 0.2172, 0, 0.2086, 0, 0.2162, 0.0035], [0.3385, 0, 0.2162, 0, 0.2047, 0, 0.2207, 0, 0.2066, 0.0035], [0.3466, 0, 0.2191, 0, 0.2073, 0, 0.2177, 0, 0.2092, 0.0035], [0.3621, 0, 0.2171, 0, 0.2069, 0, 0.2178, 0, 0.2049, 0.0036], [0.346, 0, 0.219, 0, 0.2085, 0, 0.219, 0, 0.2032, 0.0037], [0.3399, 0, 0.2163, 0, 0.2041, 0, 0.2198, 0, 0.2081, 0.0041], [0.35, 0, 0.225, 0, 0.2072, 0, 0.2192, 0, 0.2052, 0.0036], [0.3718, 0, 0.22, 0, 0.2071, 0, 0.2224, 0, 0.2164, 0.0036], [0.3675, 0, 0.2225, 0, 0.2075, 0, 0.2176, 0, 0.2056, 0.0038], [0.3743, 0, 0.2138, 0, 0.2102, 0, 0.1973, 0, 0.2158, 0.0047], [0.3613, 0, 0.2195, 0, 0.2127, 0, 0.2043, 0, 0.2172, 0.0186], [0.3922, 0, 0.2165, 0, 0.2193, 0, 0.2044, 0, 0.2175, 0.0038], [0.3577, 0, 0.218, 0, 0.2163, 0, 0.2074, 0, 0.2187, 0.004], [0.3674, 0, 0.2153, 0, 0.2062, 0, 0.2194, 0, 0.2052, 0.0035], [0.3437, 0, 0.224, 0, 0.2054, 0, 0.2178, 0, 0.2038, 0.0038], [0.3665, 0, 0.2165, 0, 0.2045, 0, 0.2183, 0, 0.2031, 0.0035], [0.3452, 0, 0.2175, 0, 0.2059, 0, 0.218, 0, 0.2049, 0.004], [0.3566, 0, 0.216, 0, 0.2052, 0, 0.2183, 0, 0.2042, 0.0046], [0.3864, 0, 0.2193, 0, 0.219, 0, 0.2049, 0, 0.2209, 0.0037]] bytes sent:[[802816], [802816], [802816], [802816], [802816]] bytes recv:6422528 on avg per image: 0.5661s with std: 0.0117s network time: 0.1222s and network std: 0.1286s network time per img: 0.0122 compute time: 0.5539s compute/network ratio: 4.5331 and throughput 1.7664 img/s
