ALL SYNC
2026-04-21 11:05:11.063135 Sync done -> model run start
2026-04-21 11:05:11.063135 Sync done -> model run start
2026-04-21 11:05:11.063150 Sync done -> model run start
2026-04-21 11:05:11.063416 Sync done -> model run start
3 0.127 [0.03557091485708952, 0.028625136939808726, 0.021033738972619176, 0.021296393824741244, 0.0207602521404624]
1 0.127 [0.03565278905443847, 0.027663582004606724, 0.022783568827435374, 0.020555356983095407, 0.020578950876370072]
0 0.127 [0.03565737302415073, 0.02766337408684194, 0.022804297972470522, 0.020823115948587656, 0.020315255969762802]
2 0.136 [0.04048910504207015, 0.03177261189557612, 0.024978552013635635, 0.022209355141967535, 0.016461587976664305]
2026-04-21 11:05:16.761486 Sync done -> model run start
2026-04-21 11:05:16.825429 Sync done -> model run start
2026-04-21 11:05:16.897613 Sync done -> model run start
2026-04-21 11:05:16.970698 Sync done -> model run start
0 0.088 [0.02390902885235846, 0.019930155016481876, 0.013068229891359806, 0.014102075947448611, 0.017118771094828844]
1 0.094 [0.029995699878782034, 0.02310700505040586, 0.01256125420331955, 0.014390302821993828, 0.01332281087525189]
2 0.072 [0.022546228021383286, 0.01878328900784254, 0.011928135063499212, 0.010473823174834251, 0.007579626981168985]
3 0.049 [0.014452905859798193, 0.013259269995614886, 0.0070640589110553265, 0.006932860938832164, 0.0069974439684301615]
2026-04-21 11:05:22.739100 Sync done -> model run start
2026-04-21 11:05:22.795476 Sync done -> model run start
2026-04-21 11:05:22.897349 Sync done -> model run start
2026-04-21 11:05:22.987672 Sync done -> model run start
1 0.106 [0.03242578497156501, 0.03215823485516012, 0.014314834028482437, 0.014257386792451143, 0.012914376799017191]
2 0.082 [0.02701098402030766, 0.018874434055760503, 0.01539857592433691, 0.010470906971022487, 0.010294344974681735]
3 0.051 [0.018645426025614142, 0.010961371008306742, 0.007990300888195634, 0.006845153868198395, 0.006846299860626459]
0 0.086 [0.02424621395766735, 0.01766631822101772, 0.013523434055969119, 0.015639929100871086, 0.01427957508713007]
2026-04-21 11:05:28.758229 Sync done -> model run start
2026-04-21 11:05:28.815823 Sync done -> model run start
2026-04-21 11:05:28.888974 Sync done -> model run start
2026-04-21 11:05:28.967778 Sync done -> model run start
0 0.079 [0.021064156899228692, 0.017741630086675286, 0.01157344994135201, 0.012960938969627023, 0.015405763871967793]
1 0.094 [0.02657176903448999, 0.023009193129837513, 0.014199211029335856, 0.013820515014231205, 0.015688522020354867]
2 0.072 [0.024671628139913082, 0.019739530980587006, 0.011524857021868229, 0.008078321116045117, 0.0075119719840586185]
3 0.045 [0.012937397928908467, 0.011052569141611457, 0.006859111832454801, 0.006818072171881795, 0.006789321079850197]
2026-04-21 11:05:34.808398 Sync done -> model run start
2026-04-21 11:05:34.853501 Sync done -> model run start
2026-04-21 11:05:34.914345 Sync done -> model run start
2026-04-21 11:05:34.986924 Sync done -> model run start
0 0.097 [0.02781019709073007, 0.019127506064251065, 0.020987594965845346, 0.014295981032773852, 0.014810352120548487]
1 0.106 [0.03712387406267226, 0.021879462990909815, 0.017668246058747172, 0.015164098935201764, 0.014112129108980298]
2 0.097 [0.0505429869517684, 0.01548659591935575, 0.012299173977226019, 0.009533466072753072, 0.0086701400578022]
3 0.06 [0.019914166070520878, 0.013499736785888672, 0.011478556087240577, 0.007598533993586898, 0.006943591171875596]
2026-04-21 11:05:40.801907 Sync done -> model run start
2026-04-21 11:05:40.873001 Sync done -> model run start
2026-04-21 11:05:40.911500 Sync done -> model run start
2026-04-21 11:05:41.001785 Sync done -> model run start
0 0.095 [0.022572425892576575, 0.020712702069431543, 0.01643768302164972, 0.02131019695661962, 0.013784683076664805]
1 0.088 [0.022380345035344362, 0.02132639498449862, 0.014868840808048844, 0.014636239036917686, 0.014719049911946058]
2 0.082 [0.02419204986654222, 0.02156472601927817, 0.014726758934557438, 0.009959452785551548, 0.01120954705402255]
3 0.046 [0.014223793987184763, 0.010994340991601348, 0.006871977122500539, 0.007056558970361948, 0.006887185154482722]
2026-04-21 11:05:46.809387 Sync done -> model run start
2026-04-21 11:05:46.850885 Sync done -> model run start
2026-04-21 11:05:46.933987 Sync done -> model run start
2026-04-21 11:05:47.010267 Sync done -> model run start
1 0.095 [0.02997846296057105, 0.023927051108330488, 0.013209740165621042, 0.013324061874300241, 0.014249315019696951]
0 0.091 [0.02601614990271628, 0.01837110612541437, 0.015754772117361426, 0.01421473198570311, 0.016008310951292515]
2 0.076 [0.030061274068430066, 0.02075488888658583, 0.00967575702816248, 0.007688845973461866, 0.007673013024032116]
3 0.053 [0.019284223904833198, 0.011527044931426644, 0.008249778999015689, 0.0069533828645944595, 0.006885883864015341]
2026-04-21 11:05:52.818678 Sync done -> model run start
2026-04-21 11:05:52.850680 Sync done -> model run start
2026-04-21 11:05:52.907563 Sync done -> model run start
2026-04-21 11:05:52.982021 Sync done -> model run start
0 0.117 [0.018345116870477796, 0.034025879111140966, 0.013288750080391765, 0.01809058804064989, 0.03295781486667693]
1 0.102 [0.03289750311523676, 0.020329684019088745, 0.0148771230597049, 0.01641580881550908, 0.016926117008551955]
2 0.087 [0.028974930057302117, 0.02480782615020871, 0.009260656079277396, 0.008954616962000728, 0.014106556074693799]
3 0.061 [0.021346186054870486, 0.014651917153969407, 0.009887526975944638, 0.006808331934735179, 0.007658638060092926]
2026-04-21 11:05:58.816204 Sync done -> model run start
2026-04-21 11:05:58.873520 Sync done -> model run start
2026-04-21 11:05:58.940445 Sync done -> model run start
2026-04-21 11:05:59.021981 Sync done -> model run start
1 0.136 [0.0444516830611974, 0.03550466988235712, 0.018580063013359904, 0.025572299025952816, 0.01183225098066032]
0 0.084 [0.024168717907741666, 0.01783756911754608, 0.01370697608217597, 0.0130450539290905, 0.014721290906891227]
2 0.081 [0.029547061072662473, 0.01732116681523621, 0.011898969067260623, 0.01169865787960589, 0.010027786018326879]
3 0.06 [0.02221190999262035, 0.013331250054761767, 0.010535229928791523, 0.006961142877116799, 0.006932862102985382]
2026-04-21 11:06:04.809969 Sync done -> model run start
2026-04-21 11:06:04.871524 Sync done -> model run start
2026-04-21 11:06:04.957809 Sync done -> model run start
2026-04-21 11:06:05.028600 Sync done -> model run start
0 0.08 [0.02297763293609023, 0.01920083910226822, 0.012158914934843779, 0.01309692906215787, 0.012635682011023164]
1 0.076 [0.02052161004394293, 0.017799912951886654, 0.01294385688379407, 0.012575734872370958, 0.011636835988610983]
2 0.066 [0.020245570922270417, 0.01890365406870842, 0.010398095939308405, 0.008029052056372166, 0.0077716580126434565]
3 0.049 [0.014626917196437716, 0.011108923936262727, 0.009126594988629222, 0.006914841942489147, 0.007029111962765455]
2026-04-21 11:06:06.485295 Sync done -> model run start
net_times: [[5.798, 1.376, 3211264, 802816], [3.922, 1.311, 3211264, 802816], [4.183, 1.334, 3211264, 802816], [4.152, 1.33, 3211264, 802816], [4.244, 1.329, 3211264, 802816], [4.188, 1.333, 3211264, 802816], [4.186, 1.331, 3211264, 802816], [4.18, 1.33, 3211264, 802816], [4.207, 1.326, 3211264, 802816], [4.181, 1.326, 3211264, 802816]]
echo 'race4fun' | sudo -S sh -c 'journalctl --since "2026-04-21 11:05:04.753439" --until "2026-04-21 11:06:06.485295" -k -o short-iso '| grep -i -E 'throttle|throttled|thermal|cpufreq|under-voltage|voltage'
