ALL SYNC
2026-04-21 11:05:19.403249 Sync done -> model run start
2026-04-21 11:05:19.403240 Sync done -> model run start
2026-04-21 11:05:19.403240 Sync done -> model run start
2026-04-21 11:05:19.403618 Sync done -> model run start
2 0.042 [0.03446192899718881, 0.0017538960091769695, 0.0020825390238314867, 0.0019763940945267677, 0.0020159250125288963]
1 0.042 [0.03518400900065899, 0.002186601050198078, 0.0017248329240828753, 0.0015430119819939137, 0.0016416569706052542]
0 0.044 [0.03601837810128927, 0.00305789802223444, 0.0017507190350443125, 0.0016366050112992525, 0.001247284933924675]
3 0.043 [0.034528544172644615, 0.003006960963830352, 0.0017255099955946207, 0.0015426469035446644, 0.001657542074099183]
2026-04-21 11:05:23.527215 Sync done -> model run start
2026-04-21 11:05:23.527215 Sync done -> model run start
2026-04-21 11:05:23.529887 Sync done -> model run start
2026-04-21 11:05:23.536042 Sync done -> model run start
0 0.013 [0.0054091340862214565, 0.0019411870744079351, 0.0016177501529455185, 0.0017366560641676188, 0.0016845730133354664]
1 0.013 [0.005409237928688526, 0.001941133989021182, 0.0016173338517546654, 0.0017371249850839376, 0.0016843120101839304]
2 0.013 [0.006344649940729141, 0.001650980208069086, 0.0016368129290640354, 0.00154910609126091, 0.0015735849738121033]
3 0.011 [0.00624751509167254, 0.001411033095791936, 0.001352336024865508, 0.0007732240483164787, 0.0006460901349782944]
2026-04-21 11:05:29.684018 Sync done -> model run start
2026-04-21 11:05:29.684018 Sync done -> model run start
2026-04-21 11:05:29.685537 Sync done -> model run start
2026-04-21 11:05:29.690526 Sync done -> model run start
0 0.015 [0.0066553771030157804, 0.002138528972864151, 0.002120404038578272, 0.0021046230103820562, 0.001978165004402399]
1 0.015 [0.006656263023614883, 0.002138060051947832, 0.002083946019411087, 0.002103945007547736, 0.0019779568538069725]
2 0.015 [0.007485424168407917, 0.0019428532104939222, 0.0019129570573568344, 0.0018958221189677715, 0.0018058218993246555]
3 0.015 [0.00848000100813806, 0.0018520720768719912, 0.0017807700205594301, 0.0016934801824390888, 0.0011429619044065475]
2026-04-21 11:05:35.674356 Sync done -> model run start
2026-04-21 11:05:35.674352 Sync done -> model run start
2026-04-21 11:05:35.678975 Sync done -> model run start
2026-04-21 11:05:35.678987 Sync done -> model run start
1 0.013 [0.005542101804167032, 0.0018421760760247707, 0.001613896107301116, 0.0015635848976671696, 0.0017354581505060196]
0 0.013 [0.0055414249654859304, 0.0018424890004098415, 0.0016138439532369375, 0.0015623350627720356, 0.001736968057230115]
3 0.013 [0.005997412139549851, 0.0018287908751517534, 0.001499365782365203, 0.0017008748836815357, 0.001345304073765874]
2 0.013 [0.005997776985168457, 0.0018353541381657124, 0.0014921259135007858, 0.0017079580575227737, 0.0013424921780824661]
2026-04-21 11:05:41.634926 Sync done -> model run start
2026-04-21 11:05:41.634926 Sync done -> model run start
2026-04-21 11:05:41.643686 Sync done -> model run start
2026-04-21 11:05:41.645192 Sync done -> model run start
2 0.014 [0.006426366977393627, 0.0020334250293672085, 0.0018938430584967136, 0.0017806668765842915, 0.0019268628675490618]
0 0.013 [0.00729521713219583, 0.0018295720219612122, 0.0015121260657906532, 0.0009733268525451422, 0.0009147869423031807]
3 0.012 [0.006752928951755166, 0.0017299898900091648, 0.0012558780144900084, 0.0011390030849725008, 0.0010307228658348322]
1 0.014 [0.00642642006278038, 0.002033633179962635, 0.0018942069727927446, 0.0017812910955399275, 0.0019320719875395298]
2026-04-21 11:05:47.701030 Sync done -> model run start
2026-04-21 11:05:47.701039 Sync done -> model run start
2026-04-21 11:05:47.705201 Sync done -> model run start
2026-04-21 11:05:47.721381 Sync done -> model run start
1 0.014 [0.006631053984165192, 0.0021043620072305202, 0.001719208899885416, 0.0018276979681104422, 0.0017860829830169678]
0 0.014 [0.006631470983847976, 0.0021042581647634506, 0.0017194689717143774, 0.0018168119713664055, 0.0017949368339031935]
2 0.015 [0.007623390993103385, 0.0022761321160942316, 0.0017270208336412907, 0.0018201968632638454, 0.0015258239582180977]
3 0.008 [0.0043776819948107, 0.0010983271058648825, 0.0009166088420897722, 0.0009489529766142368, 0.0008637967985123396]
2026-04-21 11:05:53.717891 Sync done -> model run start
2026-04-21 11:05:53.718915 Sync done -> model run start
2026-04-21 11:05:53.736455 Sync done -> model run start
2026-04-21 11:05:53.754319 Sync done -> model run start
0 0.013 [0.006058505969122052, 0.0019293108489364386, 0.001486761961132288, 0.0016603539697825909, 0.0014726989902555943]
1 0.013 [0.006294284947216511, 0.0017444160766899586, 0.0017956141382455826, 0.0016780111473053694, 0.0014833768364042044]
3 0.009 [0.004483305849134922, 0.0011535871308296919, 0.0009732239414006472, 0.001035722903907299, 0.0014253559056669474]
2 0.008 [0.0040239859372377396, 0.001099890097975731, 0.0009195259772241116, 0.00093650515191257, 0.0008523380383849144]
2026-04-21 11:05:59.681243 Sync done -> model run start
2026-04-21 11:05:59.687574 Sync done -> model run start
2026-04-21 11:05:59.690210 Sync done -> model run start
2026-04-21 11:05:59.700689 Sync done -> model run start
0 0.015 [0.007161519955843687, 0.0019910300616174936, 0.0019322799053043127, 0.0019400930032134056, 0.002057592151686549]
2 0.015 [0.007390059996396303, 0.0021739969961345196, 0.001584990881383419, 0.0018943119794130325, 0.0017828019335865974]
3 0.014 [0.007247925037518144, 0.0018195731099694967, 0.001948269084095955, 0.0014809290878474712, 0.001349991885945201]
1 0.017 [0.013959500007331371, 0.0009143180213868618, 0.0008211408276110888, 0.0006369231268763542, 0.0007055690512061119]
2026-04-21 11:06:05.709696 Sync done -> model run start
2026-04-21 11:06:05.711138 Sync done -> model run start
2026-04-21 11:06:05.717616 Sync done -> model run start
2026-04-21 11:06:05.719288 Sync done -> model run start
2 0.016 [0.00786417187191546, 0.0018649359699338675, 0.002118476899340749, 0.0019062911160290241, 0.0016166048590093851]
3 0.015 [0.0076877661049366, 0.0022843610495328903, 0.001901811920106411, 0.0016069698613137007, 0.0015649378765374422]
1 0.019 [0.00817443011328578, 0.002267590956762433, 0.0019920188933610916, 0.003618729067966342, 0.002597119892016053]
0 0.016 [0.007777662016451359, 0.0020460819359868765, 0.002179205883294344, 0.00201238295994699, 0.0017280620522797108]
2026-04-21 11:06:11.718308 Sync done -> model run start
2026-04-21 11:06:11.718715 Sync done -> model run start
2026-04-21 11:06:11.721697 Sync done -> model run start
2026-04-21 11:06:11.723481 Sync done -> model run start
1 0.013 [0.005463873967528343, 0.001923789968714118, 0.0016778549179434776, 0.0017408751882612705, 0.0017481669783592224]
0 0.013 [0.005640381947159767, 0.00192363397218287, 0.0016781669110059738, 0.0017415520269423723, 0.0017481669783592224]
2 0.013 [0.006326264934614301, 0.0018184259533882141, 0.001538218930363655, 0.0015857720281928778, 0.001617959002032876]
3 0.013 [0.006303607951849699, 0.0016849900130182505, 0.0015115009155124426, 0.0016194181516766548, 0.0013538459315896034]
2026-04-21 11:06:11.809880 Sync done -> model run start
net_times: [[14.202, 0.0, 100352, 0], [3.914, 0.0, 100352, 0], [5.964, 0.0, 100352, 0], [5.796, 0.0, 100352, 0], [5.778, 0.0, 100352, 0], [5.877, 0.0, 100352, 0], [5.822, 0.0, 100352, 0], [5.757, 0.0, 100352, 0], [5.824, 0.0, 100352, 0], [5.805, 0.0, 100352, 0]]
echo 'race4fun' | sudo -S sh -c 'journalctl --since "2026-04-21 11:05:04.749871" --until "2026-04-21 11:06:11.809880" -k -o short-iso '| grep -i -E 'throttle|throttled|thermal|cpufreq|under-voltage|voltage'
