ALL SYNC
2026-04-21 11:04:04.166513 Sync done -> model run start
2026-04-21 11:04:04.166513 Sync done -> model run start
2026-04-21 11:04:04.166514 Sync done -> model run start
2026-04-21 11:04:04.166513 Sync done -> model run start
1 2.684 [0.5826614140532911, 0.5250149359926581, 0.5291943899355829, 0.5248477489221841, 0.5222213580273092]
0 2.693 [0.5836896889377385, 0.5298977189231664, 0.5273196608759463, 0.5299817288760096, 0.5214246450923383]
2 2.79 [0.5827354760840535, 0.5242252529133111, 0.5263803969137371, 0.5698606581427157, 0.586904461029917]
3 2.923 [0.582668705843389, 0.5795490888413042, 0.6934429919347167, 0.5483325570821762, 0.5191777830477804]
2026-04-21 11:04:07.500561 Sync done -> model run start
2026-04-21 11:04:07.512185 Sync done -> model run start
2026-04-21 11:04:07.512686 Sync done -> model run start
2026-04-21 11:04:07.532337 Sync done -> model run start
2 2.568 [0.5095172158908099, 0.5007280500140041, 0.4997975858859718, 0.5279934080317616, 0.5294700129888952]
0 2.657 [0.5554185570217669, 0.4982344191521406, 0.5168156619183719, 0.5627620019949973, 0.524063483113423]
3 2.725 [0.5056857280433178, 0.498220669105649, 0.4995208689942956, 0.64005445712246, 0.5809399660211056]
1 2.567 [0.5099847130477428, 0.5007286220788956, 0.49979722197167575, 0.5264151359442621, 0.5300376659724861]
2026-04-21 11:04:10.981543 Sync done -> model run start
2026-04-21 11:04:10.986317 Sync done -> model run start
2026-04-21 11:04:10.996117 Sync done -> model run start
2026-04-21 11:04:11.014552 Sync done -> model run start
0 2.527 [0.5011156520340592, 0.4894710851367563, 0.4906695680692792, 0.5179333630949259, 0.5275142958853394]
1 2.608 [0.5177977920975536, 0.5167430059518665, 0.4897768129594624, 0.5653321950230747, 0.5177998228464276]
2 2.528 [0.5010855989530683, 0.48986472887918353, 0.49029712192714214, 0.5231360408943146, 0.5239255148917437]
3 2.69 [0.5001228449400514, 0.4886036431416869, 0.4902311849873513, 0.6218114399816841, 0.5887530960608274]
2026-04-21 11:04:14.440397 Sync done -> model run start
2026-04-21 11:04:14.448551 Sync done -> model run start
2026-04-21 11:04:14.454873 Sync done -> model run start
2026-04-21 11:04:14.469638 Sync done -> model run start
2 2.51 [0.49860118702054024, 0.49024795601144433, 0.4885023410897702, 0.5104819498956203, 0.5216351640410721]
1 2.515 [0.49822072009555995, 0.4900227489415556, 0.4879872400779277, 0.5115569429472089, 0.5271269020158798]
3 2.508 [0.4981937420088798, 0.4883504151366651, 0.48765437700785697, 0.5099834632128477, 0.5237941101659089]
0 2.749 [0.4977754629217088, 0.536393096903339, 0.48734151502139866, 0.648552373982966, 0.5787699271459132]
2026-04-21 11:04:17.928712 Sync done -> model run start
2026-04-21 11:04:17.939441 Sync done -> model run start
2026-04-21 11:04:17.949678 Sync done -> model run start
2026-04-21 11:04:17.967098 Sync done -> model run start
1 2.517 [0.49762869300320745, 0.48908280581235886, 0.48775395983830094, 0.5116760570090264, 0.5306840681005269]
3 2.512 [0.49814275186508894, 0.4879734378773719, 0.4883944250177592, 0.5127979251556098, 0.5246429580729455]
0 2.596 [0.4991446740459651, 0.4878717199899256, 0.48816848918795586, 0.5105548661667854, 0.6102581238374114]
2 2.662 [0.49757129792124033, 0.5344456599559635, 0.4874921911396086, 0.6338449099566787, 0.5087619079276919]
2026-04-21 11:04:21.435284 Sync done -> model run start
2026-04-21 11:04:21.443153 Sync done -> model run start
2026-04-21 11:04:21.457671 Sync done -> model run start
2026-04-21 11:04:21.457671 Sync done -> model run start
1 2.545 [0.5080703489948064, 0.4999699811451137, 0.4912338871508837, 0.5236114540603012, 0.5222420869395137]
2 2.597 [0.508336546132341, 0.5007350279483944, 0.491665551206097, 0.5224567740224302, 0.5735214680898935]
0 2.719 [0.5097659640014172, 0.5327644201461226, 0.5051255230791867, 0.6151871560141444, 0.5557110540103167]
3 2.588 [0.5097663800697774, 0.5018361678812653, 0.49254247290082276, 0.5597480610013008, 0.5243016581516713]
2026-04-21 11:04:24.880018 Sync done -> model run start
2026-04-21 11:04:24.880615 Sync done -> model run start
2026-04-21 11:04:24.889821 Sync done -> model run start
2026-04-21 11:04:24.905240 Sync done -> model run start
1 2.524 [0.49983102292753756, 0.49055019300431013, 0.4883960918523371, 0.5166433700360358, 0.5280113238841295]
0 2.642 [0.5295051168650389, 0.48928171186707914, 0.5353857579175383, 0.5191920008510351, 0.5687743611633778]
2 2.554 [0.49871821817941964, 0.49153399001806974, 0.4892956691328436, 0.5498347349930555, 0.524278273107484]
3 2.649 [0.49616422201506793, 0.4882353108841926, 0.4879413030575961, 0.5596247280482203, 0.6166786579415202]
2026-04-21 11:04:28.355474 Sync done -> model run start
2026-04-21 11:04:28.362700 Sync done -> model run start
2026-04-21 11:04:28.374609 Sync done -> model run start
2026-04-21 11:04:28.394424 Sync done -> model run start
1 2.524 [0.5002862811088562, 0.49131393898278475, 0.48925869003869593, 0.5151538490317762, 0.527749293949455]
3 2.639 [0.5437120110727847, 0.4894917618948966, 0.5353339880239218, 0.5243775430135429, 0.54623236018233]
2 2.688 [0.5005333619192243, 0.49099899316206574, 0.4896256159991026, 0.6098835950251669, 0.5968746619764715]
0 2.52 [0.5012728890869766, 0.4896334281656891, 0.4897113440092653, 0.5171554510015994, 0.5220562550239265]
2026-04-21 11:04:31.850978 Sync done -> model run start
2026-04-21 11:04:31.853464 Sync done -> model run start
2026-04-21 11:04:31.865112 Sync done -> model run start
2026-04-21 11:04:31.879895 Sync done -> model run start
0 2.566 [0.49949857708998024, 0.5319798409473151, 0.49156143702566624, 0.5193265839479864, 0.5232709869742393]
1 2.567 [0.5025811109226197, 0.5236687450669706, 0.48915827507153153, 0.5160223329439759, 0.5357318508904427]
3 2.718 [0.5458037168718874, 0.5360125778242946, 0.5411237450316548, 0.5249188938178122, 0.5697230021469295]
2026-04-21 11:04:35.333786 Sync done -> model run start
2026-04-21 11:04:35.340138 Sync done -> model run start
2026-04-21 11:04:35.348935 Sync done -> model run start
2026-04-21 11:04:35.359909 Sync done -> model run start
2 2.505 [0.5054787499830127, 0.5027107461355627, 0.4999000849202275, 0.5007436738815159, 0.4958358909934759]
3 2.466 [0.499454254982993, 0.49437126400880516, 0.4901571220252663, 0.4913143031299114, 0.4909526389092207]
1 2.472 [0.5007486219983548, 0.49507855088450015, 0.49205476813949645, 0.492109663086012, 0.4916008119471371]
0 2.55 [0.5303010491188616, 0.5066859819926322, 0.4910530550405383, 0.5378940769005567, 0.48357356805354357]
2026-04-21 11:04:37.962238 Sync done -> model run start
net_times: [[2.63, 0.0, 802816, 0], [0.002, 0.0, 802816, 0], [0.326, 0.0, 802816, 0], [0.336, 0.0, 802816, 0], [0.344, 0.0, 802816, 0], [0.422, 0.0, 802816, 0], [0.298, 0.0, 802816, 0], [0.382, 0.0, 802816, 0], [0.389, 0.0, 802816, 0], [0.332, 0.0, 802816, 0]]
echo 'race4fun' | sudo -S sh -c 'journalctl --since "2026-04-21 11:04:00.567594" --until "2026-04-21 11:04:37.962238" -k -o short-iso '| grep -i -E 'throttle|throttled|thermal|cpufreq|under-voltage|voltage'
