ALL SYNC
2026-04-21 11:05:17.019028 Sync done -> model run start
2026-04-21 11:05:17.019028 Sync done -> model run start
2026-04-21 11:05:17.019028 Sync done -> model run start
2026-04-21 11:05:17.019028 Sync done -> model run start
2 1.656 [0.36093027307651937, 0.32924065203405917, 0.3216390130110085, 0.322013386990875, 0.32231578091159463]
3 1.641 [0.3558297189883888, 0.32665092195384204, 0.31952350004576147, 0.3193817820865661, 0.3195744890253991]
0 1.656 [0.3609299089293927, 0.3292400778736919, 0.3216394290793687, 0.322013386990875, 0.32230755197815597]
1 1.698 [0.3609301168471575, 0.32984361704438925, 0.3621898000128567, 0.3194204270839691, 0.3250659788027406]
2026-04-21 11:05:21.592959 Sync done -> model run start
2026-04-21 11:05:21.602711 Sync done -> model run start
2026-04-21 11:05:21.604938 Sync done -> model run start
2026-04-21 11:05:21.627466 Sync done -> model run start
1 1.597 [0.3261165479198098, 0.3187308970373124, 0.3176814750768244, 0.31686079991050065, 0.3170415291097015]
2 1.594 [0.3242979599162936, 0.31855344981886446, 0.31723913294263184, 0.3169636121019721, 0.31714866287074983]
0 1.632 [0.322264582850039, 0.31851219991222024, 0.31928490614518523, 0.35976017313078046, 0.31247201398946345]
3 1.601 [0.3247846260201186, 0.3192002191208303, 0.3177303811535239, 0.3174124648794532, 0.32109344098716974]
2026-04-21 11:05:27.710463 Sync done -> model run start
2026-04-21 11:05:27.719136 Sync done -> model run start
2026-04-21 11:05:27.724751 Sync done -> model run start
2026-04-21 11:05:27.743018 Sync done -> model run start
2 1.597 [0.32518441416323185, 0.3182728779502213, 0.3176211609970778, 0.3173703288193792, 0.31808407604694366]
0 1.6 [0.32734206202439964, 0.3189598540775478, 0.31749636912718415, 0.31772761791944504, 0.31786173302680254]
3 1.596 [0.3243783749639988, 0.3183966788928956, 0.31729939114302397, 0.3172479330096394, 0.3186003239825368]
1 1.635 [0.3232323389966041, 0.319328707177192, 0.3252229040954262, 0.35409821197390556, 0.31320711504668]
2026-04-21 11:05:33.662229 Sync done -> model run start
2026-04-21 11:05:33.662229 Sync done -> model run start
2026-04-21 11:05:33.672119 Sync done -> model run start
2026-04-21 11:05:33.713862 Sync done -> model run start
0 1.62 [0.3293571579270065, 0.3232699930667877, 0.32183781010098755, 0.32235187105834484, 0.32272317190654576]
1 1.62 [0.3293571579270065, 0.3232696808408946, 0.3218381239566952, 0.3223520270548761, 0.3227230159100145]
2 1.612 [0.32674800092354417, 0.3205861491151154, 0.3202634418848902, 0.3220830699428916, 0.3222313509322703]
3 1.655 [0.3346601591911167, 0.320879845879972, 0.3204049519263208, 0.36743462015874684, 0.31131909997202456]
2026-04-21 11:05:39.635415 Sync done -> model run start
2026-04-21 11:05:39.639081 Sync done -> model run start
2026-04-21 11:05:39.652285 Sync done -> model run start
2026-04-21 11:05:39.652952 Sync done -> model run start
0 1.594 [0.3248058189637959, 0.3184164159465581, 0.3171890249941498, 0.3170211610849947, 0.3167899630498141]
1 1.596 [0.32498753699474037, 0.31826172885484993, 0.31732147210277617, 0.31747167999856174, 0.3175986590795219]
2 1.674 [0.36051969695836306, 0.3181127200368792, 0.31747569097205997, 0.3586316311266273, 0.31920391297899187]
3 1.595 [0.32393988501280546, 0.3182242810726166, 0.31741298199631274, 0.317086213035509, 0.3177662619855255]
2026-04-21 11:05:45.702573 Sync done -> model run start
2026-04-21 11:05:45.703510 Sync done -> model run start
2026-04-21 11:05:45.711032 Sync done -> model run start
2026-04-21 11:05:45.715112 Sync done -> model run start
1 1.596 [0.32324150181375444, 0.31821787380613387, 0.31805521808564663, 0.3185091749764979, 0.31813907204195857]
0 1.593 [0.32215270306915045, 0.31759860599413514, 0.31767855305224657, 0.31831662403419614, 0.3174594908487052]
3 1.595 [0.3221762969624251, 0.31798730115406215, 0.3173063660506159, 0.31884880899451673, 0.3185880279634148]
2 1.673 [0.36554545699618757, 0.3173296998720616, 0.3179174580145627, 0.34877458307892084, 0.32338665588758886]
2026-04-21 11:05:51.687668 Sync done -> model run start
2026-04-21 11:05:51.689310 Sync done -> model run start
2026-04-21 11:05:51.698158 Sync done -> model run start
2026-04-21 11:05:51.698158 Sync done -> model run start
1 1.624 [0.3265080510172993, 0.32071827980689704, 0.31893151602707803, 0.3407546628732234, 0.3171771471388638]
0 1.631 [0.3249937330838293, 0.3204898948315531, 0.3185539129190147, 0.3484089570119977, 0.3180470399092883]
2 1.63 [0.326243779854849, 0.32101963297463953, 0.3195565128698945, 0.3452736570034176, 0.31818578904494643]
3 1.712 [0.36970992013812065, 0.3203808849211782, 0.3194666178897023, 0.36539660301059484, 0.3364433250389993]
2026-04-21 11:05:57.689394 Sync done -> model run start
2026-04-21 11:05:57.692031 Sync done -> model run start
2026-04-21 11:05:57.696662 Sync done -> model run start
2026-04-21 11:05:57.704234 Sync done -> model run start
0 1.597 [0.3224614500068128, 0.32006255188025534, 0.31743891607038677, 0.31862578610889614, 0.3180926120840013]
1 1.597 [0.3229738441295922, 0.31882089003920555, 0.318239850923419, 0.318438861053437, 0.31883109803311527]
3 1.597 [0.3225602509919554, 0.3193760958965868, 0.31817453913390636, 0.31845052586868405, 0.3187671930063516]
2 1.678 [0.36617404595017433, 0.31925609707832336, 0.3184501628857106, 0.31831537117250264, 0.3551664832048118]
2026-04-21 11:06:03.713321 Sync done -> model run start
2026-04-21 11:06:03.715435 Sync done -> model run start
2026-04-21 11:06:03.720406 Sync done -> model run start
2026-04-21 11:06:03.727866 Sync done -> model run start
0 1.594 [0.3240624840836972, 0.31791583984158933, 0.31728782085701823, 0.31731474888511, 0.3170133950188756]
2 1.596 [0.3241275360342115, 0.3185193280223757, 0.31753912288695574, 0.31784005905501544, 0.3178899548947811]
3 1.597 [0.3244434199295938, 0.318436463130638, 0.3177150080446154, 0.3179121420253068, 0.3181610992178321]
1 1.673 [0.35549778304994106, 0.3324879731517285, 0.3174278740771115, 0.3177834970410913, 0.3496080129407346]
2026-04-21 11:06:09.712156 Sync done -> model run start
2026-04-21 11:06:09.714225 Sync done -> model run start
2026-04-21 11:06:09.720865 Sync done -> model run start
2026-04-21 11:06:09.722658 Sync done -> model run start
0 1.606 [0.32612455799244344, 0.31993301887996495, 0.32025572611019015, 0.3197735408321023, 0.31953374994918704]
3 1.606 [0.3272232001181692, 0.3191117199603468, 0.32073062006384134, 0.3191428140271455, 0.3194930199533701]
2 1.631 [0.33228505589067936, 0.3235121201723814, 0.326248463941738, 0.3236889950931072, 0.3255577888339758]
1 1.679 [0.3279748638160527, 0.3619724970776588, 0.3199668729212135, 0.3188085958827287, 0.3500744681805372]
2026-04-21 11:06:11.652908 Sync done -> model run start
net_times: [[11.297, 0.179, 401408, 100352], [2.307, 0.156, 401408, 100352], [3.93, 0.174, 401408, 100352], [3.755, 0.174, 401408, 100352], [3.722, 0.18, 401408, 100352], [3.829, 0.18, 401408, 100352], [3.745, 0.176, 401408, 100352], [3.731, 0.179, 401408, 100352], [3.796, 0.179, 401408, 100352], [3.764, 0.177, 401408, 100352]]
echo 'race4fun' | sudo -S sh -c 'journalctl --since "2026-04-21 11:05:04.754533" --until "2026-04-21 11:06:11.652908" -k -o short-iso '| grep -i -E 'throttle|throttled|thermal|cpufreq|under-voltage|voltage'
