ALL SYNC
2026-04-21 11:03:59.968835 Sync done -> model run start
2026-04-21 11:03:59.968829 Sync done -> model run start
2026-04-21 11:03:59.968832 Sync done -> model run start
2026-04-21 11:03:59.968829 Sync done -> model run start
3 1.778 [0.42884731804952025, 0.35279978113248944, 0.33725656592287123, 0.33278945088386536, 0.3265454671345651]
1 1.779 [0.4303846030961722, 0.3537536838557571, 0.3347588172182441, 0.3351815240457654, 0.32431313302367926]
0 1.819 [0.4288481520488858, 0.3564201819244772, 0.34580970695242286, 0.34554210398346186, 0.34264284488745034]
2 1.895 [0.43604306783527136, 0.3932465340476483, 0.3873079139739275, 0.32880842592567205, 0.3488219860009849]
2026-04-21 11:04:03.307259 Sync done -> model run start
2026-04-21 11:04:03.313080 Sync done -> model run start
2026-04-21 11:04:03.320867 Sync done -> model run start
2026-04-21 11:04:03.328098 Sync done -> model run start
2 1.604 [0.34254539804533124, 0.33059112704358995, 0.31058678589761257, 0.3104679328389466, 0.3097717899363488]
3 1.617 [0.35028072888962924, 0.3327260660007596, 0.3111567839514464, 0.3088589289691299, 0.3138488559052348]
1 1.66 [0.3410933210980147, 0.33074539713561535, 0.36289754998870194, 0.3061963371001184, 0.3185583141166717]
0 1.601 [0.33976624300703406, 0.32942061102949083, 0.31337729492224753, 0.31213459209538996, 0.30576357687823474]
2026-04-21 11:04:07.296519 Sync done -> model run start
2026-04-21 11:04:07.301955 Sync done -> model run start
2026-04-21 11:04:07.313625 Sync done -> model run start
2026-04-21 11:04:07.320758 Sync done -> model run start
0 1.587 [0.34569908306002617, 0.32974925613962114, 0.30396009609103203, 0.30388077395036817, 0.30373780499212444]
2 1.589 [0.34316049981862307, 0.3282504607923329, 0.30531285097822547, 0.3049336338881403, 0.30746336188167334]
3 1.595 [0.35006338683888316, 0.3310695628169924, 0.3016381789930165, 0.3035187441855669, 0.3088798150420189]
1 1.66 [0.3406658750027418, 0.37558067310601473, 0.3029695281293243, 0.304634572006762, 0.33619349892251194]
2026-04-21 11:04:10.809964 Sync done -> model run start
2026-04-21 11:04:10.815461 Sync done -> model run start
2026-04-21 11:04:10.822765 Sync done -> model run start
2026-04-21 11:04:10.831769 Sync done -> model run start
0 1.61 [0.341315247816965, 0.33114424999803305, 0.3118220940232277, 0.3135519300121814, 0.31240308098495007]
2 1.613 [0.3442660679575056, 0.3289597798138857, 0.3129896929021925, 0.31327859801240265, 0.3136769300326705]
3 1.625 [0.35182317113503814, 0.3315091971307993, 0.3119114169385284, 0.313199691940099, 0.31613827287219465]
1 1.675 [0.3439913298934698, 0.38131142989732325, 0.31305036903358996, 0.31198276998475194, 0.3245268310420215]
2026-04-21 11:04:14.239162 Sync done -> model run start
2026-04-21 11:04:14.244478 Sync done -> model run start
2026-04-21 11:04:14.244482 Sync done -> model run start
2026-04-21 11:04:14.263276 Sync done -> model run start
2 1.697 [0.3538289440330118, 0.34502054494805634, 0.32911457121372223, 0.33447814197279513, 0.3342591330874711]
0 1.695 [0.3538230578415096, 0.3450242420658469, 0.32800671202130616, 0.335671991109848, 0.3317979979328811]
1 1.753 [0.35223832610063255, 0.34109993604943156, 0.37844513985328376, 0.3342231949791312, 0.3465809030458331]
3 1.717 [0.3623459911905229, 0.3517933280672878, 0.33559865807183087, 0.3357055331580341, 0.3316874769516289]
2026-04-21 11:04:17.729270 Sync done -> model run start
2026-04-21 11:04:17.731957 Sync done -> model run start
2026-04-21 11:04:17.744667 Sync done -> model run start
2026-04-21 11:04:17.749994 Sync done -> model run start
1 1.666 [0.34533319994807243, 0.342735658865422, 0.3252351609990001, 0.32316532684490085, 0.3297667559236288]
0 1.668 [0.34751334716565907, 0.34331539599224925, 0.3252352650742978, 0.323116784915328, 0.3280449928715825]
3 1.706 [0.3553773229941726, 0.3488039660733193, 0.33112581307068467, 0.32889280188828707, 0.3418347770348191]
2 1.742 [0.34985875291749835, 0.34801141708157957, 0.39270560001023114, 0.3304713370744139, 0.3207046079915017]
2026-04-21 11:04:21.243900 Sync done -> model run start
2026-04-21 11:04:21.258384 Sync done -> model run start
2026-04-21 11:04:21.269545 Sync done -> model run start
2026-04-21 11:04:21.282462 Sync done -> model run start
1 1.575 [0.32848582486622036, 0.32381126191467047, 0.30457165697589517, 0.3081488811876625, 0.3094455939717591]
0 1.58 [0.3277652550023049, 0.3232176180463284, 0.30365520203486085, 0.310709027107805, 0.31457296782173216]
3 1.588 [0.3312945629004389, 0.3232369930483401, 0.30442894878797233, 0.30977944703772664, 0.31890445994213223]
2 1.635 [0.32899425993673503, 0.32291048392653465, 0.30337744299322367, 0.3709191840607673, 0.30892976303584874]
2026-04-21 11:04:24.675554 Sync done -> model run start
2026-04-21 11:04:24.677494 Sync done -> model run start
2026-04-21 11:04:24.687077 Sync done -> model run start
2026-04-21 11:04:24.701567 Sync done -> model run start
1 1.625 [0.338052085833624, 0.3704353319481015, 0.30623258696869016, 0.30363525496795774, 0.3063698790501803]
3 1.63 [0.3402213470544666, 0.36558915488421917, 0.30803742399439216, 0.30887710698880255, 0.3074572691693902]
0 1.723 [0.38712473888881505, 0.3660527979955077, 0.3064178468193859, 0.37225766805931926, 0.29118796484544873]
2026-04-21 11:04:28.158040 Sync done -> model run start
2026-04-21 11:04:28.163788 Sync done -> model run start
2026-04-21 11:04:28.163788 Sync done -> model run start
2026-04-21 11:04:28.183513 Sync done -> model run start
1 1.637 [0.347363764885813, 0.33884223899804056, 0.32581010716967285, 0.31411177292466164, 0.3105515281204134]
2 1.643 [0.34511877386830747, 0.3406169710215181, 0.3255460460204631, 0.31786956917494535, 0.3136446909047663]
3 1.655 [0.35034047113731503, 0.34173727803863585, 0.32650208403356373, 0.3143164070788771, 0.32215022784657776]
0 1.729 [0.39391809585504234, 0.34014551481232047, 0.32070158794522285, 0.3131239649374038, 0.3604874580632895]
2026-04-21 11:04:31.680954 Sync done -> model run start
2026-04-21 11:04:31.684664 Sync done -> model run start
2026-04-21 11:04:31.693332 Sync done -> model run start
2026-04-21 11:04:31.698778 Sync done -> model run start
1 1.593 [0.3415325921960175, 0.3312705010175705, 0.30639899312518537, 0.3076620090287179, 0.3054368619341403]
2 1.599 [0.3483245938550681, 0.32455724803730845, 0.3066345131956041, 0.3077623210847378, 0.311602930072695]
3 1.618 [0.355312533210963, 0.3258059408981353, 0.3095185118727386, 0.31016465392895043, 0.3171260820236057]
0 1.681 [0.3565866940189153, 0.3646986379753798, 0.3084220059681684, 0.3081385688856244, 0.3431376900989562]
2026-04-21 11:04:35.041401 Sync done -> model run start
net_times: [[0.0, 1.266, 0, 802816], [0.0, 2.148, 0, 802816], [0.0, 1.642, 0, 802816], [0.0, 1.579, 0, 802816], [0.0, 1.551, 0, 802816], [0.0, 1.568, 0, 802816], [0.0, 1.591, 0, 802816], [0.0, 1.57, 0, 802816], [0.0, 1.587, 0, 802816], [0.0, 1.585, 0, 802816]]
echo 'race4fun' | sudo -S sh -c 'journalctl --since "2026-04-21 11:03:59.555543" --until "2026-04-21 11:04:35.041401" -k -o short-iso '| grep -i -E 'throttle|throttled|thermal|cpufreq|under-voltage|voltage'
