ALL SYNC
2026-04-21 11:05:04.155344 Sync done -> model run start
2026-04-21 11:05:04.155344 Sync done -> model run start
2026-04-21 11:05:04.155344 Sync done -> model run start
2026-04-21 11:05:04.155344 Sync done -> model run start
2 0.461 [0.1269816930871457, 0.09733525803312659, 0.0769178990740329, 0.07966804294846952, 0.07983710500411689]
3 0.465 [0.12698164116591215, 0.09733458212576807, 0.08128001494333148, 0.07929877401329577, 0.08015871699899435]
1 0.466 [0.12698158901184797, 0.09739182097837329, 0.08169766911305487, 0.07909059710800648, 0.08034439384937286]
0 0.491 [0.13321130303665996, 0.10018384107388556, 0.08478276105597615, 0.08202813705429435, 0.09105945308692753]
2026-04-21 11:05:10.674387 Sync done -> model run start
2026-04-21 11:05:10.682974 Sync done -> model run start
2026-04-21 11:05:10.687517 Sync done -> model run start
2026-04-21 11:05:10.696744 Sync done -> model run start
0 0.413 [0.08471494796685874, 0.09369392110966146, 0.077679093927145, 0.08024731115438044, 0.07671175408177078]
1 0.409 [0.09258272801525891, 0.09004549914970994, 0.07581529882736504, 0.07413879479281604, 0.07654763897880912]
2 0.414 [0.09549344307743013, 0.09237246797420084, 0.07294302014634013, 0.07450676313601434, 0.07870763004757464]
3 0.487 [0.09636297100223601, 0.0926491329446435, 0.07971616694703698, 0.10155701101757586, 0.11651866580359638]
2026-04-21 11:05:16.757563 Sync done -> model run start
2026-04-21 11:05:16.762765 Sync done -> model run start
2026-04-21 11:05:16.775686 Sync done -> model run start
2026-04-21 11:05:16.783445 Sync done -> model run start
1 0.394 [0.08518124907277524, 0.09237127006053925, 0.07311213295906782, 0.07036589598283172, 0.07249890686944127]
2 0.401 [0.09332032804377377, 0.09136294107884169, 0.07569707022048533, 0.06744554312899709, 0.07326005003415048]
3 0.402 [0.09409782500006258, 0.09047789196483791, 0.0752640520222485, 0.06805054098367691, 0.07401936920359731]
0 0.487 [0.0832971939817071, 0.09324652701616287, 0.0890001910738647, 0.10416611493565142, 0.1168881959747523]
2026-04-21 11:05:22.754727 Sync done -> model run start
2026-04-21 11:05:22.763312 Sync done -> model run start
2026-04-21 11:05:22.771587 Sync done -> model run start
2026-04-21 11:05:22.782261 Sync done -> model run start
1 0.394 [0.0863182230386883, 0.09100210899487138, 0.07537301001138985, 0.07132938085123897, 0.06984907505102456]
2 0.403 [0.09292527800425887, 0.09120591008104384, 0.07123922603204846, 0.07627258915454149, 0.07084000809118152]
3 0.409 [0.09403121005743742, 0.09004419599659741, 0.07335984101518989, 0.07494295877404511, 0.07661373307928443]
0 0.46 [0.08109376695938408, 0.0922021558508277, 0.07954377285204828, 0.07946455501951277, 0.12771283695474267]
2026-04-21 11:05:28.770638 Sync done -> model run start
2026-04-21 11:05:28.771833 Sync done -> model run start
2026-04-21 11:05:28.780510 Sync done -> model run start
2026-04-21 11:05:28.789549 Sync done -> model run start
0 0.418 [0.09006596799008548, 0.09584016189910471, 0.08186933607794344, 0.07594331889413297, 0.07374051702208817]
2026-04-21 11:05:34.798231 Sync done -> model run start
2026-04-21 11:05:34.807209 Sync done -> model run start
2026-04-21 11:05:34.818856 Sync done -> model run start
2026-04-21 11:05:34.830371 Sync done -> model run start
2 0.387 [0.08444703300483525, 0.08887003501877189, 0.07039037486538291, 0.06967183598317206, 0.07352869492024183]
1 0.396 [0.08982607279904187, 0.08891388913616538, 0.06740955519489944, 0.0702005319762975, 0.07895257789641619]
3 0.407 [0.09115315089002252, 0.08795545599423349, 0.06895225611515343, 0.0694818370975554, 0.08924425183795393]
2026-04-21 11:05:40.787232 Sync done -> model run start
2026-04-21 11:05:40.793100 Sync done -> model run start
2026-04-21 11:05:40.802307 Sync done -> model run start
2026-04-21 11:05:40.809306 Sync done -> model run start
0 0.414 [0.08436333597637713, 0.09148684702813625, 0.07903424394316971, 0.08000174001790583, 0.07854773593135178]
1 0.414 [0.08707337593659759, 0.09230528096668422, 0.07775742700323462, 0.07835174701176584, 0.077937216963619]
2 0.417 [0.09546985104680061, 0.09135627490468323, 0.07441848306916654, 0.076137016993016, 0.07933580595999956]
3 0.428 [0.09580130805261433, 0.09141085715964437, 0.07502728188410401, 0.077267793007195, 0.0886919111944735]
2026-04-21 11:05:46.804936 Sync done -> model run start
2026-04-21 11:05:46.810498 Sync done -> model run start
2026-04-21 11:05:46.818421 Sync done -> model run start
2026-04-21 11:05:46.825265 Sync done -> model run start
1 0.417 [0.08862717193551362, 0.09234330197796226, 0.08138532703742385, 0.07775893714278936, 0.07678149314597249]
0 0.423 [0.08759978087618947, 0.09907249105162919, 0.0813853801228106, 0.07775904214940965, 0.07684039999730885]
2 0.422 [0.09561891295015812, 0.09312439197674394, 0.07608800707384944, 0.07608764292672276, 0.08052413398399949]
3 0.441 [0.09664942906238139, 0.09418600215576589, 0.0791272649075836, 0.07800466613844037, 0.09313001693226397]
2026-04-21 11:05:52.804599 Sync done -> model run start
2026-04-21 11:05:52.810233 Sync done -> model run start
2026-04-21 11:05:52.820161 Sync done -> model run start
2026-04-21 11:05:52.827766 Sync done -> model run start
1 0.408 [0.08792066504247487, 0.09356173407286406, 0.07686821208335459, 0.07497301115654409, 0.07470369013026357]
2 0.413 [0.0937722020316869, 0.09090242302045226, 0.0724140650127083, 0.0746990549378097, 0.08065069583244622]
3 0.428 [0.09562833909876645, 0.0911562240216881, 0.0744034310337156, 0.07646378595381975, 0.09031883114948869]
0 0.41 [0.08331735106185079, 0.09234022907912731, 0.07738425093702972, 0.08102965308353305, 0.0752512919716537]
2026-04-21 11:05:58.824660 Sync done -> model run start
2026-04-21 11:05:58.840806 Sync done -> model run start
2026-04-21 11:05:58.845577 Sync done -> model run start
2026-04-21 11:05:58.864254 Sync done -> model run start
0 0.372 [0.07492264686152339, 0.08746118703857064, 0.07394567201845348, 0.06759101198986173, 0.0678101780358702]
1 0.388 [0.0866496809758246, 0.08694181498140097, 0.06712439912371337, 0.06793549004942179, 0.07932762894779444]
2 0.375 [0.08304016385227442, 0.0869500960689038, 0.06775616691447794, 0.06740767997689545, 0.06989199202507734]
3 0.399 [0.0898613331373781, 0.08525062398985028, 0.06657659006305039, 0.06689122295938432, 0.09043930005282164]
2026-04-21 11:06:04.719693 Sync done -> model run start
net_times: [[0.0, 5.675, 0, 3211264], [0.0, 5.281, 0, 3211264], [0.0, 5.184, 0, 3211264], [0.0, 5.216, 0, 3211264], [0.0, 5.226, 0, 3211264], [0.0, 5.194, 0, 3211264], [0.0, 5.218, 0, 3211264], [0.0, 5.198, 0, 3211264], [0.0, 5.239, 0, 3211264], [0.0, 5.214, 0, 3211264]]
echo 'race4fun' | sudo -S sh -c 'journalctl --since "2026-04-21 11:05:03.735029" --until "2026-04-21 11:06:04.719693" -k -o short-iso '| grep -i -E 'throttle|throttled|thermal|cpufreq|under-voltage|voltage'
