ALL SYNC
2026-04-21 11:05:13.149263 Sync done -> model run start
2026-04-21 11:05:13.149263 Sync done -> model run start
2026-04-21 11:05:13.149263 Sync done -> model run start
2026-04-21 11:05:13.149263 Sync done -> model run start
2 2.08 [0.480824955040589, 0.41561309387907386, 0.3985641561448574, 0.39504115004092455, 0.39016325399279594]
1 2.09 [0.4905175189487636, 0.41334732295945287, 0.39875149889849126, 0.3962097908370197, 0.39146668603643775]
3 2.116 [0.49337234999984503, 0.4199782330542803, 0.4014944559894502, 0.39739296305924654, 0.4037203330080956]
0 2.161 [0.48082485096529126, 0.4490707141812891, 0.41056592809036374, 0.3922022560145706, 0.4276804397813976]
2026-04-21 11:05:18.524839 Sync done -> model run start
2026-04-21 11:05:18.532217 Sync done -> model run start
2026-04-21 11:05:18.544828 Sync done -> model run start
2026-04-21 11:05:18.556218 Sync done -> model run start
0 1.979 [0.4064343839418143, 0.39588859491050243, 0.39023174392059445, 0.3901458070613444, 0.39566515921615064]
1 1.992 [0.4085726039484143, 0.39742150506936014, 0.39173376909457147, 0.39314048108644783, 0.40115638519637287]
2 1.987 [0.40910374699160457, 0.3957681271713227, 0.3920214760582894, 0.392821473069489, 0.3966790079139173]
3 2.073 [0.4584176540374756, 0.3966230188962072, 0.3912399678956717, 0.44262459594756365, 0.38376025995239615]
2026-04-21 11:05:24.557987 Sync done -> model run start
2026-04-21 11:05:24.564558 Sync done -> model run start
2026-04-21 11:05:24.572980 Sync done -> model run start
2026-04-21 11:05:24.583640 Sync done -> model run start
1 2.027 [0.4097407250665128, 0.3920472578611225, 0.4335058331489563, 0.39725983887910843, 0.39446948701515794]
3 2.036 [0.4143538831267506, 0.3917876749765128, 0.431309956824407, 0.39859545906074345, 0.39974066196009517]
0 2.117 [0.4447199010755867, 0.403694603824988, 0.43288468988612294, 0.4466425490099937, 0.38892284384928644]
2 2.029 [0.4117128518410027, 0.39174106111750007, 0.42589289601892233, 0.4020131011493504, 0.39741733903065324]
2026-04-21 11:05:30.522429 Sync done -> model run start
2026-04-21 11:05:30.531138 Sync done -> model run start
2026-04-21 11:05:30.539217 Sync done -> model run start
2026-04-21 11:05:30.548433 Sync done -> model run start
0 1.992 [0.4112621769309044, 0.39901842596009374, 0.39383818791247904, 0.39167423895560205, 0.3961952088866383]
1 1.999 [0.41144816507585347, 0.3996820179745555, 0.39566266001202166, 0.39329350204207003, 0.3990165509749204]
2 2.006 [0.4131787840742618, 0.4006283679045737, 0.39564213901758194, 0.39346048096194863, 0.4025266410317272]
3 2.091 [0.4154290871229023, 0.447485513985157, 0.3974058290477842, 0.40111466799862683, 0.42960595479235053]
2026-04-21 11:05:36.551906 Sync done -> model run start
2026-04-21 11:05:36.560527 Sync done -> model run start
2026-04-21 11:05:36.571614 Sync done -> model run start
2026-04-21 11:05:36.580350 Sync done -> model run start
1 1.979 [0.40846213698387146, 0.39633666700683534, 0.39005492301657796, 0.391041690018028, 0.3924048619810492]
2 1.98 [0.40902682300657034, 0.3959741168655455, 0.39008747483603656, 0.39116137684322894, 0.3931253789924085]
0 2.067 [0.4082263570744544, 0.44397672708146274, 0.39080622186884284, 0.3911451268941164, 0.43295859708450735]
3 1.986 [0.4114769159350544, 0.3970804149284959, 0.3903462761081755, 0.3909323150292039, 0.395729118026793]
2026-04-21 11:05:42.574494 Sync done -> model run start
2026-04-21 11:05:42.580020 Sync done -> model run start
2026-04-21 11:05:42.587625 Sync done -> model run start
2026-04-21 11:05:42.596934 Sync done -> model run start
1 1.984 [0.41326597216539085, 0.39682213496416807, 0.38996554887853563, 0.38987820595502853, 0.3936133978422731]
2 1.988 [0.4144604979082942, 0.39830624288879335, 0.3911735131405294, 0.39025981817394495, 0.39322126493789256]
3 1.992 [0.41547497315332294, 0.39892780291847885, 0.392856891034171, 0.3899116951506585, 0.394173864973709]
0 2.081 [0.4123502990696579, 0.4462240100838244, 0.3898586218710989, 0.3899498200044036, 0.44195423694327474]
2026-04-21 11:05:48.578028 Sync done -> model run start
2026-04-21 11:05:48.583688 Sync done -> model run start
2026-04-21 11:05:48.593615 Sync done -> model run start
2026-04-21 11:05:48.603290 Sync done -> model run start
1 1.979 [0.41145301098003983, 0.3942729269620031, 0.39017825690098107, 0.39032356906682253, 0.3921144469641149]
3 1.986 [0.4141732600983232, 0.3941498030908406, 0.39072413998655975, 0.3902970580384135, 0.39605193003080785]
0 2.068 [0.4083777640480548, 0.4430519931484014, 0.3908022129908204, 0.3907760151196271, 0.43522561993449926]
2026-04-21 11:05:54.581351 Sync done -> model run start
2026-04-21 11:05:54.588931 Sync done -> model run start
2026-04-21 11:05:54.599822 Sync done -> model run start
2026-04-21 11:05:54.606605 Sync done -> model run start
0 1.979 [0.4096221341751516, 0.3956682870630175, 0.3916150741279125, 0.3906620580237359, 0.3912267950363457]
3 1.991 [0.4139453449752182, 0.39616844011470675, 0.3952143311034888, 0.3924215289298445, 0.3931974640581757]
1 2.07 [0.4113874388858676, 0.42798940115608275, 0.409726977115497, 0.392004030989483, 0.4288785639218986]
2 1.984 [0.41122650215402246, 0.39481599791906774, 0.3940475119743496, 0.391349398996681, 0.392182155046612]
2026-04-21 11:06:00.583947 Sync done -> model run start
2026-04-21 11:06:00.591061 Sync done -> model run start
2026-04-21 11:06:00.602257 Sync done -> model run start
2026-04-21 11:06:00.611625 Sync done -> model run start
0 2.0 [0.4081158391200006, 0.3969764590729028, 0.4019541461020708, 0.39624672196805477, 0.39639078406617045]
3 2.005 [0.4104334849398583, 0.39712062501348555, 0.400562432827428, 0.3972060929518193, 0.39967243699356914]
1 2.075 [0.41015489283017814, 0.40476981084793806, 0.4429193390533328, 0.3978722889441997, 0.4190399080980569]
2 2.004 [0.4104960891418159, 0.39748723804950714, 0.4008762859739363, 0.39756718603894114, 0.39731301995925605]
2026-04-21 11:06:06.584328 Sync done -> model run start
2026-04-21 11:06:06.592192 Sync done -> model run start
2026-04-21 11:06:06.599156 Sync done -> model run start
2026-04-21 11:06:06.608439 Sync done -> model run start
0 2.013 [0.4185348581522703, 0.4070757918525487, 0.39577297517098486, 0.39642255497165024, 0.39499297784641385]
2 2.017 [0.41904449090361595, 0.4030514860060066, 0.39552141283638775, 0.3981504130642861, 0.40127789904363453]
1 2.039 [0.42689362494274974, 0.4116411888971925, 0.4039866898674518, 0.3982664020732045, 0.39776754984632134]
3 2.06 [0.42118989885784686, 0.40681422990746796, 0.44002101803198457, 0.3959903169889003, 0.3958937560673803]
2026-04-21 11:06:09.450276 Sync done -> model run start
net_times: [[7.906, 0.692, 802816, 401408], [2.301, 0.636, 802816, 401408], [3.081, 0.699, 802816, 401408], [2.924, 0.698, 802816, 401408], [3.003, 0.692, 802816, 401408], [3.059, 0.707, 802816, 401408], [2.995, 0.692, 802816, 401408], [3.021, 0.695, 802816, 401408], [3.018, 0.722, 802816, 401408], [2.986, 0.697, 802816, 401408]]
echo 'race4fun' | sudo -S sh -c 'journalctl --since "2026-04-21 11:05:04.754256" --until "2026-04-21 11:06:09.450276" -k -o short-iso '| grep -i -E 'throttle|throttled|thermal|cpufreq|under-voltage|voltage'
