ALL SYNC
2026-04-21 14:32:12.545788 Sync done -> model run start
2026-04-21 14:32:12.545788 Sync done -> model run start
2026-04-21 14:32:12.545788 Sync done -> model run start
2026-04-21 14:32:12.545788 Sync done -> model run start
3 5.206 [1.3081729309633374, 0.7291423850692809, 1.022021761862561, 1.0401928580831736, 1.1061050260905176]
0 5.261 [1.3605969068594277, 0.6992535060271621, 1.064779408974573, 1.0050812328699976, 1.130985010880977]
1 5.407 [1.3547547869384289, 0.7408916768617928, 1.130479546962306, 1.0013856170699, 1.1795993100386113]
2 5.168 [1.3024045610800385, 0.7322002940345556, 1.0268726348876953, 1.0384187479503453, 1.0680507000070065]
2026-04-21 14:32:27.091690 Sync done -> model run start
2026-04-21 14:32:27.096947 Sync done -> model run start
2026-04-21 14:32:27.127617 Sync done -> model run start
2026-04-21 14:32:27.145793 Sync done -> model run start
1 4.586 [0.9611860250588506, 0.9190205121412873, 1.0004817510489374, 1.131359264953062, 0.5739291929639876]
2 4.599 [0.9914236010517925, 0.8886341347824782, 1.0374823808670044, 1.0948372269049287, 0.5861843158490956]
3 4.619 [1.0028242468833923, 0.8702656419482082, 1.0787680000066757, 1.0702311468776315, 0.5963025179225951]
0 4.859 [1.0321044290903956, 0.9268974179867655, 1.3878891519270837, 0.937952594133094, 0.5742410148959607]
2026-04-21 14:32:42.250548 Sync done -> model run start
2026-04-21 14:32:42.260365 Sync done -> model run start
2026-04-21 14:32:42.276975 Sync done -> model run start
2026-04-21 14:32:42.323901 Sync done -> model run start
2 4.036 [0.6075261789374053, 0.5965269368607551, 1.067875721026212, 1.1861215990502387, 0.578027349896729]
0 4.011 [0.6100465371273458, 0.594996941043064, 1.0502158731687814, 1.1806548959575593, 0.5745704849250615]
1 4.129 [0.6034311898984015, 0.5965000099968165, 1.0526054499205202, 1.308006949024275, 0.5678255020175129]
3 4.098 [0.601678695064038, 0.6357888099737465, 1.2246063409838825, 1.0693800379522145, 0.5662243091501296]
2026-04-21 14:32:57.568672 Sync done -> model run start
2026-04-21 14:32:57.595186 Sync done -> model run start
2026-04-21 14:32:57.601507 Sync done -> model run start
2026-04-21 14:32:57.624866 Sync done -> model run start
1 3.687 [0.6057093509007245, 0.6057843510061502, 1.0890886150300503, 0.8136234220582992, 0.57239402201958]
2 3.698 [0.6027112868614495, 0.6078424700535834, 1.1146416189149022, 0.7987360148690641, 0.5740315178409219]
3 3.747 [0.6039389388170093, 0.6077321050688624, 1.1439595601987094, 0.8050052679609507, 0.5863927870523185]
0 3.842 [0.6627079991158098, 0.609026842052117, 1.329450307879597, 0.6740562480408698, 0.5668669550213963]
2026-04-21 14:33:12.856704 Sync done -> model run start
2026-04-21 14:33:12.873046 Sync done -> model run start
2026-04-21 14:33:12.886772 Sync done -> model run start
2026-04-21 14:33:12.895724 Sync done -> model run start
1 4.289 [0.6270483459811658, 1.0953731120098382, 0.9227381651289761, 0.621640443103388, 1.0220344548579305]
3 4.266 [0.6331605690065771, 1.1194717448670417, 0.8837607190944254, 0.6057076728902757, 1.024039502022788]
0 4.45 [0.6181814428418875, 1.059186336118728, 0.9421404041349888, 0.7297824921552092, 1.1001841379329562]
2 4.442 [0.626079702982679, 1.1615801199804991, 0.8959611549507827, 0.6261802739463747, 1.1321734259836376]
2026-04-21 14:33:18.607241 Sync done -> model run start
net_times: [[46.446, 1.14, 1210368, 605184], [7.566, 1.046, 1210368, 605184], [8.837, 1.047, 1210368, 605184], [9.697, 1.043, 1210368, 605184], [9.998, 1.164, 1210368, 605184]]
echo 'race4fun' | sudo -S sh -c 'journalctl --since "2026-04-21 14:31:25.216981" --until "2026-04-21 14:33:18.607241" -k -o short-iso '| grep -i -E 'throttle|throttled|thermal|cpufreq|under-voltage|voltage'
