ALL SYNC
2026-04-21 14:31:41.759795 Sync done -> model run start
2026-04-21 14:31:41.759795 Sync done -> model run start
2026-04-21 14:31:41.759795 Sync done -> model run start
2026-04-21 14:31:41.759795 Sync done -> model run start
0 10.881 [2.3159718830138445, 2.178140620002523, 2.1122905930969864, 2.067596080014482, 2.207214758032933]
3 11.237 [2.3914746090304106, 2.2611092959996313, 2.192408137023449, 2.1529557320754975, 2.239258024143055]
2026-04-21 14:31:56.065339 Sync done -> model run start
2026-04-21 14:31:56.066817 Sync done -> model run start
2026-04-21 14:31:56.117507 Sync done -> model run start
2026-04-21 14:31:56.123298 Sync done -> model run start
2 10.702 [2.1701710200868547, 2.1622429268900305, 2.1101059019565582, 2.114063579821959, 2.1455463701859117]
3 11.056 [2.2511188709177077, 2.2647829009220004, 2.192550462204963, 2.1729920140933245, 2.1745214220136404]
1 10.664 [2.1601316980086267, 2.1580985740292817, 2.1166637840215117, 2.1133400939870626, 2.1155625719111413]
2026-04-21 14:32:12.622765 Sync done -> model run start
2026-04-21 14:32:12.623180 Sync done -> model run start
2026-04-21 14:32:12.658611 Sync done -> model run start
2026-04-21 14:32:12.709905 Sync done -> model run start
0 10.724 [2.1607893761247396, 2.1527639399282634, 2.114527103956789, 2.1767467078752816, 2.119404661934823]
1 10.748 [2.1611137501895428, 2.150384161155671, 2.116907143034041, 2.176746706943959, 2.142248132964596]
2 10.737 [2.1663188259117305, 2.1489324499852955, 2.1149406430777162, 2.1779334722086787, 2.128707111813128]
3 11.137 [2.2584893740713596, 2.212191798025742, 2.226262597134337, 2.2248389481101185, 2.2154671649914235]
2026-04-21 14:32:27.688572 Sync done -> model run start
2026-04-21 14:32:27.688572 Sync done -> model run start
2026-04-21 14:32:27.723007 Sync done -> model run start
2026-04-21 14:32:27.742852 Sync done -> model run start
1 10.627 [2.152240184834227, 2.156749265966937, 2.11875628400594, 2.10788424895145, 2.091454328969121]
0 10.63 [2.1522407580632716, 2.15754176187329, 2.1184440460056067, 2.1101142899133265, 2.09182391082868]
2 10.667 [2.1602674331516027, 2.16615869384259, 2.1268723339308053, 2.1082910699769855, 2.1052176400553435]
3 11.032 [2.240017108153552, 2.2532227551564574, 2.207039191853255, 2.1631769710220397, 2.1681104758754373]
2026-04-21 14:32:42.882896 Sync done -> model run start
2026-04-21 14:32:42.938704 Sync done -> model run start
2026-04-21 14:32:42.948630 Sync done -> model run start
2026-04-21 14:32:42.981147 Sync done -> model run start
2 10.597 [2.1767893589567393, 2.1157679092139006, 2.0817892299965024, 2.1185105319600552, 2.104361589998007]
0 10.551 [2.157575245015323, 2.1136630240362138, 2.07243407308124, 2.1176401211414486, 2.089352608891204]
3 10.545 [2.150816374924034, 2.1180781049188226, 2.0722474069334567, 2.112511659041047, 2.0906917171087116]
1 10.86 [2.2390441780444235, 2.1414897479116917, 2.167258661938831, 2.1897235300857574, 2.1219279509969056]
2026-04-21 14:32:57.342474 Sync done -> model run start
net_times: [[14.604, 2.105, 1210368, 1210368], [0.002, 4.448, 1210368, 1210368], [0.003, 2.877, 1210368, 1210368], [0.002, 3.086, 1210368, 1210368], [0.002, 3.359, 1210368, 1210368]]
echo 'race4fun' | sudo -S sh -c 'journalctl --since "2026-04-21 14:31:25.211494" --until "2026-04-21 14:32:57.342474" -k -o short-iso '| grep -i -E 'throttle|throttled|thermal|cpufreq|under-voltage|voltage'
