ALL SYNC
2026-04-21 14:31:26.026318 Sync done -> model run start
2026-04-21 14:31:26.026318 Sync done -> model run start
2026-04-21 14:31:26.026318 Sync done -> model run start
2026-04-21 14:31:26.041376 Sync done -> model run start
0 11.365 [3.344964382937178, 2.0560821020044386, 2.0031677579972893, 1.9762504000682384, 1.984693052014336]
1 11.409 [3.3254655241034925, 2.0831007538363338, 2.0156497398857027, 1.983708162093535, 2.0013740968424827]
2 11.585 [3.369113295804709, 2.245418922044337, 1.9942024420015514, 1.9797349830623716, 1.9961830019019544]
3 11.598 [3.2580337880644947, 2.1065660738386214, 2.1284828938078135, 2.082057510036975, 2.0231422279030085]
2026-04-21 14:31:40.622718 Sync done -> model run start
2026-04-21 14:31:40.622718 Sync done -> model run start
2026-04-21 14:31:40.639708 Sync done -> model run start
2026-04-21 14:31:40.694308 Sync done -> model run start
0 10.315 [2.088655403116718, 2.08498122706078, 2.0532919941470027, 2.0471596939023584, 2.0406320290639997]
2 10.374 [2.1082464491482824, 2.0966392511036247, 2.0635559540241957, 2.056434018071741, 2.049393384018913]
1 10.314 [2.0886546729598194, 2.084443414816633, 2.053825275041163, 2.0471595369745046, 2.0399696840904653]
3 10.676 [2.1851666239090264, 2.152665722183883, 2.136966282967478, 2.137448097812012, 2.063313125865534]
2026-04-21 14:31:56.128829 Sync done -> model run start
2026-04-21 14:31:56.128829 Sync done -> model run start
2026-04-21 14:31:56.146107 Sync done -> model run start
2026-04-21 14:31:56.163958 Sync done -> model run start
2 11.219 [2.0915007640141994, 2.0809719520621, 2.0375956338830292, 3.0074932200368494, 2.000815244857222]
3 11.248 [2.1110519140493125, 2.0821323168929666, 2.035052507882938, 3.0044488441199064, 2.015069466782734]
0 11.567 [2.1610963521525264, 2.1732285860925913, 2.1383960710372776, 3.025139576056972, 2.0692119249142706]
2026-04-21 14:32:12.613400 Sync done -> model run start
2026-04-21 14:32:12.613631 Sync done -> model run start
2026-04-21 14:32:12.637054 Sync done -> model run start
2026-04-21 14:32:12.638088 Sync done -> model run start
0 10.217 [2.0947663330007344, 2.084061114815995, 2.025730940978974, 2.0075268170330673, 2.0051983210723847]
3 10.22 [2.1158896698616445, 2.0869051781482995, 2.0253531800117344, 1.999100408051163, 1.9923852970823646]
2 10.568 [2.207728593144566, 2.167271076934412, 2.0762720429338515, 2.068355523981154, 2.0479479099158198]
1 10.168 [2.0947662289254367, 2.0813030409626663, 2.0199059918522835, 1.9915132210589945, 1.9806241490878165]
2026-04-21 14:32:27.696657 Sync done -> model run start
2026-04-21 14:32:27.696657 Sync done -> model run start
2026-04-21 14:32:27.720932 Sync done -> model run start
2026-04-21 14:32:27.743090 Sync done -> model run start
2 10.313 [2.089273154968396, 2.084352732170373, 2.04184881108813, 2.0527607339899987, 2.044692132854834]
3 10.339 [2.105209720088169, 2.07958970987238, 2.0400657900609076, 2.052809535060078, 2.0613863528706133]
0 10.653 [2.1555073328781873, 2.1727775370236486, 2.150038410909474, 2.128691733814776, 2.04608874511905]
2026-04-21 14:32:42.052195 Sync done -> model run start
net_times: [[0.0, 2.095, 0, 1210368], [0.0, 3.806, 0, 1210368], [0.0, 3.963, 0, 1210368], [0.0, 3.58, 0, 1210368], [0.0, 3.538, 0, 1210368]]
echo 'race4fun' | sudo -S sh -c 'journalctl --since "2026-04-21 14:31:24.212357" --until "2026-04-21 14:32:42.052195" -k -o short-iso '| grep -i -E 'throttle|throttled|thermal|cpufreq|under-voltage|voltage'
