ALL SYNC
2026-04-21 14:28:08.545831 Sync done -> model run start
2026-04-21 14:28:08.545829 Sync done -> model run start
2026-04-21 14:28:08.545860 Sync done -> model run start
2026-04-21 14:28:08.545846 Sync done -> model run start
3 18.014 [3.684896114980802, 3.6168305119499564, 3.5708943540230393, 3.568181921960786, 3.573371476959437]
2 18.099 [3.709337173961103, 3.6338593780528754, 3.598939736839384, 3.5689229120034724, 3.587493360042572]
1 18.696 [3.9029679850209504, 3.760038108099252, 3.7168305939994752, 3.7128550349734724, 3.603560605086386]
0 18.014 [3.684895854908973, 3.6168309808708727, 3.5708943540230393, 3.5681827559601516, 3.5733712159562856]
2026-04-21 14:28:30.787452 Sync done -> model run start
2026-04-21 14:28:30.787379 Sync done -> model run start
2026-04-21 14:28:30.810934 Sync done -> model run start
2026-04-21 14:28:30.865091 Sync done -> model run start
1 17.669 [3.632383839925751, 3.5886279460974038, 3.48242513788864, 3.4739201050251722, 3.4909635740332305]
0 17.62 [3.632384203840047, 3.5766994489822537, 3.4547946529928595, 3.476531408028677, 3.4796322141774]
3 17.674 [3.651162496069446, 3.596553523093462, 3.4710196619853377, 3.4680057249497622, 3.4866059659980237]
2 18.214 [3.7755258039105684, 3.7052232248242944, 3.591227598953992, 3.6087766920682043, 3.5331535420846194]
2026-04-21 14:29:01.210733 Sync done -> model run start
2026-04-21 14:29:01.226247 Sync done -> model run start
2026-04-21 14:29:01.226247 Sync done -> model run start
2026-04-21 14:29:01.263084 Sync done -> model run start
0 18.457 [4.412527651991695, 3.555942706996575, 3.5032631701324135, 3.4984575661364943, 3.4866843540221453]
2 18.397 [4.397339101880789, 3.5446476489305496, 3.4825378980021924, 3.4954602729994804, 3.477078619878739]
3 18.681 [4.626377042848617, 3.5618379169609398, 3.5144820280838758, 3.5094247050583363, 3.4687205399386585]
1 19.021 [4.521620369050652, 3.706135028973222, 3.5999090019613504, 3.6486361839342862, 3.544071776093915]
2026-04-21 14:29:30.628982 Sync done -> model run start
2026-04-21 14:29:30.631476 Sync done -> model run start
2026-04-21 14:29:30.647236 Sync done -> model run start
2026-04-21 14:29:30.663982 Sync done -> model run start
2 20.429 [3.5972235649824142, 3.610661302926019, 3.56394703197293, 5.177292189095169, 4.479343686951324]
3 20.485 [3.6171028970275074, 3.633567042881623, 3.5786452679894865, 5.164327651029453, 4.491170566994697]
0 20.56 [3.5985849720891565, 3.611846720101312, 3.5639465120621026, 5.269614158896729, 4.515804535942152]
1 21.128 [3.757270050002262, 3.7597564258612692, 3.71426486200653, 5.362912321928889, 4.5337112040724605]
2026-04-21 14:30:00.316670 Sync done -> model run start
2026-04-21 14:30:00.322118 Sync done -> model run start
2026-04-21 14:30:00.322117 Sync done -> model run start
2026-04-21 14:30:00.322022 Sync done -> model run start
2 18.406 [4.487626318121329, 3.5270973320584744, 3.467772228876129, 3.4711280381307006, 3.451988527085632]
3 18.492 [4.525902897119522, 3.554465987952426, 3.4808005150407553, 3.4673381929751486, 3.4636431140825152]
1 18.635 [4.565552655141801, 3.6713099949993193, 3.4741021781228483, 3.4680216289125383, 3.4559139960911125]
0 19.121 [4.697371824877337, 3.668173377867788, 3.618352652993053, 3.599164128070697, 3.537397305946797]
2026-04-21 14:30:29.250340 Sync done -> model run start
net_times: [[0.0, 2.103, 0, 1210368], [0.0, 10.63, 0, 1210368], [0.0, 8.814, 0, 1210368], [0.0, 6.988, 0, 1210368], [0.0, 9.663, 0, 1210368]]
echo 'race4fun' | sudo -S sh -c 'journalctl --since "2026-04-21 14:28:05.764979" --until "2026-04-21 14:30:29.250340" -k -o short-iso '| grep -i -E 'throttle|throttled|thermal|cpufreq|under-voltage|voltage'
