ALL SYNC
2026-04-21 14:32:19.668460 Sync done -> model run start
2026-04-21 14:32:19.668460 Sync done -> model run start
2026-04-21 14:32:19.668460 Sync done -> model run start
2026-04-21 14:32:19.668460 Sync done -> model run start
0 0.036 [0.027510883985087276, 0.002349935006350279, 0.0020309779793024063, 0.0021054570097476244, 0.0019750918727368116]
3 0.036 [0.027511039981618524, 0.0024169660173356533, 0.001921135000884533, 0.0021487378980964422, 0.0019753018859773874]
1 0.037 [0.027510727057233453, 0.002856961917132139, 0.001964936964213848, 0.002249102108180523, 0.0021968099754303694]
2 0.039 [0.027511092135682702, 0.0034916989970952272, 0.004099142970517278, 0.00172910513356328, 0.001619574148207903]
2026-04-21 14:32:33.176238 Sync done -> model run start
2026-04-21 14:32:33.181904 Sync done -> model run start
2026-04-21 14:32:33.191232 Sync done -> model run start
2026-04-21 14:32:33.197935 Sync done -> model run start
0 0.014 [0.0059807992074638605, 0.0018448331393301487, 0.0023291530087590218, 0.0017412400338798761, 0.0019273320212960243]
1 0.014 [0.006761993048712611, 0.00195816601626575, 0.0017296259757131338, 0.0020350399427115917, 0.0015915010590106249]
2 0.011 [0.0057405398692935705, 0.0014514499343931675, 0.0014226480852812529, 0.001086140051484108, 0.0010108798742294312]
3 0.008 [0.004202476004138589, 0.0009894222021102905, 0.001131399068981409, 0.0009060881566256285, 0.0007408300880342722]
2026-04-21 14:32:47.630081 Sync done -> model run start
2026-04-21 14:32:47.639042 Sync done -> model run start
2026-04-21 14:32:47.652614 Sync done -> model run start
2026-04-21 14:32:47.663051 Sync done -> model run start
2 0.012 [0.006078558042645454, 0.0014328558463603258, 0.0014055648352950811, 0.0011907739099115133, 0.0012435868848115206]
3 0.009 [0.00440903683193028, 0.0012178050819784403, 0.0011320770718157291, 0.0010841600596904755, 0.0010382758919149637]
0 0.015 [0.006902825087308884, 0.0019307699985802174, 0.0018016570247709751, 0.0018151979893445969, 0.0018654579762369394]
2026-04-21 14:33:02.592892 Sync done -> model run start
2026-04-21 14:33:02.599952 Sync done -> model run start
2026-04-21 14:33:02.615951 Sync done -> model run start
2026-04-21 14:33:02.622720 Sync done -> model run start
0 0.012 [0.00516106397844851, 0.0014157730620354414, 0.00148915802128613, 0.0014288979582488537, 0.0020997270476073027]
1 0.015 [0.007009750930592418, 0.0014480638783425093, 0.002499829977750778, 0.0014235330745577812, 0.0019804569892585278]
3 0.007 [0.003645031014457345, 0.0009233800228685141, 0.0009002028964459896, 0.0008664529304951429, 0.0008355160243809223]
2 0.008 [0.004801013972610235, 0.001027025980874896, 0.0008432769682258368, 0.0007303089369088411, 0.0007039019837975502]
2026-04-21 14:33:18.681336 Sync done -> model run start
2026-04-21 14:33:18.687954 Sync done -> model run start
2026-04-21 14:33:18.697389 Sync done -> model run start
2026-04-21 14:33:18.706350 Sync done -> model run start
0 0.014 [0.005821945844218135, 0.001819416880607605, 0.0017357191536575556, 0.002066238084807992, 0.0021648830734193325]
1 0.014 [0.007042094133794308, 0.001695822924375534, 0.0017456668429076672, 0.0013649920001626015, 0.0022739970590919256]
2 0.011 [0.005286583909764886, 0.0017050940077751875, 0.0013377529103308916, 0.0013340548612177372, 0.0010006190277636051]
3 0.008 [0.0038890931755304337, 0.001101451925933361, 0.0007723909802734852, 0.0008257238660007715, 0.0007726000621914864]
2026-04-21 14:33:18.779507 Sync done -> model run start
net_times: [[53.959, 0.0, 605184, 0], [13.265, 0.0, 605184, 0], [14.243, 0.0, 605184, 0], [14.735, 0.0, 605184, 0], [15.881, 0.0, 605184, 0]]
echo 'race4fun' | sudo -S sh -c 'journalctl --since "2026-04-21 14:31:25.210436" --until "2026-04-21 14:33:18.779507" -k -o short-iso '| grep -i -E 'throttle|throttled|thermal|cpufreq|under-voltage|voltage'
