ALL SYNC
2026-04-21 14:31:57.254613 Sync done -> model run start
2026-04-21 14:31:57.254613 Sync done -> model run start
2026-04-21 14:31:57.254613 Sync done -> model run start
2026-04-21 14:31:57.254613 Sync done -> model run start
0 11.739 [2.430258934851736, 2.331958008930087, 2.2900469498708844, 2.2994538999628276, 2.387001581955701]
1 11.781 [2.4477491909638047, 2.350049096159637, 2.2934187098871917, 2.3004442611709237, 2.388661263976246]
2 12.092 [2.440647860057652, 2.3479460820090026, 2.295845055952668, 2.3017229018732905, 2.7053795978426933]
3 12.241 [2.5370097821578383, 2.44399227690883, 2.3802554041612893, 2.3796305630821735, 2.5003089169040322]
2026-04-21 14:32:12.586381 Sync done -> model run start
2026-04-21 14:32:12.615142 Sync done -> model run start
2026-04-21 14:32:12.633957 Sync done -> model run start
2026-04-21 14:32:12.633959 Sync done -> model run start
0 11.533 [2.34747437085025, 2.3209245631005615, 2.2805500091053545, 2.3008814009372145, 2.282491410849616]
3 11.567 [2.3509852970018983, 2.335579358972609, 2.283377863932401, 2.294080225052312, 2.3028458228800446]
2 11.592 [2.346176041988656, 2.325415745843202, 2.281482348917052, 2.2977639629971236, 2.3398012740071863]
1 11.949 [2.4354261129628867, 2.4168119041714817, 2.3746793349273503, 2.3830608720891178, 2.3384789349511266]
2026-04-21 14:32:27.698454 Sync done -> model run start
2026-04-21 14:32:27.710812 Sync done -> model run start
2026-04-21 14:32:27.734961 Sync done -> model run start
2026-04-21 14:32:27.755051 Sync done -> model run start
0 11.506 [2.3235224240925163, 2.3272282460238785, 2.2868244210258126, 2.2809454309754074, 2.287610044935718]
1 11.524 [2.3224484170787036, 2.3251329401973635, 2.2873199400492013, 2.2922439868561924, 2.296235120855272]
2 11.547 [2.3293639151379466, 2.3328902069479227, 2.289935869863257, 2.291038158116862, 2.304063533898443]
3 11.998 [2.417650709161535, 2.4137310348451138, 2.378216933924705, 2.3641408351249993, 2.4242108480539173]
2026-04-21 14:32:42.875403 Sync done -> model run start
2026-04-21 14:32:42.905133 Sync done -> model run start
2026-04-21 14:32:42.934281 Sync done -> model run start
2026-04-21 14:32:42.934281 Sync done -> model run start
0 11.747 [2.36493245116435, 2.3514300999231637, 2.3095377900172025, 2.3425706517882645, 2.3781530880369246]
2 11.715 [2.3465705311391503, 2.345950066111982, 2.3065511849708855, 2.339922327082604, 2.3754684610757977]
3 11.864 [2.356541384011507, 2.3464093871880323, 2.3020781790837646, 2.3428154431749135, 2.516127843875438]
1 12.157 [2.447674262803048, 2.43032192485407, 2.400944574037567, 2.432619991945103, 2.4454118779394776]
2026-04-21 14:32:58.221195 Sync done -> model run start
2026-04-21 14:32:58.221195 Sync done -> model run start
2026-04-21 14:32:58.264069 Sync done -> model run start
2026-04-21 14:32:58.271359 Sync done -> model run start
0 11.664 [2.3871392579749227, 2.382199693005532, 2.297552991192788, 2.2826659579295665, 2.313896012958139]
2 11.737 [2.4384457049891353, 2.400479475967586, 2.293874565977603, 2.289620258146897, 2.3144922088831663]
3 12.084 [2.5088740158826113, 2.484462066087872, 2.3529543729964644, 2.3819569351617247, 2.355428429087624]
1 11.66 [2.3871401441283524, 2.3729890980757773, 2.286277872044593, 2.2933858709875494, 2.320335210999474]
2026-04-21 14:33:12.563504 Sync done -> model run start
net_times: [[29.994, 2.086, 1210368, 1210368], [0.002, 2.092, 1210368, 1210368], [0.002, 2.089, 1210368, 1210368], [0.002, 2.079, 1210368, 1210368], [0.002, 2.097, 1210368, 1210368]]
echo 'race4fun' | sudo -S sh -c 'journalctl --since "2026-04-21 14:31:25.215633" --until "2026-04-21 14:33:12.563504" -k -o short-iso '| grep -i -E 'throttle|throttled|thermal|cpufreq|under-voltage|voltage'
