Code start -> moving to subprocess
[Gloo] Rank 0 is connected to 3 peer ranks. Expected number of connected peer ranks is : 3
Model resnet18 and split children
10 ['conv1', 'bn1', 'relu', 'maxpool', 'layer1']
[3, 3, 2, 2]
{'relu': <SplitPoint.END: 2>, 'layer2': <SplitPoint.END: 2>, 'layer4': <SplitPoint.END: 2>, 'fc': <SplitPoint.END: 2>}
4
2026-04-07 06:10:27.015150 Split done -> model sync start
2026-04-07 06:11:00.070148 Sync done -> model run start
2026-04-07 06:11:36.770616 Sync done -> model run start
2026-04-07 06:12:13.316773 Sync done -> model run start
2026-04-07 06:12:49.880753 Sync done -> model run start
2026-04-07 06:13:26.555680 Sync done -> model run start
2026-04-07 06:14:03.000922 Sync done -> model run start
2026-04-07 06:14:39.565299 Sync done -> model run start
2026-04-07 06:15:16.088565 Sync done -> model run start
2026-04-07 06:15:52.627839 Sync done -> model run start
2026-04-07 06:16:29.209348 Sync done -> model run start
2026-04-07 06:17:05.745881 Sync done -> model run start
2026-04-07 06:17:42.525185 Sync done -> model run start
2026-04-07 06:18:19.023353 Sync done -> model run start
2026-04-07 06:18:55.811839 Sync done -> model run start
2026-04-07 06:19:32.386647 Sync done -> model run start
2026-04-07 06:20:08.967239 Sync done -> model run start
2026-04-07 06:20:45.550311 Sync done -> model run start
2026-04-07 06:21:22.347126 Sync done -> model run start
2026-04-07 06:21:58.842667 Sync done -> model run start
2026-04-07 06:22:35.490807 Sync done -> model run start
2026-04-07 06:23:12.235753 Sync done -> model run start
2026-04-07 06:23:48.747756 Sync done -> model run start
2026-04-07 06:24:25.516324 Sync done -> model run start
2026-04-07 06:25:01.990052 Sync done -> model run start
2026-04-07 06:25:38.481314 Sync done -> model run start
2026-04-07 06:26:14.913084 Sync done -> model run start
2026-04-07 06:26:51.389115 Sync done -> model run start
2026-04-07 06:27:28.021539 Sync done -> model run start
2026-04-07 06:28:04.760726 Sync done -> model run start
2026-04-07 06:28:41.569610 Sync done -> model run start
2026-04-07 06:29:18.334933 Sync done -> model run start
rank 0 FLOP count: 472055808 and full time*10**9 s/op: 1.0154
Time taken by rank:0 in total(avg): 4.7931s Batch time sets raw:[[0.1758, 0.1758, 0.2085, 0.2085, 0.201, 0.201, 0.1261, 0.1261, 0.1983, 0.1983], [0.1785, 0.1785, 0.248, 0.248, 0.2434, 0.2434, 0.1471, 0.1471, 0.2015, 0.2015], [0.1683, 0.1683, 0.2438, 0.2438, 0.2075, 0.2075, 0.132, 0.132, 0.1977, 0.1977], [0.1581, 0.1581, 0.3596, 0.3596, 0.2213, 0.2213, 0.1484, 0.1484, 0.2023, 0.2023], [0.1628, 0.1628, 0.2178, 0.2178, 0.2025, 0.2025, 0.1378, 0.1378, 0.1977, 0.1977], [0.1588, 0.1588, 0.2089, 0.2089, 0.2084, 0.2084, 0.1954, 0.1954, 0.2001, 0.2001], [0.1592, 0.1592, 0.2304, 0.2304, 0.2014, 0.2014, 0.1641, 0.1641, 0.1997, 0.1997], [0.1572, 0.1572, 0.2363, 0.2363, 0.2871, 0.2871, 0.2235, 0.2235, 0.1427, 0.1427], [0.1616, 0.1616, 0.2402, 0.2402, 0.2171, 0.2171, 0.2306, 0.2306, 0.1353, 0.1353], [0.1719, 0.1719, 0.2028, 0.2028, 0.2076, 0.2076, 0.2217, 0.2217, 0.2144, 0.2144], [0.1956, 0.1956, 0.341, 0.341, 0.1982, 0.1982, 0.1282, 0.1282, 0.1992, 0.1992], [0.1843, 0.1843, 0.2082, 0.2082, 0.2507, 0.2507, 0.1831, 0.1831, 0.1968, 0.1968], [0.1532, 0.1532, 0.2095, 0.2095, 0.2556, 0.2556, 0.1716, 0.1716, 0.1974, 0.1974], [0.1619, 0.1619, 0.2199, 0.2199, 0.2645, 0.2645, 0.1351, 0.1351, 0.1979, 0.1979], [0.1677, 0.1677, 0.2104, 0.2104, 0.1934, 0.1934, 0.2085, 0.2085, 0.1474, 0.1474], [0.1562, 0.1562, 0.2782, 0.2782, 0.2304, 0.2304, 0.2332, 0.2332, 0.188, 0.188], [0.1676, 0.1676, 0.3331, 0.3331, 0.2323, 0.2323, 0.2435, 0.2435, 0.2038, 0.2038], [0.2281, 0.2281, 0.2342, 0.2342, 0.1743, 0.1743, 0.2717, 0.2717, 0.1755, 0.1755], [0.1521, 0.1521, 0.2096, 0.2096, 0.2566, 0.2566, 0.1287, 0.1287, 0.1963, 0.1963], [0.1586, 0.1586, 0.2487, 0.2487, 0.2411, 0.2411, 0.1414, 0.1414, 0.1978, 0.1978], [0.1691, 0.1691, 0.2094, 0.2094, 0.2006, 0.2006, 0.1317, 0.1317, 0.1963, 0.1963], [0.1419, 0.1419, 0.2341, 0.2341, 0.2081, 0.2081, 0.1761, 0.1761, 0.1975, 0.1975], [0.1434, 0.1434, 0.3125, 0.3125, 0.2569, 0.2569, 0.1447, 0.1447, 0.1988, 0.1988], [0.1503, 0.1503, 0.2024, 0.2024, 0.2073, 0.2073, 0.1407, 0.1407, 0.1975, 0.1975], [0.1587, 0.1587, 0.2654, 0.2654, 0.2086, 0.2086, 0.1283, 0.1283, 0.2098, 0.2098], [0.1475, 0.1475, 0.2092, 0.2092, 0.2079, 0.2079, 0.1621, 0.1621, 0.1988, 0.1988], [0.162, 0.162, 0.2592, 0.2592, 0.2362, 0.2362, 0.2647, 0.2647, 0.1692, 0.1692], [0.205, 0.205, 0.2084, 0.2084, 0.208, 0.208, 0.1385, 0.1385, 0.198, 0.198], [0.1979, 0.1979, 0.3236, 0.3236, 0.2437, 0.2437, 0.1454, 0.1454, 0.1971, 0.1971]] Network sets raw:[[0, 0, 0.1681, 0, 0.9981, 0, 0.8764, 0, 0.8944, 0.9184], [0, 0, 0.1625, 0, 1.0369, 0, 0.881, 0, 0.9577, 0.7628], [0, 0, 0.1717, 0, 0.793, 0, 0.9033, 0, 0.9419, 0.8949], [0, 0, 0.1625, 0, 0.7625, 0, 0.9508, 0, 0.9616, 0.7778], [0, 0, 0.1645, 0, 0.794, 0, 1.0244, 0, 0.9274, 0.8082], [0, 0, 0.1636, 0, 0.8521, 0, 1.049, 0, 0.9392, 0.8009], [0, 0, 0.1691, 0, 0.6825, 0, 1.0709, 0, 0.9994, 0.842], [0, 0, 0.1694, 0, 0.9556, 0, 0.8445, 0, 0.8942, 0.8481], [0, 0, 0.1688, 0, 0.8927, 0, 0.9348, 0, 0.9058, 0.9859], [0, 0, 0.1625, 0, 0.8681, 0, 0.8501, 0, 1.0205, 0.8045], [0, 0, 0.1588, 0, 0.7209, 0, 1.1122, 0, 1.0056, 0.8516], [0, 0, 0.1675, 0, 0.7935, 0, 1.0215, 0, 0.8344, 0.9182], [0, 0, 0.164, 0, 0.8675, 0, 0.9676, 0, 0.7834, 0.9239], [0, 0, 0.1673, 0, 1.0012, 0, 0.825, 0, 0.952, 0.759], [0, 0, 0.1599, 0, 1.1142, 0, 0.9849, 0, 0.9021, 1.0259], [0, 0, 0.1663, 0, 0.8173, 0, 0.9748, 0, 0.8622, 0.8456], [0, 0, 0.1593, 0, 0.7435, 0, 1.0419, 0, 0.9162, 0.8351], [0, 0, 0.1683, 0, 0.8414, 0, 1.1051, 0, 0.8319, 0.8673], [0, 0, 0.1604, 0, 0.846, 0, 0.8311, 0, 1.0243, 0.9059], [0, 0, 0.1698, 0, 0.9713, 0, 0.8349, 0, 1.0364, 0.9478], [0, 0, 0.1644, 0, 1.0325, 0, 0.8022, 0, 0.869, 0.9165], [0, 0, 0.1639, 0, 0.805, 0, 0.8468, 0, 0.9551, 0.8105], [0, 0, 0.1613, 0, 0.7496, 0, 0.885, 0, 0.8826, 0.8875], [0, 0, 0.1604, 0, 0.8347, 0, 1.0418, 0, 0.814, 0.9079], [0, 0, 0.1667, 0, 0.7962, 0, 1.0314, 0, 0.9878, 0.7999], [0, 0, 0.1646, 0, 0.8819, 0, 1.0832, 0, 0.9809, 0.8533], [0, 0, 0.1696, 0, 1.0261, 0, 0.9292, 0, 0.7655, 0.9886], [0, 0, 0.1704, 0, 0.8855, 0, 0.9139, 0, 1.1137, 0.8341], [0, 0, 0.1639, 0, 0.6836, 0, 1.0445, 0, 0.8717, 0.8223]] bytes sent:[[6422528], [6422528], [6422528], [6422528], [6422528]] bytes recv:1204224 on avg per image: 0.4793s with std: 0.0124s network time: 0.3775s and network std: 0.4356s network time per img: 0.0377 compute time: 0.4416s compute/network ratio: 1.1697 and throughput 2.0863 img/s
