Code start -> moving to subprocess
[Gloo] Rank 2 is connected to 3 peer ranks. Expected number of connected peer ranks is : 3
Model resnet18 and split children
10 ['conv1', 'bn1', 'relu', 'maxpool', 'layer1']
[3, 3, 2, 2]
{'relu': <SplitPoint.END: 2>, 'layer2': <SplitPoint.END: 2>, 'layer4': <SplitPoint.END: 2>, 'fc': <SplitPoint.END: 2>}
4
2026-04-07 06:10:29.102511 Split done -> model sync start
2026-04-07 06:11:00.071178 Sync done -> model run start
2026-04-07 06:11:36.771533 Sync done -> model run start
2026-04-07 06:12:13.317732 Sync done -> model run start
2026-04-07 06:12:49.881319 Sync done -> model run start
2026-04-07 06:13:26.556438 Sync done -> model run start
2026-04-07 06:14:03.001554 Sync done -> model run start
2026-04-07 06:14:39.566260 Sync done -> model run start
2026-04-07 06:15:16.089617 Sync done -> model run start
2026-04-07 06:15:52.628923 Sync done -> model run start
2026-04-07 06:16:29.210166 Sync done -> model run start
2026-04-07 06:17:05.746635 Sync done -> model run start
2026-04-07 06:17:42.525608 Sync done -> model run start
2026-04-07 06:18:19.024507 Sync done -> model run start
2026-04-07 06:18:55.812739 Sync done -> model run start
2026-04-07 06:19:32.387792 Sync done -> model run start
2026-04-07 06:20:08.968455 Sync done -> model run start
2026-04-07 06:20:45.551571 Sync done -> model run start
2026-04-07 06:21:22.348213 Sync done -> model run start
2026-04-07 06:21:58.843562 Sync done -> model run start
2026-04-07 06:22:35.491744 Sync done -> model run start
2026-04-07 06:23:12.236956 Sync done -> model run start
2026-04-07 06:23:48.748897 Sync done -> model run start
2026-04-07 06:24:25.517290 Sync done -> model run start
2026-04-07 06:25:01.991229 Sync done -> model run start
2026-04-07 06:25:38.482361 Sync done -> model run start
2026-04-07 06:26:14.914192 Sync done -> model run start
2026-04-07 06:26:51.390145 Sync done -> model run start
2026-04-07 06:27:28.022627 Sync done -> model run start
2026-04-07 06:28:04.761836 Sync done -> model run start
2026-04-07 06:28:41.570747 Sync done -> model run start
2026-04-07 06:29:18.335774 Sync done -> model run start
rank 2 FLOP count: 3288334336 and full time*10**9 s/op: 0.1995
Time taken by rank:2 in total(avg): 6.5597s Batch time sets raw:[[0.9284, 0.9284, 0.7818, 0.7818, 0.809, 0.809, 0.889, 0.889, 0.8713, 0.8713], [0.9953, 0.9953, 0.8714, 0.8714, 0.8691, 0.8691, 0.7898, 0.7898, 0.8411, 0.8411], [0.8429, 0.8429, 0.8802, 0.8802, 0.9948, 0.9948, 0.8101, 0.8101, 0.8273, 0.8273], [0.7519, 0.7519, 0.8797, 0.8797, 0.7813, 0.7813, 0.8534, 0.8534, 0.8824, 0.8824], [0.8303, 0.8303, 1.0041, 1.0041, 0.8232, 0.8232, 0.6967, 0.6967, 0.8216, 0.8216], [0.747, 0.747, 1.0755, 1.0755, 0.7967, 0.7967, 0.7352, 0.7352, 0.8142, 0.8142], [0.8169, 0.8169, 1.0187, 1.0187, 0.8849, 0.8849, 0.7712, 0.7712, 0.8479, 0.8479], [0.9318, 0.9318, 0.8446, 0.8446, 0.8369, 0.8369, 0.7434, 0.7434, 0.82, 0.82], [0.9906, 0.9906, 0.825, 0.825, 0.8775, 0.8775, 0.81, 0.81, 0.8441, 0.8441], [0.9319, 0.9319, 0.8216, 0.8216, 0.7951, 0.7951, 0.8741, 0.8741, 0.8055, 0.8055], [0.7972, 0.7972, 0.985, 0.985, 0.8348, 0.8348, 0.7463, 0.7463, 0.8681, 0.8681], [0.8635, 0.8635, 1.1949, 1.1949, 0.8515, 0.8515, 0.8316, 0.8316, 0.8748, 0.8748], [0.8482, 0.8482, 0.9661, 0.9661, 0.9252, 0.9252, 0.8244, 0.8244, 0.8613, 0.8613], [0.934, 0.934, 0.9787, 0.9787, 0.8629, 0.8629, 0.8737, 0.8737, 0.8539, 0.8539], [0.995, 0.995, 0.884, 0.884, 0.8467, 0.8467, 0.8788, 0.8788, 0.7752, 0.7752], [0.8105, 0.8105, 0.8161, 0.8161, 0.8355, 0.8355, 0.7564, 0.7564, 0.7759, 0.7759], [0.7939, 0.7939, 1.0235, 1.0235, 0.8653, 0.8653, 0.7801, 0.7801, 0.7844, 0.7844], [0.8534, 0.8534, 0.9718, 0.9718, 0.8829, 0.8829, 0.9286, 0.9286, 0.8285, 0.8285], [0.8813, 0.8813, 0.9003, 0.9003, 0.919, 0.919, 0.9302, 0.9302, 0.7701, 0.7701], [0.6818, 0.6818, 0.8289, 0.8289, 0.8365, 0.8365, 0.7502, 0.7502, 0.8499, 0.8499], [1.0638, 1.0638, 0.862, 0.862, 0.8915, 0.8915, 0.8266, 0.8266, 0.8219, 0.8219], [1.0016, 1.0016, 0.8944, 0.8944, 0.8957, 0.8957, 0.7505, 0.7505, 0.8765, 0.8765], [0.7102, 0.7102, 0.8653, 0.8653, 0.9734, 0.9734, 0.765, 0.765, 0.8395, 0.8395], [0.7599, 0.7599, 1.0978, 1.0978, 0.8575, 0.8575, 0.8642, 0.8642, 0.8705, 0.8705], [0.76, 0.76, 1.0746, 1.0746, 0.8731, 0.8731, 0.8865, 0.8865, 0.8657, 0.8657], [0.8865, 0.8865, 1.0253, 1.0253, 0.8863, 0.8863, 0.8288, 0.8288, 0.8623, 0.8623], [1.0401, 1.0401, 0.8202, 0.8202, 0.8345, 0.8345, 0.7617, 0.7617, 0.8088, 0.8088], [1.0213, 1.0213, 0.8521, 0.8521, 0.8614, 0.8614, 0.9187, 0.9187, 0.8717, 0.8717], [0.828, 0.828, 0.9302, 0.9302, 0.8954, 0.8954, 0.8906, 0.8906, 0.8874, 0.8874]] Network sets raw:[[1.4, 0, 0.1668, 0, 0.2173, 0, 0.3225, 0, 0.113, 0.0022], [1.4743, 0, 0.145, 0, 0.2167, 0, 0.1025, 0, 0.3026, 0.0027], [1.2241, 0, 0.2837, 0, 0.1722, 0, 0.1095, 0, 0.2356, 0.0021], [1.2881, 0, 0.4345, 0, 0.2122, 0, 0.2142, 0, 0.219, 0.0012], [1.1855, 0, 0.4113, 0, 0.0419, 0, 0.1973, 0, 0.4459, 0.0021], [1.2296, 0, 0.5254, 0, 0.0417, 0, 0.2136, 0, 0.2968, 0.0021], [1.0905, 0, 0.47, 0, 0.1236, 0, 0.172, 0, 0.319, 0.0022], [1.3717, 0, 0.1919, 0, 0.2852, 0, 0.1338, 0, 0.314, 0.0022], [1.3244, 0, 0.1461, 0, 0.3217, 0, 0.2262, 0, 0.3502, 0.002], [1.2502, 0, 0.1406, 0, 0.4028, 0, 0.2387, 0, 0.1762, 0.0023], [1.2682, 0, 0.5257, 0, 0.1278, 0, 0.233, 0, 0.3369, 0.0021], [1.2109, 0, 0.4149, 0, 0.0291, 0, 0.0504, 0, 0.189, 0.0022], [1.2338, 0, 0.399, 0, 0.036, 0, 0.1398, 0, 0.2807, 0.0021], [1.396, 0, 0.1715, 0, 0.0859, 0, 0.1143, 0, 0.2415, 0.0027], [1.4946, 0, 0.1844, 0, 0.2417, 0, 0.3056, 0, 0.1265, 0.0027], [1.2644, 0, 0.3914, 0, 0.2963, 0, 0.1777, 0, 0.3086, 0.0021], [1.2526, 0, 0.4898, 0, 0.1362, 0, 0.1526, 0, 0.3069, 0.0022], [1.324, 0, 0.4158, 0, 0.1528, 0, 0.1408, 0, 0.1786, 0.0022], [1.2232, 0, 0.2114, 0, 0.2295, 0, 0.2007, 0, 0.1815, 0.002], [1.4022, 0, 0.4022, 0, 0.3281, 0, 0.3264, 0, 0.2979, 0.0021], [1.4227, 0, 0.0375, 0, 0.0366, 0, 0.2302, 0, 0.2167, 0.002], [1.189, 0, 0.0673, 0, 0.2216, 0, 0.1236, 0, 0.4048, 0.0021], [1.212, 0, 0.4468, 0, 0.1418, 0, 0.1278, 0, 0.2819, 0.0031], [1.1947, 0, 0.5013, 0, 0.0371, 0, 0.0566, 0, 0.1689, 0.0026], [1.2311, 0, 0.4975, 0, 0.0381, 0, 0.1325, 0, 0.204, 0.0059], [1.2518, 0, 0.4158, 0, 0.0995, 0, 0.1766, 0, 0.2412, 0.0025], [1.4618, 0, 0.1247, 0, 0.2248, 0, 0.3011, 0, 0.35, 0.002], [1.3168, 0, 0.1128, 0, 0.384, 0, 0.1853, 0, 0.1768, 0.0022], [1.218, 0, 0.4735, 0, 0.0711, 0, 0.1377, 0, 0.2425, 0.0013]] bytes sent:[[200704], [200704], [200704], [200704], [200704]] bytes recv:802816 on avg per image: 0.6560s with std: 0.0116s network time: 0.2220s and network std: 0.3819s network time per img: 0.0222 compute time: 0.6338s compute/network ratio: 2.8550 and throughput 1.5245 img/s
